<?xml version="1.0" encoding="UTF-8"?>
<testsuite xmlns:xsi="http://www.w3.org/2001/XMLSchema-instance" xsi:noNamespaceSchemaLocation="https://maven.apache.org/surefire/maven-surefire-plugin/xsd/surefire-test-report-3.0.xsd" version="3.0" name="TestSuite" time="67.384" tests="10" errors="0" skipped="0" failures="0">
  <properties>
    <property name="surefire.suiteXmlFiles" value="testng_regression.xml"/>
    <property name="java.specification.version" value="16"/>
    <property name="sun.cpu.isalist" value="amd64"/>
    <property name="sun.jnu.encoding" value="Cp1252"/>
    <property name="java.class.path" value="C:\Harish-Automation\cbaAPIAssesment\target\test-classes;C:\Harish-Automation\cbaAPIAssesment\target\classes;C:\Users\varsh\.m2\repository\io\rest-assured\rest-assured\5.4.0\rest-assured-5.4.0.jar;C:\Users\varsh\.m2\repository\org\apache\groovy\groovy\4.0.16\groovy-4.0.16.jar;C:\Users\varsh\.m2\repository\org\apache\groovy\groovy-xml\4.0.16\groovy-xml-4.0.16.jar;C:\Users\varsh\.m2\repository\org\apache\httpcomponents\httpclient\4.5.13\httpclient-4.5.13.jar;C:\Users\varsh\.m2\repository\org\apache\httpcomponents\httpcore\4.4.13\httpcore-4.4.13.jar;C:\Users\varsh\.m2\repository\commons-logging\commons-logging\1.2\commons-logging-1.2.jar;C:\Users\varsh\.m2\repository\commons-codec\commons-codec\1.11\commons-codec-1.11.jar;C:\Users\varsh\.m2\repository\org\apache\httpcomponents\httpmime\4.5.13\httpmime-4.5.13.jar;C:\Users\varsh\.m2\repository\org\hamcrest\hamcrest\2.2\hamcrest-2.2.jar;C:\Users\varsh\.m2\repository\org\ccil\cowan\tagsoup\tagsoup\1.2.1\tagsoup-1.2.1.jar;C:\Users\varsh\.m2\repository\io\rest-assured\json-path\5.4.0\json-path-5.4.0.jar;C:\Users\varsh\.m2\repository\org\apache\groovy\groovy-json\4.0.16\groovy-json-4.0.16.jar;C:\Users\varsh\.m2\repository\io\rest-assured\rest-assured-common\5.4.0\rest-assured-common-5.4.0.jar;C:\Users\varsh\.m2\repository\io\rest-assured\xml-path\5.4.0\xml-path-5.4.0.jar;C:\Users\varsh\.m2\repository\org\apache\commons\commons-lang3\3.11\commons-lang3-3.11.jar;C:\Users\varsh\.m2\repository\org\testng\testng\7.9.0\testng-7.9.0.jar;C:\Users\varsh\.m2\repository\org\slf4j\slf4j-api\1.7.36\slf4j-api-1.7.36.jar;C:\Users\varsh\.m2\repository\com\beust\jcommander\1.82\jcommander-1.82.jar;C:\Users\varsh\.m2\repository\org\webjars\jquery\3.7.1\jquery-3.7.1.jar;C:\Users\varsh\.m2\repository\com\aventstack\extentreports\5.1.1\extentreports-5.1.1.jar;C:\Users\varsh\.m2\repository\io\reactivex\rxjava3\rxjava\3.1.6\rxjava-3.1.6.jar;C:\Users\varsh\.m2\repository\org\reactivestreams\reactive-streams\1.0.4\reactive-streams-1.0.4.jar;C:\Users\varsh\.m2\repository\org\freemarker\freemarker\2.3.32\freemarker-2.3.32.jar;C:\Users\varsh\.m2\repository\org\projectlombok\lombok\1.18.26\lombok-1.18.26.jar;C:\Users\varsh\.m2\repository\com\google\code\gson\gson\2.10.1\gson-2.10.1.jar;C:\Users\varsh\.m2\repository\com\fasterxml\jackson\core\jackson-databind\2.15.3\jackson-databind-2.15.3.jar;C:\Users\varsh\.m2\repository\com\fasterxml\jackson\core\jackson-annotations\2.15.3\jackson-annotations-2.15.3.jar;C:\Users\varsh\.m2\repository\com\fasterxml\jackson\core\jackson-core\2.15.3\jackson-core-2.15.3.jar;"/>
    <property name="java.vm.vendor" value="Oracle Corporation"/>
    <property name="sun.arch.data.model" value="64"/>
    <property name="user.variant" value=""/>
    <property name="java.vendor.url" value="https://java.oracle.com/"/>
    <property name="user.timezone" value="Asia/Calcutta"/>
    <property name="os.name" value="Windows 10"/>
    <property name="java.vm.specification.version" value="16"/>
    <property name="sun.java.launcher" value="SUN_STANDARD"/>
    <property name="user.country" value="IN"/>
    <property name="sun.boot.library.path" value="C:\Program Files\Java\jdk-16.0.1\bin"/>
    <property name="sun.java.command" value="C:\Users\varsh\AppData\Local\Temp\surefire5445206928912488908\surefirebooter-20240401215129220_3.jar C:\Users\varsh\AppData\Local\Temp\surefire5445206928912488908 2024-04-01T21-51-28_820-jvmRun1 surefire-20240401215129220_1tmp surefire_0-20240401215129220_2tmp"/>
    <property name="jdk.debug" value="release"/>
    <property name="surefire.test.class.path" value="C:\Harish-Automation\cbaAPIAssesment\target\test-classes;C:\Harish-Automation\cbaAPIAssesment\target\classes;C:\Users\varsh\.m2\repository\io\rest-assured\rest-assured\5.4.0\rest-assured-5.4.0.jar;C:\Users\varsh\.m2\repository\org\apache\groovy\groovy\4.0.16\groovy-4.0.16.jar;C:\Users\varsh\.m2\repository\org\apache\groovy\groovy-xml\4.0.16\groovy-xml-4.0.16.jar;C:\Users\varsh\.m2\repository\org\apache\httpcomponents\httpclient\4.5.13\httpclient-4.5.13.jar;C:\Users\varsh\.m2\repository\org\apache\httpcomponents\httpcore\4.4.13\httpcore-4.4.13.jar;C:\Users\varsh\.m2\repository\commons-logging\commons-logging\1.2\commons-logging-1.2.jar;C:\Users\varsh\.m2\repository\commons-codec\commons-codec\1.11\commons-codec-1.11.jar;C:\Users\varsh\.m2\repository\org\apache\httpcomponents\httpmime\4.5.13\httpmime-4.5.13.jar;C:\Users\varsh\.m2\repository\org\hamcrest\hamcrest\2.2\hamcrest-2.2.jar;C:\Users\varsh\.m2\repository\org\ccil\cowan\tagsoup\tagsoup\1.2.1\tagsoup-1.2.1.jar;C:\Users\varsh\.m2\repository\io\rest-assured\json-path\5.4.0\json-path-5.4.0.jar;C:\Users\varsh\.m2\repository\org\apache\groovy\groovy-json\4.0.16\groovy-json-4.0.16.jar;C:\Users\varsh\.m2\repository\io\rest-assured\rest-assured-common\5.4.0\rest-assured-common-5.4.0.jar;C:\Users\varsh\.m2\repository\io\rest-assured\xml-path\5.4.0\xml-path-5.4.0.jar;C:\Users\varsh\.m2\repository\org\apache\commons\commons-lang3\3.11\commons-lang3-3.11.jar;C:\Users\varsh\.m2\repository\org\testng\testng\7.9.0\testng-7.9.0.jar;C:\Users\varsh\.m2\repository\org\slf4j\slf4j-api\1.7.36\slf4j-api-1.7.36.jar;C:\Users\varsh\.m2\repository\com\beust\jcommander\1.82\jcommander-1.82.jar;C:\Users\varsh\.m2\repository\org\webjars\jquery\3.7.1\jquery-3.7.1.jar;C:\Users\varsh\.m2\repository\com\aventstack\extentreports\5.1.1\extentreports-5.1.1.jar;C:\Users\varsh\.m2\repository\io\reactivex\rxjava3\rxjava\3.1.6\rxjava-3.1.6.jar;C:\Users\varsh\.m2\repository\org\reactivestreams\reactive-streams\1.0.4\reactive-streams-1.0.4.jar;C:\Users\varsh\.m2\repository\org\freemarker\freemarker\2.3.32\freemarker-2.3.32.jar;C:\Users\varsh\.m2\repository\org\projectlombok\lombok\1.18.26\lombok-1.18.26.jar;C:\Users\varsh\.m2\repository\com\google\code\gson\gson\2.10.1\gson-2.10.1.jar;C:\Users\varsh\.m2\repository\com\fasterxml\jackson\core\jackson-databind\2.15.3\jackson-databind-2.15.3.jar;C:\Users\varsh\.m2\repository\com\fasterxml\jackson\core\jackson-annotations\2.15.3\jackson-annotations-2.15.3.jar;C:\Users\varsh\.m2\repository\com\fasterxml\jackson\core\jackson-core\2.15.3\jackson-core-2.15.3.jar;"/>
    <property name="sun.cpu.endian" value="little"/>
    <property name="user.home" value="C:\Users\varsh"/>
    <property name="user.language" value="en"/>
    <property name="java.specification.vendor" value="Oracle Corporation"/>
    <property name="java.version.date" value="2021-04-20"/>
    <property name="java.home" value="C:\Program Files\Java\jdk-16.0.1"/>
    <property name="file.separator" value="\"/>
    <property name="basedir" value="C:\Harish-Automation\cbaAPIAssesment"/>
    <property name="java.vm.compressedOopsMode" value="32-bit"/>
    <property name="line.separator" value="&#10;"/>
    <property name="java.vm.specification.vendor" value="Oracle Corporation"/>
    <property name="java.specification.name" value="Java Platform API Specification"/>
    <property name="surefire.real.class.path" value="C:\Users\varsh\AppData\Local\Temp\surefire5445206928912488908\surefirebooter-20240401215129220_3.jar"/>
    <property name="user.script" value=""/>
    <property name="sun.management.compiler" value="HotSpot 64-Bit Tiered Compilers"/>
    <property name="java.runtime.version" value="16.0.1+9-24"/>
    <property name="user.name" value="varsh"/>
    <property name="path.separator" value=";"/>
    <property name="os.version" value="10.0"/>
    <property name="java.runtime.name" value="Java(TM) SE Runtime Environment"/>
    <property name="file.encoding" value="Cp1252"/>
    <property name="java.vm.name" value="Java HotSpot(TM) 64-Bit Server VM"/>
    <property name="localRepository" value="C:\Users\varsh\.m2\repository"/>
    <property name="java.vendor.url.bug" value="https://bugreport.java.com/bugreport/"/>
    <property name="java.io.tmpdir" value="C:\Users\varsh\AppData\Local\Temp\"/>
    <property name="java.version" value="16.0.1"/>
    <property name="user.dir" value="C:\Harish-Automation\cbaAPIAssesment"/>
    <property name="os.arch" value="amd64"/>
    <property name="java.vm.specification.name" value="Java Virtual Machine Specification"/>
    <property name="sun.os.patch.level" value=""/>
    <property name="java.library.path" value="C:\Program Files\Java\jdk-16.0.1\bin;C:\WINDOWS\Sun\Java\bin;C:\WINDOWS\system32;C:\WINDOWS;C:\Program Files (x86)\Microsoft SDKs\Azure\CLI2\wbin;C:\Program Files\Java\jdk-16.0.1\bin;C:\Program Files\Amazon Corretto\jdk11.0.11_9\bin;C:\WINDOWS\system32;C:\WINDOWS;C:\WINDOWS\System32\Wbem;C:\WINDOWS\System32\WindowsPowerShell\v1.0\;C:\WINDOWS\System32\OpenSSH\;C:\Program Files (x86)\dotnet\;C:\Users\varsh\Desktop\My Documents\Harish_Automation_Installation Files\Maven\apache-maven-3.8.4\bin;C:\Program Files\Git\cmd;C:\Program Files\nodejs\;C:\Users\varsh\AppData\Local\Android\Sdk\platform-tools;C:\Users\varsh\AppData\Local\Android\Sdk\tools;C:\Users\varsh\AppData\Local\Android\Sdk\tools\bin;C:\Program Files\dotnet\;C:\Program Files\PowerShell\7\;C:\Program Files\dotnet\sdk\8.0.101\;C:\Users\varsh\AppData\Local\Programs\Python\Python39\Scripts\;C:\Users\varsh\AppData\Local\Programs\Python\Python39\;C:\Users\varsh\AppData\Local\Microsoft\WindowsApps;;C:\Users\varsh\AppData\Local\Programs\Microsoft VS Code\bin;C:\Users\varsh\AppData\Roaming\npm;C:\Program Files\JetBrains\IntelliJ IDEA Community Edition 2022.1.1\bin;;C:\Users\varsh\.dotnet\tools;."/>
    <property name="java.vm.info" value="mixed mode, sharing"/>
    <property name="java.vendor" value="Oracle Corporation"/>
    <property name="java.vm.version" value="16.0.1+9-24"/>
    <property name="sun.io.unicode.encoding" value="UnicodeLittle"/>
    <property name="java.class.version" value="60.0"/>
  </properties>
  <testcase name="Pet_Delete" classname="apiTests.PetTests" time="7.591">
    <system-out><![CDATA[Request method:	POST
Request URI:	https://petstore.swagger.io/v2/pet
Proxy:			<none>
Request params:	<none>
Query params:	<none>
Form params:	<none>
Path params:	<none>
Headers:		Accept=*/*
				Content-Type=application/json
Cookies:		<none>
Multiparts:		<none>
Body:
{
    "category": {
        "name": "Test_Pet_Details1000",
        "id": 64012.0
    },
    "name": "Test_Pet1000",
    "id": 53580,
    "status": "available",
    "photoUrls": [
        "Test_Pet_Details1000"
    ],
    "tags": [
        {
            "name": "Test_Pet_Details1000",
            "id": 64012.0
        }
    ]
}
HTTP/1.1 200 OK
Date: Mon, 01 Apr 2024 16:21:37 GMT
Content-Type: application/json
Transfer-Encoding: chunked
Connection: keep-alive
Access-Control-Allow-Origin: *
Access-Control-Allow-Methods: GET, POST, DELETE, PUT
Access-Control-Allow-Headers: Content-Type, api_key, Authorization
Server: Jetty(9.2.9.v20150224)

{
    "id": 53580,
    "category": {
        "id": 64012,
        "name": "Test_Pet_Details1000"
    },
    "name": "Test_Pet1000",
    "photoUrls": [
        "Test_Pet_Details1000"
    ],
    "tags": [
        {
            "id": 64012,
            "name": "Test_Pet_Details1000"
        }
    ],
    "status": "available"
}
{
    "id": 53580,
    "category": {
        "id": 64012,
        "name": "Test_Pet_Details1000"
    },
    "name": "Test_Pet1000",
    "photoUrls": [
        "Test_Pet_Details1000"
    ],
    "tags": [
        {
            "id": 64012,
            "name": "Test_Pet_Details1000"
        }
    ],
    "status": "available"
}
Request method:	DELETE
Request URI:	https://petstore.swagger.io/v2/pet/53580
Proxy:			<none>
Request params:	<none>
Query params:	<none>
Form params:	<none>
Path params:	<none>
Headers:		Accept=*/*
				Content-Type=application/json
Cookies:		<none>
Multiparts:		<none>
Body:			<none>
HTTP/1.1 200 OK
Date: Mon, 01 Apr 2024 16:21:39 GMT
Content-Type: application/json
Transfer-Encoding: chunked
Connection: keep-alive
Access-Control-Allow-Origin: *
Access-Control-Allow-Methods: GET, POST, DELETE, PUT
Access-Control-Allow-Headers: Content-Type, api_key, Authorization
Server: Jetty(9.2.9.v20150224)

{
    "code": 200,
    "type": "unknown",
    "message": "53580"
}
{
    "code": 200,
    "type": "unknown",
    "message": "53580"
}
]]></system-out>
    <system-err><![CDATA[SLF4J: Failed to load class "org.slf4j.impl.StaticLoggerBinder".
SLF4J: Defaulting to no-operation (NOP) logger implementation
SLF4J: See http://www.slf4j.org/codes.html#StaticLoggerBinder for further details.
]]></system-err>
  </testcase>
  <testcase name="Pet_Delete_Error" classname="apiTests.PetTests" time="1.514">
    <system-out><![CDATA[Request method:	DELETE
Request URI:	https://petstore.swagger.io/v2/pet/0
Proxy:			<none>
Request params:	<none>
Query params:	<none>
Form params:	<none>
Path params:	<none>
Headers:		Accept=*/*
				Content-Type=application/json
Cookies:		<none>
Multiparts:		<none>
Body:			<none>
HTTP/1.1 404 Not Found
Date: Mon, 01 Apr 2024 16:21:40 GMT
Content-Length: 0
Connection: keep-alive
Access-Control-Allow-Origin: *
Access-Control-Allow-Methods: GET, POST, DELETE, PUT
Access-Control-Allow-Headers: Content-Type, api_key, Authorization
Server: Jetty(9.2.9.v20150224)

]]></system-out>
  </testcase>
  <testcase name="Pet_Get" classname="apiTests.PetTests" time="3.015">
    <system-out><![CDATA[Request method:	POST
Request URI:	https://petstore.swagger.io/v2/pet
Proxy:			<none>
Request params:	<none>
Query params:	<none>
Form params:	<none>
Path params:	<none>
Headers:		Accept=*/*
				Content-Type=application/json
Cookies:		<none>
Multiparts:		<none>
Body:
{
    "category": {
        "name": "Test_Pet_Details1000",
        "id": 72086.0
    },
    "name": "Test_Pet1000",
    "id": 66000,
    "status": "available",
    "photoUrls": [
        "Test_Pet_Details1000"
    ],
    "tags": [
        {
            "name": "Test_Pet_Details1000",
            "id": 72086.0
        }
    ]
}
HTTP/1.1 200 OK
Date: Mon, 01 Apr 2024 16:21:42 GMT
Content-Type: application/json
Transfer-Encoding: chunked
Connection: keep-alive
Access-Control-Allow-Origin: *
Access-Control-Allow-Methods: GET, POST, DELETE, PUT
Access-Control-Allow-Headers: Content-Type, api_key, Authorization
Server: Jetty(9.2.9.v20150224)

{
    "id": 66000,
    "category": {
        "id": 72086,
        "name": "Test_Pet_Details1000"
    },
    "name": "Test_Pet1000",
    "photoUrls": [
        "Test_Pet_Details1000"
    ],
    "tags": [
        {
            "id": 72086,
            "name": "Test_Pet_Details1000"
        }
    ],
    "status": "available"
}
{
    "id": 66000,
    "category": {
        "id": 72086,
        "name": "Test_Pet_Details1000"
    },
    "name": "Test_Pet1000",
    "photoUrls": [
        "Test_Pet_Details1000"
    ],
    "tags": [
        {
            "id": 72086,
            "name": "Test_Pet_Details1000"
        }
    ],
    "status": "available"
}
Request method:	GET
Request URI:	https://petstore.swagger.io/v2/pet/66000
Proxy:			<none>
Request params:	<none>
Query params:	<none>
Form params:	<none>
Path params:	<none>
Headers:		Accept=*/*
				Content-Type=application/json
Cookies:		<none>
Multiparts:		<none>
Body:			<none>
HTTP/1.1 200 OK
Date: Mon, 01 Apr 2024 16:21:43 GMT
Content-Type: application/json
Transfer-Encoding: chunked
Connection: keep-alive
Access-Control-Allow-Origin: *
Access-Control-Allow-Methods: GET, POST, DELETE, PUT
Access-Control-Allow-Headers: Content-Type, api_key, Authorization
Server: Jetty(9.2.9.v20150224)

{
    "id": 66000,
    "category": {
        "id": 72086,
        "name": "Test_Pet_Details1000"
    },
    "name": "Test_Pet1000",
    "photoUrls": [
        "Test_Pet_Details1000"
    ],
    "tags": [
        {
            "id": 72086,
            "name": "Test_Pet_Details1000"
        }
    ],
    "status": "available"
}
{
    "id": 66000,
    "category": {
        "id": 72086,
        "name": "Test_Pet_Details1000"
    },
    "name": "Test_Pet1000",
    "photoUrls": [
        "Test_Pet_Details1000"
    ],
    "tags": [
        {
            "id": 72086,
            "name": "Test_Pet_Details1000"
        }
    ],
    "status": "available"
}
]]></system-out>
  </testcase>
  <testcase name="Pet_Get_Error" classname="apiTests.PetTests" time="1.532">
    <system-out><![CDATA[Request method:	DELETE
Request URI:	https://petstore.swagger.io/v2/pet/66000
Proxy:			<none>
Request params:	<none>
Query params:	<none>
Form params:	<none>
Path params:	<none>
Headers:		Accept=*/*
				Content-Type=application/json
Cookies:		<none>
Multiparts:		<none>
Body:			<none>
HTTP/1.1 200 OK
Date: Mon, 01 Apr 2024 16:21:45 GMT
Content-Type: application/json
Transfer-Encoding: chunked
Connection: keep-alive
Access-Control-Allow-Origin: *
Access-Control-Allow-Methods: GET, POST, DELETE, PUT
Access-Control-Allow-Headers: Content-Type, api_key, Authorization
Server: Jetty(9.2.9.v20150224)

{
    "code": 200,
    "type": "unknown",
    "message": "66000"
}
Request method:	GET
Request URI:	https://petstore.swagger.io/v2/pet/0
Proxy:			<none>
Request params:	<none>
Query params:	<none>
Form params:	<none>
Path params:	<none>
Headers:		Accept=*/*
				Content-Type=application/json
Cookies:		<none>
Multiparts:		<none>
Body:			<none>
HTTP/1.1 404 Not Found
Date: Mon, 01 Apr 2024 16:21:46 GMT
Content-Type: application/json
Transfer-Encoding: chunked
Connection: keep-alive
Access-Control-Allow-Origin: *
Access-Control-Allow-Methods: GET, POST, DELETE, PUT
Access-Control-Allow-Headers: Content-Type, api_key, Authorization
Server: Jetty(9.2.9.v20150224)

{
    "code": 1,
    "type": "error",
    "message": "Pet not found"
}
{
    "code": 1,
    "type": "error",
    "message": "Pet not found"
}
]]></system-out>
  </testcase>
  <testcase name="Pet_Get_Status" classname="apiTests.PetTests" time="13.356">
    <system-out><![CDATA[Request method:	DELETE
Request URI:	https://petstore.swagger.io/v2/pet/66000
Proxy:			<none>
Request params:	<none>
Query params:	<none>
Form params:	<none>
Path params:	<none>
Headers:		Accept=*/*
				Content-Type=application/json
Cookies:		<none>
Multiparts:		<none>
Body:			<none>
HTTP/1.1 404 Not Found
Date: Mon, 01 Apr 2024 16:21:48 GMT
Content-Length: 0
Connection: keep-alive
Access-Control-Allow-Origin: *
Access-Control-Allow-Methods: GET, POST, DELETE, PUT
Access-Control-Allow-Headers: Content-Type, api_key, Authorization
Server: Jetty(9.2.9.v20150224)
Request method:	GET
Request URI:	https://petstore.swagger.io/v2/pet/findByStatus?status=available
Proxy:			<none>
Request params:	<none>
Query params:	status=available
Form params:	<none>
Path params:	<none>
Headers:		Accept=*/*
				Content-Type=application/json
Cookies:		<none>
Multiparts:		<none>
Body:			<none>
HTTP/1.1 200 OK
Date: Mon, 01 Apr 2024 16:21:49 GMT
Content-Type: application/json
Transfer-Encoding: chunked
Connection: keep-alive
Access-Control-Allow-Origin: *
Access-Control-Allow-Methods: GET, POST, DELETE, PUT
Access-Control-Allow-Headers: Content-Type, api_key, Authorization
Server: Jetty(9.2.9.v20150224)

[
    {
        "id": 9223372036854623353,
        "category": {
            "id": 0,
            "name": "string"
        },
        "name": "fish",
        "photoUrls": [
            "string"
        ],
        "tags": [
            {
                "id": 0,
                "name": "string"
            }
        ],
        "status": "available"
    },
    {
        "id": 9223372036854623354,
        "category": {
            "id": 0,
            "name": "string"
        },
        "name": "Puff",
        "photoUrls": [
            "string"
        ],
        "tags": [
            {
                "id": 0,
                "name": "string"
            }
        ],
        "status": "available"
    },
    {
        "id": 9223372036854623357,
        "category": {
            "id": 0,
            "name": "string"
        },
        "name": "doggie",
        "photoUrls": [
            "string"
        ],
        "tags": [
            {
                "id": 0,
                "name": "string"
            }
        ],
        "status": "available"
    },
    {
        "id": 9223372036854623358,
        "category": {
            "id": 0,
            "name": "string"
        },
        "name": "doggie",
        "photoUrls": [
            "string"
        ],
        "tags": [
            {
                "id": 0,
                "name": "string"
            }
        ],
        "status": "available"
    },
    {
        "id": 3324,
        "category": {
            "id": 1,
            "name": "doggies"
        },
        "name": "Bubu",
        "photoUrls": [
            "string"
        ],
        "tags": [
            {
                "id": 0,
                "name": "woof"
            }
        ],
        "status": "available"
    },
    {
        "id": 156987,
        "category": {
            "id": 1,
            "name": "German Sheperd"
        },
        "name": "Rex",
        "photoUrls": [
            "string"
        ],
        "tags": [
            {
                "id": 0,
                "name": "woof"
            }
        ],
        "status": "available"
    },
    {
        "id": 9223372036854623383,
        "category": {
            "id": 0,
            "name": "string"
        },
        "name": "fish",
        "photoUrls": [
            "string"
        ],
        "tags": [
            {
                "id": 0,
                "name": "string"
            }
        ],
        "status": "available"
    },
    {
        "id": 9223372036854623384,
        "category": {
            "id": 0,
            "name": "string"
        },
        "name": "fish",
        "photoUrls": [
            "string"
        ],
        "tags": [
            {
                "id": 0,
                "name": "string"
            }
        ],
        "status": "available"
    },
    {
        "id": 9223372036854623385,
        "category": {
            "id": 0,
            "name": "string"
        },
        "name": "fish",
        "photoUrls": [
            "string"
        ],
        "tags": [
            {
                "id": 0,
                "name": "string"
            }
        ],
        "status": "available"
    },
    {
        "id": 9223372036854623387,
        "category": {
            "id": 0,
            "name": "string"
        },
        "name": "fish",
        "photoUrls": [
            "string"
        ],
        "tags": [
            {
                "id": 0,
                "name": "string"
            }
        ],
        "status": "available"
    },
    {
        "id": 5786,
        "category": {
            "id": 1,
            "name": "doggies"
        },
        "name": "Bubu",
        "photoUrls": [
            "string"
        ],
        "tags": [
            {
                "id": 0,
                "name": "woof"
            }
        ],
        "status": "available"
    },
    {
        "id": 9223372036854623389,
        "category": {
            "id": 0,
            "name": "string"
        },
        "name": "doggie",
        "photoUrls": [
            "string"
        ],
        "tags": [
            {
                "id": 0,
                "name": "string"
            }
        ],
        "status": "available"
    },
    {
        "id": 9223372036854623390,
        "category": {
            "id": 0,
            "name": "string"
        },
        "name": "doggie",
        "photoUrls": [
            "string"
        ],
        "tags": [
            {
                "id": 0,
                "name": "string"
            }
        ],
        "status": "available"
    },
    {
        "id": 112,
        "category": {
            "id": 11,
            "name": "yahsi"
        },
        "name": "Cok Vahsi",
        "photoUrls": [
            "https://images.app.goo.gl/972LJXCHhchrSmgv9"
        ],
        "tags": [
            {
                "id": 5,
                "name": "Beyaz doberman"
            }
        ],
        "status": "available"
    },
    {
        "id": 9222968140497180179,
        "category": {
            "id": 0,
            "name": "string"
        },
        "name": "test",
        "photoUrls": [
            "string"
        ],
        "tags": [
            {
                "id": 0,
                "name": "string"
            }
        ],
        "status": "available"
    },
    {
        "id": 11589,
        "category": {
            "id": 1,
            "name": "doggies"
        },
        "name": "Bubu",
        "photoUrls": [
            "string"
        ],
        "tags": [
            {
                "id": 0,
                "name": "woof"
            }
        ],
        "status": "available"
    },
    {
        "id": 9223372036854623408,
        "category": {
            "id": 0,
            "name": "string"
        },
        "name": "doggie",
        "photoUrls": [
            "string"
        ],
        "tags": [
            {
                "id": 0,
                "name": "string"
            }
        ],
        "status": "available"
    },
    {
        "id": 9223372036854623409,
        "category": {
            "id": 0,
            "name": "string"
        },
        "name": "fish",
        "photoUrls": [
            "string"
        ],
        "tags": [
            {
                "id": 0,
                "name": "string"
            }
        ],
        "status": "available"
    },
    {
        "id": 834,
        "category": {
            "id": 437,
            "name": "dog"
        },
        "name": "Breanne",
        "photoUrls": [
            
        ],
        "tags": [
            
        ],
        "status": "available"
    },
    {
        "id": 9223372036854623410,
        "category": {
            "id": 0,
            "name": "string"
        },
        "name": "fish",
        "photoUrls": [
            "string"
        ],
        "tags": [
            {
                "id": 0,
                "name": "string"
            }
        ],
        "status": "available"
    },
    {
        "id": 9223372036854623412,
        "category": {
            "id": 0,
            "name": "string"
        },
        "name": "doggie",
        "photoUrls": [
            "string"
        ],
        "tags": [
            {
                "id": 0,
                "name": "string"
            }
        ],
        "status": "available"
    },
    {
        "id": 9223372036854623413,
        "category": {
            "id": 0,
            "name": "string"
        },
        "name": "Puff",
        "photoUrls": [
            "string"
        ],
        "tags": [
            {
                "id": 0,
                "name": "string"
            }
        ],
        "status": "available"
    },
    {
        "id": 9223372036854623414,
        "category": {
            "id": 0,
            "name": "string"
        },
        "name": "doggie",
        "photoUrls": [
            "string"
        ],
        "tags": [
            {
                "id": 0,
                "name": "string"
            }
        ],
        "status": "available"
    },
    {
        "id": 9223372036854623415,
        "category": {
            "id": 0,
            "name": "string"
        },
        "name": "doggie",
        "photoUrls": [
            "string"
        ],
        "tags": [
            {
                "id": 0,
                "name": "string"
            }
        ],
        "status": "available"
    },
    {
        "id": 9223372036854623419,
        "category": {
            "id": 0,
            "name": "string"
        },
        "name": "doggie",
        "photoUrls": [
            "string"
        ],
        "tags": [
            {
                "id": 0,
                "name": "string"
            }
        ],
        "status": "available"
    },
    {
        "id": 9223372036854623422,
        "name": "MiPet",
        "photoUrls": [
            "https://i.pinimg.com/736x/32/7e/db/327edb9a15b304efc264668ada03f725.jpg"
        ],
        "tags": [
            
        ],
        "status": "available"
    },
    {
        "id": 9222968140491042131,
        "category": {
            "id": 0,
            "name": "string"
        },
        "name": "doggie",
        "photoUrls": [
            "string"
        ],
        "tags": [
            {
                "id": 0,
                "name": "string"
            }
        ],
        "status": "available"
    },
    {
        "id": 9223372036854623448,
        "category": {
            "id": 0,
            "name": "string"
        },
        "name": "doggie",
        "photoUrls": [
            "string"
        ],
        "tags": [
            {
                "id": 0,
                "name": "string"
            }
        ],
        "status": "available"
    },
    {
        "id": 9223372036854623449,
        "category": {
            "id": 0,
            "name": "string"
        },
        "name": "fish",
        "photoUrls": [
            "string"
        ],
        "tags": [
            {
                "id": 0,
                "name": "string"
            }
        ],
        "status": "available"
    },
    {
        "id": 100,
        "category": {
            "id": 0,
            "name": "Category1"
        },
        "name": "Pet2",
        "photoUrls": [
            "string"
        ],
        "tags": [
            {
                "id": 0,
                "name": "string"
            }
        ],
        "status": "available"
    },
    {
        "id": 659,
        "category": {
            "id": 557,
            "name": "dog"
        },
        "name": "Dante",
        "photoUrls": [
            
        ],
        "tags": [
            
        ],
        "status": "available"
    },
    {
        "id": 9223372036854623450,
        "category": {
            "id": 0,
            "name": "string"
        },
        "name": "doggie",
        "photoUrls": [
            "string"
        ],
        "tags": [
            {
                "id": 0,
                "name": "string"
            }
        ],
        "status": "available"
    },
    {
        "id": 1659,
        "category": {
            "id": 1,
            "name": "cat"
        },
        "name": "Garfield",
        "photoUrls": [
            "string"
        ],
        "tags": [
            {
                "id": 0,
                "name": "meow"
            }
        ],
        "status": "available"
    },
    {
        "id": 7459,
        "category": {
            "id": 1,
            "name": "tiger"
        },
        "name": "Tigger",
        "photoUrls": [
            "string"
        ],
        "tags": [
            {
                "id": 0,
                "name": "chuffing"
            }
        ],
        "status": "available"
    },
    {
        "id": 7458,
        "category": {
            "id": 1,
            "name": "lion"
        },
        "name": "Scar",
        "photoUrls": [
            "string"
        ],
        "tags": [
            {
                "id": 0,
                "name": "roaring"
            }
        ],
        "status": "available"
    },
    {
        "id": 9223372036854623459,
        "category": {
            "id": 0,
            "name": "string"
        },
        "name": "Hexxie",
        "photoUrls": [
            "string"
        ],
        "tags": [
            {
                "id": 0,
                "name": "string"
            }
        ],
        "status": "available"
    },
    {
        "id": 9223372036854623462,
        "category": {
            "id": 1,
            "name": "Perro"
        },
        "name": "Nala",
        "photoUrls": [
            "No tiene"
        ],
        "tags": [
            {
                "id": 1,
                "name": "Tag Perro"
            }
        ],
        "status": "available"
    },
    {
        "id": 9223372036854623463,
        "category": {
            "id": 2,
            "name": "Perro"
        },
        "name": "Robin",
        "photoUrls": [
            "No tiene"
        ],
        "tags": [
            {
                "id": 2,
                "name": "Tag Perro"
            }
        ],
        "status": "available"
    },
    {
        "id": 9223372036854623466,
        "category": {
            "id": 3,
            "name": "Gato"
        },
        "name": "Luna",
        "photoUrls": [
            "No tiene"
        ],
        "tags": [
            {
                "id": 3,
                "name": "Tag Gato"
            }
        ],
        "status": "available"
    },
    {
        "id": 9223372036854623468,
        "category": {
            "id": 4,
            "name": "Gato"
        },
        "name": "Michi",
        "photoUrls": [
            "No tiene"
        ],
        "tags": [
            {
                "id": 4,
                "name": "Tag Gato"
            }
        ],
        "status": "available"
    },
    {
        "id": 9223372036854623470,
        "category": {
            "id": 5,
            "name": "Raton"
        },
        "name": "Mickey",
        "photoUrls": [
            "No tiene"
        ],
        "tags": [
            {
                "id": 5,
                "name": "Tag Raton"
            }
        ],
        "status": "available"
    },
    {
        "id": 9223372036854623484,
        "category": {
            "id": 0,
            "name": "string"
        },
        "name": "fish",
        "photoUrls": [
            "string"
        ],
        "tags": [
            {
                "id": 0,
                "name": "string"
            }
        ],
        "status": "available"
    },
    {
        "id": 13,
        "category": {
            "id": 192,
            "name": "dog"
        },
        "name": "Percy",
        "photoUrls": [
            
        ],
        "tags": [
            
        ],
        "status": "available"
    },
    {
        "id": 2965,
        "category": {
            "id": 1,
            "name": "doggies"
        },
        "name": "Bubu",
        "photoUrls": [
            "string"
        ],
        "tags": [
            {
                "id": 0,
                "name": "woof"
            }
        ],
        "status": "available"
    },
    {
        "id": 9223372036854623504,
        "category": {
            "id": 0,
            "name": "string"
        },
        "name": "doggie",
        "photoUrls": [
            "string"
        ],
        "tags": [
            {
                "id": 0,
                "name": "string"
            }
        ],
        "status": "available"
    },
    {
        "id": 9223372036854623510,
        "category": {
            "id": 0,
            "name": "string"
        },
        "name": "fish",
        "photoUrls": [
            "string"
        ],
        "tags": [
            {
                "id": 0,
                "name": "string"
            }
        ],
        "status": "available"
    },
    {
        "id": 9223372036854623511,
        "category": {
            "id": 0,
            "name": "string"
        },
        "name": "doggie",
        "photoUrls": [
            "string"
        ],
        "tags": [
            {
                "id": 0,
                "name": "string"
            }
        ],
        "status": "available"
    },
    {
        "id": 9223372036854623513,
        "category": {
            "id": 0,
            "name": "string"
        },
        "name": "fish",
        "photoUrls": [
            "string"
        ],
        "tags": [
            {
                "id": 0,
                "name": "string"
            }
        ],
        "status": "available"
    },
    {
        "id": 9223372036854623514,
        "category": {
            "id": 0,
            "name": "string"
        },
        "name": "fish",
        "photoUrls": [
            "string"
        ],
        "tags": [
            {
                "id": 0,
                "name": "string"
            }
        ],
        "status": "available"
    },
    {
        "id": 9223372036854623516,
        "category": {
            "id": 0,
            "name": "string"
        },
        "name": "Puff",
        "photoUrls": [
            "string"
        ],
        "tags": [
            {
                "id": 0,
                "name": "string"
            }
        ],
        "status": "available"
    },
    {
        "id": 9223372036854623517,
        "category": {
            "id": 0,
            "name": "string"
        },
        "name": "doggie",
        "photoUrls": [
            "string"
        ],
        "tags": [
            {
                "id": 0,
                "name": "string"
            }
        ],
        "status": "available"
    },
    {
        "id": 9223372036854623518,
        "category": {
            "id": 0,
            "name": "string"
        },
        "name": "doggie",
        "photoUrls": [
            "string"
        ],
        "tags": [
            {
                "id": 0,
                "name": "string"
            }
        ],
        "status": "available"
    },
    {
        "id": 9223372036854623529,
        "category": {
            "id": 0,
            "name": "string"
        },
        "name": "fish",
        "photoUrls": [
            "string"
        ],
        "tags": [
            {
                "id": 0,
                "name": "string"
            }
        ],
        "status": "available"
    },
    {
        "id": 9223372036854623534,
        "category": {
            "id": 0,
            "name": "string"
        },
        "name": "doggie",
        "photoUrls": [
            "string"
        ],
        "tags": [
            {
                "id": 0,
                "name": "string"
            }
        ],
        "status": "available"
    },
    {
        "id": 9223372036854623535,
        "category": {
            "id": 0,
            "name": "string"
        },
        "name": "fish",
        "photoUrls": [
            "string"
        ],
        "tags": [
            {
                "id": 0,
                "name": "string"
            }
        ],
        "status": "available"
    },
    {
        "id": 9223372036854623536,
        "category": {
            "id": 0,
            "name": "string"
        },
        "name": "fish",
        "photoUrls": [
            "string"
        ],
        "tags": [
            {
                "id": 0,
                "name": "string"
            }
        ],
        "status": "available"
    },
    {
        "id": 9223372036854623537,
        "category": {
            "id": 0,
            "name": "string"
        },
        "name": "fish",
        "photoUrls": [
            "string"
        ],
        "tags": [
            {
                "id": 0,
                "name": "string"
            }
        ],
        "status": "available"
    },
    {
        "id": 9223372036854623540,
        "name": "doggie",
        "photoUrls": [
            
        ],
        "tags": [
            
        ],
        "status": "available"
    },
    {
        "id": 9223372036854623541,
        "name": "doggie",
        "photoUrls": [
            
        ],
        "tags": [
            
        ],
        "status": "available"
    },
    {
        "id": 9223372036854623547,
        "category": {
            "id": 0,
            "name": "string"
        },
        "name": "doggie",
        "photoUrls": [
            "string"
        ],
        "tags": [
            {
                "id": 0,
                "name": "string"
            }
        ],
        "status": "available"
    },
    {
        "id": 652,
        "category": {
            "id": 951,
            "name": "dog"
        },
        "name": "Arlo",
        "photoUrls": [
            
        ],
        "tags": [
            
        ],
        "status": "available"
    },
    {
        "id": 7685,
        "category": {
            "id": 76,
            "name": "string"
        },
        "name": "doggie",
        "photoUrls": [
            "string"
        ],
        "tags": [
            {
                "id": 89,
                "name": "string"
            }
        ],
        "status": "available"
    },
    {
        "id": 9223372036854623567,
        "category": {
            "id": 0,
            "name": "Jerry"
        },
        "name": "Mouse",
        "photoUrls": [
            "string"
        ],
        "tags": [
            {
                "id": 0,
                "name": "Mouse"
            }
        ],
        "status": "available"
    },
    {
        "id": 9223372036854623568,
        "category": {
            "id": 0,
            "name": "string"
        },
        "name": "fish",
        "photoUrls": [
            "string"
        ],
        "tags": [
            {
                "id": 0,
                "name": "string"
            }
        ],
        "status": "available"
    },
    {
        "id": 9223372036854623569,
        "category": {
            "id": 0,
            "name": "string"
        },
        "name": "fish",
        "photoUrls": [
            "string"
        ],
        "tags": [
            {
                "id": 0,
                "name": "string"
            }
        ],
        "status": "available"
    },
    {
        "id": 9223372036854623571,
        "category": {
            "id": 0,
            "name": "string"
        },
        "name": "doggie",
        "photoUrls": [
            "string"
        ],
        "tags": [
            {
                "id": 0,
                "name": "string"
            }
        ],
        "status": "available"
    },
    {
        "id": 9223372036854623572,
        "category": {
            "id": 0,
            "name": "string"
        },
        "name": "Puff",
        "photoUrls": [
            "string"
        ],
        "tags": [
            {
                "id": 0,
                "name": "string"
            }
        ],
        "status": "available"
    },
    {
        "id": 9223372036854623573,
        "category": {
            "id": 0,
            "name": "string"
        },
        "name": "doggie",
        "photoUrls": [
            "string"
        ],
        "tags": [
            {
                "id": 0,
                "name": "string"
            }
        ],
        "status": "available"
    },
    {
        "id": 9223372036854623574,
        "category": {
            "id": 0,
            "name": "string"
        },
        "name": "doggie",
        "photoUrls": [
            "string"
        ],
        "tags": [
            {
                "id": 0,
                "name": "string"
            }
        ],
        "status": "available"
    },
    {
        "id": 9223372036854623578,
        "category": {
            "id": 0,
            "name": "string"
        },
        "name": "doggie",
        "photoUrls": [
            "string"
        ],
        "tags": [
            {
                "id": 0,
                "name": "string"
            }
        ],
        "status": "available"
    },
    {
        "id": 9223372036854623579,
        "category": {
            "id": 0,
            "name": "string"
        },
        "name": "doggie",
        "photoUrls": [
            "string"
        ],
        "tags": [
            {
                "id": 0,
                "name": "string"
            }
        ],
        "status": "available"
    },
    {
        "id": 9223372036854623580,
        "category": {
            "id": 0,
            "name": "string"
        },
        "name": "doggie",
        "photoUrls": [
            "string"
        ],
        "tags": [
            {
                "id": 0,
                "name": "string"
            }
        ],
        "status": "available"
    },
    {
        "id": 9223372036854623585,
        "category": {
            "id": 0,
            "name": "string"
        },
        "name": "fish",
        "photoUrls": [
            "string"
        ],
        "tags": [
            {
                "id": 0,
                "name": "string"
            }
        ],
        "status": "available"
    },
    {
        "id": 9223372036854623589,
        "category": {
            "id": 0,
            "name": "string"
        },
        "name": "doggie",
        "photoUrls": [
            "string"
        ],
        "tags": [
            {
                "id": 0,
                "name": "string"
            }
        ],
        "status": "available"
    },
    {
        "id": 9223372036854623596,
        "category": {
            "id": 0,
            "name": "string"
        },
        "name": "fish",
        "photoUrls": [
            "string"
        ],
        "tags": [
            {
                "id": 0,
                "name": "string"
            }
        ],
        "status": "available"
    },
    {
        "id": 28,
        "name": "MiPet28",
        "photoUrls": [
            "https://i.pinimg.com/736x/32/7e/db/327edb9a15b304efc264668ada03f725.jpg"
        ],
        "tags": [
            
        ],
        "status": "available"
    },
    {
        "id": 9223372036854623614,
        "name": "Kitty",
        "photoUrls": [
            
        ],
        "tags": [
            
        ],
        "status": "available"
    },
    {
        "id": 159,
        "category": {
            "id": 0,
            "name": "string"
        },
        "name": "Trixie",
        "photoUrls": [
            "string"
        ],
        "tags": [
            {
                "id": 0,
                "name": "string"
            }
        ],
        "status": "available"
    },
    {
        "id": 9223372036854623617,
        "category": {
            "id": 0,
            "name": "string"
        },
        "name": "doggie",
        "photoUrls": [
            "string"
        ],
        "tags": [
            {
                "id": 0,
                "name": "string"
            }
        ],
        "status": "available"
    },
    {
        "id": 9223372036854623618,
        "category": {
            "id": 0,
            "name": "string"
        },
        "name": "doggie",
        "photoUrls": [
            "string"
        ],
        "tags": [
            {
                "id": 0,
                "name": "string"
            }
        ],
        "status": "available"
    },
    {
        "id": 9223372036854623619,
        "category": {
            "id": 0,
            "name": "string"
        },
        "name": "doggie",
        "photoUrls": [
            "string"
        ],
        "tags": [
            {
                "id": 0,
                "name": "string"
            }
        ],
        "status": "available"
    },
    {
        "id": 9223372036854623626,
        "category": {
            "id": 0,
            "name": "string"
        },
        "name": "fish",
        "photoUrls": [
            "string"
        ],
        "tags": [
            {
                "id": 0,
                "name": "string"
            }
        ],
        "status": "available"
    },
    {
        "id": 9223372036854623629,
        "category": {
            "id": 0,
            "name": "string"
        },
        "name": "fish",
        "photoUrls": [
            "string"
        ],
        "tags": [
            {
                "id": 0,
                "name": "string"
            }
        ],
        "status": "available"
    },
    {
        "id": 9223372036854623630,
        "category": {
            "id": 0,
            "name": "string"
        },
        "name": "fish",
        "photoUrls": [
            "string"
        ],
        "tags": [
            {
                "id": 0,
                "name": "string"
            }
        ],
        "status": "available"
    },
    {
        "id": 9223372036854623632,
        "category": {
            "id": 0,
            "name": "string"
        },
        "name": "Puff",
        "photoUrls": [
            "string"
        ],
        "tags": [
            {
                "id": 0,
                "name": "string"
            }
        ],
        "status": "available"
    },
    {
        "id": 9223372036854623639,
        "category": {
            "id": 0,
            "name": "string"
        },
        "name": "doggie",
        "photoUrls": [
            "string"
        ],
        "tags": [
            {
                "id": 0,
                "name": "string"
            }
        ],
        "status": "available"
    },
    {
        "id": 9223372036854623646,
        "category": {
            "id": 0,
            "name": "string"
        },
        "name": "doggie",
        "photoUrls": [
            "string"
        ],
        "tags": [
            {
                "id": 0,
                "name": "string"
            }
        ],
        "status": "available"
    },
    {
        "id": 9223372036854623647,
        "category": {
            "id": 0,
            "name": "string"
        },
        "name": "doggie",
        "photoUrls": [
            "string"
        ],
        "tags": [
            {
                "id": 0,
                "name": "string"
            }
        ],
        "status": "available"
    },
    {
        "id": 9223372036854623648,
        "category": {
            "id": 0,
            "name": "string"
        },
        "name": "doggie",
        "photoUrls": [
            "string"
        ],
        "tags": [
            {
                "id": 0,
                "name": "string"
            }
        ],
        "status": "available"
    },
    {
        "id": 9223372036854623649,
        "category": {
            "id": 0,
            "name": "string"
        },
        "name": "doggie",
        "photoUrls": [
            "string"
        ],
        "tags": [
            {
                "id": 0,
                "name": "string"
            }
        ],
        "status": "available"
    },
    {
        "id": 9223372036854623650,
        "category": {
            "id": 0,
            "name": "string"
        },
        "name": "doggie",
        "photoUrls": [
            "string"
        ],
        "tags": [
            {
                "id": 0,
                "name": "string"
            }
        ],
        "status": "available"
    },
    {
        "id": 9223372036854623651,
        "category": {
            "id": 0,
            "name": "string"
        },
        "name": "doggie",
        "photoUrls": [
            "string"
        ],
        "tags": [
            {
                "id": 0,
                "name": "string"
            }
        ],
        "status": "available"
    },
    {
        "id": 9223372036854623652,
        "category": {
            "id": 0,
            "name": "string"
        },
        "name": "doggie",
        "photoUrls": [
            "string"
        ],
        "tags": [
            {
                "id": 0,
                "name": "string"
            }
        ],
        "status": "available"
    },
    {
        "id": 9223372036854623653,
        "category": {
            "id": 0,
            "name": "string"
        },
        "name": "doggie",
        "photoUrls": [
            "string"
        ],
        "tags": [
            {
                "id": 0,
                "name": "string"
            }
        ],
        "status": "available"
    },
    {
        "id": 9223372036854623654,
        "category": {
            "id": 0,
            "name": "string"
        },
        "name": "doggie",
        "photoUrls": [
            "string"
        ],
        "tags": [
            {
                "id": 0,
                "name": "string"
            }
        ],
        "status": "available"
    },
    {
        "id": 1498045,
        "category": {
            "id": 1,
            "name": "Cat"
        },
        "name": "Mao",
        "photoUrls": [
            "string"
        ],
        "tags": [
            {
                "id": 24,
                "name": "meow"
            }
        ],
        "status": "available"
    },
    {
        "id": 9223372036854623660,
        "category": {
            "id": 0,
            "name": "string"
        },
        "name": "fish",
        "photoUrls": [
            "string"
        ],
        "tags": [
            {
                "id": 0,
                "name": "string"
            }
        ],
        "status": "available"
    },
    {
        "id": 9223372036854623663,
        "category": {
            "id": 0,
            "name": "string"
        },
        "name": "fish",
        "photoUrls": [
            "string"
        ],
        "tags": [
            {
                "id": 0,
                "name": "string"
            }
        ],
        "status": "available"
    },
    {
        "id": 9223372036854623664,
        "category": {
            "id": 0,
            "name": "string"
        },
        "name": "fish",
        "photoUrls": [
            "string"
        ],
        "tags": [
            {
                "id": 0,
                "name": "string"
            }
        ],
        "status": "available"
    },
    {
        "id": 9223372036854623665,
        "category": {
            "id": 0,
            "name": "string"
        },
        "name": "fish",
        "photoUrls": [
            "string"
        ],
        "tags": [
            {
                "id": 0,
                "name": "string"
            }
        ],
        "status": "available"
    },
    {
        "id": 9223372036854623669,
        "category": {
            "id": 0,
            "name": "string"
        },
        "name": "doggie",
        "photoUrls": [
            "string"
        ],
        "tags": [
            {
                "id": 0,
                "name": "string"
            }
        ],
        "status": "available"
    },
    {
        "id": 577208081,
        "category": {
            "id": 1,
            "name": "crocodile"
        },
        "name": "lacoste",
        "photoUrls": [
            "string"
        ],
        "tags": [
            {
                "id": 0,
                "name": "string"
            }
        ],
        "status": "available"
    },
    {
        "id": 363,
        "category": {
            "id": 363,
            "name": "jqnRZ"
        },
        "photoUrls": [
            
        ],
        "tags": [
            
        ],
        "status": "available"
    },
    {
        "id": 9223372036854623693,
        "category": {
            "id": 0,
            "name": "cat"
        },
        "name": "buska",
        "photoUrls": [
            "string"
        ],
        "tags": [
            {
                "id": 0,
                "name": "string"
            }
        ],
        "status": "available"
    },
    {
        "id": 9223372036854623694,
        "category": {
            "id": 0,
            "name": "string"
        },
        "name": "doggie",
        "photoUrls": [
            "string"
        ],
        "tags": [
            {
                "id": 0,
                "name": "string"
            }
        ],
        "status": "available"
    },
    {
        "id": 9223372036854623695,
        "category": {
            "id": 0,
            "name": "string"
        },
        "name": "fish",
        "photoUrls": [
            "string"
        ],
        "tags": [
            {
                "id": 0,
                "name": "string"
            }
        ],
        "status": "available"
    },
    {
        "id": 9223372036854623696,
        "category": {
            "id": 0,
            "name": "string"
        },
        "name": "fish",
        "photoUrls": [
            "string"
        ],
        "tags": [
            {
                "id": 0,
                "name": "string"
            }
        ],
        "status": "available"
    },
    {
        "id": 9223372036854623706,
        "category": {
            "id": 0,
            "name": "string"
        },
        "name": "Puff",
        "photoUrls": [
            "string"
        ],
        "tags": [
            {
                "id": 0,
                "name": "string"
            }
        ],
        "status": "available"
    },
    {
        "id": 9223372036854623708,
        "category": {
            "id": 0,
            "name": "string"
        },
        "name": "doggie",
        "photoUrls": [
            "string"
        ],
        "tags": [
            {
                "id": 0,
                "name": "string"
            }
        ],
        "status": "available"
    },
    {
        "id": 3114,
        "category": {
            "id": 3114,
            "name": "string"
        },
        "name": "doggie",
        "photoUrls": [
            "abc",
            "def"
        ],
        "tags": [
            {
                "id": 0,
                "name": "test0"
            },
            {
                "id": 1,
                "name": "test1"
            }
        ],
        "status": "available"
    },
    {
        "id": 213443,
        "category": {
            "id": 1,
            "name": "stray"
        },
        "name": "Jojo",
        "photoUrls": [
            "string"
        ],
        "tags": [
            {
                "id": 24,
                "name": "bark"
            }
        ],
        "status": "available"
    },
    {
        "id": 3896808,
        "category": {
            "id": 1,
            "name": "Cat"
        },
        "name": "Mao",
        "photoUrls": [
            "string"
        ],
        "tags": [
            {
                "id": 24,
                "name": "meow"
            }
        ],
        "status": "available"
    },
    {
        "id": 8585807,
        "category": {
            "id": 1,
            "name": "Cat"
        },
        "name": "Mao",
        "photoUrls": [
            "string"
        ],
        "tags": [
            {
                "id": 24,
                "name": "meow"
            }
        ],
        "status": "available"
    },
    {
        "id": 8470027,
        "category": {
            "id": 1,
            "name": "Cat"
        },
        "name": "Mao",
        "photoUrls": [
            "string"
        ],
        "tags": [
            {
                "id": 24,
                "name": "meow"
            }
        ],
        "status": "available"
    },
    {
        "id": 429196,
        "category": {
            "id": 1,
            "name": "Cat"
        },
        "name": "Mao",
        "photoUrls": [
            "string"
        ],
        "tags": [
            {
                "id": 24,
                "name": "meow"
            }
        ],
        "status": "available"
    },
    {
        "id": 566574543,
        "category": {
            "id": 1,
            "name": "stray"
        },
        "name": "Lulu",
        "photoUrls": [
            "string"
        ],
        "tags": [
            {
                "id": 24,
                "name": "stay"
            }
        ],
        "status": "available"
    },
    {
        "id": 9223372036854623711,
        "category": {
            "id": 0,
            "name": "string"
        },
        "name": "doggie",
        "photoUrls": [
            "string"
        ],
        "tags": [
            {
                "id": 0,
                "name": "string"
            }
        ],
        "status": "available"
    },
    {
        "id": 9223372036854623712,
        "category": {
            "id": 0,
            "name": "string"
        },
        "name": "doggie",
        "photoUrls": [
            "string"
        ],
        "tags": [
            {
                "id": 0,
                "name": "string"
            }
        ],
        "status": "available"
    },
    {
        "id": 7241855,
        "category": {
            "id": 1,
            "name": "Cat"
        },
        "name": "Mao",
        "photoUrls": [
            "string"
        ],
        "tags": [
            {
                "id": 24,
                "name": "meow"
            }
        ],
        "status": "available"
    },
    {
        "id": 243874334,
        "category": {
            "id": 1,
            "name": "stray"
        },
        "name": "Kiki",
        "photoUrls": [
            "string"
        ],
        "tags": [
            {
                "id": 24,
                "name": "go"
            }
        ],
        "status": "available"
    },
    {
        "id": 9178573,
        "category": {
            "id": 1,
            "name": "Cat"
        },
        "name": "Mao",
        "photoUrls": [
            "string"
        ],
        "tags": [
            {
                "id": 24,
                "name": "meow"
            }
        ],
        "status": "available"
    },
    {
        "id": 5482728,
        "category": {
            "id": 1,
            "name": "Cat"
        },
        "name": "Mao",
        "photoUrls": [
            "string"
        ],
        "tags": [
            {
                "id": 24,
                "name": "meow"
            }
        ],
        "status": "available"
    },
    {
        "id": 1815535,
        "category": {
            "id": 1,
            "name": "Cat"
        },
        "name": "Mao",
        "photoUrls": [
            "string"
        ],
        "tags": [
            {
                "id": 24,
                "name": "meow"
            }
        ],
        "status": "available"
    },
    {
        "id": 6774637,
        "category": {
            "id": 1,
            "name": "Cat"
        },
        "name": "Mao",
        "photoUrls": [
            "string"
        ],
        "tags": [
            {
                "id": 24,
                "name": "meow"
            }
        ],
        "status": "available"
    },
    {
        "id": 439083209844309,
        "category": {
            "id": 1,
            "name": "stray"
        },
        "name": "Noli",
        "photoUrls": [
            "string"
        ],
        "tags": [
            {
                "id": 24,
                "name": "bark"
            }
        ],
        "status": "available"
    },
    {
        "id": 5087461,
        "category": {
            "id": 1,
            "name": "Cat"
        },
        "name": "Mao",
        "photoUrls": [
            "string"
        ],
        "tags": [
            {
                "id": 24,
                "name": "meow"
            }
        ],
        "status": "available"
    },
    {
        "id": 9223372036854623715,
        "category": {
            "id": 0,
            "name": "string"
        },
        "name": "fish",
        "photoUrls": [
            "string"
        ],
        "tags": [
            {
                "id": 0,
                "name": "string"
            }
        ],
        "status": "available"
    },
    {
        "id": 9254928,
        "category": {
            "id": 1,
            "name": "Cat"
        },
        "name": "Mao",
        "photoUrls": [
            "string"
        ],
        "tags": [
            {
                "id": 24,
                "name": "meow"
            }
        ],
        "status": "available"
    },
    {
        "id": 755275,
        "category": {
            "id": 1,
            "name": "Cat"
        },
        "name": "Mao",
        "photoUrls": [
            "string"
        ],
        "tags": [
            {
                "id": 24,
                "name": "meow"
            }
        ],
        "status": "available"
    },
    {
        "id": 5781984,
        "category": {
            "id": 1,
            "name": "Cat"
        },
        "name": "Mao",
        "photoUrls": [
            "string"
        ],
        "tags": [
            {
                "id": 24,
                "name": "meow"
            }
        ],
        "status": "available"
    },
    {
        "id": 9907668,
        "category": {
            "id": 1,
            "name": "Cat"
        },
        "name": "Mao",
        "photoUrls": [
            "string"
        ],
        "tags": [
            {
                "id": 24,
                "name": "meow"
            }
        ],
        "status": "available"
    },
    {
        "id": 5731065,
        "category": {
            "id": 1,
            "name": "Cat"
        },
        "name": "Mao",
        "photoUrls": [
            "string"
        ],
        "tags": [
            {
                "id": 24,
                "name": "meow"
            }
        ],
        "status": "available"
    },
    {
        "id": 7866425,
        "category": {
            "id": 1,
            "name": "Cat"
        },
        "name": "Mao",
        "photoUrls": [
            "string"
        ],
        "tags": [
            {
                "id": 24,
                "name": "meow"
            }
        ],
        "status": "available"
    },
    {
        "id": 2551780,
        "category": {
            "id": 1,
            "name": "Cat"
        },
        "name": "Mao",
        "photoUrls": [
            "string"
        ],
        "tags": [
            {
                "id": 24,
                "name": "meow"
            }
        ],
        "status": "available"
    },
    {
        "id": 8535277,
        "category": {
            "id": 1,
            "name": "Cat"
        },
        "name": "Mao",
        "photoUrls": [
            "string"
        ],
        "tags": [
            {
                "id": 24,
                "name": "meow"
            }
        ],
        "status": "available"
    },
    {
        "id": 4772959,
        "category": {
            "id": 1,
            "name": "Cat"
        },
        "name": "Mao",
        "photoUrls": [
            "string"
        ],
        "tags": [
            {
                "id": 24,
                "name": "meow"
            }
        ],
        "status": "available"
    },
    {
        "id": 5900375,
        "category": {
            "id": 1,
            "name": "Cat"
        },
        "name": "Mao",
        "photoUrls": [
            "string"
        ],
        "tags": [
            {
                "id": 24,
                "name": "meow"
            }
        ],
        "status": "available"
    },
    {
        "id": 9223372036854623718,
        "category": {
            "id": 0,
            "name": "string"
        },
        "name": "doggie",
        "photoUrls": [
            "string"
        ],
        "tags": [
            {
                "id": 0,
                "name": "string"
            }
        ],
        "status": "available"
    },
    {
        "id": 9223372016900015000,
        "category": {
            "id": 0,
            "name": "string"
        },
        "name": "doggie",
        "photoUrls": [
            "string"
        ],
        "tags": [
            {
                "id": 0,
                "name": "string"
            }
        ],
        "status": "available"
    },
    {
        "id": 9223372036854623728,
        "category": {
            "id": 0,
            "name": "string"
        },
        "name": "fish",
        "photoUrls": [
            "string"
        ],
        "tags": [
            {
                "id": 0,
                "name": "string"
            }
        ],
        "status": "available"
    },
    {
        "id": 9223372036854623746,
        "category": {
            "id": 0,
            "name": "string"
        },
        "name": "fish",
        "photoUrls": [
            "string"
        ],
        "tags": [
            {
                "id": 0,
                "name": "string"
            }
        ],
        "status": "available"
    },
    {
        "id": 9223372036854623749,
        "name": "Kitty",
        "photoUrls": [
            
        ],
        "tags": [
            
        ],
        "status": "available"
    },
    {
        "id": 9223372036854623750,
        "category": {
            "id": 0,
            "name": "string"
        },
        "name": "fish",
        "photoUrls": [
            "string"
        ],
        "tags": [
            {
                "id": 0,
                "name": "string"
            }
        ],
        "status": "available"
    },
    {
        "id": 9223372036854623757,
        "category": {
            "id": 0,
            "name": "string"
        },
        "name": "Puff",
        "photoUrls": [
            "string"
        ],
        "tags": [
            {
                "id": 0,
                "name": "string"
            }
        ],
        "status": "available"
    },
    {
        "id": 9223372036854623758,
        "category": {
            "id": 0,
            "name": "string"
        },
        "name": "fish",
        "photoUrls": [
            "string"
        ],
        "tags": [
            {
                "id": 0,
                "name": "string"
            }
        ],
        "status": "available"
    },
    {
        "id": 9223372036854623763,
        "category": {
            "id": 0,
            "name": "string"
        },
        "name": "doggie",
        "photoUrls": [
            "string"
        ],
        "tags": [
            {
                "id": 0,
                "name": "string"
            }
        ],
        "status": "available"
    },
    {
        "id": 9223372036854623764,
        "category": {
            "id": 0,
            "name": "string"
        },
        "name": "doggie",
        "photoUrls": [
            "string"
        ],
        "tags": [
            {
                "id": 0,
                "name": "string"
            }
        ],
        "status": "available"
    },
    {
        "id": 9223372036854623765,
        "category": {
            "id": 0,
            "name": "string"
        },
        "name": "doggie",
        "photoUrls": [
            "string"
        ],
        "tags": [
            {
                "id": 0,
                "name": "string"
            }
        ],
        "status": "available"
    },
    {
        "id": 9223372036854623768,
        "category": {
            "id": 0,
            "name": "string"
        },
        "name": "doggie",
        "photoUrls": [
            "string"
        ],
        "tags": [
            {
                "id": 0,
                "name": "string"
            }
        ],
        "status": "available"
    },
    {
        "id": 9223372036854623769,
        "category": {
            "id": 0,
            "name": "string"
        },
        "name": "fish",
        "photoUrls": [
            "string"
        ],
        "tags": [
            {
                "id": 0,
                "name": "string"
            }
        ],
        "status": "available"
    },
    {
        "id": 9223372036854623773,
        "category": {
            "id": 0,
            "name": "string"
        },
        "name": "doggie",
        "photoUrls": [
            "string"
        ],
        "tags": [
            {
                "id": 0,
                "name": "string"
            }
        ],
        "status": "available"
    },
    {
        "id": 9223372036854623775,
        "category": {
            "id": 0,
            "name": "string"
        },
        "name": "fish",
        "photoUrls": [
            "string"
        ],
        "tags": [
            {
                "id": 0,
                "name": "string"
            }
        ],
        "status": "available"
    },
    {
        "id": 9223372036854623776,
        "category": {
            "id": 0,
            "name": "string"
        },
        "name": "fish",
        "photoUrls": [
            "string"
        ],
        "tags": [
            {
                "id": 0,
                "name": "string"
            }
        ],
        "status": "available"
    },
    {
        "id": 9223372036854623778,
        "category": {
            "id": 0,
            "name": "string"
        },
        "name": "fish",
        "photoUrls": [
            "string"
        ],
        "tags": [
            {
                "id": 0,
                "name": "string"
            }
        ],
        "status": "available"
    },
    {
        "id": 9223372036854623789,
        "category": {
            "id": 0,
            "name": "cat"
        },
        "name": "druzhok",
        "photoUrls": [
            "string"
        ],
        "tags": [
            {
                "id": 0,
                "name": "string"
            }
        ],
        "status": "available"
    },
    {
        "id": 9223372036854623813,
        "category": {
            "id": 0,
            "name": "string"
        },
        "name": "fish",
        "photoUrls": [
            "string"
        ],
        "tags": [
            {
                "id": 0,
                "name": "string"
            }
        ],
        "status": "available"
    },
    {
        "id": 9223372036854623814,
        "category": {
            "id": 0,
            "name": "dog"
        },
        "name": "fix",
        "photoUrls": [
            "string"
        ],
        "tags": [
            {
                "id": 0,
                "name": "string"
            }
        ],
        "status": "available"
    },
    {
        "id": 51,
        "name": "MiPet51",
        "photoUrls": [
            "https://i.pinimg.com/736x/32/7e/db/327edb9a15b304efc264668ada03f725.jpg"
        ],
        "tags": [
            
        ],
        "status": "available"
    },
    {
        "id": 9223372036854623815,
        "category": {
            "id": 0,
            "name": "string"
        },
        "name": "doggie",
        "photoUrls": [
            "string"
        ],
        "tags": [
            {
                "id": 0,
                "name": "string"
            }
        ],
        "status": "available"
    },
    {
        "id": 9223372036854623816,
        "category": {
            "id": 0,
            "name": "string"
        },
        "name": "fish",
        "photoUrls": [
            "string"
        ],
        "tags": [
            {
                "id": 0,
                "name": "string"
            }
        ],
        "status": "available"
    },
    {
        "id": 9223372036854623817,
        "category": {
            "id": 0,
            "name": "string"
        },
        "name": "Puff",
        "photoUrls": [
            "string"
        ],
        "tags": [
            {
                "id": 0,
                "name": "string"
            }
        ],
        "status": "available"
    },
    {
        "id": 9223372036854623819,
        "category": {
            "id": 0,
            "name": "string"
        },
        "name": "doggie",
        "photoUrls": [
            "string"
        ],
        "tags": [
            {
                "id": 0,
                "name": "string"
            }
        ],
        "status": "available"
    },
    {
        "id": 9223372036854623822,
        "name": "Kitty",
        "photoUrls": [
            
        ],
        "tags": [
            
        ],
        "status": "available"
    },
    {
        "id": 9223372036854623825,
        "category": {
            "id": 0,
            "name": "string"
        },
        "name": "doggie",
        "photoUrls": [
            "string"
        ],
        "tags": [
            {
                "id": 0,
                "name": "string"
            }
        ],
        "status": "available"
    },
    {
        "id": 9223372036854623826,
        "category": {
            "id": 0,
            "name": "string"
        },
        "name": "doggie",
        "photoUrls": [
            "string"
        ],
        "tags": [
            {
                "id": 0,
                "name": "string"
            }
        ],
        "status": "available"
    },
    {
        "id": 82,
        "name": "MiPet82",
        "photoUrls": [
            "https://i.pinimg.com/736x/32/7e/db/327edb9a15b304efc264668ada03f725.jpg"
        ],
        "tags": [
            
        ],
        "status": "available"
    },
    {
        "id": 9223372036854623849,
        "category": {
            "id": 0,
            "name": "string"
        },
        "name": "fish",
        "photoUrls": [
            "string"
        ],
        "tags": [
            {
                "id": 0,
                "name": "string"
            }
        ],
        "status": "available"
    },
    {
        "id": 9223372036854623852,
        "category": {
            "id": 0,
            "name": "string"
        },
        "name": "test",
        "photoUrls": [
            "string"
        ],
        "tags": [
            {
                "id": 0,
                "name": "string"
            }
        ],
        "status": "available"
    },
    {
        "id": 9223372036854623853,
        "category": {
            "id": 0,
            "name": "string"
        },
        "name": "test",
        "photoUrls": [
            "string"
        ],
        "tags": [
            {
                "id": 0,
                "name": "string"
            }
        ],
        "status": "available"
    },
    {
        "id": 9223372036854623854,
        "category": {
            "id": 0,
            "name": "string"
        },
        "name": "test",
        "photoUrls": [
            "string"
        ],
        "tags": [
            {
                "id": 0,
                "name": "string"
            }
        ],
        "status": "available"
    },
    {
        "id": 9223372036854623855,
        "category": {
            "id": 0,
            "name": "string"
        },
        "name": "test",
        "photoUrls": [
            "string"
        ],
        "tags": [
            {
                "id": 0,
                "name": "string"
            }
        ],
        "status": "available"
    },
    {
        "id": 9223372036854623858,
        "category": {
            "id": 0,
            "name": "string"
        },
        "name": "fish",
        "photoUrls": [
            "string"
        ],
        "tags": [
            {
                "id": 0,
                "name": "string"
            }
        ],
        "status": "available"
    },
    {
        "id": 9223372036854623884,
        "category": {
            "id": 0,
            "name": "string"
        },
        "name": "fish",
        "photoUrls": [
            "string"
        ],
        "tags": [
            {
                "id": 0,
                "name": "string"
            }
        ],
        "status": "available"
    },
    {
        "id": 9223372036854623000,
        "category": {
            "id": 100,
            "name": "Dinosaur"
        },
        "name": "Tyrannosaurus",
        "photoUrls": [
            "data:image/png;base64,iVBORw0KGgoAAAANSUhEUgAAAlgAAADICAYAAAA0n5+2AAAACXBIWXMAAA7EAAAOxAGVKw4bAAAEhmlUWHRYTUw6Y29tLmFkb2JlLnhtcAAAAAAAPD94cGFja2V0IGJlZ2luPSfvu78nIGlkPSdXNU0wTXBDZWhpSHpyZVN6TlRjemtjOWQnPz4KPHg6eG1wbWV0YSB4bWxuczp4PSdhZG9iZTpuczptZXRhLyc+CjxyZGY6UkRGIHhtbG5zOnJkZj0naHR0cDovL3d3dy53My5vcmcvMTk5OS8wMi8yMi1yZGYtc3ludGF4LW5zIyc+CgogPHJkZjpEZXNjcmlwdGlvbiByZGY6YWJvdXQ9JycKICB4bWxuczpBdHRyaWI9J2h0dHA6Ly9ucy5hdHRyaWJ1dGlvbi5jb20vYWRzLzEuMC8nPgogIDxBdHRyaWI6QWRzPgogICA8cmRmOlNlcT4KICAgIDxyZGY6bGkgcmRmOnBhcnNlVHlwZT0nUmVzb3VyY2UnPgogICAgIDxBdHRyaWI6Q3JlYXRlZD4yMDI0LTAzLTI1PC9BdHRyaWI6Q3JlYXRlZD4KICAgICA8QXR0cmliOkV4dElkPmQ2NDQ3Y2I5LTUyMGEtNGE0ZS04MWEzLWIyOTNlNDkyYjdkMjwvQXR0cmliOkV4dElkPgogICAgIDxBdHRyaWI6RmJJZD41MjUyNjU5MTQxNzk1ODA8L0F0dHJpYjpGYklkPgogICAgIDxBdHRyaWI6VG91Y2hUeXBlPjI8L0F0dHJpYjpUb3VjaFR5cGU+CiAgICA8L3JkZjpsaT4KICAgPC9yZGY6U2VxPgogIDwvQXR0cmliOkFkcz4KIDwvcmRmOkRlc2NyaXB0aW9uPgoKIDxyZGY6RGVzY3JpcHRpb24gcmRmOmFib3V0PScnCiAgeG1sbnM6ZGM9J2h0dHA6Ly9wdXJsLm9yZy9kYy9lbGVtZW50cy8xLjEvJz4KICA8ZGM6dGl0bGU+CiAgIDxyZGY6QWx0PgogICAgPHJkZjpsaSB4bWw6bGFuZz0neC1kZWZhdWx0Jz5UaWVuZGEgZGUgbWFzY290YXMgLSAxPC9yZGY6bGk+CiAgIDwvcmRmOkFsdD4KICA8L2RjOnRpdGxlPgogPC9yZGY6RGVzY3JpcHRpb24+CgogPHJkZjpEZXNjcmlwdGlvbiByZGY6YWJvdXQ9JycKICB4bWxuczpwZGY9J2h0dHA6Ly9ucy5hZG9iZS5jb20vcGRmLzEuMy8nPgogIDxwZGY6QXV0aG9yPkpvc8OpIEFudG9uaW8gTGV5dmEgUmVnYWzDs248L3BkZjpBdXRob3I+CiA8L3JkZjpEZXNjcmlwdGlvbj4KCiA8cmRmOkRlc2NyaXB0aW9uIHJkZjphYm91dD0nJwogIHhtbG5zOnhtcD0naHR0cDovL25zLmFkb2JlLmNvbS94YXAvMS4wLyc+CiAgPHhtcDpDcmVhdG9yVG9vbD5DYW52YTwveG1wOkNyZWF0b3JUb29sPgogPC9yZGY6RGVzY3JpcHRpb24+CjwvcmRmOlJERj4KPC94OnhtcG1ldGE+Cjw/eHBhY2tldCBlbmQ9J3InPz4+3cHkAAAgAElEQVR4nGzcZZck15ku7PkP78xYUoOaGauri5mZmZmZK4uZGbKYmZmZuqC7mklokGY8tscgiyWv+70jqlr2Oet8eFZERkZkBu597WfvzH/76q8L+PtX2/jqb/P47y/z8dlHYfjkdTiePo3E5m4U1ndjsbqbiKm1ePTPxWBgPgETyymYXE3HzHo2lnbKsbZfg82HdVg5kGJ+twZL+/VY2K3H5Fo1Q8poxPiKFENz5eidKkPPVCn6ZivQN1eFrukydE1VoGkoD7W96ajuSUZtfwraxnMwtlKNlb02bD3uxqNXQ3j8ZgRPXo/hxSfTePPrBbz5fBGHr4ew+6IfD573Y+1RN+YfNGJkIR9tw6mo7UpCZYsENR1pqO/LRH1/JqS9qajrT0P7eDp6p7PQu5CJ3nnGdDq6JjO5T1k8zgz0zaSidyYZA4vJGFpgzCZjeCEdw0uZGF1Kx+hKFgYXMzG0lIWO6RTUDSWgrD0Oxc1CxKOoORZFDTEobY5BY68E9Z1x6BxKxPBMOqZWcjG7VoDl3VLsPKnDzuN6bB/WY4Pn78GTNjz7aJzHOIsXH8/jJePZ21k8ej3F4xxlDODB0y4sH9Ricr0A42uFGF8t5H7lYe5BGz7+dBe//ugRHqxMY216CC2V+ajJjkN9VgTKkwNQkxaE+vRABLuYw0BLCb622kgMskJ1XihCQiOhqmiIu5fuQPWuLBzNzCAtz0R2RhpKSstQXVOL6KgYeHsEIigwHB5OnvB1DoS9hS1cHL0QFpmL5Oxm+IcXI7u8H+0Tj9E5eYiG3lXkVs2joHIc5XWTqGqeRe/oKqYWtjC7eoCByU10Di6htWcOwxNrGB2fxsxkPwb6hzA3N4ulxWm0tHSgqkqKJEkGHBztUF6Ugf6eNlTXNaGiLBuODnZwc3VFV3sjMjJSIYkLh7SqBM6uboiOiYaLszuqynKQlyFBfEQIcpNi0NZYj/bGBoz0tiI3Nw9DA11Iz8xFY1Mn6iurERsejbqGDrx69RLjU8uIScjmPjShqakLbS3dGBqcwPDgMMYH+9Hc0Iah3kH4B6XyXDWhXtqGkpIG1Na0Y2JyAcOTy9jY2sXE8AQ6ukYw0j/A7QZxsL2BP/73b/HoYBfP91bxeGMKCwOteLo2jlcPV/Hq2RaePF7Cs5dLvE+GsPd8EQ+ejWPjsBuLD5owt9OEtScbaJ/MRXlXEHIa/BFT4I6gdEd4J9rANcoSjmFmcAg1g32IGeyCjWETbABrhlWIPswD9GHqpQdTT10Yu2tD31kL2nbaDE6tNaDJ0LBUhbqpMtRMlaBiIg8lUzkomdyHKqeaForQslKApqU81+VUmOdUy0qR2ytCx0YB+rbK0LdXgQHD0F4VRg5qMLBTEcPYUR2mzpqw4HdbejA8Oe+qCXMXDZi6qMHUTQm23hrwj7VDTIYfErODIckJRlJeMKLTXeEdZQyXEB04h2jDNVQP7uEGfK0P52A9ceoWZiiGR4QRfGKN4BVrAM9oToWIMYJ3nBH8JMYISDJFcKoFwwyBySYIz7RCbKE94gqdEF/giDhGYpErUsu8kVsThqq2OJYxmRicLcbkcgVmVqowtViB0ZlidI9korFLgpL6aERnusMr0houQRZw8DeBvZ8xHPxM4BRgBrcQS/hGWSEuxRnped7IKfJFaVUwpHURaGqNQ2NHAuraYlHVGI7iqhDklQQjs9APKbleSM7yQFqOB7ILfVBcGYzqxkjUtcYyYiDltKY5GtUNkSivjUARty2sDEVuWQhKayNR3RKDpp4k9IymYHwhB4tb5Vh5UMoowfJOMebW8zC+mIbeiTg09YWjrCUAkmJnRGTaICLDEuHp1ghLsURgoim8Y4zhGWkC72gzeEXxdbQpQpOtEJ/njJRid2RX+KFQGoLy5kiUNIShmPM5lX6Q5LkiPNkGftEm8OK1cQvVh52fJqy8VGDmrgRTVwUYOshD3+5dyELPTob3zD3oW92BnuUt6Frehrb5LWgKYXaHUxlomMlAzeQeVIzuQtnwDhT1b0JO5xpkta6KIaNxmdMruK99VQx53RtQ0LvF9W5DyeA2t7sjbvsuVI3viZ+nYXofWuZy0DaThY6pLLQ41eBUne+pc6pqLCN+nxJD2ZjbmsiIoWp6T3zv6LNkuC4/y5zbcl/Vua/alrLQtbkPPVs+J3aKMOQzY8BnR99SAXoW8tAx4/fyO1T1b0FJ5zoUeAzymlegqH0ZSroXGeegYnAWGsZnuS7D/Dy3PQNTh3OwdrsCO6+rcAu8Cc/gO/ANk0VQtArCYrQREWOA6FgzRMVYIiLSCqEhtggOtIO/rxXc3cxgZasLQxNlaGjL4L7KJdxSOIOrsidx8d4HYly6z6nCCVxSPonLjCvKJ3BF6QNcUz6N64wbKh/ilso53FA6g+uKH/4yvabwIa7Kn8bl+9zuPreXPYULd0/i/J2jOHvrA5y/ewIXZI7i4r2TXEeIE+L3nr/7Htf7Fc7d+hXOi/GfOHfzP3Cecfb6/4cz1/4d564dvb5091e4ym2uyZ0Sv/PdftxSPofbaudxT+cC5PQuQl7vCuR4LuV0L0Be/wIUDXlejS5ByfgSr6UQl8Vl8vqXj9bVEdbn/cT76o7mNdxQv8rjv8TzcBmXFS7iotx5XJK/iOv8jn/79puH+PabfXz39R6++WoLf/ljI/7whQT/9dtUvH2ThifPUvDkeQIeP4/D7mEctg+Ssf84h5GLgyf52H9aioPnUjx+3Y79Z81Ye1iLtYM6zG5VYYwFz+hSNTFCbK3WY2xJSqDVEDACrirQPV3BCrgUbWNFqOlOJ3zSiaxkNA1nYGixDHObzURHD/aJp4cvB/H09ShefDSDN58t4qPfrODtr1fx8tMZwmuQFU83VvebMbNVSQgVoWEgBeXtRE9LAiraJKjtIYL6iau+NDQOEViT6SKkRhZzMLKch7FVYmW1GNMblZjZrOD+8vVKDqY2sjmfgcmVdMxu5mBuK/fo9Vom3+M8C6M+wqt5jJDrS0RFRxy/9yiKG6JR1hiFKhZ6NW3R6B1Pweh8NqZW8zC9lk9gFROPVdh4xOB5e/CkBXvPOgmsMfG4Xn26iNefLeH5J/M4eDOFRzz2x2+JrKftWHlYg5mNQkxvFmN2u5zQKsHMdisOn67hwdo0+poq0ViShRxJNCRhfsiJ8kZSoAvC3W0R62ULb2sjWGgrIMJJGy5GCshiJZyXFgwjI2co3NPFzSssJO6rICc1FjmZCUhPT4ckKRUR0fFw9wwgqFxgbsxKwi0QoZGZcHEJhIdHNAv+elYYFZBkSFHbuUTkLqO1b4momkdd+zKa+zbR0L2KoekdbB48w9TSLqaJrNG5Pa63gM6eSbS29WFkuA81NXWora3H8HAvujp7Ia2vRx4hlJ6egvRUCfLy8pBfUo2mhmICyx5Jycno6GhBaFgYEuOCMdzVADcXRxib2KFJKkV9TT6c7KxQV16Cse5GSKtL0NPeguX5WUhSMhEbJ4GXdwgCg6IxOz2NpIQUeHqHoa6+FS0dvcjKrURn1xC6u3qwtbmBmtoGlJbVEH9t6GzrxPzoKApzi1Fc3oS9vUdcbwjZOVXcvgsDQzPY3zvExuYO39vD9Mgw1pbnUVtejd0Hu/if3/8GLx4f4vDBGnZXJvDb13t4+WgDW+tTmJpp53M3he0n40TVEKE1wGesm8+YFBuPJ7FyuITmEVaqPREoaApEYrEHwtKd4JdkB/doCziGmBJWxFWQGWwCjWEVQGAFGsIy0ABmfkfAMvHQgZGbNvScNKFjrw0tG03CSg0q5kSVmRK0rDW5jMutdaBtqwddOx3o87WGuQrUuY4aoaVqoQBVVgxqrCDUGTq2iqwUlY4w5aBKYKmKwBLiHbDegUtAlpkALRd1WBJX5o5qMHEiwJyVYeTEisdBDpbu6nANNiGiTIkpQ1bIGrDxUSVaNOAYoEVU6YrIEmD1DllOQbpwDNRhaMM5VAcuYZyG68M10hDuDI8oA6LLCL7xxoSWETxj9eBNhIUSEjH5jsSVM+LzncRpcpkXcupCIGUjsGc8j7CqxPI2gbvTivUHrVjeasT0UiX6J/PQ0peCMjaw4ogh3xg7uARaiLCyI7DsBGgxnIPNiQsLRCbaISnLDWm5nsgrDkBZTQgqGsJR0xJNXBEmtUHILQ1ARr4fknO9EZfpBkm2BzILiL1SPxRXB4ugamhPJLASICX+alqjUSoNQ35ZMHKLBZj5I6PAH3kVodyvSAIwHt3DSRiZy8T8hgCrEhFZyztlmN/M57GxfJySoG0wCpXtQciockV6uQsySp2QlO+A2CxbhKRawj/eDL6x5vCLs4BvnBkCEi2IMHskE1eZFdy/Kn8UcP/LmyLY2GV5yOPKKvMhPO14XkyIXyO4EFcOATrEtSpBrQxDZ9439gq/4MqAIVx/Q8f7MHa4DxMHWRjb34Oh7V3o2dwh4u9Ay5JBtGhaCOARkHUEHgFQ97WvibC6q35JjHuaR8AS4KWodxPKBrdEWKkx1LmdhoAgIQREETgCsLQ41SWwBFxpc16TIcBKWEf9GFEC0JQFoB3DSkWAEddRM70n7s+7ELYVkCVsp2XBzxVwZatEZCnxmVKCoY0ydIXnh40VHX6nhoA97qeIKw1W7hqXIK99Dgo6Z6Coe4bAOk2EnSY6T8PI/jSfnw9h732RqL9CwN9AaKIMIlPkEJ2mgPgMDSRlGyM11wKp2TZIynBAQoojyz5XQssFQcEO8Pa2hb2TMUzN+MzrykFB4wbuqlzAjWMYCdi5LP+BCKqrKidwTYwPcJ1xg/M3VI6AdVPlrBg3lP8VWWeOgXVC/BwRWITU+X9B1gWi6IIsQ+b9X2D1f4TMe7hAZJ2/859inLv9HyKyzt74d5y9Jky5/NZ/4DIxJgKL33VN4RSuKwn7dAa31c8RR+dFTMnrC8Di+dQTYHWB1+8Sr9kVMVSIK1WTyyzfrhFZV3gvXYKsNkPz6F66oXaRx38Rl5Uu4KL8eZyXPcf9PsvpWZ6f87iteY7A+noD3369ydjGt39/hO+/eY2//3UAf/7fBvz+v9vw218343e/rcAXv8vE55/n4JNPChkF+PzTQvz281L8+vMqfPZ5I95+2oY3n3QTQvVY2atk4U+krFVihAXO6FINo5ZoqsHwohQjCzXonSkTcdU9W0Hw5IrAahjKEHHVM5NP7FRiYbuFFUkv0TGAw1fDePqWrfpP5wmrFXz821XGGl5/voAnbweIsHZirAWzO1XEWwHqCLVS4qqkOR5lbYmo7k6CtC+ZyEpB00gaOqYy0b+Qi4l1omqzlLAi6LYrsbgrxcpBM1b2G7G0XYO5jSIs7pRi9aAcy3ucf1BA+OUQW9mEDefZ6pvcyOd3ZqB5OJmQO0JWWVsMShpZyBFZxQ1RqOGyvgmCbjaLWMvH7EYBFnYKCNJSAqsSm49qee768PBVH55+NIqXn82IiBSO8+XnS3j88SyefjqHR28GsP20kftZgYWtEiw8qOIxV2Bptw1PXqzh0f4aK/oedFQXoiY3AWmRPojxsUG8pymiXM3hYWkAe0N1mOhqwdJID9GebLGYq8PLQgXZkURKbDi0Dexw7YYqlBW0ERnkj/SUCERFRSCauErNyoWtoxecnD3h6uGDOzduETDOiJIUws7GC+4eMcgpbkVCUhnK6sbR3D2H0ak1tPSuobJ5iZXPFhr6VtE9ukqwv8TM8g4WN/YxOLPDFvschoYm0dTYzFZ8DQpLq5CTV4aIcLbCi0rR2tolZqjiY2IJrSwUlxbDw5ct++wU+Pj4wNnVG+2drUiUSFBRnInWhkokxIdDT98Yq7OjSE+KYguNFVR0FMb6Oom2dn5OJpITWDE1tiI+Ng6HO2uolzahp6cbo/2DGBwaRW5+Kdw8IpCRWYL5+RW0tXTg+dN9zM8tIjMjF5LkPGRl5qOlugaDHY1IiEvE6soyFmcmMDI6SZiWQJJajpHxaRw+eoiJiVlMT07jzYtD7K/NoqZCivnpSXz+0Uu8fP4Sm2treLK7gU9ePcTh/jLGJ9owsdyFwcVWPj9CRreX92oL79l67LzYxthaI1qGoniPh6GgMQBJJZ6s5FzgL7EVgeUQYgbbQFPYBJjA2t8Ylr7EFWFl6asPcwFX7jowdNWCvrMGtO3VoWmjDnXiSpuI0nPQg6FQ2LpbQt/JlHDShJKJEhSNFQgvZaJLC1q2msSVMlQYalbEFisGdSt5aNsoipkrfTtlGNgqi6ASMGVMPBn+S0brF2Q5asDSicByVYeFmzrMXVVg6qLE9dmqt73PyuceP0MWRs73YeamACsvZYJFDfYBGoSUFlxDjoDlGirgSp/LdFhxaxEzR+EUog2nMM6H6cCO6zkwnIgyFyHzFaUPrxh9eDJ8E40RSUAkFhEyQhQySjyQLQ1iOZWMLuJqcK6E5UA9th92s7E5hP0nw9h52IOVrSZMsszrHstGZVMcEvJ9EJBgL2as7HyMYOtrBGtvQ8KQz6G/EffZDIHR5nx+7BGX6oy0HE9kl/mjmMgqqwlFYVUwskp4TQmrxCxPxBNXsRluSM7zQU5JIEpqwlHdGENcJaG5MwWN7cmQtsSjkojKLw9EpoCyHG8kZHkgMdsTaUX87OpQIiwaHcMSAisLCyz/VnerGJUs81gOrhdgaiULwzOp6Bwi1jpCUFDvhaI6bxRJfZBV7or4XAci3gbBqVYITrZBUJI1p1YIS2MDLscFyUXuyKsJQAlBWt4YynMRjsrGcJYJoUgv8kBMhg38EwiscCMRxrY+mrD0UIMRr7eOgwJ0HQgNhhGvvQBsIyd5YlseZi4KhLg8TJ3kiAkii9gyYBgSXvq2skSJjJjJEjJLqkJGSe8WMXKdleIV3COyhLivdYQrBf2bxMktqBNFqsZ3oEEkaYqYIqLM70PbQo5ouy8iSgCWkE0ScKVlJkcc/d/AOs56CdmqY1ypGMuyYuZ7nFczPcpevctgaR5/riaBpcNnRY+wMrA9anQIyNK1VuQ6ckfHIWSviEQ5de6/6gXIqJ2DjPpJ3Nc4CQXdE1A1Osl9PcFzdYL31Sm4h5yFZ8R5Pv9XWQ7c5j0og9RiOaSVKiCzTB351aYorrXlPeZCgLsjq9CLyPJEVKwHgsNd4OVrD0dnU5hbakPXQJHffQey/O5bBNIV+VO4LHcCVxXew3Xl9wkpAVbvEVjv4YbqCc6fFDNY15U/ZJzh+2ePwEXcCLgSMlhX5E79AqzLBNbFeyeOcSVkswgq2X8C65eM2XFc4XZX+Z6QnbpwHOdvCxmrf8e5G4TWdSGj9Z8E2H/iyt33cZUgFHGleBK3VD8krs5ARuscQXWe1/8C4xLjIhQMLvCaXeK1u8zp5SNkmVwR55WMLoqZLHmue09LQPpF3FQ9j4tE43mFMzgndwbn758RYXWOcUHuHK4qnsNdzTP4t++/fYDvvt7Fd9/s4odvD/HdD7/D9989xjd/G8Vf/ncYf/zjMP70p2HOd+DP/1ONP3xRgz/8VzX+/Ps6/OWPrfjfP3Xif/7QiS9/347PvujCm8/acPC8Bqv7xMqDahZCFRhbKcXoYhUGiKn+2WpWEtUYXKgmSqrFbsLGwVzCKgetLJS6pomVhQLCjK2pB+3YeTKARy9H8OTNGJ5/NIFXn8wQWMvEx5oIkOefjOHR63627tux9qgNi3tSdBNPVZ1JBJaEkYjytiTCR+gaTEb9QDJaxtIJrCwCqwiT62WY2ijGDAuWBW67ys/YPOzA2l4r1nabOZVibb+O+9GCB0+bCC229nYLsbJbRPyVEkhs8e0UY2w5n2gksobSRcxVCV0ErbEokEahUBoNaWcieiayMDCdIablhS7C2a0CrD4swcbDchFYj14N4vD1AJ6+GcKLT8aJx1m8/e08nn86weOcwJNPprD3uhsrh0JXbDlxVYyl/SosM3afTOHLX3+M37x9jK3ZQfRKCyHNS0AEWyPBziaI87JAoK0uPMy1YafPh1hdCe7WhvCx0YGXpR5sdZXhYKyMtHAHgiOGiApAZLQEGSmsJKICEBUejNDwSMRK0mFp4w5rOw/YuQZASVkHVy7dhYtPPPxDk2Bj6Yb0vFrkl3agqnkSvUMLWNnYETNVBdI5FuaHPAfbGJzdxfY+58eWsLHzkC3/XeQUNKOlpQXDQ8Ooq61DaWUDSspqEBYSxhZWMnoHBomsBsTHxSMmJhI5RFZqSjo8PVyhoqoJZxcf5HKZq5s7PN3dkJUsgbQiDz5ubpgb60YhMZWdymW1FUiTxKG7oxl9PX1ITc4lilKRmpROiE1iZ30dg4ODGBscxqODbbx6/QKx8fyu9DysrBCLLd1oJMjevHyOvLxi5OXkwYHoTJMQ7xVFqC4uQGtTK6YmxgitDawubaCgsBph4WloIN4Ki6oxMjaPvf19bK0vYX1+HNlpfAYaW7CwuMz1V7C1uoJnTw7w8cuHmJ3swezyIIamWtE7RVw/6MTEkpRA78fm8210TAjZ30iUd4Yjr8EfkmIPhGY4w0diA+dIAivU4ih7RWBZ+RmJwDI77hY09dCFiZsODIgrXcJHx14D+o56RIwRKzQTaFlrQ8VcBfJGcpA1uAcFwkrdQhMaVjrQsTOAvoMBtG21oWatBlU7NagRTWp2CtAgrjQZOsSVngAse2UYOxFRQnbKTZOhznnCypHoclSFibMqLJzVYeWiDht3Ddh6acLWW0vMWpk6KRNhrGAdWbGygjV3VyJS1OAQqCVmpFyJJo9IXbEL0C/eBL6xJmKXoFOQnggroetJCAFbjsF8TYxZ+2vAwksFlt5HGTDXcC34xhsiOM0c4bk2kJTy/qn2RVaNHzKrfZBZ649SNpqah9gwmylkGcbyYqseDw578fD5KB6/nMTB02FssKEzv17HhlQx6rqSkVTgh6BERzjy/FvyfFt56jH0iUM9HgORR2S5BRvDN9IUQfHWiE52QFIWKz1CKK80BBmFvJ7EVHyaB2JT3RGb5oYEIXtVHERcsVxpSUJDB++7zjQ0dQjASkJ9ayKq2LDLLvZFQjq3SXFDpMQZ0SkuSCTgcsoCUEHwNPYLjb4UTLHsWmRjbWm7XGy0zazmYnI5i8eQxoZQIhp7I1HfGYK6jiBUtQUgv94baayY43OdxWxVdLYj4vMdkFDogJQSN+RU+qCwNhCl9SEsA4JR1RSMSs6XcVlhdQBSC9wQkSbAzAyeUUa8LtoEFq+Huxqxz3vFRRGGzgSWk4LYXShcbwsP5X9O3ZQJcC53VRSxZSHcEwSYKZFlTIAbWhNaZnehaXQbaoY3oax3AwoEioKWkP1hpaotVKpXoWR4Q4SRmsldVqYyR5A6hpWOpbw4FUElLBOyV8fIEjNQZvePM1z/RJaQnVLlZ6mZHQFL2egoVEyIMSFjZcE4XlcA1rvQ5ncJ2Spda4WjrJXQzc7ve5cVU9S9CVmNS7ijcg43hSyQ0gncUnmfy07w/V9x/94jNk/Cxu8DPg+n4BtzFsGSi4jNvklY3SOO76OsRRblLXKoaNXgNTRHTZs9appdUVnnhQLeD6mZvMcSvREe5QnfACe4uFnAykYPBsaqUNOTgbzmVcgonydUTuOywvsisK4pC6h6X4zrnL+uJExP4Yay0BV43CVHVAmvhRBeX5X/8JfuQWEq4EroBrwgw7h7hK2L94+yVkfAep8IO4LVNTliiSgTslICsC7d+RUuCnGLoLolIIu4ErJXxNbFu++J211TOMnvPo2bKqdwR/0sZIgeWZ2zUDC8cBQGQibrvNglqGZ2FarmQsbqKuF7HWqcKhpfhDzXkdM7y/UIW43zYtfndV6HC/Kn8SH368x9wvA+sUVoXeTxXSEmhQyejDaB9RMx9eN3T/DjDy/w0w+f4Kcfv8QPP77Ct19P4+uvRvDV38bw1V8n8fXfV/D3vw3ib3/qwld/7sXXfx3Ct3+bxDdfTeGvf5nEXxh//NMIfvdlD15/Wo/dZ7XYOqwTW0aT6yUYWChB32wZpzUYWanD8HItRlfrCKxytI4WonOyEL1zRRhaKiNWyjGzKXSZDeLpR7N4+cki3hBVbz5fxtvPhemKmMV6/dkMHr/u5XqdWHnYikUWbgsPGtA5kSp2DZYQV2WtEmIrVRx/1TKahY7JXBFXrRNp6JsvxCi/a3y1VOzSXH7YjM0n3dzvTsKqhdGG7cft2D5swf6LDjx+24ODly1cVsl1Koiuas5XE1mVmCPQRpf42eMZqO9LFZElZM7ya6JQVBuD6jYJ+qbyCYs8YjMPE6tsJW4UYoFQW2RsPm7Ak7eDePJRL569HeExT+IlYXX40QAO3vYxBvGQy7df8DgPyjG3lS9ut0qY7TxuYwG/gs/fPsHT3XmsjjWjvSwFVels/Ua4wctGHwFO5vCzM4WXlT5MNBVgrKUMR2MNOOjJwlrrHpxNWNGpsSV3+xzCWQkkxXgiLiYEMRE+SE0Iga+3J5xcXOHpHQIHFz/4hyXA3NoJTh4RcPaKgaVdECLiC+Djl4Ciyha2oPvR2D2B4fFFTM+tspX/DIPTO+gY2cDkwh4GpnawvLmH0rpRFuCLmFpYQUZ2HQryK5CTV4K2jk709Pejtb0dbW2NRJUExWXVyM7NR21VJfwDBPCFcRqE9IxMWFjYixmosOAgmJpawsWFBYW3LxorCtHVUI3SwnxUlhSiqKgIKUlpyM7LR1JCAqTVFSguKERTaytaW1rRLJXicI/7trAEaX0TluamOT+Lhw8fIjIyGYUFZejrG0RxSSPv99+juamJOIuHvZMX3N29UVNWjpaaSpQI63H/N9dX8OUXv8ZnH79BRamU31WJoYExHtcA5uaXsLW9jbfP9jE1NgJJcgGKi6rw+OEDvHz1Gk+fPMbu1iq21xfx7NkjTM4NoXW4nvdPI4b5HM3xWo+sDaCqJwyVXVEobglHltQH0fluCEx3gleiLZzCreAQYiFmsKxFYCR1sucAACAASURBVBnDwscQ5t7H467ctGHkogVDVwFZejBxNSKa9KBmqQoFokqAlYKxPNQthS5CoXvQgFM9KJuq8X0lvq8ARVMlqNoQV3bq0GQLXNNOSQwtwkqHsDJ0VCaMlGHmogIzVzUxO2XhfhRmRJYpl1u6q8LWQ52hBkcfQshXC06B+oSHLcLiXREY4wTXIBNYexJhnqoinDxi+X6yPkKSTRGZYYfYXCcxojgflGjJyttE7B60YeVt6yt0JxJvPmqEjapYcRs6yvJ4FcSuRncCLTTdgkiwJ6jcUdjoj8KmQII1ELkM4dzW9EjQNp7NcozlxhIxslmHrYddOHgxgsNXEzh4NoL13RYChQ3I6UI0dKchiUAKiLeDU7AJcaDD72UQtabu2jD30Ob+6MOB6HUOMIRnmDH8oy0QGm+LqBQnMeOUmOWN6HQCKdlFjNhUN6Tk+yKvMpxoiYe0NRkNncfAEso5IVvfGIviqkik5PggTOKIcH5/WKw9IiQ8P5muSCn0RD6hU9sWjtaBWCIrGWMLGSKqphjjC+l8nSoCq38iCV2j0egai0bnSCSa+oNR3UncNfsjs9IdKYRobo0Hypq9ucwTle2BqOsMQ2NPJJp7I9DUE4669hBUE1oVDSEoqglEWoknrxEbfhITXiMDnn+C11uDAFWDuaeyGGYeSjxXiuKYLOF6CV3BNt68T/ietZcq7wNV3jPKR8hyIa4c5cQwc5GDOV+bOd4XuxB1rW4TRDegbnQVKvrCuKULBNdFKBtehrLxNaiZEmGmd0QcqR8DS0eA1XH2Suu4S1DXQh56RI/QTajNeQFFWlznHZLeIUuduBKAJXYRGssSXPehYnqflTXXsTiO422E7YXPeRdaFkchfNa7cWSK+rfEjNtttXO4JgCFYLhC3NxQeQ/yOie477+CnvV7sPQ4wUbCaXjFn2Yj4UPE5lwgdq+goPEO71tZNA3IoHVIHi1D6mgbNkXbgC2au11Q1+aD8roAZBUEQpIWgOg4XwSFuMHd0xq29oYwMdOAFusIRa3rkFW9gFuKp7gfhIviCXEqwOqmygmC4wPxtQgppSNgCdkqAVW/QEvpzC9jsK7InRYzWZdkj5B16Z6QvTpNVBFZsidEXIldhDLEFd8Xuvmu3/9XYL0nAusy49LtX4ljroS4cOsdsP5TPE/XlU+IwLqjRlgRV3I65yBHKCkbH2WlFA3Pi12DAq50bG5Bx/ompzegZ3sL+nytRWgpm1wWt7mvK2S/zuKm8llc5/Fdkj+Fs9yvC3InxPlrqidxV/sE5A1Psmw8SZx9iH/7mbD6+ftnhNWn+OmnLxl/wM+c//H7ffzw3S6+/WYd3329CCHT9e03K/j2q0l8+/cpfPf3Sfzw9Ry+/2YZ33xNfH21hr/9ZQF/+t9hfP5FF6HQxoJHAApb3HtVGFwsQA+BNShkr5aE15WEViXBk89CKw/tEzkYXCjDNGG1vNfM7brx8MWIiKuPfrOBT3+3g89+t8/plgitV5/NiQPc9591Y+2gWRzsO7vVSriUEVIpYuZKwFV1V5qYIesYJ+KmuA9E3OCS0DWZx4IyH0MLpRhcLsMkv3floBXrhx3EUxc29tuxvs/95+vtwzZ+Vw+PqY8I6sPucyk2H1Vg61EVcVOH7Sd13IdqzKwXo386C82DaajtSSbsUlDMQrCyifvRlowOAm9gRuheKMAQcTeyXIixtQJMbhVh42k1dl/UEVHdeEpMPX07IIJO+N7Dt0M4eMNjfdWHradSLO0VYulBsYiyzacE39NePH25ib2deQx1VKMqMwp5sb6oTA9DNZEV72cJV1NN+NsaI9DeGPpqcjDUVISfvR4sNe8xZGGkxIJIlmK/fR76ilehp3QZBsrX4WypAT93a9jbmMHVzRUBBE1EdAJColMILV/Yu0ciNLEMITEFbJnWwzs4iS3vBgyOz6CyeQADw1No7Z3C+MwaC+9tNHTNoUQ6hPaRFQxOLiCzogtJRd1IL5IiNasOnX3zaG3rRz1xU1VVgarqRnT3D8CPoEpLzSZyYlFYVIao2HjkZGfC08MTdvYeiCOuCoinwtJitr68EBUVBQ8vb0jiE9BQWYa2lnq4urjDPyQaFTV1qKxtREtbGySSdEIrDQlcL594mxwdxuhAL0b5nTm5xejp6sH87AQWpqewuryE3OwSjA6PYHx8Ac9fv8H+9rIINzsHT2jqmKOotJqfJUFIcCwGBwbR1dmBpcVF/O43n+PZ4z0sz89jamoBY5NzqKlpxji/7/nTR1hZXcbAyBTysvOwPDeJ7a0tzM8tYWp8Ck8eH2BvfwsLSzMYmOxB81AF2kcrMUp81fTnsCERitJWXvO6IEjKvRCa7YqgLFd4s5J2CLeEfbD5cdegEcy9DGDhpQ8zItpYyF4xLD1Y+XuaQ99JF1pCJspUmWgSxlSpQdtGF7o2htC1MySqVCGrLwdZPXnc11fEfQMlEVnK5ipQ4XZqNurQslWBNpGlRWBpOygRbUIGQpnfoQIb4siOiHIgcux9hVAVp7Z8beutDkeiyTVYD+6hBghJsENumZChyURdcybKGtJQWCNBXKYv3AkRj0gDgsgUUXkWSC33QFaVH9JKPSApdIUk3xXRWU4ITrKFW7ihCCuhkhYqZ2FfzFyVxQHUerb3YOyiAMcgbbGrK77ACVnVriglHqo7QlHBKG4NQhFxUNJKYPVKxAZaz3Q+gVuKuQ2pWEY8eCIMURjBg8cDWN1pxgTLsa7RHFS1JooZLH/ixjnEiFjg+SasjNw1GRoEhCbPuw4svHVh7aMHRz8DuAYawivUFH6RFvCPsUJAgoBFBzFCGDHp7kjO90FeRZgIrNrmJKIqFY0CrjqSUNMcj8LaSGQXByMp0wNhwvbR1giKtEJIrA2i0pzEDFhGsTcbN4FEVighFIWOYUJrPEEE1eB0EoZmUzhNwdB0MoZnJRhZSBZjcDoeLQOhqO0KRlVHECrbAiHtDkTzQAgaegPQPhSJwalUbidsm4ihqUR087ObCK66du5zUwhx6IekfIIvzQQ+8Xo8N1piN69dABHlrwybAGU4hakQvaoMYaoM11BlOATyPV+lo/BRgZWHAHZFmBBUVm6KsPdRhkuwBnzCdXj+dOEdqg034tnWVQnGxJa22TVoCIOWDY8GLquYCN1AN4iUW4y7IpCErkERVseZKmFguwAufcLHQBh4bqUojo/6V1y9m3/XBShATY2hbMLgZyibC0GACetb/HN9YaolZssUfgHbuzFfAq6E7JUwhkzolrqtelaEyhV5Akv+PdxRfQ/KBif4XSegb3cC9n4n4RnzIUJSzyEq5xwkxReRLb2K8q7baBiWYR17hw18BfRM6qB7wpT3pw3aB11YHvuhpiUQ+eXBSMkMQnRCAIJD3dmQtoW9ozFMzTWhoy8PFW3uh9pF3FE+g5tKJ4klAVMMpff5mtDismuKp47HWh0BS4DUu0zWP+MIWe+6Co+6C0+KwDrqIjzOYgldg3ePgHVN9hRucJ0bPPbrIrQ+EMdXicASMlWMi7ePslgCsC4SXFdkBYT+CrfUP8AdjVOQ1T4DBd1zBCtBZXSe15+oMr0IVc6rmVyCtvV16NvfZLlwnQ2va2LoC8usbkDH6prYfahocIGfcxa3VM6Imbyja3FSxKaM1kmo8Fro8FoYOPCaMAydTuHf/vHjW4LqI8YXxNWf8fPPX+EfhNbPP32OH388jh9eM54RXJtE1Tx+/GYRP327iB+/XTla9v0evvt2n8haxl/+OoUv/ziCN78ZIEa6WPC0YO1QismNMgwvVWBgsQz98yXi/MhKBaFTKP5isHUsE0OLR2OJdh73YPdJL4E1RGhMElRL+Pi3G/jkN/v4/Ms9Mbuz/6KX2OjGyqN2zLNQm15vxNi6FL1zuagbkIhjryrak1Hfn42W4Xz0Thajd7aYoKrA+GotxtdqMbFWLab6+wmuCRF2LSKwth93EVW9RFQPNh62YfNhCw5eduIRsSNkzHaf1WH9oJwIq+K69WLX4dajarZoWfkuFKJdyGL1JqOWBV5FswQVLUkoa0og9pLQOir8QrFAhF3/YjEGlvMxvVOM+d0CTnOx/qSGkGrDw9edYtbsIb/v8OMRPPpoEHsvmrDztAbrj8rF7ODOM2LwWRenk1jfnsZAlxRtFWlID3dFeogTMiNcEedrC4m3OWJdDRFgqQpvVpomGiwA7t8iulTgaiwPb3O2AtXu4O5lCv/aBWjIXcedix9C9S5vNjVZmBmoISzIg5Cxg4MrPzM+EZ5e/nD3joG1czC0DV0QFFeA4qYBSLJrEZ/C8zw1h46BWTR39BNOFfAJS0Vt+wTKpD2Iy2pFft0katqGERCViuK6fpQ3TCGzpAG9IwtYWXuAiclpZGaliF1w+UWlMLV0QFZ2DiqJpezcPCQKWaicPERGRcLQxAbJqcno6W5DaVklvHwCERkRhea6argTYF6e3vDxDURsZAwcnbyQlVuKSmkzsgprUV7bjtGxKUxNTqGtuR2dRJeQ0SohtnKyC1FdWYOW+jrMjI9hZHAEiwuLmCQedx/sY2FhFp+8eYbGhiZkpyUjzDcApaVlcHN0hpWlI1IJwvyiarR3DWN7hwB+sIvHj/bx7OkTbG4/QEvrADpaO/DxqwP09vSiobUfw33daCgrxFB3O+Zm57C2tIjDgy1MTkxgZ2cbyxsLrMiqIO2r5327iLyGMBQ1RSC3PkQchB1GXIVkexJYHnCJs4NtmCVshO4pX6MjYHkbElcCsAxg6W1C3FiwojcgrnSII3VoW6lD11qYN4SenbHYHXhfX4EtMxnc0ZKBjK4c7ukq4i5DVl8ZCoYElpnyUQaLoWmjAh0HVYYKcUXMeLLSFDDlJwBKA+7BmvAM04RXmDanWuLUK0yXaNKDV6Q+vGOMEJXpwgZJGu+FGqKzFv3DVegYrERjdzGqm7ORWRqKyHRiIcsKGQKIWEEIKCqo80JmuRuSiKyEHCIrzQW+0ZZihsTSU+W4m0lFzKYZ2MuJYeWljsAEPh85DpAUOSGbn1fS5CcCq44oqOwMQ3FLsJjNquyJZeMtE10TbJxNF2KK5cfqTgs2dtuxddDJ8qADsyxX+sZZBnVLUFAbhoRcDx6XFXFgRETpwMxNE4au6jBiCPPmhJapu5CZ0YCVpzb3R5N40IJjgD5cgowIBuEXdmbwCLeCd5QtwoXMVo4Hn5UglEpjCSwJ6lpTiKwUzieioiEeuRXhSMn1R0wyoR1tA/8IK/gTbEE8F9ESB8SlOSOt0AOFVYGobhIG00dA2h6Bxq5ItPZHo3ssHv2TqRidy8D0ahZm13Mwv5krxux6NobnCM2RaLQMRhJUUWgfjkDrYKgYfRNxbEhlYm4tB7PCtiuZGFtI53KWfX3RaOD5rKj3R3apI6KyTRGUog+fWD24hqvDJVTAlBoCktUQkaGByExNhKWrIyxVHUESZbhHEVGBSjyXxLovyyx3OQJZFpbuCnDw4/thagiVmCAhwwIxaaYISzJiuWTA+0wHdgS8sYMweP0SlAwviF1CykZXRWCpm92Ahvkdxj0RQO+67N6FMB5KDOG1tTyfETlxcPq/IusXXP0LsFQFXDFU+b4a11UXAPVLCNiS+wVZR12N78Zy3Tn6RSKBpaB3E7JawqDq87hxDKxrCh/gvgZxZXwK2hYnoW97BCyf6DM8VxeRWHiVz8UVNg5usC68i65JWQzM3cfYkhJG5nUxNGOOgSl79Iy5o7nPj8gOQklVKNKyQhAr8ReB5UVgOTiZHI/DUiCwuB/qlyCjQmAQU7dEZBFXigx5QusXSP0zS3VN4WhQ+/8LWEdZrJO4eowsIZMl4EpAltBlKGa1hF8RyrwvrnOT69+QJ7Tk/gmsdyFASwgBVxduC1mt93D1/vu4TVzd0z4Jeb3TUDQ8w4bjBaibnIOa8Vleo/O83pw3OUvgXiaKrsHE9SrMXa/AzOUSTF0vw8jhEs/tFejbXIGe9WXiXPjV5llejw95PU5DRvUE7qme5DUirKxOwNj5FJ/nD7kt513fg5W3AKyffk1M/Zaw+iN++vkbxt/5+r8ZXxJXX4hZrR/53o8/fYEfv9/Cz9+t4OfvNxjbRNcelx3gp++fcvoEX3+zir/+dQb/9cdxfPQ7tsw/6cWjlwTLsxasHDRgfqsOI4slhFQpRlfKMUTY9MwQJBO56JzKw+BCOdYOCIbDLuw97RPHXgnAevnJPF59uoTXv9nE299s87Xwiyp+5sNmzO7UY2q9DqPLVehbKEHbRDaqu4UB7vFi12DTUD46J0rEv4gQxoFNElez2/XcroGgacTkplTslpxYq8TCbiOWCaqNx0I34SDx1IfV3Qa2UomoZ60ED9HzXABYHVZ2S7G2VyVCZ/txrQiu+Y1iTK/wmKYy0CAMqO9MRnlzAspbk1DUKAx8T0BVdxwahpK5nyyoZ3LQM59JaGZy/7MwsZ6H+b1CrPLzNp814wHPnTDm6uAjou5lM7Ye12CbwNo8JOwOG7HzhAX7kz48fLqG/d1ljHRL0VAYi6woN+Qn+CA11AmhzsaIdjVAio8pIh204U5UWWjxYZe/A3MtedjoyMHRUBGOxmzh6yrj5uXzuHbxPK6cOQu5O7dgYagNZSVFGBrowczcDI6OLgiPjENgSAycnL0JHxdo6dnBwMxT/PVgRX03MgsbUNvUg4GxaVTUtSMiIRdmTlFIy29l67kJqcXdSMwjsir72NJuQ0NLP3rHNlEi7eb6fegdnMTwxDzxUY+S4nyUlUsRn5CCwOBISBKTkZefi6joRNjYucHOwQ2+fsQTl2dnZ6G4pBwZGXkIDYtHZGQ8EuISUJyfDzd3fxYY3oiOSUZ0bKrYFZmRU4m4pELiK4qfn4am5lZI6xr5GZUoLapESkoO/HzDIInl9WqQitjq6uzDzMwiuroGMDczg4PdbeJnBsME0spED/qa6xHj5wsrMzP4eAoDRzPQ0j2EKp6XzZ09rG3s4NmLF9jf38PK5kM0tvejpqYB1fVt6ByaRUt7H6TFecjJzMby4jw+/+gFXj0/wPOHD7C4vI4tfsajR7sYnF1BRU8rkkoFWIUgKs8HAaw4A9O8EJTmCfcEBzhG2cA23BJWwQRWkCmBZUxgmcDCy4yVuDkrcxOYuumxwteDgYsejJwMYMJCVc/BGCrm6pAzvE9QyeCuDvGtI4PbmvdwW4OhKYs7Ogq4JwDLSEUco6VuqwF1Ow1o2alCz0kNhi5qsDjuynMN0oJnqKaYWQiK0UZInA5CWKkGx+ggMFYHwRJ9hDCCEvQRQTiVNMWhf6oaE4sdmF/twdJaHxYYM4udGJxogLQjGxmlvL/LnFHeRvi0BqO00R9Fdb7Iq/ZERpk7kgvcxG62wDhWFIG6v4zhMXNTIrAUWTHLcV4RHmFGiEi1QVyeE5KLXcTuLgFrVe0hqOuNRHVvOIEVgGypL4paQtHQn4z2kQx0sVE4zkbi4mY9lrfqscSYW6s56hoUfmDTGIm0Yl+EpjmKQLL10+P51mIhrMbCl40cV+EvKIRQEX85J4w/ErpMzd1VeX3UYO0nIEsPzkEGcAo0JLTM4BlhjeBEAinDg0AKREFlFJ+XBNQ0ScRMljAtq49DdkkIEjO9EZ7giADiLiDKkriyQFicNc+JI4HlhJR8N+SU+RBkYeIAdGFMVnVLOJp6otA2GCuOzZpcysPidhGWdgqx/KBIjKWdApZzuRhbTMPAdBKf2wSx67B9OJyN2FiMzidjhrBa2i4W//ZhZTsfS+u5mFrMRN9kMlp6o1DTGsjr5IrEIu5PljH8Eohr3hdeceoIzdRCQoEukkv0kFSsi/g8bcRkayEiUxVBqWwQRijyegpZLHkC6x6hehe2vnJwCVFAoEQbSfmWSCuwQlKeOcsaU0LLCCG8rzwJeDtvwt/6xtEvxEwEXF2HuvlNYuc2sXMXWpay0LaWFwed/xNYx7/ms1YgrARcyULrON5BS/3/+pWggCtxoLuQxRLmBWwJCDvGldBdeIQuToW/lTA72v7dX0uIv2gUXwvIugU5nau4p34Rt1XOHXW9KX4AOa3TUDM6DV1LAVgfEFgn4Bd3BuEZV5BQeA1ZtVdR0XULzWO32JiXY72ngqkNdUws6WN8wRwjs/Z8xjwI5CNgFVWGsDwMYXnoj5AIT3j7OYgD3S2stKFvrAA1nZuQV78MWe7DXcWTuMO4rSTEKdziPt1UPC0C8N2vBK+K4BK60ghDpbNi9+C7OELWEbAEMF7m9JIwHkv2aCzWxeO/gxC7B2VPEFWncUvIjBFa1+U+EIF19d77uCJzFGIGSwDW8a8KhWVCVu2e9gnCiufJ5Ayv73ler0vE1EUCmvOWZxlnoGd1FhYuhJXbFT5/Qlxl+UBguVyEhdtlmDtfIcwvw9D2MvQsLkCbn6Vu+CFU9E5CRecE0XWSDbWT3P4MG0jn+Iyfg6XXaZZ9J3lfElg///zf+MdPf8A//kFY/eM7Quuv+MfPvyew/us4viS6BHz9GT/9cMjYYuzh5x8eM56JuPrp+xcisL77bh1/+9ssvvzDOD7+YggvPhN+EdeLvZe9REsblveEv2sox/BiMYaXC8Wusu7JAnSwRdg9XUB4VYnA2hW6B58P4vDVOJ5/PC3+J9TLTxfx4vNVPP90gzGDzSetWNxrwMx2A2+cOhFrHZNZqB9IQUW7BJUdKWL2qkPA1XwVRhYqMb5cg+l1FoSE1fxeK2Z3WxiNmNggsNaFbsIqfmYH1h8NYPNxP9aJrSVCbOlBPferUezu3DhsELsDF3eKsbxbzkKnjNhi7AldBiWYWipiYZMsAquhJxmVbSz02pJQ3BSPkuY4lLZGo7orHtK+BDQMS9A2lYLeeRZWi1kYWmULkYXS0kEpoVeJ1cMabDytw9bzJmw9bcTaI2EQfiXWibr9Zz3Yfd5NcI3ixasHePJwDRODzWgoSkRVWiCSg50Q52eNCA8z+NnqIpbIimO4mqjDyVgd2koyMNMinDTuw1hbDobqCtBUvo/7Mrdx+9ZN3L1zB5rqrJCMdaGhqQETE2OYEQ2uLp7w8ApFYGQqzG08oapqBC1NU1jb+iIkKgdl0g62VKchbRpiod9HRLVAklWNSEkFC/UWFvw1KKodwtDsNhp751DROILKxn6CYR3N3VMor+lEbUM36luG0NTUJg5aT05NR6IkDVGRCYiLT4a/XzgCAmMQHhUP/6BwFBWVIzYuCaHhcXB0ZaUWHoM4SQZCo9LgHxCFsgriSNrMllky3w+Ab2AsktLKkZlVhKISKVpbekVwxcVlIT2jBHV1zUhPy0VgUBiBloR4Yq6qKB95OTmoqSDSx0bx6OAhlpbXsL66hY8/eo21JZ7/4QE0VhcgxNMZPk62SAoPFLsg61oJyZImDIwvEFkP8fDxCyLpEB9/9gX6xmaRUSCFtXMQ8ksbUVhSR3A1IjQ4FNMjfXj97CFePNnHr9/s4emTA6xu7OKTz36Nw5e/QV59PYKzwhGSG47AjAD4pLgjKNOXU1cCyxHOMfawZ6VsE2oJiwAzWPmZw8bfGhbeZjB212fFritmr8y9zBmWbHmZsJJRh6KJgoir+waykNW/d4ysu8TVHdxUvYtbGkfAkiGw5AlzZTNVaNoIg+S1oO+qSUBoiZkZYdyTUwBRH6JNXGkTVHqIStInEIwQl0n4pxqKr6PSjRDFZdEZxsgo90bzQB5m17pZMQ9ica2fwOonsPqP5td5r8w0oaIlDvm17oRQMCMMZY2BKCKC8mp8kF3hTcS7ISLFAUHxNuJfABzhSvEYWAzOW/uoixmuyDQ7xOU7s1J3Q67Ui42zIMItBDVd4ajtCUchgZVa5YVU4q2kKRS1bCS1EVlDs8WYWqkSx1yNzpdiYKoALQOpqGqNQy4rrLhsD/jFW8ExUE/MXpm6acLIWZnnR0mElZmQTXM96rI0czvKrll4qIpZNWsfDdj5aYuZLOcgQyLNFN5R1gjkdY1IdYck1xfZpcKvDGPZqGHDrSFRxFZ+VQQbMgGITeO9EGuDQB5fcDzLgXhbgssOUcn2SMwgJnNcCBF35Jb7orA6EMXSUJQ3hqGhI5LPbzz6J5IJrHwsbB3BamW3mA3KMjY4K8S/cphbzz/+pWEyuseEv6CJw9CMBGMLKZgTgLWZx3WLsf6A0NrMx8xyNvGZio7BeBFY+VJX5FTbQ1JogcAkQxFZIek6iC/RR0qpAdLKGRV6SC7lsgJNRGcLWS0V+CQowCFIHrb+8qzI7hOjsnAOloNvnCoSC8yRXWbPsEFmqSVSCyyQmGOOmCwTBMaz7AvW5rUX/rvtFqFDWFnehKbVLd7zAq5kWAHfg46N/PFg86OslQArXWv545Dja1lxPS3LeyLI3gFLyDy9C2XiSMnkHkNGDGVh0Ls5kSWAiiHMK5vzfeJKwZTvm96GivEdgk/Iot3l58uI+6NhJkDrFtF1DYo6l3BP7TxuK5/FHdVTkNc5xeUnuZ8f8JhO8B45gZCUDxGffw2pFddR1HqFdcx1NI8IwFJgvaeJ2U0tTK/qE1nmvF8dCSw3dA77QUpgFVYFEVhBiJcEIJjA8vJ3gLOLOSxtdGBoqggN3VtQUr8CeeULkCWmZBVOQUbpNIHFIH7uEFE3hWyVwjGyBEQpnuP8BaLqvLhM+LsGYYC48NcNR/+JJXQjHv0q8TKn4uB22Q9EYAn/dyVmr0RgnRKRJWSxxGyZiKyjsVgisIS/bbh79LcNlxjX5X+FuxrvQ8nwFDTNz0HX4iL0rRjWFwml8zC0Pwsju7MwsD0DA5tTsHa9DGt3IXtFULleggVDyGJZul6BrdtVWHHewukizB0vwMj2NPQtTkPH9DS0jE/B1OE8n9GrcAy6Qfhf4/w1lnlXWOZcgHPIBSGD9V8E1f8SWF8TWH9j/EV8/fOP/yNmsv7xk4CtPxFYf+Gyt0TVIwLrAP/44YkYPxNW9xMBqQAAIABJREFUP//wHD9y+T+BNYZPvxzGi097cfimE1tPhP9tasTsdi0m12oxvVEjjj/qmclD11QeOgmsXrb8xpaq+fC24uBpPw5fj4h/yyAM9H712RRefz6H558s4OnHy3j4ZljMXgkZp6nNOoyuVRFoOcRVEsrb48W/ZxCyV20j+eifOcpcCbgaX67F1JoUM5uNmHvQinkBWDt1BFYJhleLMUCkTfG95b0uLO+3YW67DlPrNQRcLWa3OF0vx/xONeZZ6EwJY6dWCjC9Voj5zVK29MoxyWPqm8pAfVcC6nuSUNfFQq81kcCSoKghFoUNUShpiURFZyxqByVonUxD82QS2maJLLbwBpfZ0tsWgFVBXNVi9XEd1h4fAWvjaQNWHtVgcb8SS/s14jndedqLncfjePZ8B7ubM2iuykZZRihy4jwRRljF+FggxtMEkS4GiHVi5eagA3dTTXhY6UFR5iZuXr8MmTs3IH/vDgw02LpSYwGirUZYqUBDXZ2vFaGmrAglJRYyurqws7OFpaUdvPwiWFgXwM4jFnomLnB2i0ZQRAHi02tRWNYCaX03C9JVFtzdKK8fYAtpHE3EVMfIJlvHS2jonsTU/CZ6BmdRVjeCgYl1tr4HIG2ZIK46UVnTjKLSZpRXN/OhzyeMIhETk4jIiDhIkrIQGiZBVGy6mNUKCIlGRHQKomMkkCSmITUtX1wnODQB4ZHpyM6rRHJmMYrKm9HXP42s/FoEcXlaZhlKqloQFZeJ+rpWFOZXoaq8Ae0t7SgurEJOWjZyUlORnJiMQL9gpCUlISggHBnE3sToCA729rG4tIKNrQd49vIlXr96ienxYUz0NaGztgAJYf6wNjJAYGAAyqsaUd8xwgpolZXPLiudAzx+8hQP9h5ibmkT9Z1jsHGPRFC4RMz2dfSOo74k+/+n6r3/28quc+/8D/d6PE1tNE2dYu+9F5AACBYQIMEC9l7B3sDee++9iKREiZKo3uto+nhcJs4kjuPYcW5yHcf2FD/32Rsa531/WJ99cIBzgHOwz97fVfZa6Gppws39XXz67Cae3r2MW3vn8OTRfTz98GP87Je/wuU7j1DS3oC8ljLkt5qQ3pCJ1NokJFfpoC+NhcGkg644FuosNVRpKmjSIxGREoYwQxBCDYEWS5ZRQ+BSwj/WDz7CxRfhwgnCCfbB9hKw7AhYNv4WwDotAcsKp71s+NoB9oGuhDF3uCrd4R3liSCdN0FBBHL7SEiIEakR0r2kKzCjOABF1Zwwm0JR387Jr1XJyU+Bck5+5eYwmMzhqGxTo204jZN1L27e5zN+b0MC1Y27FtDav7WKfb6+eHMRk6u1aBk2oHsiC/0z+eiezED7iMi5ZERjb5J0E+bXxCK1RClXEAoLVoTBVUKMQu+K0DhnqAgxqSXhBKwYFDdrUd1lQPNwMton0tE+lUllKBud0xmoH0pGeacexS1RMLXFEgxSCXXF7NNV7M91WNxqZH+vw/RKNfeXoW0kF1Xtqcjl94skp+oULygSPRGc4IZAwl2oAKoEEWjvwm0nCXuWoG7LKjkBfqoUdwlY2swA6HNCeB5hwVLKhKt5VfEobSREdqShuScPnYMl6BouYVuIps4s3tdkfiYWGaVKigq5FVHIryBglUcivzISpvoYCVjVzTrUtOjQ0GFAS48RXUNZ0qI1RYBc3qmQcVSXbjVZAIuK3y0C1s1HVCofCunHzYd92L/byQm7mWDVgPP7tTh/rQaXCV77d5qwT8jav0tYJlxd2K/H2i7v13o+x4NUdI7rea+jUdOtRk5dKOEgEEUt7B99QajvD0LjUCCaRgNRP+hLYPCCqcMThU2uyKxyRFyuHaIzHKA22lNhsEVCniOya3wI5xoCYzRFgyZKfReVnI5IlLerCPGhMBaHyAUPPpGEqUhClZpwpT4DH7W1BZzUdvBW2Uk3oF8klc4okXPLXubeCuS2Hz/jpxZJQe3k5wVgiWShIu+WTFAq3HsUJ4qEqzDCFt8XMOUaYYEql5dw5cT3nAhWLgrCVfgpeISf5vefQUC0NQJjbNieRUCUFeUMfJUn4RHyHqHqCGw9D8He+zBcAg7DI/QgYeENxKQcIHwfREHDIYLpcbROHOcccwLj66cxdc6Kc6s9Ltz04HzlgYu3fLC1H0rYjcbyeR3/DyNG5jLQ1peFGnMmSsvTkVOQTCVUrCRUQh0VgBCFC3wCzsLD5ySc3N6BvfNhyiHYEZisBfDxtQQsEfwtIEtYqVzekoB10tki4j0hp4WL0U185uDLQHhLrNZ7Ihbrb0HvItfV65ZVgLaW4HYhJ+3fJGC9+RKwLHD1/ksX4dtnXpGrCI/Z/IgQ+grv0QF4hhyGT9hb8A9/G4HKowhRH0U4gShMylsIjTqEUM0BKGIPQRn3tgQoRcwRbh+VUKXUvcP2PWgSCFoGQpbuCEHrMM9xEGFRh6GIPoro5FMw5NsgKc8ahryzSM6zoVgjKf8M0ktPCMD6JwIUIYoA9b2Aq+//HX/l9l+/JXR9+ztp3fru23+VVqzvv/kZoeoztp9x308g47f+8iXlCwLWM/y3BKyr+M1vz+Prf9kiFK3hg58Ii9C0BCyRxPMCtb3L90exc6tHWq2WLrZiYdeSV+bcfqcEmiefrMqUBR/9dEumYfjiq0sya7tYPfjZV5fx4KNZ7D3ox/bNHqxf7cQ8jxcpGHo56EmImRLxTjXUrDqwvT9IsBqUrkEBdxcpe/fGCVaT0op18f4wwaoJc7v1mDlfh5mdGixfasH2jX65UmjrWjc2r3bg3LV2agJtfN2O9b1a/t5GbFxt5Oc4gNzr4vlbqVk3YmZTxF0Vo3+6GEMLAvZK0TlZiqahPDRRS+ycysfgchnGdqoxQ41ubLsM4xfKsXy1HudutuD83Q5cfkRge0aQ+mAYtz8ew71PhOtSwNUgoXKYYDiMux/M8D6IHGF7eP7hXdy4tonZoVoMmrPQVKRFXTa11vgQZMf6ozSZExgn1aIoH+TGBCBHHw5fZyscO/YO3n/vXdhaWyHEn5OkpyuCAwMQHOQHBztqZc62cHKwhruHgCxOCmEKKFUaRMUmISm9BKqYTOiNFSiuHUdB1RDaeqcxtXAOy5u7mFq/haaBcxzAR9A7tYXVS/exc/UJNd7H1JCvoqF9Gktbt1BlHsPc6jXMLl7AxOwWltYvEa5G0dIxiub2QfSPzPKhNyPFmI2SslpU17Wjqq6V742hvKYbRaZGFJU3oLCsnnDVhOa2XrS09sNs7iFM9VOrn0Vr/xgS08v4OTMGxOvBOdS1DaKkvBGlFa3o65tCT988RieXMDk2jfnZBYyPTMDc1I6ZMYL1uVX0dHVDp0uXLsfSEhMWpiYx1juEFx9+hKfPP8Dnn32GhfklrM6MYGu2F32NFTBEhiBGpcJQRwOWl5awsnOZcg0Xrt7GvUdP8ezDT3n8p1jbuYUS8xA0cWkIi83m/biMvrZWDDTXIj/PhNGRAYLWJbTUVOD5g6s85mN8+OmX+PDLv8fg3CSq+1tQ1mOGoSIZ2iKCVZkBaTUZiC+LQxxfx+bGUeMXlqtQhLMvRKYqEZ0Zjch0DUITg2RyUb8YH/hGecFL6SYBS+S5cgixh1OwCGi3hbW/iMGywhnPszjrbQsbApZjkCtcFW7wVLtL65UArDCdsF5ZVoXFpHpDR8AyErAKykNQSbhq6AyHuUuFpm4VGrrCUd0ehrr2CFS3KFHboUHLUBqVlAFcJ1TduLuOG/c2pSXrxsvXV26vUpEhYK3Xo2HQQJjJIlzlc8LORutIhjy+ricRpYSH/No4mV1cTVhRJrm9XLnojvB4VynKJHdCSwhyqqJQaI6VOa/qRMD8YDLMwykUIyf4JJnJvaAhErl1Sk7kVFqaYlDfk4Tm/lS0DKShYzgLXSPZ6BqlcjOQjerOVBTWa5FSFC4hKSLZHSGJLghKcEJgvKN0CYaLAG0CloCrsARLOgKxHcF9Kv4uEZgvYscEYOkIWPqcMAlYqSXRyC7XoUCkbGhMQlVbOuo6c9DYk0OgyODzlISC6ljkVEYhp1zDz2qQy+28SrYErNwKFd9Xo6QhGhW8R5XNcaho0lpAq0tcUwqG53IJjkUynur8fg2u3W+VGd4FWImwiHtU8B68GMfjD6fwiO395yO49ZiK5z0qnjcbcPFGHS7drMcFtgK6Ni5WEa4qpCtxdCGF42MCQTgW5sEo1PdForg1nPAUisreULROKdA5E4b26WC2oWibDEbDsA/7uDtKOl2QU+8MfZ49NKm2ErCiCFrGEhcUmf14LgJWfwyaeU5zTxQa+7Ro6I1lH4tCcYMS6YRpAVh+UTZSvNVWFAFa1vDTWKxV3ko7go4tAjT2nGwdLBJrWaUYStDyJ5z5E4L8NbbSiiUsTmIVomuwSDJqsUS5CqtUhDXclAQupWg5lhLcXNm6q7kthO+5R5yinIBnxEmC3UlC3SmExNlSSbFj/7ClWCMi0RoK3WkExRCywkWgtQjUtsQOBUQf4rN2ADHGg0gtfIsQeRQ1PSc4x5xC/8JJjK2dwey2HRZ3HbC254q1i64ch72xvBvIuVGJmfU4KnfJGJhKJ2BnobIuE8WmDOQVJSMtKw76RDUio4MQFuEGfypbHr6n4OLxDhwISfaEKwcCk53LUcLVW4QakUJCWKpECgPCFYHruJNIMnpEughPux19ab06RNCyyEmng39zKcp4LJmA9JDMj/U+QeuYSM3wErAsViwCliNbh9dw0vY1HLN+Fe9Z/xB/9SOZruGk3Y9x1vU1OPkSsIJEAtbD8Fe+hSCVAKq3EBF7VFqjIghT4YQpBSErjJAaoSU8xXK/9m1C1TuEK0JY7GH5WhP/LjSJhK74Q4gQcVYxb0JFIItKOA1dmh2MhXbILHVAepE90grt2Togo8SBz91Z/N133/5KugG//+4/pHvQYsH6HSHr32T7/Xc/WLH4mW9/Tqj6JeVrfCvA7Dux79eEL8o3n+Mvf3qI//rDbfz+/1zBb363i69/vUpAmsP9j+dw/YkomdMnoWX3zjBBQmR078LKbgeWL3ZgZa8Ni5dEPFIH7hHInn66LlcJyqSbX+3JrO0/+8eb+Pjn6zJb/HnCyPKuGXM7jRxs6zCyUktqL0PPjJByDCxUYXG7jZrVsISrS3dHpCVKWrDujuPKgylcfjyJ7TsDWNwzY2KzCqPrlRhZq8DYRhVhq0FaxUROrcULljI6cxeq+X2V7LSVhMIarF1uIHi1ELwa+boKkzyud7YErRxo28dy0DNdyO18amoFqKWG0EgNsXOmEAPLJkwS5MbPl2PwXDFGtksxv1eNtetmbInyN/cJmoSsq8840bwYwf4zghXh6vLjIVx6MEoAG8W1JxOyNNDjT67g7qOr2FgnJLSZUJWfAFOWGtXpnLzSIiRkladEoDJFAZMuAKW6QOTpwxDmY4dj772N06dOw9eHk2FkBMLDCFcB3gj094aNDSfU02fgYG8LOztqbL4+cHL1hJunLyIj9dASNvIrBtAyuoeu6VswD23LIPXplfPSFTaxegmTm/cwMLuHuu5ZTnybmNu+SU3/Bua376NzbBP9U9uYWrmK/rENnNu9heW1HcwvnUdXzzRaea7Gpm4MDs9iYHgeNYSqhNQilFR1SitUY/Mwv78Hg6OLaG7pRll1O8ZnV9HE7YmpWVQ3tCItvZgQ1glTZTdyCyoQrk6CMZXafs84BieW0NYxgOLSBjQ0DaOlaxLmzkmee4AAVYnRwT7U1TdDr0/H5MQEnj68jZERS6mg0CAFOhprcWf/PJZWN7G9dQG3b17D8soGWltaMdxRj/7WWkT4eyI+UoHpzgrcurSMzfO8Jwvr2Ny5iOcff4YnLz7G5198yWfiMSfzDbj7RyM6vgg9Y0u8jn5sTPSgv3sAcQkF6OkdxEBvL8b62/Hp84e4tHeDE+ANPP7oQ/bneyjv7UBJVzVq+luRVV+EAnMB9CV6xBXqoM2OhjIlTFqvYjlw6nINUKdGIMQg0jN4SQkkGPnFehCy3DjBuMA93IGatSiH48hBXQS2n4WVzxlY+1rD1t8O9gHcH+wCt3BXeGkIWDHsN3FeFsCK95Z5jWJTvaAnYKXm+iCnxA+m+hCCrQINHREStOrY1hCuaimVTeyvzWo0dCdZXIS3Vv7HRXhnHfuUvVtruMx2/fIEOieKUdGpR53IFj6SSQUmg/cwA/UDRlS0J6CoMQ5Gkwpqfr8iSSz9d+Vk5SqzhYvYMAFXYl90uo9M55BZqXqZz0knpZTAUdoWh7x6tSwJYywLRUppCNJMYcitUaLUHI1Kfq6yVQ8TIaWsSQSf61HWqEdutQaJBcGISvdGBMEulHAVSLgK0DvwPnOyFrmdDJZUBGECuPQUsZ9tBPepktz+Blgx0kVIwMoWgKWCsTiWokU64TmnSk+QS0Jxo5EAkSSD+vMJV3lVMVIKKqJRIEFLgJWakGURUeYmt1a4RtUortegqC4SpY1qXkck/49odAwZMLGUi+WdYipEFS9jqjqk9er+sxE8ezGFpx/N48lHC/jgk2W8+GQRzz9Z4OtZ3HzQI1M9bF2pxvquiX20DItbRZjbKMT4Ygb6J5MIozqCUBT/OxVqeyk9BO5hDbrnojF1LgqzO1GY3FJieCUMvfMaNE2EoWHIC5VdXshpcIQu34FKgi2UyTaISnOEsdQFJU3+hONIjjN6NA9oCVdxaB5KJGDpCaHRvE9qpJSESaj1i+J4FmUrLVleEVbwVNrKfG0+aovrz1cClg2CCGHB0bYIixEpIOwQSsgKFpAVZQ3fyLPyWHeFyNxuBefgU1LEtpuCYBXOVrxPkPKMsoJvnB3/f1v+/2fhF0fRWsEn6hQ8VCf4O07ynCcQSIgKTzxLcLSmQmSN2Ezh/rRjHzgLpeE43z/G3/oOAe4ogewt9pcjUHHij007AmPRWyg2v4v6/tNoHz+DvhlrylmMr9pzvnLCwnk3jrvumNnwwfR6MCZXwjEwE4vecQO6htPQ2J7BsTIdxeUZyC82Ij1bh4TkSERpgxGmckdgiJ10E7p6vgtnwpLDS8CyFYAlSs+4iCD8ozLm6gTbY45HpAXrFKHKyu1tCgHLRZTPOQAr14OEskOwcjqEMwLG/n/lcw7+bXXhMbv/gSuLe/CgBCxpxRIZ2q2Ee/C1/wGsMwQsh1dx1uV1OHi9Ca/gQ/AJO4xA1SGERBKmot+SYKWUgHWUrw9RDiI89k1C0wGode8hMv6YFJX+Pco7UOsJWIa3EJn4FpT6w1Bo+VntIfmZmEQ7xBkdkZIvYIrwX+6KzBJnZLE/ZpU7I6fGQcRg/Zqg9CsLTEkX4X9IF6G0YHHfd98JC9ZvCVJfs/177hNgJbZFcPyvLHFa3/0rgetX+Mufn8pUDv/3D9fx+/8gZP12Hf/wq3l88rMp3HjSjwu3e7FzvY+QM4qd2wNYv9qNlUvdBKsumaZhZqeO+xqpCfXi3oez+OALsRLRktX8y19exieEq+dfzMkYqEu3RAxXC6Y3atlZ6tk2Ylgk+JyvQN9cOfrnTexcdYQgkUhUQNWoBKwLwkV5ZwyX7o/h3O1BbNzsJUzVYGTdhOENAs96GfpXCT2bJkxtVWGC8DO5zddrRRhcLmFbThAr5wBQTQBrxNJuPcGBn+Px3QKoxgo5WOQQODKoCaejvjcLNRQBWGbub6W23bVcil5+R98aJ07RrpdieNuE2b0GrN9s5e8SkNVNyOrHzr0e7NxlSxDcfTCG3fsTlDFcfDCB60+XeV93qe1fxNJcHzpqs1FXmIC8pHAUJISiPDEMxYYIlKdFIjvWD2WJ4ahIUSIjmoN/sCdcHGwkXMXFRSE1WQulwh++Xm7w8nCBq7Mj7KxsYG11Bk5OznB1dyNgecms6CHBKmi16cgp64apdQ2ds3d4rTsob54iOG1xQL2KtsF5DvhjGF25Qe31HiaXr1DD38TE4j4n0OvYvPwY8+v7WN6+g/H5XSyd28fG1k1C0hZhZxotbZMYGF8h/AygpLwFzR1jyCyoQVJqMUw1vWjuJETVdaOnbwy9A1No7x5D3zCP6xzkQNGExPQSwlgHmjrGUdUwggJTB8pqelBVL/JsjUrI6uqfhKmuH6XVPSiv7oS5eQSdfdMoLqpDWHgsauo7McxzdnX24/6D+ygqKUdHezfvVzwy0tMxPjGG9s5erK5t48MPX+DhIwLl0DASDckY6qhDlk4Bd97HglQDdhcGcG1vG+cv7WN9+zL2b9/D9sUruPfkBTav8Lj5Cyir60Vb/yLMXaNysUB1TR1mRgdQUFjL66lGXUMvikpr8OD2Pj5+8QEuELL+9Xe/x2c/+4p94QPMX7jEvtaJzLp8JJWkQEe4is3TELCiJFjFZulkDFZYYoAsjROa6C/TNIQn+xHAKMk+nPwJW1oCk8aZg7iDBbRCHWROLOEyFHmxnBROcA4nXEW4coJwk9nfA7Q+CNH5EK58oTJYEkfGGr1gyPBCWr4fsov9UVIdJK1Y1U0KVLcoUMG2oiEc5Q0KlNYp2F8iYGqIRfdoCVbOU5m4uYCrdzdw5fYmrtzZwmW2q5emMLhgRnV3GkoJOCUtWpjaOYl2JaKiI4FgFIcCQkN6hQLqLC+EJjkTJAkyic6WHEuEl/AUdyiMHmw9CFoe0sokSu8YSyJ4nIpAFYm0MpFHK4iTnC9iRKmdTD/E8zPC4pVeGo7CmiiUEchMZq1sS/m7i2u1yK2KRkqxguBG0ExxQwi/NzjBEUEEqSAClnAJhkvAsuR5EikGQuPsZYbyCO5XEfoikz1eApYXYtL8EZchSsqokJgXieT8aCRRUgqjkWGKQ3aFnqBlQE5FHHLLowhS0dwXJd2ChdVR8nda4EqF/CoN4YrbNSrkEbLyKiM4MYRzYggjkIUStsJgalGipjMK3ePJHFezsbFXjt3rjTK7+63H3Xj0fBTPCVfPPl4kZC3ig49W8NGna3jxmUUefTBDIOvE6vkqzK0XY36zhG0Rn/9cDEwb0T8h0kMkoIUQ1DQUjbbxGIJALCZXEziGJ2DlYgIV73iKjop3LKbP6dEzG4OW4QCUd/ghvcqNCoIdAcsOqmR7uZowodAdhY2BqO6MRNtIOiHLSLhKoXKbhYZ+I8rZR3IIxXHZgYQUV/gLaxVbH7aiJqBYmBGg8yXo2Eq4Euk7BEQFUIJeZokXOdOCpYjSNoQr5Wl4KE7BJfQEFY2TcAqyAJabSPlAwHJTEtzUBKloGwQaCGophLRkO/Y/aygSrdg3rNg3T7FfHOd3H0ew/hRCKOFJVtAQqLS5tojPs2Ofs4M2y4YK0SmExhPEok/AO/Jt+EYTGAxH2U/e4efeQVrFOyhufQ8Ng2fRNmGH/mlHKYPzzhhZccfIqitGl10wNO+Fwdkg9E6q0Dkch47BRLT0GlFjTpMB7sWmdAlYaRwrDCkaxOhCoYj0RFCoPXwCz8Ld+xgh6z04u7/L+eAd2Lm+DWtXwpOzBa4kZAnAchBuwCOw8ngbZyk2IsmnlEOw8zwiVyOe5ftnhSvR4X9SNsgAeSHcPu5wQAKWAKvThLDThKszThTHN3FGWLfOvibzYL1zxpL7Sshxu1dgTcByeglY/oq3EKA8hGC1cAcekoClihOARUCNEoB1gIB1AGHRb/I1gTXuXYIVP6M/ShH1HN+WpYfU0nr1pgQspe4IogynEJvkgLgU9r9sAlWZOwqqPDkneiKz1INjiAufMxdhwbIEsst4q+/+TQLWX2Wgu7Bk/SdFwBXB6ttfQqw4/P47IX+P7775+qXl6zcvQezf8c03P8Wf/3QHf/zjPv7vf+7jd7+/gF//ZglffT2Cx5/04qooPUNAuPpgClvXhXuviwDUi8WLXZwcmrGw0yCtQjs3mnH1YY8MKn/2uUjwuYQXP5mXebWefDohiyTv3e7E9rVWHtOImfVGUnk9JlarMbxYIYPcBxZFeZxyjG/WYuVKl3T5nSfUbd+iEPI2bvRi7UYf5i7WYWCtGEMbJehn20fg6V8uJEiVYHi1CEOrBVJ65/MpRehfIIAtlPL8Ju6nrJRhbFnEfJWiY6oILSOFfKizUdOTxgEhGaa2FJS0JqK8PQW1/YSu8Rw0T+WidTYf3QS2rqUSdPIcPYS2oXM1mCSwLV4xY+NWN2HLkkJiQ7gqbw3i4v1pXH0yjytPxErHc7j/4TbBcQ3nL29iY3kUvY15aC7TozY3hlClRLlRgQIDIcuoQpY2EJlxHEDTqZmoA6Hwc4erox1hKQgJ8THQx0YiUhkCNzc3ODo6w9/PE94eHjh5/DTO2jrDxtENdhRP7yBEajhRq3XQxmdzUJ5D0+RtdE3vw9y7jM6pXYwsXuX/cpOD3Qpqu+YxsXELK3v3Mbt5mdrSGkbm97G6+5ga7n0O3s+xfeUxlreuYXljH5V1AxgYXUPf4Apa2mcITDMwtw+jtqkPOflVyC+sQm19FyqrW1FDkCooqkZxWQO6BiZg7hxBockMQ2oB0vPqkJZdC01sDoqrujmhT6GmY4b7zTKIvrF9DKbaXlQ2DKJjYBENzaPo6JnByMg8uvvYjq9ifWuP8LeKkYl5XLt2E6WltaioqEVdoxl5ecUEtTZMTc/j3Pk93H7wBJvndnDz5jUMDo8i05iEBKUvtGE+yEyIwURbKXbXJnie69INunruAqYX13Duyk2cv/4AGzuXqXkTrghY5XVdiM+uRERMJjbmZ6RU1w+gyNSClCxOXAur+PKLj/EBIevuvef4+p/+GZ//4u9x4dZD9rEu9rVGFDeVIrU8iaAVj+SSJBiKEqFKDZVgJXJghSUFcJAPQHSGKBcjCiQHyglIWHSUyV5yhZsoc+Md6SzL3rgp7eEaQdiKIGxHusEt2h3uMZ7wiiF0a/04QfgTVgKgThJlT/wIBj6IoyRn+SA13xdZRYHIL/MnSAWjojEMFWYFyupDCJUhBNwQ5JaFIKM4CNll7KPoxH6XAAAgAElEQVRNiRiZa8TcWgeWCFqbl6axcXEK02s96J0xo7EvX8Y35Qp4qInk5KlGdrUIlg5HmkkBQ4E/r9VDuuWCEwVgOUGR7MJrdiVouXLbXUo44SrC4C7dhqpEbwvMZAbI+oUiQF9Yu8SqPiHqJE95b3RZATLrel6FhlClpVIRh4oWHSErDkV1scgizBjyg/hZL0QY3TmJuvB3OPE3OHJCtEBUeIKTDLgXFisBV6Lsi8hQLyBLJM/USPeql4xhE0HuWgKWPkvJPqEmZGlgyI0kZFEpKtYi06RHRhlBqzwWOaYoas9UpkzCYhVJoIpEQbXFLZhXpUSOgKpaghZhI6/qJVwRRDPFvS8NInQForiR/0lzBOp7NNKVN38uD9v7tbh4swk3HnbjPgHr8YfCWrVEwFrGBx+u4MVHq/jgkxU8/3gZD5/NY/9On6y7Or5YIJOODs/nYGAmHd2Eq86xRHSMGtA+ksBtPXrn9By7jVi5kIHl3VSsX07F1rU0nNtPweqeHou7CVScDRxTQ1DcHISMChGT5ozoNGdEpbmwdYUux4v7CfBN4ajvM1LZSyNgZaFpMIevM1HSHI/0MpX8j0VVgQAqBCKprl+0p4y5Ck3wR3C8r4zL8hNCgBKxUEEUUY5HbsfYSMgKYOurOSOD5N3DThKwjsM5hBJ8gmB16mXwPN+PtIJPrDX/ewco0+yhyiQUZtkjhrAUlWUNTZYVItNPQWk8AUXSMfbXE+wvx6BJO424PBsYiu2QTEkssIOeoBXNz4dxUg+OO00F6H3+/rf5/L6D2Ox3kVx6DJk173OeeZeK/BkJWL2zjpyTXDkXuqF/3oetFzonPQifXhxnAmHuUaGxS4uG9kTUtSajvDYFhaWpKChJRXZeIpIz4qAnYEULwNJ4IzjMUQKWiMNy9TwGF49jcPJ4H3YidYPL2zjl/LZ0D0prlLBeibgsUfPPh3DlxVaI+xHYC/E8yu2jMm7rtFxpeJhA9TJlg0jvIMT+IE7ItAwW65WNy2HC3AHYuR2AresbsHZ8DadsXiNkiWzullI5R0/+L7xn/QrP+yocPV+HR8AB+IYeRkDEIQQqDyIk8pAEK6X2sLRcBavfpLyB0Kg3JWyJ10HKNxAS9TpBitBFiSBchWsPQkm4itByf8wbFsBKsACW3uiChDR3JGd7IL3AExlFnlTAhLgTstx+AKxfE57+RULWt9+xFasIv/+9TN0grVbffMb3v7LAlYAsac369Uso+y3++u2/y9itb/net39+jj/98Qr+6w97MifWb/51Ab/45QA+/lk/Hn44iTtPhQVqBhfvCNDpx/qVflmTcP4CB9PdZqzvN2P7ZjPBoQU3n/Ti4UejePLZFJ5+JtIkTMviyPsPOnGJgLVzrZsaTxvmzjVgYqWagFWL8ZVaDC1VE4JEJndRn60Ck1sNMkHgknRDtsrYr9WrnVjYayREEaqWCU4rbAk7vStFGOT28GoJBpfz0b9kgau+hQJuF2J4hVBFoOpfKGGnJZgtmTC2Wsn9Ffy+Empl+ahoS0NRIzus2Yi8+njk1cVxOx6mTiOqh9PROJGFlpk8dC0SsFZK0S4sWmsEws1KDJzjdeyasXCF94Oyeq0L6wSsi/encOXxIm69WMOt5+u488EGgXESm/uz2L12AdvbcxjqLkdPbSrqc6LQVqJnG4maDDWaC2JhztWgOD5Els3RhPggyNsNgX7UCNOzYDDoEK4IQWx0FIKCAuDp6QtfX184O7oStlxg5+CG90/Z4vgpOxx9zxpe3goEB0Wyg1VzgB5BU98mr/0aB84NdIxd5MN9A2NrtzGxeQe13fMobZ7BwvnHHDAfU3vaQffYNv/3j7Fx6TG12zsErccYn7uMpe271KpWCTwLmF6+ijozwYqwYW7pRY1c1ZeH9MxCpGeXwZCch8joFA4GlSgqqUVqlglJaeUor+ngYNGOnII6FJS3or5jgt9xhRrbBtLyG1HXMkpom6Sm0YbK+n60doyge3AWU0sX0DW0TE2un4NMDdraujE8OoPBMUJe+4AMqs8rqoMiKglhCg3MjW1obOpAdlEVhicXCU1bmF3YwObWOTx7dg+bC5MwasPh5czBNdgX+UnRuHV+ETvb65hdWsWt+4+wc/UW79kc78UNTkYbaOidRkHDCBq7JzjJlkKty8f5zU3Mjk2huLSFQDeC+qZBDA2OYnN1Ff/8Tz/H5at3cefRh/j0i1/gxU9/juVL+yg2NyDfXIaM6hwYS1OQUBSH6Oywv5XJCU8OlKVyYrIDkJAfjMT8UOnSEpKQFyRLzEQaCVkGT8KTB/xi3WRGdi+NMzwJXZ6x7vDSusM7zgs+Igt8gijUGyBr7UUZRb09P4KBL+IJbym5/hKwhBUroygAuaYAFFUGSingZFlYHoCckiCk5wYRxvxgSPeGIccfBbVa9gUqLtNmShO6RmvRNlyJmq5cWWMxvlCBuNwQ/naFjLMS1iYDv0PUJFQlWbKBC7gJI1gpkl0l7IhWuOsUwoolACvR3bKST6RK0HlAoRdlfNxlCR8RBB+iFbXwXGQZHxG0H0XgiSeMphdHyJimotoYmBrjpGvQZNYRsKKQTsCLz/NDHMFSSchTpIjvIzwRssITHRFucPhbvJV0CxKuFJTwOAdqzE6IJNQJ658oHyMy2WszQgh94dBlhBOwBGSpkJCjfglZGqSWxBAeYghaUYRTDTJL1NSglYQsNXLKCVUV/K1VKsJVBHKqwmUr4EqIgKsMUyjSCFcZJfwfKv2RXxsoV3hWtyo4EWvQP2XA1HoO1vcqcfl2B249GsK9pzN49GJRAtaLD1fx7MUSHr+Yx5Pns1Q0JnHx+gDWqTAPzeQTdJJkkejmwXi0DBp4zgS0DIs6hfHoGU/A0HwiIS4dqxeysHpRSAbWLqXz+4ycD+IxvRnPcTYRxa0cu6qCKEroc30Qm+GJ2EwvmSRWn+vL/98XmRWEMLMe5VRqKztSCVYGlLWk8JoTEM97poizAJYigYoGx0LhDvdjfxapSwK1Qpk4TcgSQe+nCVpWCCRoBUWJeCsrHmeBLiF+3PZWiRV/pyVkuRKwRMoHuTpRJVYmnoIPjw3U2yHcaE84spduzfgiTsiFNty2Yv+1gr7gDPvraf7HhKqsU1RyTrLvWFEhskV6uQOvxwmpZQ5UjuxkYH9E8mmExJ9GUNxxBOuOQ51+jPuP8f33kSEB6wRq+q3RPuWAvnlHzk2unKdc0TPtScXEh2OzJ8x9HqhtC0ClOQyVjZGo4NxUVpeAwqpEFBCw8opSkJmTQMDSEh40iNULwPKSKwl9AqzgTsByIWA5UxxF0WxR+Nj9XZx2JWTJwPYjBKzDOO0uavERrrwJVt5H4OB1BI4eh6V70ZFwZc/W1u0tnBGpGyRQvSnrBh4jWJ3k8VJE7isC1mmnwwSzt+DkeYjnOAgH9zdh4/Qaztj8GKfOvorjZ36Mt0/9CG+d/N9458yPcMrxx3DweE2mUfAOPoiA8MMIVgkLlgCrwwQsi+UqJPKADHIXbXCkxcIVrBav30BY9OsELwtQCatVRNwb0BjeRGTCAah0hynvQ5Ngy3vkioRUT8QleyAm2Q1aoxv0maIoPZ/hDKcfYrB+TUj6F0u81XdfQwS+f//tP0qo+u6bFxKavvvm7wlcFrj6Xlqu/uUlYAkL1r++XHn4E3z35xf483/fwH//1y7+8J8X8NvfTeHn/zCKn3w1hY++FDmulnDv+Rz2H45R4x6ShZ9XL/dj4/ow1q52yxQOl+924fqjHtz7YASPPp7C40+mX1qvxnHrWY+s/n7pdjd2CB4ruy0yc/roYg0hqx6Tq4Sm5VpO8uVoHy+W5WpG1qoxtl4jRSQKnBfuyPN1GF0vI4ARbhb4OUrvfAm6CVJ9i4UYWCzCAIFqkPA1tFLCzxZjYqsEU1vCPchzLpegf44QtlCKEcLVKCGrb7YCjf35HKSSkVWdzAkuEcaKeGRW61DclIByAlbNUCYax7PRPJWHttlCdC79AFdV6N+oQP8mf+uFBkzxupavdEsr27mbQ9h7MEvAWqDM486HO7jzYgcX7i7xHl7AxasXMTLQiraaHHRUpqM2V4v6vBi0FsehMo2aSm4sWqjtVqcqkBPtD4W3C3w93RCri0d2Ti7i4mKlKBRKKJUx8PEJgr2jO5xdvfDO+6dg6+jGzuyMd07Y4ayzP3z8IxCmTEBOzQSKWtdgIkC1TVxGy8QeChtG0T1zBeNrd9E4tAvzwAVqTnsYWbrJ//cjLGzfQ2vvDLqnLhMGnmFu+xFWd5/hHLen+Zmtyx+gf2ITZVVtUKsMSErOhT4+CzHRiSgtqUBWdhFy8sphqm5DbZOw6phhSClEvLEMTV3TGBhdxMTsKrqHZ5BTXI/m3jG0dQ8jLbeamtog6poHUFbdg9KqDlTWtSO/sJYDSiWy82tg7hhH3+gSevpnoU8s4ODTgZr6LnT3z6FvaAFdA3PYuLCPhtYRQkEjIXAb5q5BVDX2obyuDTcfPMHI5Czm5mexsbECbWwUTp+ygoODIxI1CixPiWLROxifJXCeO0+5iOmNXYyubLGfncfk9g3U9Mwjm78vvbQDuSUtOL+1i6nhEVRUtRNUWlBaO4CZmXlsra7h558+xbWre5iaXccXP/kK//TrX+PBi0/QNDqOgsYKCVcppXokFERaij2nEa4zQjnxByGS8JNQEIKkojBKMJKLQiiihl+IXPmmI3xppJvLh6BCIE/wgl8coUrrBm+dO8GK4EUg8Td4I4ywpjIKq00IwSAMWrb6zEAkZQchKZfnzuN2ji+SCUDGAj9kFgYgi7CVXeiPLG6nEcAM6V7QJXlCa/CANpmTJwHIkOGHvPIYlDUZUdKYjOyqWOhE+Zu8EERnhiAqnd+Z5i8Tc4rgZZGtXcQviSBxtdGD10vhgBdBCU8lOIkSOSl8LbK6C8gSKwrj3aSE6QVUub4UN8KVC+HKAlgCuqLTfOQ9ScoLJYwoUVAVjeK6WBQ3xKKUcFXaGIuCOjUnxGBZF1GX683758bfIWKqCFWJBCkDhYOyQm8pWKyIFfE9thKyRD29yAQ3RItr/1sOrBBZDDo+RyUBQYCVAKwfICshV43kwkhZiifTpJHWq8wSlfx92SYVssrCpXUquzxMwtQPbW5FOLLZpplCkEq4Si8XaQwILxX+yK0OQEl9MMrMoVQUFajvVqJ1OJpjXQqfUxMu3+nErYcTePB8gVC1hOcvlvHk2QLuPxUJV6dw9dYwNi92YHq9mkCcQUUzWrokSxo1qGqLQU17HGq7OD71aNE9kYjx5TQsbGVg6XwmlnYo5zOwsMN920l8NvRUbHVoHTMgvz4cxhJf9oEo9tFQ/hfBUrRZAUgpjuQ+/jfsUzm18ShqSqdSm8D/gvehSo+MSiP0eVoCrQ9C4nygSY1EqD4A3hqRqNRXrqb1FUHr6lNyJZ8ALF9KgOo0/Pnal7Al5AfI8ouy4mcEYJ2RgOUedkq6C72VVoQ0Hq85QyizJkTbIyqLUJXngKRSB6RV2SGt2hqpVacJRGc4R1ghrewsnzsbKglneR02SDHZ8vfaI7fGidfgzM848lh7gpQtlClWCE7g79IeQ7D+GJ/h49AXWSGh9DhyGk+hsscODSOO6Jh2QP+8A4YWnDA454TuSSd0TDijbcQddZ2eqDD7EKoCUVYThtLqKBSVJ1CpNEgLlnAPZuUlIjUzDglJkYiKD6NS6YugUCeLBcv3FFw9jxN2CFiiaDblrMe7sHJ/h4D1NgHrKOUgTruJun0i8/lR2PkQsDwPS8BydH0LDkIIWPYuR3BWpF+wfhPHrUXaBVEKR7gED1MO/c16JVyJ9m6H4eRhASx7NwKW86uwsntFAtYJAta7J36Ed47/L7x94n/jFPfbu70OZ+EmDDqIwIgjMgbLsvLvMOHJIgKshOVKrCYMVB0giL2BgIjXpQQqX0OQ6nXKqwiLfUMGt6t0b/AZPQi1iH2TaRysEG1w4pjlCg3HCFGkPtLghpgUD/kMq6hU/d23L92DFnffP8uko38V8VXffE75BN/95REB64nM9m5xFf7DS5fiD5YvEeT+G7nS8LtvRE6sD2VC0j//8Tz++w+b+P2/jeMXX4/iy19O46Of8kGkpnPn2TyuP57GFWo7l+5MYeemSLcwg61bAzLD+5WHw7KI8f0PxvDw43E8+mSckDWJey8GLdarWx0Eiw5sXOngw2jG+Ho9hpfqCT0NUoYWa2WB586JMk72FTLxqCj2LFqRJ2t8o0YWfR5eJdAs8jMEpV5hkZKwVcrJrlS6B0fWizC6UYqpcybMna/AwsVqwlkVFi5UYvpcJSYIbpPrIt9WFb+3gt9XipruHGTXpMDITpti0iG5TEfI0iHfTMDqSkX1QDYaRvPROFaApqkitAuwWy1D31oFOpbK0MPfNETImiQErl7rwcbNPuzcGZXuwb2Hs7j8aBF3PtgloG7i/O1VbF4+h7WNZTTXlcFclo7y9BgUJioJWXGoy41CI0GrhpBVm6FCni4Q8Qp3hPpxQhGJMNMzkJSSDF18vLRkqZRR8PAIgCIiFsGhkfDyD4Gtiw8fAGeolVrEaBPh6BkB78BIpORUcOIb52A2i+zKYRRV9fAhvkTIuoy6gR2C6ENqUlcxtvEA87tPqUndJITewsa1jzG7dYfa7DI12U20j+1gdvM2Oka2MTS9j56RdZgqCROpRdDG50nLlCY6FcZME+qaelBew/cySpGdXYby6lYYuZ2cakJWfi0HiiZkcH9RaTWKKsxydWFDSw8Hj1pk5FahhOc11XRzEGmBuWUYDYSt0qpOAlI/apqG0EHw271CyNu9itH5C5hYvICOwSnMLW9haHIN1YStvgFOIBeuontkGf2Ti+gaW8DYwhbyTY2obe0h5PWhd2AIQ6MTSDImITDIl5B1BvHRSnS3VmF6agiNHZ3on1rC4Mwq+80W+maWCem76JrdQsfUJur6F9A6soqx+YvY2tlHa1MnzK1jCNXmIzGjEo0to7i+fwtffvIYnz+/hcmhKWyeu4xf/vIf+Kz9I1avXMfa3ga190JqtfnQ5allPUItJ2RhyYrMDII2PxhJJZxkS5XSrfaDGEvCOdCHI7EgFHE5AVCl+SE0xQ9BhCx/QpYvBxEfiq+AqwRvBIlSL0mBUKcGEwp4TBahgGLIDSdQKQhYIS9FwAlBKseLwOWLtIIApBf4sx95ISHdnRqgK2IEYOjYcrCKSSAk6V04aDlCZXCRmdhFYWZVqhdhzktmPFe/zHourEvifQFXahG/ZPSUAeZR6Z4SsNRGcZyntCgJS5YIPBeB7mIloaiFqNC7vbRauf5t21KIWuTOckesKN9TQHAi3Bl5vzIrNJbUDo1agmwsCil5dZHIqoqQ0JJY6Ie4bA8Cpyjp4gBVsgNhzo7nFCvCbKW1ShQmDo2y4UBvKy1YKr0zohMJVwRaXToBLcuS+8qQF8HJV4PE/Cgk5gm4sLgILULAEolEpVvQAlgiNYOwsKXzP0wvDqMEI72E8GQKlWJxBwZzYuf/X+TP6wlBTjXBrFJB8ScMBaKoLgglDcGEx2CYxOq+dlGOKAq908lYvVhBBXcQD54s4NGzZTwkaD14Ooe7T6awf28YW3udmON43DtViJoOI+HPUhNS9CsR/1VYp0FJSwyqOrUyFmuCgDV3LhPzW1mY38zA3GY6x4NUAloy4SsBXVMxMA8JwFITXL35eyN4vij+H9FUBNT8b0QtyiT24ygJWZlViShqLuC1JPDehSCrPAl59cXQ5+oIPD6IJFxFZ8QgSOtJqLKH0hDCfhAorU5eSrGa75QELB/ClZ+SMEOQEi5DX41oreQKQtH6iBqHEafhEX5Sim+kPQKiHGTslkizEBxnDRX/e5F9PsXkgKw6B+Q32SO/2R6FrXYoa3eQUtziiNxaJxkQnVfvgjyzC6/VmeKCggZXZNe6ILncQboN1UaeN/4U/AhY/tr3qDS8h5j8U0g0neJ5rWEecydcuXJOc8TQsiOVWkeMUvoJWT1TLuiacEFjnzv/Fy9UNvuj0hwOU10UIUuPYt6n4jKLizArP5mApYNBBLnrCFiRPpwPBGBZW1YSehGwfI7D3vc4bLzeJ0i9ByuP9whY7+C4s6UQsijtc1bU//M+QhA7SiBjK4Tg5UQRAfIi3YOVKINz5nUcP/MGIeuABbDsD1EIaZQzBC0bApaj6xF5nJPbQcLZAdg6v044I2BZ/4iA9QreO0nAOmYBrOPcZ+0k3IRvwCPwAPzCDiAogiAVeUS6CYPVBwlObyJILSDqDQLYG/BTvA6fkFfhTfENe53HvAbf0FfhH87PqF9FsOY1hAqrlpCY16kcHeHz+z4B7QyUfJZVsY7QJFA55NgUx3FHmybCCuwtmdy//+ZlALtYJUj567ef4/u/fCJzXgnAkpDF7b9+83OLhUuA2DcWyJKWLOlK/OXLRKQf45s/CcDaxZ/+sITf/3YIv/y6H19+NYZnn0/h7gezlHXcfLpMyJqX9QPPE7IuPaBWfpOT140h7N4bw5VHQ7j1fIRQNYz7IlP6ByO49niQQNaF7ettnKjb5crD6c1GTtz1hKc6mftKJBjtm7fUImyfLJVJPof43pB8vxqDi4ShVYuI1A4iTqt3zsRjTAStIvQslmBy04SZnXJMbpdiYruMUFWO1b0arF6uw/p+I9av1HNfNWbO1WFuuxGz2w2ELGpsY4Wo6spEVm0KH6p4ah5xBK14buuRXm1AcXsqKnszUDuUg7rhPDSO56NlthgdC2VonS9B83wZOpcIfYS/yd0mrOx3YpOAdeHeuHQRXnxADfHJKu68uIibz87j6sPzWL+4iglO2lVlWSjP0aGOmlqBIRzFyWqZbLQkSQlzdhRaczSoTKTWR8Byc7RFQLAKqWlZSExMgDE1BVnZedDGxkOnTYBKo0N0XCIio3TQG7KhioxHYlIqImP08PRXQhmpZ6dKRnxWDQf9ZsQX9qG6bQqNXcOo6FpA89AWB82bmD1/B51jG6jvmka5eQwNA0voGN9Aa/8cWvoX0TywKgPjB2YuorZ7FoU1/QSVFqRkFBGCalFQ0YKCylbEJxeguKoFTe39yC2sQHB4PCJjM5GUUYaC0hoZj2WqaSUQRiAgiJNFrgm5xTWEsmKUVbcgu7AKxTxXaWUXusfW0TtCgOkeR0VdHzoHl9A1tIhzl+5ibPYczu1cxODwBPrG17Bz7QnOX3/MaxtBfnUPaghlVU281uYe/vYJXsMkr28B5oFJNPSMIq+iHgNTc2jo7ERlfR0qqsrh7e2Js2dtEKnmJFWZi9KSTAJWFzpHpjG2uMbjZ9HI87SOraC8Yxwdkxto4T2qH97AzIV7uHHnMdpahnh9fYhJqoAhqQC9vWPY293Bz7/8CF8+v4MLK6uYmV7Ck6dP8MVPvsTnv/gazz9/gequKgJ+MtLKk5FYEkttOgyajBBCFiGoSKyME7AgVsn9IKL2nUoGeIsUAzpCmCojAGFGfwtgGbwQQPGjCNgKMAjrlj816yACVggBK0QWZDbkEKzyRWkXpXTfJRWEwFgQhJSCAJkTS2R1FyVyEjI9CFbOiDUQLihRBJ5oPbVBnQsi45yhjHNChM4J4SI+SaQwMIiVgC6WbOcCwARgJROwCFUqURCYrYidik7zoohEnaIGoat0GapFsWCRroGvxepBS5oES6JPUTpHAFVEvCfPa5HweEKbwZPAGCjBKqlYISVNuN6qY1BQr0WRWfsSrqKQXa2SgCWsQYYCX2gz3RCV5izhSpXIATieIBV7FoooAla0DUI11ghRWyNcY0vt2EEWuY7htcQSaOMyAqHPDkVCLmFCAFZBpIy9SshRERos2wK2RBxWSqEaxmKR70r90j2okoBl5D1PLQyWgJUmXLAEKuEKNBYFSEkuEu5hH6SWKTiR6znJRxKAglBcH4oScwjKWxRSTK0RKGmOYEulrSsKPTPJWL5YgxsPxnH/KZW9J3O49WgS1+6OYudqNxY2zXwGyvl85KCk0YDkkgjewyDoc4LZp8KQVaFEUWOUDDxvGUhA/4wR06uZmFnLxvRaFmbWMzG1lkq4SsLwvB7tI9Go6UnivY2CLsdb5gRLKjHAaDIinvcgKk24BhN4jXrEse+lmhJRYC5BarEeuswAgksmIdjE/yOK/4UC8fkp7Kcx8It0JBCxn6UoCUTuhKRj8FAch5fiBHwITr4qAVdn4K86K1cMCtehgC/hRvT9YVslYq6OcZ8dguK8JZBb4IrgHG8DTaoDkosFODmgotOZUOlEBdwVDf1uaBxwQcOgGxqGPAiv7qjqYdvng+oef37WB2WtluSqefWuyKh0IVByAk8llOv5m2JOEPjeR1D8e1BlnkBc/gkq8PZoGndD/5ILlVp7TG+7cF5ywdSmAC17TK26UrH1wOiKG0HZC029gajviEBdezRqW/SobEhCaYWR42kaMgqTkZIZh/gkNQErBBFqH5kLy5eAJTK6O/udlGJPyLLxfp+Q9R5Ou71DsHobJ0RaBpfDsji1CGq393wLzl5vWQDL3WLBcpKrEN+CrRMBy+YATpx+DcdOvkZQekNask5x3xmbgzgrxPEIbHiMACzpXnSznMfe9SBsnH6wYv0Y7596RVqw3hWAZfUjHvdjfufrcPMX4PQGAhRvSsgKUhK2VAcQGP4m/EJek0Dlw9Yr6Ad5Hd7Br8M3xAJYvmGU0FfYvkII+xEC1T9GkEZA15sIEElMw95GgPI4ActGjmW6VBfoMlw4NzohJt2GgEUgEhnZv/vmMwLUF5Z4K7Z//cvn3C8ytj+kPKY8p3wkQUxmf//uhwD3f7cUiJbuxM+k5esvwoL1X5v4439O4N9/N4h/+ucB/OQX43j66SxuP5/H3Q83cEOugFvCnijQfHeagDWLczdHpatw+xY1odt92L0/gKuPhglWI7j8cAAX7vTJ3Feb+3k0PI0AACAASURBVO3U0jswd74Zwyt1Eq5EUWchP0CWKPRssV79z/7h5XqCVg3hqkZasoQMr1RJuOoh6IiCuYMrJeyYJixdFBarMixcMmHxoglre9WccBtleoiNfbMErKnNGsxs1GFmsw7T5+qpJZTwIUqntpIMY0WCBCvhIhSWrAxqWflNRlR0p6GqP5OQlYv6sQKYJ4rRxOOaRPzWrACtMnQvV2BspxGLV9oJnAME0Ans3p3kPZrCtadruPxgBVu3ZnHp7ha2L21jdm4KLQ1FaC43oqVUj/JUJSErAoV8QHLjw5EVy4c2ORQ1qRxgIrzg6cKBPzIWhkRRFDkfen08tHHxUKk00KiiEROrhbd/CJSqGIRH8EEzGJGZlQ8lwUupFgnokhGijIGtDwetlHoO8h3IrxlEWlELGjpGUFAtgrTNaB8/j76ZHZiaBxCXWswBnJBDqKkTrr2adgLVAApqepBb0YZcUxNyipqkdUoZlYjk9AJExSXDJ0AFXUImt9NR29iN6oY2qLQpCA7TQqtLkzm5ko3ZqKlvQ1p2KQJDYhAQFgeDsQA5hdUor+8hZLWiqXMM5q4xTCzuoJbAVFzdQbhaQDtBb279GganFzE0uYCOXsJS1wyWLt3D1Lk9dI+voJ0A1j40h56xGYzOrXJA6kUFZWB2icA2i2YCUk1rH/oIOU29w/wsQczcjOLSEoSEBUvJyslEuSkb1TUl6BmdQOvgEPoJY+a+UZ6rH/V9s9Rm+6jdD6GOv6lv4TJqBpb52/Zw5dIlLC5uorNvAeVVBO/pKVzZ2cZnnzzFJ8/v4qP71zA72I+xoXF88flP8cXPvsLm3gUO3u0wtVWiuCmHGrASsTmhhKwQxFB01O6FpUrAVJpJJeFKiAAuERAsVtTF5YVClR6EsJRABCb6wlfnAa9Yd3iy9SaMBBq8oUjxg0q4HNOCoOVnE7IJVPwuY1EkJ35CvLCQlYQjlYAlIEvUhTPkeMKQ64WELA/oCTzaRA5GBkdEE7A0BB6VljAVbY/wKDsoqB0KC09YnCWNgULkjNI7E4YISwYPCVkiMaeodyhW3gnRCPdgirsFqCSQObEVrjpXGZslYqDEcv2QeGeE6ESyT5GA1IvnE2Z9LxkMLURkUBfXYCxRcqK0WPbSXwJWPgGr2ByHwoZYTuLCAsT3KgithJj4PC/EZLjJFW4RhKsIAyEqnnCltYJCuI40VghRWSEskhMxASuc1xtNgI1N9Zf3ULgGDXnC8qOBIZ8ttxOy1dBnWVyDArBSCglXRWyLCLJFEfI3ZhKyMsrUfA4VMOZbXLMCatOKAyRcCXegsSSQ4OuPxAI/CYIZFSKvl0FCYn5tGMqbVFR2NGjojUFjbyzqeqM5pmkIREqUNClR1qaRNR/ntypx5fYwror0Nzf6sXGxE3MbosB1BRWsPFS0p/C+xBIMwhGbESrdx3GZYfzecGSL4PvaaJS16GAeTCZkpWF8JQuTK4Sr1QyMLaVhcCZJJiOt6FQRkHS8/7GITvWjBFNxNSJbWqVieY99kVgUw3sQB102/6vyFBQ0lxFKtYghrBY0FqHQXEFojeH7ekJyOs+hIUDZI0QralSGyXQLonyOp4CrsBPwCmWrOGmxYGnsLTmvXgKVAC0BWF5KkRyUx6jOIFgfhEAtFY4oGwLWWZ7Xin3qLCHfhs+UDUwEq+ZhZ+mm65hw47joTkXTE12TXuid8UXXtC/Mo35oHA5GXV8Qqro5Xnf4UuHylaWC8qq9eX2uMnt9WLw1AmNPErCOISD2PShTj1NhOo6cBjvUDLqia84Z4+ecMHfBDYsX3DF/3gVzO05Y33PH1r4X1i95YXknGBPLkRic1aFnPF6uJGzsSOY4mYLc0mRkFCURsLSIT1RBow2mQk3AinCGT7A13ALOwMn/JBz8TsDO+xjsfP6/gHUUx50PvbRgHYSdpwCrtwlEhwhGhwhVBy2WK8KVvRPByfYgzli/ScB63QJYp17H8dOv4pTVm9x/AFbWBCx7Edx+lFB2BC4ihovQ5ixgzeMQbF1eh7Xj64SxV/EeAUvAlXAVnrD6sYQvV68D8PA/QIASMCRchRTlGxKOBGD5BrwKz4AfwSPgFXgGvsZWBMYTuoJfWq8UrxGghFXrFWnd8gkV8uOX0EUICz7Ezx7hOd/l+GWDpCxH3jtH5FU6IL/KDrlVtvi77/78lFD0KaHqS2mF+k6uFvxKJhT99s+PJFjJjO1/+ZCv71GeWeKxXlqvvhcpHsRx3/wDvhUpHAhY3/5pH3/5rxX88T9G8X9+P4Ff/WaCWvWErOd354MV3H2xjpvPVnDt+QouEqx2CVi7d6eweX3EIjeGsLbfzbZfug2FbBO4xL7VfZHWoQUzO83SKtU7T0BaqEbvnKUVMrBAoJoXMNWA8fUmTpStsmzO1DnLcTM7TTIWSwDW0DJhbFasAMzjsYUYXivG1E45oaoCK3vlBLlKrF6uwPrVGpzbb8T2tWZuNxDuqjC9UUOpw+RmLSbWCXazJlR3ZyGnNgXZlLRKA1IJWMmmOKSKpdSNSXzY0jhx5qBhJB/m8SK0EK7apglWlGZCVstcCToXyzHA803tNmHzZj8BdJKQNY4dUebn0RKuP1zH3t1VnL++hUt7e+jr60NjZT46qnJgSo1CU0E0Cg1BiA50loCVHk1tVeGBnJgAxKsD4eXlg9BQJdKzspGcaoQiXA2lMhqBgSHw9vaHIiwc/r7BCPAL4bYaEUoN4uITEaGJI5jFQEMYi9YZEKSIhFoTj1hdCvxCo6FNykWUIQ+hMXkwNQ6ib2odbYOLKDf3ITm7AmpCklqfDoUqERl5Vcgtq0N8WjGKCVvtvaMEiBFU1rcjNjmHE282tPFpcPeOgF9QFOIMGcjNL0V0XApSMvJRXt2MULUBYTxXalYp9IlZSE7OIqAVIlafiYzMfGhijEgrqCNkdaOprR99A2P8jgn0jCxidOE8WnrHZGmfXgJUx8A8YeYq5jZv4PbTT7GyexV1naNo6hlFaW0LymrMyCupIkyNoLGzD/mmWsQlZaCwtBI1LZ0w9/RjeE5Y5gYJYK0wd3SirKoSQcE+yMnLQm2TyLfFfjnay4loA6NLq2gb4W+Zmkd95wDqe4aQzWvKa/h/TL1neFvXlbb9+3snmcRJbPXeG3vvFQTYQBIECJJgAUkABAmSYO+9V7GLVaRIUSIlUb03S7Zky3ZcYqfNJBMnk0ze5E21Hfdknu/ZG8pc82Nd5+DwEDhl773utfbaaw2ja2YVXdOrKO+aI5xOYHXtIq5cuo3ZufMYGp5HD4HszNIZvPPmK/jRO0/w7uNreO/RVVxcmseP338Xv/rVr/DglSdoGetDw3ADB2s7ytutKG+zwGBPRkaJRk415Velo4DwX1BrQGFDJsVAeDBQAdIgqE2Tiiu9OJkwpieQ5rKdVaJvsBgFFVRWRQnQUmnqrDHQWlWEtigq/lgqfrVU9hYq+/yaZDmdZq0SU1YidimO+zEEgCjk2sMlaGXmB0qrLzXHD9pMf7YPP7YTApHeG2otLfZkCmErlpAVS8iKFd6sDBEXFSgBK9EYJLOei2lBB1w5thoRxP68PI5MiyCypIsVhDL3lJ+EK1WGL2LSAxFvIFxlhVMiCGERSM5RIMVEWCyO5z1o5X0IiMmrELCYBFutTuabqmg10LDQ81k9n2atipbgkloQTCUuPGdi1aA7Eqhs1QYXgpQDsGI0roh+DljqFB8kGoKgyxMLAwhXhbFyajCnQguzGD+qRS3DBMJBwvN6hITXSlEyR/s8nUSSY5q30pG1PZ/75rJYwhWvpUhJUSDPriAoRslpQQFZuWJqkKAlYLCwQYOq7lxCCIGxLQmNvSmEqzR0jBpoKFD5ioD0sQw0D+rZhjRyKlSUFqrsTMfQbBmWz9PYPN+OORqvx0/WEpgIV71mlLYYYOR16qzxfCciuS3bijlWxuiJmEBzlVbGU1V3ZaP5uIXAYcXEcgGmTufTcDHLMki1Pak8j/dSKUCNxh3fi/iuvGorjZEOtuFsvudIuYjDWJ6BzGK+i6ZiVPa1SO9Wan40KrpqUN7dhLzKAkoRn6ed4JMig901ufFsUxEIijmE4NhD0nsVRrAKFZBFCVe7IFofCKXOC5EiHotgrNS7ySzrYhoxME4UCQ5GXFacrE0o4rYEYClTjvK9uxDqXFBU5476QR90T/vSgPfF8GIg+3woBmfDMTQXifHlKEycjsLAXAzax+LRMZGINm4bBqNkLcaqrkgUNYSxXQXSkPBGdLrwYB1FlP4Iog2HEG/cj7SSg7B3u6L5RBD6Tvlj7rI/Tl4OxKlLgTL/1fq9EFx/FI4bDyNx7V40rtzV4MKNTKxctGDpXAGm+dyPT1vR1GXhuJaHgrIcmMQqwmwBWEq20VCokvwJn14IVLnKAtReEQSs8ENwCzsAl1ARg7VXJhQ9JEvlbIOT/xZ4Eqx8Q/cSivbI6T05zSfirwhYnt474eayBU7OhKtjm3DwyCYcPsp9bo848bjrNglZbgKw/HbDL2gPAsL2IjCC24jd8A/dCe+AbXD32QIXUZuQYLbvyHflVOERl43Sg+UXukUClihpExm3xQFYCdugUG8hHG2SgBWq2AD/8O9RXkRQ5Eae7/BkiSlCRayQjYgkaEWpCVTxAr5eRLjqRYQpX+T/vsS/76BReJAGpCvsdZ6obvFAQ7cbmvvc0TIoAOvLdxyZ2cX039f/hf8WQeyELccU4Xv/k7n9H1++gX98Loo8P+bn9ym/dIAYz/3vL38qs7x//fXP8ZWoT/jZNXz5yQoBawF/+cs8fvVbEeB+Uua2EoD16PsruPvsNG4/O4Orjxdw+dEcLj6cxrm7Ezh/7wTW7ozi7O3jBKrj3A7gzK1+uRXpFs7cGmADasHomXo22gp0z1Cmy9E1VU5IqmYDbsDokvBiNWN0WcBPt6xHuHx1CCs3hrB83bGSUIgoMj11vk2W1xlcsGN4WRR3LcP8pWqcvkbAuiGmBhuwdrsRFx+048K9Tu634cwNUYanDjOr9TL+amrNMfUo8m81DRehqMUEe0c+rI3ZhCsONHUGAlYWyrpNaBq1oWOyFF2zFehdqGaHqMPAUj36l2rQe6oCPafKCVi8DxE4f6mFQDksp06vPp7FwzfO4tqrZ3Dr6UXcevkqrly/ivVLl3H8+ABaqgrRVJyJyrxkNBVo0WBNQI4mGPpYKiBVINThVC6U2Cha50mJ0GiSaJlokKxLRlJiEmJjVNClJEMRpYSPty+CAoMQFaVCaEgkomPUiFEnIUKZQKjSIjYxlQ0rmY08GqHhMQgM51aZDL3BggxzOVIJOyZbJeJTCF/GAmjScvl/6YhPzkUGocRmr4TZZofRXIQEfQ4yzWUoqW5GXlEVsi2VKKntgqWkCbbKdiqyPhRWtSM1rwxhqlRYiutQWddB+LIijdClz7BIz1VZTQty8ovlbyVqjbImoVhpWFxeT5AsgTmvAOWl5WhpaUVvzwBOzhOGegYxM7eC3uOOvFMLazcxPr+CxeUV9BNa2/pGYCurQqYpn9+XR4WYCWNBMdKMuQTMPBgys1BcXIiSshK0dIqyPK3oG+hCc0crqmur0NzWgUKbFR1dzZiYm8H80iksnl3Bpbt3sHB+HX0ELDGlODK7AFNpDcpaeglBw1QKYyis6UX3iVV0ji1iZmENJ2bO4vTZGxgcWcLExAIWZ2dx+tQ8Ht+7hCd3zuNnz27h+soU/u3HP8BfP/4j/u/vf4uVK5dQd7wXHWM9vLc5lHWVw8wB1FSVjSy7njCUitxSLa19jQwUNhEeTFTSxnI1gUmFhDwlrfNwqDIjEJMbjiQzwSNfCa1I78BtRpEauRU6XithoCxeBsjnCwgRip5QIkRAgGP6MRGFdQlUqo7Aa1NpBC2+EGQXhlIRBUKfS8ASeaAkYBE69MKD5U0YoVIhaIlyJdFp3CdoxaT7PC8rEyCD1UVAu8jWLqBKAJbIHyUg65+pEBzTi/48N0Dux/KYKs0XShHEnhYgASshMxzqDG6zwpCcq4DeEo3sEgFN4vp5f7wnU3kSnxlhkfBYXK9HaVOazJRuFtOt5YRLO//HFgm9icCU44+kLN6DwRXxVIrqVEqKEwHLmYaBgCs3JBEiNYZAJBvDCGRixWC0TCiaVUIh0BUKj0KzlWCQ/vy48DomSGgtFAlEKYV1Ipid51bz+QpPZEU8n624DoWUzIIIuc0tjeL3RDnAqlJF2IqBuTKa35OMmj4z6vqMhKt0tA8ZCFQGDJzIkKv8RD6s/ukcdE0QeHpTUdzoeK8iFq2wXni3rOieLEP3RCmNBBthzYTipiz+XY8UAqE6NxpqYyzUOSoCeQJ0lkSkFhISq1IpKYQHkbvMjPp+i8xt1jSQzevIQnmrnteXRCCLZlsURkEGEnKikWLl824oRv3xQeRVWaC1xEivlbHcyOeTioKWUtnmRVC7iFur6q5B7UAPgayL43Iz77uCbUSP6NRwQq0GkZoABEUTsOKOyHI1oZQQEbQeR4hh2xOB8QqCcBThKUZHME4hZOlceExMFboTojVQ6SMRFHcI4QlHEZ5E8CEAaYwu0JudUVBJ8CFgdYx7oWvSkyAZQMCKJGBFyO34UjROrMRxPx6d4wnonNCibSSRz1VFwygSFe0K5FeHIpV9RJ3hI0vnKAhwwosVk3EUccaD0Bfvg7XtEOrGvTF4OhBzlwKowwIIWEE4c02Bqy8rcfdJFG6+HIObDzWULFy9Y8H5qzacu1yC5Qt2TC0Vo4u6q7rBgkI+y9x/erAMSho4QVAmBhA+fRAY4wbfKCcHYIUdgjsByzVkP5wDHUWdRZqGo95b4ULw8fDdKrO+CzgSgCW2/jzPX3iwvHfA1ZUgRTA6fGQDDh4kYB3YiEOHNuDwsc046rwFzq5b4eopAEt8x14Ehe9HiGIfQWgvAsKFJ2s7PPx43nPAcniwvodDzhvg7LUB3kGb5UrCIOVWRMRt5T044rHENGCoknBFwAqOfEkClm/ICwTB71CnvYgQwlN4zEs890XEJG5CvGYz++1WjkUErbjvQUHIilS9hNCI77Avb2H/OojSBhcJV41dHmjtd6O4o10A1j++FOVufuIogyNWCX714+exV+/KUjj/+OoDQtXb+PqLJ9y+jH988VROKf7jqx85QEysHCSEiWOiXM5XX7yJLz67j08+WsHHf17En/40hw9/M4dn7y/gwZsncf+NeVnn79brYmpQ5MOawfqDGZy/fwKrt8ekrN0Zfw5ZAzIBqfA2LYgpsxu9WLjagZGzteicKUXbhB2tYwJY7FL6ZqswdLIOQ4v1lDqMELROrvcRiAYJRsOEtwkJa8vXHXC1eLWbsNaLccLagEibcKoEo6fthLJKkn8dVq7VY/VGI87daiFcdUjP1elrjWy4dZg/XytTNIwsV/F3aqUHbXChCnVDViqyAtg7zez4Bum9kkV4W7NRN5wvPVe9hKt+nnt8mf9HMBs+XY/jp2sxuFSJ42d4DysErNVanLjYhOUbfdKrd/PJEu69fhmXH1ChvvkA9x5cw+UrNzFx4iSqq8pQWZiFijwdCtJiYEuPhUUXBWuKAgmR3gjwd0dEsB/8/P2gUETIos06nQaJCbHw9vZAeFgwAgJ8KX7w8vKG8zFXeLi7IywsjJ99ERgQApUyFm7uAfDyDUdsvI7fo8bBo17Yc8wLe48FsDHHQ6M3QU/wSc0wE94M0GgzoEsTUFWAiNhUqPVmbnXItNihy7Aht7AWVa390GfZUVrbgar2ARQRpvJsDahpOY7yhh60908i396IXB6rburBwMRJNHaPQBlvgK3ILldBZhjNVMZZqGxql54vTXI2EpLSpbcrISkNev7NlJePHGMOUnRpfF51aG1u47Obw8TUDOpbutDY3ILO7h5+nkJNjfCI5SBSnczOTKs7I5MDTQaCoiJx0MmZVpYzAoNCsWvfAVpbLnB2cUVkVAQSElQoKbZI0KpvrEJ1Yy0a21owMjmCxdWzmJidxvTSMtvSPVrqK5hcOov5tXVUNXeirKkLXeOzsDcNoKJjhPsn0XniFPpmzuPM+m2MnVjBhfM3sLhyQxbEPre6joc3r+DW5WVcWZ3D69cW8erlRbz71jP8+c//D3/44x/w4Ye/wJIoQH1axHtNoaTFjpImwm91BuKyIwkmhGqLyH8lvDViWioWhuI46KxCISqgIniEi1xYKf4ISfFDCK3+UEoYj0Wk+kMp4IVgo7WGy0BwkawztzROQoAQk5DKf0o88msTYKZizxNxQPYImIrDYbSJbO+BSMvzg87oh0SDLxJTveUUYbyOMKUjCBGwVCkeUKV6OiRNxKJ4S1ASU34CrrRmx9Sgw4P1z6lBP0eWdJkhXXz2576vBLUovS8i9X6ISg1AXHoolVe4zEAvACvJGElIUyHTxustI2DV6KjktLBUCpDUEKiSCIlamRbBYo+HsUh4i1QyhYMhP4JwFYikTD/Ep7lTOTkjRkvlLMqgaChJBKxkV96fJ5LT/ZGcHSq9VyniPRTEILOI78Eeh2wCq1mUxOkoJmRZ5GpB4SEUoGer16KkMQV2AlYx4VWkYrDVELIo+XzOeSVKZBWGS7jK4LvJEukviiMJh2LFXZQEq/xKh0fRRsBqGKQRMGKjxZ2FrrEMQlUGRk8aMTpvdOSumjWhbzoPzUMcY1pTJeCJ68grE9OT/P2GNJQ2Z7LtZsjs8jnlKYSpWMTnKBFvjGFbi5Z50jRmGmEFBiSbEpFdnk6h8VnOsbEpH2XtJShpNkmgNRFi0/n/SblKvrdIglUM0uw5bKfpSC9Oh6WxBK0nJlDQXIasMj3KOyuRV21Cpj0dxR00cieGCf5GgnEuKnrq0DIxifbJOZR398PCvq01p/B9x0JLOApPZLuOdUKY2pPijtBYZ4TFuRCyjvL9sT1kRkJFsIqTGd3dEcP3GS1qBPJ9iulFrSUdoQleCIjei9D4gwQ0UeduH+H6MHSmI7CUO6Gxz53Q5M4+7YueyWA+TwUBKwrDJ5UUFUYX4jA0l8Bnn4Su0SS0DIm6nDGo6VaitCWCz5ntOtdPJjqN1B2TyUYVKYfZDw7z+R6Avmg/cmv3w959DO0zHpg674fZC4E4dTkcazdjcf2xCveeKHHzkRo3HmXg1mMLrj4oxqUbFVi/XonVK5WYPUOdNFaKhtYClBCwzLY0GPKSkJzBdyg9WIEOwIoWgHUUXpGOIHePsINwDdonActJ1BuUqRUciUDdvLbImoXezwPU/bj1ERngfXfAk4Dl5k6AEgHuh17EgX0bKRtw4MD35HShgCwnCVg7CFG7CD77EBC2D8HhDi+WvwieD9oON28Rs7UZB5wcqRr2HuP/u26Ak8dLcPfbBL8wQlaUSDq6DYq4HYSm7Q7AoohpwSDFRgLWd+EX+gL8g15AQNB3eew7chWhOmULEtO30+DbAS1Fo99G2NoIVfxLiBIxWlEvsQ9vg9l+GOX1Lqhrd0NLrytaKW2Drug87ioAS0DSzx3y9b874qwEYH31rmPaUKZpEFODj/H3zx8Qsl577tn6gSzyLOO0Pn9FAtiXnz/Gl5+9hs8+fYq//mUVf/rDIv7v7+bwk/+YxuPvzxGuFnHn9VncJWTdeDJLcJiUHqvz96awSqhauT5MAHJMA67dHZZANX+xFXPrLVi80oGFK+2YWK1zJPQkpHSIlXgEFuHB6jxRioG5aowsNuD4qXoZ3D52mv93qRvr947jyqNxR4mex6NYv9+H1VvdhBcC2xUq1bONJH8C2mIRoacU02tlmF+vxMKlGixdrZerB8/casaZmw2EvTpMXaiT9QQHFyoxMF8twa5voQZtUyWopCVW1mVl589GbnWaI/6qhcq/38SOXsjrLpX5skSerokVQtqZWpkUdVjEgQlYO1vtSNtwvgHT55tojbRJOHz69nk8fOsybr5yGc8IWC8/vIlL69cxNjEDW0EObDkc8PRR0EYHwZbFASmGFnuoOxIj3OHjcZTA5ELLIYAQEIeYGCUlCuHhwQgM9EVERDB8fb3Z0I/QonCBq4uLBC9fHy/4+VIhxUQjNDQUyqgYfkcIlNEaxKnTEBwWhwPO/jjoEowwZSJUccnQpuUgLduC7BwrtCkZSM8yIzklC3EaDo45hTDml8FW2Yq8oloJUNVtQyis6kJ2fi3MPGa0VKKgtIFQVY/CskZCCuGjugn5JVX8e4UEKYPRhpSsAtQ2d1O62PDT2dgTkJKWDZPVjtjEdIKehUosm79LOErNgZEQlpaaitSUFKTpk1FXSUu3tgYFBRZkEJ4MGRnsOGp2mAz4+PnjqCtByvUYO+oRHHbbi0M+hziIHIJr6GEc8NiDzXu2YMOObfj2i5vwre9txbdf2oSNW7bCw8MVZnMmKqpLYc7PRklZAYanRjGzNI+ZxXksX7yExYuXsXLpOmbPrnNgXUR5YzvKCVj2hnZYq5rRNDSNMoKnraEf9tYx1LSPYmh8GTMLF3H67BUU1Y9heHIF51dXcffqGdy9eR6319mnlsbw8MYl/O7Xv6Bh80f89rf/hdsP79F67qXyKkZhbT6VYDFsdfkEhWxa10ZYStMIE9GEFLYdApdIt6CmYowhcCj0QTLRqJBIrT8H9UAo0oKkRGcFy3xS8aIETY4I6A6X+bNEwtKMYsJGcbRcxSVzVJXGyqB5keE8p1xJgIjg38LkisJskTPG7I+0HF9ohcdJT3AiUMnYpBSx2o6KhdtoUaYkzQtKUXhXrMAzeEtvlFg9qDUFIcUs4q4CZVC7SNfwz2lB8XcHXPnJIs8x0nPlDUWqL8IJWeEpArKCEJMaLEErQWaiV8icXplWNUwlyXxGBKnSFFjLU5FfmgpzqU6CV65NDSOfXabwPuURMnPDoMsOllOdSaJ+nZgOTDqG2CQClsYJ0YkCsFxpaHghSRSb5vWI9BIpZoWczjIUErD4zLLsYhpNgq+FIAAAIABJREFUlOZJga3RxDaQj8L6bBjtvJ5ykW5B46gt2JiE4qYkWbqnsF7tyGlFgM0pUTwHrDBk/dODxWN5JQSsUgXhKpowJlI2OFb2NQ3kY2CqEt3jZvSeyCRcZWPiVB7GTubi+Fzec8DKQduokUo/UyZ5tRKyTBUavttEZJUk8JoTYanQo66tAPX9lShtsyODwBObE42YTCUU6RFQZimRWpKL5HwdUgv0MFaakV1hRn5TOQrbKgiVBoJmDJJyogjPCkSnh/Odiyk4FXJqCpFblc/nwj5ea0bX/BSq+lthqTOj7ng7CpuL+LxyeawDbdNTsDWVEAStqBnqRe/pc+ieX0bV4DAKGuqQYkpDco6W0KJDlDYECm0wFLoQBMe5QpEcLI9FavygzUsgcPMadM5yoUUcAUdFwFHpjsrFEelFRqizk+CvOgSfiB0Iit6HcPUuwtgOqKmQdTn7kFN8FNVdTmgdcSVgBaJ7Igj90xEYnFFSovl8KbNx6B1PROewBq2DatT2RKOyQ4HKtkgCdBgh2ReaDE9EJR1FeMJBRCYfZF88BJX+ENv0fj7L/QTVg3wGh1AzcATHl7wweTaAOiyEOkuFKw/icOdxIu68moVbr1oIWAUELDsu36rGugiDuVqFubNV6B8tR1Mnjd1qC/KL0tkvOZ5nRROwwiRgRSQ4PFh+Kid4Kw5J8RAerGACVsBuOPvuxFHPbTjqvkUmAXXx2ARP3+3w9tvJMXUH9Qlhy2e7PObhRThy2woXJwLWwRcdcLXvJew/wO0hEfS+GcdctsDZfZtjijDEAVgB4bufw9UO+T2uopyOy0bsOyoSjX4P+wlZh0TJHPcX4eL9EryCNsE/YguCo7YQqLYiLJqwRbAKVQov1laE8HhQ5CZ+7wYEUUIjNiAi+iUokzbJfFdpuQco+6m79kNv2I0kkfk9eSt13WZERW9EsmErrBWHUdHohKYeN7QOOKNj4Bi6h49icNJZAJYIbP+Zw4P1BcHqi2fPPVhvOYLfxWeC1T8+v8ftHR57+hyw3pcrC7/6/GV89Rnl86f44rMnlLfx6d9ex1/+fB6///1JfPibWbz9k2ncfX0Kd16bwy1R7uXVSVx9ZRLn7o3h7O0xNoIRR7LRK8Jj1YfTNx0FnBevdErAOnm5lds2nDjXiPGztWxAlehdqED3XDn65ioppbT07Rg5VSNXCg4TsMRKwum1Vpy53oNb/K0Hr8/hwVsncf+tedx6jbD16hDOPxiQNQeFB2touQydswX83hKMrtgxuVrK3ysjTFVh9mINQaca85dF9vZajKzUYIC/30Ww6zhRhvapUrRPl6F60ILyHjNsrTnIb8xEXm06rA2Eqx4Tmsas6OU1Di2Uy9QQU2ui7iFl1SHi2D9TRYydrcP0hSYJlvOXW7B0sxMXH43JxQDL16awfmsVb77xKq5fv4nevgHkZaUgP51WqSEKiQoPZKoDkRrtjUjfI4gJc0dkgBMigrzh70uLP16JuOgIBAcHIlKhQHBIADy9PBEfH42wsEB2AB/4+/nAx5NgRsAKjwgniEUiJCSUEgYvbz94+0cgLikd4YokKKKTEK5UIz5Ji8hIJcJDI5GkS0WiRo88cwGSUzOhjKWly31xLNtohb28Bo0tncixlkGpJnhlFyI5zUT4KmIDNhKU8mA0FaGmvhGdnZ0w5HBgzbMRpPKoqDKQllmIbBMtXsJITccwLZBEhCmSkZychpCwaHYWDQL42S88Ga7+MXALUOKIayAOu/jAxU149Hjv4WFQRETg8GFX7DngjO0H3LD1qD827eKAQSANjvBGTEIokrR8XnoFlXoklCkqgkYYfCKdsd95B/Yf3Y5Dx/Zg664deOGlLYStzXjhxQ04fPQI/4+WfRGVY2k+mluqcGJmDMsrS7j+4CFOX7qKFZEH68JFDM+dxNDUIqo7jqOpfwztgxOw1bRSkbahpGmQCrMTvcdnsbRyDZ1Dp7By7hoWly5gcnoFp5dP4cHtK1haOom56XFM9rRiiTD3y599gI8/+Qv++Mc/4Nlbr2NwQixCsEJfqEF8tpiyiZZegazCFEzNdqKhvZhKPp4QEoHYTCoUA58NgSNM64dQja/M5B7GbQQ/R6QGQilyRuX6UwIkYImpN+lFMoXKZJz6/Ij/gS1DkUOySggixUpk2iIoIcgoDKIQrmSKBj8Clh+tZR9EixpwGncJWWpCUBxBJDbNR8ZexRp8JSDFpDuC1JNyg2Rwu/a5CLgSwez/9FyJKURNTpAELOG5ik33lclDVf8LsEK0XggVXjJ9IKIJlAKy4nn/ycYopJsIOtYEGG1JyLFpYLIRtmw6uTVa4pFuVFJ4n5RUAqnOEEJwCmRbJvilCEh0RWwylbPWBQk6JwK/ExL1rrxPb6TwuaWaQpBeEImM5x7ErJJYCVgZxSK/k4iTYr+uzqAYYG8xw0qDzUzwslbEoaBaeJ8EIDkSiBbUxj4PZFf+D2A5JALGoiiCYgxMdhVMZVHIr4qRubDK6hNR1pCIuu5stkOOaxzTxJTgxGIexYSReRMBwIzBOQLWTA7ax41yKrG01UBQSZGAlVMmACuR71ot48TMlenS69Yy2obGoRbk1ubKRJ6RhkiEpRFASwxIL82DOi8J6WK1Wl0pKnp6UdRaD22+lsDAfpYaQegN5zsh5GsJ8dm855YyQpYNlgY7AcuClskRtE+OcWxtQtvMBI1aGksNNjSMDqF/aYUGLY2Vehu6FpYwf+MVDKxcQt3YFAqaGthGDUilJGUlsk9HINmcxjbFa9SGsz2lIYrHYtLYhq1atj1/qPj+1BkiVi9YAlacIQBpRcKblkcwC+d4cACeIdvhq9iJ0LhdMq9SQvpOvt8jMBY7o6TxGFqPBxNglZRA9E0GY3BaAFYMt4SrCTUVcwIautQ0OFWoalWisjWSRlcELGXB0OexLae6IUp9kAC3H+GJ+xChOQCl9iANj32E9L0wlh3mszmEss6jaJ9wow70I2QFU6eqcOF2Iq490OHuK/mErCLcfFSEK/fKJGBduFGLFeq3qVNVHGcq0NBRAnuVGabCNLb/RCQTjuNSaFRrAhCZ6IOQOHdZ1Non6jAB6yA8wvfBLWQPXAlYTt47cIRwddR1M5zcNxOwNhOCtsHLn2BFGPLxJWR5E668t8HNYytcCVjOxzY+ByzC1d7vScDaf3gjDh7ZKAFLrDL09N+FwLD9CORvCbjyC+X3BfF7JGBtJWBtkvFX+w59h/8r4rC+y7H+u3Dy/K6MxfIK3Ajf0I0IIEiJVYUBkZtlQPv/BqwQxSa5qjA6YTP77RbEp26FzrgLBgFXhKzM3ENIz+KzTuW71W6l/ttKwNrAPr2Z/fEYqppd0NhNiB5xR++YCwYmjmJ01kUA1k/w3wKuRN6rL54QnJ5SCFVfiNQMb+DrL14hXD2k3KXcIoQ9lmAl8l19/cWb+Iqfv/z8VQlXn332Gj797AN88snL+H9/OIP//M1J/OTDebz2gzncfPUELr88imuPJnHzKUHr9XkZuL1+3xF7JTK5z1/qwNxFB0ydvNQupwUXLrfxeDOPN2PmQiOhp06WqBkliIj8VQMLhJLlcpltfXSpCuPLdRheEOVyGrB4oY30fhyP3zyJp+8s4+l7K3jy3hIevS1Aaxo3XhvF8s0OQlsjwcqO5kkLWqfy0bdQhOHTRfyNYkycFYHv5RhbLWHHLUb/okhIWouhxSp0zxCwph2AVXncjJJuI+HKKL1X1sYsWOozUNKWg6bjBeiZKeE1VUqvlci/NfV8FeM0IWt+vRULvN+59XbpUVu6NohTV3rl56VrvTh7ZwSrfEZnbp7A0qU53H14A8+evSJLs3T2HkeWQYOUeEJVvB9SlO5ICHFGfPAxRIe4QBXmAUWAM6JCqZDiY+S5+hQNNBoN1OpYQkYwgcob7h4e8Pf3h4+3D0JDgwhgAbJsjlKpJJAEEbLCEBIcgqDAYBw95g4vP8KWXyR8AhUoKK5Gbn6J9CClpmZAoYxBQjIt/cIyOX0Xl6CDWpOCZG0agS0WObkWFNjE+TlUSiYZ36RLyUBDSxuycixI5HkZ2Tno7OtHeUUdysrr0do5yPNzYSstR2Z2LtIMWYhUxWDvIQ8cdAqk1eKPA8d8CD1+2LzHDZt3C/HA5r1e2LrfG5v2euDFXc7YRpA6cNgDfn4hMBLc/AMjseugL7Tl04gumKairoG1tgpFTXUo6WhGeW8vSvq6Ye0aRFrdKDy1FQjNakBEehkHGh08/Nzh6XMI2/cQsjZsxbe+twnf/M5L2L13L9INKSguzkeZPR9Dwz04f+kcLt68hfU7d3Ht/kNcu3efbZSAdPE22oYmUN/Rh4qmXlS29FFRtcBQUOVYADC2hOr2KbnqcmxymUB1UdZYPLd2Do/u38DlixcwMbeAhqoyLMyM47e//RAfffQR++En+N3vfoNL19fROdIGa40J2SXpSCYcxGcpEaULRoxB5JMSEKRBOkFC7Itl62E6PymhWl8EJnlJyBK128JF3JLIH0XAEuVoNOYQGQOV+DzJp4iDkrFQeSGyWLGALpGkU5R9SbdGwiDEEgxDvkPSTYGEqwDoMv2QoPeWcBWTLFYPelGp+f3PtJ6Q+EzH58TnxZrFbybzt0XWc5GawQFZItbKh+IrPzumCx2xV2L1ofRipfvIKcJw3l9wogeCEjwQrvGBItlPerLUArCyFdDnqJCaS9gxxSI9j/BDUMjKi0NGbgwhP4oWbSR0afxtQlmyns9AG8DBl9eo80J8shuFgKUhYBGyElKOQZPmDH22JwyivEZBsMwLllOmkslehXfPVKVGXpXIQRYjk5rmVegITAY+s1hCVhrsjSYUVumodKNhKadBVa5CAWFJ5LcSua7M5QrK/wIsWziM/A0BVRaZsiFGnl9QGYOS6niUiwLXDRpUNGvRP1mKqdMNGD9VjNGThKuTFgzOmzE0b6GYCVi5aB7JRHVPJmEvTcZh5ZULwHJ4rzKKE6EtdFQLUOepuM97qTXC0miFoSwTKqMK4Wl8FwXJyKoqRLxJi8R83ktjJRol+NQjPsfRLpWpCkSkhCKSgBWm5TsleBV31vP77LB3tXCMrZaeqf6FU+ianUHf8gpKuupha6tE1/xJjK1dRv3wcZR2t2P62kOsPnoHk5ceoOvkGv+3HeklFqQWZCM+PQYqvUhZUcq2mgWtOZOGgYn9gtBl0vAcAhbbSTQBKz4jCGoaHyLbvyYvATmVBWxzGWw3wfAKp1EWsAmeoVsRELUNUUki4/dBgrM334ET3xWVb18cOkZUaBrwQuugHyWUokDH8Rg090fzHUQRdhXs70ruK1HWqJBVD3KK2H+MwrPrCmWCWN24H2HqvQiL34uIhL0E0N28rr0E80Mw1x5BYYsTKnvd0TEZRB0Vjumz0Vi9rsW52wZcf7mAcGXH5Xt2XLpdgQs3q7F6pQrzZ6pohFGX9ZSirikfhSVZyMnXs63G0mAgbLJdK5J8EKH2QkisAKxj8FUeImQRLCP2wyNE1CPcLXNWHXXbjCPOG3HURXiwtjgAy287vAhXPj6ELFH2xus5YDlvgdOxDTh0kHAlAGvP97BvP7cyDmujzJHlzu/0CdhJg3cfgp/HX/mH7SQ08Tt8thLmCGhOjhQNew68gN37vi1B66Dzd3HE7Ts45v4C3P0IWUECsjbAP2KzlGDFFoSptiFEuYVg9RJiEjezv26jIbQVKZm7OSbtQYaFz9W8D9nmAzCaj7DvH4I+Yy8N/V3UbzsIY1sRr92MvILDqG52Q1OvA7AGTnhhbM4NJxY8CVhffSjzYInYq38QnEQwu4ArubpQxF2JaUEpd/H3z67h68+uE6qeEareoryCrwhXXwq4+vQJ/va3d/Ex5Y9/vIhf/9dp/PTDU/j+jxfwSHiNnkwRriZw//VlAs6aTNNw5+kywWsZN15ZxKUHJ3D21iDBqhUnCVhiSlDEX63c6sbS9VYsXm2Qq/ukXKrD9PkajK2I+KcqTLKBjC0XY/x0BabP1GF8oRajC/VYvdaD+08n8PTtJbzxwVm8+cGKzAovSvY8efckHr93Ehdf7pVFnlunC1A7bEbDuAntM1Z0E7IGTtswslKAodMEpIVCtM/Z0DZdgp75UnQSmFoni+WKwNrj+YSrLBR2ZCK/IVN6r/JF3FVTFmr6TOicKOJgRVBbrsbsWh3mzjex0ffi0r1JnLs1gPW7x3Hx3ji347j6YJzPoAuzhMPlqz04R7g6d1fEo43izK0prN1YwuNXbuP+g9sYpFKuqetAQUEOVOFu8Di2HaGe+6Hy3g914FHEh7kSrFwR5H0YMQoCRZYWVlM6dPoExMSoEK2KQoJaiWhlODzcXeHrR4UTHMzPSoSFhiIkNAxBQaI2IZWPQim9V76+gQgJoWWpjEeEMg7+QRFIzzBCnZCI7JxcFBQVQ5eehUxjPvIshSgqKiJ00drLzIWluAIpPFeTkor4RDUSEvkd4RFITEpAAv8/32LleVnQaJNgsZioqPQoLLLCaslBQWGx/O5krR4qVTyvKRBHnLzg5hXIzuWB7XudsXnHEcpRbNh+CFv3umLnQW/sPOBH8cH2/Z4ELQ+8tOMY9h/xgIrXX1vfQnAbQKzWCH3rbZgn30fXmQfoW7+Ooav3MXzjVfTfeIzeq09Qv/oqjOP3oaq/h6Tup7DNf4DG1V/C2DgO74DDcPc5jA07t+JfvrsR36a88NImeHh68d6TYS82o6e3BasXlnF2/Rxu3H+AR2+8hVuPXsH5m/c5+L1Mq2carX1DqGrpJmANoL5vCo1Dc6jrmUJF6whqe2bQNnIaS2dvoW94EUMjU1iYm8LD6+dx9cYtDqQXcWJmFq8/eYi//OX3+Ojjj/D555/T6PkYP/zpe7Sa+5FXmYN0Ko0ko4ht4XsnGMSKIPa0EFrtQYhKE/FL0UjMjkRkij+VnA+3PghL9kZIMrcpjpgllZgCIxjprWESbnSEm3+u4hP5qBIJYEmUhOeSKGr5EYp0hK40kaVcFILOCUYKQUyXLRKMBkCT7kfL0ZPvwkt6rhLFbwhgEx4ooyOYXUIcgUmAncjGnkAwSybgpVjDn19LELcBMkVCWkGQTPZpsIkagkHP82E5IFCAmlLcVyLBkRZ5ECU4zgOhak9EanwlZCVlRUKbpeD1RSGVzyo1g/tUNimEKr2B8MXP2rQwaHQhHGz5nUm8/kRfxCZ4U9wRm+iCOI0rB23hvXImXLnwPr1k7bK8omBYSkNhqYxCfm2MTPFgb0lBeYceJS1J8nNeZTRs9WkorMtAZr4CGfmRsNVlo1xUiChXw1ysQH4JwalUQXgiWJVGEqzCKZEwlxHY7GIFYZg8biNUlTUkoKIxCZUi2Wd9Iux1CSirS0RFQzKPJ8rA8rHFGo5RVRg+acVxAtaQkHkTBmZz0XnCiLpBw/Nr1Mt8YOZKDXIrkmQqiUx7MvRFidAVxMoYPpG6I1YkgeXnzIospBLsVcZIxJrUMp5KW5gJtVmLrOpigs9ZlPb0IDojhu1KI9MehBP+I0StQF0Q0spE6oVOjq21hKhalHW1omFkCMdPr+HE+Ss4ceEaijsEYNVwrF7H2PkbaJtZQOfiGtYevYvLr/8Uy/fexvGz12HvGSCoVUnAijNEs23xuXT30hiuhaGEMFhkRmxmHLfZBHSOkzQoYlI8ufVhv4lGqjVVTg3mVhXTAIhHeGIQPEL3wdlvk4Qsr7AtCI7dhhSTL42ZKPY3N+RXhaGqU43azgCKJypbfVHe5EeQCqbRFImSegWKqhV8R1EELBXhSsX3Ey2rHZgIycLDm5DmDlWiM8Jj9iA0fg9C4sV2FyKSdiImbQ8B8RDB/BgKG9xR1s7v7gpE4/EwdJ9QYfK0jkackTrHhvVbVbhwqxpr1yqxcolwdbYSw9PlaO8vQWNbIco4RpjzU5FlTKRBy+ej4/ig8UMk4Spc9JEYNwREH0GAaj/8lPvgE7mP97wXngG7OBbvgJO7w6N0zG0LnAlR7sJj5bONRug2eHtv45i4lXAlAGs7XMUUoNMmHD68EQcIVsKLJbZHj26Es+sWCVgePjvl6sMgAlao8gBCCXWB4btl/JU7v1MA1oHD38Pu/d/Gzr3/ih27v4md+/4Vew9/m4b3t3HY9Vtw9X5Rls7xC9+IIIVjqjBUTheK/FjbEK/bhsTUXdCm70Nq5j7kWI5KaMorOgRT8SHqLe4XHEWu9SiNq4M85wANqt3s59sRm7QFqVk7Ya89hvZBL3SPemBowgMT856YWJCJRn/nKI0jg9V/5FhRKKYARTD75zfw908v4x+Eqr9/dgv/+PQavvzbZXzB/S8+u4cvPn2ZYPWqnBL85G9vE67exB/+dBn/+Zsl/Md/nsYPf34Kr/9gDveezeD202nce30Br75zAY/FKsKnC5QV3HttFQ9eP4+Hz87j5isnqWyGcOZmD5avdWH5ejdW73TxcwuWRHX2q/U4LbKpX2nE4uUGzJyrw8yaqEFYx8FBFBUtx9RKDSYIXXNrzST2Ybzy1jTeEFXff7iK7//oFJ7xep6J8jsfnMJTyp1nI5i+VIuGMQvKB82oPp4n91tnCVQnC9E5b6UUSmmbLkTrVBGaJ62oG85DZX8OKnpyUN6bQwuLUNVskDFX5oYMDgYZKO/MQfOQFf3TJbJuoYC/2bVanLzQhDPXOrB6qw8rNwlS11oIVE2y3M484WvmQqv03i1f78Lpm71Yuz2I86Kk0O153H10DY8f38WF9fMYoEKurm6C1WqCJi4QUYSqMK8DUPodRmzgYSRHHIMi4AhC/FwRFxMBqzkVuuR4AouBYCVWAIYSNMIRq4qANjGG50RBFRWBKEUEFJERcsovQZ3AzwrExcchOiYOEREK+AcEwMsrCEoClk6bimRdGmEpmeckwUCAyi+0E4iKkJObh/z8fAJRHNIJXcY8MxtpEZK0GYhPSEFwuAo+vsHw86eSSiRM2YpgMplQQKCqry5Fil4HDUFMr+VAnJ2BtLR0djwfuHkGwsWN4LTHCa7cP+YSgCPHvLH3oCt2Uw5y/8BRDxxzDcIRil9wNCWGnVTNzqpEaJiKAFeIluY2HB+dRN/oNBLNHbCMP8bKWz/D8rMf48zbP8PE4zdx4tUPsPzmrzH68s9RsfJDGMbeR9rYD9By5d8xcuu/0HvhfVqRkbSKXHHIeS++8d0NeOHFTfhXbrds2wNlVDgyM3RoaarG8vIs1i+dx41793H78at48OR13H/8GtvpE5y/8QAjs6cJWL0oLGtGY9coB+ABlDYNoqVvGgV1x1HVPYf+mXWMz69hZHQMTS0tuHphBU+evMy2dRFD47O4efMqfvXLf8df/vw7Qtaf8Oc//R7/8fP3MDLVhYxiLdSEp5j0EMJVCBSpQTKQXWngZ26j0oIRmiKSJYpcUaE8TxTG9YJCR9H7QPnP6blsf4JNEMGG1nV+iEzqmWIJlh4jmXHdIAK8ea5ewIpDxFSf2kCQygyidU/JDIYmg9CULvJe8Xz+TozWnf/nTbjyk0lCdebn+axEXqv8MCQXhEPD30y0/K+s7GJ6UMCVLZSKL5iKM1BuM0tCkFcWCRPhI6tIFHJ25MtKkiVy/GUJHBHY7Kd0osJwQVCsmxQBWSpdANSET01GhIQsAViGLKWEKykELX06AUwfBrUmELFqX0THeyM6zhsqKiFVnAv3nWgVu0gvVnKaK+HKA4Zcb+QWBsJaEQpbdRiK6hQobxUJPXVoGzahd9KG5gEjKtqTCTFqwgzHkLYcWEpUz8EsjgrYBHu9gcdikE+IsojYKt6fiWIkTBqLIlBYLYo862GriUdxbRytay0aO9PR1J2B5p4M1HO/nMfstQS7GkqthucnoX3ESriqJFAVoHc6Vwa2d0/l0EDMQssojcX+DCpvvUyvYKnTwFKbDHO1WFGohamaY191KnLKE5BdSkApIWgVRCNegDchK6cyFwZ7OpKsBHyrju8rCzpKRrkVI2evoWFiBqqMWMJxGttoHMKTRQ3MMOnFyqoqQnl3D0ra22CqtaG0sxG98wsYWj6L+Wv3cJJGUGWvSHFSj7G1a5i4eBeD/M7Zm6/j8ms/xfU3fobTD9/F8OoNGtEnCGNt/B0DkrJjkUaQaj8xx+9s59hditxKG9tbCu+lkG0lWvaBRFGtICsEORUcmxprYG1o4H3aEJemQhT7vgj0dvbbDBf/zfAM3URgPwiDqBVZqiFkRaC0JY1Gkpr9OQAVLf4oqQ1EQaUf8suDZDLYHBtBuYRAXRFLqIqBtTQK1hK+Wx43FUXKSgfaDLYvkYtLtQvByh0IidlFwNpNwNrF/rWHhsghZBS6wFTpjcL6ABQ1BPF3I1HZHoP63kT0nUjHzIoVy+tVOHO5BssXhOeqFuNz1egdKkNLpw2V9WZYigzIMemQkZ0IbSrHf10Yf5eARaNBBP+LRQAhsccQFH0AAQQsfwKWX+gemd/Kw9uRmf2Y6+bngCXSLGx3QBbhyksC1ja4e4oA9+1wc90KF+ctOHpkMw7u3yBFeLMEdIm/uYrpQZ9dHLv3IiBsD4LC91Jn7EGgiMESHiyvrdJTtmf/d7B91zexdec3sG3HN7B9979QD3wTB5y+hWMe34GH/wb4hm3ic9sqvVYRMTsQGSuSju5EAkEpOWMv+/hhZJqdkWdzha3MEyVVlGp3FFe6oajcBQV2Z+QXuUj4ysw9Qvjchzj1dvbzLRy7trLf7UFNuws6h70xPOWD8UUvjJ/yJmCJzOxf/RL//dXPHasBv/gAfxfB7Z/fx9//dopyGl9/egZf/20NX31yDl9+chaff7SIzz5awucfX8Ynn9zCX/96G3/9yw387g/L+NVv5vBvv1rAB4Srd3+6iNffm8f91+dw+/VZvPL9Nbz67gU8+v4ZQtUKj6/i4RvrlMt4/NZ1Hr+IG4/nCBMCsggWN/uweqOV0oIz15uxcq3TBQjOAAAgAElEQVQJZ280YeUq5UoTFi/VYeFiI+ZXazGxWILRRTtpvRIzZ2qwdrUHL78xg7ffX8QPfrSC9366SlnBOz9ewts/WiJsncazHy7Jkjwzl6rReKIAZYMWlPXlonLAhJrRfNRNWtBwIh8tUwW0iGxoOSGkEPWjJlQN5hKsjLSsslDSnY2CdoJV/fPSOPUZsDVno7bXjPZRmywbMUnwWzhfh+VLDVi91ob1e324/HAIF+8TIm+KVZItBKtmTJ1rksWpz1zvl8HtS9f7CJXDWLs1j4evXMUP3nmCd956gus3r6GvbxB1dS0oKi5GYhwVTxSt51BXhBOwAr0PI4ISF+KKYF8nwlEkEuIUSE6Kl1OEFWVWGLN1iCdUaTWxSCF4RYaHIDIiRMZdxcbGIj4+FtEqFeLioiV0qVQxPKZGWFg4wsNowROsUtMzCVKFsBZXwDcoXAbC5+SYkJsvclKVwGK18jwdioutPG6AUqXk98QiPcuKTJMdldV1SMvKR66lBDZ7CQpshUhP06GggM+4uhyZWZm8ljgEBgbD3cMHB464S7DatvMorRY37NrnhsPOfgQpP1otbnLKMiRcKfN5KRXxBDsj8vLtsNpKCXsFSDPkIsdsZ6epQX1LJ3oHhjG7sIju4+PQ5Zdj7MY1nH7rNQzfv4uOW1fRfPk2Bm49Qs/1R6hefoTM3sson38HJ558iJNPfo3u1YdIttI6T4uCNwFXxGD9ywsv4Vvf24jvbtiOQ4cOIzGBg1xNGU5MjeL8xXXcuHsfD5++hqdvvYNHr72J+0/exKU7L2N2ZR21Lf0c6LpkHUR7XQ8BoQWdo0soqO5DddcMekbmMXBiBdm2ZtQ1tGFybACvPriCqaVV9I7M4OTCEs6fX8Grj24SrN7Hb3/7S/zkpx9gfHoImbZkJOYqZckQEcCuIkREZ4RBmRFC5UbYzggmbAUSvPwkUIkEnNEEpSidB+IzHekO1BSZ1NMUKIPKBVQJEBJTdMKDlUB4iU8laGi9oUxySDT3BWTFUtRpgUhIJ+SI9AhiBR9hLjbZhzDiScDykDX5dLn+BLdAwlKQzCmVZiMgUVGl2Ak8RcIrEiYhS9QVVPP39fycXhyGLLso+htG5RiG/NoI2OqVsNWqkF8RhZziCKQLSMsNkikeVATJ0DhPmdPHAVmuMoBXAlayH+JSCIti6i8zkhZqFLJyRZtVyqnBVDE9mMbrSeF1ELBiCFbKGE8pimg3bl0Qo3amdSvir1yhNbgjzejJAdybFnEQrOWhKK6JlIWV63oS0DGUip4xK04s1GJkvgIdI1lo6teiaSAHjTTiiqujOfAHw2gORWGFnoragpIajjlU4GabEnmFYkVmJIFL1HWMYrvh//ZZCFM0VNpT0dadidYeSm8W2vuz0daXzeNpKKtNogJJQkF5IqEvlgo5Bd2TleiZLEfjoBENg7yOYSMlG3X9julBkfSzsCEF+XXJDi9WtYb7ehS35aOoKcuRm4vH8yoTZM3AbHs893msNo9gkk+IsUBfbCAg0xiz5yGb8DR27jr6li4gPkfH926AxqRnG1SxT8UgKjUaWRUlqOyjsdHdjexyM+wdfE5r6+hfOoupSzewdOcp6sfGUdbdSbi6jbnrr2Dm2iOsvfw+br71C9x++z+w+vB9DJ+9idYTiyjr6ZWrGXWmRBQ216FrbpGA1eEAuOpiZNpzYG2pIOgpEJniipSCZGSUZqOCEFfZ14+Cpjq2yywk5aYgwahhu/GAW9AuuAftJmBtZz+JJoCWIKeMMFqXhpquHJQ1RqKU0GOvC4atKhjm0mBYytTIK0mAsSCK71LAVTzyCaai8Hl+sRJWETNXpIAxPxT6bD+5SCJctRtBim0IjNqG4NhdiEjcg2j9Hva7Q0i1uCOjyAemihBY2QeKGwjwbfGo7tCgcSAN/VNmjM0XY3KhFFMLlYSrGoxM1qCrz45agrutLB05+cls64ls62roCFjqZJGiwRtRSR7sy25QaTwRLSTRA1Fs42Eih1jkfvgG7oOn724avNvhJOCK4uK2lcYwwcp3J3z9dsGXWx/fXfAmNHl67pQQdcx5MwFr03PAegmHD22AM48J75YELPG/IrVD8G4EBO+iiILRAtgcxZ7F9ODufS9gy/ZvYOOWb2Dztm9gx55vYP/hb+Ko2wtw83mR4/IG6bmKiNsGZYIo/LyHY84eqPX7kJZzFDlWJwlWheVeKK/zRU1zIA2SYLR2BaKl3R+NLX6oqvWBvdQb5gI35JmckWHguK7ZjWj1NsRqdtAQ2wdL6RGUN7misdcTfZOeGJoVgCVSMYi0C2I1oUjZ8MVbstzN15/dxt8/mcZXf5slVM3ji49n8dlfpwhWM9zOURbxt49W8clfz9FaXsUffn8Sv/n1CfzsV3P46S8W8PaPF/CMcPP03QVZ3FnUH3wiE4yucJ9g9WxVeq9efuMCXnnrMp6+c4fn38ODt9bkar8LdwYJWD2EqmacvSWAo4Wg4dhfvdVO4Ojg39qwdLkZ82uVVDClmF6pxMK5WiyuNeDirT7pvfoBgeqDn5zG+z87Q1nDe/9GyPrJsoStt7m9+8YgZi+LJJ+lqBsrQc1wASUflcNm1IxZUD9ZgCZClSjQLDxYwntVO5wnvVal3UbYCVhFFFtnJiwN6Y6Vg7Wi9ES2zO3SM1kiAWt+rQ6rV1uwfqsVl+914erDAdx8NIrrD3pxgfe0TGCcX2/E3LoIbm/F0pUe3uMIrr58ElceLuHGvTV8+LN38etf/gQfvPd93L17C42NLahvaCWI1ECvjUGSKgCxEd7wcj0IPx9aG/5uCPH3giqSllKuDsbMJERFhsDXxxsJVPqZmXokazUyZUOyRo0AvwCZwkHsx6iiqEA4sGRkQK1OkJATpeSAR4BSJyQjSZMiV+bl2+yEIjtSUtORZcyByWSBTi9yXulRVFYNW0kFyqsbYC0qgp7Hk5NTkKJPRUKSFsZcK9q7CQ6NrSivaUZbzyBMlkJoNFrk5uVCp02GXpcsVz86OXnjwGF3ApULAcsZ23YdpaXihIOHfeDuFYr9TgSsQ17cD6JlkYC4eA3hikqkjJBH2LOXVqGivAL2sgpU8HqGJ6ZR09KLntEp9A8TshcXMUxL1lLfgf7r1zD92qvov3cfrTfvo/PGHTSsrcLQXo9ggmyCKQMVc9OoX56DodoGfXkeDDUmhMV747ubNuL/+/YG6cH65nc2ssPvJ1AqUFxoRndXKxaXTmH92k08eeP7uP/oCV559haevvEODYKbNBTWMTKziqGps+ieWEZd5wnkFrWidXwF7RNnUds1hfHJJUzPnsX41CKWFuYxNdKJe5fPooGw2N53HP39g+hqb8bVtVP49x88xX/+4j389ncf4sadS7SaTUjlACqmCNVi+TkBQkmwiskMQ0w2t1lB3A8idAVSsflCIVMjODKnxwnAyvLl/wY+D2gP+h8vkyPWKUR6r8Rqq9gUwobGi0LQSvZy5LESKwFTfAgu/ohO9pXgpdLwXCFJYuvJAc8bKTn+yC4KpqKLQH49oaEhkoZLJLKrI5FRqUCqXXixwpDA343PC5BbPQHMWBZBJU6gao5CRWcsqjpiUd4ajZIGJYpqYpBfFgWjLQJp5nA5ZRkj4stiPeAT5STz+virXOR0YTiViVLjh3gRU5UewoEzApl50TCaYql4VDBkR9EgoGRE0lAJgyYxACqCVYTSnXDljkiVG6JiXeUUYXyyM5LT3Wgde9GY8ENOYTCVZiThSIXyRiXKmhV8p2p0DqajeySP770UJ06xbc6Vons0C53Hc9DBcaisMRGW4lDkFobAaFXAXp+Lhs5yVDZYqIDjeVxJBR0HGxV0cVWcBKd2GneD42U0HPLRQahq7zc6ZMCIFoKSAKxSQpKAq7ziGORSqVsq4lDfV4DeE40yYXJFZzpqCWOVXQYZd1XclAZ7aza3HOtqHR4sS40WtqYMVPWXEr4Ig006KcLLZSOIFTUSMHoKUDdQRQgrgq21lFBTDnUOjbqCFFib6yVgjV+8h7SSQmitmdAWZCMxLxVxWRq2x0QYCVgVfUMEnF7klFthbbJjePUChs9cxNj5K1h98CbH7zM0jgcxffU+1l99n0D1Lq6+9m+4986HePDer7D+yg/lFGHX4irKB/qQVpiKrDI+l9kFdM8toXpwEJX9NGhqi1DYUomSznq263hClKhDmQVLI6FzZEyCXl5VCVJtmYS9fIJWOpS6EIQl+lGCEKVXwlRXyWdTJOvR1g4Uy0LXZU3BqOuIQkNHHGraYlHRqmP7zCVoqaWHsrg6gbBL4CuN53uM5X4sisRqz3K+F8JzloXGhM4VkbF7EaragWDVTgRGcxu7EwrNXsSmHYHe7AFDsQ/MlSEorAlHSYsSVV0JhPQUtI9ko3cyn22sCH3jheibKEA/tz1DRdJ7VVErEjZzTDYlIDMnEakZcdDqFUjQBCMuyR8JKYFI0gUgiVsNjaIk9udESjyNouh4F4QrjiBAQJYXwYlg5O5G8dgBL5+dHL93IiCA1xu4m0JY8tsNb++dMov7UedNOHJkowSrgwdeJGxtcMAVRcRpefjseF4mZwf8g4Rsh4//NgLWFhx1eZEg9QL1wbckXL244f9g09b/g517/wWHnL4FJ48X4On/EgLCNhMEt8s8WHHJwmu1BxrDHqRkH2CfdEdxuR/Kavz4XghVPUHo7AvDwEgkhscVGByN4DMKQ3tXKOoaA/hOvGApcIcxx4l67AASk3YjUbsHOsNBjhOHYS5xYv/2REuXHwYmgkSi0ffwtVw9+AH+8cVP8fXnzyjfx98/vYqvPhrH5x9PEK5m8OlfJwlV09xOE7JW8OnHl/DpJ9f49xv428d38dFHN/CHP6zgl7+Zx09/vii9V0/eI2C9c4qgcxKvfH8JT7+/Kr1YT95Z57ELePTWeTx5+wrB6g7e/OAB3vzhfbz85nnceDKHyw+Gce6WyGHVSajq4FasCCRc3e7E2h0KIWWN+8sErNm1asyeqcbS+VqsXGrAmYutuHi7m/A2Tphawg8IVR/8bJVyjoB1Wh57h9D1JiHwzrMhLF1rxNhqPboWqtExJ8rWVKF1pgxN03bUTdhQO25F01QhGgVcjVikh6uiL5eWkFFKcRcHne5sWJrSYRJZ26sNKG2l5Tdk5WBlx/hiBU5fbMT56124wuu+/vD/p+oto+y6rnzfjPHeHa9vOp1O0p3EsWMW2rKFVVJJJamYmc6pc4qZmZmZmUlFKuZSgbBUYrItywxxHDtOTIlDfe+H35t7y5077oc59sF99tl7rTl//7XmnquSc5ebWLvSxPLFKhYVyForlP+bz/iyQORKAZMbNUysNzJ3aUhgdEmg6gq/ff8h7711X+BqkcbmVtIyComISsLFwwtLc+ngx/dxyvAlDA+8jPlpCZBmhliancTV2Y6IUAEgvTsadwd8dM44O1qoCe4ODrbyvj32dhJw7ayxka3G3RWd1hO9rwY7gQMvD3eszCWwuboKdHmhFZjy0nir24DAYOIEWnQCYjp5rvESiBJA0iojWwJL/gFB2DsJsDm5qCNLASFRhETGkZCWI/sPxjcwnKy8HIEvLZZW9vj4+hMRESYNOIDTp0145RUDdu45yM69B3n6uZd55sV9olD2s/cVQ44YGrN772FePnBcVJIZRics5TdsBRi9VfjT6/WkpiSTkBBHbFy8gF4GyWnZ8nuF5BeXk5BRQH5Vq1yjYdoGRphYWKBvdFYCRSN1AjztN69RunGZonNbJE2u4ZpRxIHTxhy2tSC4qYaUrkb88pLxzoglqjID9zBHfvXi8/zrL57h6V2v8PNndvOzJ17gpX0H5Ry7k5GaSGtrM1Oy781L29y4+4DL125w6/4bXL5xn8WNLWkna7T2zwqUKyUczhKZUU155xT5jaNklPeIg5xiZv4cC0vnKJdjr66q5OaFefmfCaI23XGU6+UtgJwSG8nK5CBvPtjmrUe3WVgcp6yujOj0KDyCHQViPPAItcXa10QFLMcAxUwkqJlg62OMpfYYll5K3Z3DOCrQ9P0IljLFpkzbPYYrE7SR5o/X/AtUCmsqS9gYPR7BErB6DFfKCNax77dHVbiy9TiqwpedClfyeXnuqjMUuDouit6M5HxbCcr2ZFXbk1ntQGqlI3HF9oTmCOCkWOEZY4pbhAku4SYqbPknWxOVbUdcgZ1cOwf5rrModjfyalzJFNhKznMmJt2RYCUnJtwSDz/5zxIsTOwPc9RKAMtqvzqCpQCWmaLWBbAcvJTFpk3RhVgSGO5AcLi9tFtbab820mYV0LIRByt9wu0ktg6GEmAOYWV7WEDrINb2ByUoHZKgdBgvX0N85H8FRJ4kJNZcQEj+U4EX+ZU6ssvcyCxxpqDSS0A/hKrmKFr7sug8U0iz+KGKxlBqW+MFisJIUQqLKmUuIuV4ol3JrcgW+CoiUVnoON6RqCQXcf6u0qbdScvViIMPorEjQyxVICtUBavimqDvAcufrGLxUQJAYUnOj+t3iQXG2xOW5iF+S/xgcz7p5TEklYYRlaNTX1eK0EZl60kqFGGV6a0+j8gSoCryJ6MuRQWsxAJveV9ALE9DiryeUxUp0BZLYWM2aaXymaJkMmqU9UuDcQtxVXOrehYvMrh2jYj8QvSx4XhHh+KbEIFbqA7XUOV3ksiobyavuZsgaefBqeJX+0dpmzlHy/QKZy/eoW54nsymdoY2rnPu7vuMXnjA6q33uPT6J2w9+h2z1x7SOLFMnYiY9Ppa/OJ1Amz51I/PU9jZLQK6T+CpjAiBt/S6SjWJPkgATBfpqk6tJ1cUUNTRQ3ZDE2GZiYTlpBCVl4o+SkRqkJMcs49AVyAxBYVyzsoJSY8gvSqJnIZYdT3HonoXgRod1W0+VLQGUd2dTmlzIglZbnLNHNVcuCQB1gQBrbRcNxF/bqTnO5OU5SQBW65vohUafwNs3XYLZL2Iqf3zmDi+oJqV+261mK0uXMRJwmm1MGlcrjmppfbkVLvK78jvtgfS0BVJfXcsdZ1xchwCWU1RlNfFkF8WIYAl8StGACvMVQUsnZ8jHhor3DzM8NCa4eltipfOBI2PiCvdCdw14gsU8zLCxVWOy/ZVTMz2iHh/EUMFrAyUelcCU8Y7BKqeV+3UqRfEp++U7Q6Mjr/4/TqEjwuNKlODe3b9nJdf+h6wBL4Mjip3Hj6jLpOjjFopZmSsJM0rCz0rye0/Y8eeH6vTg088+SN+8QsFsP4nz+/5V14+9G8cOvbvGJs/gbntM9i6Pi8Cbgdu+l14+O5GH7JHhMmrRKccJTnbmJxiE4prLaQPmtPUYUdnryOdfQ509DjQ3Gkr58qCwkoTdYQrKsGA4LCD6HQv4a3Zi7fPSyK6XpZ4d0D8jBG5ZeZUNlnR1m/LD/73f90RwLr3eGrwH4/UBPb/rSSx/2WEf3xbx9+/bVHB6i8qWA1+D1cz/P27Bf7xFwGsvyzxl+9W+e7Pm/xJ7Pd/GOfjT4Z4+F4v2w+6BKI6OX+9hbWrHaLWz7B9d4Zr9xfU7ZbY9oMlAax1bj+8wPXXFuVzAyxc6mLiXK2AVQ3jYiNLAlLz+QzNFTG2XC4QUq6OYI0uFjA4k03PRDpdY5mcmc5mdC6XsdkiplfK2bjWxM3X+7j36IxA1hgP358UyFJGsca482iArQcdnLvWwPBKMZ0zBdSP5FKrLBR9RrZi1UM5FHQkCGBFkNUSTkZTuHS+MFFrj0ewFMhSpghjivXElviJ0tYTnu5LVKafOBJ/cmsjpTMl0D2Sxfh8CTOr5QJUNayIrW01y/E1snmtls3rtaxfrWT5cilLF4vZ2FJKSzSwvNXLwsUJ7ty9ysfv3OeDh7e5uLlCV1cHGZm56P1C8fDSCJiYYHj4JQ6/Igpi3y6Mj7yKt5slwQHuuDlKEHCwEmByJsDXA38fD/wEtIL9dTjZW+DtJUrS3VYAyxxPL1ccBbbsbCSQBPgJpPjhrXWXz4mScbBG4+kq8PO4grmSlB4Q4EtWdprAlhtubu74+wcQGRWGpwCf3leck48foWGh2Nm7yH7dpBO6SKf1ITAkQjpz4vd3HQqcqncGhuDrF4y3To/xaUsMjS3Y9bIhTzy9l2deeJmnBFZe3PkKr+w3YNfe/bz8igRDUyvMLSzZf8CA48cFCsys1GWAXN3EISYlkZ2TI6AmABwXQ1R0NDniwHMLiimpeDxqlldaR0lVE6WN/XSPL8p1mlWn6YanlsmobCO9d4zKjSvkrlwhdPw8BhH5/OA/X+Dnx8zRNbcT3d6Ff1EhAYVZJDWW4p8ezNO79/A/fvwE//nrnTz/0hF2vmSgJtUfOWqOm7sX1TV1DE9MM7O4zJXrt7h66460z/fYuv0Ga5euCXTfknZymbGFC5Q0naGkdYKBhSuUtU+TXNxJQVUfMzOrXNi8xOb6Kt3NDdzanCctJQYzk2M0ZkcyWp/D/FAjy6OdXFie5urWGmOjXVSUZ5KQGY4mzEXNxXIQsLLWn1ZzsGwFtOyUvKsAUwGskwJWAg0eh0SRK4U9j2Dvc1Qt7qmUQFASxj1CT+AZZiyq+SQapfaUMrqlAJhyp5/uqHonoL0AloPAk/33cKWAlTJq9d+jVwpgOYuD9vQ9jl+Eko9iSmqhrQRkBzFH8mudKWpwJb9eQKnGmXgJGEGZ0pYTzNHGWIhZoo+3JDLXluRyRzLlO3n1AiwNzpS0eFDa4iWBTSCm2IUEZa3AJFt8wyxEvcp/9TyhApaRzX6MrA9ywvbxFKGS7G4hkGXvJcLE5zS6UIFpAauQaDtCo+wkAFlLABJQ87eWQCPX1PM09gJYFgJYFtaPR7BsHA7j5H5EDUR6OZ9BAnUhsZaExVmr0z+JGc7kVQZQ1RYv/iGC/GodxeJXGtvTaOkSXzZYSu+ZKpo6M8XZZ9HSkUtlbRrVtenU1GaQkR9JQU0+1R0Nsp80kjP1RCcrldzdSczWkpnvK0o8kNq2JFp6ckRJJ1BSG0yJAli1IeSKGEwr0BOfpSUkUVmCx+6fVeQVC0/3J7smR855LoklMURk+BKY6CHB2w3/ODdiBOri88IEfLzU6cDE4hBy6jMFoEJILfIlpdCX1HwBGLGsshAyJYDn1aRT1lRMXm0RxW1NJJfmEpIqfbKxhckLt5m58hqp1U2EiggKTE4hMr8AncCWNiqYqPx88jsGyW7uwTc+loCkaAraemidXqdz8QojG3doOrtGfvsgZy/dY+3O+wyty/buB1x/5/dsv/U589feomV2nQYBrLyWRoGkCPWOw7a5DRHUZwTYRkipKCWuNJNSeT27uRF9jBf2+iNyDI4ivLuoHBwnt6WDhOJCOdZKgal0fGK0AmIhJJQWkVBRTk5rN9GFuSIKBIDb5f82RFDeFkBtbzjNg8oyQEG0j6XTOppHrTIjUulJRpEzOaVaCczeAjvecu10cr30YvJaqQizfHfi0+zRBxsI+L+EtXIHof0OrJx3Ye22B0fvV9CGHBFAPkl0prkKV2llVtJvnCmXPtDQF0jbUARtZyJpHYqmuS+Sxu5I6toFVBsjKCgPJSMviOgkvYgId/HPyvqvj6cIlVEsjZJvKICllCLxFnGi0RuL7z6hmpf2OB4eIpSkzZtb7MP4xC4MBLCOHX1BYGgnJ0/tFKh68Z9mYrJDBSxlJOuI4XO8+uqTvLxXmSJ84vspwp+rU4cGhwWmjJ6Vzz7HqdPPYWIqcCZ2XB4fO6HUxxIge+WnKmA9/dy/8YsnfqjaU8/8kN37fsTh4z/B2OKXWDs+HrVy0+3A028PuuCX8Q3fJyJlvwiWoyJcjMksOk1pvQUNHZYCRTb0jzgzPO7G0Jgbg6Pu9A8709ZtR02jBbmFJ4lLNiQ08iB+vvvw9ZH9BbwqfuEw8SnG5FWYU99pR/ugPUOTzvzgf/3jmkDVTf733++r9l9/vyZ2XkCqnb9808hfv23mr990yeP+f4LV3/68oILVP8T+LpD1l++W+POfV8QuqUnuv/20j3c/bBOAquHc1SqWLlSzeL6J89cEam5PcPP+LDfuK3AloPVgRcBqXR3F2rw+JEChjF51CjzVMrxczdhaNYOLSrHRXLUuVP9cCYPzxQwKSHVPCVxN5dE1nqne/dIvoDU6m8f4bDFTS2WsXq7j4s1WNdH+zqMhXntXgatJeTzK9mtdnL/dzNJWNaOrj8tDKItGNw3n06SscThaQMt4kQCXdJQuUSJNkerdghl14aR9P4KlWFyJr3QonSgfnagWHZECVzG5Sq2YANLLgsWBxtM9msXEYimLm7VyTPViNWxsN3L+RgOXbjWwdaeJK3caWN8uZ3WrjMs3mrh+b4ALt4ZZvzLJzRvneeu161zaXKSrp5vcvBKSRcn5CzDZ2ZzG3NRIHbUyNdqPg8UxPJxNVQv2dSY2XE+wnzs6D2t0XjbY20hwsRZF4u4ijcMTF0cL9U5CW1trgSQ3QiOC1ZErvd4LrZcnUZER+OiU6UAd7q5OAmJW8lk7+Y4rkZHBap5UcmqyOpoVHh6Gt16jln/Q67V4eWkl+DjhJHCl0weoax76BAVjZeeExttPGmaoqKJAbO09OG1uz2kLR44IvPx6x371TsBnX3yFp59/mX2vHBEldFq9g9HMxEzMBAszUywtLbC2sZbOrNzdeAIzs9PY2ljh5GCLt6cziTHh5OZkCOQFk5dbTGpKBllZ2WoF+IDAUGLikwkJj6ekrkOU3QilTf10CmjNbm4xNrMkamaQxPpu0idXSdu8zansGv6fX+3GJDmT6JEJIhpbCSutIL6phtR2UcXpofzyuRf5Hz/8T/7lRz/n3/7jKZ58ejf7jpzCwNiR4yZu+AXH0yEOfWJ6jqW1TS5fu8WtN97n1mvvsHXzLmuXbzO1fJ65jau0Di7SMbYuYuIG/TOXqWyfJK2ojZLqTqZnV3j9/g2ur83w8PIi0+ODArLmTLcV8KUIeewAACAASURBVPrGCFc2Zri1tc797RV6e6uob8ihqDydgFgNmhBHAmNFmUc7YKk7hY1AlpLgroCWjUCFtfYEFp4CGp6HsVEqp+sNsFPM+4haX8ot6IQKWF4KYMlWE6xUJH+81I27UuBTWZhZY6DWsrL3OCIgpeRvGIgdUXM4bN2VhHYD9c5BffBpAuPMiEqzJL3InpJ6RXG7UVjnRIEEiKJmFwobncitcyal0k6dMvRLMkcfa0ZAog1ROY7k1LpR0eFBXZ+Whn6xXo1cTy8xrSh3b4EQDxKynNQcJb9QgSL5v/Yexpg6GHDC5iDGNocwtj7EKXsDTJ2VdeeMcNCexMX3lDqlGBJtQ5hAiDKCpQCWf7CNAJaVWqLBXWOCg4sRljZyvqwNBLCUqUIl0f0wLh5GomzNBNBsBKwEXOIc1H0FR1kQlWwnsBNNx2ARTd0ZFIoYa+jKZ2C0gf5RZb3KDoGsWuqbs6msSya7IJj8oiiamgtFVVfJ99roGh5Qa5zllMYKzPiRkOMtWz1ZxQHSRsKpbo6ntV98Wm825fWRFNeECMwJ8JQHEp/rTViKpwCVC94RDgJY0mejnNBHO6uLJsfkxgtkCUiUpRIqgOUbK0E3ygVduKOAlhdJhbESyEMFsDSklESS35Al+5VAXaJUe/cjRUArTUAro9iPeDmuOIGypMIYsiqyqOzsoEi5SaO+nqr+UWYu3eXcnffIauwVUKkkuayGtNomAsSvBKUkk1YnIqhvipTqFjnGKAGaRLIb2qjon6JnZZvRzfu0TCllGGaY3nrI0rV3GFy7Lft8nzvvf8ntD75k5uqb1E0uUj82TUXvAJm11TRPLdC3vk3D1Cpl/cMCTeUUi3itO3NWwDJbvdvUVruP0MxQasdnqJ9cprC7T/x+OVkNdUTnJeEbpxeRnS+g2EZRZx8FXd3yXi01A+1U9eRR1x9N05kEOifSpC9H0HM2gcGFYunPGXQMB0kb1VHR5E5Nm69c/2AaO4NpaFdGLgPF//hS1iDAVeWplm8IjDoibfdV7ASqrJ12YeO6V8TMS/iEvUpk6hES8o+TWWEi/caKslYHajq9aO73EfEYQv9kFENTseq2ZzyMrpEw2gciBQYiBLLCKSwPJ1nJ64vXEBwuIjzATb2LUONtrQKWRm+utnm9iDCt70m0Si0wASzFPL1EeEm/sbDcz0nj3Rw1eI7jRjswPrWb0ybiL00FsgSs/g9o7VTt+PHnVZja99LTvLTn12oe1kt7/1MtQHr06POcOPGsANlzmJm/KPAmZinftVAqwiv5Xb9g776fsXPvv6uA9ctf/StPPPmvvLDrRxww+AknLX4u5+gpXAWuNL470Ifsxj/iZYJiXlWn8aKSD5OYZSR9xURAVqCoy5KeYQfOnHVibNqFiTl3Juc9mJhxZ+SsOz1DjrR22qjThymZR4mOP0xAyAF8A/cTGHqYuJQTAscWVLXY0NrnxMBZV2aWPPjBf/3tBv/1t+v846+3+cffb/H3v20JSCnL3DTw568a+e7rNoGrHr77plfAak4Fqr9/tyhwtSzP5+XxPH/50zzfKvbtGn/4cpKPflPH2x8IKNwpYfFiCZNrZUyvV7NwqZnV7X6u3p3mmkDWtQdLXH9wTt1evD3C4qUesX6mNloZmldqQVUztFhG70y2BL4suibz1fwkxZQ6Uu1juXSdzRe4EqXXlyyglc7QdB4js0WMSyOeXS9n5VINm9eauHqvm1sPh7n5xhm2HnSxcVPgb7uO2YvKnXzF6j7bR8XGimibUCrGF9ExWapuq/oyyG+NU8EqVRzUfwOWMooVXaQnqsCbcFGDoQJYMVmBxApgJRUHiYoIoaItjt6xbAGsMpbOC0RdbWLjqsDV9SY5P81yLlrkXHSxfa+VCzeruXirluvy/PqDQS7cHeLy3VXefHiLd17fZmasi/q6UgGsHAL8NPjq3AV6rDE4sIvjRw/g5WKC3sMMN4dTONmcJCxAwMrTDh+tC6H+noQHuaMV0PJwMsPd3pIgfzciw70ERuxwshNYsThNfGyowJRWAMxJAE4cY3yUQFawPPYSGLMXQLMUcPIiNiGW4JAAgTQfdbpQycHS6/2IiolRSyl4emlwdXPH09MTHx9f+WwECakp6mLRfkERoupj5Tv+OLlqcBfY2n/khKiRAzyj5lbtY/fLR3h1/1EMDY5jctoUK2srLC1McXayQ6/1wNnOEhtLE06fOiVwdVw69Ek5biWJXgDL3hY/rStJUUGkp8QSHx+Jl4ebmkAfHhlFbFwiCclZcjwCSrFJ5CpL5ZTXUNzQQWRyjrSnac7MnWN8fl3a0XkyagSyRpbw7x5jj7sAqzjoSHHIQdV1xNU3kz3QQ0ZfI7q0BH654xD/77/8uwpYP/rpE2JP8cRTL2JobI2xlQ8WTsFExmVTXdPM8Mg480sbXLxxj+t332D75gMB6lvSVjYZmdkQMF+R47jEyPI2wwtb4jBnSC7uobRxgLNTy2xfvcZ7j97g03fv8/7r1wS0TUiOC2Osr5XVjQsC7nfpGmoiKTuY2FQ/QpO0aJTb5/XKHYKnBZoeV2VXRrEUU6u0a42x9DyKhcchda01G60Aku7x8jTK1iXQCE9lcebIkxLsTqkFQ73lueb7xZo9/IzxUIqAqkvFGGLndQgb90PYuh1W7xJUzM7DAEfdUYEXJeHbgqQ8K7LK7ChtcKam3Z2Gbg11XZ6Ut7tR0qpAliN5AlwplbZE5Vnim2iCb7wZ4Zl2ZFa6U92hoWVAT+dIgASTALpG/Wkf8qFVXqvr0gtAa9VSBMpdd76h0j+8T6p3Rpk7HsXUzhBTW0NMFFOm+pQcLOUuQr9TuAcqI1gCWLF2KhyFxthJu7UlKEz6lL9SA0uZOjHDyd0YK1uBKxsD2R5R87EU0HJwERjVKGUoTASslelxezFbAkKtCIowVxObi2sVCKqgtj2f0rpUugaqRSAOcO7iEpsXl+kd6qCwOpXkLD+BPGfik3UUVSSJE29lbH5WgsEkTZ11FFUlkVUSKLAVRGlNNBX1sVQ0xtLUk03rkPiwliTyq8IFcEJIKFQW89YQEO+OPtJFzFk173BlBMuD4CRfQlOV9QkLya8vEZCIRCeva8McxRzUz0WkBwpYJRKVLWKyIIy82gzSS0NFAAhYFfkJWAWSURREdpkE7rxQ4rLDCEnUEZzoLXBVJ9e2g8rufjqmVljcfoNrb35OWc+M+NVmClv7KOwYJCq/kJiCYgGnccoFphLL6+X4YgTqsshv7qawfZih1VsCaG/RPXeNzrmrzF17j7mr7wh03WPl1rvc+/hrXvvkW6a2XqdqZIbakWkazy7QOr1Ex8ImQ+dvcGbjFkV9w2S3NNEsEFY1MEJIaogAlgFOIiziSzPU3K7uxYsU9w2RJgCV29pCWHYMkbkJchyd5Ld0Uj86RZsIs6azU9QOChwPJqvCfWghlz6Bm97peMZXK9VVREaVAp9zcQJcwfSMBtE3HsHgRJTEinB6zkRKO4iUaxxCU5efAJiHnE8LYtKPC0wdwNl7rwiE3Th57xbg3UtU+j6SCw+SUWZIft0pKrtsxYe50jnqTdeYt0BVIGdmIjm7HMPkuSjGFsMYmgmT34pSIUsZzapsjhbYCCNe/ER4jE7aqSc6H3u0ehu8fWzVmzuUNuwbZCaPpV/4Sf8XyPLWHRf/byTi2UAA61Xxx3s5aihwdHwnp0z2Ymq6l1OmO/4vwFJGsUxMdglAvajmau1/RQGsp9i7+1dqDtaRw0/LPp7lhNHTsr9nMTd7AQurF7C0fl4g6xlOnn6Sw0d+wauv/Ae7BbCeeUFJcP8hv372h7x84Mfia/8DM9tf4eT5DBq/HfiG7SEo9iUiExSwOkhc6kESMg1EjByjoMqU2jYr6YM2DIw7Mz7lwdlZd6YWvZhZ1IhpmZz1ZmjcjU4Bp9oGawqKT5OUYUSoAK8ychUdf4yMAlOKaqwF1OzpH3NlWuBqedOTH/yvv93hb3+9K3Zb4GlTYGlYwKqBPyn2daNYszxvEeuU9yb5658ej2D97TsFsFbUx999OydwNcc3367y+y9G+ODjGt54N48LtwqYWRfYWS5h4lyZerfc2bUalq/0srLVz8a1US7eHGf92iDLl7vV0avZC92MrtSrxTYH5qqlUZbQNqYsKZNNh7qwcp48zhFVkEXLcC5tI/k09mdR15NM60iaWuZgaE4Z4VLWDSxiaq2cpUv1rAvQXLzTIWDVyMrVcuYF/BYuVTKxXszwUrFa2LRrskSsVGCrQhRHKd0zspXntQNZomyS1dErBaoUU3OvSnyJKNBJR9MRLnAVniawleFPbE4AqaUh5FaFUdoUK0ozm+mVSlYutghctbGx3armh20/aGdbYOrmG33cfF2BrEaBzdbH05pvneX6a2fZvjPPnTubLMwM0liRQ1ZaGImxAeqolJ2tGR4ejpicOICrrTE+GlvcXSzQudsS7ONCsN4FLzcbASMJShoXnAWqdJ4OhPm7Eiif1QtshYhSSU8MIdjXkSCdI3p3KyKCXGX/zug0DgQJyAX5eeHvpyMiPJj4uEjS0xLJyUsjPCwQrZcrnnIMOm9PXF0d0Xg5ifo4JnZCzatydnHD1zeImJg4PPX+2NkpU4vBahkHX9k6e+iwc9Lw6uHTvLj7CL9+bh+vHDrBKwePc+zYadxcXVRYc3ZyxM3FSX4zklhxsr6+erw1bjgooGVjIfu1VO92VJ7rPZzJTI4mKSmGiIhgAn28cHWyVQt+hgQFoNXoBBxTiElIIS0rh9ikVKKTMimobiajsJK0gipRm/OMLGxwdvEcEwtrFFd3E1HUQHhHD7EDZ0joPUNsWxt5Y6OUzU6S1lmLS3QWP99jzLMG9vx///4rntx5iF88u4efPfEcBw4LyDj7cMram+PmWiKjUmhubqF/6Azzy6ucv3yVtc1LbFzYYu3idUZn1hidvSDO8Io46GsMzF6me2KTqvZpuoeWuHLlOvfv3efG1lUePbjLd198wEBrjVwrP0pL61jb2Obeg1vk1qSjkYCorLFnL0BlKwBl7XlCIOo41gISVtqTWChQpZiXQIf7UTEBBIErC4Eia80R+Z4hjj6GeAQboY0Q5Rp1UgKdiTry5K9UZRfQ0oYcxyPgmLqeoCbwJJ4Byt2Cx3AQQLP1PCh2CAcvgSsxZ90RFcpisyzIrbSmrMlRQMhVQMCTzmEvNTB0juhoGdRQ3eNOaaurAJYLyeV2ROVaEJhqQkiapQR2O4oa3ATItAJTPvQqSn0iRBR6AD1jQQJagfJ6IJVNfmQWaolKkvYdYIKrQI+tiyFmDgaY2hth5ngCE0cjTJyOYe52DDslwT3AFI3AlT7cgmABrMgEJxWylNEoJR/LN9AarZ8FXj6PAcvOyQg7B+VuwqNY2xlgbS/B2f0Erkoul9YEL2+ltMPj+lm6gMfV3/3DLAiPtRUwipX/rxSULaSqPpOB0XZpD+u88ebr3Lx/j4HJMfLKU4mJ1xIW5Upiqr8Ehkz6JofVlQEW1tboGemksiWT4spIqhpiqGyIo0xAq7IpUeCzmKZegaVaCaLlwaQW+xOWLsIn+jFYKSNT/w1YQQk+AkNxhKWECTzFU9BYTnp5NvpYHZ6hjnhHOOEjn/WNdhchKeIlL57Y7FAB3RSSCkNJzvcVWA4lpzyKtMJwgawoCf6xJBYmCLT54SWAmVKYSWFDA+Ud3QJG62zeeY+7735Bx8xF8bFdlHWPUzs6L2K2gczqVhpGz8lrZ+X61xGSkkZ8UQUFzX1k13cyun5XHbEa3XjA7PY7LN94n5mrbzF55U11ivC+ANbrAlgL19+iZXqdmtE5OmY3Gbtwl9a5TYYv3GbuxiOqx+YoEXhqn12jRMBPWcvQNfAo7iGmFHZ2MnbpLv2rW+p0YmFPL7kCYxG5ceS1NVMxMEphVy9D0ufObFyT3+iT400ToV7K2HoDI/PJDM/HM3FeEfTtTG/WMH2+nNmNXCZXU8SyGJ2PZXgmiNG5EBFXwYxMRzA0HSoCSURCuxPF9WakFx8jOn0/+rCXRcjslra5m4i0l0jIe5nM8v0UNxvS0HeaznEr+qedxWd40DvlJYCll2MIZXotktn1SGbWwhkXyBqYjJT+FkGbQFZdR6SAfBipueKrEwXmI3X4Bbii87XFx08ERaCtuiyUv9InRDDoRIDofR9DlgJYjk5HsLR6PIKl5F8dP75DAGsPZmYKZO38J1gpWyUX65RsjU+9qCbCPwasXwlgPcH+V59UpxiPGijTjE9jfPJpTEyfEbB6VkT28wJxz8hzAbBjyt2GP2XvS//Oc8//kKef+Rd27vmfHDb8ibrsja3L02h8n1MLhYbG7iM6eT/xaQJW6UdIzDgiotNQ2qehCJxT1HfYqFN6Z866MTHjxeScF7NLXswta8S08thbhIwXPYOuNLTaUFJhTmbeSaITjhISc0j2Z0RO2SmK66xo7nOQeOHO6gVPNre0/OCv323ynZKk/vUo3/yhgW//WCfbGr79sp5vxL6Sx1//QV77YwfffjPKnwWwvvvzPN/9aZG//Pkcf/3zIn/6doavv1ngq69X+fTzLt55v4p7bxayciWXqXOFKlxNrJYyulDA2JICWmWMLlUyudbK4qUugZ1u5s/LdqNDPtuiLpszuFBD/2w13ZPFNI9k0T6eR8uIgNVQDo2DmdQLVDUoizr3ZVPdlU5FR5I44wQah1IFyLLVkgcDAlpjK9KQL9ayeKWGuUvKwsnFjJ7LZnQ1l7HVAvktRWGUMLhYJtsK+ucq6JupFLCrom+uho6JEhrkN8t6U8moDyeh3J/4Mj9RNX4qYMUUKsvhCHxkiirM8CE6UwGsIDUfobAmgrLmBDoGs5haEbC81Mradgeb19q5dKtDwKpXrP976+b2m10CVgO8/u4Ej96b58OPLvHavTXW16bo7mqkKCeBQG8nkmP9SY3zw/yUBMLTJwgL1KLzEOftqoxKuRMaoiU2LpSQQB2Bfh4CXTY425kJgDkKbLgQ4G2v5mh5OZsSFeRJaX4isVH++Ovd8PG0I8TXCY2rOU42ory9XdT3QkOUfKoAEpMTyMpMU4ErKNCf8PBAoiIDiYyQ3wsNwd3dTS3nYG1lJ9DjgEarV2tjab19JDDFkJJdSHlNPYkpGbh7CWycNOfgYSM1WX333kPse+UQ+w9IcLcQYHKww8/XG19/H1FKXvL7gcTERpCYGEd6ZjoJ8fHyu0HodRq1jpeLo7VAoTuRQaLA/TWEhUogCfaV/28ncClBTeDPQ86FxtNFYDFc4CtGXb4nLCoB/5BoAsKiyReVnJJTSUB0OonZFdR3npFgP8X0ucv0jswLEHQQWdGEf0k1iV2dVC0vUjg6SGxNLfvNvPjRL3fzzGE7fvzLXfzsqX389KmdvHjAElOXBNyC87D2iBDA0uHgGqAeQ3FRHl1dSl7VLCvnzrG+fpn1C1eZX99W4WrqnMDW4lW6Js7ROjwvznaM3sE5zp27yO3bd3nnnUe8++YD3hbIenT9PLfPz/Pxo4dcv3qNi1vnyavMIiTZG/84VxWslCRuc1dDOR4DtXq5uYdAlbIEjoeR2DHM3I6IyXsCVxbuCmAdFsAywD3ISAUrxfTKMjcxpx8XthTIUpa88Rbw8g4/IeAkgPX9ws1uAmVO3odx9D6Io/aQbA/j6meAPuIoSXnmlDc70tTvRPuIu8CChrEFHdOrfkyt+ou696Fb1HfToFYCsbIgsRNJJXZEZ1sSnmlJXJ4t2WVOVLR4Ut8jgDUonx8NFsAKpf+s2ESEQFY4Lf3BlNbrRWFKn0hxQx9oKVAvcOkkgGVviIn9ccycjAWuTmDqfEL+sxG2mlO4+JmiDVUWS7YS9WtHRIKjClnKKFZI5OORKAWUFMBy9jwl11MpNGqMg7Mx9gJbto7y390UwBKRoDFBo7NUzV1jipv2ceKw1sdc9mMlTtqV/MpscfQNtHQ2MDDYzuLqPNfv3ue9jz8Wsfo+cyvropwLCFWqmif5kJ4r8NQsvmxmXBz5Fpdu3JDAOS8BuZ7q5lSBtWRK6hLJr4ihrDFDzlEpRfWJZJUqo0ohRGZ6yrUUYRShwJIrfjHuAsoeBMTpiM9NEKEYQ2CCHwW1RXKdKiSQh+GpVLOP8yQ6LZCAWG/5bABJ+akCWNEkl4gPyQ0muSCEgppk6ScJco0FuAqjyazIFEAuJT4/icB4PxJyU0kvKSW7po66oQlWb7zFvQ++ZOrSQ0q7JqgZnKF36SrFneOUyfO2icvkNg7Kb1QTl1NIVk07GTWtpFU1CmDdZu32ewJW73LuzgesXH+fxWvvMi+QdeG1j3nz0+94/Td/Ylk+0zSzSd3ZZUbWbzK3/SbNsxtMbr/G5hufqPlZ5QNjtM+dp6RngOBUPS4BBwnJ8KVjYZ3Za2/Sv3KVKvEFNWNTah5Xam2pPJ6keniChrPzTG09EIhbpKS3hvqxevqWldU3aiTeFTB7vomFrQEWt/pZvS5gfLWJufOZLJzPY2IlUQDIn7H5ACYWg5laDhVhF8SZGT19414SPxyoaT8l8eSoQNYJIlMPEZb8EpHpu+Wc7yCjYiclrbuoH3xZ+tFRJpbNJJbaMr3uyMiiO2dmNfIbPsxvhgrUhTG3Fia/Ec7QVASdZyJo6YugsTNc2kw42YUhxCf7ERGjJyDIQwUspTyJX5CN+EhrAkIt/zmK5a2MYol5eR3FyekgVsrNIid2qYB1TAWs3QJYe1TAejxqtUOFK+NTL6hJ7ydOvsDBI8/wystP8/LeX6uApdTFMlTg6phS2uEZFbBMzZ4VwHpO9v88lrI1s1DysJ7kwMGf8cq+n7Jr54954YV/Zd/+H8t3fo6Z7VO4eL0ox7mTsLg90u/3k5B5QPz6EYk/R0nOMiQx6wjpAlhF1SfFp1oLYDkwdNadqTlvZha9mF/1YuGclvkVjZiWyXmtmo/V2OlASY01mfmnSEg7JqLtcWmHgnJjOX+WdA3bs7juwYVtb67e0vODb7/sEqhqF4hqEZjqFKjqlm0bX31Rz+e/q+C3v63ms8+a+MMXbXwp73/91azA1KKA1rKA1ip/+tO8gJXYVyt88cUk737UyGtvl3Dldi6L54uY2ygXkKpUoWpspVICRh1nlysYX6pmZr1dBavpc23yvEECSj3DYipgzSlwVU7LcL6AVZ5QeTGtymjVoACVsrhyVwY13emUtaZQ2pJKeXuKEHwsJW2xAlop6vqC3dP5DM4XMbJWxLiA1YjAXt98pmq98xn0zmbQN1ugwtWwHJNSe2pksUb97YE5ZQRNAOus/O5oIaWyTyXBPbpEIEpJai9Wiu75q5ZQqCyAGqDmGSTmh5JUECqAFUpRnTjB1mTpIJmiUEpFPdSzvq1M/42ydW9YgGqYW2/2c/VeO7cf9vLau0PcFcC6/no/Dx4u8dpr57kgjnZ9boaNlQWWZ0ZIEmWRKirT2f4Uxw32YWJ0GH8Bp/gIPdFheiLCfEhICFNrTnl7u+Lv6ymQIU4zOgCth706YhXm70ZMiCdaZ3HwGnnN14XEaF+S4wWUlO/HRxCtLCAdHUi6KNnoMN3jBHlfrcCUAm56wgRiEuOUKusB8p4Xfj4aNB7OODs5qAnwri5u+PkFEBuTKECUSHBwIHq9r3TaEFIzMtSlctzcPTAwOMHelw3Y++oxDAxPcsTACBsbUU16b/m+Hk8vd/WuwpTURNLSE6msLKKqPFd+15d4ga38vDQy0+Lw17nhZm9CWIBWHWULChQlHhNKQmyoAGKIgKaW6IhAAv11+PjoCZTjsLNzwtVVzk9oBO4evji6eKv1snyDYgmISMY7UABMFybOTNqgOP2zK5dE+a3R2TtGQWU7nuGJOARGYOTozl4jS3754hF+8vQr/Idsf7XbiGf3GPPCAWuO2URg7pWBvV85dr55mNn5ccpSK0FYQ1RYGNVlpfR1d7O0vMzy6iazCxsCWDc5t/1Q1OcGTb0zDEydp3NwltaeKUbGl5iaPsfwmWmubW1zc3tbzce6s7XJV5++zZ9//wEfvvU6H/3mN7QP9VPYVEpUZjCnXAw5bn9QXU/MRBSniUCWqevjaTHFVLByN8RSQMvSwxBrLwM1yd1BQEkTaowu8nu4ijqFX/T3gCWmjGQFJsjjBAt1REsvsKWsn+YRaICL/ohA1hGcfQ+jCTsqAfYEiXkmVHfY0jvhztCcp/R/DSuXfNjY9hdQCGFzO1h8R6Cofl/ah72p6vQiv96F5CJbETAWYpbSx+zJrXalvMWD+m5vdQSrayRQBazByVjZxgpwRdHQo4wke5OUI2CQ4oFPqD0OHsZYOhlg5iCAZWck58MYM+eTmAscWcl7DrrT6iK/HiGi1iMs8YuyJlhdy8+RYGUUK9oBf1HzCmBpfZW1N00EpoxxdDspbejkY8hyPo69i5HAl3Jbuykapfq7jzVeeisBLlNcBMoU+FIKlwZHuJNdlEJFXQWdPR309LUzcKaLmYVZbj54gw9+8xnvf/QZF7fvUFhRRExigABWLEWl6TS1iO+aGFVz+W6+9oacu0tMzA3T2F0m/kdApzRGoEogqyWf4sZ0ASLxVdneRKRrCErW4BfvKf/PjeAYLzEB8WhlSZ4E0koyBKRCyC5Jl3PYSnpppgCWo1xvPVl5ySRkxMq58SE0OUyALJnEwhQRmEGklyVR110ngJVKXEaAAFccORUFVLa3U9HaIsBWKX66hTwRWenl1WTXtzJ8bos3PvmaS69/Sv3IBrVDC5xV86ou0jh+Xp6fE7huJqW4irSyWnIb+kirbCK1vEF8+k0uP/yUq48+Y/PebwTWPhL78DFg3f+Itz//C49+9yfO3f8NjdMXaZ45z+z26ywJ1HUsXWHpzjtclO83z6yr8DSwcZ3SgQH8k53xibOgoLuNMxs3mbhyn4G1a9RNLtM4uUBRby+Vo5N0Llygdmxe3tvm7OX7fu+8sgAAIABJREFUAlpTNE+McGZtmTPnBhlZaWD6YgvL18ZYvTnHyq05VkVgz19IEcBKYmYjiZFZHePLgSIswpk9FyVwpFRcD2J4xotB6SNdZxykjdvLOdSQo9zsIaCQmL9HzsdOOd87KKx/kaqOXTQPvCR+4jAz506yesmKc1fsBOwcZd+uAt+eLG76C9AFCmCFMLkUJoAVLuIxjLaBcBq7xA+1KoAVStx/A1awQLivg1pYV+dnjk+QKX7B5gJaFupjXcApadMn8FCWhnI6IKL45X8ClqHh85w8JYBluvuf04MnFbhSwMr4WfmcQNTx5zhwSODqJQWunmLPrl/x6iuPAUvJz1JysE6bPIul9QvY2O3E1n6HapY2L3Di1FMcPvKfvPrqT9mz+yfs2PVvHDjyU06c/iVWLk/h7qtMDe4mPHkf8ZkHSc09QFr+IRWq0nIPk5R9iLTCIxRWnqCm1YyOfjv6x1wYn9GogDUnYLVwzpt58U3zqxqmFzScGfOkpVtEXYOV9NdT6jRhbJKIxcxjIsyPU91iKuLOkfUrXmzf9uH6PT9+8LUyavVlL9/8cUDAqp+v/zgokDXMH/4wwEefNPHm+/W8+5sWPvptMx/K848/7ebz30/x5VdLfPPNOf74pVJgdJnPBa7e+7iFe29WcP21PBYvZaqjV2dXBWwELkYWyxldrWNqvZnZzVaBq1ah6U6Br3ah62YJXk2MLD2eGlQAa2CuivaxQpqG8lRTcqNahgtUwKroSKW0LY2S5iQK6pMoahTIEpBR1vzLqY+ksC2Gku5YqgYTqTuTQv2wANd4qighsfEUuqbSxdLonMykZyZPTZwfWa5iYq1e6L9OIK9GPY6eqVIBrCKaR/Mo700hqz6CuBI/ovJ1xBb5SgcPJrUsiJSSQJKKFAsltSRcGn2kAFYYRTVyDAKA7QJYw7MlLGzUs3K5gc1rHWzfG+HOwzHuvTXBnTdHufZgkPuPFnj0zipvv32O996+wo3tNbbOr7K9ucpoXxfz44Nqfk1KtBa9qzkaV1HD9ifVqb5gH2ciQz3Rax1IifMnOcYHW8uTeHo4CFjoCA/S4q91JtzfnZgwcag+okY9bPB1t8XN5hRejmZEBLgTFeJFgsBWXIQ3mUlB5KZFkiFKNSbQk4ggL5ztTLA2kwBiY4qNlZmaVK7kavn5CtBpPdUldZSK7zofXxKS4gXIosnISFNzsQICgggPj0Av75lb2XHkmDG79xnyzM6DPPXiPlE05gJnnvj7BYlSj6GorIys7EzSU5MEpDIoKc6lrFSuRUkOifHhxMcEExGsAGc4SfGhRIT6Ciy6ERGoJS89Qf1MTGwkmenJhAT7Ex4WTIyAmYezNeZmptg7OGBja6cWT/XW+XLUWKle74CTq5bQqARxIGFYCQTZOPvg6R8lTq2a6t4RCSB94vjm6RDQyi2oIzIhH61fLPZuwVg6+mNk7sarxx3Zd9SZg6e0HLeL5KRzDPb+lViL2WhTMLMPxsRaKU3hoJZVqKsWwB8dp79/lOm5dcYUyDp/na6xVYGMVdr6BLKGZzgnAHZ2Yo7OvklGx+c5v3mJ2zdu8vqNLT5+6wHvP7zD5x++wdeff6CuQ3j/9UcCH30CRb64BboKSJ3EyOZVTiqgpUCWs8H3o1mGWHgeU/OvrMVh2ukM1bsGlaR2JYFdF3oSH2VxZgEoBaICYkxVuAoWqIpMs5Wg7aSuiReeYqO+7iMg5hl8DGc/ATS9IZ6hR4jKMJaAe1oCvQU9E05MrQlYXfTh0s1Art4NYetOCFdvhsnzMNauBktQCKB7TEdNh4bcGhfi8+yIyLQlMttaAMtBAMtdvUtKybNq7fencziQ3vEwgasY+sQaB6QPNgdKn/QmRqnblOSOb7gzTloTzB0NBXSV3CtlAdsTmLucwsL1NDbKCJOAk0eQtQCWBBYVsJRlZ+wEsBxUwAqMcRLn7YA+UCAryA4vgScnj1M4ugs0eVrg6mGJk7sprhoTtdK7o8CXumahj7J+oRKwbOW5cheikjxsRUiEFwVlOeQU5VHf1EhTezMl5QVU15UxuzjHw3c+5LeffcVvf/9Hrt99jYa2dgGtbIrLUmloLqOptZyzU2Pi2C9y4fpVNi9fZHxhnOq2IhWuUkX05VYlC2TliV+KJDhZzkWaRi23kFgQTmSKnvB4DaHxOkITlRGmaPl8LimF8SRmR1Hb0SC+thzfWB36cE8y8lIlEGcRlxkvoO1LeGqUwG8WEWnhAkA5dI6NUdFUJfv1J7UolUIl6bunX4SwHHdNA0UtXZR19pFd20xWTQsdU+e498EfuPvuHxhcvU3b5GVmLj1kfP2BQMoDSjuniZW+l1Ulvq+skczqDpJKa8TXdzG+8YA7733JvQ+/ZlMgaunaB6zc/IiJiw/ZuPsR733xV94RyNp8/bd0LN6ge+UGi7feZu7G2wydvytw9Qkbr31E7cQyA+tXmb/5JuWDvcQVB5HTlCWvnRdwuqfa0PoNWgTEOufPq1DVu3qFvuUrtM9fYP7WI/UzPUsXGL0osHVxk56FFgaXapjbGmHj3gWBq2Xmr/RKbMxh8WKstO8IiQtaxuYFrs7FMb2WyNx6vEBWAFNLWgEvrQCTD91nI2kdFnHZ6iPge4zY7N1y7faQWb5Lhavixheo7NhB08Buzsy8ytzGCYkzFqxcsWB+04qJJVuBLmeWz2tYEptZ0zOxGMCZ6SC6x4Ok34TQ1h9KQ2c4uSWhxKcGEBXrR2Cwl3o3oVYAy9NbYonPcTEjNH4nxIzw1B/DTQSYs/tBAZ99mJnvFXDa/bhMw+FnMTq+A+PTuzAWwDohcHXC+HmMBJqMjJ7hqJFSy+oZ9h/4NS/veVK9i3DXjl8KbD2J4bFnH9fNOvWcmtxu57ADB6ddIlp24yhma/8iJmZPcfT4L9kvkPXSSz9l954fiUD/GabWv8Le82k0QTsJiN5HRPIr0k73k5p3gMyiw2QWG5BRIMCVd5CU/CPkVyhgZE5rty3dQ47qKJaShzU55y6Q5SmQpYxgeTEx78nAqCttXfZUNJoLUJ0iJfsYcSlHSUw/THapIVVtJgLFdmxuadi+pefGPX9+8NXv2/jqj718KWD15R/6xIb4vdinn43wyaeDPHqvhdfebePh+8q2gdferuX1d5p5+6NRPvrdNJ/87iwfftrP2x82CTCUsXU3n+Ur2QJW2erSNr2zOQzPlXFmvoKxFQGsjTb1LsGZzXbGV1oZXW5ndLFRPqOATYM6etQ7VUHXRIkKWK3KnX1DuTSKNQxmUd2TroJVXn2sON1Y8moTpJGlCGQlkFMXRnZdBNmNEeS2Cmh1xIgpRULjqepPlO+n0DqWJpZK+3i6AFY2XZM5dIudWSyVY64R0KtRYatn6vvfH82R7yZT3p0kaitMnSKMLfGRDh5AmgBWWrmSzB6sJrSnl4WJRaiAlVkeJfAXK0o9VV1EdWxeSXJvEmXRLEq9hat3BkVxjonz3OCzL97hvY9u8/Z79/jk40d889mH/P6Tt3lTguXNWzd58OA+b9y/xqW1Wc4vzzI51ECSUq/Ew4pAb1sC9M4CGp74apwIC1LWGxRIitSrJRpsrY2JDNMSHuAlgKQlIkRLVLAb7o6n8XIyJcDDAm9HE1wtpdM4maB1tSDU1xE3h9Pq9xKi5f9G+qhThXpPO1xszdV8LjsbC2ysLXBzccBHnjtYmePqZIetrSVarZIcn0hefgFRUTH4BwQTFBxBcnIycXGxnDp1WjWlMvtTz+/m2RdfYt/+w9jb2uDmIYE6JoqE5CRi4+OpqauhRFl7LCddLI2ExBiKS/KoqRHYbigiKkwnUOVOnIBTeVE6+enx8h99yEgKIz8rHh+dh4BYuABaDmFhEQT6a/FwscbC9IScG/kvOjd1WSCluKmLq7ta1FTvo8fXP4RYOV5PnT9uXkEERCSiC4nFUS/7iM+jsX+S/qllactXGZ1epatHwKull5qGHpIziolNzCYiIgUvbZDAlJ+ATASmbvF4p47gHt2IjVcSVm7RHDzhhIHBSbRursRGBFNZXkNtc6+oKVHF44uiLucEMlbpHV1iYmaZvv5xtdBob/8IfYOjrK6eZ25umetbl7grkPXp+2/wpz98wp+/+j3ffP0Fn33+OfPLKwL/xWRVlBCbHo6l+wlOOh5SyxKYOB7B3M1QwEqBKyOslJpV3sdUsHLxO67WttKGnBBAO01ArNk/R61UU+Aq3Y6kfBcJys7/BKzQZGsCEy3UJHi3YENcxcJTjckoNRUoMqe225rhBRfpC95cvR3E9fvhXLsXztYtBbBCZRvK2nYIE6t+dI7qqGjzlD7lKGBlS0SWPVE5dgIGDmRVuokv0Ehw8aahx4+W/iDahkSRD4fTciaScgkYGVV+xORoCU5yVXONvMNdcNTZYOZghJmtIab2SkV3YyzdBK68zAWwLNQirN7hDmjD7cSs0Efb4Rtt/xiuYh3wjRQLlXYfaI93sD1eAbYScGSrd5D2Yo+7xpbAaA311an0tpaSWxpHcJQGb187vAWufPwd8Q10wi9Y+qscT1y8L3nFmaRlpZCTlylOvIvq2mrSMxOob6ng/NY13v3oMz794mt+98VXPHr3E1HV56isKZT+UUR7p/jM/kZR3yMSCCZZ2txg5cKGBOlJatvKySqOIb04UgBLoKwhneisAAEsLwGoEApqk8mpSCQ2I4iIJDlXaaGi9OPlOmXJ+c0iJiucAulrtZ0NAtFRBIQLiMUEkp6TSVVzjVp6IUraVGJ+Jgl50j8LshiaXaJnZFiCWZaAWhmVXQM09I9R0NRJZkUDuXVtFDR3CWC1UNw6IOJXROSbv+PBB1+xfvs9zl54naXr77N240NWb31E9dAqMXmV8vluAaxWkkubiM4tprRjlMXtd3j942+4/f4fufDgE/neB8xtv8v4xTe4LPt8/w9/593P/sbWo88YufCQWXlv497HzF9/h8Wb77L91mdsPPiIljkRNDcfsXL7HerHzpDbnCgCvYapS9eYuXqXhRtvCjTdZWjjBiPnbzGwdlO9M3F44zbTVx+ycuddxi7eZvj8Taav3aV/aYrWiRrGzo+wdFMAbHuOyYv9TJ2vldiXKLFGI3Blz8hiCFPr+cxu5jOxEs3ZZR8mlz2ZXA1ifClR4ma2AFaaiDo92eWGxGW9KNfvOeLznyWr/FmBq+cpaXpO4uJztAy/wPD8LhFmx1i9Ysq5LVMWzpsxtWzJ9IoNi+ddBbI8WNj0YGpFJzDmK77Fj/bBYNXqO0MEOEIFGAKIiPcnOFSDXkkX8RHA8jmNu84IVwEqJ80hHD0PqKsUKMV07V33YWm3j9Omu9XkduUuwiMHlaVxnhfR+iLHTj6v2lGBJoPjT4mwVtYoVJbSeZJ9rzzJS7ufZPdOBbCeYM+eJwS+FMB6PHplY7dDhSoX9724er2Ms+teEcY71WT3EyefxODYE7KPnwhkKYD1EyzsnsRZ+yxaASz/qH1Ep+wnKfcAGQJXeeVGKghlFB4iNfcgyXmHyJHXKhpNaVCmCfvt6DnjJCDlzMikK9MLj/Owphc8xcd70jvsREuHDRUN5hRUnFSnGxOUJXXSjkifOSx97TSjM1asXnTlyg0t125784Pff9LAZ7/r5He/G+CLz3vF+vjkt5188HEfH30yIB27hQfvdHL/nTZuvdnI1ft1bN2r5/rrTdx8WMetR1XcfKNcnGQZF28Ws3Qln7NrOdKAcsWJKsvZFKqLFg/MVkpjqmdkSRzBahtTmx2cPdchz9sZmmtgYFLgaqqe/slK+gSweqbK6TxbTNMZZQRLGbnKk0aURll7CvkCLpnKHTFVUQJZ8fI8gby6KIGuSPIao8lqiCSnOZrC9lgKO2Mp64mndiBJIC1FBau28TQxZRRL4GpaAaw0BmcEsuYLGVssURPk28ZyaR7OUnO6avtTKBdIy64PIaVKnEtNCGlVIeo6hKnlgeoIVkpJ8P8BLIGrrAqBu4Z46nsz6BrN5exiOcsXlBINDaxvNbN1u4cbD8Z554NLvPZohXffv8tXX/+O30iAfOPmJhuLUwyJkmptbaG7d4T5pXX6e7spzEuhsb6U7NRIEkK9SY4NIMTflZyUUEIDPFX4SYkPRK9M/fm4Eh+tw9vdhogADZFBXmJakpV8KwErvbsZAV5WaByMcbc2Uks8mBsfROcmQcXNhiC9I7FhXgTqXEiNCyIqSCOvufH/E/WW0XFkW75nf5yZ7vfmdfd6fQtuV91Cl8t2mdmSLFssWcwspSCVmWKlUszMzIyWbdmWLTPJzMzMXHZVuej2m1nrNztC9635sFdEZkBmRsbZ+/c/Z8c+hqgAAn1diNKI8o0QpRPsjbuLvVonS6mlpZR8CA0Nxd3dk+DgMGJi9Gpyuoe7p5qcbmlpwaKFi5gzez6zZs9j+bJlaoHM6Ohw4uN1AkLR6PWxpBiTyRGHnWFKprg4m0JRyTk52QJuORQV5tDaWkWaqOfIMG/8PR0I9HQkO0VLYoyo8Jgg9VpVVuZiSo4mX2ArT15nZaXI+TWEhvipQ50lhZniREJEpYlq0+vw9fPD2s4BG4d1uHoH4B0URZQhlfi0fAIjY/EMiECfkCEOJ1ogI1Puzy1yrx+hf2wrWwR2Bke30t01wMDgKG2i0vPzSwgN1xEYGo+Nkz9OQZl4a4uwsHLD1imYxRYufPntXL7+egZmK1aoBV5DgzQYTYXkFDdSXj9AZfMQzT2baWkfkXthjMERcdabJtm8ZTf7RGFPHTzC+bNnOH54Pw+unuXZ/Rv88vYxf/z2jp9+esu9e7epaG3BMcgTnwgPvDQOmAtgKT1Ya1yVuQaXYecr/78yJ6AyOXOoqFWNhdhqvMKVpwTN1CHBsLjpHqv/DVjaZDviM11JzHEjIcsZQ7qj2pulWFSyjTp06K8VODOslGBuTW6FvQR4B1oHXdm405P9xwIFrCI5fSmGUxd1nDivFeDSMnU6gm1TYRKog2ns96egwYPkQkf1qUFtupOAliNxWU4YC13JqvKgsNGb4tYAKjtCqe6JpLZPS0VHlAiccBJyBcBTvAhLcMdHoMhLoMY5wIE1AlUKXFm5mGPtthobD0vsfaxx8LfF0c8G30h3gUVpJ7FuAooiYvTrxGE7EWxwITDGWWB7GrCUXqyAMCUny1Nee0wHJIEojc6bmqpMJrcPcfDULgl022hTep8zDIRHeQhgORCj9cCUKHCVHUNheTa5BZkY4jQUlhbS3tVDWWUR+UVGRkaH1KK0N+895vGLN7x++zPPXr3jwJHjtHW20d5Rz8BAkyjvHsYFqrbs2srk3h2yXeB751YJClWi3mMprs+kpqOMtFIlMT1AAkwoWSIGS+qyJfAY5R6PEROBWpRIbnkqhbWFpBWmyDYT1W218r4RrT6IcBEwUTHyPSsLae5rIL86S66zicwyOXdRnvjxbUzsP0BlSwOlTa30CkA1D22msKWfHBEgZR3rqezdJIK4Xf63QWoHtnFE4OjinTccv/JUIOsh+88/4cCFJ0xdfk7vtlMiZFvJru4is6qLjKoOdJmFFEi72HvuIVcf/8yp2685cuWFHPeULUfvsGHqBifkvfsKYL36gzN337LzzCP2y+ccuvxMjnukFiE9fuM5h648FiA7x96L99h99hb1YwMUtBppGe9k+8mL7Dh1mb0XbrHt+BW2n7rBrvMCfxfuq6bA1eSZOwJrsl0AbfuZG0ycuMjQnkl6d21g/PiUAONOBna2MbS7lZ7NqXRvcpd46MTIjtDpZHexsZ3x6tN9o9ujGd+byqbdmRIvTXRtMFDd4Ux+7WJSC77FYPobUSmfEZP2VxILPyKv7lMRGZ9T1fMlrWN/Y2jr52ze/T27p5ax85CZ/A+WjO+yYuOkLVv3OLN9rxvbxDZu92Rw3J/OkSDaBsNoFnFS0RQugKUhOSOc6MQQwgWw/IOdBLDWih80F8Bappqb/2Lc/Bbj7rsQF8/5OLr8gLX9LCzXzBTA+ppli79g0YLP1aG+Jcu/YLGYUpF90bLPWLDkU+YtVKa5+YQf5iuA9THff/cJM7/9eBqyvvsPFi3+RB1GXLP2bzg6fyPC93tcvcR8vsfJQ+nJ+gZr288xM/+U5Ss+Ye68f5U48i8sWvJvrLX9SPb7An/NDEJiZglgzSNVYCqjaAnZ5StUwEoVwErNmSeQNVfExyKKqleIWFhNXbsNTd22tPU7ikAQyNrkzYatfuqw4eBGbzoHnGhosxbAsiS3dCXGrKUkpS0VIa4kzi+gpMaMgY1Wcn3tOXDMmcMnnfmnF0+qeSQQ9fBhJ8+etglotQtgtUrg7+XOg36u363h/K02LoidvFLH4XM1HD4vdq6MqbNlHBI7eLqMPSfL2HakSGg8h/U7shjankn/FoGs7eX0T1TQNV5K/7YaBrfXCWC1s2FPJ6M7O2R7q+zXRP+GBoa3NAuUibPYVkvfRBUdGxTAylbhqq4vi/L2FPLrk0QBxZNWrnRHxwhkCWxVxZBaHikNVqsWdssUwMpuVKa1UXqv4qQBp8jxydTJsmXMJDeiSQWttg2Zai2tzo0mesfT6d6QTv94Bq0jaeKoU8RRp8jnp6pgVtkdL85AR36TlpK2WGncBtLl81LLBbSKQ8U0pJfrMJXpBf4MAnyxcvPHidM30j6aw4YdZWw/WMeeYy0cONkpCr2Vfaf7uf3gFM9fXuXx08s8eXKVB9eOs3t9M7WFApPitBrK88hJT1UTu6tFDdaJmlSeJDTGh5Mp4FBVmiogYSAsyIV4gQp9hC9pCSEEB0w/BRgX7U+YrAf7OKDTeBMd7EmIvJ+k88XbxQJPJwmiTtJ47FcR7GaN1zoLrC3ms856Oa52q3B3sEQrAGOSBhejEWDyc0YfHUpiXDQJsRGECKhoIkTtaMIFnkT56HTqxM4xujii9QkY07JkWxQB/oGsW+fCgkWLmTlzLt/NmMvKleZq/SozM3NCgoPUXK1cgaekJFHV2TmUlheRbIwVQIojLy+LvKJ8yivKyC/MJjVZT2ZGkoBWBlERAkUWy+S3rCHIS+BOfmuE/GblacLM9ARycyR46MPl/DoJYjlk5eUSrY0kOSWRmrpqYhPjSUpNRSMQqE9IJTo2hXVuAqN6Jfk9hqDQCCytXfEP1aFNMKE35rDOMwzfUC3uARpS8ioFGrbQu2mnOLRjbNuxj1EJMn2jm+noGqKkqBxjcjqacD32Tl7MnmvOsiVmLJy/WJTXPL6dMZsZ383mb59/w/cz57ByuTmr1yhPrcl3LaiVhlxJcbmo/ZIGqmo7aekapaN7hNHRcSa37WKn2LGpQ1w8c4obF8/z+NZVXj26yfuXD/ivPz9w5+5NhsZGiBW4dAp2xMxFwMpj0T/AaiVOgWa4h60WqFiLT/QafLVrCdTZEBRjTaCsB8VYEmKwVIHpf8OVJt4KnVGZisZVtdgMJ9UMaQIOqXYqYCkwFha7hogkC0xFNgJYjhTXrqNj2EOcvjf7BLCOKj1YF6IEsPQcPx/DsTMxHDwZLX4kTIRWEI0D/tKm3YnNdSRKmZPP6EhkqhPRJvmsbGcSC1xJr/QWYRUoATxMTENRU5T4CAkUhcESiAIErnwJ1HvgG+WMR6gTjr42Apbmas+Vjetq7DzXYu8tcOVri1OAHevE3EPWyW8IJy5T6bH0Eme9jnCDB9HJcq8nBBEgcOQXvk6gSqAr3FnMlZAwd2mXIrQSwtHrvIiLCyA9I1rUcQmTh7aKCD3BoVOH6ehrl/stishIV5ISAigoTKC6rojy6hKMKXrSUmOob6ylu6+Xzs5aRke62LN/H2cuXuPKzXs8fvaaH3/6jTfvP3Dx6i1G1o/R09vCrl1Dcv32M3XymATYPeyUwL7n0CE2b91KTatShkREY18Tpc0FJOWFqbWzUnNCyC5OpLiqkCxpS6YcZeqUBLnPsimpLSC/IktAKpeq5hoKSjOJS4wgMjpMtShtOGk5JvlPiyltqBRrpKCqlg4RGTuOnqNj/bj40q2MbJ+iaWRC/LMIxMY+6vonRODuFX86Qkn7sAjYzew7c48zN19w/OpTDpx9xKFLzwWAnnPwwjO2Hr5DeeeEgMSg+NQBCpuHMRbXyfFj7JF9T91+w9HrLzkmdkiAbPzwLbYevc3Zu294+Obv3H/1d87ffyfne8GRay84KIA1JSCnwNWx6885eu0Z+wSWpq4+luUd2iZGBbJqWX9wFwcu3ha7y8FL9+SYB5y++4oTN19yWPbdKTC24+wdWX+mVotXhhsn5b2xQ6cY3LOT0QN7GT96hN7tIoy2tNM+Xi2xLJrmwQB6xiPZsE+ZmSSH0clkxnbnsmFvORt2Tb8e2ZYkAiOKxkEHylp/oKBuBqaCrwSwPidY96nA/icCWn+RWPOlxMVFNI/Ml1j2FUMTn7Nxx5cC2bPYum+JmDmbd1ozts2OsQl7Nu9wZtN2V0bV/C4/FbBaB0Op64iQ/ztC/u9IuSfC0Qr4h0f74i/twDtA/ELQanyCzaeHB0OUIcIV8t5yPHyX4OQyDxsBrDVrvsds5bfi275k0aLPVVNysZYs+5KFS6bhar7A09wFHzNn7kf88IPYHOXpwekhQgWwZsz8ixz3sQDWf2Jp9ZkKWM5KvS8vMe/vcXT/Fgc3ASw7JQH+Y1asVKq+/xuz5vwLC5f9O6vX/kV88xf4hv3/gKX0VqUXLSa7bBnZpUswFij5V/MxiWUULCZH3i+uMaeycQ11bWtp6rITMeRE94A7/aPeDG/0EV/uQUufPdUta2VfC2kzK0jLXSkwugx94gJ1Muj0/OUiONYyvNmGLbsd2DXlpAwRdvDymYDVk3ZZtvPqeacE+naBqwHuPOzl2h2ll6qJM9cbVKg6eLqEqTMKXFUIXFVy8Ewl+09VsvNYiQBWodwoeQJJWfRtzVDzm/q2TvdGtY4Vy7oA1mSjClajOzqF0DsY2NpC3+Yx2bdLAAAgAElEQVQmCU7yvsDW2M4m2S6QJVDWtr5ATXJXcrBqetIpaVGGBuPIKDeQVBRFolhyYQRJAjdJxZGYqqLIqtWS3aAXwDKogFXcGU+9QFKtAJZSl6Rx1CiNfboHq2V9uoBWKu1jKXQq+VnDyeIQUuSzkqjoTBTIShLASlH3bxxOpaorXt6PEweRrPZqFTcnyvfRk1oWKQ0+UqBPR2pFvCiseGkQYg1xlLXJOQWwlOHH7VON7DjSztS5Ma7d2svxC9sEVie5fuccP757wts397l1+bBahbu+KJnyAiMVBQJX+gjitSEUZCTSUC3OriSF3LQoEmL8MUT6qzlX0WHuavmF8EBXgSo/PN3s8fJwJDzIDZ0AiDEuCF2kF7GR3mhD1xEZ5CgwZUmA61r8JMi426/A096MEE9rbC3mYm8+l3WW8zFfPFMFLY0o8zBlCMRVAm+AJ6bUBNJT40V9ZxAZFUFGupEUAZYYnQFtjBajyURCQiImUzKOTvZqb9Wi+Uv44stv+fyLGcwUsFi8eKmoHvk8Ozs1sd1oyiSvoIDYWAGhHIGo1GR1PS9PYKusAFOaUYJRHmnpJvLy8wSYogQukyjMSyUmzEd+gyX6cG8xL8J8JUAGe5GfmUBqUowErXjSM01yfBbFJTlkZKWTmGykqLRcgCufjNxcAkPDWWlpg6PAlY+/Bk8BxYAQcTgZ2dg6eoqKCsDa0Y2Y+BTs13liYeWIX7BG1JKO6JQcjEX11HaPMrRxGzv2HxEnd5AN4xOMrd9EVVUdBn2igKRGFN1aZsxaKlA1j5mz5jN/4VJmz5rL118JaM2Yg9kqC2zt3fAPSyJSl0JsfBqZothz8qrk+zaK2hqksX2I9u4xtmyZZP+uXeyY3M+xg/u4ef4Ubx7f5cGNizy8cprnd67w4afX3Lx7C0NWovq0oIPfStaJs3QNscArQv5/rQ3+OjsCDfYExdoRHGdHiCzD9DaE6qzFUVkRLJAVpLMkWL+GUGXuv7i1xCTbC1A5oTMpPVcOaP/RexVttFPhSgUsgTJN4moJ6FbiyBwpqnGiud9NAogPkweDBAZCOHZWw9HTURw6GcX+Y5HsPBwl6j6CtrEQETZ+pFW5oc9ahyZFvlOSPZpkJ4EsAdC0dRiU3rNCT4xlftL+gzCWB4kvCCY+XyA/M5iIFH+CDKLEtd5qr5Sr3PcOvtZYu69mjYs5Nh5rsPOyUgHLyc8OZ38HnAPtBTidBMg80Ek7ixfIChW4Co+V9iNgZFDgKD6UMBEvIRECXxp3QsLdCRMBYkrSiDBKIDMrFmNSiIC9F4Y4d9JzQ8VxF7Bt3xYOHjvChi0bKSjKIF4CWVaunrqmYlq7mikvyxVBJX6rIIP2jnY2bRpmfHyI7ZPbOXbqPFdu3ObG7QcqZL19/ytv3n3gxt1HTEzuYvPmEfZMTXLi7GnOXjwjCvqw3Id72LX/EOMTW2kVCGvpExtoJKc8npScIAGqCIwZkeSXZVNeW05huYmcfB2lFWlUNJRTLeBUJ3DV2t1KSUUBKaY4omLC0UQqTxWLkAvzJy41lurmBmrbOsgsFn+/fkJixA22TZ1jdNdRerccpKxrDGNJjQjQevGlO8R2T/dkdW8S/zzJxOFrAjpPmbr0RAWs/ecfy+tXHLn6igPnn9Gx6SilAlRFzeup6NpKWbvydOFBgR8Fkt6oQHbokoDS2ccCV3fUOQgvP/6Z+wJY917/XV0/eeu1wNALAamnAkpvOX3nNafElEKkx24o0PVYtt0TsNpBz84hJk+dEQh7KlD2iJO3X3Dx8TsuP33PiVsKYD1Rgeziw/dcfCTnvv1aPX7ytIiZfcfp27WHsamjdO/YTO1ILT3bBmjb1CzfXURxbxh923IZ3VfBwI5sRvZUsn5vpdzzCayX+37jnmTG95okjjrTvWkWbYPfUdvxNcV1n5OQ9TH+Uf+Bd/hnRCYvJavKgapOAYOBWXSMfS7HfMbY5AxGJ+aILWRsu5nYGobGbegbs2dwozO9Y250r/ehaySQtoEwGro0VDZHUlITrc5hmV6gwWAMJVwnbUfEg3+IHQFh9gQr00RpLNUE98Dw1fKeBX4hShmSZQJCC1hrNYfVZt+zcpkyJ+EXaqX2pYu/UJPeFy7+z38A1l+Zt+g/+WH+p8wRwJoz+6N/ANbHqs387i8sXvYJqyw+w3zNf2Ln/DX2rt8KWM0QcPoOJ48ZKmBZ2X2uAtay5R8xd97/EH/6f7Jo2b9hYfmxbP8Mz6Bv1PpXUfGzScgQ+ClaRFa5XK+yJWQULyRN4ErJycoQ8MosWSpguYrianPK6y2pabKmocWB9i5XOnvd6Rv2pHvQTdqvo1ozq6R2NVlFK0T4LiMhbRHauPlEGn4gLmWBbDOXa2pL30Z7AVkBrN/ej/HhXR+/vO3lp9c9vH3VzfPn3Tx6Msz9x23SeOs5e62Jk5drBAyKBazKOXKummMXGzh6sV4tjLnvVAWTR0vYOqXUucqnZ0umwFUm7RtyBV6K6NhQKs6ylK6NSvFQpZeqTQWr/i3N6rJ3vIHezY2M7GyW4wW0dlQJ4RfK8cqTgzk0DuVQP5BJQXMcadXRxBeFoRcFps0KEQslNj+CuEJlbsBwtQhoRr1OBaycZj2F7XFU9SVNA5ZYvQBT/aBRQMskjdwo60k0DSs9VcnU9CpQlUh5hxzTPT2k2CYg1rkxTSDLJNunz6H0ajUOp8t6ujR4peJxjDpnl7FMYKtCAFDJC2uIl20Joi6M6lDj4GQpmw/Ws+VQPduPtHLi0mYePrnA7XtnuCNB8OXjqzy/e5rb5/azebCeupJkspVhQF04ibFRan5OokFDdGSAAIOWorwkDFH+BHs7kyyAlagPVHuYfF1tBbQ8CQlww0+26SL98HazxtfDFq3GA0OEO2lx/oQH2OLpaEaEnzK0Zk2guw2BbmtxsV6K/eolWJstZs3KuVhbLMR93Rr1KT1NmB/R4lTjY6NJMyVg0EURoVFKJ+hVkEpMildrXAUGB+G0zh4Ls+VYrFjGvHnzmDNnLj8IRPzwwzx5vQB7ezs1Qd7Tww1fXw88ZJmSmkZlXT3GtHRSBaZ0OoFWOW9NdSlNzbWUV5aI888V2CqitkEUdVEOhUWZNDaUkJuhJyXKB12IB5pAT1Liw9Xeuxj5/fGxotbjQuXa+VOQm0K8QXlCMpK4OB0JifESHMNJSErC1dUDKxt71qx1wMnJHQdnbzx9gzAkmqQRJallJSK0scSnmAjWRLHOzVPeC8TOxQd79wBcfMPQGFIkWNXRMbhJlONBduw5wLbtO+ns7CIrM5eE2ETMzO2Yt3A1389aJIptvlpUdeaseXwzYy4LF65greVa7BxcxXkZBPqU4qjxYgJb+jRyCuvFEfZR3zYiTmCQjWNb2Dg8xr7dezm4c5JDO8a5c/kUL+9d4f7lk7y4dY7f3jzi0JGDZJSaBA781IRtfwWc4u0IT3Ik2uSKNk3gPNmRsETF7AlXLNZWTCBLb0VglOW0RQuUR5ur+ViRSTZoBXq0RgErowBWijI0aEtE0nTvlZKjFRS7mtA4S+KzbeTzHcivXkdtlzisjQGM7w4RoApj6pSGfcfCBazCmTykYdOecGn/YTSOhEob8iOlzF0gyhVDrjOG7HXyXeW+NolwSFfmxlOqjnuiz/FGV+CPXiw62w9NmphRfmuiN4E6pUimJ26ixl0CnHGUe97O2w4rERdWrgJYnlZqr5YCWC4B6wTC1qn7eoa7SjDzJD5LT2KegZA4OacIFb1AlC4+QsREBFFaua/0ypBZAJooX2KUp3yTwyksTqWiPJX0tDCSEv1FLAgAmrwEpjS0dFQxvnUTEzsmaemqF2g20dxWzqjAVE9fB9XluZTkGWmoq2B4ZIANY0Ns3TLOiRNnuPfgEfceP+Puo6c8fv6Gt+9+4ecPf/D89XuOnTzH+GY57/ZxTp05ycWLFzh+6iR7Dx1h94EjbN62jZENwwyM9VHTVkJqrgTT7GhMApBp2QlU1JVTVaMMSyaSV5hMZUM1bd1douZbaettpVIALCMrTYBR7snoSHR6rQpZWl0YRZVlAlldouwraOzbyJGL9zh07g5j+86oQ4BFrUOklzcQm1UkfnQL7ZsOiI8dp1JAqW39fiaP3xKYesZegauDF56y/9wTAaYXnLr9VuDnpZzniojaHZS0bhChu43q7p0M7b6kAtjhS6+YuizgJPtvP3afbcfvqjlXV578osLV3dd/cP3ZbwJDP3H85itO33vLxSc/q0VIlRpZV57+ok6pc/T6E4Gpe0wcP8zoge3sv3xV9vlRAEoBq3dcf/Ez18QuPn7PJbEbL36Vc/8p23/i5J1Xaj7X/gv3GT10mv69h+nfs5uSnhKaN7UztHdCBH6OiHI/OjYrT7V3MrxXbE+LQFYBg9ti2LDTny0HkjhwupLdhzVM7Jkr9hVj2/5GU6+Sb/WxCPnP5b6XoJ4mbc3oLNdzNXmN31Ld/4nA2EcMb/+cke3fsX5yrgDWYgY2WjKwyZaeMUc6hlzEL3nQ3Ocj5wsS2A6nuUdLXbsybY6e0lodBeUxAh1aYk3iy2KDCI12JzTShfBoVxEUjmpZkbBIsShljk6JG2GrRWQKZHmtws5+kQhmEYgrZ7BcIGvZ0m+m5yZc9iVLV37FcrNvZPk1S1Z8JTD0hToX4ew5n07nYKlT5XzMrO8/VvO0Vqz+jFVrPsfG6Wvxr99i7/at2nulmL3bl6yx/4wV5p+o9bBmz/nvfPO9UgPr37FY/Sn2Tp/h4f81gRECWHFziM/4gbTixQJYy6cBq2g+pjyBrrz5ZApgZZUuE8BaSWGVGUVVlgJaVlTW29Lcvo7mLme5953oGlxHS48LdR2OlDcoSe6rSM1eRpxxARG6HwjXzibKME8Ey3KBMGuBYjv6NzjwT7//vIU/fhnl959G+fB+lJ/eDfPjj+t5+XpIGnATt+83cP56Iycu13L8Uo2AgZKHVcvJqwJdV5o5fLZKAKtcAKuYTftyBCSy6RzPVMskNA9niynV0YtoHSkWwq6hT6BK7bEab5RlIwMTTQJetQxOKD1bDQwpcLVZqdauFP+UYzZm07I+S1RAGsVdsaRWa9DmBRCVLQoqPUg1Xa4EzHwJkspQXYVGzcHKrNOR2TCd6F4pgKXkYFV2TwNUdW8SNerrOFkmUDck673xlHUaBK5k/844gacEmkeM9G7KZnBrtoCiiZaRdBoH06jrT50udDqSJ+dKJ6vBQGKpluTSacBKrYglpy5OGlOCOAMBObkWPco8insq2Hygjj3Hu6URDXP60g5u3DjN1csneHL7PM9vTHHt6Cid1RnUiJNLNQQSHx2gKuJIgRtddCgJAgdB/i4CU/6kJ0aSmRIp7wWp9a18PRzU/KNwP2d1uDBWF0yKIZhYcfwRsj0qeB2aADt0YS7EKrAlqjsp2otQP1t8nS2I9LMnyH0tq5fNwXLFAsyXz2Ot+SKcrJfj6WyDj5czDrYWuDqsUQuW+rg74WS3FjdXR3x9PFUgCgkNws7ODlsba2lgy/huxhwWLFjImjWWLF20GPNVK1i2eAmWFpZqcVIfD2c8nB0l+KRQVFZCWVUlzR2dlFaWUllVQnZmipqwrkz5U5SfSnV1CZWVxeoUOAX5GZRX5JGeqqOmJpfsNJ36FGSgp50KmelJ0ZQWpWE0xpJhiiUrLZZYfZgEvXhiDRGkZ6SQZEyU7xxMYmICAQE+uCrTATk6qiUl1lo74Oou39HHD7/AEGLikonSxWFh7YS1gzuJqRkCWL7SmAPxCgrH0sZF1JwoPwEibWIaNY2dar5Ue88wbR291Dd2kGLKE2cUxorl1nJdVvD1t3NZvsqGJUtXq7A1a5Zcq9VrsbFxwN03SpSYHo02mYjIOEKjkojWpZKUWirXqoXSqk5GhjZwZO9uDu/Yxf6JrVwWkLpy4iCPb17i8e2rAllneCH31ruXjzh8dDfVbdkkKjCS7oo+y434PA+Si71IKfYRiPAUx+2iDsNpBJYiEu3QxE8DVlC0MvGxhQCWhTpcqOZgCVwpE9HGp68TxetITJIdkYnWKlhplKVYQKwFwQJYujQrCQ4CWDVu1HV60zkaxMi2MLbui2THlJZtByOZ2K9hy14No5PhAmAR1IrSL24NJKvOm6wab0yVbhjLXUkt8iAp1xt9hocAlhf6bO9py/FFl+1DdIY3YUZfAUgvArSu+ES44qlxxT3UBbdgD5xFfDj5ueLg7YSthx12Xna4CVR5BMv/F+yOV5g33uFe+EV44hOu1IjyJa0khcTcOIL1IjJig4mJDRWoUobJwohP0BKvAlcQxlQtWRmxcm8m0lBfSH19LoUFermPg8nM8CUrK4CCgigamgsYHutnctdu1q8fpnegkx37d7Fp6xaaasuoLDRRK/d2b287o6N9jAhobZ+Y5JIE/UfPX4u94tHTVzx/+SPv3//KL7/+yYs3v3Dx8m127d7Fnj27OHP2PBcuXeH0uUtMHT+tVvfftnMH49u30jkkMFRmwpQeQ3qmUldOvnNJLtUNVdL2cikqTqO8qpT2vl56h/to722jSXm6saSM+KRkDIZ4kpKMxMbFqukLGZmZ1Db1CGT10NA7zs7j1wWw7jIweZJCZWivtouc+i4ScsvkdY/EiEMirk9Q1TFB8+h+th5Ryioo+VfTPVf7zj1lUmDp1K036hOCO048lFhwnMKGEYob1wuk7WTr4bsCYS/ZKzCmHHP67o/sOP1ATZA/K+tXn3zg/qs/efT279yT5Y1nv3Lm7hvOP/xRgOkXrj37wA3Z58bTD5x/oPRiiRCR67fvwmV2ybU7c+8Ft179wdWn77kpYHXn9W/cf/M79wXYlOWDt39y7fmvaqX4q2Kn775m15lbjBw8wcC+KZo3DNE41sL6g3vp3tZJRVeIgGU+W49vYcvRTWyaGhPAqlGHAicOxrHreAknrnVw/HIKR06t5vCJeQJas5nYPY++Dd9T3mpOUaM/mdXi23MdRMjMlXb4n6RV/EWux0f0bv6IoYmvBLBmMbx1LsNbltM/biOAtY7+je50DXvR2udNY1cg9Z3BNPZoaOgSwOrQU9UigFWnJ79ST1pBDLGp4aqYCIvxQRPjTpTeg8gYN7UGXJTOnkitvfglWxWylLpYvv6WODsvx9pqHuZmM1mxYoYKWCsFtsxWz8J8zSzMLL8XKJqh2nKzb1m24hsWLPya72f+dXp4UGz27E8EsP7Kcov/ZOWav7HG7ktsBbAcPWaovVeO7t/I689ZbfdXlpkJjC3+n3z//X9nxnf/zNyF/6pC11r7T3Hz+RuBmhlExc8jMWsRmWXLyBOAyqlcTnblUhF7C0kvmCewtUgFrBwFsspXUlCxWkBrLSW1VlQ12lLb5kBTjxPtAliNSg9Wsx0VtWvJKTFTe7AUwIrU/yAQOofwqHnEJi+msMKChnY7mnttBbB+2cKfamX2bfz2yyS/ftjNh5828e7dIM9e9PDocTfX7jRz9loDF292cO56C6evNXL2Rjtnr7cLdNVx6GyN3BylbN6XS/92AauxFAGPVIGXdGr6s2Q9U26AbJqGigVUqoW0G+jZ1Cg3RIPAVQ2tw5UCVZUMbKuib6KMbiF8pbJ674QCWdPT4tSMpIoaiCOtVkNscQiReQJXyhBAWgAxAluxBaEklWkwVUeSXhstcKUjq1FHXmsMFd3xVHaJdSpDfMr6dC9VeUcsVb0J1AzI6y4Dxe1KfpWWmm4DTYOxdG5MVhP1Ryfz6Vd65TZkCDCmq4BV22tS88OUIqQ5rQny2VoSS7TTPVg1yWTVJktwUIYmM+Q356m/ZXiXUvS0gZ0nejl4ehM3b57i3s1z3L1ykkfXTnHtyAbGOwRIxZm3l6fRWmkkIzFEhaQUga0ErS+VRaloIwNxXWczPdVNhJfAlaNagDRYAka4nxtZ4uSjwzzwdVd6s5zVCu9GCQqxEW4Eea4VCPEkWR9EdqwPxanBaIMdcLJZLBBlgZ/zanWYMNDVClfblbhaL8NZtjnbLsHBcjE+zpZE+DvhbmeG1cqFLJv3HcsWzWbpkvksWjRfGsx85s6eyRJZX21uxuJFC/hhzg/SAGbi6miFo+0arCwt8XRzJSREqdmlQxMWpFZdL1fByUheXho5Yg2NtbS0N6mlGYyJMWpZhoS4SFpa6unp7aBClL4pNZZ4gabk2HAqyrLITjcISIojCHAlSQBTyVUzJUeRaAgTAItXE97TUnQkxUcRExlMlgBcVXUp6ekmtDHRRMdE4eQk1ywwDEcXF6xslQmkVwts2YoycsPF0xfv4EhsHV0JDosUx5OAu4+vqLoobJ08CQiNYo3tOly8QwjXpwiAFEkQTiE9u5yCqg7Sc6tEBcZjZ+OBvZ0zi5eaq/MvLl1hxey5K0SNLWXlitVqfa7wyAR8A7VY2bliY+eOm3sIQSGx6BIkAOaVUV5UTU5OJbXVrYwPDLJpcJC9mzdy6fghnjy4yb0rZ7l97jh3Lx7l6c0LvH/5kMPi1BNyvUgvE3ApDyKvJpTcOrk24rTTy3xIKHDDkO06ne8kAKURyAoz2BEco+RirVZ7ppSeq+gUGzXfKinLmeQcZ+IynNT3/3fphohkW0ITrKdhLE7uuTRbjIXO5FV7UdPhS0u/KPmRIAkAkQxt1UpQ0LJxMkagK1L8QqQIsmiquyMkKIVK2wyhpDmQ7CpvUks9MJUqS18SC3yJFajSZ/mophTPjDZ5EZXqjSZJmQrGC3+tAJPAldIb5Sltwj3UE5dABbJccQlywVmEh4e0o+BIPzTRwWKhArIhotxD0eo1ElQC1FwUfbLyhFUOKTkJGBJCMcSFy/YIERURcg9HkxivCJ0ICnNTqK3Mo6OtQh3a2y/QtH1yA22thWRniPhLDyMvR0NlRQr9A02yfS8nT5xm7949nL5wiUPHTlNVUUh5fgrFeUZqqsvp6++jt6+HrvZmOed6zl28wsMnL3n0TEBLlo+fvubF65/VIcNnb37m+p2HHDl+imNHT3Hu7EUunL/C2bOXOHb8DHv3H2L3vv1smthGXXsdmTnJ5OSayM5NI78wi/qmeuqaaiiT31pWXkh3fw/rxzYwOCrCr7eXxpYuCosqMBkzMaakC1CmkWpKJzk5iaLSCjqGtopwPsiW/efZdewK/RMnBIqGSS9torRtlNwqAbvKNgGrjYzvvSgidr/40F0SN86y+/Rj9p19ovZKKctN+69z9OoLbgoYKblYG/ZfE8E6SV7dMB3jx9l58qG8/4Jdpx6pyfBKT9J0ovsTLj5QoOg3Hr75g2fv/uTpj39wS15fePhe7B1Xnv7MXYGkW89/57pA1pVHP3P85lOOXH/IydtPOPvgJfde/8rtVx+4/PhH7r76lacCVM/e/sETAaynct4HslQ+496r37ny5CcOXHrItpNXGT5wnJ6de+mamGDkwF7WH5ikdWMBnVvKmDy9m+0nxtl8eISJ46OMqU8QxnHgQjvn7k5w6XYDZ6/4ceGKLeeuenDqkj9HTruz/VCQiI5YylqCSCszF2HxV2LSPkJr+oz0is8pa/2K5r6ZdA7Pom+jAmSLZLmannF7ibfOdI1509ofIBYkYBVCfVeYCJ0IuQdEnLYaqGzSUVRnILfCQEq2Fn2KBm1cMJE6fxEUviIuvUVUeBET7ybvO6E1rBNB4YhWLCLSjsCANbi6rhRxLQLRcg6rVghMLf+G1bK+1mYBq63mTEOWxXesMv+OFRYCWmYCYStmMmfO30Rofsw3yhDh7I9YuPxjlpoJZK3+DHPrz7Fy+hIHFa6+xd71K2ycP8fC5lOWrPwL8xf+OzO+/298893/xffz/m8Wr/wPLO0/wcXnSwIjvyM6ab4A1mKyS5apPVT5YrmVyqTMy8ksXUxasYBW8WI1RyujYImaW5VTJvuUm1NSYylAZUtjpwPNPfbUtltTUb+WonIzMvOVJwgXii+ep/ZchWjmEhQ6D138EjLyV1JUuUauqTX/9PefN/DHz4MCWOP89usufv/1oFql/cP7jbx8PcqTp4PSgIe5db+fG2JX7vZw/mYXF272qstT15TpXlo4eKaWySOlDE3m0DCSRFVPMiWdKeoUM/ktCeQ2JFDUkkplT66AVglNwyW0jCqFRPNp6J+uc6XUvhqarGBwolitwt69JZuuzdmiBDKoHU6luFuHSQAroUJDTGEQ4ZmBhGcEEp0dKoAVNt171RAlYBVNXsv08GC5wFVVd4KaO1UmQFXSGk9hcxxFzQb1tfJ+abtB3osWi5LvGCWAFUPbaII4eqPAVTZjO5W8skx6lQR4ddqedOoHpuGpoiedHPl98UURxCpTRZQayKhNIbvBRH5rJnWD8lu21DO8o4mxPS1sOtDGbmlYe45uFIV5gEe3LvDizlkuHt7Evo1N1OQbSNMHk2eMFCcbpw7nRQlAGTSeJGm9MeoD1ER2JecoOsRTrWul5Ef5e9jgameOp5NSRsGJCNmmk/3iRYGEBTgS5C3Q5GlDsJc1OlHrOWlRZMSHkBjpRUKEuxxnjr8oeXdbM9ztV+FitQRXm5X4OMi6zRL0ov6j/GzxtF+Ow5oF2JgvxHzxbCyW/sCKpQtZOH8us76fyazZs1m2eJG8nsOC+T+o8xu6uzqIqlmBk50l3m72srRSe75Cg3wwJhuI0YaQaYpXwSdBIMpk1JGYFENpeRl5+ZkUFmbQ1FJLc3Md7a311NaWU1tfSUGBgLusK8nuqYnRAh1GqsoyyU4R8Alch5PtKtaaLyUi2B2jUssrRoAiK4FiCSQ11UUkxmnUoc90+WylXlZkpBatNk6AKJbouBQi4014B4SJUjOIevJlta0TfmERLF25VhSYMtG0k1oJ3tXDB5+gUJx9wsUJBBAYHom1QJaXXyS+IQb8QmKISczDkFIgyrCY6PgsnN2C1HkYl6ywZM6i1cxeYCkOwpLv5iwXx2ROUKAoyKOqPmgAACAASURBVKhEAawI5iww54vvl2EtkOXu7iv/kyf+PgLGMSZSU4vIyiihqqSGnuYmepsb2TW+hcd3rvDu6S1e3LvCrQvHuXR4Lw8F5N88vMjo+nLyq8MoaYoSi6RYrLBBI8rYn5QSd+Jy3YjJUHqyHASw7AnR2xKgs1SH/qKNtmiNdsSY7NALYMVmOhKf40RcthNRKbbTcJVopfZehcZZExZnI+ewRZ/uRHKeOzlVvpQ2+anFQZv6giUgR9MzZhCFbaBrvZb2US0tw1oaB6NoHtRR3xtNTU80lR2RFNQLFFb6YhIQTC72IanQl7gcfwyZAegyfNXimdFGAaVEX8ITpgHLT+um9l55hLngpQCWtAuXAHcVsFyDXfGP9CVCGySgpCEuPgZ9nFagSiNQFabmGkXrQuS9MAyJ4lfyRejV11BSmo8pLQ6TKZGMDBNpaUZiDZEkybH5WYmUlWTQ0lrGnj2buXThHHfu3uHBw7scP36U8c0jAkn9bBY7OLWDc7L9+vVbXBO7c/8JV2/ep6enm9qyXKqL0qkWcdHR1s7w8Hr6e3rolDawcf0I589f5f6T1zx89ooHAln3H73kyYv3vPzxA68Esh49fsmlSzc4dfI8JwSszp+7LLB1idOnzjN16Aj7Dx5heMNGiksLBJhy5TcVUFFZoj613NLSRHlZvpqr2NvXzfbtO9i0eTvdA2O0tffTUNdMhgBWvEHanTGd9LRsgaxUCsvK1emdJg9eYtuB84xuPyFQcETurxFyylup6dxEWdOQQFYHORXtjO48LcL6hPy/O8TXn2SHANPhy6+YuvSKQxdfMn7gBrtPPeD28984f+8nAanHDOy4IH57m8DKSfadeyb7vxYYe6r2fp1/8I7j119x8NIzgSJlePBPHr+dBizF7rychqmrT37h9otfeSLQpexz/ZkCWO85f1+pp/VWHRK8+uwnHr//g9uvf+Hmy1949PZ3noi9+OnvvHj/p6z/wX3l/HKOB/L+eYG2I9efsuf8Lfp3HmB03yH5PZfYMHWQgd2DDO3pY/upKXaf2c+GvW1MHBlm56kRdpyo5rBSA/HRES4/3MTle/lcu6vl+l0d1++ncPWukct38jl5JZ0tu31p6LGhtMWS/PpVAlorRWisFoG0moqOVdKeVtA5uoTejYvp2bBSBIw5Hett6BhzpXO9L50jYWrOVX13qEBWJPWd0QINOoEIHaX1OgEPvTq1UWKGtIOUCAGpIGkb0q4EsAwJfupUTYYEAa04F4EtN/Q6F2k3zuIznQgOshZRKIDlsBgrqwWYrZzNqlUzxQ/KaxHnq9fOxXytvGcxk5UCWYqtMPuO5au+Y+6CL/lmxid8PeMjvpv1MfOXfswSs09Zav5XVlj+VYDpc6ydv8RmncDVui+wclR6t/5D9vs35sz/V76dLYA181+YMftfWLD831gr2938ZxCsDNslzCcufSEZhYvJKV1KVslS0kuWiAlUlSxSE96TcxeSkLWQ+PQFJGUuJjl7pUDmKrKKV8l1sVIrvVcJLCn5WSXVFgJiS0lOXyQ+YYHA1VwiYuaK2BYLnifXZTGpWWbklQqIVSmA9fte/uvDEH982CiAtZPfPwhgfdjDz+828PbHUZ6/GOHZs83SeCe5+3g91+8NcvFWP5dvD3Pp1iBnrnVw7GI7h8+3sfNYpQBStgBW6jRgtSeR12ggu14vFi+QJSqnNU2gR0zgq6w9mfIOUWkCKm2jSq9ViYBVkcCMAlj50ujSadtkpHG9kbpRI6Xd0aTWaEgs16ArEGWZ4U+YClhhJBZrSKuJJK8tRhRvgvr5tf2p1A+a1JwpJXdKmUqnUMAqp05PrnJDNYhDFMutE3UqAaa4NUq+Uwz1fQba1ytPcaSzcUcem3cVqJA1siNXvpPy5GGOOh1P7UA6xZ1ppNfGE5UbhjZPFG2uWEEkpppkcQSFos5KxYk0MDDRwvpdfeyc2sXUicOcOyd25iB3rp7k1vkptq1vpbUun5LseAEeHxKjAyjNTSQzWUOKIYjQQHcMorCrC9MoFJDQRgRhjI8mJzUGg+yfbAgh3M+JSFHjSl2syHBvwgS+lOruaaK+9RovfN1s1GlwdGKGMFdS5bwpAnP6CC88HS2wWj5HBSw3q2V4263AUSDK12k1kX52slyJVpYaH3vWWS/FSyAs1GMNDhbzWTBnBmtWyb7r1mCxYhHmK6RBmS3FbNUSrC2W4+pgiauTFcE+AoLyHfzcbbFavYwALydio4LQSzCrEufe0dkigSuJSE0wJcX5akmGvNxUMkwGEhMiidWHki/XpKo8XbYbJQhk0tRUQmVVsQS6FLEkCvJSKMlLJikmkABPe2ws5XssXYCdjRkagdLwIE8MunBKKopJy0gl2agk0htIz8ojISlV1hMxZecTrInGV6DJxd1bHE0CXv5B0pDnM2/hCqzW2rB8hZk4E4E4ZzcBphSikzPw9I8kKNJAgMaAV1A04TGJuPprpKEnERgRL7AVR0pOLcb8OgEyPW6+GtZaO2Nm6SjOwkqcgz0z563ERik+KmAXqtFhbe/OqrUeLDNzwdLSBjcXZ6xXr8HJfh0hIdFEhMcSHyvXKE2uV1ouFQWFDHf3M7VrBzdOH+X5/es8uX2Zq0f2ce/SSd7ev8hbAfqewWxKRVCUi4MtaouWez9a2kQoqQIvyrChLtNZAMtOzdMKjLEiUL+G8GRrASt7dGJaAS1dmqOAkwJZDsRlybq8Vnqx1DwsNSHdTo6xJyLVUT1fcoG3AFYA5S2hNHRF0NIfTedQDL3r4yQgxEkgMIiAMdA2Eiv+IJb2kThZjxMxE0dVb6z4ChFBDcFkVQdMD2nm+wlg+aHPCBC4CiA6VcRIij+RyQJNiT4qZAXpvPDSuAlMOeIW7IKbtAlXaUvr/FzUoULvEG/8Q3xEgco5BKy0AlXhmjDCNOFiIUREhaGLjSQlPZn0nFwK5b5sa2+lvq6GgpwsCvMLqKlpJC9bICPBIEIhTtbFr5WYaKrPpqOlmK2bhrl48SKPnzznxYvnAj+PuH3nFleuX+DshbOcPHmcs+fO8vDxc56/esehIyfp7+6luaKE7upSOhpqGB4cZePYOF1tLbQJ5E1OTHLtxn0RwG95+vKdgNY77j1+I+vveffjL7z/6VeePnvD1esPBeKuqb1YFwXKLgt0nT1zgaNHT7FbIKC1rVUEjAJXVQKFrXR399DV1UNVRRllxbmy3srkjp1s3jpJV+8w7R0DNDa0kpqcpgKW0otlSs0kzZQlSn+QHQJW2/adZ3zPaYHmQxLAt5BX0UVmUTM1XZsFDkbJrekR4Gqnd8sxRnddEn+7l46NR9mw/7oKTceuvuXUzfdqD9XEkTsCHgI5Alknbr4VQHkkfn2v+N/Dsu9zpgSw9p9TAOs5Z++9m87ZEsi68vSDANB/qb1OzxXAEih68OYPbimQ9ew3Hrz6nec//qlC1q2XAliP36sFSW+/+pWLj3+SfQRSf/xNoOwDDwWgFJB6/v7vvPnw//Ly57/LuX5XAUs57y055oIco/SM7Tx1naHdU0xducexm4/ZJMJm4vh+pq5dFfC7wJbDm9m8v5P9Z3bJd97N8Wv7uPTgtPy+A9x+0sydJzliJu4/K+HB8zbuPuvi9qNGrt5J4eh5A1sPZEo8UaaE86G4xYHsSgtyqpdQ0jyfpn4LujdY0rfZnJ6NawSwrOhe7yDrXnRtCJA2FqFO8Nw5pKetP46Gjnhq2hIorYsnp0wEQ16MAEYEscYotPFh4r/8CBUBHhnjSWyCP7GJIu7jfQSw3InRu6FV4ErnRIyAVmi4Ix6e5tg7LsZ67ULx/XOxMJ8rr1cKYC3D0mq+2BzxdbMEsmb9A7CU4cKZLFj0jQpY36iA9QlzF3/MohUfs3jVpyyz+BRzm7+yxvFvrHH4HEu7v4rQ/au8/z+Zv+RfmT3vf/DtrH/hqxn/LID1z3KcAlif4ur3tYin2YTqf0BnXEhSjsBU4UIBKlnPm0dCzlwSsxcQn7kAvWk++lSBpcS5Ygtl/2XoUpeRkLGC7BILuT4CS9UCtaWW5BSaYRQIMyTP/8fQ4GyJFT8QFDKPkNCFcl2WkJS+ipyi1RSWC2D91x+n+a/fp/jzN2US510CWQf55Zc9vHu/kR8Fsl69XM/T5+M8eikK+MU2btwTsLo5NA1YYqevdXPkYj+Hzvew7XA5A9uz1SfuahTAak0gXwBLKZuQXhNDZq2enIZYgZlYCpuUHq1EKrpM6lOCLSN5tG/MpXM8j56tedO9V1vSaBsXwBpLoXYkSQUsZYjQWCE3QWEgUZl+RGYHEZMXjFGgq1A+q1otKJr8j6cGU9QnCFtGlbkMM1XQKmrRq+UcsmsFrBqVPC0tWbXh8j0jKGmLku8j6nkols4NyXKjprFhMofxXYVs2VvE2O58eidy5fsVCmTlUTOYTn5LMvFFUQJ6wWiyQojODSe2KFp+cwqDm1vlt5VI0CgXYGxhYv8mDhw+yK0bN3hw6zIvH17hzsVD7N7Sy2hvPa01hbRUZ1GQFo1JVHNRtp6WmgzKCk2kJMj1M2pprRUAHexQi21mpCVQkp+CNswLnQBUgIedLH3F8cfh7+NAiKh0P0+BomBvDAJcyvQ4aQnyW1OjKMkUCJTgU2AKIVHrRUSgAz7OFrgIXPk6mAtQCRTZrMDNdrlAlQ0pUV4Yo72JixQFE+ZObJgbCRK4lF6tAPc1BApshXmtJVwATHlqUasRMInyFeBzI0zATxm+DBFT5jqMDPYkMsidDIGmDKOOHFMiuRLAiguyaFaKFxZmk5udSV5eNuUCQpXV5eTkZ6lDiOnpiWp5iAKBqKw0PU0NRdTUFZOXn05MTBBxhjC1OGqGgKk2RAG61bjZrcTJdiVuzlasEeBzd5OgH+5PZla6KLJYfHx8xFHo1QmoQ8PCpLEE4+HtQ0BwCM5u7tjaO6iv3T2UHC1P/AMD1MR4F3cfXOQ9v8BQAgLDMVttg42zL6ts3HEJ0ODmF8paJx9xDEpOTyzBukxpyIV4BmjxjzAKiKUKkCWLKvPHfI07y8wdWbR0tdpLpYlOJNGYhZ9fCNY2LmrBUjtrcWLOrjjb2uFoZYWXuyshgQIVQcoTopGkS5BLNQqUZhUw0D3CialD3Dx/glcPrvPy9kVunZ3ilkD9O4GsBzemRMkmiqAQ9SqiQhkaz28MJ63Cj4R8TxWINEblyUIb/AWwQhNsiE63VWEqNtOe+Gw7EnMdSMhVSjU4igp0k6WL+jShYjql6Gia8rSfg7qMzXYTePOnqCGKBvnctsEUukZTGdhkYkja2cCWDGlv6fRJm+8eT6ZnXLZvTKJtLJHm0SQahpJpHIhXc0ZKlF7qyhBxmAHyHfyJyxDIMvkL9AUIXPkRkeSjLmOMgaLEpV3qAvDXeOAd6oZPqACXQJVbgPxH/q64y9LDzx0ff0/CRbQYDNFqAndU1PRDEMlJSk+V+KyCbPKLS0lJFYgvEvHX0UFbbT2FuQVUl9fR0STQVVUmcJ9BcXYqpXki7ioz6WgWX9FcQWNdlUDSCFNHjnL81GnOnpX/4/ZdgaTbnD5zigklif3YaV69+Ymb956zZ+8J2htaaC6voKGoSPxAPRvWb2FkeD1NNZX0t3dw8MBRbt9+zONnP4oA/knA7a1qLxTIev9BhawXr9/z8MlrAbpH3Lh+l7t3HnLz5l0VuE6eOMf4pi001jfI9xMRODDExo1bGBrZRGNjC1VlRXR2NLJ1+3ax3XT3jAiQ9dDa2iWiJ5vYmHjSjZnk5hRSUFxDz4hAw/GbKmApcNXZt5Oi8m7ScutJTisXoF8vfn6fQHYX+ZUd8v9OsWn/NfonztC2/gjDAlvbjgmYXHvDhXu/cPTKa3affsKJG2/U4b1rTz6otbF6tpyS+HBK7fE6dOmV2uulQJbSe3VOIOvig58FjH5Tc6UeKoAlEKT0PCnDhApk3XzxOw/fKL1R0/Cl9HLdffUb92TbjecfBJZ+5O6b39TjlGMeK4Al9uqX/8XrD/+PQNXf5dy/q3Cm7HNLjlGA7sy9N+w5e4cj1x5z+cmPHLh8g/GpAxy+cpUj12+y7+xxth/fJr/hAKfE/194eEfA7jY3nhzi3otuHjwt4dGLMh6+bOfxm+3yOft4+m6zrPdw73krF+80s/9kLMMT9jQPzKeo9Suya74kr34mtT1LpT3ZSsxxYnibM0NbPKVd+TI0HkD/eBj9m2MYGE+U/yWV3rF0ETUC/8q8vm3plNamkFuWSHJWDPrkMKJjRaxr/UV0eBIY6kpYhMCUXvy5QeJMnBfRBlei9C5ECVwpFhG9jqBQezy8LFjntEzE7DLWrF4ogvAHHNaZYWO/krU2iwSw5mKuDB9azBa4mqX2Xq0wE8BarADWx3wtNmPWx8xa8DHzFn/K/GUfsdT8E1au/QQzm0/VYUEL648xs/pI4OvfVcCas+Bf5Zj/xlff/h98p5RqWP7vWNh+jJPXF9LeZxEUM4foxEXEpi0iIXORANVCWZ8nfnge2pR5RItFJgtYKflssXPFR88hPE7eT14ikLWC5JyVZJVakFFqjqlgFYmZywSuFqtPDQZpZoo4myPxYC6+Yj4B8wiLWoBB4EyZSidPgOyf/tefZ/nzzxP8/Y/j/PnrPn7/7bAA1l5+/HEjb9+O8fLFeh4+3ShEvUdugAmu3Bnk4o1RAaz1XLozxMnL3UxdGODguQ627FN6nnLEGRqp7k4SVaxAVLwKWMaqSFIro0irlKBaES0qNEYUs0Gce4o6t6BShkEp7tm5OU8gS+BqPFOdK7B1o5FacbDVgwkUtmsxVUcIYIWjVwFLnGpOEImlYWTXa0XhJqqFQRVTqrYrw3gKXHVsyKZdTBnaK2k1SBCJlP11FLTEkdGgwFA4Bc0KYEVS1hEh398gajpJ1EAyw1uNbNqdx+Y9Ali78tSetb4JJfk+h5o+kwqM+nwNoemBAnvhaHMjSCyOIaMmib4NtYxub5LfVM/QdgHRk8rkzWd58/QuP7+8y/O7ZzgvimZjfwOt9YV0NRXSWGmiJCuWlJgADAIzeZk6clNFuacbqCxOpau1hJLiDOL1GlJjw0hLjqKsIIlkXSAaUeVhPs5Eh3qqTxUalYlVRYW42Juhj3RHF+ZKZkIopZnRFKRKoJJz56eGkmbwFTCyUwHNw24FzpYLsF+1CAfLJSqkBAtAhXnaYhBYMoS7kZ0ULMd4Evb/EfWW0XFkyaL1vPfWxZk71DDdfaenaZrNzCDJlkmSxcyMJSixVGKVoMTMzGDJMoPMzCBbZma7Dc09c9d+kel+3/cjVmZlZWUlnYgdceLEsTYmJsCOSH8bYsKciPC2QOO5mhClAOPa+diZLcBPGmigCn+rsDBdhKtAlo+LtRwjgPy0GDKUwqn5GVRVGEjVxZKnT6GoMFsdORir1ZCekUF1fb0o6jyyxaMvLcsnMV6DtaWpwIU1YUEe6JI1FIgx0yWGExTgjp0yYtLLmpS4ILV0hYcAoof9MlYsnsWCWVOYO3sy8+dMZe6MCRgtnc/qVctYbmrM3LmzmTFjBmZmK3F1sxePzJw58+YIVFkI6NgSExdDUEiIeHTB6uhCk2WmAmAWokBWY2vvwqIlRqI8jNWJrc1sXDC395AGrSc+pxJnf614RunSqNPwDUuRRpyKq0+MQFYktq4hmKx2YcFSC2zt3PDxDUIbn05EbDr+AeG4uXjj4x2Im5tybdasWb4cM5Ol2FsoZTPkXlubY6uco5yTh6fSJamUd8ikrLKH3nVbOX1oPyd3beTY1gFO793GrbFDvLhxmuOHBylu1IhTESxtNUDNxdJm26o5WP4Ja/D6FbBcQkzVpPew1FXyvRmxuWtINpiRKpKcby7Xt1Y8w7VyrUo1dzNCEswJS7FSQS1Ut5YQkch0e1IKvdQSKHWi3DuGsujbmC/GuISNo8XixOjp3JhJ10aBw5Ek6gdjBLKixQhHi1GOorJDS3mrtO8m8d5rQ8mvCCSj0Ju4DDciksSzjreX/1YiWI54h9vhrRHPO9KBwCgXAkJd5Lm5EipeeagmAP8gP7z8PHHxdMLB1U4Uo608M2u8vd2I1IQSp41BGxmFLilB2lw6RfoMiooKKCwsIiMtmUyBrdLCPOqr66guqyYrVY8hTU9zZRX1ZeWyfzYZSXHSLuOpKs2irCBd2q+WpAgNFQIyPT199HR309s7yOiuA2pX3qGDJ2X9EOcv3WRs/A7nx26zbftBgalKCtP1lOhz6WjpZWhoGy11zZTnF9Pd0s3BfUdVgLojgHX3ngJTAgc3HopT/Ewc5Fe8ePkdT56+4s6dJ1y9cotL49e4dvWWrN8UOLvOnj2HaK5vpr6ylubGVgGu9XJ+w9RUN0mbMrwGrKEhBgc30dbaT0VFLZVVDaTpsokIjSQpPoXszDxy8irpGtzD7sOXGN56jPqOrRRV9ZGSUUG8rpgIbTY6fTWNg/upbNtMVmEz1e3bRS+eUHOtGgYOiRwRALnOjhP3OH7pOSevvODA+acCXE/Vau2XBYwOX3ws0HKRvp1jKoztPHlPvn/CrlP3BcQecUb2G7/7nUCJgNHTH7km8KTAlRJ9uv0rTCl5VwpgPVC3/8AdBaAev86lunj3FWNyH+8IOD148bPaNXhDgS2BsSff/cKDlz8L9AiYyW+V75Wux2uyz5hA1sFLDzhy+eFrSLvxiK3Hz7Lt+Cm5hnE5v5NsP75Xlvs5cukc5+7cFmiU53xrL2M367lyt5abD+sE2jrl+Du5/+Iwj77dy5NXQzx+3sXtx3VcuKph37GFDG+bJ+A0h+LmL8XOTqe8fTl1fStpGVpD32Zb1u/wZGRHsDyHUAY3h0o7i6J3Y5K0sUx6RzIFwtJo78+gpUfsWFMmBZVJpOZpiU0NJjBSgStH3H0dcBZH2sFFmXVgrTqS0MPPQtqSlQCGFZpoG6Ji7cQJtJVt4uh5r8HO3ggLs7kqYBkvFaBaMkmNYCmQpXQTLlUS4JdOYP6ir1SwUmS+GsH6RI1eKfL51+/wxdR3VZk0SwGpd5hr9A6LBK4WLXtPhav5Jm8JeL3J1Nl/YvLMP6iTPH/6+X/y+YT/ZPLs3zPP5M1f5yP8Aie/r0TXTiVQO00crqnqRNkqWEVOEagSuIqYimf4VLxk6S1LDwEnTwEt3/BpKmSFxM0hInkhkcnzCYufLTp8ptrt6OY/EXvXr7ATcXSZhJX9BKxsJ4hjPA2t7KsTKMsqMOI3P/90gh9/2C+AdYQfvtvF99/u48XzzTx63MXDR53SaLu5cnOAK7e2cOnGAKfG2zkx1sWpiz0cv9DB/pPN7D7ezNZDlfRsy6JhUKmALsDUFCnwFKGWVogt8EMrUKPNEzjKV+pF+ZGQHyD0LQa+JIys8giBrFjK2pLVSFN1TwLVvQlU9cZS0S3H6ohC3yCgVupLdKEPUbmeBKWKh5rijCbTnfh8b/G+gzHIf5a1K12CsSpMKceqVaJi/akCWEkqbOXXK4VKA9EVy3/LuSWVBQps+fwKWH5qnZKy9jCa+qOE9rVC/ZF0jsTTvVFH67BS9V0nwKajWCBOqRSvFBsNzfDGLdYZlxhXvOM9CEv3I6YgQgAsi017Otm4u5f9x7ayfe8mLo6d5Omdqzy7e4GLsm1DTzXtjYUUZMfS3ZxHe10aRdlR5KWHoxMIKs1LID7cXR0FqEwHk5GudIWFExLsI0ChoSg/GYOAl5eTJW72YhRdLPF1s1LrYvm6Wch2cxwsl+HptJowPztSon0wpIfJ8UPlfwRuM+U56YJJj/UhSeNEkLMpy+dOxNx4Np4OK1U48RTxshVDa7YIL8vF+NoYofEwIybIkaRwAVyBt/hge+KCbIgUoEtJiFDn/wsNDSYsNABvd1tWGguorFzEGpN5eDtbyXnI88oQqK5QcqtKqagsJT0tkbjoEFHaGrWbRZ+dQk1dFbkCYOmZyWrOlTJVTlCwHxGyVPbXBHmKeJAQLe9UtD/B/mJcnVdibjJdAG+pOidjqJ81EQKCThZGmMyfyhKBR/PVRqyQc5k3dzrz5k1jyZJ5mCydJ0phHsbGRtjb22JuYYaNraUYXheMjBZjZLwc87U22Dq7Ym3vxOrV5pittRYl5Imrl48ok1UsW74Mk+WmeAaE4RkYgWdwFLGZJcRnlaFNycfGJZSc0nZRZqWEJ+SLt5OJrXuIbA/G1ikAN+8wIqMSiE3MIi5ZT0hoFAlixEKDQwkMCMLawgJ7KzPsLFaxdO5MTBcKyMrnFaZybmZWrFzjgMnaQMzc03CKqMQxtJiUzCraGxppKctlqLGEiwc2cnpbD+dHN9DfbyCrLkAcIX9pk+6Epljjn2iGT8wK3DTLcA5ejqtAlgJb0XpzUoutSS+1EbEis9SS9BJL2WYpvxWo1wnwKiMT5RjaLAfZ316AzE5dxuc5i3MTTEVHAm3DmQxuKWTzriq27a1lVBlVe7BOrRPXu0XJ40wTuEp47eT0R1PTqRWjHE1pUxSGmlAVsIprgtXckTTRJ1qdQFaiiyxdiEqTa4h3IyDCUZSkPT6hjoSEi6Mhnnl8Qog6cjQ6OoZobRRarZJ7F4SPny++vn6EBQcSExFKcmIyWRkC9AI2hbm51JSXUF/fQE1VDeUFuVSWSHvNySJLJ7qgvIaW5h5y0/NJjdNRaSimpqRMACtBPotzmCW6IjMVQ0oyOYlxZETLNej1dLS20tncQXV5tcBMA9t2HOTEmctcuHKbYycvcuLUFS5fecCOnUeoKWukpqiS5upm1gtgDQ9spEnW60trGOoe4MLYVe4p+VePXqqRrCvXHnP1mkDX3aeix5+Lo/xSdPkLbguInT93SY1i3bv7iIcPngps3WH9us1Uy7Ga6ltpa+uhq6Of1uZuSksrKSkuEeAaEBjcQHt7v5xrIwWGKrk/BSTGpZKakk1OTjF5hnrq2jayadcZ1m2RcxaIyhfAD3aa1wAAIABJREFUzzE0kFvYQExiIWFRWRQ3DNO96bQ8z20UN22S53uA7i2n6dt+XnTrEQZ3XWLbsbscGHvK8csvOHntFceuvlSjUuN3vuPcrVcCLXcY3neFjYeus/XYHfade6JC1pHLT9Vk9asPflBh6s4zJWr1M/cFrhQgeg1YP3Ll4Y+vAeuFAkm/qPlUNx+/zrH6f9GqBy9/Ubv/lO0KUD169YsA1j/VKJYCVo++/ae6TQUs2ef07W/UCJYysbTS5Xj82kMOXb7NvgtX2Xf+InvOKCUlTnN4/Lxcw22BuUeM3TnDuevtjN/u4MajLQJzm7j9zQH5jxM8+faA/N9mAaxuHr1o4/ajci5cT+HwqTB2HHJncJu5OB8rqO+3kbZiQ8cGM/q3W4i9cWXHwTC279NK24pn8x4dI6MZDO/QS3srERtUzabRCjbsqGZ4SxVdA6XUt+ZTVJlGSm4EwTHeePg7ivNnj6OHAJazmTghq0QviWMcaCagbEVyhiNZ+a7o89xI0zuRkGaPJspGjWKZm89j5fK5mBgJUC2aIo7rTNFJ81m2YjZLjAWwlkxUuwjnLvhSjWDNWfQpX0/7Gx9/+Rc++eotPp3wNp9P/QtfTn+XCTP/wvR5bzN36TssMX0fo5WvuwgXL/sL85a+xcz5bzJzzp+YMvUPfPHFb/niy/+Q3/yHANkfMFrzDhZOn+Lk8xVugRMEsiarQOUfNVWWCjzNELiaJlAlEjEdT8003AXE3EMEruSzj7Jdo+w7Q+0u1CTOk3szB1/Zzyt4sgDWBGzdvmCt42dYO36NlY0Al/MkQiKUHKz5pOYsJrtYAOunH47x43f7+eH7g3z/3V6+fTnK0ydDPHjQxf1H3Vy72yvkPMiFayOcu9zF8bFWjp/v5thYDwdPd7L/RDs7jtQzJF5o+6ZMavqSKG5RIlhacuuiSakIJTrPT0SUl0BVjEHgI8eHGL0viQUCNwXBpBaFo1dG3DUmCpXHqV17xYpC7RBYEmDKa4ggQxRrnICQtsCbCL07IekCV1nuxBkENIr8SK8Mkt+IIu6OUwuIVnYpU+EkC/ClqZBV3ZOkziuYXy/nVBysFghNKVWKkQYJYCmA5q0CVn7ja8Bq6BPAGhDA6o+guT+S5kElGqalRK6tSBR9Tp2GpNJAIrK9CU71wDtBEW984l+PaIwx+Ms5KV0bSvmKFrbu62fX/o2cO72PC8dHObF7kIHmAvpbSkRx5pCeEEZqrABVrpbkSE/0CYFU5ss9TAkjMzmEWI0PoQJYkeFBxGoVLzuc7KwkoiN8CQ1wxc/THnd7CyKDXQkPcCFRK/cp0F6tbG69eiHu1suJD3EkXpn3LNZX4M2DRI2zwJsXOakh4mH7khbrjbftYixNpmG5YhaW4nXYmM4l1MMcL4Eqx1UCRzbGRHibEx9oQ5hAVlqMr/xewLYkn8LSCnJLqsjIylW792KjggiTc/Fxt8Z+rRhpJyu0Yb5yjl6k66JFoVfRUFtBUXE+ObkCwfXFFBfrSUqMVkcwlZUXUltXLuvKnGs5NLbVUiDLLH2qCpnR2gB17sWYMHcClUiVwxoCvSxxsTLCeP4EVRzXLsZZzjkuwl0Mnh/xcm8DPCzwcVqJr/NqIoKc5Dc2uDutVUdXKstVK41YbmLMggULmDtvLnPmzGHhEmOWLluuVp+fOmUm9g7OuHm4sXLVCpYaLWXJ0qUsXGTEGnNRSq5emK61kwapU6u+e4Uq79428YRKiEouIDqlgKgkA7Fp5QIAKVg6BuHgId5jWKLAQALRsekCV1lEx6UTESmfYxLxFIALDAjGS5nWx8ocy5UmrDZaIIA1mzXLlrJ62RJMTUxYYmLLKtsIVrqlYeSWjVOwgQNHz3Lz1lW2jQxSnp1Jc0k6e/sb6auvp6wwn4K6MJKLPYnIkHuRaI139GrcI0zV6JVr6ErcNab4x60gMX8tWQJX+gp7cYpsyCgTyKoQ2Cq2IjHPlqgMG4ErK8JTrYlMtyMq87UoeV2ppR7SvsOp6U6iZ1OeKP1ytu6pE0Mgsr+B3Ydb2XW4SfRICZ0b86Tt6aiR9lajTM6uFAVui6esKZ78qnAM1aHidQeRV+JHrjhKKRn+JKb4kZrtjy7bD12WwKJ8joz3JDzWi0itFzEx/sTGBaON1ai1z6KjlOhLDPEi2uhoYmITSUtNFWcjiezkZIpzi2mqaaGxqoF6AaD29i7qqmsp0edQlicGKUdPUWYGhRl6mupaVUhpqm+jMMcggFVBRUGxOC0xZMXEkJuQQE5CPJnyPxmREaSGazCkpdHdMcDIxh1qqY2m+k527znB7QfPGL92hy07jnDq7HUuXr3Prr2npZ10UCDQ11rXwY7tB9m6YVScsRbKcw0Mdq9jbOw6t+89497jl9y695zrtx5z48ZDgarXXYaPBLAey3cKUJ0/f5kb1+/Jtm8Evp5zUSCgtVmur6ZJzqWPxsY2GhtaRdopKqwSB6iZ1tZBWlr6aWrqprioDkNeJZkZRehSDBQWN1FdO0hhRS9d6/aK8T5JXftm8kq7yMypI7+omaKKAaLi5Z1PKaW0ZQst64/RMHCQ6u49NA8fpmvLGRrXnVBlZP91dp64z8GLSuL5C07ffMnZWy+5eOdbTt94KfD1jK1Hb7P77GNG1RpYj9TE+D1nH8n+z9XEdaUbTwGj+89/fh3BElFg6PbT11PnXH/8OmFdASYVsB59/2sy/A8qWL2OTv2gJrQ//vYXnglcPfn2Hzx+9Q9Z/lO2/VPd547sc/WBgN+dF2opByXh/bzcf6WLUIGsA+O3ODh+nYNjlzh6+Ypcx135/8eM37vGyasbOX9jQNb3cvnBQW48OcHdFxd4+OosT7/dKf+zXiBui5z7qJzfRsZu9nP0fDW7jyeybX+EOCNBdIx4C1zZM7zTjm0HXNh/OpxDZxM4eCpVbHMWe44VCZBVsPtoA4dP9nLs9CAHjg+wc38bW0YbWLe5ls7eSuqa8jCUiM5OCMYnwAkXbzscPW2wdxHAchFdGWSBJlacKWnLhjJnSqucKa52FifHkewCRxJ0dgSEmmNjZ8yqFQJURjNZtHAyi42mYrRsBkbLp6uApZRsUKJWcxd8LvD0CRNnf8BnU97ho6/f4uMJb/KRyOdT32bCrHflu3eZNv8vAkzvsnTl+5is/lDkbxibvivHfYv5C99k1rw/MXX6H/ny69+pEayJvwKWsfm7rLL/GFuPz3Dx/1og63XXnxKxUuDJR8DJSwDLQzMFN4EvN/nOReDKKXASPgJYvlEz8QidrP7GR/ZT4Cokdh5+4TPwVgFrIlbOn7HK6iO1dISVQJZH4BSCo6YRlTibVMMi8iqM+c2P3x3j+28P8+2rPbx4sZOnz9bz4GG3NMpu7jwY4OKNPk5f7OfUxV6Onmvh0OkWDp/pkofYxf6T7ew61sLGA9X0bzPQNJwmcBJHYZMWQ0MM+lqtAFYYcfnBxOQGEZ0biDZXPE6Bkli9H0kFIaSVRIgnrFRFjyGvNkadzDlPIEgRQ0Osehyl6y+lMoDoQi81ehWeKRCTJt5qtgdJhYFq4rq+OlhgRpRxv3i+/fHUyLJxXYo03jRqenVi4JQJo0V5VirV14PQFYeQoEwMXSpGt+D1UPXMKh85Z18KmgIo7wiltjdaXuAUujcky7qGwuYQteRDXl2oOmWONl8ZveiGb6IT7jFOxAsQKbWwYgUk82qiKW9JoqpTGR0pILW1QbyHdVwe28/ZA4PsHKihv9FAe1U2rTW5VBiS0UUFkK8LJT3Ki7zEALrrMinWa9Uh2801heRkxpKTFa/mZCmVyTMzkwRi5H6Ge4s3GUxUiAchvvZEBjrg62qOt9MqgYm1eDiuwl8aijbQjiCvtQR6WgtouREf6kpUoC3pWk8K08NIDHMi0mslAfZLcBCPw2LpVFYtnISX1RLZvlrgaiF2pjNwMJ1NQqib2p2XnJBKZW0TLe1NlBamkRkfQEasPJNYAcEIHxKiQzAIPGWmxZEQE05piZ72thrqK/Npa5H3Zl0fLfK5pEB+qwsX+AshMzWczPQouUYBCjdbXB0tRZlHU1dfoHaPxsk+QT5O+HvYi9jiYrtGnQ7I09VKneDaYuUCjBZMYdbkz1ixZDruDqvVAqtJkR5kpYSTlijvo9yztPhgMhN81CiXj4c1CbHBZGXGiTHWYGWxipUrjFkm0LJq1WrmzBXYmr8EE5NlAlWrcPHwVMszWFpZsWqNbFu9nOXLTWXfNXh4BWDn4oVrgIbknHJCE/SklrSQV9VOSeMgWl0xbn7RBEemoYnLEo8oFt/ACAKCIoiN15GRW0KMAJZG4EyXbiBUo8XG2gY7G3scrNdia7Yai+UmOFquxnzZIpbOmcWKpYtYbmSMkakDpjahGNlFsNoxBk83DWXZRezduo2rx/dwbFSZ53IjV86c5daVcY4fOExdc4a8t86EpjjiHbMWN81KXMNW4hxsqlZ29xDYCktZQ4IAVlqxNRmlIiUiAlbKUmewIl5vJYBlhUZno9bZUkpBhKfZEplhS1yuExnlfpS3xdDYn07PRgMbRivFw65XAWvbwWa2H2hl9FA7w3vK6d4sILEui/qeVHWi9LquFGo6UilvTqagWtpAeSj55cFiEILJEUcpLTuAhGR/tWhmRm6IKPwQsgwaYnWyLSOIeFkmSPtISBSwigsnLDwETVgw0ZEatbxAjIBPcnIq2fpc9JmZ5GYqU1IV0yAA09XZR1trNx2yrCqtRp+YQX5qNtUFhbQLcDWU1lCoLxJA6mBk/Q42bRBgau4Wp6mJ5ooqKgXE8hMTyFJhS4s+OorMiAhyk5XIcy7dXYPs23tYzafas+eoQNJjHj17JcZwnEPHL3Lp+kNu3HnKwcPnqCqpJy8tj+F129m//xRbRnZQJkCXl5LJUN9mzp2/JnD1jLsPXnBDwOqa/PbWrUcqSD14+Jx7D55z//43XLhwgzNnLnH5yk3u3n+syqFDp+jpWkdP54CAVjMVZTWybKWyvJlceYcLC2ul7TaqsFVc3IA+u4z83ErSM8spKm2jvWsrlfXrRUZo6d5BSc0gmfntJKVXERmTIYZZflPYQXpOEym5AlyNm+nbNibP+gzdAlddW86LY3yYss5D9I+Oq1GqvWefcuzSc4GmlwIwr7h8/0d1/cilFypU7T3/lD3nnsi6Usn9ETtOPuDAxcdcevA66qRAlgJYSree0jV459cIllIP6/qvOVbKPgpg/X8jBAWaHr76RQUvBbAevPqZp9/9gxff/SLQ87MKWc9+BS3luMo+yrGuPvpO7U5Uol8X7r8UyHohgPWII5fvCWDd4NDF65y5cU+u4ZkA2SPO3jzDias7OHfzCOdvn2L8/hluPhuX8xkXqDok/6MA1lEefXtBzukcNx7tZex6L8fHMgScAtm82551223p2+LC4BYPASZvAadAsdOpnB7XM3bVwLmrlZy90s1Jsd8nLw5xblz+7+IoJ89tZf/RPnbubWPDtiZ6B2pp6SilpDKbtMwY/MM9cfVzwEmcV3tXC1w9zQiJtFLhqqjGiYoGO2qa7alucVSlqFocqBxxuLVrcPdaziozZSDQDBYtmiRANVlkEvMWfa12Cc5d+Dmz5n/C9DkfMWH2+3wx/T0+m/w2H371Bh98/Wc+mPAGn059iy9nvinfv82UBX9htvE7Alj/LXD1gTpC0HjVf7PY+G0BtTdUwJoy4498Nfl3fDn5P5k867+Ya/wmxmbvih78m+jAj1TIcg34GtfgSbgETxSQmiR67TVQucq6c8hE+fwashTxjZxOcPxcArQz8VY+h08nMGq2CldeIVMEpMRx9/iaNWs/Zvma91lp+RF27l8SEDmV8PhZxGfORl8+X3T9Yn7zgwpYJwSwDvHN8808fTLMw4fruXuvl0s3lIfTzdEznRw608S+Y43sOdrMvpNt7DnewuiRJrYeamBAvM72DdkCNcmUiqdZ1BQngBRDelUkujINcQYx/uJdRopoc0QZ5geRViRgVaZVJas8muyKaPRVUWpXofLbXIGzvNpocmoiRTkr8/55E2PwViu1R+UIaOk9ic31VhPWMytE0daEyP9GUtOXqE7gXL9OJ3CVStvI6whWebtOwCmOVAGrxIJg4gqC1O5Kba54uNkCGwY3Usq9BJx81UhWbp0/xS2RtI8Y2LKvUQApn4qOGHWOQkXy6rTq6MhIvRLB8iJAvOWQZG+BSQ0FDTrKW1MoqI8TQIyjeaCAs+d3cuq0vOCnRjk82sVgSwHDHUW0VYkRyYunIlfAsFBgrCydytxoClOCxZsOE/BIIiM1QhR+CvnZ8ZQWpVGYm0RSbBhFeQnoUzWkJ4apye2Oa5fhYb9GIEopsulOqEBFsKx7OZnhZSeG0mElod6Wak0tRdKivQXo/MlJ8hZgciZWYCsp1I4Ql2WEuZrivHoea42F5C2X4G+7FB/b5Xi5OOIXEEFBSTVVVTWkyHnoIpzJjxfgSvAWYx5NV0s51aU5FOanUmJIpyA7gYzkSIr0CaTE+JGlk+csIJOnFGPMS5TvY0iJDyIyxBOtRiBXKXKYmyxGMZSwEC91RKSHo5k6wXV0uA8uDgIxLpY42azByd4Md2db7KxMWabAlOxnt9YEZ0sjLEznCnxMwHT+RJYt+IqVS2YSrfEjMyVKPPAU0lOjVdjShLgREuQihjaQnBxlpJhOQEeLf4CXiB/+Qf5YWio5BjY4OtliZWOGyTIj5s6bI9vNsFi7RrypRaxcY67WzVpmugpLWxe8Q2OI1OWLM1EhyzyS9OUkyrpGgEuryyUwPI7IxDQS0/XiIUYQFhVHVGwSEZExApEphGuiiIpJISYhA42suzo4EOIn5+ThJs96NW62FtiZLcdk7kwWzpnJ3Fmi1JasYMpcU6YvWI2jnQ9+DvJ+OvsQ4xtMe0U5PQ0dNJQ001Hbzob2Tu5fGmdoUwtBKdb4xlnjGGKKY9ByHAJNsA+Q+xi8TB0NGJ5mJu1WIDXfEl3hWlKK1pJcYE6ywZykPAWwLIlWamglWhGRbI821VGAy5GIdDtic5ylDfsLYMXROpgjgFXC+p01YiTq2SZta/vBVvG+29i0p5GhXRV0b8yV/bKp686itiuT5r5cmnrzqG7LorQ2mbyySAor5R0q0ZAtuiUrN5ikFNErOgF7QyTZxZGkKvXoMqWdZ4Siy4oUzzxEREN8UowAdCyRUXJvlamctNFkpCQLUJRSV1tLeWmFQEUtbY0ddIgo3XgDfcNs3rKThupG9EmZFKTlUlNYTFNlOV2yT5vAlSErn9ryejZv3MnevUcZGtjIcPcQ69p7qSsoxpCUpEaukoMC0AWHSLtLlbYm5xYeRWVxJRsEzk6eusSDR8958OQFx05f4YBA1YkzV7klUHRH4OjoiXGa67qorxIY3XWMXbuP0iIQmBIlOjNVz+aRbYxdvClA9oTrAlhXrj5g/OId7tx+KA7zU27cfMi9u8+4fesxp09d4OyZi4xfusXNWw+5fPkue/edpKu9X86nmooSpeuylaqKNnLlndVnlZGeVqRKcWE9hYY6qqo7KK/spLCkndau7TQrNa0qBzGU9qAv6iYpo1bufT3J6ZXEJhWTkFZHbskgWQU9pBi65H3YTc/Ws2zYf5WRfddoWndSnPPdNA0p+Ur3GRVgOnTxG4GU52rk6po65c0rDlx4zp4zT9h39okKWluO3mGbyM4TD1QwU/ZRKqwrclOA6sHzH7mk1MR6+pOAyo9qsryaBK/UsnqsJLK/jlwpUS4FrpRo1WOBKAWylEjVc4GrVz/8IpD1D7559U+++VaJYildhv/zGsS+eT2a8P6vUbJLD76V/3jJqZvfcOzaE/ZfvM3BS7c5d1vg6uFLFbDOXL8s13SJ87eucPHuOFcf3+T6kxvcenpazuOwClaPvrvJw28vCxju49q9fq7eKufCFS1HT5mxff9SNo6a07fRni17fNh/zJdj57SM3Sjk0s1yrtxukN8McePhKNfubuLKLXGwbu3j8vWDnL+4S44xzJ6D3Wzd0Unfujo6equpbigiMy+ZsLgQPIPdcfN1EpCwxifUiphUawqqXKlocRGnx4GaNjtqWxXQsqWq0YacMmtxaNYQGLwcS+sFLBW7sWDRZIGqCQJVE5g19zNmzFbmJPyQSTP+ylcz/psvpr3LZ1P+wseT3uJ9gav3v/oTf5v4Jz5ValvNeoMvRCbNf5tZxn9hsUCVidn7mKz5qzpKcMmKvzB/6ZvMWfgG02b9gckz/osJ03+rAtZso7dZsvI9llv+leV2HwhkfYi1x9+x8f0KM49PsfL+DMeACTj4TxD9pgDXRNwFpLwjpuEVMR3/6FmEJ88TmUtI7GxCYhTYmoWPRuxLgECa91fYOnzJavOPWWXxMWbWn+Ds9SURCVNJyp5Jav5c8qsWUtqsANb3J/nu1TG+fXmEVy8P8uLFLp5+s5/7D3cxfq2LI2dr2X+yhn3Ha9l1qI5N+6rYsLuK9bsqGdhZRt/2EoEYZRocMaZtSSLJAjoJAilRpIgiTC4OF8AKJVpRgkXhpJYJSFXHkV+bSF5NAjlV8QJZ4t2VRwlgiYdXqSVfwCSvLlqd60/J4VJrV5Ur1dEDSSgKVCErWsAoweCHTklWF8BSktcNjeHiBcWoEaz6oRQahtOksaZS0Z1EQat4kZURYiQCReEHCej5ESWAFp7pLsbDmRi9m4CXh1qyQekuzFDmZqr2F0AKFKAKobwrTp3LMLM8kNTSQPVc4uU8glPd8Yl1wT/eg2ABFa3el9h8T7luH4FEDYUtWvX/N442sHN3F4f2rKO7uYCKgmRqS1NEMWoEdHwpzgynLCuKAgWqsiIwJPuREulFbrqW1hbxLooyVOBQakVVFKUTGxGoliNIipF7ImCg5GfFKYnjWWLUQz0EsJQuQjscrIwxXTpdHU1nb2GMpwCIXudHXJgYvThfMkUSIj3EKw8mReNGmIcF/o6meNuKcV0zB2ezubharyDYL5C07GKKKuuI1AThsGYhAQ7GJIfaog2wISHMlQI5fyWvq7ZMT2dbNeUlWdTVlZObFa9GjvLEOyoScCrSp5Am11Ks5o/FqnWrkrTKdEBKvpQjOgFGbx8HoqL80YlRTBFRkuNXL5uPu0Cikk/maCMgYL0Mo4UzWbNyES4ClkpZBjeH1fiI1+XpYIqV2SIsVggEmc7GbNl01ppMwUtA0clqKTbmJixdNANH25VqFfwgfxfcBUT9RKEE+DgSHxtORHgQEdoogjVh2NisJTQ0gLgkrTpViK29g5qjZWYmgGVth7mlNWYW1tg5u+LuG4K9RzC+EUl4hmrxDtbiGSLvX2mTeEJJ+IZE4eEfSlScjoycIvmPBKLjU0gVI52ebSA6Nlkkibh4HcEhkXh6+uLt6UlooIBSWCCRyig3Z2usV5mwxtQYs+UmTJ+iFHSdzOTJM/nw04nMnj4DuxWmApcLmPjxh9gsX4LG0w99Yj55ujJyUsrQRabRWt4g71cBfonWuEcJnPobY+tnJMpoKdY+S7ALNMJLu5Lg5NXSRiwEsJTuwLUk5puTkLuGuBxz4nOtiJPvolItCVSmr0mwIybDncRsd7QCWdHZDnLtvqJw4mjozqZrpJT1OwRG9rSI89LGtv3tYjC6GNkujsyWcjqGc2nuVwArk6b+PNVBaR8soaknj7qWDCpr0yitSiK/VBy03DD0+aIn9AL6GSGk6iNVScoMIz5d2kt6OBnisGTrBaalvWRmp5Kt3OeMPNLTc8hOyyI7PUvexWKqigWuCiuoq6ylva6Vrro2kSY6ZX3HllG2bt5Bo0BWsb6AogxxIDKyqS6uYrh/MyU5JeSnKCUV6ujv38CO7Qfo6xyip7mP/tYeGuXYufKMY/2DSA7XkpucSbyAltbHh5TwWOrKmjlw6LQ65c3t+085dHycQ0cvsH//GTUfS8mtuvdIjPa5a/T1bmLDhj3s3HWKvp7NFGcZxMmJozyvhJ3b93Nu7BZXrz9i/PJ9Tp65xqUrd7l79ynXrj0QUboNnzJ2/gbHjoxxXo53/coDrsv24ycuC0xupKygXBy6MspK6inIqyY7U96X7ApSU4pJTMinsKCO5tYR+of3Ud8yQk5+CxU1g1Q1bBS46iWvuIvswm7Sc9uJ11UJVA2Qom8hMaORrKI+Mop60eV0kFo0QGXXQdo3nad76wUa150S6NovenYvvTsvsf3EPfacfczBsWccuvCNmn915sa3HBl/oY4e3HfuKfvOP2Vo73XaNo+x4dBtOrZdYPe5h5y/+z2nb33LWfmN0mV47OoLxu58x5X7Pwj8fKfOH3ji+ku1+/GGGsH6QR1R+Ojl64iV2g34SolW/ZOX3//Cyx9/EdD6H55/+z/qNgXAlBGF/6+r8OFLJfL1M7eeKaMKv1MrxJ9R5yhUui6V4qmv63SN3X3Oyet3OHblJieuXOHs9YuM3b7OhTs3uHD3BJcfHuD60zHuvLguoHVegG0f1x+s5/LtZq7dMohNTuP4GV92H7VgxwFHRnZ6iH2O4uj5JM5fy+H6/QquPGgRsNrEvadix5/u5t7jHdx7sps7j/dy4+5+LlwWZ//8CIePr2PH7l7WjTTS1VtPbXMpmQWpRCZHCEx44xHkquZjhcU7oCuwp7hB4KrNnao2J1naUtNqLYBlTVWTlTg8Sm6WGaEa0csOizA2ns68BZOYu+Br5sz/SuDqE6bO+IBJ0/7Kl1Pe4fOp76hw9cmUt/lw0psCWH/i/Ql/5m+TBLBmvMlnM9/k05l/5qu5f2b2sndYav4+yy0EmMzfY5nZuxiteoeFJm8zd9FbAm9/ZvrcPzJp5u9UwJq19G0Wr/gry9a+j6nth6yw/4g1zp9g5vopK53/zlr3vwtgTVQBS4lmKd2EPuHTCRCw8oueSXD8bCKViZxTF8i9WEB4wkJC4uYRECWQFTRV9PsE7J2/Ev3/d4FUptKtAAAgAElEQVTJz7Cx/wwPgbcY3RQyC2eQW7aAotolAqNL+c2PP17g++/PvgasF4cFsHbz5Nkotx8e5NaD3Zw4V8rOw8WMHq6QZRUDOwro2lREp4hSeb1lOI+a3lRKWxMpELDKq4tVu/kyKkTRlWvVAqO64ggBpDgM9akUNaZR1pZJdYdeHpSesuYMChuSyK2KEdiKEeiKo7AxSY4TRUZZGJmV4eTUildardTQEkArVQp5+hOX70NSQYBaBiKtLEi+DyWvUSONU0N5RyzVA8nUDCZR1ZOIoVVLWo0AWmmwAJkCR/6kicJXugVjc93QZrkKdLkRn+dBcqEnuiIvdZlS7C1Q5q8OYdfX+KvdHCklPgJ23kRmuBKYZIdHjL0YJjvcouzVuc/C0+RYeZ4Cff7k1YcI8EWrtbOGtxZyWDz1g7vbGOjMJzcllHKBkdJsjayH0F6VRq0hisQQRzReVuSnRandg1WFyXQ0lVNZlo0uSYyFGImS4nQKDDpCAt0FBtzFCw8iNMibED9PIjR+RIb5Exks64Eu2JovxU5Aw93WFF+XVfg6W5Cq9SIzXq4j3IM8+e/0+CBK5b9q82LFy3YiynOFAJYRQV6OhAaHEaxNJyu3gMQIAUqXFfjLd/YCLg5m84n0WkWIHDfC20aO6UdJRhgN5SkU5ES/jlalRKggqIx0LMpLJCNJQ0F2Ek01BVSV54jiTqK6ykBWRhzZGfHk58pvDekCVeF4OFsRIMATEyrPIzaE4ABnNadMGRW5TODIdPFMWU7HbMVCga95an0tH3cLtXK9n689IcpkpXYrsFu7BG+nZfjZLybQaTERPsqIyKUCjzNxsVogACbHEWWwaPZXmCycytL507C1WMGaNaYsN17M6pUm2FiZ4ehohbunKz4+vmoSvJOzo+yzkjmzZzBnrtwPJ3usrSyxdnSVe5aAVpdJVFIaWfkV+ASGq1PouAosJaemExYeQZQ2Gp0Y+DQx9v6Bodg7OmNt44SvXwjhkXGECFwlp2QSrhGF5+6DNixEnqkvAW72BDpaYDx3Bu/89wd88cUEvhT54IOP+ev7H/LFZ39n5sRP+eT9d/jd737P//rf/8qML/6OxtmZ2JAkee4ppCeWEB2WhNdaG8Ll3Q3SWeOiWanClZX3YhWurH0X4xBsogJWYMJqojItBKbWClRZEpMl69myrl8rAGWBVr4LVUYfxloRrABWujgs2Z7EZbmpVeMzS/0paYijtiOD5t5c+jfXMDKq5CZ2Cmi1s3FXB0MCWH2by+neUEz7kOiWASWSJcshAayhIrrXFdHeW0BTu56a+gyKKpLJFJjKEtHnx5CZEyOAqkxWLHonI5qE1HBiEjXoUsVxk7amlzalFNAsL61Uo1Ed9S201tQIVBXL+2qgNLeIprJqeps7GeroYrBN2mpbB+3VTQz1DjMyvInhdSNs3LiR+vI6suJTyYpLoqdjmPrqNmkfMWp0q0IApbujn+GhbfS29quA1d3QSXNVE/npuRRk5km705Mozzg2LIq44EhxUKLVkXp3BbAu37jP4PAutm07LHB1mf0Hz3LizBW1q/De41diIO9w4MhZ9h08z5Ytx2it76RAgC8rMYPqslr27T3BpUv3uCKQde7iLZHb3Lj5WAUrVe4848LYbY4evsApgbex8ze5cOEmp09flePtp6qkQXRPMSWGKnKyygSsijAYBLYMTaToitX17t4dDG88Qlv3Drn/9fIOV5GZJwCV3y5A206WoYvc8hEB3HoyCrpF54+iy+8gS2Aru3SYpJxO4rLbxHAPiF0YFfuxjxIBq8LGPeLQ7iKvdgfN68+w+ehdNc9q85F77BtTSh88luUzRg7cUCNXW47eo2P7ZfQNu6joO0Z+8y5aN53h8KUXAl/POHDxOfvHnzF84BajZx8IdL1SwerI5W/YduI+m47e5vj151x5+P3rSJSSr6Ukv7/8hYeyVCJVz7//By++/ydPBLyeCmQpkSsFrh78GvF6oOZl/YM78vn605+4JBB36Z4A3nWluvtdtp28zcbDNxg9c0fg76ZsuyzXdZqdx49y8uo4J67e5Oj4OQGy4wJnYwKCYwJJx7hydxfjt7cydmOQc9cauXyrhjMXDRw7k8G+E/GMHo1jx5EUjowZOHNV4OtWgcBYvcgItx/v5sE3+3j4fAdPvtnB4+d7VMi6fneUyzd3cOHKFk6cXc/egwOMbGqns6dOnJdyMgpTRW9pCRCb4i2Q5RXiQnSqtN8SF0qaXKT9ulPT4UxNuwBWizXVIjWtVpTVWZKmNyMkaiV29gsxMZ7KvPmTBH6+ZOacz5k282MmTf8rX019jy+m/P9w9dHkt/hw4pv8beIbrwFr8p/4+/Q/i7yhQtZX895gzvL3MLH8kJVWH7BCiUpZyOdV77JYAEtJdp+14A1mql2Ff2Dq7D8yx+gvLFn1PsbmH7DM6iOWWX/AaoePMXf/gtUun2Lh9pnA1UScAqfgETYN78jp+EVNJzh2poDU6+iVAlfa1IVEpyyU+7GEyKRFhMbMxS90hkDnZBxcv8LS6lNs7b7CyeNr/MMmEJs2hZzS6RRVL6S8cRn1nab85uef7/DDj5f4/ofTfPfdSV59u4/nz3dy/8le7jw6zsXrrew5WsCuw2XsPFjG+tF8mof1atX1hoFsanrSqexMUaeMKWxMIL8mXoUkJSKVVSEepiyzK5RcqlR1Spz6HlGSQ5V0D1fTvb5GpEq81Vx5eInkVguc1cZT0CDHqBfFWRkmcBOhApa+Ro5XK8er0gj4+JFc4K92D6aUBJNWIYBVEyKApUgQBc0hFHdGUNAeLg0vhIzaQHLqfClrDaa601/OwYuWfg8ae5Vwp5P8nws51a6klYjXbfAU8VJHVCUa3FTQShWoUro4kgq81BGLsbleaNKc8UuwxTPaHk+tIx5aB1XC5GWMy/WQcw/AIOdS2xfHwJYCRvfXi4fYzbYNpQy3pVObH0ZOrDvVejnfZG/0cQIjCf7kJASQmyTnnx0nEKIX5ZlDW0MBuRkxpCRHoksII0lEgar8vBTxKDVEavxxc7Ej0NudzJQY4iID1aljlMmgAzxsifR3VgEr0HU18UGO+LlaECXwESdiSFX+z5/0aC9KBbBy0zQkxmhITVWiKwaCg4Pxc1iBm8V8nMzF4FoY4+MgIGNrgv3KeVibzsPD2kQM/iqiA2zJiHGjIEWeS4wPeRlKCYZkqoozqCjLo6+vncL8NDF00WLQEkSSKClIp6I8l+KCNIoKMyko1FNclCdKPU4AwBuNv5OaZxXiY4efmznmyxewcO4UvvxMPKKJX7Bo3hSWLZnFmuXzBIpMsF5rzBoBsCA/RxJi/QkPFRD2tSE+yhWNjxlBbsvwdVpEkPNCwtwXERuwnCgvY4KdF7HWZBJmRnIsRZbNZ/bUL1i+aBpuyrVF+eHhYs7KZTOxsVyOne1q7B0sMTYxwmS5CbYOdmhjtfgG+BOkTUSnLxHDUkyCLk2AKoNwbSz+wRo1YT0yJk7gKp74BJ06p5u1jR2ffTGVSZPns3q1Da5uPnj5hBAWGqWCVpgmEi93d4ErP9LiookN9RdIdMFq5RLee/8D/uXf/8Cbb73N73//R/71X/6T//rt7/n3f/8d/+tf/kOWv+Xf/u23LJ0+iQgPT8K8NQR5BBMRFMuKJUswXz1bjTIFJKzFKWyFANZSLL0WYS2QpUSxnEKWq3MTBiWukXfbjCgBK61IrMCV0i0YJ8uotDXi/Qm8R5gTGG2JJsGeKJ2bwJU3SXlKW5V3W5ybfGnDNR3pandf22Ap/ZsaxANvZ9PeLoZH2xna0cDGPUpkq15gq4KBraX0biqmZ1Oh7FvEuo0ldA/l09qjp6kti/KaNHLyY0mRdzYrJxZ9XoJAVjzpWbGkZcaRmh6vjhqMi4sgXRdDVrI4ednyvhUaqC6qoKGiVsCnieFWAakmJVLVKJ9bWN85wK4NW9i/ZSs7htcLbHWzrnudWuizqkh0V3svfV2D1FcIdGTo6e8bYsMmMfAFlWQnZVKRV0qJPP/mmk4G+zbS1zFIT+sA3QJbZYYyqgsrBbTyiA+LITVGR1GmQe167Gjr5fa9J1y58ZiO9mFyMovZsvUAZy/c4tjJSxw+fpFrtx7z8Nm33Lr/hPPjN9Uo1/DQdtEVTRRl5ZOjy6anfYjjx8bVcg9jl+5y+vwNzglAKRGsW7eecP3GIy4KdJ05fYUzAnCKjI1dY3z8FoePjNHW3E99aT1tLb3SbpvRZ1VTVt1DQ+N60TlN6HSlFBa30zu0l86+nRSVdBAdrcy6UP4asHLaSUyrRV82RLZIdHIVhfXbKW8/QIVIQcNOYjLbiBVJMvSTnD9AWvEQybKeWrJe7Md2gfhe0aO9oj+P0rrhHJUDJ9h64gE9O6/QsvkiXTuu0irLjq3jVPUfJ7l4RKBfoC2ni7TyDbQJdHWOXmXd/lv07L5OUfdR6tefY/PxewwfvMnWk/fp3nGFmnWn6Nt3TaDrhTop9LjAkVLxXamfdfvZT2qe1WM15+oXddSgClYvfv41X+sX7nzzs4DV632UshBKja2xe9+p0bKjl5/TN3pFjao1rD9F+9bTAoMnadt2hKaNe9lw+DQHLwlwnbrIpiPHBPrGOXb5ogDTfs7cGOXg2Bb2nRnh8IV1HL88xOmr6zl0foADp/vZdbyVjQer2Ha8mpOXGzh7vY7xu21cvT/CtQe7uPV4VM5RwOrFVh59s0Hs+Sa1luXVO9sE1LZy8do2Tl+Q450YZP2Wdjq6a6loKCKtMA1tSjSh8RqCo0Pwi/AmOt1dwMGN0gZnarvcqesS0Gp/HcGqVqJYbdaUCGCl5JjhF2aChfUcjIymMHf+RGbN+ZKpMz5j8vSPmTj9dc7V36e+w8cCWErk6m8KVE38M++LvKfIpD/w0bQ/8OmMP/OpClh/Zq7pf2Ns+ZEA1kessn4NWSar38No2TssMn6b2YveYMa8N5k2V0SAbJ6JwJeSr2XxESZWHwtgfYSZ06dYenyJhUCWAljWnl/gHDQZD81UfJRRhdppKmBpEufI9SvRq/kClguITV8sS5HkRUQmzCcofCY+AdNwcpuAtd2n2Dt9jqffBEK1UwXIJpNZPFPu0xKqmoxpaFcKjf7jOT/9cp+ff7nFTz9f4acfTgho7eXpcyHgZyfU2ldHThWx/0QZu46Ui/ITBTeSTduwLNfl0tifTX1vJuVtOoqbk6TxJIn3ES9wFfU6t0rEUJsiIKMo1XI61lWqYNW3sZ7eDXX0yLJvSyNN/TkU1MdSJKClTEGTWxchMBWqwtVr0b4WUdJpShSqQIx4UaCAj4BGQ4D8zoeSVl+K2/wpavEnT7Zl1wUJ5ARSO+BN9yZlYll3tu5xZvchF3YfdGD7Xls277Zjw0578ZodxGN2o6TZm/RybzV6pSv2ft1lWOqrSpLBR6DLl5gcTzSZSgV5e3ziBKwEsjy09rhG2uKbaC8A5qFWhS9R5jPsj6R7SzKb9uTJvStm3Ugu29YXiRJPpUIMkDIXYG1eBNUF8aIg5Z7FBIiSFJCMDyMjPpji/HjKxatITgoTwAqnME+nRnlyspPJ0SdTWWUQ4x9MZJgPIb6uZEvjyMmOJyzIjcQofwGdYMJ8nfFxEcPn74CL1TL8BBRiQ90J97IlO86X+oIodNE+pIsBKhTjk5aaJHDjToj7CmwEKNwtFuMuv7MwFciyWEaopxUJAmdOqxdgYTRNwGQ6ntbL1EKksSGOJIa5qMnuhtQQyvK05Mt15WZpBa7kfEszBKziSdWFEhPhoZaJqCpOoTRHS5i/PYE+jmodL3dnc9wd1mC+cr5AziwWz5zM8gUz1arwpsZzWWGykDWyvmLZPGZN+gxbZQ5F5zU4263Az9NSrX/l7riSYD9LXAUGQ71WE+C5HC+7Rfg7LJbznU2Aw3xCBKw0rotIDDRFF7SCpKBVhDotJsRNuU5zokKc0IbJtVobyf21ws1BoGTFfEyN5qiV8teuXYmNrTUu7h4CUCF4+So1loLIK6shq6iMEIGjsEgtHgI3kbKMjU3Az9uPqIgowsIEnLyUuQ+tMDZdy1pbd9w8BI6jEwkI0uDq7E5AoAaNJpyIsDABaA8BY3+B70yRdHTaYLycbVmyYA6ffvIxb7/9Dv/+H//F//k//86//etv+cPv3+C3v/sT7735Bp5mK4n2DSHAPRBPOzd83V1x8VhMfLajOtmzX5w5jqHLsfVfqkaxrH2XqEvnEKUa+yr8Ys3wjV2DX/wqgpNXESGwFZ25luiMtQTJdncBMWe/ZeL1mhOe6EBkiqt870dCrjJKWENuhVJiIYaypiTxgnNo6Sulc7hW2n8Tgzs6WL+zQ2CrRZy4DvYe6WDHwRY27K5n3fZKBrdVMDJaxcbRMoa2GOhaJ79XJo9vFBgvyyAjS96ntFiBrWRy81PJN6Sj16fKe5xIZoaOgtxsSvMLBKyKaK6opK2mior8UiqLquioa2G4XSCvs5N1bZ10NSjdgq2M9AwyOrKNLQMjKmBt37CdffuP0NrYiSEtn6LsYtb3DLN9ZDOHjh0XnXKWzRtH2bx+K0M962mr76SysFqcoy56u0fo6drA4LottDV1SJsoJz0ujbhgpTZWPAaBraK8MnoFxpQaVhevPWLb6HEKDdUYBNT27jnB5asPOXJinBMCRbfufqNO7Hz3/jeMX77H1h3HaG7ooa64mpLsAsoNFWzcsJuDR8Y5fvoWJ87c4LxA2uVLdxgXuTB+m3Pnb8qxrnHq5GVOC7yNX7zBlat3OHfuOps37xcgHGbD+u0CfevJza6lrLybyuo+ipV5BeMLiIzIFmeolea2TeQXNBMelkJCnDhG2Y1k5XWRkFpDUqZAX+0WUuVzkkh5+16xFccpa9tPcl6vvCdVAuGtxOm7RbcOEpZUiya5jgTDgMBSB56heYQkVKMrXEdiwTpym3ZRM3Ca1KqdZDfsFcd5lJKuwxha9hGV2YGftgT30GyC4itJLhkhs34PhV3HZP8dxBmGxEEeorDzEKV9xyjuPixO+FF0ZZtJr91G395r7B17yuiZRwI9zzl6RRm9qORp/SSw9RPXFVGnxvmJW89+Vj9fefQTF+79wFUlj+vZj1yR5ckbL9TuSGUE5Mjh25T2HCNb4DJL7kNe86jIdnKat8r2PQwdvMCm41fo3HqMzm2H2HL8PBsOHmXXiUPsPnWQ4X07GD25W2Qnu05uYN8ped+OrGfrwSH6t3fQubmDUXHaj4w3ibRx8uo6LtzZIZC1RQBrHY+er+fZy63clfWLN/u4cHNAlsOcubyeM5cGOXupn8Nnhujb3Ex9RzkFNXmkGNKISY8lQpz58PgIAiMDBDrcxFl0Jb/akYpWF+q7nKjrsFMhS5GKJivyKy2ISzfF2WseK9ZMZ9HiicyZN0EA6ysBrE+ZOPUjJkz5G19MeY9PJr/DR5PeVhPalcjVe5P+xDsT/sg7ExX5PX+bIoA16w0+m/UmExe+xfyVAlhrP2al5SesUqNYSqL7uyxd/rqbUAGs6XP+zNR5vwKW8bssWf0hxuYfsdz6E1YICJk7fYal2+e/QtbnAlwfY+n+qUDWRDwjpsq7M40QAayI5DkCVPOIzVigSkKW2IZs0ZNpi4lMnCvQORP/kJm4ek7C2v5T7Jw/xztgAuGxU2W/qehL5gpgLaW21ZimjuX85pd/vuKXf3zDP0R++YeA1s/j/PjTKV59d4SnL5Vhw5s4d7GKI2fL2XeyVCChiIEtxeJdKh5mJf2by8XLLKVrRJRXXx61nXrKW3TqKLqsciWJPYrihnT5roSuwUp619cysKmRkW1tjGxtYXBzkxyng/6t1VS1JVPYEE+x2tUYQZbS7dcQKbAVpY4qVMo+KKMKM8uDVbjKrgwSIAqmos2XihZvqjt8qOkV6fGnqtOPul5/eXm82X7Qjb3HXDhyxlGuxZnzF13EK7TnwmUnLl5xFYXjxrHTnuw57MP6UV+aBwIpaw5AXxkgsBhCfl0IOdXBZFQGCvQFkVYW8H+pus/wKK5s4ffn273vezxzZs4kp/E4Y5NzEkJCGeWcc2i1ck6tnHPOOSeEkIRAIHLOYLIJtgkGg40DNsY2xnP+d1UxZ57nflhPVVeXqlXVXbt+a9euvUkt9ycs25WAFGd8El3xinPBO84V/xQXOdm9yGvUUDcYRe/WJDbvyWTboUK2CbJ2Hmhkz64qJgZS6K2NpqUiXiKVtupMyWzT1XZYadH+ZKdECJC05KRFoUsMJSM9Wi7QGnXYmMa6IgGLTr1l2NysjMmn9HwumbqslxwVrN5OU2p/lJ7SowKc0Xrbo5NMJDlWafjuTE6KRsVbepxgLidOCvgo2moz6KxJoTjFiyhfE0GICRG+VgS5maL1sSHA3UIdmzDU0xpdpJdgSi7KLsaCrLXYGy3BSk4ouw0LMVs9B+v184gPsCEzxpvsRF+SwlxJCHUmPUZOzJp0KmQfo8M8ZN/CBFhx5KeHkRzhSUSwm9pHlo+TOeYbVmNirIfJhlWsX7kQ/WXzWTb/PfRWzFX71LK2MMDeeoPa3srCeBVLFr0l8FmNt5MJ2kB7/D2t1CGDtBr5PmJ9SJTPjo90JdTXnGg/M6J9jUkINCLOT7YhGVe0jwEJQSYkBZuSGGhKrL8xMQEWJIU7EqtxJMjdCB/7tWq/YK726wVaArFwP/z8nLG1tSA2WUdOSRlRcfGEhIajjYolNbOAjKx8omIVSClj3cWSmJhCZmYeaenZRMYmE5uQQWx8Jhl5FehyS4mJ1cl7RSSkZMp8Iu5uHrg6O6ENCZFjFkqIj5t8x1pyk6JpKhOsFgpOq4rl+w7FzcVBCjYjXlNqtf6fl3jpd4Krv72Kld5q4n19SdDEovHR4O8u+C6QZKRbkoZKd2LznFQ8uUWZ4BZhgmeUBR7K+IOCK+/ojfjGWuIvERBnLWGlPlWodDyqTbVRIyhOAdZGPENN8QmXZUlyzPN85CIZSEpRKPnViVQ2Z0rBky2FcY5kvGV0jzTQN97O4JQkWtv7mZgdknKll5n9PRw9O8rxc5s5eGqEmX1dbNndxtTeNvYc7WD2QIOUHZWMTkjCNlxBS7tgp7ZErflsbamlq6NF7VutvKyYspJCGmur6W5po6O1m57uHiaHBpgeHmSgtYOO+jZ6m7oYbO1ic1evWnvV3dBJc2kdjaVVtFU10lXfIsuaJSnaofYfde36Lc4cP62+np3azqlDx7jx6Sdc/eQ2J4+f4eNLl7l+7QYXL17hwL4jbJ/ew9TEHjaNzrBlyy5mdx5iuH+ShIgk+U35yLkuCUheifzPXczIezdvPeDclc85cvJjtm0/TI0gq6GqmaNHz6u3+pT2VTc+fcjte9/w8KsfeCDQOnvxNqOjuyR5aaNKgFWZX67espzZeYKjJ29y6tynXLx8S70NePrsda4IsG5+cp/TH91k976zHDhwVqB1jRs37nLu3McqsLZu2ac22FfaeFVV9JCbKygsaKW0tIMMXSWJ8cWkJJVRVtpFcWErKcmFZGfXk1vUQ05BH3klwyTqmskUQGWXjQioRihpnqF+8JgaJc27iBU8aaJLiU5tkot4O9qEWkLiq4nJ7iUooQ6PoCzc/XX4hxcSn9OFJrlJfquDJJdtQavrQJvWRnzRCNnNszLfgqcmC5eAJHUaklhHbOEIua17JRkexC+mnMDYKqLyeklv2E5U/jCxRcOEpncQmtpKQfsuGsfP0TxxnrHDt5g6fo8tx+5y8Oo3nLjxmI9uP+Xwx99x7vYTrtx7KpB6okLs6LX/bYD/M5c+f8KpTx+z69wDtp++R/eOq+S17iMmt48I+Zwk+byEwgH5v/rIaZqma+YjWecjKvr3UdW7i7bxQ4zsPi6wOsvIriOMzO5h+vABNu/dybbDM+w+tYst+3bI8q20jI7SuWWUmeNTzJ6YZM/pGY5e3sv5z3Zz4bPN3P16G48ez/Do+2nOXOtTR1o5caWf/aeH2X2ij9NXhjl1dQvTB/vp31JLY08ZhXWStJXlkFagIyFbyiZdAmEJYYTG+5KS40ZejQvlzY7UddvT1Oco2HKkvsuWyiYzMkuMCY7Rx95tBUZmi1m3bgGr1sxnxSqlI9H3WbzkHeYu/gfvL3yddxb8jX8s+LMA68+8Pu+PvCK4emXB/yLrd7y26Pe8tewPvLviDyqw1m58nQ2CJeWWn9IOy8T6lRdPEpq+jJ7xnwVYgqs1/80CWV9B1hqTVzGw+DsmNm9h7vSuAOtdbNznYOX+PhYe72Lp+Y76dOFGtzew830Xd+1cfKMWqH1eRaYsJz5LkJW/Fl3xOvIqDcivMlAHf9bl6xGfsYKIuKX4BS/AxeN93L0/JDh8EUmyPLd8BeWNetS06dPUZUhHv7ECrB959ttjnsv019++EWTdEmTdFGRd58nTS3z19U4+/3xcTvwxPrrSwb5jDczsbVUbbU/JdOueFsk826Rg7JbCsEOy0goRbj4NkqlWtL24VdjYU8To1lbGpzskA+1hm3JbYP+wbGNI5iX2jwtsuukazVOBVdWVSnlHnCArlqqeRHVMwYquFMo7U/8FrEi15qqqM5Smfo182cG0DCgwCmFku0Yy3mB2Hwnm8JkATl3w4txVHy7d8JN9COD2nQDu3A3g/v0QvniglWk49+9FcutOBJdvRAi0wtl/PI6ZAwkMTMYJDOPo3BSrjpHWMBAm0yhahiKp79OSVy/QKHGRk14Qo3MmSLAVmOJKRIY7GdVBVPeFC7Di2bRLx8SBXHUw7J0Ha9m1p5Ktm9LpFGC11aXS1ZhHX7Myhly52vC9oy6XspxYspJCiQvzQxcfTHNDsdpeKTUxWjLKdPIyo0kScJWUZpAkJ4E2yIP0xAhKcpNJT44gVisnRUwgGbH+5CWGqD24Z0poBR0aHwfJnAMp0YWSHuVFuoCpNieEcp0PNTkBZEQ5CUDMCfPYQJYyjfkAACAASURBVKDTeiz15uFivgo/R0MCXIxULCVoXdRhcrSe5oKsNZivnYvFmrkYLnsPO8Ml+NoZEOBqRlyoKzqBVqzWSZBmSkyIC7mpGhKjPYjRuBLkaYGX3Xo8rddhuWEZjubr8LY3xc5kDRaGK7A208fVzgR/D2vcHU2w27ga03WLcLM3wd3BBC+lRi7IDR8fgZmnHWHBrkRrPYgK9SDY1x53e0MCPTcSH+4muLQlK1GOU4zSh5cJsQHGRHobEOtnQorGjEiPNUS6ryHcZTka51WEuekLFM3Qeqwn2EWfYFcDgj2M8HI2I1jpO8vPEU9XK3y8XSmtaqC6qZOUjGy8/YLQhEWRrbS1igonOjIcTbAvYdpQdXDc4NBIXNz9sbR3l/konF288fbXEhAUhqWlA3YOTmp3D9a2LhgammJpZil/qxGABhAe4Cf7F0RhhmA4W0dzfS1tbW0CiRJqlN7Ga5tJyCpklZElf/jj31i/ZDERrm4kBkcQERCOjYmlwDuagaFYSRz8JFnwIqHIUS5QVv8eN1CTYifgshVE2RKoRLyNXKAEWUoIpvxjrfGNtnyxLNaK4FhbNLH2cnF0ICTWWS5u8nn5PmSXB5FTKYlQTbIAK4tqSbSaeovpGKqjd6yNgfFORqf72LxzmIkdw5J89aq12/uOD3Hy/DhHT42x6/AQU3v6mNjVyfb9Xew81MH07ho2T1fSN1RKR2clNXWl6gDgXe1NDPR00NYo2Xh5FbU19fR29DDYPcSAxPjIKNOjm9SaqoGWLroaOmivbaWlslESnAbaq2VaUUNDYTkVgmClUXpFZi6V2UXUFpQJqma5cfMWN69f58u7t3jw5Rfcvf05d27J/INHfPXwS757dI9vHj3g8eNv+P6H7/n6m+948PARN2/e4cKFm3x08YYg6VN2zeynrKiauHBJjOIy1Nqq3XtO8OnnXwnWvuD0OaXt1SWmBVmd7cOCw80cOnJBoHRbcPSF2qbq09uPePj1jzx89APnL95i28w+Otr7aapqFXhXSZnRJ2XuEQ6dvCGY+oRLV+9y7ORljp++wvUb9zl/5TYHDl/k4KHznJZll+X/+uj8daanD9AvCNw8toMt47tlm+Pk5NSTnFJJfn6zJHM1AqwiYqLzSIgrkPl8KYMK5f1yEtOq5RxokYShjyjBUkRcpQqt1Oxu+V22S8IqEBw6SX7jTiLSmgkKUwY/L8dXk4tnQCY+IXkEx9fJ76oaR68kbJyjsLDV4B6Uin9UEV6hBYRntOOqycMlKF0wVUCkbDtAtmHnEoW9Em5ROPgkSpJQKL/fOkkKqvEIzsXFJw1P+bygxAY8w0vxiSrHI7wYd/nMkKR6YgRAieWyr427yG/bT0HvUZqnrjC07xZbT33B8P5bTAi6Dl39lh2nHzApCJs6cY/d5x+qTy6eu/WjwOoLunZ+TP++m1QNnJJrw6gkHeW4B+cTIPvkLZ/pE1lBdG4vRZ17KOreR2rFFmLyBshsnKR14pA6kHXr+F46J3bQMb6D1rGdDAu2+rftoWl0lsq+aUngN1HXP0Hf9llGdx9i+ugxdp44zJFL+7h8dzf3v9nFl48nOXm1k+GZFnWAaWXavqmRqf2N7Doh596Odoa21qpNdKrb88mvySajJItUAVZSjo4YAZZWri2BEVJ2xbuSnGtHRqkVeVWmgjFjWX8D2RX6pBauEYitEQyvwMpxKQZGAiz9hSqwVq6Z9wJYS99l3pI3mbPodd6a/zJ/n/8nFVevzRNUzfsv/va/MV8B1n/xxhJB1tLfMX/dX1guYNKzfB19ifUb/46hhTJsjjKEzsusUTocXf8nFq78A3OX/IF5q/7Eyg0vq8DaYP0WJg7vYKrUYrnMwcx5DiZOb2Hq/IaEvO/0Gqauf8fe723cQj/AL2qR2tN7Ys5K0orXkFu5nuI6E4prDSmpEWiVrSOjQJLV5BVSbss1yHsunn5z0UYvIT59GTnlK6lqWieJpACr15D2PgHW899+4rf/+VHiqSDrMb89f8Tz518ItL7k52ef8vj7A3z79SG+fHSQO/f38tGlEXbsbxEYtattJfYe7WH/sQH2Hx1R+9bYtr+BIcku2wbzRLhZVLWn0jpQwviMgGxWcLWrX/5+iNmDw+w6NMrsESlEj0yxTTLVtuEs9RZhpSCqojNeIk59cq+qN4mq7hfwKmqOUmuvCps01PWECOT8aekPYGAiiMldQVI4B3PmUjA3P9Nw+24on9/XcP9BmEQ4D7+M5utHMXzzdTzffZvGd98okS6RwaOvdFJAZvDF/VxufprLhau5nDiXL/uWLvuYLGBLEHRFqrHrcBR7j0ey41AAm3e4MjjhROugIyUtzqRWuhFX6KHWcJV2aWgfj2F0Np3J/Qqw8tl9tIL9R5rZPVvJxFAuHdVJNJXHMyoI3bqpjpLsCArTw6jIiqQ4PZzEqEBSYwNobSiipiqXjLQ4SgszSBE0ZWe8aIsVHx1IfJSAriKPuqp8EmJD8Pe0xUNgEubrRFF6NGmCrVgBTXqkJ/lJSkemGgqSfEkLdycr1pvqHC3l6UG0lsRSnCKZdbgTYZ7GgowNuJkvw85AflAbV+Fvp0+I83qCHGTqYigQMyNbwOLvsB5Xs5U4mSxTw9t2LY4mK/AXFMULshSU+LqZCe7s8XexxFuWh3haEeFrQ4y/HV6Wa9W+t0xWfMCG5fOwN16Nn7Mhvs5GOG1ch7XRMuzN1+BouQ4b0zXYb9Qj1N9e7eFeGeA6KsKb+LhgtMFOat9ffh4W+LuZE+ppiYftepwsV+NmtVb2aSMpkXIcYjzQRTiptVnhnhtI1ViQEWaOTqCVGmJCVvhG4jzXEWSzVN43ITnUhux4N9kXG4LdN2JtrvT4rk92bq7a23yWUiAlJpCUKoDSBGNra4OTgzN2tvborTPE0toJZ1cfgaAfFhttWbR0LX9++R3en7eSxSsM0FtvQVBImHrL0MnJlVUr17J06SosLOxwdfFAK8BKT4xXG7pHhQZTkKmjrCCbqtJ8urvaaWmuY+v2nfRumqZ9dIbi1jFWb7Bn7eLlhDgoY0dq5Zi742DlxM6pKc5/1Edpq6ecTwLxUie5ENgRlWMr4aAOcxOdLccm24WoLDfC0gRNSXYExAvCEu0IirdHk+RAsMwrtVqaeDu08U6EJ3sQmepJVKY36WXBlNQL+BtjKW2UxKg1VxKiQhp7y2gfbqBvczdD44Ns2T7O9J6tTM6OM759iNGpLiZmuzh0YpSDJ7aoHfRu3zsq7w8wtr2bzdt7mNjezqbJGnoHy6mT86Kioki9DdhQKdturKOtuZmW+laaa5rpbR3g6K6D7JuZZWpoXHA1xpb+zYx0DdHb3C3JTBstVfU0lJXTXFpOd0017ZWVNBYXS7KRT2NBiSxrFXg10Fpdz4F9B+nv6qO5vJLtk1Mc33+Mi6fOc+3qTS5eusql8+e5dOESl2X+88/v893j7/nuhyf89MuvPPv1n/z08zOJX3n60y98/vBrDh69xOjYLGObZzl45CM+u/cVt5UnzS58qjZu377jCIMjW+kf3Mq2Hco4hpcFaZ9wQ5D18bX7fHb7ax598yNffPk9H9+4w8nT59k6uYOa0kYpD1pobhlh89ajHDz+MWfOf8bJM9fZte8UBw9f4PylWyq8jh2/zOHDH3Hm7DV5/2N27T5Nb+8kTQ39ArtJujonqC7vIl5QlZZeLb/5RjLSa4iJypPEIVGN+NgCUpMFDtH5JKbWkpzRhiayWLL7QiJiKolLbSAqoYaEzE4yyjeTWDRIVHorAQImv+Ac3HxSsHbUCpLCcPSIxzUwC9eADHkdg5GFL8aW3ti5RmHrEi2wysTeNwVz2yDMbYJw9k3HLTAHCzutYCwU443+mMhya7cY7D0S5P00XLzTsHaKwcEzGUdfHbYeybKNDJz8M3HwSMLFT4e7IM8nslR+600qwrRZvaQ37qVk4AyFfScoHzpLYfdROmZv0LLtGi1br9IyfZn+PTfYc+Ehx248pn/2JgUdR6gZPUta1U5JTprl8zKw907BKSAbB/8cHHwz5dxpID5/kNjcPjm/2vGKqiI8v4/KgYMUC7xKu3ZS3rNDpnIud8zQPLZfXu8kvXYTcUU9JBT0UDswIxg7QOfkProE/z3TWzh4YYZLd3by6cMdHLsyTNNwM6VSNlS21QmIKmkarGbTbD0tQ9W0jVQIsMpo7pfzp62Y3KocwVI6aYWZguFUIpOjBVjh+Ef6ERDhRqgkUZGpZuqTdQnZypN2q4hOXylJ1Qo8g5bh4L4UC5vFGCrAWr+YNesWqrcJl6/8gCWSeM9b/BbvLXyNtxa8wt8X/IXX5guw5v6BVwRZCq7+Ou/3AqyXeHXh79TbhG8u+R0frvkTSza8yirTV1ht+jJrzV5Dz1RwZfIKKw3/wsr1AjC9/2be0v9ijqDsgxV/ZJnBK+iZv46B9ZtssH0bI7t3VGiZOLyNseObGDsIruxfwcDhVUycX8PO9028wucJ0hcTl7mC9OLV5FfrU9ZoRE2rGbXtJtS0GFNWZ0heuSArdzVRcUvxDpgnv935hMcsIyZ5KWn5yymvF2B1rZNjaiTAMuc/fvvnU377589qPP/tieDqMb/+9p3EY549u8PTH0/x/XfHBSRHpEA4wPXbhzl3cZjDJ9rkhB2RrGia85e3cPLsGMfOTAg8eqVAFC1PV9AykEtDT5baf82mbW1SkHYze2CAvYeHOXBk9EWcGBdgbWZid72ASWDVkUxdXxo1vcnqgM2VXbESgqxu5SnEJHJqtWRVaSlp0wjgQgRyAQxNKm2rgjl5LkgKmSBBVThfPUrkWwVQ36bzw/fZEjqJNH78IYenPxTz05NSmZbJtEqiRpbX8OT7Or5/3CIIq+P+F5UCtGpu3anm9ueVki0WcP2TLK7eSOXap0l8dieZ23fipKALlOPgzN5j1kzutqd9zI2Sdm+yan0pbA+hcTSavm0pbNmr3CbME1AWs+tgObt2FrN9vEAK+izJopMY7S6Uwr+QlvIktYF4arQPBWmh1JZkUFmcSlaShphwH8keEyiSkyBXpjmZcvEq1pGeHEZmSgR5WYmkJUaoNVg6gVdeWgxxWl8StN4kh3sTJ8BSbu3F+NmQEGRLfoIP+YkCOEFWdkIA9cXR1BeEq1GTE0pSiD1Bjkp3DEZY6s3F0XgZ7uYr0Qq6lBquUDcDgp30ZT1rUrT2uAuSQgU2fo4GgrGV6piGTmarCHY1xtt+PTbGKwQ7xjhZ6KsY87czxExvEeuWvYuZZDo+tvo4ma7Ezmg5LhZrcbXWx8vJFA8HUzztjeVvDQgTTEUEuwqsBB62hsRHeBCrdcPVwUAKfG8iQpzwcTLB2lg+33w1IV6COSdjAacFqRHuJGicBFjK1Jlc2f862dfaggjBpo/sgy25sc7kxLiSFe1GVpwHVbkRcrGNJifOXVAaSk1ZEt6ullhamBIZEUW6LonwsEBcPVzw8PbDztGVteuMWbhoFWYW1piY26GnZ8riJXoYGW/E1y9YQivz1ixfpYxdaI3+Bit8ZFlWdjGRkXFERkXj4xuojkkYogkjLCyW3Jxc0pLiCA/yJzMpnqzkWMrzMwTdlXS0tzGyeZucR+eZPXGV7Ucvs3n/RziHZvLW+4vlOApqXb2xNRbE+Ydz8eZDufifpH1IS2GrLxnVbiSVOBJXIFHo/KL39SJBUmUgGZUhpJYEEZ/nQ7jORWDlRGiyG5E6D6J0yoDKCqwciUxxJjbdiyRlFINCf7LKg6TQjqW6I43qzlyJUmo6K2jqE8AMN9I10kbPUBdjE1uY2rGNqZ0KssYEUP2SjPUICLZw9NRWdh+elKRsM2NTQwxt7mPz5ACT2/oZ3tRGR1eNAKuEyvISAUApteWy/fIaddgXpQF6Z307PU1dHJyd5er1G5w6eZltE7NsGdrCeP8mRruGGWofoLuhjbriCqpzC2gpkwtOaSmNRcU0FBbSVVFJX00d9UUlFKXpGOjsZd/+Iwz0dLOprZUJwdbs+BQnjp7iyNHT7N8n5aMy/tyRkxw9fIJz5y4Jlq5JOfkZdz//ksc/POXp02c8efKzJK8/qTVQdx885ubtr6RcecD9rx7z4NEPXPvkgXoLb3xiH8X5lZQV1zC2aaeKriMnLqmN3q9evcuVa/fUmiylCwel9/YLl2+we/cRWut76Gobob93jOraXjZPH5ME+CbHTwoG9p5jcuqQ2gXEOfmMEyeusGf3CfbuPsWhQx+xc+cxRkZ3UVc7QGV1L1XV/TTUDZKZXUtUTD6pgqu8wjZ0mfWEhaYRodWREF8oUUpERDbh0YKt7HaSM1sJjSzCX0AUHl1GSESRQLxGfltDhCbUEpHchK+2EEe3BFy8kgRPURiae2Fm7Y+VQwR27omCKA0GZl6sMXQUaPkInvwwtQ/GxjNWXnujb+jEehNPzP4FK2NLH9mGp7rMyNwHo42+WDiGYecci4llEBay3Y2usVi7xmPlEoutc5xELDbO0VhL2LrFCboEbCHZuIbk4JvYSEz5FJrsIcLyR9FkDhBdMk5awz5SambJbN5H+eBJenZfZ/L45zRuuUhk4WZSqrcTrOvGTVuKpVsiVvJ5Np4p8tnxmDhF4hKSh094BV7aMjzDynAMyCMotYXkygkS5fNymraT17yD1KotxBUPkVY+JslPD5pUwV9CA4mFPRS1jJPfOE5xyxYKmgZpHOxj14kJ9p+dYvuRcap7O8mqaCK1oJq4rDLyqqqp7a6loK6c3MpyGvuraBstl/OyjNKmcrLL88koFWQVKMBKI0aXTJgkdb5afwGUAz4aS/xCN+AXpodv2DJ8whbhGbIIV/9FOHovlO9vEWaWS1Rg6RssRU9/Eav1BFj/aug+f+nbvKvUYC16lTcEWErDdgVZry74479qr37PX+f/Jy8vfIm/L/49/1j8Eu+v/G8WG7zKig2vsMLor6w1UcYm/Jskj39Va66WCq4Wrvwv3pd135X4UNZfJMBaKQhTGrob2bytIktpw2UqyDJ2fAsjewGW3asYObyGhfsbOAe/S6DgKjxpCSmCpJzKtZQ1GdDQbULHgAU9o1a0D1rQ2GEuyDIgv3QVSenLCY5YQFD4AsJjlxMZv4LolOVkFOlR1rCeug4TmrrN+I/n//ye54Ks5yq0vuefgqvnEr8ptwt//Zyff7mG0lfW0ydnBCvHuf/gGF88OMS9+7v58stTgpGLPJK4e++44GYHx88NsvNgO+O7lKrHAilQs2nqzWV0upHZQ73sPdqn1ngdODok2dsI+46OsvvoAOOzhaLrFFqHdOrQGC0SzaMp1A8mqP1bFbVEUtAYSWalljTJjgubA2kVXG2a9mPPET8uXgkX8ETx5cM4tWbqyfcFKqBURP1YzS9Pa9V49rSBX39qlejil5+7Zdoty3rlvQF+/mlQ9rVfwNXNk8edsp0uHn/bLejq5/HjLtn/Gr55VMSjr/L59lGxzOfJMUjkzh2NfL4TR047sO2gC13jnpJ1+JHfHExlXyRt47GMzqYxtT+bmUMFgtAKDhwsZf9MLhMDGSqsJockm2jLlII8mrxUDSnRcuET/JRkx9DXWU1DTQGRWj90qXKxzU4mOzWS/IwIUuOCKctLorYsk9gQTwkvyvNSqCnPUbtESAxX2kD5kRjqRUFqqMDNm+hAe3ISvMiI8iBNcJKp9OAe4kx+aoCAQktjaQJNEuVKv15BNsT6WRPpZYaz8XKcjJbhb29IpK8lGuWWn78tIW6mxAbaqP1nKeMVetuul4v5cqyV/rds9AlwFlRZ6mFjqo+DxXpcrNYLlgyxNFyB2bqlGK6ci5WckIGORiqy3C3X4GW1Dn8HI4KcDQlwMlSH6wlyN8PL3oA4AaHS4NxJ1vN0NBRwCapcTXG3W4+rhI+LMW7W6/AVWHlYribCz4rEMBdiZV+UeeUWZ3mGhuaSaGrywmipTFShVZMVSFtppMxHUZUTTnm2RF4sVSU6Sot0JCbG4uYhhbqRDS7uGsFPHM7u/pJZ+2Fm48qaDXbMXbqBt99biLNrAKUV9XR19TA8OERtVRXlpUWUVdXSqDzxVSsFd3wa4eFx1NQ0UFZeTXZ2ARnp2epYeWlyMc/PyyFbCrnIMK18djzpaYkU5WbRWldDQW4Gw0PDjGyaZHzLdiZn9rNl52Em9p5mcOYII7tOCpgaePuDZVhvdMTa3BxrU3Ni04r45MEPfPnVDUam5Dvu8JVzy4ecek/Sq9xJL/eQc8xPfWq2oCni3+0ddWUhJOT7EZ7miTbFUzJZLzWidfKbyxCw5nijKwgiUxmqpjSYvOoQyprlWHZnUNdbSE23FORdlZIU1ct520JHfzvt3Z0MDo8wOb2NbTu2s212m+BKkLV1kP0Cq6OnZjh4bDs7dm9mdPMQ/QMCq5FBNo8PMjDYRWurZOJNcjyrK6gXaNZV1FBfVi/Iks+oblbH6lPaWHU2dKhP8J0Q+Fz65A4H9p1mbEC22T2kdrza3dBOo8CsPKtQfhfKbcFMqpXhcrKyqPnXtCI7S97LkPMjj8MHDnHs6FGmeiWZlO92c2c7/W2djI/Psm3rDvbt2csRwdWRQ8fZPXtQ5j9i/6Ez7Dlwgo9v3uWLr77jq29/5NvvnvL14x959PgH7j38mtv3Hqm4+vLbJ+qQN7c+/4azFz6jp2+citIGaqu75Dgd5cjxK5w6fU3tVuHylTsqtO7c+4YHD77j8tVb7Jg9Sm/nJno7RhgVTFZXtFJbN8DW2TPsO3yF/QcvsnXbMbZuP86+A/K/HTjHgQNn2L7tENMSIyM7GRyapalpE9lZdRL18vvsJiuvkWgBVqgmnaioPOKSywkTUGlDBVhxhUSEZ6PR6AgK1hEQmk1weL5chAQS/sl4+UpiEpiGu18agRGlsrwUP00RXsFKzVMoVvZaNtpp2SAoWi2Y0jdxw9QqEANTL/Q2OLNyrRWr9W3l3HNhraBqnak7hhJr1juwTN5brmcry51Za+DIWmV9fXvWGSp/Z4OBgGujbTAGgi4T62DM7CKwsI9kg41G0BUsEPOV8zeEjQ5hWCrhHIOtVzLWnonY+qTiHF6Ga3glrmHluGiK5YJcgH9SGwEp7YRk9RFbNo2uaS8VI2fIbD+Id1wTnpFVuMv6tl46jG3DMbaS/ZPtGtuHyYU/mI3uCdh667D1zcLOLxdLD52sX0ZE5hDhgrnEss1E5fYRmNhAQHwDmsRm/GPr8IqswC9WcJreTmxOBzE5bSTlt6MraaOstYOWwV7q+zvJrqojKqMUbWIRQQLesLRidPIbj88oJi69hMyyCirbKyhuqBRYVZIryUmRnEMFFfJeSZ4gK5/o1AxCouPwCfHHK8gZ9wALPAKMcfZdi6PvMux9FuLgtRhHryUSiwWpizG3WoahyULWG0nibKDUYi1g+ZoPBUHvM3f527y3RIC1+GX+sfAFsJQG7kr7KwVXSgN35RahMn19oQBr0Uu8s/y/mLv2zyxc/1eB019YJrHC8C8s1/8TS/T+yPyVf5Bt/o53Fv2nGnNUkAnGjF9FT7mdaCugUmuxFFgJthRgOb4hwHoNU6c3sPN+F4+weYQkLCVG0JQueCprXE9DjzGdmywYnbRlbKsdfeMWgi1TmjqMqKhdR0beSqISF6ONVYC1RKbLiExeTkreOvLK1lNWb0xNi5lSg/WDwOpHCaUd1pf8z/Ov+efzb/jt1695/usXgqy7/PrsMs9++kigclagdYkfn34mWdgnPP3xthpPJL5/cl8yspt89tk4B463MbWnheGtkgn2ptPSl8WY2iN6u3pLcd/RfllngEPHhzh6ejPHz/ex+0gxm3fksGkmi+HpFIamUhiY1tG+OYmq3mi1gXlOnRTe1Urv7f5SaAcysVNpmO7J5WvBfHE/RtCTyg+P8wRICqgEUU87BVBtLyD18yC//dTL81/6+fWXcZ4/m5LYIq8lfp6UZVMSkzz7+UX88tOEbGOSn59uFnRN8vSnrbLPQ7K/XXIMWvjx+3pBXAXffJPBw4fxfHbbl4tXnTh+1oWt+72oG/IjqymQvPZg6ocj6ZtOYtOuDLbszmTbgSL2HipjdiaTyUFZ3i3Hp7dAgJVFlVzUC5MDyEwIpq48g86mAlobCqmukh98WKAgK4D66gKKlVuIEhlJwQKpWDKTwigtSKOiOJ2S3BTy02PUbWh97AnzdZZ1o9TbjjqBW7zWh8x4DbnyvvI0YISXcqvOmqwYD8GYCyU50TQowMoKJinUnjh/S8LdNxBgv5Zg5/VYr5+Pl/VSAhwFLz4WRPtbEeZpRmKwHbHBNoI1O0GXBdaGy9RarxAnI1l/Jc6mK3EzX4nHxtW4mK7CdeNaXCzXopF1U8OciQl2ROttS6QAUPk/Qr0sBEV2AitjXK3W4i+IChTEuVjpo/GxFUwqQ+U4EhrkRGigA14uRlgZL8F83TzsTZbjqPTVJVDzczCQYyAg9BQQepsQ4bFe4GirAqs2XyvHIYCyrAgqcmMozpZjqTzan5IoF5MEdOmZJMbFo9GGY27pJNmZNQHBGqIiI0hMiCNNAJQs6zo6OuMfEES4YCgvK5uG+gYamhspKyugpaWetuZ66mvKaG1rplwKsioBV39/P1kZ6VSUl8rnpartsxKTEvD2ErxEhBHo74mfrycZqYmEaYKIjwkjPloSjIQYAV8eTQ1NtHconT6OMrR5htGpWWYOnpX4iK2HL1LaO8OcpQYsWLoOvfWmrDe1p7hNaQD7lE8/OcamiTBJaoKp7vGnqtuPSsFWeXsA1d0R1Mg5V9kZTUmLgL/2xW351NIQKdADBFk+kq35EKfzJzE7WArjEHJKQ6WAjpbMOIL86kjKW2Iob4uhrC1eHWO0siNXCvRSqjtqaOpspbmzU6KXnv4hgckUW6e3Mz2zjYntAsapMaa3j7Fr3wR79k/K8mGGRgbo7uljQNYfHRxluH+Q/7Xy4AAAIABJREFULtlGf1cnQ7K9nqZmtfuDpgqlPVUzXUrtVWOnRJc6ba1sprulkz17DnL9xm0+OneBLcObGWjpo7+lh666RhoLy6nMzKYkLY3S5BQq09OpSs+gNDWJMl0adXn51MqFZ7i/l1OnTsp52Sy/9XASQoKIke++saaD1qY+qgR5bW19TE3tUhu5b53aI1A8z4Xrt/n0zpdc/+wLzl2+xYWP73Lj9kPB1bc8/Pp7FV4Pv1aA9ZQvBV9ffPUD9798zPnrd9ix9wQDw9NMTB1k36GLavcMly59ymXZzsWLn8n0tpSB30ri+4jzl26yc+YgXQKsnq4RWhp7BesC0ZZNDI/tY8eec0zvOMWWrcfYMnmYzRJT00fYtfO4vD4ocN1Cc+s4jY2j5Oc2qQ3a01IrSdZVEh2bR2BgEqEhqUSEpePjF4+HdwxBgQmyTCe/2WRZloCvrOPmE4eLVwIuHnE4uUXJNAZH10hsHLS4eSeptwXt3aIxtwlWbwOaWAagb+yh4mjpKktW69mxfoMLy9ZYsWTlRgkzlq0yZ6WeNcsFTivWWMsyc5as2ci8JSYyb8Hy1dYsW23FwuVmgi4bFsmyVesd5bfvoQJsnbErRgIcUwHWKmNPgZyXulzfxF3+B78XNWTWGswdojC2C8fMKRoztwSsvDOw9s7C3C0JC9ckQVahGgqiAgVamqxeNLkDhOVtwjGwSGCWgY2vDnNBlb55IBssQjCXz9QX0CmvTWT7G91TsHBLlmkqpi6J2AXk4JfQgldMM16xjXiEl+MUVCAAKMMnqgpP+Sxl3je6moC4OoLiawVODSQVdpCQ10RGZRulHf2klDYRHFeEd0gufqH5eGqy8RL8BsQWESgwjkzKJl7KqLicfBKySkjJLSWnvJzimhqKqqvIqaySc7qUxEyBWUIiAWEavIPccJNrhJO3AQ7eejj4rhIgLpZ5BVeLcPBcJMBagpn1MkHyIgyMF8pxXSTHfiHL9OayYPUcPlz5Lu8t+ztvLfkbby7+K68tUp4g/G+1cbtaezXvJRVYSrwy7z8FYP/Jm0t+z3tK+6o1f2b+2r+xcN3fWKz3JxatFlyt+gPvC8AUWL254P+oNVhzV8l7619mmdGrrLJ4DX3rf2Bo87ZA60022Mu8cnvQ8XU5/v+Q7+ZN2Y8P8A5bRJjgKDl/Nfk162nsMqdvzEYSUHsmZuwlMXFkyzY7BsY20t5vpPZzlVO6WsrAJWiiFxCmDAodvRRN7FIpD9fKe+vlWBpT3mCq1GD9qLbBev7PbwVYDwRXX6u1V89lqoDr2fN7AqwrApVzAo+PePbLHYHXI8HIPZm/K3i5y88/3RZ03eXJ0694/PgcF690sn1fswCrjOa+ZHo3pTM5W8TM/koOnGzj6Nkejp/r59SFQc5dGhKY9Ml8DfuOl7DrSLasl822fTls3Zsr6MqgZSheCvsoytRuF0Ko7g1gaDqQU+f9ufmJN198Ea62qfrx+0J++bFBrZH69ecR+R83C6CUGFcx9duzf8Hq190Se1/Esz2yXF5L/KouOyDTfbLPe9V49ssuCeX1fpnukP3dIvgaEnT1CDibBVklfPt1NvcfaLj5mQvnr3hw8IwXPdNe5DUHoKsOUNtiNW2KoWtrMkMzOjbvlP3bVSCFfQk7tuYyIln+xGARkwPFDLfl0F2bTElmiDqMS3F+Cs21uXS1lZEYoyEs2Jv68mwqC9Noq8unMCOCyCAP8jLj1Mbv1aXpgi0tBRkxJEX4CaY8iQ/1JDc1jKy4ANLjA0mMCBKUxZOvi6ZAIlpOnsRQN0p1IWTH+ZKXEkxVXji5iZ6UpgeTHemKv90qgdFyfOz08LZZhY9EkLOBCiylkbuL+RKCXdYJtpSaLRNiBDzKNlO1AiAPM+KCHUiPUZ5kc8Hf0YggQZdy69DefAUeNvqEeW+U9wRW4e7Ea5Q2QzYEOJsQ7mONn0ztjFarTzNGhSiN5S2JDXUlKcqPtMQQysvSSIoPwFm24+duhpvNOrW9mI+dPt4SCYI3Zdig5Ag32Z4dMbK/+anKE4yJZCZHEqUNlOMhqKxUHunPICc9jrLcJCryE+hsKKBNGb6oIpNsXQLFeSk0VshFNzeZ1KQoQoIFrNFhZGekqtCqLCujpamGwuxUWSdNHX+xqCCTnnbBVmEWRYWZgqI2qiRTLC3OERz64upij7O9IFUTTHJCNIF+nthZmeFgZYr+qqXYWW4gyNsFbYA7JnpLcbY0IiM+irBAL6prauXk3ycJzB4pEARY+04wufsos2euU9a/k0XrbHhjzlLeXmwgmXUJM6dvcvmzr7h6dYhds1r6NmtpGlaevg2layyCzrEXA523jyTRMZpCXU8ixc1xAqxwdKVakovCSMwPJT47hOQ8DeklkeRXCkDqUyhtSKOkKYuylkxJgDIlkxZYdSm3/QUr7dnUdJbT3N1EW3c7LYKjxrYu2nsG6B8aY3jTBJu3TDI2Ps6mzeOMjGySGGZ4eIChoV76BFfdHT30dfYz2DXAYE8//d0Crq5eSU4G2dwty5r7GGwdkNejkrQMM9I5yKBARwFWryBquHuQTV1DTI1Ncvb0aT6+dJ5d0zvUdXrr6umUi0tLaalAKo8SAW9ufII6WLMyQHNebCwlqSn0t7XTWt8on93DoX2HKc0pIFrpZd/Pn5KsQoZ6xigrqCE/p5QqQd3Q0FY6O0cpLWuiq3ecY6eucO3mF2rfVKfOXefcxU+5qnQKeutLbn0hQPryB/W24bff/8RX3z7h0XdPBFw/qrcPDx+7JOA8K8A6x/7D5zh77ho3b3yu1mSdOHGZC5c+UwF35/7Xsuym+tTi5MQMA3I8lD618vPrqW0aY1xgNSXAmtx2nPEtBxkRdCnRNyDHYnSPOlWGv8kvaKagoInU5DL5nScRH19InGArMCgeX59wggPj8fKIxs01TBKBKLw8I/H1S8TTOw43zyhBVTiOSpsq5zCcXCOwdwjF0sYfCysfbB00ckHWstEhBCNzPxVAGyy8WWPowhIB0gIB0/xFG9QaqMWrNvLhYiMWrTBX4bRCli1aZs7iZabMm6/P3EWGfLDQkA/nrmPRUlN5T5Yv3MC8xcbMX2bCynW2LFtrzVIBmYIuA/k8pRZplaGbiq/lco4owFpn5IGekRsGZr6YWmoxttRgKNgytA/HRLnF6ByPkSDJ2CGajR6pmDvFYybL7fwzcI8oxzW0FJ+YJqy80uQCHomZo+BRwmCjBj1jfwxlqm8RzBqZ32AViqlDjAotY1nX0C4KU8GbvaDNMagEu8B87HyzBTGZ6u1Dp6B8AV4Gdn7ZKuxcQwvxiS5XgZVS3ENEVgNxBW1EZTfhFVGIhyYXt6DMF+3YvJKx90vFKywf71BBcFSyOspEcFwOCZlFpOaWkF6sDOVVRWZpLbrCKlLk95ss8ApPSiVAq8HD3wVXXxscvEwkBFk+q7ERWNkJrJx8lkksxdZVklv7pbJvS9A3W8Rqo8UsN1gkIBJgrZnDByve5t2lfxdcvczfF/3l38B6RemeYf7/tsN6SY2XJV5boCDrJQHZ73lXIDVn5R+Zu/JPany44o+SPP6et5e8xD8W/l/eWPD/8p6sN1fvLyze8DdWmL6C3sZXMbJ7Q76Ht7BwVp4afAtz1zcFyG9h6fImtu5v4xY4l+CY5cRn6pFVrkdlizHtg9YvcLXdQXBlL2WqC9v2ODM2ZUXPiDENnYYUVK4lQbeU4IgPCYleRGj8CoKjlxCZvErAqk92qRF5lUZKDdaLW4LPf3vEb8+/lPhGrc36TW2H9aXadcPzZ58IUgRZzz77d5cOau3WM6V2694LZD29zQ8/PhBofc6du2PsPtLIpm1FdI8mMrY9nd2HCjl0okZg1cCZiy18dLWby9f7+PiTfq5/2s/lGw2CrEqOny3j2JlSDp0qY++JcnYeKmJgKlV9eq9zLJLucQ39k37sOODHlRuBPHgQyePvMnn6Q4Xgql4QKLj6ZUz+X6WGaqcKqH/+KohSUbVHYp/8/wckDsm+Hlbj+a8HJZT5E7LeSZmelNfHX8SzYwKuE/+aF3z9MisxLfs8JtDq52cB3fffVfDVo3ju3vOXgtCHs5d9mTnkS91QAAWtQZR2aqjqD6NRuXhNJNIn+9M/pZNCroC9u8vYPVPO9Khkxq0pcqHIZqAxkbrcUGqLYgVMSZRmRdJUl0NFSZpc5ONobyqju71ULvYJ5GbEqr28F2RGkZEQQk6yMragwCwjnFAvWzIEVbmJAYIaC1JjA1V8ZcQGUKQLF1xFUFmcQlFWnFywQwRLgg9/B1IjvUiNcic90pFMidwYV2J8TfFRG64vwctqKR4WS3EyXkaomzERHkZqe6xIX3OifCwlm3dAF+1FYaq/RACp0Z5kCYBKMrTyuRq0npb4C7CiQxzVJxOj/GyJFYBFB9kLGpRG8MZ4WOvha6uPneFSPG0MBW8bCRNYBbia4+VkTKCXlfqUYLTWlUxdGJFhnoQHOePjYkSgh6kKurRIX2I0ngR4OaAJ9kMT5IOPmx1ZyWH0d1TS0VRIa0UibeVx1Mmx7qjJpLkqgw4BbY/AqqoggdpSHQ1l6eSlCvCLMmlrKJTjphXgeeLrZoWL/G9rli3E18Wa6EB33OxMsDBezdIFc2TeHA+lU1JnW2ysLbDcaIGxkaGAyQwvZxs8XOzQW72MeR++x8L572OqvwYnSwv8vFwxMdJn8YK5zP9wDk6Cray0FNLTE+XzzIkO9qEwK5WEaEF4diadfZsYUtoW7TwkCclBxvccZfzAeVq3nWGFXDj+8o85WHjHMLz/CrOnb8i5d4k718o5f0orv8FIRqZj2DSTwNiMnKszyYxO6+ibSKNvi07QpVPH+MyriyStNJT0sggyK2W+REtacSh5VQL7Oh2VzYL+5nyqWyuo7aqiYaCUJmW0hsFy6ntKBFdFNPRW09rTTEdPJ83tndS3dtDU3kNbx6AgZIi+vlEGB8fkAj9Ct8Crq6NPEotuuiU6WgVjjR201yvRRVdTNz2CJmVIm00CiLHeTYwNTLF18w5mt+5kcmSSvhbZRkO7OiBzf0sHo519jArORroGmRrazOHZnZw7cZo9O/bS19xGR1UFXdXyPwqyStPTyU5IICcxnoKkJIoS5BjExdDR2EK1XIzSo+MY3zTJocNnyEnJRuPhQVSgli5BXl/3KHkZhejiU6mvaWRoeJr62m7SknJpbOxlz75T7NxznL0Hz3JWcHTj5gM+vvY5nwiy7j34XkWWgquvv/tRrc169N1PPBJk3b33iMsf3+XU2escP/0xJ05dVTsLVfquOnLkPAf2n+G0LLt166Fs8x7TM0dpaR1WOw6trWghJ6tcrclq6RTIbj3CxLZjgrD9dHZNCnJn6R/eTWv7BO0SjY0jpOkqBFV5pCSXEOCXQHRkFgkJRfj5J+LnEy3L4vFwjcTVKRRvr0hcnENxEjS5uEVi76TB2i4QC0tfLKz9MLP2/ReufDEwkt+3uScmFl4Ymnqx3sSH1QZOrN3gxJr1ToIocxVIcxcaCJKM1NosBVCLVljwoaBribxeLOt8KLh678NVvDtnOW+99yIWLBGILTXhvQ/WMGeePnMWGLJgmRkLBGbzZLkSK9Y5CHg8WWvkKfCyY9EqC4Gds1p7tsbARbDlIeDzk6lAzDKIdRuD5GIdhIGtlvVWIehvDFbnldoovY2Bgq5wLNwSMXdLkAt4HBvswtX3DK1DJbRssAxlraBqrak/ehZBgg4v9bXy/gYrrRrrLcNkm4I31wQsBVVKWHtlqLHRLRkTp1hMXZT30rHxzcIhMAfPiFLCdA0EJdTgG1WKf3QJLv6Z2LknyTQDR99UbD0SsPVMUtuV2fkkYe0eg3NAIu6hqQKtDMLi0olIzCYquUBgUEt6kYAtV773jAKJQsIS0/DThOAd5CXAchRcmWHvbYCj3zpB2xqcA/XxCDGU7a/ExnOpwGUZpoIsQ4slso8KsBayVH8eC9fOERS9zdvLXueNpa/wugKsf+Hq/wesuQqwfsfLH77Eq/P+L6/Pf0nw9HtB1u94R0A1R+mEVKZKvL34JcGavL9IgLXw//D+it+z0OAvrDZ/Vb6z1zCw/rsA9g2s3d7GyfcDnP3nScyV4zIHR+93BZ/v4Rc2j5i01QJMQ4rqTWjqsRKz2DIuuJqedWa7wGrnfjd2CLImZmzoHzOlscOAouq1JGctJzh8LoERC1RgKRGVslpgqk9mkSE5ZQb8xz9/eyCg+EpA9ZUgS0J5ilCpwfrtW3X+t+cPJe4LMG6pqHqBMeVpw6//jaxnv3zOzz/d4smP93jy0xd8fn9agFTLyNZU+sZjmd6TwaGTRZw+X8/Fq61cvdbJtU/6+OT2EHc+H+Xze6N8elsBVzMXPm6SC0ADJy/WcuSjOg6ermPmYD4j2xLlIhDLxM4gZg96cOaCp0AulG+/0fH0SRXPfurk15/7BVaCq2fT/KbUTP2qIOqIxFEVUL8KpH5TYKUuP8o/VVAd/1eclNcf8T+/XpD587LvZ2Sd0xJn1Pjn87Oy/Ni/arj2CrJmXtxS/KmXn57U8fj7bEFWBPfuB3PzdjCnL/sxtT+AnkkNneNamke11A1qqe0XLA3F0TIi0NqSzOT2XEFWFUcktg9n0l8bRU91NPXFcTRWZTLUXUV3SxnlhWlUFekozk6guaaAlvo8dAlBVJWk09tdSVOlTnAVovYtpfRzlZcUJBm4DwGCkWStB7oob7KTgilMDyc/WSPL3IjXuFCZF0dzbQ6VBUnkJASToHFVxxbUem8kNlAwEu1CrJ+FwMmMcC9z4v2tcTaaj+Xq93EzX4qv9So8TBfjumEe7mYL8di4lEhvc4mNpGpsBGhOpGid0EV6Up0fK1l+FIkCn9T4INmXeEpy4gUM7kSFuBIX7kFMqBtRQY4EupoJ+Kxxs1qHrclaApwtCFXGIXQxw8fZGC8HE1xtjWR9V/zczNTbhKkJgcRH+xMR5kNMZAAJUUGkxsg+Z8RQIVjKTgkmOzFQjm2sQLaEgZYCmqqyqC+Jpzg9SP6/CDb3VTA+UEttSaoAN5mWinTBVwqVuQmU5MbLcc6kVr6LxJgwYqMiBD3phGhjSUzJwD8gEH29dcx77z0+mDOXhYsWsmjhAt56+wP++N8v87e/vcobb7zOO2++jtF62SdvN6wsJMNesZzlS5cR5OVBfEQYAf7eONhZYW+9EVc7S0IDfcnNLSAvL5e8HB0lRYUMj45SW1tDb2+v/IZmmZzZrT5BOL7rGL1Tu+mY2k/V0D48InJZpG9Fw6Z97Dh1ky37z3Hr0wN890k+965nceJEAjsPKJHO5G4dE7MZTO3KE6hlMyRJwMBEFo0DaZQ2xZElsMqsiCanRjBfEUpGeSgF1TEU1aZQ3phJVUshTR31Ukg109TfQMtgHW3DjTT216hPKVW2lcg6ldQ11lHT0EJtUycNApJmgVBH2zBdnZvo6hIQ9A0z3D8qv/0hNQYERT3tvYKXLrobBVeNL6a9jZ2CqF56WgU1bYMM9m5hbGSarVtm2DI8Ie/101bTTGtlI331jQw3NtNdV89Aaycjgi1lWBzltuK2yR2CkyN0NrXSkF9EXXYeJbp0qrOzZZpGUUoqpalpkvTkCeJGqCuvoiItU5KYHE6eusDe/ceJC40hzNtfhdWUHPu2pj4K0uQcjRGgpWfR1NhHQ0MvpcX1alut/oFJurs3s2v3CY4dv8KJ09f4SKCkNG6/fvsRdx5+x8NH3/Pgq8dqNwxfffOE75RarUdPJCl9wFEB1vETVzh27AKHBVfKU4Az2w5w8MApzp79mI8/ftEre0fnmGCph9amHjLTitAl5pObU0Nr2xjjk4cZGpmlpWWUykpZp30LrS3j1NUMUFnRQ1Z2HRHhOsK1OvlNxuLnG41Gk4yvbwz+vgn4esUJqsKwtvbByTEYe9tASSJ8sLT2V3FlYxeszhsYuaBn4IiRmQcmEqv0bNVaqJUyXaMv2NngqdYkLV1jxbI11sxbZMQHAqM58w3UUMClTN8XMM1XkLTEhMUrzPlAXr/93gre/WA5/3hnkcQS5i42Vmu73v1wDe/MWcN789cLqkyZu+QFruYuMWahQG3FOgV0XqzQc2TBCjO1hmvtBhcMzP4/qu4yvo2j/Rf+eX3OKXPDnDiOY2ZmZmYGmWVmkNmyZWZmZortMDXQNE1Tbpq2KWPYsZ30d64Z+b7/z/NiPrvaXa1W0krznZlrr/Xm2FInBKroe0CbkKVh7MtxpEFF2yyIprTMyJeW+1MDxofQFEiVeRiVUOhaBEvXmfpxjGmb0vunZZq0raqRD3+ukpYL1Ok9G9hFQIfApWUayPerbU5wswmHiVMizF2TCVcZMHdJgiEhzcghGibOCbwnzdxdCBufVHhEFMI3phRuYYVw9Cd0eafw+DEbV4IUC6x3i4cNAcua4GdLxdxRQACKhlNAAlyDCcnhhKdw+j4JWxEE59hMMeKzxIhOLSZ0iBCXLkK4MIW2CYcXNVDdgtwJZ/ZwpUawd7gLfAUu8I6wg0ewHpx9VQleqoQ7dVg4qcHYRgV65sr0GR6HovZRHNM8DBnVfdinsoOA9S62HX9zq/fqtf+maOB5sGj6nswreJ/Ke4dfwvajLxOwXsEuOdZb9TIOKrzCe6r2Ebj2sqFBKjvl/jd2EbIOa7wMBYO3oMHSOFjv5FncLT32wclPBl6hx+ETLg/vMDmaP0rvR5belyyhSJ5AqU3/Y6aoarVCe58dhiadMLvsjqWTXlg+643V8744ccYTk4v26B+3QkOHHgorNZGYpYSwaDkERR5HSDSLw1JGVJIaEnK0kF6oh9xyAwas3/Hi+a98eHDz+c8ErV+l0Hr+mzQWi89LkfV882ceBP/ixT/4d1OKrPX1O3i29jWert3Boye/4MGTn/DdvRGcuZSLgYk4DEwl0EHm4YOPyvHxF9X44utW3P2un1pjg/jp5yH88us4fv19glA2gDt3evD1nV58/nU3bn3RgauftOLyx604e7Ucy5dysPJBCs5fD8GHt1xw5643/vhDyIcF1540YX1tkHA1SbiaIwCtEIYu8p6o58+vcSi9YD1TGwSqzcv0vi5L5zdoOUPU1roXBKt/12/Tsk9ou1v0+GOap+kmLafyYuMqf/7zjfO8J2xjfZFQN0qv3UnHUMWvVvznnyT6E4zD3XssXYQfli4EYXw1BP3zEeicDEVVbwhKmglanQloHkzB0LQIF8934ur5DixNFmOiIw1TVJrLI1EnTkd/pxi1kjw0VFHrtyKHKpNyNFUXoiw/GaJUASQFiQQIAcqzYwgPQSii+eRwV8T42KA4LQQZBCsWd5WfGk7bRfEemQSBD+/Jyk0NQ1qUD0oJOSV58cgioKRFulPrnZ4X6YYoHwukhdsj1s+U5k0Q7WuCSE9WTOFnrw0/Wy14WarC00wJflYqCLTVhI+VOnysNRDoYEDIMkdevDcyCXoFmdF0/FTRVOejjLBTJ8lFV0cVerpq0NZUirysGI6hmGA3RPjb8Szzkf5OiKJpgJs1fO2N6PV0YakjB0cTFTiaqUtzYHlbEVTsEBLohYiQAMREBCE7Iwo59N4rCoWoZDfOzotERW4UWiUZ9Lkm8SHYdkkKJLS+tS6PKt90dNUko74sAT0NBIvmfPTU0/HV5PObcrc3V/D8SmXiSnQNTWBs/gzGqDIbJMjUdPUjs7QJYbEiuHmHUIvcBmZWbtSK94ONrQMcHeyoYvKjFr8PvNzdqFJyR3ZKIrJSkuDnTRCMjCQcBsDTyR4ZSUlITUmAgJCVlpxA7yMFqUnxyMnORGlJAXp7h9DR2YVWwkFH9yCmZ1Ywe/IyZqmCH56YQn1rOzqGp1BYXY/a/kmUds0grqQNSSUdGFq9juHVqzh15QYe3uvD2r1MPPq+DL98WYoPr2fj9MVczJ3MocZQDk2LCFlFGJ3PR/9kHloHc1DZmoLCungU1ggJWLHIrhQQuCKQVxWHoro0AlY2xPUi1LRUorGjATUErfqOOjT30rG0SwhWpQSxIuSXF6GotBzl7IbCNR0cHs0ErJZGKk39aG3tR3d7H0a7hjDRO4oZgtJE/ziGOgcx3DGA0Z5hPmXDf2y4b7B9AL2Es/62QQx0DBHIRjDSO0UQGsdIFyGN1nfXt6Krqgbt5fTbKSpCi7gCHTUNaK6sRVF6PuE6FxPD4zixcAqNdFyFqVkQUcVSmpaOakJWlagQJbRNTUEZFmYXIBYRduOESAwKRR5DFoFmdnYVKTGpSBLEoamOPu/BWYgLJShKy0RGVBTShfEoEFWgvKwRrW0j6OmdRmFeOcGyi6CzirmlS1g9fQ2nz97AlZt3qJH2B08iev/BE/zxpzTg/ZffHtL8Q/q/vM9vmXPj429w7dpnOHfuQ5w+dQ0To0uYGFvE6ZNXcZXFaN36BhcvfITWlgHUVrfT61UiLTEPqckiZGayRK2LGB0/jc72CQJWG+GviSA2jJrqXuTn1SEtjfVgUSUbloTAgFh4ekTA1SUIzk4BNA2haQhs7YNgZOZBkPKDtU0AzM28YWrqDiMTF5iYe/OiZ+TKUaWt7wQdA2doaNtBUdUCyoQpFmelrGnHhwVllUxwSE6f9zrtOaSJXQfUCVb6fIhQRtEIuw+qEaa0cETOgGNr/yE1HDisjt37FbBzrxwBSx4HZXWw57AmbauOw8cNeDmuYsmBxeYZwI7TaytpOhDonKCk7gAFDRs+TKhCRcPYFar6jlDRI2SxnjVCmLqeJ019oGbkB03TAMJQIFR0vaBMy48R0JT03Dmc1AlWmgQyZV032p8rNOmxmq4HtBjIqKjRYxV9L3o/9J51nKBtGQw12q+qgbcUcLR/BjRDm0gY20fx+C0j2wgYsKFKWwH07SJhQJAztA2DlTvhNiCTsJQJS89kglgcDGhbM6cY2BCurN0TeFC9jTvNu8bDyDqAuWeiAAAgAElEQVQYJjZBsCJgWblH0XoBXH2EcPaOg0dgCoLi8+EXk4Xg6GxEJhYgOkUaqyVITEVIZDQCw8IRIAiHf0Q4QqNjERofh6CYUHiFO8DFXwtOPmpw9NOEvYcWrJw0YGJHwLJQgYqBPOS1ZSBLwDqithd7VbZjlxLrwfr/A+u9ozQlVL0r8zLeP/w/ZTst20nb7JZ7BfvlpcA6qPgKj7diZQ8DFuFqj8L/gYzWq1A2fgeaZttgaL8bFm77ec+VV/Bx+AkUEBTNijwCIuX4VJCoyPNXZRRoQlxniuZOK/SPumBm0ZdwFYjl00FYPRdE/41BOHk+CAurPhiddkVHnxXKagyRnKHCA9yDoo4jMFwOwRHHER6jhLhUdrsdHWQUM2C9uM+BxXuqNn6WQuoFg9YvtPw36boXbP09bG5+S8v/xL/P73N8bWz+gfWN7wgYd/Bk7Ts8XvsNfz/8FLe/KMP8aiJGppMwsZSKU5dFuHm7Gl9+04hvv28nTPXTn8Uwfv9zDH/+NU1/GlMErTFaPowf7g3j7vfD+Orbfnz8VSeuf8aQVY4rnxTg1pciwlc8vvk2AD//HIEH/2Rj7VEN1p/28t6kzWeLBCwWR3VhC1OEp+fS3icGqRebBCSOpKtbj/+z7qoUWJsfUblN74+QtUGFsPXvxqdUbnFg/bt5Q/q8DTaEeFEaq7Uxj/Vno9KrEp/U4umjEty/n07vLQ7f/RiIW5/74fJNfyxfDqaKUIDhxTi0jyShsj0G4tZYqrwyML8kwfkzLVicrsCJGQmWqEIbbRSiqzqJKosSdNRloFGcisbyNNRXZqNGnIPyghQU5yWiv6eaxwjlp0SiQZzJb7dTkBKEXKEfYckTwmBniBKCkRrhhcocdmuOEMSEeCI7KQIl+fFU2YchPdKLnhNC67wRH2SPNIEzCpL8EONriQgPQ96DFetrStAyQ3KoHQ9mT2IB7X6WiPe3QBRtE8TBpQZfWw24mqrAx0YXIW5GvBeMDVMWZQhQIYolEMaiODUIlUVUUaeFIodeV5QRjuzUCJTmJSAzIQixIc78XoexAXYI87RCsIclvxLR01IDNtQiCnA2gberNTzdneHiaE/AckS4rx0duyO9nj1yU8KpQsnnt+SpLUtGF2GppjgZrVWZGGjKQ1M54Vacht4mEfpqUzHQkIG+hly0EWKnR9owOtCJuflpzCycoB/XFZw8exYjU1Po6u9F/0APqquqkJ+fDx8fb6hraENfzxKCkDDERwYg0MeJsJiM5tpKtLfUo7GxGp0dXWhqbEV9XTPa27rR0dGJfFEu6qqpwi0uQKEoDyUFWairLKfKLw6JCUKCRwMKCkQoKy1EVnoSCnIyCFklqOOB7Z1oIkw1t3ahm8DXOzZHLa8h1Da3ELBm0D02j5KWEaRVDSA8qxqSnlnMX/oUgyeu4POvbhKsCvD0biwe3hHgj69i8eUnWbh8tQArFwqxeEaE+VMlVMowsViKwalCdI7korY7HZUtKRA3JqGoXkjYiqNC09pkFNelE7ByUFqTB0ljGepaalDdVEPHU4u6VoJWWw0a2mshbpCgoKwMJSViVIjrIJG0UmXezu93x4DVSRDobOlFdzMLPO/GcDu76fI4pvrGeEzVRO8I5kenMD00iXFaNkllom+Elo9jdnialwlaNtbLyjhtM4qJoWHeY9VWIUF7hRhtZSVoE4sJ0A1or60hQIvRQJ9rLeud6uzBmZVT6Gyl7ycxBXmEIklGJu+5EgmTUZiRjbmZOWrYpFHjwRfhnv4I8fCFuKQGNz/9AlNTS8hIyER6fBL6CbjtbQMozM5DdJAAAe7e8PfwR0x0KorL6DzonkMjgbIwu4C+ezH6B2dwYukiFglaF658Rv9zvxCi/uTZ2hmqvv/xT3x/72/8To//JHD9+fdDQtcf+PSz7whTn+LypU8wzxKEdo9jmsB26tRVXGPpHK7extDQHH3eLWil12uoaafzswwJcVkoKqhBL50bA/3zqK3tpW3aUVzQiPycGqSnliI+NgdRURkIC0uGv18sXJyD4GBPkLL0gL2tN837E7ACYWrhDSNTDz4EaEagMjJyhp6uNfQMnPhVf3rGbtCmeXmCjbyKOTR17Kk4EG6sCVaWPBCd9SwxXO05QrDar4o9hKn3diti2y4F3lulqGmDw3KG2LFXmeClhj1Udu1VwO59Stix5zi275bFzj3HaJ0qduxTxS56PoPWUSVT2r81jhCsDh3Tw/4j2jimZAZVXRfIqdjSvAWOKVtydClqWEJJxxaadMwqLDZL343w407YcociQ5OBJ0HIDyqGXjiu7QZFPQ8c03SEvDqBTNcVilrOBCsWlO9E78sBcvS6xwlTDF6K+p5QYEXHHbL0uqwXS5OgpqxD+9FyIoh5QVWPMMcx5g89QpWhVTgMLcN4DBd7rG8TDgMqZi6xsPVJg71fBiy9UvnwoTEtZ1crmjpG85QQpg7RPKjexjUBRjZh0Db2ggFPcREOUycB4U0Ac8dw2LoI4OKTALegZCoJ8A1PQ3h8HuEjC5F0LgsS0miagehUWpaUi0jCeWRyLsLp9+BDDXXXYFPClQYcvFRg703/z26aBDotmNqrEhZVoGooDzkClozGQRxS24O9ytuwQ/EdbJeXxmD9N4P7EcIVgerdwzQ99BLeo7KNAevIq9hN2+w/TrjaAtZ++Zf4lYP/AdZu+f+DfUovQ1bnNQ4sbYsdBKw9sHLbBzf/o/AOYahSQFi8Eh23CiKESvy2OEk56sguUEehWAfVjabo7LPH+KwfFpaDcOJkCE6eCyVgheDU+TCcvRhDjyMxtxiEwVEPNLY5ISffENGJqghkwCJc+YfKIjxaEfEpmrRvXWSXmrAYrAe8h0qKrO+ofCstz38gWFF5foce03TzLpXPCVk/gaOMxWE9Z8OE32N9/S4er/9IwPoFP/86gnNXEzE8l4SxxTQsncvGpRvFuP1VPb79rgP3fu6nP40x/PX3DP65P4v7/8zj77/m8Psfk7z89uc0fvx9Bvd+ncGdH0Zw+5tu3PqqkVp0dfQnU4uffymi7TJw/+8cadwVHxoclw7ZbeGKg+n5Nd7j9OK/Q3xbvVX/nyE//vj5h9JlHF5s3YdbKLu51YP1MQHrNu/Z+nfjE75+k/d4XeSxWxvrq9J4r7VBQlY7TwPx5FEBHj3MIWgl4s8/ovHTzwJ8/m0YbnyajKu3Svhn0jYUjqqOUDQOJKB/PBerqw2EqwrMDRZgYTgfI82J1NoOR3tlElUwRWgoZakE4lFNUKitzEJPexVa60vRUldCre9GqizyqaUdQ4iKQnl2FGryhShLD6dKIgA5Mb4ELE/eW5XCsvL6ulBrOxjZyeHITQ7l8Vr5aRFIjQ1CTnIEKnJjCVjB1EJ3RICdHsdShJc5cuNdCFRmSA23QWakA78dTri7Ee/hYrFYLCdWlJchX+Znp4MgJ124mCggkObDXLRRmhmEirwo5CcHIi3Gh8d6VZYko7osDUXZMSgVxaGyWIh6gqS4QIjsxCA6Xk+eGDQ20AYR3tbwd7OCINgXUcE+CHS3gKetNg+2d7XQQBBBLD7Mnd9mSJQVhxpJDrpaSzDQUYqmsgQUJ7lDnBmMmsI4dNbmYWaoA0szw5idm8ToxCROn6fK7YPLmJgchqS8CO2N5eisTkMFfZ71VcXo7ulBP+FlcGIe5VU1iImLR4BvAKLDg1BVmosMYQTyMxLQWluGHkLGYG8bKitESE1NwNDwKAaHR9DV3YuGuiqUiLKock0jlAUhzM8Vfh6OiArzR2w4oTMrDQWELpamIdjfiwe7u9qaIikmHOUErjYCWh6tLyzIR1fPAL9asbisFFX1zeidWEbL6CKKmiYQV9iO3MYRdM+fx9ipG5g+fQX37t7C5l/DePRdMh7ficH9O7H44ctsfHKLGjEfVuPcpQosnS7FwqlyzKxUYGSuFJ3DhMGuDFR3pKOqPQ3VnWmo6UqnaTpqOrMgac2BuCkfJXV5qGwuRXWLBBV1YkiqKlFVU0MQbEJzWystq0OJuArl5TVU6jmwqipbUVvVitbmAfR3jRFyhnmM1CiBiiUGnR2cxGT3KAYIXUNt/fRbGKfvjZBFyxmkhruGMdYzwmE1SRgbp/nxnlHeezVMYBqh76yHcMsSiHZLKtBeXkZFjO7qWrRWVqKpooLOjXI0F5egU1KDWYLqmZPnMD8xhbbycpQkJaE4MZEHupdmZtB32gtRWjr9niIQHRBIDY8AxASGEaTbcev2FxgcmkVkaBSd15U8t1RtTQcS4xIR4OkDb0cXeLh4oKy8Dt19s+gfWoK4rIHO2WjkpGajq2uIYH+Gp2G4xXJcffkjTyR6l6DFAte//vY3Dq2ffr2P73/+Cz/+8jd+pMfsasIrVz7FhXMfEQBPY3JiCYtsP+c+xKVLN7G8fAltbUMQlzeho6mXUNmCvJxSiPIqCPJ96O+bo+kAz3slyqun4xUhLjoHEQQrP98ouLmGwstTAEd7X1hZuMHczAUW5q5U3GBp5c2HAU3MPGFAkGIxVqxHS1PLmooNNBim9Bx5vioNXXscIUSxIUBFgpWCmgXvtfpPfNRBBqCjOhxXO3cTnvYqYdc+ZRym5fIqhDNVS4KTOt4nZO0gWG3feQw79x7He9sP4/0dRwhactixXwnv71HE+/T8nQdVCTmEJzVr7DuqhZ0HVDjgDskZcPjIqzngiKIZ4c6UXlufwGVGx2EEDT2CkqY9wYe2IUCxHilFgpO8tjMfNmRDfXI6rjiq6Qx5AtIxNXvIKlsQ0izpfdnS+7Kjx5Y4woYy1e0Ic25Q0CRg6kpRJqvG4r4coGHqT6jy5BhTJXip6HoQ3rw55PQsQ3hPmS4VLTY0aR5IuGKB8ZGwdBfCmiVO9crgVyCyOC8WuM96u4ztIvkVkCzuy8Q2EiZ2UbSfAKjTvnXNg2BsH0H4ioCeeQBMrINh7RQOBx8hnPyFcPCNhn9UqjQmK4UaBsn5hBFWRIhIKUZUWhkVMSIS8xAWF0fbesMvwhYewfpwDzKEi58x7KixbeOuDysXQxhYaULDWBFyWkdwTPsIIWs/DijvxC4Wg0XAev/463hPloAl8xrePvIy3iZUvX3gZbxz8CW8T9B6n9C1XYaAJfcq9m8ND0oLzW/FYe3ZisPar/wSjum+DiXjd6FtuR3Gjrtg73kArgGy8AqVAitcqIzoJDXEpaoiNUcTOaXaKKnWR0W9AepbTOn36IbJ+SDMngjA0ioDVhjOXIjF2QsJVITU0I7B/FI4BkZ80djiisJSayRnGSBKqIbQKEWECOQRGa+MuBQNJOfpQ1RpyTK5PyJQ/AFpLNZXBIcvCBZfEKS+kiLr+fccWC827+DfzS+ofEXbst4sBrK/aft7eMYSkj77Dn/fP4XPvsrH4mkhhmZTsXA2C5euF+Lm7Up88U0TfvixD7/+Nkm4WsCDByeoLOHB/UVe/vmboEXl/oOT+Ov+KrXQFmnbCfpzGcB39/rwy+89+P2vLlpeh3/+EePxw1o8fdKOZ2v9WwHtJ/iVfrwn6jkD1lXp0CAfApT2XL14LgXWi+c3qBCwNti6D6UI29jablMa5M6HEfn0Qz5M+HxruPD55o3/WU+YY4HvLJj+OetBWxsh7PXwPFvrj+uw9riSsFVE0MrAb38I6c8xFl98G4srH9MXdTYQXZN+aBgMR994ClZOVePEYhkme7Mx05+L6V4RRtpF6KGKa7inAlVFiehuKsdgdxUkZeno7aI/6dYK1JZloLEsGZVZAjSWpqC7oQjNkmwCkj9y43yQLnCn1ngQMuNCkJcajZKcOCRF+yM9KRIScR7KClKo4vanZSzTuycSCWJlObEozopGaqQXsmL8kBnPbvxsi+JU2mesMyHKCGmRLsiOdUOIozYiPYyREmaHaG/ClrcRj8FKDrVHoLMBrHVl4GujiGBHDcT5W/EhyGSBJ0ry4lBGkGuuyUNTdQ5BL4j3PuWnBkBSHEfoSkISSwjK4reE/shIJZhlJyM3NRYZCV5UqVlA4G2MqABbhHtb8bQOMTQv8DHjPXDJAhfkpwehQZxElXM2v+djR7MYw6PjmDuxhNMXL+Hi5Us4uTqPqYleTA23YW6onirhBEiyQ9FGxzQ/3oOZ0W7Mzc3hzOUb6BseR0UFVcbN9egdHEXXwCRio+NgqqMEOyM12Jrqw83ZHtGEv/TYQIR42cDSWBNO9pYI8vOCj5sN3BzM4OFqBxsLY3jYm8PXyRIOdnZw9w2Gqak5nG1M4ePuiHCCVV5eHoJDQuBub4HsJAFPHyEuL0ZRSQHihTGoa25B5+AYOhja2trR2DWApv4J1A0uIr9hEn5xBcipIhTOncPoymUsnrmCnz6bwIvfSrH+cz7WvidgfRODX77KwjeflePGhxJcu0rIOl+OlZNlmF0SY3SG4DGUi8buDDQQquq7M9Hal4e2/nx0jxTQuVuMjv5S1LYWQtxQQMAqQ2WLGOU1pRBXiFHFhitrG2m+BqKCEiqlKC2tJWA1Ej6b0VzdTgDqwlD3BKbGFrE4fQLLU4tYmV7A6vQ8VqfmsTg6hwmC02BzN/0mBjA3OoMlFmdFwBpsG+QYG+8ZwlB7H4ZaezDQ0kXLe9DX3EGQrkdHdQ0GGhvQSaCqzctFfX4O2stK0FhUjOq8AoizclGamoOq3EJqXOSguqAYCxPTOLW0SgCrRkVWJqqyM9EhqaTGzAj9NrLo3I9BSng4YvwDEB8ciNSYBH613kc3v0BX5whCvEPQ0jyIkZGTKMqvQEJUPLyd3OBoYQNBaCTq6zrR2TNDZRrZ6QUIo+8/hqBVX9uCU2dv4vpH3/KbMbP7Dn5N5c7d3/Dtt3/g1id3eUJRdtXhnW9/xS+//IU7d37G5Q9u44MPPsalCzewuHCap4eYn17B6omLWFpmOa/OQyxuR2lhNeqq2jhq83PK6JwqQllJPaqrOgm7XSgpbUNaeiWSE0sQGiyEn3cEnB39YW/nAxtrDw4sM1NnKi4wNXaBubkXD1g3MPWAtr4UUgbG7nxYUIceq2vb8XQKyqoWUKN5FmN18Kguh9QRghab50N+hKh9R7V5r9NeGS3s2q+CHbvkeRyVDG0nq2DEg9wPHjPAtl0MUHJ4Z5sMtu2WxbvbD+Gt9/ZzQO2j/W7fR8+l5x9kQfJs2FHeEDtYj9iu47wHjGHqmDK7OtERh5QIQvLGBD1TPgx5+Lg+h5KGviuhyhlyBCw1QpGCljNHEuupYkN6DEqHCUnHtV1xTMMBhwlqRxRNCU82OKZih0PHzQhzWgQ8G3q+CxQ07KDAkeZK+6R9aThDzdiXXsOVY4/1fh2n1zpOYFMlZGkRvnQIVboWQVDUdYcWIYld0WhoF8GvUDRzioWpYxyM7KP5NtpmhFxabuIUy3uy2LAii/1iMFMxcIe6oRf0rKRXReqaBkLH2IfARd+dXQDMHUPg4B0NX0ESQuIyEJaUh8jkIoQJi+AfmYdQ+h8JTyxDeBLhKqkEgkQ2dJiCqJR42sYPQbGeCIzygG+YM9wC7eDkYw87dysY2egQsFTotZXpPSnjqNZhAtZu7FJ4H9sIWDsV2FDh27z36p3DL+HNgwxYr+Dtgy9LcUVll8zr2Cf/On1Pr+GI8us4rPwqzb/CC+vF2ktlt8L/xT6l/wtZndf5bXV0rLbBzHkXvadDBD85+AgUEBqvRGBUQ0KaBpKyNZBdpMOH+SRNJqhrM0VrtzWGxjwwvRiIed6DFYbVswKcvZiA85dS6TeZgBOrMZieDaf/fh/UNjijtNwOeYWWEKbpErCUEErAihKq0mNNpObqobTKhgHr4RawWKzVXWwQpDY3Wa/VNzS9i+cvCF7Pf+Lg+nfzM/z7/FMen7S++TVt+wPWNz7F02c3cf/hAs98fv1WMuZPx2P2VCYuXC/Gx5+W4ctvGnD3h078+NMg/vhzFv/cX8HDh6fw8NEKL48ensAjwtbDByt4/PgcHj86gwcPlwli04Sscfzy2xD+oFb3P/cHaXknbd9CcGG4GuQ5rTbWZ6gsY2ODsLNxjo71Mh3bJWw8v8TnpfFV0qHB/was8ymVjetbPVsf8CB2Fvwu7Z06w3vDNrd6w6TDjTekOGPPYUHxHG60zcZpvKDXf76+SGWWwDdM2BrA87Venotr7XEVT3z64O9c/PprNP05CnDzs0isXg5C30woWgfCMD6TSpV9GVUwBZjqyeZXFE4OSjDcW02oEqOtPgutNVmoF6ehpkiIotRASHJYxvVIlOdGIy85FJ31pZgcokpLkoWyjDDkEoyyY3341XTRAU6IDXREWVYkKkVJSI0LRgqhKksYhnJRCsT5qXx4jsVhseSaeUkhyE4IRkGG9IrEdAG7tYw7vS7hTOCIhCBrJARYINrLgIClR8UAQYSoGG9DBNqowddKBU4GcvCzUoKPtRKsdY7AWvswj88KdmOxUxZIjnAi/HlR8Uee0B1JoWaID7FEQbIHSlK8kUGAy0+LhignFUW5MShK8UFRegAayhNQSu85PzMK2WmhSBSweyPaIi3aGTlCb1TkRPHEobVliRjobsbE5AQWT53DyoVrmFuYQ3dHFQbbizDYmIrxzhxM0+c80VNOn3sJRrqrMTk2hMmpKZz74DpB7AOcvXyVfnAr6O7vxdjcIuZXltHdVksVbyBCnbXgYmeBOKpgC6hyNtJWg7Lsbtiba0JZUQ7vvfsuXn/1f+PIvu08/iohOQtB4dTC1NdBREQUcguqUFLTA7/gSNhYmiIqgr6TtERUVtVD0tCF9IxUngKC9ajV1tWjraMbHX1jhLsB9AxP8OHAoaWLaBmZh6RjGHVDCyjtWkRoZh3ii9pQ0zeN4ROXMXXqGpbPnMVf31AD4KdMbP6cgvV7Qjy6G4efv0jGV58U4MPr5VRJi3HhYgWdi+WYWyzF2HQxeofyCFE56BoU0VSElp58tA2UYmhKgvH5GvSPSdDYXoq6RjGhrwp1rdWobayGpLqKJ1GtktShsLAUuQSYAlEZSktqUVXRSrDuRFd9F0/2OdU/Tef+SZxaPo1zy+ewOrOEhZEJLE/M4PTcMlamFjA/MISZ7gHMjkxibmSGGiNjfBhxhGA5OzSO+ZEx+h77MNrWhsGWFvQ3tKC7ugFdNTXorq1Fe0UFJISlosQEiIQJKE9L53muKjKykBefROd3DPLj4pEfE4s8aqH3tXfhJLvPGx0Hw1l3bQ1Wl09So6AewiDCVUAohCFBSCVoZdH+KkrpvOqfwZVrn6KuqQ9h4UJMTS4T4JdRXlAJQZAArrbOvCdLGBmHutpeDA2voFLSgVhBIoLcfPk2g8MncO2juzzr+sef3qX/z594MtFvvv4V1298hatXb+OzL77nt7r5lqB170cGL5aq4SauXvmE91ydOnkJizMnMTU6j346BwaHVtDUPIoiOt+KRdUoK65HEU3T43OowZLN47NEuVXIF9UjObWCp2SIiUqHp3sIIcoZxsZ2sCZgWVq6wpyAZWLoAAsLTz4syIYIWdJPdR17KKtbQV3Llge267OcU7Rcmw23sTxWaoQsPQcepL5zvxrvjWIY2kOIYrDayXquDqhhGy3buV8V2/co8CG/vYe1eJD70a1A9d20zfu7j+O1dw/gnR2HOa7e3SGD3Yc1CFUG2E7P3X9Uj2BmyuOuDhC02D7f36NEyFLgr8t6l2SUzCBDAJIhYMmrWXOMsaHKwwqGUGe9WIQdBiw2nKdiQMjSduLYYfFXijruOEbLjxCmZFTtIEfIYvs6rEyAVDCnfVhgr6wBvS9tApQF70U7pu5A29tDXsuVDxsq0b5Yz5eKNgu0t4KsqhXtnwBH61QJRAxHLOaLxW1pmQVCjwXC01Sb4KTPU0iEQYeWqRP4GJxMnRMIYLHQsw7nQfPKBCt5LSfIUdGzCePA0iS4adD2DH0aJq4wsPGFpWMQPIPi4RuZAs+wFHhHZNF8PoFLhICoEgJUGQJjCNxCMSLTJIhMLUJkShaiUtMRSY2+yJRIAlcIBAkhCIoJg1dwABx9XGDl5gBjG0vomRpAWU8ZMhqHcEhlH4FoO+HqfexW3IH3jr6FtwlSbx1+GW8eehlv73+NkPUq78HaxoAl+wb2KxCslF6HjPIbkFF5jcrr9Dm+TssJWOxqQioMWDJaBCwDApblezBz3cVzXPmEKiA4RgmCJDXEZ6gTrrSRXqCLggp9VDQaorbNhHBlRf+n9hie8sDMYhD9vzNghWL1TCQBKxFnL6Rg9VQCZuejMDIeio4eL1TVOKOo2BaiIhukZlFDP14TYVHKvDcrIU0LGXkGKJFYszxY97eA9RtNWezVPZr/kaZ3ObhYLBbryeI9WpufEkY+5dPNzc+xvn4ea2vLhKIZ/P5nM774pgwffpKLqx/n4PKNQnx0uwpf3qnHd/c68dOvLO5qhIA1g3/+WcSDByfpeaeprOLRoyU8JmQ9fiQF1pMn5zi82BDiX39P4c9/xvH3/UnC1RitH8azp4NYe9pD0xGsP5vBMxZsvrFMx7NC0GJX+bErBk/zPFfS6cUtIF2h477ChwD5UODGf+KyLm+lamC5r05Jy8YKj7HaZFcgbl7iAGPb8p6v5zc5tPgw5PMrW4HvF7dSPpzC82cELTquTT50OYj1pywIvgFrj6rx8J88/PJrLL7+LhbXP43A/KlAjM7EkowzMD2VhdnJAswPF2FuIA+zA2WYGqjGWJ+YWvl5qCtLRW2xEMUpvshP8ENteTZV9GVoqMpGS20hhrsq0V6dAUleJC91RWxYMZEqAHfCB4ElxgelObHITYlFWkIEEqOD6c81AlmJEagsTEdTTQGP6yrMiUdRZhxy6AdTkhlDlU8w7cMDpekRqBFR5RPvzmOyUsPtkCVwQLbAHnHeRrzEeBoSOgwQ5WkOfxtNgpYyXIwVYatzDK4mSvAwl4ez4RHY6x6GDRUfK1V4WSrD11EfiQS42LurwrkAACAASURBVFAHwmIQHRfBSRiHlIRYhPraISHCA1X02o3lSWiqSKP3nIO2xmK01lPlkO6DmGArFGYL0EGVe/8Au5XKKFbOXiYkXeVZwsdH2zHcI8bMaB2mRuow2FWCOZqfo/nJ4QasLE1heWWRflBXeNzV7PwCPW8ZZy5cxLlzJ9DRUgVJSSZa6HXZrYSqcwLRXpOLzs5OVDZ2IlUYgRAHPdjRn0lmega8Pb2wb99eaGtqIjQikn5sLRibPYu8ghJ4urlQy6cSvZOnUE4AYVckBvm5IT46ArlZhMmSclQ19RJKCqilVIfa+kY09w6ioaMfjW3dGF86i6G5E+idWkLv9Cq/GWz90BxKOyYgaptBsmQQoRnVyKodRM/CRYycvI7R5Uu4dpUaAvS7e/pzLdbuZWHzx1Q8+S4Jv36Vgs9vpOGjKwW4fLEEZ84UY/lEIWbmizA2UYTR0SL6YymnFl4V+kZrCFcStPdXYXS6ERNzzegbqUYznXst7XXo6mpFd2cX2ts60NjQhPraJjRQaalroe+sAQ2SRh4H1N7Qi66GPrRWtaGzth39rf10no9hbmwGKzOLWBqfwVjXMMa7R7AwOovFsTn6TYxgor2XUNyDie5ujBI2x7p6eA6siZ5BQtYwprppfWsbhhsa0UNI7ZTUo0NSg66qKrSLxahn8W7JiciMiubIKqIiTk3j2MqOjUdurJAvK06MQwFBrLWS8M3iu0anqNHTQufJCmZnFpBK22USxtKppEXHUCMmipBSipKyJtTU91FD81v00XfSTOfGufPXMELzeZml8HT1hZO1AyHLk35r5RgYnENn/xIKCmoRFRwFPw8/iCVtuPLhHVy6+hVPxXD78+8IU9/y2+J8StC6cvljwvBtfrucK9c+wxeErbsErZsffY3zZ6/jzKmrVD4g2K1gaeE0Tp+6iM6uSVRUdEJcUo/i/CrkZItRXFCNgqxSZCTmITu5ENkpxUhJLOY3bw6mCtfPJ5IHtJuaOEFLyxRGhvYwMXbgUyMDOx5rZWblCxNzLxiZefJYKxbfpKBiDjVN6fAgQ5amrgO/EpDlodIieGkbufFhwfd2K+Dd3fJ4d9dxbNurjL0y2thN2GJDgAxC7247ivd3HsdeWrb7kDoOHNWCjKIh9svqEKJU8MZ7B/DGO3vwzrZD2LZLnmNtn4wuQY22ldWHrCJB57ghYcoQuwhf7+9TJsCp4p2dcnyocC/B6wihhvWKydJxy6qY4piqGQ7J6/OYLHV9dxzXcsRxTQc+PCir7sh7n1hgugLh64gaQ5UD9stb4ACBSkbVFgcVLXBIyQL7j5thH+/F0uHxX3KEsEOK9FpKVnxYkcVkyarZ02sbQk7JkpBniqP0GR3XIKTSOjUClqahNx2DJ1Roex3zABgQmtT0vKBAQGNDiAYEKQY+dWM/np/LzC0F+rYxhKtggoYXHSthltCnQSjTIWCpm/lDlbCmquNK78GNIBYIY9tA2LqHwyUwnkoyXAPT4RqQznNoeQTnwDeiCN5hIsJWAYLjywhX1QhLKiFUEbJSRYhOz0QcNQLj0tMQnZqBMGEafMIFcA8MhJWrMwytzaFjrMuBJaspg0Oq+7FfcRchayfek3sHbx99He9QeevIq3jj4Ct4c/8rUmDR453HXsduuTexT/FNHN5C1SHlV/ntcI6ovcFzY+1VfAV75Nn0VRxWfw3yum9Cw+JdmBKwHP2OwCdCjvdeRSVrICFbA6kFOsgu00NRjSEqW8zQ2GOOjgEL9A7bYXjSDTNLQVQCMbccgOXTApw8m4xTZ1KxtJSIqakoahCFoqnVC2ViZ+Tl2yJHZEOYskRsog7Co1QQGa8KYaoW0nMNUFxhg//F8l292GRXDjJEMVj9iBcvfqHyIx8eZMOBz9nyze9pmzvY4D1b32CdcPJsfRVPn53Ao8fT+PPvHtz9oQlf323FvZ+78P0P7bj7fSt++KkbP/86iN/+kAa1//HnNP7+Z56wtEpYOvNfYPFerIfLHFdPn56n5Sfx4BHbbpYwNkvbLNKyaTx5OoZna2M8D9X6GgPWJB3HEuFqGc+eLdH8ChU2v8jLOh86JDyxHipeLkmRReDa3Nga5ts8IwXaBm2/sUTzrCzQc5e2ko6e5j1j0uHHD/Hvi4+lVxpuxWi92Ap+l/aCXcSLddajdQLP1+d4pvgNdpxrA3j2pAmPHhThzz+T6TNKwGffROL0ByFYXEnCubMSLMyUY2KgAIujpVSZlGJ2sAbz480YH6wnGFBrvKUYkuJEqphEkIiSUFWSg4GOCjRVUsVPlX2LOAXNpTFoFSegMisI4uwwiBL9kSFwQXKYK/JTI6j1XYiKokxkCAVIJ1hlp0UgXuBNLdlgSErT6Q83HkkxASjMYgHpKRClRSEj2o8qHn8IWaZ1L0valzNVKC5USTkhJcQa8b4mSA60RKK/KYS+xnAlUDkZK/DiZaWBADsteJorw9NKDa7mivCmZV7W6vC3V4e7tRp8PRyRnJSIxJhQCPwcEOjlDDc7U9ibqsHGSBGOZipIpNcsTAngVziyWLOSzGDkCt1QmOxFn0kqmlua0N7Vh7nV85iYmUR3Vy36OkrRVZeJrhaCwkANZscasTDVThVPM4YH6zA61oPVk0s4c/4CTp+/jBPLy/RjOk3IOoe5mWH0NorQJ4nHdEsqeiRxaC0TUolGVV4M+rtoPzOEGgJpYogtEqOC0djYgcVTlyAhRIQH+qOwWIzhuVP0w12AKDebf54FednUYppEVW0DoqOCkJ1Jn3F+NkSF2QQs6S1xKpsGIKaKvbV3AA2tBLjqWjR2DqGtfwT17Z3omVxB3xShb2IBkp5JtI2voLRvDlmNE7AJSIFDQBJyagdQ1j6KzunT6F+8hMHZU7j79Sf4d+N7bDy+iGe/9+DpvRI8+z4Tf36Vji8/SsU1aqldu1iIcycLsDCXQ+DPxdiICMNDeQQsei8TdRgYbUD3UB26++vRP9aCgclW9AzVoqWjCq1tDejoaKHSjjY2ZFnfjIa6ZnQ0d6K3uYffXJmlWOhq7kdf6yD6W/rQWd+OVkkzrevASBchq4eQRJCaGxnHVP/EVkzVMA9wHyZgDrURqNraMN5CiGppwQhhaqKtFWMtjXz5JMFurLUVI7S+j1DXKWlAc0kl/V6KUF9cgm6JGB0VZdRQyIMkOwtFCYlIixDwK/0KhNS4SExGJUvNIIxFUlAIMgVRyIolaNF7mR6fw+mVc7hy5SNICkshSkpCgiAOUUHhdN4GQeAfilRq3Qui8ghZA/iE4DMwcgKVFa0YH1vG4PASUtMKYGvpAAdzO0SHx6KstA69A3PoG5hHSVEtoiMSUF7RhovXCEsffIkz527h4gef4vrNb3Dz1l0OrBsffo6LFz/CNZYLi9adO30Vl859iCuXPuJpGlYJ06uL5wiGizxtxZmTF7A0dxJFeVUoyqlAeWENcjLLkZqUj4KMUuRRSYrNQnoCQSu9GLFR6Qjyj4G3VwQBKxCmRo7Q1bWGjo41DPSsoadnA21tS+jo2kFTx473UrEhQlbU9Z35UB7LvC6naAoFggvr1WLxTccIEOyWNgrq1lAjdLH0CW8ToN4iSL35rgxHFetpYsu271HE2+8dxhtv78f7u+Sw75Aa9h1Q5UOLB47p8Z6ud3bK4NW3dtE2e/D2tiPYvleRD8vt3K+JHfvUOGxkFc0IZnrYQ3jbQVDbQftg8Vl7ZXSwix6zGKx9R/UJbiY4dFyfI2v/MV1CmRHktWwIQ/aQUbPk0JJlvV3svem4EGw8cJDQxHqxGK52y9JrqROYCFGHVWxwWNGalhljx2FtHFYwwxElhitrWk+YIqjxAHkNR3ovBEYZfYKWEQ4eN8JRlkBV3QZKmvZQ13Pn6SSUNJ2gbkjoosfH6THr3WJ5tthViAxjuhZhMHFOhLFTAtRMAyFP+2aAO8qC7HUJuFahUCJwKeqzgH1P3mOmYegGbZa5npBl6hgMC1cB7LyTYeOZADuvJDj5pfNcWq4B2XALzIF3eD7vzQqJFROiJAgRlkGQKiZkFRO28vlUkCSidem0nRCewQI4+fjB1s0dlvZ20Dc3gqqBGo5pHiMcHcIepd0cWO/IMGC9hrdlXsMbh17Fm1TeOfgatsu+sQWsNziwDii/hQMqr9H0VRwiaB1We50Di+Fq9/HXsJelb1B9hQe6q5q/DWPnnbD3OUDYO/bf/FQsy3pGsTbyKnVQWGOEiiYTApYZOofMqeFojaFJR0wv+HJgTS/4Y345DCunE7FyMhXzi0JqbArQ3RMESa07CoodkZtri+xca2TkWiBGqImwCEUIYlQQn6KBtBxCnJgDi2Vs/4n3Ur2g6Qvei0XlxU98aJA95ss2GbS+5j1XDBYs+eaz9fOEGALRk5OErCX8c38Of/09i7/+mcWff00SqsYIVRNUJglVc3z9P/dZ/NUygek0PY9h6iyh6hQeP1nBw8esN+wsLbtA62g5e/xogZYt0WOGLwasUawRstYJLutrkxxba8+msbY+S2WKwDeDJ4SuxwSwJ2tTtG6ejnGZI0naO0VY2iRUPf/PMOAZnoB0fX2GyhStn9qK6SIYrU8SuBa2esHOSYPbGaaeE6qeS3vz2JDpv5u3+RWIfChx4xrPufVia9iQ5eRiQfjrTwc5sJ48EuP+33n8nolf3w3hVxjOn4zH/HwupicKMNpPwBqrxMKwhCqcCsyOt9CfZD3Gh5oxRpXaQFcND3BneZpGehsx2ilBZ1UmD9wuSwtFdW4Emkri0VaRQpVIFL/nXklKIMSZIchnKRNivBEbTDgiUFUXJSI33guhHqZIjfNDeb4QWbQ8IcyTZ1NPYekeAu2RGuGK9EgPZAv96bEDov3tIAyxp/15oIKgkxfrhjgfE8R6GkLgqokIFy24m8nDUvMwLDSPINBBE742arA3UuC32fG10YKHuQI8aSoUJqFAlItIf3u42JjAw8kCYd7mhDpPxBPoWDb2uEArpITZIjPSBTmxHsiMdkOW0BeV5XmokLDKnkDV3YUGcQbqCgRUaWdSZVyEwQ4ROhiuRtqxMD+E6clOzM/2YOnENKaXTuD0JaqYLl7G/MIiTl+4iDNnVtDbWozummSqwDMw0ZCAoep4zHbkUsWdhYGqWHTVijA9t4iZ8W5I0n3QVJomvdqQnt9cX0mVpg+qJZW0/7NopErey80OwX5uPPC+proCzQSinMwMRId4QRgfScBKhDCWEJuRAkFEGJLTCyEqKUNxSQGSM7KRRqW0sgY1BK2a9j70TC+hvncSdT1jBKsTaJo4g7K+E/BNLoO+QyC1pjXh4BsFUf0gGkcW0DyyhO6Z0xifO4Gf7lykc/UenZO/Y/PRKWxSo+fJjx3468sMfP9xOj6+nIKr5zLwwalcrMxlECgyMDKUg77eDPT25qN3qBx9w1XoGahCe08NWnrr0MHuK9jZQLisQ31DHerq6lFbU0+fQR2qK+pQK6lHY3ULmqpaqbRwUA229/PS19LD0y2wMtrNeqAmMNk7iuGuIYzRdJYFsw+MY7p/GPODI7wHa47m5/r6Md3TS5Bqx0hjE8fVOAF7gmA109lJj1sx1NSMnppmtJTXoqGwDKVZeShOy0ZtrggtxcVoKi5AQZIQ6YJIJISEIj4kBOlRkShITERDXgHqC0pRLiql429AeyPtd3ICyycu4Mb12/jmzj2MDMwgLT4Z4X4hEASEIcQ7AEHu3oiLiEN2VgWi40Ro6pjAx5/TtoQrsbgFE+PstjmnCdYZMDUwhberF80nIl9Ev2E6Lwb6Z+kc6qVzeQqXrn2Dc5e+wskzn2B59QbOXfwEH936Fp9++gNuE7QuX7qFkyc/wMULt3Du1AfUcFjC3PgC/U/MYozK9Pgi/T9MYrhvCoOdo5ifWEI7wbYouwJVxXWEqhJEhdK5J0hFdkYRNbRKkCrMQVaKCEnCXIQEUSXpHgo7W1+YmLjAxiEIZpaeBCxb6BOwjI2coW/gBDV1S6hpWPMcVzpGrtAycIOypjXPK8USfLL4KhZDxYb35HgMlR6hQncrH5UlQUkTb7wvg9ffPkRYOoB3d8njtXcP4c33DuEdWv7mO/tp3R68R4DaTYBiQ4fs+Qxa2/cr4eU3d9L63Xj93YN4c5ss76nae0QX2/aoErhUeM8U68XacUh6VSKDGe/hYschq0/4MsShYya0P33eg7ZPVpdvv48AdljBAEeVTXFcg0HLBbJq1pBRMiZsOUBJ3wuH1Bwgp+2KQwSvnazHTF3ao3VAiSBG63Yc0cN7+9UIXNaECnuCmBUO0bpDKnaQ13aDvKYrZJRtCZ7W9JqmdCxGHHpHGUzV2BWOVlBUZ2ksHOnzJJTpuEJWy4kPHaqZ+kPZ0BsqBCddyzAYOQqhYRECeV13Hsd1lI7lkLI5lIy8qPhATssVasY+PI5MgSCorOcMDRNP6FsHwMA2hKd/YMXIjqV6iIa1uxAOPqk8calHcD6BSUQln8BShIDIUgQStiKTqwlVEkQklROw6Jxn4GLIis+FnyCZtmc37PYmxFlAy1iHUEnfh6Y8ZDRksEd5D7Yffw/vHn2VcPUyFZZklIB1mKa89+oN7KLCgLVX4Q2C1RsE2td4OUS4OsSB9Sr2KDBgEbQUX8JB9VdxXP9tqFm8z2+HY+u1B74RxxCeqARhlgrSijSQXa4NURXrwdKHmAW3d5qiY9CM/tesMDRhh9EpF0zO+VIj3Y9KMOaX4rCwmobJ+XhqLIWhpdUPFZWu1Ci2R1aWFTKzLJGYZozwaHWECpQRGaMMYbIWMvONUFBuzoD1w1av1c+EBdZz9as0q/u/v9P8b9Lgdw6w77dwdZMAwa6k+4iXjfUbhJ0rBJ1LBCMqTy4TiC4QoE7h4cMVXh48PIEHj04Sos5IhwWfXCQkXaXnsMKeexlra+c5qhi61tbY+gtUaNnT04SqVZpfpflZKmMcWE8JV0+fThC6hghTw3j8dAiP1gbxiCDz4EkvHjzuwMMnfbR8nLYlfD2bI2jN8d4tnsOKCh9S3FjhiFp/NoKNZ0O8t0ma22qQyhAtn6L1q9IhxM0PqLCeqptSWP2nbBC2Nm5JrzDcvCodkqTtX/Bb8CxIe9me9vP7Iz55VIUHf4vw+2/s/oWhuPyxO2ZXAjA1lYDpKREmRoox3k8o6C7BaG8Vlmb7MTPRi8G+Rgx2SwgApQSjeDSUpaG3rQpd9QXoqMlHX1s5VSapyI3xIExFcFxJsoLRWBSD0vRA5MW5UWvcEZkR9kgKMEGktynykoKQQ1AJcjZESoQHcuIDeBb2aG8bJIYRZuL9UFkQT9hyQ6C7NSJDPCCMDoSkLJPfrzA92gtJoc4QBtki1t8MOdFOSA+xQHKgGb+iMNBeGy5G8rA3kIWHmQJcTBVgrikDO10ZeNnoQRiXQK3maH7VoY+LNXzdbAhTtkiM8Ob3TmTJSZPoOApSfJAYbMlzalUXZ/Chp47+CbR3DSA3LYbA5USvaY5GUTg6KhIw3F2J2bEGLBOqxsb7cGJ5Fosn5rB69gzOX/sYFz/6HBdv3MLpy9dw/vpNTMzNEMTK0VSRgZbKVAJrCurzQ9FeHIY+cQz6KyPRLvKl76QBU6PjaCxOxGBLIRYIaWxIsa+5BNV54WhrqMLIzCpqGlrhaKoObfldUJI7DDmZnbC1d6EWXzUMdHXg52QJP3dbRAoCEEkgEwT7IC4yFCnZJSgqr0OCMAZ5RWW8iAkrDW09aCdYNA1OoWPqJNrHT6J2cBG1I6eR1TAFP2EF9O38IKduAlllfXiGJ6OwsR8NwwtoImS1DtP7n5/Fw18J/k/oHH76FTUivsPGQ2o03D+HB9+14ZfbefjqejZunk/HtVMZOLeYgcXpTMJpDgb6ctDZnomOrhx0D5QSsCrR3l2NxrZq1DfWoLGpDs3sRrNN7aitbYCkoobOkWpISmtRVUbgqmhGfWUL6sWNHFh9Ld3oauhAT1OXNJ8VgWq6fwwnRqcxNzKFKUIVy381NzyFid4hzPQPYWloHLM0P9szhPmhEZwYG8Pi0BDGW1vQX1eDvupqDNbXE65aMNxIv5WGRvTXN6FTwmKvqqnBUUX4LqZGSBYKhSwzezIyWX6qCAGKE5NQmJyIrNgYgn0MipJSIckToTCDpVxIhDi/EMO9Axhj9wIcm8e1G7cJQJ+hoaGPQJUAX1dvONo4wcXOCf4e9F3GpiE9owJZ+Y30572M65/cxdDYKioruzE+toKuvgX4+ETC1twGAX4RiI1JR04OuyCAPr/qDnR2TuDs5c9x+cNvcfHqlzhLiFpauoILlz7hua+uXv38v/mvTq5ewZnTVzE7eQIzI/Pobh5Eg6QNXY3d/D6Lk73jGGgdQmdTP3o6RtBQ1Y6izApkJIsQESxEMGE8IiQBsVE5vOcqNiKFfucJCPGPgZd7CEzMnGDrFAIzKx9oaVlCQ4OKugX0DBxhau4JXV0HaGrbQV3Hjt+EWUNfmppBl92UWddRmnFdTpqPSpbmWU/WPgYZBhg5QpeyBfbL6uGtHXJ4mTD12rtH8Oo7B/Dy23vxBiHr9bf2E7x2E7T2YvuuY9i+Rwl7D2nyPFlsP29vP0rI2oXXCWCvvSvD46/2EbC275eCiiUdPUD7331Ei/CmsBXzpYn9MnrYe1iXl0PHjAleGnybPTJa/CpDFizPECenYgEFDVs+TCinbsvjtGTVrXFc2wVHVO34sKG8njsBy5APFR5UlPZUyRK89imY4/196tJAegIXA5aMqj3Bh/an5QI5ws4hBTOeF0uGpuyYjmzl6WIwlCOYKRGoWI+WnCo9R8edD/2xOCqVLVyx4UF22x0Wq6Vq6INjtM8D9LpsePIIHa8qLVc0JGTpe9B7cIIM7ZOlndAwZEHuLJ6LxXn5QcskAHpmwdC3CoWJUwxsPRNh75UMJ98MuATkwNEnA86+mXD2y4RnUC78I4oQHCtGUEw5gaoS4QkVECSLIRAWIigyjXAVBRefANg4u8HA0hLqRrrQYEOFBvR5qB3GDvnt2EbAeofnwXqVFwYsNlTIgLVjC1i7CFh7FBim/gdXHFpqr2G/yqvYJf8Sdh5/CbuVXsIR7dc4rnTstsHcfRecgw8gKE4O0emKSMpXQnqxGnLE2sivYj1YOihv1Edtuwna+8zQOWCJniEb9I3YoX/MGYNjHhgc9cTIBNXNc3EYm4pGV28gNSK9UFHhgjwCVkqaGYRJxoiM1UVwuAqCwpUgIGAlpesiv8RcGoO1sXW14AuOK8LUiz/Bbp/Dyr9s+JDfQudnHpe1+Zz1YH2BDYLWxuaXhJPPCR9fUPmMoHWLyseEmFsEpI8JP1cJRhepXCAEEbieXsaTtQ9o3RWa3iD03CT00LbPbtJzblD5kNZd5+ufPfuAUPIBTQlaawStNYLX2gkOpadrY7RPghXB6THh6uGTTo6pB4+68PejNvz1sAV/PKjF7/cb8fvDNtx/3ItHtN2jJ9RaXxun12MxWwt8+HDtmbTXa41wtfasj/bdRaWHjr2bSicVeszWrc/y4ccN3ot1iUPqBe+1ui1NRPrfKwyvb91m5wJHHOvBerG+SJXZFD1/AGtPWvDkoQT//J2NX36JxZ3vw3HtEz8snPLHJMsZNiqilmcZRvpEaKvNQE9LKU7MDaCvU4Ka8jSebmCsqxzDHYUEgUzUlGWhsTwdtf+PqrcMjyLr9r7fT+97rnPuewyGAQbXQAjBEgKBBIi7u7u7e7qTdNJx1467uxEkwd3dGdwHBgad+b9r787c53k+rGtXV1VXVVdX9/7ttdb+L1EMjVJz0ViWitqCJDSXC1GY7IH8OFcUJnggPcIe+YmeCCcICXPThTDUmcDIAt62evBzMkJMoBPESaF89mCIlzlczJj2lTFyEwNRJI6ijjIBgvgonmxdnC9CUgx1Ct42SIl2g7+TPszUN8HfQZvnZgmCLAjkTOBuooQA213wZ0WijZTgaqTIZxMaKC+Hua4a4hPT4edswusYOlkZwlRrK12PDnVYzgjxtKbOzwqx3haI9rFAQoQXMjPFqKVOuGdwApWVpcihz1wijkR+sjeK0wJQkh5CnbeA7lU2WugedbURDPW3oYcB1v49OHDyEo5duINDZ67gxPmrOHHpJkb3T6KzoxXVNaUoKBJDnBoLQbQvBHR/UsJckBxkB1GoNYGjBR1XQqCQg6KUQPqOujB58BjdZzGKEj3ofJU4d+MZjp+5jPK8BES7qCOe7qmbsy3UFJfBWFMZwTFZ0NDYCWW5xdBRkYOlmR7Cw6LhZmcCVyt9RMYmIbeiDZFRMcgrzEceQVV+bRtqukdQ2z2Our59kPTsQ3HLKIrb9kJU0YMwkQR2AWnQsQuEuVcs1Exc6M9TFw7+MRBLOmnfYVR1T6CmrQ/XLxDwf3qMrx8u4suHk/j6/hi+faDf8bvT+PysC2/v5ODRxSxcO5aKs/sFODoWjwMjiRjpExLcp6C6OgkSsromAqxmAix63opKc2g0l428PHo+S6pQXFKDksIKFOaUoDC7hJ6bEuRmlnK4qilhCe0sVFg/7cFqQqukER01zfRMt2C0vRv7egewu59gsHsI4z1DmOgfwERPD0Za2wmuWtFb24SumjoMtLdhLwHj3sF+gi86TmkJaum7aSos4pDVVkLffV0tumsJ5spK0cyAq1yClvIKlIszkBmViIKkFJSmpHG4EoWHIzGQ4MrPD5FeXghwcSagd0eEuxs8LC0R4+ODgrR0FGbk0m9EhKL8cowS2DQTwKal5MPHKwg2lg7Q1dKDpqomjI3sYGvrjbCoTKTnd6K6bRL7jl5HV/9BVEr6CVB3o7iyG87OwTA2sCTQCUJSAkv+L0FSYhayxGUYGD2OM5cf4urtxzh3+R72Tp7DyOhh7J86jYNHL2BiH4HV5EnsoesYGzuM1uZBXhKnq20YZYU1qMgtp/+GYtQUS1BZUEXAW4b8nEoU5lfxIXydZAAAIABJREFUJPfggFh4e4bBzckffl5RHLD8/GLh6REKZ4I/LwIsVybRYEGdpJ4V1NVNsH2bLhQ2a2HzFj1sVzXBNoKqLVv1sWmzLg8DrlPU5mrsituYNIMZtrHyMzstsF5RD2s2aGDFmh1c8JN5j5i3aCFPbt+G1Ru0sUxuB8/H+mnOanxPgPXTXBmCp9U8RPjDzEVkC/DLrzKYt2AtFi7eRBC1FQtXMG/Vdv6eWQRozIP1y0J5nuDOQGs+Qdaq9Zr89dJVOzjA/MLkG5YrEWSpYOHyrVhEsLVSbheWEEzNl2EhRAWsmA4RLqX9N20zITMm6NGD/GYD3soQ/MgSFK1SMOBJ7vIq1ljOQ4IaWCRLMLlBB3IMwLaYYfZygjY5NZ7cLkNgxYx5t9bQtlUETUvWKBNgqvD7MW+pIleel1fU4rMZ1zPJhy0mkCPI47ClasMFS5nnis1eZK/ZTEQGVxtVbLB2izkPQS6SI0CU1+RSEut32mLNVlNpMj+dj4UUNxFssVwupR0EafT6n+Oo6Hpgl6E3dC1CpErwlhHQtQyHlnkItEyDaH0wrWeerShYuSRIzTURtq4EXP4ieISmwyMoCe70/+PqF8Y9WKb2rtAwMoW6oTFU9ehzqND93bIaK7eswqJNCzFXfiZmr/lfyGKAxexXWrdg7T+ANQPLNv6I5Zt//I8XaznZko3fEVx9RzD2HcHWd9io+TO2G8+DuuV8GDsvhL3/cnhFr0ZosjwiU/4BLGUI8pSRUrAV6cXbUViljop6HVQ266Oq1QB1bcaobzVBTZMhqhulVttsRQN6R5RI7JBbYIn0DBNEx2nDL1iVwEoZbp6b4UGA5R2wGYFhSogXqhNcGSK3zFQKWF+5/tUjfOWA9ZrDFU9+/+stQddL7tn6xpXep2UbWAL8Vzbj8C7Py/r67ZYUuMg+k336fJ2g5DI+fDpLgHKatx8JwD5+vsihisHVh0/n+T4fP1+Srp/e9pGvJ1D7fE7qGft0iPafJKAaJVBjHqsOAqsevP+zleBKgtfvS/Hyjxy8IHB5+iYbj16K8eCZCPefZeO3l8W0rgIv31XgzR8EYe+bCPTaCLS66LqYF6yT2mZ85EBVR8esICsnGCvGH+9LqK3E+4/1dK1tHLKkSfQsGf6YVCeL7Nt/Suqc4B6uL1zlfZLLRnxlie5shuMnArs/CeDoWt/9no5nL6Lw4JE/rt9xx9FzTuidcEFtBwFCYyz6urMxMliEejbLraEQw30S7o3pqGeJ7snobMpHV3MhqooEyE6Npg5dgNpSEWqLhVzVvTo3FhnhBDoBJkgPs0ah0A8FQh/kJ3ki0deSRueuyIjxgiDcB5HBXogJdoc4hUbpadHISApBkJsxQY8SbDQ3I9zTEn6OhvCw0pGW1mF5XDG+iAlw5CV1isURyIj1QLCjHld392Iq7w46CHHR5SVyYr2M4GysCD+bHYj2MEKgjSoC3GyRIsqBo8kuArMNcDE3gKu5KnztdGj07MYLO7ubbKWOTQ0xYQEoq2xAU9cYahtakZ4cSR2cL7KTfAg+RairEKKqIIY67TTuwWuqJriqzUFXSxF1NNSptlZjz9QhHDxzE4eY6vXV2zhy5hImjx7Fnsl9GNu7lzrKvahrqEdxcT5ys0VIFcQih8A1i+5tTLAHwvw9UFTZjJy8IhQUFGB08gjyszMQ4qyH0pxk7D58EZPnHhH0VRC4miMnyhwtDZWYPHYGWfHeyEgOw+DkeSTHRsHfTp3PxAxxt0AWdXoCQSIyRHHIKSA4GNiHjEwGKqWo6x5GYW0rciTNKO8cQ0HTIBIKGyEs6URycQeExZ0ISiqErXc0ApPK4BgkQpCoGo7B6dimYQrPmDTk1Pcir64Tpc3d6B0dw/u3t/D3l9/oWaTf8qdr+Paente3e6SQ9WYSH+/n482NHNw7S5B1OIMgS4ypIQEmeoXco1peJiSAEqK8Mg2lFSIUFosgzhLSSC6ZPkcK3bcMZKTloCCzgAYDhchPZ2HsYu7BKqPOvpHVDWTioQRUPQ2d6G3oILBqRGtVHboJsMbaOzDR3Y29HKr6MdJBEEsQdXJiAoeGCLY6uzBQ30CQVYPBlibs7u3mNkiA1VFRDok4E5LMLFRmZqJKLEZbRRl66mrQzJLdi4pRm1uA6pxclGaIIYpKQGZsIkqFaciLo+WYGBochCA1LJSgOoAGDY7ws7dDGAFWoLMzvO1tEejmhoTQaIKsPAKVYhQW1qG4tBV5xQ0IjUpHRHQGHAhWNHboQHOXPoyM7aClZY7giCwIctsgaZ0gYLqHazcf4MSpS9g9dZb+sPtgY+8DQ30LeLgGIioyDQkJuUgRFNBoeQQHTtzChauPcObifRw6dgWjI4fQ1bkbBw6exSjBVk/3XuweP4zhgf1obxlETXUbGuo6UFFUi0xBJkTxqUgKT6ZnMAsiYR6E8Vm8XE5mRiHCQhPgQ4AV6B2BEJ9YhPomItAnBgG+0QRYvrC38YKJEUGjtiU3IwM76OpYQ0XViEsvMLFQZWWWj2XMldkZZG3YRICloA3F7YZQoO1rFXVo2QiqGvbYomqFFWvVCG6UsUiGoEJuOxYQIM1auA6zl2zkHq3ZizbgJ4Kk72et4DbzV1n88PNinmP1r+9n4/ufF3DNq/lsduGKLTwhfsm0Z2rmr3J8/5nzZLkHa/FKBiybsUKWlc7R4mFDBmP8fSu2k23jcDd7wToOekuYTAQDPzoek4tgocFVBCksh4vNAmSzDPlMP6YKT7ZqkwFBEoHSVjOehyVHwLR8nS7PxVpG75PdbIxVm00xh0BuAYEaCwsupe0r6H0yisbcGPCwnDGW88VCm8y7xkKo/yjaMy+W3CaCNXZ+Otd6LnZqxxPsmeeMtUyTawNBFA9V0jlYPtiStRoEgSwsaUTn08HytVo8wZ6FMOWUjOlzGGIt0+6i5bXK5jysyDS5mIo8K/fDyvWo6HlCeXrWopq+NzQMfXn4UMciiJfg0SMIM7WLhrVLotSj5Z8G95B0uAcL4RGQBCcfAiw3fxhZOxGUOULfms2EVKfrV4aiBn3G7RuxaCMBltwMDlj/QBYHLBnprEImRLqA5VdNw9VKpRmQIWNerOUKP2AxAdb8tT9g3pr/waqtP2Cr/jxsN5oHHZvFMHdbCkf/FfCLkSXAWoeo1E2IF2/hlpi9hSBrC9IKtiO7fAcKa1gNQi1e5Lmq2QAVjQYor9dDSY0O/Ua1UFihhexiHYhyqF8TaiM8Sg1e/ltg57IR1g7r4eAszz1YfkHK9D+wA8lpuvT/boqiCgsCLO6Vujc9g5AJjkqLPX9lAqRc5f0VAdZzWvechw+lsw2lZXOY6Og3PuOQ6WLd59D19ds93n7+cmManphdkXq6Pl8lcLpGEHWFWrZ8g9Zd5+s+c7vEvV8fCa4+fT5LgHVyGrD2EfgMEvS08VmEzBv17n0t3rzLx/PfRXjyOgEPXsTh7tN43HyUgGsPE3H9oZCWRbj1hIDrZQ6evs7Hi99L8ep9ldTj9aGGA9r7D2VkDKpK6Jh5ePtHLh03iyybXheQFdK2arqGHrqmIbrGPQRZB6WhwK//SD8c57MNeZ4XCzkSXH1iocWPbfhE9vHPRrr2cvz+NhMvX8bh4ZNA3L7niXPXnLD/pDNqetyQVRWEyqZ4VNXGo7EpHd3tBejrLCFYoBE5gVZHUwF13Pn0R1qAzoZcFIqYWngGmuqK0VqTTSPzKAKpIGREOUMQbIlUskKBDyS5cShKDaAOxQXxfgQ9PmY8pyol3B0xfvZcjkEQ7oqEYDv4uZkjOtAViSEefBZfCsFBakIQAQ0reuvO6wMmhHlBGOGJrDhv5CT4IDOOIMRND14WqgRFO+FotA2hLsZICbNHkJMufKzV6HymCLTXQnJ0KNdF8rbShqe1NpzNdWG2ax1sDHbA2coU+js3wHinPII8HZFGsFFW14vs3EL687dEMJ0jnI4jiHSHMNwBOUnuKEgJ5HDVWJWB2op0tNTlorerCt2dlZDUlWPfics4c+M5jl28gwPHTmLfgSlMTh2kzuoEpo6cwL5DBFqHjqCdOvXm9nbUNbegobkZtXXVyM5JQ7o4Dc09Y2gf3IfhyROoa+lAqLctIvxdUd/Sg9GjN9HcP4loAjEXs23881dVVeHA8XPIS/ZHM4HWvpM3UF7dSN+FL8oyo/nsTwZzpVU1ENB9FWWJUNk+ClF2AdJEKSgmWChv7UZZ+zDKu/Ygr3EIkeIyeIQnIjKtAMKiZmTX9PMcq7C0Uggrh5AqGYWwZpjAqhDaFq4ITctHXkMfCuu7UN3SjIuXTuD396/p+XxKdp8g6wW+fryJb+/24esbGgS8P48/X+zDH7dz8eSiCDeOi3DzWCHOTRZhrJuFqtNQVpKCzKxk5OQKCKySkZKaiMSkeMREkxGwCGKFyEjIJOjPQa4oFwWiPBRnFtIAoBSSwgpUF1bRIECC+lIJmirqUMeKMBcw75IEXZIm9Nc2YaC2HiN0/3d3dGCwqQl7untxnADryNgowVcX+hsb0FlZhV6JBJ1VlWgtL+cJ7iwkyMrglKak8vqBxQR9FelpBFVZqM/N4d4tiVgqJlqZkYkiYSqyY+PJ4lCYLEBZWhryExOQExeNtOgoesZikJ2SwfPH6ghyuzr60ds9SL/JPnS09aKmtoug9Qg6+ifQ1NyBMglBr7gK8WnlCItKg42tB4zNqGMi2FVXM6Q/42QkZ0hQVtOHY6ev4fHjp7h88z4On7qBhvZxBIWlwIUAy9c7kudv5WRVQVLVzb1YR0/exoVLD3Dk+DWM7T6Bto7d6Ovdi/6+fait6UF3xwiGeifQ1z4CSVkTqoppsCAuRVpcGuLDEhDmHU6/6RgIY1MhFuTQs5pAA5cEhAbFwsXBD64EU57s3O7h8PWMgL93FA8dejgHwcXeDyaG9tDRtoChgQ0HLDV1Ky7DoLhFH1u3GUJzumjzFhUTKG414CVwNm7Rw2YuMGrBk9pZPhZL1t5E+zCvDJ8tyPSuZFQwd4kCZi6U5zP85hBozWKwNF8O/5q5BN/NWobvfl6InwiyvvvpV/yb5VvNZnlacjyPisEQC+Mxj9SMubL4ac4q/DxPbhpUdhJMKfME8tXrtOl80nMuXL6Fgx5LcmehybmLNmI+XQN7vXztTqyU34VFq7ZyuQem8r5mI5NYkEIVC70xsGJQIsu8UFupJbBiSeurt5hyzxTzaK1l8g7brHhIb5G8NuYT5DHNrIVrNAmsCHrYPlstOOAsk5eGI1l4kl0fD6VywGI1GLWxegPBmpIuBzYW/mNq8Mx7JcsByYSHJ5m3bMUGfSxbpwcZur6Vm/S5dASbzbh03S6CKwJCAq6VLNGeJdkrGGA5XRdbJ0efZQNB2yYucGoHRba8056HIHl5H3UHHpLkxasNPKFCLfNyGViEwsw2CpaOcRyw2CxD10Ax3INS4OaXAEcv5sEKgI27P8ydPKFtaoFt2lrYrq1Dx1bFMsWVBFezMVt2xrT36nueh/XzdB4Ws7lyP2LxBhYe/Il7rFZulnqulk+HCNkMwvlyPxCE/Qtyqj9hs848qBgvgJ7dUlh4LIdz4CoExKxFSKI8B6y4jC3cpJC1FYKc7RAVE2RVMcjSJMjSQXmDHsrqdVFar4Oiam3klWkhq0gDwixVxAqUERC+Ga4+62DntAYmFstgaikDB5e19BtXgl/gdkTEqCEhVQfiPCOUVVkzD9ZNDkcsRPj3txf4m4mHMrj6+x2HLF578NtLDljf+PZXkNYvfIK/WOiQ2xNpiZ0vUvBisPb1i7S0DgOtz19u0es7ZLf58ufPN8lu4dMXtv02Qck9MrbtqjTE+OksgclpApRTPFz458f9+PBhEO/+aCcwauNhv9/fleDl2yw8fpWMe0/DceNhGC7fD8XFu5G4eC8K5+9E4ezdGJy7n4CrBFv3nqbg4QsxHr/OwfM3BFtvC/CSIOrNuwy8eSvG67civCJ7/jYdT9+kE4yl89ev6fW7Pwro/Cxk2M7Dip8+jU8nzR+gz7GfQxebvcgS6lnCPQtFfvizlWCwhkxC7y+mc2Th+SsBHj4Nwa37njh5yRnjR+xR1+eM6ExHxGf7obxZgPq2XDR31qKrtwXtbRKM9Nehs4k6isoU9HZUoqedRuPFyShMi6DOKh1ttbnUgSWjKjcBTVXZ1JEloCjZFbkxdihN9aNR+z9hNF+IIxyQ5G+GMCcNxHoZIz7ADiHuZgj1sEJWSjgigtyRHOWDXGE4sgQhvMQNy79KJggLIfjytzeAu6UGIrytqXNMRZEoDNkEEoJIH/g4GiEx1AXCaE967Q0/Wy3EeFuQWcNouxzsrc2Ql19E8KUPVzN1BDhbEmhpwtfJCPbm2jDdtRY2xpoIjhQis7gFIaHhBGFaCHLUgRvBWJifDdfwivSxQkyABUTRDhy0CjLCUS8RobU+B3UVIrQ0lWN4z34cu/qAwOompo4fx8hYLwYGOrFn/wSmDh7A/sOHCbiOYWTPHvSNjKBnaAhD43vR1NGFlo4edHR2oaapDeMHL+Lg6es4fPYKautrkBwbjPKqCowevojRg1fQ0DWAOPqsbva6sDZUQVZuETqH93A1+Y6eLozvmUB+djqSIj3p3tgjzMMElYWp6OobRUJcMCIj/ZFfSvDR0on4pAQaMdWgsrEd4somCIrqICjpRGRGOQKSMhGWmo2Uomrk1fUhu64fFV0HkFM9irzWA5AMn0fJ0Cl4J5bAizr49IpW5Nb10PZmHNjXjC8vx/Dpz8f0TH6iQQsNiD7/hq+fX+DbhzMEWP349noAn96exNvHE3h2KRNXjwhxZn8aTu7NwHBvDqrpvublCgkABUhNEyI1JQUJCYmIjUlEVGQCoiISkBSTirT4LKTGi5GeJCZAyUFBegEqckvRVCLhQFVXUk3Pbjmq8wvpeS2gdRXoqiG4qm8hWKpGC92L3moJwVYdBurqMdjYhNHWVoy0tHC46qmvRTfdo97qanRWVKC1uBTt5aXoou+kvbSUg1RpaioXE81PSEBuQizyk2JpnZCvz4tPQl6iAKVp6TToEPKZhGxWYTltKyHIaqBjdra0c5BqI5iukTSgpJjVS6xBeWk9qquaaF0jsrPLUU9QvI9A+snDe3jx4jnOXL2Fxp59SBI30h9wHJw9I2FhH4jtKtowMLBFeEwO4oUlBNTVmDp0Gg8fP8fla7/h6KnrBGtHkSqWwJ86pphoEVJTi1FIAN07dBQHj1zFmQt3cfrcLRw8dB79QwfR3DSIhlqC8CICKoKqmpIG9LYMorSgBqKEXBTnVCBLmIvYoDhE+kUgxDOUBi1BiA6KQphXKLyc/eHvGQJv9xC4u/jD0z0QHk4B8HYLgZ2tD1wc/fiym2MALfuTBcHU1BlaWhbYyXKrCJ6Yp0p+gwYUlPS4QruqhhVXcv8n74qJi27cYgTF7Uyl3BhKKubYTMba9UoEGXLqWLxSlXuZmBdrxry1vJ05fy1+XaaAXxYwnSsZfP/zEvz7e4KrGb/ih9lLOWCx0CETI2UJ68yLxXSt5tPyD7+s4pD1y4J1HL6Yx2qJDBM0VePeql+XKXKQWiqrQjC1gwPW4lXbuCaXVCZCmhfG9v1H5mH1eh3IKepi/TZzAhR9DkVsBqG8siX3GjG4Yp4jWQKVNSwJXcWSt6uZyvsuJ75tlZI5QZcNlq/T4TlYDMaY3AODpNWbdLGUQHMpT/5XxZr16nS9O3kolU0KYHpd8pv1uAipHEEZAyx2TgZSLEy5erMUpBZPhwWXrNWiZU2CLW1q1Xle2DKWk8XCpGvUeJL9Erad9ltN18ZChnxGI8sJY2FHHkKUGquxuH5a+JTXWuSw5cTV4PXNg2BkGQazf7xYXgI4sJmGXnFw8aXn3ycWjn6xsPMKgbG9C3QsbKBhYoYtmgSZWwiQ18/HnDW/cMCatZrJNPw4bf8LWPPk2CxBAql1P2Hphh+412qpwvdYQrZ00/c8bLhg7fdYtOHfdN9/hILmHGw3WgAdmyUwd1sOpwAZeEbIwj92HSIECgRXSogWKdJAlWBL/E/C+3ZklqshV6KJglptFHO40uOwVVyjg7wKXWSWaEKQtQOR8UrwDl5LQLkSZlZLYGCygABrBeyd1sHDZzP8grYhIlYd8QItiHKMUFxlxYRG70zPFJR6r75y79U7AioCrL9/52Vx/v72mtcgZKD191dqOWw9kXqx6L1f/noiDS8ysOK1C59Jaxt+fSj1bHHYYmKlDwikfpt+/RBfaN2XL7QPgRlb9/nLTe7xYsKlHz8yyDpJxgBrikBlCG//6MSb96149a4aL99k4dFLAe4/i8eNB8G4cNcHZ27749RNH5y64YuT1wJx/EYIjl+PoNdhtD0S1x4m4dZjAe49E+LBCyEBVyIev4zHk1ex1EbT8aJpPbNYWo7D09cJBGMpBFpivCHIevu+Cu8/NhNA9dD1jRBMjUqh6uMQXeMA3hOA/fFnM/740IC3b8vw6vdMus50PH+diid0rt+eROHq3UAcveCKgUk7VPfZIL7AAl7xFogSuyG1OBANnVXoHp7E2MFzGJyYQlt7PRoInLpby9DdzPKsBAQ3iTzfqrlSTH+spagpiEeBMBitldloLotHcYIDUoIs0FgihCQ7Cg2FsTRyD0BOtCMP2wlC7JCd6IdoX1vEELgIw13haqGJuCBHRPtZI8rXCrHBDkgOcyGgsebyDikxPjw0GOJhSaN8H+QlB/PaiKXiaIQThIV6WiDYzYRraqUmhiAxyBpJQbYEVIbwcbJCUVEVBEH2iKVjh3vZIsBeB372enAy3QVXczVEhQUjh5UVCY2Ajd42mOyQhY+tJhyNVOjaCAgD7ZFK502KdEd2kj+XpijLS0JlUQrqCQDqJTkY2T2KqZNXMHnsNHr6u2ik34yxsW50EZgOD3dhbGIYh44cwtSRo5g8fAg9gwMYHBvH+L4p9A2PobWrB10D/RjcexjHrz7EiSv3+UzD9u421NdXobN/EAfO3cHuY1fQPTSCgtxkJET6wtnGCAUllegcm4KDDd337iFIGlsR42uHktwsCCIcIYii7zfCFs3NtSgtzUd+XjqEwli0DuyBpKEe6UVlEFfUISCeudqTESLIR1JxE7IknRCXEzDVdKOkYQD5NR3Ioc61qnMSxS37IRk4ie6Dt9G49yqSynoRmyNBVlUHDys2dHbi+c1q4HUzvr5nOY4v6dl9jy8f6ff26Sm1NBj6fT/+etWOz09b8PK3CTy+NYZzk2JMDgmxp5/JW2SgpFCE9IwUpBGEpItEEInESBGmIy5WgMjwRESExyMuKhnC2DRkJGTQ95/OQStLkIXKvGI0lVahqbwGjWT1xWWQZOVxaymvRHdDA/rJOiXVaGWAU1WJgXqCK7L+2lr0E1CxloNVXS2Gmpsw1NREUCUhwCpBY2ER6goK0VREbV4eWQ4962nII8BKD49EWlg40qOiadAhQBGBIVNtz4pPRnpsElKi4nkye2VOIRormZp8M2oI2rKTkhEXEABfRwdYGRrDWt8UtkYWMNPWh5mOHpkBNFW14BcQh+a+KXT1j2Pi4AlcukHPzPk7qG2jZ6O8FpFxWXBwj4C+vhWMzNzoD5q+U4KspJRS7D9wisDsd9x/8Bynz99F9+ARFFV0Q5xTh6ysGhQUt6KmmZ7NyYv0DF7BgSOXcPjgeeweP0aANYDG+l4CqnrkZ9D1CvNooFGEyoJq5BCcxUekQhiTjoSQeMQERiLQPQjeBFXhPgRabgHwcvCBu5MfBys3Z1+4EWS5OfjCxd6XC4uy5HYPF9pG5mjvRxAWBEcHP+jo2XHRUBYSZGC1cbO03A2rJ8gKN6vsMIUyq9/HBEe3GBBgMe+VAU98Z6VnmBdLaTtbZjPZzAhwNDBvuVT3ioEVsxnz5Hi4b9Z8ecyYS8tz1xBkLcV//XsW/v3TAsyctQK//LqGAxYv6jwtvcBCbAysWJL87Gkx0ZUEHYtWKvMcrJVyajzxnXmJFssoc8iSIfBavk6Nh/XmLlXgeVur12lh6SpVghyp+CgrCr1R2RhrORRJQ4Es34nNAGQaVLIEOys4YFlgNTMCp41qzpBXtccmTTee8L5xpyM27nLFGno/83yx9zCQYcurN+hyLxvznLHwIFet36jJ866Yfhebtbie7uGmnVY8KZ7lSq2he8cASyoHocM/y0ICxbkEmfOpXSS3CwvpM89frYJ59JobmzlJn2kxbWPgtVhOgyfkM9BbzUCPwE+WjOWV8fDiBn2eFM+9WmoO3FiuFxM33cXqIRr5Qtc0EEbWYbByioWNZxKBRyLs3GPg7B8PJxos2BFk2XlHwoqeP0N7dyhrMW+cHIHScizcsJAD1qxVM/CzzE+YufJHzFzxI29nsLI5TGR07Y9YtI5aeelMQSbFwPSulhBQsfwrNotw0brvOGDJbv8RG9R+gbIBS3BfAlPnlbD2koFT8Gp4RMjT/+omRKZsRWiSAsKECohOV0J8xjYIc1WRWaqFfIkuSup0Ud6gT3DFvFj6KK8zQJHEAHmVesgo0kB82lYERW8igFwDM5tlMDRdBHMrGdg4rIOL+2b4+G/nMwrjkrSRJqb3lZoxwHooLe7MAen/DA++48sMrv5mYcKvL6UtEyX9+znB11PpezhcPeX27e9n3LvFPF3fpgtF/zWdv/WF4OszBy4GWiy8yCDs+XSR6WcEWE8JsH6bzt+6KM3ZYonvfx7jMwn/eD+AN+/a8fJtA569KcPD5wLcfhyBa78F4+Jdb5y84YJjV91w9Aq1l33I/HDgojemLvhQ64PDVwJpn1Ccux1KsBVCFojL931x7YE/rpPdehxIxwvAzUe+tBzA7f6zCDxiEPYqmWBLjBdvC/H6jwq8/VBHENVCMNUuNZZE/76Zhy3fvmeJ9iW0vwhPnsfhwbMY3HkSjRu/0Xmv++LgGQ/07XNGbY8zsus8olpAAAAgAElEQVTtEZltg+A0e8Rke6CwJgodoy0YPngBvXvPoLV7AMWFGaivzMVgtwQdjfloqclEZX4CGspF6G4pwVBHKUpS/SGOc6cOxBv5cbbIjbFFRUYQJDnRKGOimInuyI13QUVmMDJjXSGKckaMuwGiPM3pDzoKwV5mCCZIyiRoCnI1QWKgK6IDnJCVHAQPO33EhXtS5+mDEHdzOBrvQKibKbLjfVGTn4iSjHCkRBCI0THCXI3g76CP9HgfpNE5wtyMkRDsgtKiCho52xNMqcHH3gC+BE7+dtrwsdagP3yCy7AQhFGHZq23HdqKy6C9dRV0t6+hc6nAicDPxVoPUUEuiA11RVK4Gwqz4lGUJ0BJNoGlOApNzTUY2HMCJ268xO7J/ejprEFbSxlam4vQ1lSI7o5yjO/uw97JCUzsG8fhE6e49tXQSD+BVT/G9+9H78gAOvr6MXHkLB3nGcHVHfQMDKCb4Kq7px0DY3tx4toTgq8z9J4RlFcUoLIiF1niJEjqmnkuVmKiEF3De9Hc0Qk/F1OCxUBkUGdfRN8hU8QXJ/mhmHlqOtuRV5CN3KJitI4cQHhCErwi0+DgGw4LBw/EZpYip7oDJc2DqGRhQgkt1/ehpmcvarv3onHwIJqGTkAyeBKte69g8Nh9NO65BnHtMFJKmpFX24WG3nGcOzOKr09r8fVlGb6+3Y2vfxzB5z9/w/sPL/Hpzxf4/PEVvny4iS+vBvHlcQ2eXS3BnUuduHKGwLNdhEZJCiQV6cjOSiEYZCZCdkYucrMKIM7IQVKiCGEhCQgNiUNUaBySIxLomclAXmoOCjMKeZJ1PYFnU3k1Dw/WlUrQUFqOysw8bvWFxeisriagqsVAnYQgSoLOmmr0EVCNNDZxsGovL0NnZTl6q6vQW1OBvrpq9LL1FeVoLipEQ34B6nILeB1BNluwMkOMwuRELhwqjoxGWmgYgW0kilMJpMQZKBQKCbDikRoVg3S675lkeQSLDLrEkZEQhQcjIzKUwCwIUT5e8CHIcra0gaOZLawMzGBCkGWiZQCtHdrQVtNHcEIBUsTVEAjz4e4ThcHdh3D7yRuC/IsoLOtAVEI+fIPiYW3jDl0jB0TE5SM4TIwEQRFB/kXcfvAK9x++xrXbT3nIsKljH8H8ENrbdkNSO0pQfwR7Dl3G3qnL2L3nFAYG6Lsn0G5t6ENTdRfy00qQEZeOZALdjPgMFKSXIjZMSJAlQFxwDMK8g+Ht5AUHC0e4WLmQOcGdOjsXOw+4EWTZWbnDzMQRVuYuMNKzga6WOfT1rKCnawUNTVo2sIWZqROMDe1gzMqqsPIqGlYctJgnS0HZ4D+SDKzGIAOujQy+CAqYDAMrjbNF1ZTX91NQNiFoMeC195i2kyx15kupo18quxNzlmzGdyzBnQBpBkHV//y0FN/9vILPDJxJ0PXdzMX494/z8f1PC/EdGVNyZ0Wf5y9TlHqwlm3m5XF+nCPDBUzZ+uWyO3hZHCY+KrNWk+tdMZ0tLma6eCNBjDbWbjbiXp7Fa1hIcSsHrGV0PQyw5On6N2+3xCamRaVqxb1WDLC4UCiDrG0EWaq2XIJhFQMwWscAS0HDHet3uEBJy5N7sNYTYK3f6Yx1BF1raD8GWEytXZaF8dZq0bWpEVRp07k16JxaUNhpRnBjQHClQTBnhq1q9tii5UznInhVd+ChyBVc8kEPy+g6FxFA/bqEfX6CTPp8s+nz/UL3YwbzDNK9WCyvwfOyFq3ZRQCmjF8JMBlUSsOJhlhBtph7vtS4ydBxeY7WZpb3ZcM1tHgyPAGlIp+56AhVPQ+oG7GC0X4wsAiAmV0ELB2iCLLiCKzi4OSfQJbEWyvXUGga22C7jjbdNwJfxVVYvGExfpWbzQFrJte/+gkzyGYSbM2Q+Td+WUVwJf8TwZXUWD3CRfI/cN2rpVy9nWBrI4HXegKs9f8muP0B63cxiYY50LBYBAP7FTB1XQVb35VwCiHIiloLv7iNCIzbxCErKlUJcQRYqfk7kVumw0GqssEQ1S3GqG42Qi21NU1GNFA2JOBikKWD1DxVRCZvgU/YOti5ycDEcgnMrVfBylEe9u6b4OFDABe5E7EEWMI0fWQVmrBizy/w918vuSQD81KxmYNfmf39lie7//V12mvFPFhfp41B1l//t/EcLR5ClIYTOYD9LfVmMa/WFwKuL19pvy+0jdovzFv2bbpg9NdXHLI+f3nEC0d/4nlZV/Dnp7N4//E43v+5D2/f9eL57014+qqK4KoAtx8Jce1+BM7f8qCOzwlHLrng0AVnHLroTMteOEJQtf+sB3afdsXEGTfsO+eJqfNeOHzJA4cvuuDgRSeCLkd6ryNO3XDAuVsuuHCHmSMu3XGjY/vgxgMGXeG4+yQKD54nE2ilEzhlT4NWKVklWRXe/CHB63elePM7rf89n/ZJJziLw92Hkbj1IBSX7wbhzDUfHDztjuFDrugY90RVlzsyGlwgqHCEoNQF6RXeKG8mWOgqRVt3NxpaGpCfK0Z9TQF62qvQ0VSEoc58NJXFoCI7lIcC68sEaK5IInAK5d6RzGh7pEfYoTDFDy2lLMfEGcJAM2THOKEmJxw5cS4Ic9JEoK0qoly0uMRCcpgDbHUUEOBkjFh/ewS6GEMUyzxWnrTNFe62ugj0sICHLYGRoxG8bbQR5GSEYBcTns+VEeWIGC9DXjIn3M0Q6QQShalhyBcG0XWEobqqBpkpCXAx2UmwZoQIDxNeu9DFdCfBnBWi/d1go68KK82NMFVTwC6l1TDZuQG2esow1thEHRtBmIc1/D0sEeRpi7T4QOSKIqn1RX6WkIt4jhKQdk8cR129BFXFQoKrUlSUpqKuUozurmq0tldjfLwPXbTc3FyJ4ZFe7N47jpHxfozuHsGefXswODGGg+dv4MzdVxg/chrj+yYxOTmFQQKvsb1T9Fy8xMSxKyivrkVbWwvaWlvR19eLnpHdOHrxDldZnzx+CUMT4yjISUGmKBYikQBl1fUoryxDamIQ0oRx9P2OorapHYH+7kjJrUJ6cT3cfAPhGylCUmYJwVQzytuHIGkfQV3PBKraBmlk1UntGFrGjqBl9ARahk+hd/Iqmnafx/DJ3zB6+iFqRs4ht3EMxU3U+Q6OEkwO4+m9EXx7M4yvL0qoHcHXVz348maChwv//PAEf358h48f7uHT6zP440EjnlwuxPn9IhybasCeiV7k5aYgXZTIE9mZtyoxPhWi1ExkpechVZhJ69IQFpqIYP9IRARGQhCViBxhBnLSslEozkch7VeRXYT6ojLUEWTXlxAUlTGjZ5zuSUdVFS9r00dQxQCqh2ygvg5DDbUYa67n4MVqCDaXlKC9rASdFSXoKC9BW2kJWoqL0VhQgEYCrIb8fDQUFqEqK5fXFywmiMpNSOBerMzYGGTGx9EzmYrCJAFZEsGdGJU52SgT075pqfS+DJSl0XviY5EZFcFzsfITYpDg74sIb1/4uLoT6NvBwcQaNoZmMNQwxC5lDWxTogGBgSUiEwuRmFLCpRf0jezQNTSFoxfu0oDqEfYcOIMiAq3Y+GxoaphC35AGHpFZiKX3iPMa0TF4DOevPcS9317i6p1nOHDyJobGTmB05Bj2HziPiclzmNh/HoeOXUf/yHEaTLCqAh2QFDMl/GYabNHvKzEdgsgkxBHIJYQkIYxALzY4gX5b0QhyD4KPsw+BlSuBojNcrZzhTMv2lk6wJ+iyMbWHqZENdAis1NWMobbLCLt2GvJr1dAwwy51U6iqGvLwINO+UlezgKamFZRVpHUGNykbSD1Y1CoqG/JSNmsJtthsQpZ/tY62yW3S4BC2Q8sGmwkY1m025NIHawm0lm/Qw8LVu3iH/wsB0/dzZTlgfT9rJUHWMmqlwMVmCf7AZxQuxn9/N5vPKmSQ9euSjTy8x2bgMdBimloz5sjydUzGgam+M8jigLVa5T+K7kxvi+ldyRPsrCLAYOG15QQ4spt0uSYVA611inpQUrHERlbQeasJgY8th6w1yubcA6W404GXsWH6VKuUzLB2ux23Ldq+2KTmTlDkiY1qTlhHgLVJzY2gy1EaViRwYe+TJxiTWa9L0EX3iY7PQpIb6D7tNPKEMgGMkpYT1C2CsYtAhpW52U7GcrtYzpUsgdqy9VpYKKeKeau2Yr7MVsxbuZUD1WwmwrpEAT+xvDS6b/NkVLkm11wmwsq8XWtUCSq1eFmf5XT+xWu16TiaWCKvxUOLbD0LPzKPGfNurVLUh4yCDtcBW7fNlMPmZnV7npfF8rE0THygbxMGc8doWDvHwto9HvbeiWTJsPaIoPX+MLZzh5apBbaqq2Grxi6CtG1YrSSHReuWYv6aOZgrNwezZGcRcM3ELJkZ+GUlm0E4k0BsFhaun0X7zcQSJtewkYULf+Qtk25YTKC1gOBrpdKPkN8xEwpac7HdeCE0rBdD33ElTAmErH1l4BK6Bm4R8vCO2oDgREVECJW46GgaAVZhuS4qa41R32xGg19LtHdYobPLmvphMzR3GaKmzZAGuPrILlFDMkFZcMxGuPmtgaXjCpjbr4KF4xoCrg1w81JCUJgqouM1kSTUQWa+Kf4fqVfqrdRTxfKrOEC94aHBr0yuYdp79Rf3ZL3mAMZa+scm+136+uv/vvcbT4gnqPqPSb1bX74+40D11xe232seivxC7/3Cge611Iv19TG+8OLRt3gS/J+fzuDDx6N4934v3rztxtOXdXjwtAx3Hmfhxn0hLt+Jwskrvjh0zh0Hzjlh6qwDtY4EWq7/AazxU64YO+mMcbLRE44YOe6A/iNWGDhqheHjlhg7ZYl95y0IuCxw5IopTly3xPnbzgRFnrh6zxdX7vngyv0A3CRYuvMkiUBLhCcvs/iMxecEU8/fFBJQ5eDxy3Q8epGKB8+EtF8s91hdJbC6cNMXxy56Yeq0J8GVB/onvdEx5o2aXi9UdHujoscPld1+kPQEoWkoBgWVEQgO9kBFeT6aW+rR0VmH+upcAodk9DSkor44FHWFEWgojuKJ6+112eiqz+QhwGIhHTc3Bl0NeWirTkNuojvSoxyoExOhOjOERugONDK3QpK3PsKddRHiashn+wU7G3HdqwAHfYQQOMUHOREgBfPQYLifA8IJvBLCPODnYIIwdwsEOpvwfCsGVCyZPTmU1Ty0556tSNq/MisODUUJqCjKQ1GeGFGephyOUmN9kRrlQcf1R3pSFHUE9vCw0OAJ8AH2uvC00oKFthKMVdfDSmcLvGy14W6hCXcrbbhY68PL2Rw+jrqICHBEU3svhvafRHVTM/0I+lFRUUCdejgXG80SBKOuOh8T+wbR2VlLPxgJ2luKUV2Zga7OGvT01mBouBNju4dw4PAkh6iDZ67g6oO3mDx6Cl19XdS57ef5WiN79uHsrWc4ff0BOnp7MDQ0gIGhPgwM9BKEHcS5Gw/RNTpJHeotDO1mSc/VaGmrQU1tMTp7OtE5NIHq2lI0NEhQXVeHvt1HUVBcyPOZatpHkVlcjYySSlR1jKJr4hAahvagvnsUnaNT1A7TiKoHLYN70bn7BDr3nMLwkWvo2XcR/VPXMXTsHnafeYSJc0/Qtf8S6nvGCQaHcflcPx5dyccf92vx8e1Zgqr9+PS8C5+e1uLT4zJ8eHMJH95extvfH+Pt22f4/dkpvHp0CLdO5eLomBBdTQK0thBIdvYjKSkVsTECxESlIDlBhJQkEZKpQ0+MFyM+Nh3REckI8YlEkHcoYoKjpR19eBziQmMRF0Jwk5jGAaipmECrsADtlWx2XzWGCKBGW5oxzEJ+jY0EWRL0EyDv62jCVG8bpnpasbutAd2SKjQXFfFQYFMBgVpuPuoK8nltQIlYjKrMTA5abJ+qrEyU07rmkiK0lRCA0XlZsntRWgqKWA5WQhJKU1PoevK4dlYpQZUgLAx5giQUEUSmR0XS78EPcb7eSAsPRTwBVpC7JyKDw+gzBsLb3o0gxR4mumbYoawGFeWd2LVDA3bOAQiJyUFIeAaMjWxh4+CJrNIWZJR24eSFO3jy/A0OnbiEPIJpUwsPOHrE0Oi2FTlFncgu6idIP4lrt57i1j2CrJvPuDfr4pX7uHL1Ac+/YkruJ85cx8HDl9DXM4nywkaIBXkQp+QhKyWHAxbzYIV7hyDYIxB+THrBmaDd2Q9+rgHwdfOHr6s/nG3cYGFoC0tDG5iT6WgYQW2HDtR36EF9pxG2bdOGkpI6tlOroWaCbco6fJ3qdj2okO3YYUzr9GkbK+RszgGLe67Ws3CaDsGTMcGUNoGCJteLkl2vwWcSyilocfBi5XG2sBp4qpYEYNSBKxlxcGGeGDb7bcHqHfh58Ub8tFAeMwmAfiBQ+tfM5fiJWpaP9cOsFZjxqwy+m7EQ//X9L5i1cDUv8PwrwcTP89Zy3SsWHpzx6xrMZmrtPAl+m3RG3gad6XqHLF9LiYchl65iswX1+GxAnhAup441rK6ggiGBjgmvH7iRgEJZx5WrrjNxUIUd9jwvielgsfqAigRPG+j1akVTyCpbYa2KLbbqEGDtcscGFTso7CIIU6f91Fy412odCw2yUN8uRx5qZGE4JqWgqOmEtXRPNCyCYOAcDzWrCNgGF8A+ogxaNjHQMA/FVl0PDlZbdD0hR+dcsYnNWlTFbKZcT5A6e6Uy5q7cgtkrFDGLwPOHX2W5R2vOCubRUsR8WWUeQlzIim0TYC1crYpfV26n96pjCQNQAiyWyM/zttayUj+0noVR6btbzpTuCbLkttB3TDDJtLSUNV24d20HgSCDLB2CQRPrMJjas5I7UTB3DoWVSwgsnYI4ZJk5esPEzhU6plYEWjvpvilhxUZZLJYnWCbImrVqFgetubKz8YvMz1ggT2C1cTYWbfoFSxR+wXKFWViuOJPamVim8CO3hQRdbLbhIgIu2e0zsUF9Ft2f+dhmNJ/gdBm07VbC0HUlLLxWw5qgyCF4HUGWAq9LGC9URkb2LpSW66ChzhAdHebo7rZGf781hgat6X/eGj0D5mjrNUJtmz6KqzUhyt+BSIECvEPXw859Faxd6LgucgSW6+h3TeuDtiE8Vg0JKTpIzTaUlsqRSjL8Ew58+b8ANb3ur6+vOEjhL+k6DlZ/TRtPgpdCGAv5ff0nZPhV6qn6RvYX91wxsHojhauvb/4DV1/o+My+fnlB658QYD0iuLqLj5+u4cOfp7my++9vx/DidQ8eP2/EvUclBC8iXLmTSJ1bBI4SSE2dccP+03bcGGQdvujKvViHLnpgP8HX7tMuBFhOGD1uj56DVmjYa4zGPSZo32eEjkkD9B82xsRJI0xeMCLQssSpa7Y4e9MJ528548JtL1y5G4hr9yNx40EcwV0SfnuejgcvxARbWXj4XIz7T5Nx51E8bj2Mw83fYujagnHxVgDOXPfCscsedH2emDjmgeHD3hg6GICRA4EYJhs9FEIWipGDERiYjKTrSEVyni8MTC2RW96A8vomFJbmo7hIBElpKspyotFak4zuxjQ0lUagpigOIz0SdNQKUSJ05+HA3ERvNFSkc22o9HB7SHJiaHTPpqI7oTwjCNXZgUjyN0Kogyb8bTSQHGzLZ/u5W+2Et81OuJpuR6irCXKS/QmqnBEb6IiMxECe8O5FoONopobs1CikxQcgM8kPeSkBEEa60kjfkmtWhbmbQxTpjJKMOJSXlSA+2BHxYX5IjfNFcogjkqN8IUpJQF5mEqK9rXhBam9bLfjb6yDK2wReNjqwN9oBD0sN2GhvgbmGIi1rIs7PCkEu+vD390ZpwyAaO3shTI7iM/2KinOQnxOPprpC1Ery0FRfiI7WcpQWpqC2NhfN9TloaS7B+J4h7N0/RJBEnfpoJ0bHezE4Oohjl27h1NW7BCd70D/YhYHhbkwe2IuRsX4cPnUFF+++IJiawBjtu//AFMYnxrH34BFcuPUQYwdO4siF2zyPq6u7FSO0DwO2kfFB7Dl8HMPjuzE4PEg/1n6MsAK8U2cJBkvR1tWHiUPn0dA5iLaRvRicPIWe3QfRMT6F9sExNBFctfXvRfvAfu6h6xw7hoEDF7H75G1uw0du04DhPqYuvcT+888wfuwKjp44gOtX9uLJnRG8uZ2N9/fi8f5xNd79fgOvH3TgxbV4vLoRhxd3W/Dm2WU8f3IGz189x/Pn1/Hb3WO4cWEQwx3JaK5hU/mFKCqvR7mklQArjSwdCXHpSKHOPInaBAKsxIRMxEcKEBUQjcjAKPpuE5ERR89wVBIi/MMQ7htKMJ2ASnEmgX8OKnOy0FjMIKsc3SzkxzxWDXU8p6q/tpqHCcfbGzHZ006Q1YE97U0YrKtFK8FSXX4BQVURKjKzUJouQoU4gwNWaTq12VloIZhvKswlkGJlpNJQLJJ6p7Lj4yEICaU2gWtglWeICKaEBFep3GuVSlCVHBGJuMBQ+Du7wcvOnsyWyzOEe3jA084O3o7uNBgIhoedG4y0jaG1UxNqqhrYSaa+Uwsq2zR4vlVsahnsHQLh7xtBz2QdfMNT4eqfgJGJI3j++j39f/2BQ0fOQcKf332obt2Pqvo9aOuZwuSRKzhz6SHOXn6C05cf4vyVh7h87QFOnr2JY6du0HN3AYfoORgdPUEDrl4UZ1chhb6DJAIrQUQiDWzCEUggFeoVRNfsTXAVAG8nH7jauMDdzh1udh6wIqgy0jKl1grWJrbQ0zHHDlU96Gqa8dDgrh0G2KGihy2b1TlUKW/Vhpy8Ctav3wlFRTUobNKAAgHVVmUDntC+Q90Sm5UNIUedr9xGqZeK6V0xeYH1Snq8NA6bCcfERJkna+1mLR6WY2E3BWUzWtaFDJvVpiiVPFgkp4WfCZa+I0D61+yV+H4282Itwf/8uBDf/yKDf81Yih9o3S/z5fH9rOX4cc5KzF28gc8a/HmePPdyzVqwDv/+eTnBmQwWyihNJ66rQV5Bj0wfiwgqFjJPDkHHghVstuAuXgKHe9PkNLBKXpdgUJ8AkICKlZrZaohtem48F4mJgzKldqlIqDkPE25Wl4b+ZGk9AyfZrRbYxGBKw5UDGfN4KdI+TGKBQckmAq6N6ixh3BmbtklzuRis7TIPwkZNRwICAhOfTJj6ZCGmaDfC8kZh5p0JDatIyLEkdAKabYYB2EDHX7PdHPNWqxAg7cAiWXXMZbIXSzfhe7oP/54rS7aaXm8kuFLg4DV3pRLfPpcV2SbYnLNcEfOY6v1KVSyR0+CQNW/VTtq2HfMI1hawckJyKlhAYLZo9TauKcZKBXFP1mZDgmd9bFI2wVYVVl/SBuqG7tAx94eRfQjMXEJh4RxM8BEKS+cQ2LmFw5pgX9fcBkpqO+leqGLd9i2Yv24xZq+aiTmycwiWlmLe2nm0PItD1nz52Vi8aQ6Wbp6DZVvINhNkKf1M7QxaNwNLNv2EBetnYt76n7Fw4ywspW2rVX6m+zsXiloLoKy/FCrGS7DDagm07VdC32kNzDzl4RKwESGRWyAQbKN+Qw1VBFitDUbo6zTHUK8lxoatMTFmh4ndNhgbs6T+wIKrvFc16yC3Sh2JWcoIid8Mt0B52HnIwdZ1HQcsFiZ09VdCYJQKIhJ3ITZNk4UI3+Hb339INa+4d4qBE/NgSe3vv6bXfft9ep10+f8GsJfcg8W8YXyGIcGVFLhegdc6/CfsOG1fvkm9V5+/vv4PZHHA+vKUe7E+ffptGrDO4N0fBFi/j+Hlm2E8fdGK+4/LcedBDkFWGi7fiSHICsaJq77USbpyO37ZDSeueOLkNZaH5Unr3Am43LHvrDNGj9qhe8oCrftM0TBuiNpRXTTu1kfnlAFGjxliz1ljTJ4zx4nLtjh93Z4gywUX7/gQXIXh5oMEAqgkAiyWWJ+G355l4O7jVNx+KMStB4m0PZYsBjcJsq7dj8aFm2E4eSkAx68Ek4Xi5OVwOm4Mjl+Mo1FtLP2JxuPc1WScvZTMC2QfvZCAIxfz0NiTD1evAPhHxiE0KgaBQX7w8XVFVIQnxMJAFIsDUZjmhdr8UDQWRVLnEkQdhhviffWQFeuMjCgnVGaGoCI7BG1VYrRWipCd4IrkQAuIQm1QJHCDMMyeOh1bGqmbIMh+Fxx018LTTIHgajNBjwXyBQGI8TVFnL818kRxyE0Jpw7IEV62uvB1MUdMqCvcrbWREGCPpFBnJATZIyXMiWDNHoEO2nR8V+Tm5FIHEEydlTFEcYEQRrhRR+BJsOWJADcbBLpbIDXCA2kEgT522ggnMIv1t0SAuwki/GwR4mYKTytNAjYzuJupwNfegEb81ajp2o3wEF/4OOkhOioYguQYZKaGcCHW6nIRSgviUVUsoFF+AtKSA1BRlo66+iI0NJSgtaUCvb0NvGROf18dOrqaMHnsPKaOn0bfQC8m9g2jp7+Zw9XE3hHsP3yMnq+n2HdgP8Z292Fyci+mDk5i4sAB+o6fYe/RUzhz4wEmjx4jMOuh901i3+QeTOxnADaFPYeOY8/eCepgx7GH3nPk7A109vaipaUWI3v2Y+rEeb7PyNQJ7D58ltrjBFkEWP0EV70j6Bzej90Hz2HviesE4pcxfvw6ho5cx8Ch6xg5dht7zjzE/gvPMHWRhZbO4s7VHvx2TYKb14bw4FoZnt8swZvHA3jy6ByeEUTdvlyMm6eTceN0Cu7dPooHDy/h6rXD9Nt6hd8e3MLVq2e4sG1+rgDpBCiRBE/5RbUoKqlHYryIAEuE5IR0CBKyEB/DQEuMtCRWNDgLeRm5qMwrQ01hFUqyiyFOSocoIQ1ZKZkoFGWhOD0bpeJsgh4RPb9p9Hxmc09Ua1kZz6nqkVSio7wM3VVV6OOJ7dXoIhDtqqB1kgoaUJSgOi+Pe6O4DAPBUTGbLZgoQJ5AQECVSiCXjoIUIQ0IUuiZzUB2cipSohMJ+OKRkyZGTUkpClLTkBmfiNzkJBSz2YWZGSgkYEsKjyIoYTpstrA2tISDqQV87N8+7ZgAACAASURBVO3gbGEFWxMrOJjZwsbICrpqetDaoQltNR1s37YTW5RUsHGtElc8r2zqgzC9AuKscnT1jGFwaIrLNngHJiG3rJ2+ywt49Pwt7j58Sd//aRRWDSKvrBtdA4fo9Vl6ri7jxPkHOHXpEY6fu4fzbKIFtaN7z9Jg4CQmJk7Q6HoKne3jKCtuRLowl+AwEQmhsQS5EQj1CUJMYAR8XHzgToAVFy6Eu703LI3tYaJjBWMCKh01A1joW8DR0g425o4EWSz0ZwRNdWNoE2ip7zLGdmUdbkpbtLGKiW4SkKyR3UagtQObNu3COgKuDQyoFLR4orvSdC4WDwlu1uWhN2ZMEZ3JJbCZectkVbj0gcw6dchu1OadswKBxZqN+jzRfCltk6VO+1cZFfwwby3+68cF+H+/m43/nrEQ/9+/ZuG/We7VzyvwLwKuH2bLYOa8NdyrxeQZmDQDg6sZv8pyD9YPBGNMR2sO08siqFhGoLBqvQadl66NKcfL78SyNTs4XMmwsKC8BjZtt8I6ZSvax4CHClfTfus3G/AE960aDmTOfLbdaibLsNmE52LxmoIsP0nTjQDRQppjtdUa8iq22LDj/2frLePruq597fPhnvee09OkSQMOmmJmlAUWMzMzMzMzM6Ml2zLIbMuyZVu2ZVuGmONAA01DbUpJmyZpwJTnHXNJTtLe82H85ly4115r7T2fOeaY/xGgJYhW8VprFIiZB2rpdVTC5Q1KLFSW1ecpSYRl8r1N3eOxCcrDOaKc0Jx+wgu2U73tEjW7rhNeshv7wGIBLG/0nRPRsY/FJrScxXpeLFJxbPK9XhYw+vWcDfxS4PS/Zi3SIFUNtz7x8kqeW7SJpwVEfz17tQZYs8R+PWeVVn9W4HSWgNYr8p3nrLRg1iIDnlOzOOU+Km+iOlZ5vuavUvfMVAuoV89xkZrpuM6C1boCWZvdMLTww1IBlmcCTv5JuAYm4xacLGUS7gJarsFx2HkHYuXqKZDlg5mD8l5uYO7aBcwTsFqst4qFm5YJMM1h3vo5Wq7Cl9e9yNyNL7BQ/2UWGr7MAv2XBLRe4BX955ivO4u5G55h9rpneFkAa+66WczXeU62P8cSw+dZavICK81fZq3VXHSdX8HUYzHWPstxDVWAtYHUTAVYhrQJYA312LN7qxOH9rgzfsSLUwJY5yb8OXfGj3OnvTk74cPYcXdGDjjRN2xNTacJBdUGJORsIihmPYER6/AX84tYQ2j8RmLTDUjKMRQIM+I/Hv7wHcoePPznj54sLdD9h2l78MPP1s2Yqj+c8WA91GYY/l0DqWkF+C+l/qUGY2r53oMvtaD5aaiatvsP1PJX08sPZ9Zpnq3PtGD4e3c/4e737/Ht978RyLrGP78+p6Xa+eIfh/ns7yP85fMh+aPqEmvk4z9X8dGfKvjwT+UCOwUCOfnTMPT7At79OJt3PsrgnQ8zufVuPFN3Qjl7M4SJm8EcvezO3rMOHJx05cQVLy7c9hbACeLG2zECR0m8+bsEfvNxgjY0+OGfSjSg+vjPtfzhsyb++HmzlOqz6wW2GmVbi1izWD2f/LlBwKtGG8J850NpzH5fw+8+lXWfNvHxH1rFmqQxa+IPUv/DH9v5+Pet/O7DZtm3W/bbys49iRhZWODqF4aLlx/+AUFkpCfQVFtAV1MxFXnR0ojEM9CURn9DAlub46jPdKQ6xZnSBEctDmtrSyZj+3q0WYRtZTE0FYcLfIXRXBInxyZLAxNBbaY3OWHGRLqsxst0IZGu6wl3NaA4yZcITwOCnQ2oLUqmpTJDGqFMigSaEsI8CHCzJNzblszYAIoyBPR6Ghlor6AqJ5pobwvSY/wpyCuks62JgZYiitIiBcDCqC7MoKeljMxEPyL9rKThiyA30V9623KueH9y432oy4skJ86bcB8LkkOcSAiyJ8RtM1lJkfRIr7+jd4ggD3MCXDaTEBtKUWEutRX5tNTl0tWcT3dbkVghfZ0VtNbn0FKfRV1VGjXlqRTmRLF9qJmDh4bZu7ePE2fPCBx9yonJCfbsGeTExBijR3cxOraXkxNHBYqOclu2n714jjOTRwWUxrl05TznL03x1sef8uprb3DjHaVl9BonTx0TsJrg7PkJJsWmrlwQcLvOuIDVuYuTXLp+gysCQFdeF1A6NSb7nWXy1ZuaGOm5qzc4K5B3+tJr0gBfZ+zsRQ4dn+DQ0ZOMnb7IyambnLrypqanNXbxTY5deZejF9/h2OUPpEPwqQDWnzj/+kfcuH2G9+7U8+Hrubz75i7ef+cAb1wJ4/23Brh6qYULU528/e5NTo+XcPpoPK9e3sq777/BG2+c58atKf7x5bdcf+0ON19/jfaONgHXSg2qykrqGOgfoaNjiOrKFqoqWqgsk7K0WeCqUVMFb2zspaOll61dQ2zv2kpvUzftda10NnXSr/IBtvTQ19pDf4tAUmMLPbV1sk8jW1rb2CnQo6Bqb3cnwwJcuzpUyhtZ365mBNaxpb6GHW2t7OjooLe+npaSEhoLCzXPVHlaBhXpWZqmVW1uHpVZ2QLzxdQUltNa1UCzAr+qJtrbumlubKeutILagmLqi8oEvorlXMUaaFXn5lCSmirvagqpkTEaSHnZu+EvYOXt6KrNJPS0d8XFygkbExssjKywEsAy2GTC6pUbBT42smCB9GBDkjlz4QYHTp7nyMlLvHr7Xa7Is913aJy69p0UVg1y8PglfvvxX3nnd3/h1Pk32bJzQt7rI+zcd579R29wePwGk1feE2D+kKsCW+cFpI+evMOew1fkPFMcPniafSPHaW8dokLgVgFWUZp0xmKkMxMYqXmrIgIjCPKJJCUulyIB4bycSsKD4vF2DsDRzhsPKX0Ernzcg7EWsNLTs2STjiW6ulaa10pf3xozUwec7D3ZvNkWHV2BKH071q43Z8FSPRYv0RPIMmfdBitND2uTisWScp2SM1BJnmW9yjWo0r4oU4ClgsbVTD5lSp9qnpJPWGstgGXPOn1nDbyWCLSpxMovLNATgFrD/zw1T4Os//vEC/znL57ksWde0aQYHnt6Ab8SiFBDhk9IqaQZnn5xmSYyqoDrSbVt1kKeEbh4ScGDwKHSy1KzBrVg8nU2rBCA0uBqvbXAghkrVAoZQ19tNt2cVSYs1KQSLAUc3dAz92eTwJGCJKV9pWbfKXBSdZVYeYNFsKbMrsBqhUCQ8mKtkfoGLcFyoMBUMCbOsRg5RWEspZ51pJaMWU+lqbGLYLWxD9b+2bjE1BBfdYC0ulEiS/fQcfB1+o+/Q17PRTwSOlhtEYahexom3rk4RDeywiSIDTaRzF5jI2BqxlNzdfnlc8s1wHpMvvuvBLKeEshUQ4RPKhFXAaZn52/QhmCfEHtmwSZZ3sizKq3Q4s3afk/Lfk+q4wRalUaZ8vbNU0Kocv+UF+xlbRbmZk0gVUHWCl17dMy8MLYOwNIxDHv3aBy9YnHxicM1KBGPsBSxNK30ikjGPyoDv9AUHKQjY+pgL+aAib293Ctj1pnps8ZMhxXGa1igu4i5uvOZrz+PBZvnsMBoLgsMZ/PK5peYv/kF5gpkzdN9ToOqORueY67O87yi9zyL9cUMX2CxANYysxdZYz0HXcdXMHZdiIXnUlyCVxMSu57UDAGsEgGsegvpkNuwY9CeQ7uEBQ66MXFUAOu0Pxcm/bl4LpALZ/3kP95TOtFu7BhxoGvImqp2YzLLdYlK0yEwWuAqaj3+0esJjtMhPM2AyMzNROfoK8D6XkBImQKtbzR78MM/xb6ZNgEvzWTdwx+Xp2cZ3p+J01IB8T/NPPxGs/s/fD2zj/KQTZf3H8wc90C2Pfjp3Pc04FJDlX+fGV5Usg0fabIN33//libXoPISfvPP01pS6a+/HuWrrw7xj6/28MWXO/ni61384+vd/P3L4Rnbzuf/GORvYp990c1f/t7Op5838PGfKvmd8jZ9UsDbH+bwxm9TufNuIm9K+d5HaqZfLh98WiGg1Cjw1sSnn9VNC5R+qWYGbuPzL7dJuVM+ayd/15a3ymepa9gn5T75vD2aff6FCsbv40+f9/LXvw/K5w+JbRU43M7fv9jOl/8YFpNz/GM3n/1tpwDjbv7wl71ajNnxEwmYWZrLi5hEZEIaYVHxhIZHUF6aR01lDmV5cQy0FtBRl0ZlbhRb6mIYqvUXwLKmQUBrsDaSkd5idnVL77wsnP66VHZ15lCZ7kFOjL1ATDDdVZGUJztRFmdLQaQ5kU7y0jmsJdbHhMwwS7wsl5MQ6S2fkUtdfpQAWYz0kkOI9LHCy0aPDIGo+uJk8pMCKUr0IV/gKDnElZggN6JDAigpLKaxNJX60kxNskEFfbc3lsg55M9fzlGRo+KwokmL8yUzOZyUKF9qiuLJivPBx9GQ6GBngbJAwr0syS8uo3fkNNnpSUS4y0sr8JWWGEJyfKQAn7t8piOFKQFUFcbSUCUNbkEsRdlh1AlI1pQlU16oAvYjBLZy6GkvpV+AcOzsFNff/j0nBZr2jHQzMtKrBbwfPLyTw6O7OXF6lFdff4uTk2c5Pr6X02dHBVAmuHD5HHd++zFTAkzX3/xAGtA7mqfr7LlTnBGwunBpkitXlQzEZS7dvC3rTwhYvcrVG9fFbvHqnbc4N3VG237x5pucvnCZcbmW8XNXGBM7eeE6xycvcfL8q4yePMeEANepS/IZV99i8uZvOXj2NntP35QOwoecuvYJE7cEsO58wtTNa9KQD3F1KpcrZwI4cSyVqasnuXKlj+vXd7N7dxL9g0ECbr3cfn2KncNp7N9bxp3Xb3P12qucmjjO2++9z+8++pRzV25pEgJ1tW001LcLmHTT0TbItl2jdPUM09LUT11NJ401HTQriYBqqdf30NOqhES3sLVzUEBKlpu6pOylu7mbzpZueju72dLVyda2Nra1tbC9p1vAvIOhlhZ298oz6Olie0sTWxsb2dbcxGBjPUONddrMv56qaulMNNAn1lFVRWNxKRVZueSnCDinpFORkkZ+TBxZUUpKJIXsxFTyxEpS0ynOzKMkt4hCKQtknTquUs0gzBM4z8ujIjNT3rVEUsLCyYiOISEkEj9XHzzs3DSgcrKwx8HCDhdrZ5ysHLEwtMBI3xRDFYO12RKd9YYsX7qRRQvXMmfuCjwDE9lz7ILA0w15Bm9y/eY77Bs9y66Dk2zddYKDx87L873Ftdc+4cYbcr9ffY/DJ64ysv88oyducmD0KoeOiR2/Ief4DRPn3+LA2A1Zd5Nd+y5oiaN3DO5nR/9eGkqbyIibHop9BFhhPqHarMHIwGgCfKNIScinrLBF/ju6iQlLJTI4nkDfMDzcgrSUPh5ugbi5BODkFICFpRumpk4YGNiwSdcSIyM7LC09MDJ20xTbLS3cMbf0FuCyZdlqIy2ljNK80ma+6dlpQ4c6+gJaajhwo7UGNC8t3MRzc9bNpKQx14brXpqvw6zZa7VYKCUAunClmebVWrTOShpsJ2122wvzNzNr3gb+64mX+c9fzuL//M9TGmg98fwyHn96oTZc+PgzCwS25mmeLKXirjxZahbhL5+aq0k6vKA8WAIEr2hwZcbC5casEqBTiuxLVAqdFSbyuVZajNEiAbw1Ok6s0VP5AS3lmkw0KFRJlk3sw9lkNg1ZKsB7rtKUku+xzshbC3ZXsLVU07dyZ62hD0s3uLLB2B9Du2iBqGh0baKwE4Cy8k7D1i8HC69MzaulYMvCO0sa/ySCc7cQVjxMWss42R1niKs7wuD4uxy8+Clth97BJ2MQq8BizP0LcYptwD60js2eWWx0iGWB8mJtdOLpVwz4xawl/EIp4AtAPS7Q+Wu5B0/OXiXbdHhWAEoNGz6uvH0LNvCMPJun5m5gljwHbWj2pRVa7JumSaZSCi3W056bmnn5nBqKFRCbI8tq/QJNcd5am+243tSDzdb+WDqEYusaiZOnAJZvAi6BSXiHZeAbXYhPZIFASCG+kXn4hqUTEJWOd3gyTn5hWLt5YOLoiKGDHest9Vm4eTmLDJayyFDMeAmLjBaw0Ehgy0AB1rQtMJzDQrEFUp+r96LYS8wzeFGOfYGlRi+x3Hw2q6xms9Z6LpsEsIycF2DmvgiHoGXy2WtJSNGVDvpmmmpM6W23YscWWw4MO3NsnwsTo55MnvDh4vlAsQDOn/GVTrcXR8bc2b3PiYFhO5r6zSmq1ycxT5/AlE34xm/EL24jgQkbCU7VIyzTgIgs3WnAeuTFmq7/76YA7Cf7dtrr9cM/Z6BqGsimAe3bmXN9+yNsParfnwGq6eVvp6Hu4SPv2Zfa8KGmt6WkG5Sm1v2PuXf/fe7e/w33vp9OnXP3+8sCXVNSXhA7J/VzfCd1LW+hrJ82Wffd2Rk7zTffHeef3x7my3/uExjaJRC0XWwrf/1CwU8/f/1bv0CRArIhAScFUHv56p+H+fqbUf75zZgcf4Jvv5vgm28nBPTOSF3s+wkxVV7QPvPb7y5oKX2UZtc3Un4t+379jcDgN8fkXEelHJtO9/OtnOvbk9p1ffeNXNs30/v946tRTa3+2rVybO1N5UVUeZzCpUfgj6dvsIBWFFGxAhXxUSQnS0MQ5UdtUTS9dQn0VQbTmO1AbboNHeUh7O0voa0wgI6SQAGtAnoFqCqS7CiJt5Xevh/1ud7UZHpSmeJKWYIDuWFmRLltIN7HkNxIO7IiXchJ8CMxxIncOG/aK1MoSPKVRsiDyqI0qouSSIvwEKhypDglUNPHSgz1wN/FRGDJn6ribCrzk6XMpCQrgcq8eC35c6CDnqaxVZ4TQ21JBtsHWijIisZFoE3NsosJcyUlPpRC2Z6aGEr31n3Udm0jSQAs3N1I4MqMQBdDgrxs8Xc3I9TbgogAK3xdDQkV8IoLdiAr0Z+GCrnGkiSqS5Opl3pbfTYN5Un0djdw+vLrXHztfQ4e2MnBvb2M7Oplx3Anhw7uYPeuAY4e3cP5K9e4JoB16PA2Tp7cJz+ug4yfPMhr777PlVu3mbpxm4sCTMdO7BaIOs7J00eYODvGxSvnOHvhFBevXefMhdOcElC7fOUiFy6e5fKNm9KovqHB2DkNsF5nYnKKQ2PH2LtvhKPjpzh96RZnL7+mlWNnrzA++SonL97m2MXXGb1wh72nrrJn4gYnb3zAiau/48ydP3D+zntMXjrGkeOV7NyfzcjBdGnI49h/oo+pa6fYMlJGY08cbf0ptHTFc+bSOS7fnKKjp5CLKsB/bFSOPcEpuZYvvviaq7ffkWt7h70HTwlkddHU2C/WR1vrEL39uzVvlUq10lzfQUttB40VTZoG05b2rQx2DApYCUw1dbKlpYveetmvsoGa0hqaqhtoqqwVKKigo6aWgeZmBtvb6amr04b+lAaWCk7fprSsGps0TastjQ3yftfQqWYAlpbSWl6uzQZsLCkV8C8WOMrVEjPXZmZTEJ9EtgBWVlwCqVFxZEfHCVAlUZxdQFVROaVZ+ZpV5hQKeKVRlpGuAVhufCJpkZEC/v7EBwcTFxROgKsvgfK7C3Dzw9XGGQ9Hd0J9A3CxdRS4MmGzngkG+tLArjNg3drNrF4pjYIA1mwBrFmzXsE/NFmgSp7t8Su89d7vef2tDwRaXxNgusmlq29wUd7B8VM3BKAFnK+8L+D9Cdduvs/Upd8IZF1ncNsxmtoP0Ts0IUD2KsN7pqTnLJC2e4Ktgwelo7BdgHaQ1up2+U4FJIbHERsaowFWjFhyRAKxwXFEB8VKZySXpPhCUpPL5XdVQ0ZsJhECX35eofh6huAqkOXmGoiHRzA+XuGEBCXg6xuLm1sktrZ+mJi5YmXthY2VJzY2Xjg6h+LgFIaZlS+6RspzZT+j4G6NiaUPRuZebBYgU8melTyDCnpXulPTM/02aSlqlqyyZM5CAy01jtJnemGBrsCaGYvWWjBHysVKPmC1Lc8t1OPZeeu1uKv/fOxZ/s9js3jsmUU8PmuRBli/fPoV/vvJF3jsqdk89dwintUC3QUoZH8l5fCMgIYaxpqvIEtTbjfVBDeVxpTyYC1caarZKgGu5etUfJgDy9eqbQJ7AofKg6WU3HVMPNAzl+9mGYKOkQ9LBARfWLCRhXI+XdNpBXSl4L5UIEcFry9b7yLg4YWRfTSb7WMwckrCIbgY++ASHIOKsfbNQc8mXMosnMIr8UlsIbpiDzldE1TtuEZK43GyOyfYf/Ejxm//hf6JD/FI6iM4bxt2kY3452zDOa4Nu/A6jFzS2Wgbx1qrCB6fs57/T82+lO+t4rB++fxSHntuKU+qmZkCXBpcqXRC89drw4VPvrxSwGodTwk8qSHFx9WswzlrNYkHTUNLBcwLHCtvloIsBVcvyvNSHkEFrWoIeIkCbKV7ZuyOjqkXBlYCWo6RWLvEYe2qUuVk4h6ch1doIV7hRXhHFBEYV05IfAWBMXm4hcTj4BOMmaur3BNLVpuuZ435RtZZ67LMfBVLTJexxGSJ2GKpLxDgms9ik/lSf0Wgay6vGD6CLgEuo9my/mVWWs1lpYDVGtv5AqCvoOv6CobuCzHxXIRdwFICotcSnbSBXIGj+ioTutss2NZry96tzozucWH8oBunjnly7qwfk6d9mJzw4eQpHw4fdWP3fgf6dtjS0m9BRasZqSVGhGXp45+mh5+AVoCAW0iaPuHZBkTm6inAuivAc2/G7vLIo/UTWD2Cq+9/tJ/A67sfQekRLP3r+mm4+oFvf4Sqh4/g7Eev2XcznrGvp4cTVczW/en0PEpHSyWi1vId3ntP7Dc8uPemlG8IfL0mpUqw/NZ00un77/2YD1HZfVl3X/a9d++OlLe5e1eBmYCYgNB3300K5AgcfXNWgGcamKZhTMHaRb67e0n2vcr3d69z994NOcdNOf7WdH5ElcZHzvm9fP7d+6+LvaEB4N37KvH1W7JN2Rta2p+7d2X73Zty3KtSXuWenO/+XTnf3de076Cu7d73avlVAbdLcvwlfvtej/yBGQpcRUgvIAgbZ29s3Xxw8AzEJyiKeOmFK49Wbl4mleVZ5KYFU5rmTUOOBw3ZTrSVhLKnr5i2In8G6uMY7sxkqCGGgcogyuItKE10ZECgrLM8gpbCQFl2IMFHh2gPXcIcVxPtsoHsCFsCbdcT7GxEaqg9uTGORHoYkBnpKX/qOWREOlOcHERbeZpAnhIw9CPK35HMxBCKcjNIigygLDdB08RKDLIjMdCKMFddEvytpFGVhrJOGsaCRLZ2VZGbEExytDfFeUnSCEjjEOtDbU0FAyPjdPb3yTZ3ilKCSIv2lIbTjZRoD/zcLXC105NGz1YaQVPc7eTFdjchToBQebCq5brqa/IolmuoEtBS92hoeBunr78v0HKZXcO97NrawqFDO9l/cIjdu3uk0SpjsL9JeikHuCYN4pnJ4xw6oARKd3L40BCnp84LdL0h5UWu3Hmbgwf7OXpsG+PjIxw+skV+gPs5feYQk+fHuSBQNSbHnZyYBq/zFwSwbr7BmYuXNMCauiylQNzpcxcYP3GMw6MHmZD65JVbnLp4kyOnzgtgXWL8wjVOXrrNobM32D1+iV3jFzkweZvRi29z+uYHnLz2FmevXuLk1H5691fTsiOP6u5EyvtSGRPoOnfrCjmNURQ2RVPVnkpjeyadvVWcefUaJyYFAM9OcE6uqaWrR5Zf5fab7/HBJ3/i6KlXee03HzM0dJDy8hZKixooKaijqryRyrI6inNKqMgvl2dYLiBdJhCl4q/66W3uo75E9pNttUWVAkKVdFYKIFVW01RSqsVHtVWU01JeqXmjFGT11TawRVlDvexXroFUd0UV/bV19Nc30FWjjhfAKimhPq+AVtneXFZCVU6eAFImeUlp5CWkSpksnYJkeU+SSI9JFuhPpygjj+bqRnb2D7Gteyv9AusTZy4xdetVAdrjlAl85WfkUCywlhabIsenk5WQQXxYPCHypx/sG0J2ShYFGfmkxiXj7+GJsaEZhgZmuDm4YGpswfp1RqxZvZl581bxjFIaf3Yey1frExqTxbadY7z15u/46JPPeO+3H/PRh7/n44/+yG9/+ynnL93h4PgVdhy+ys6jtxg9/QYnz72tDRMODp2io3Mfza076eo7KKB1nPbeI/RIvb9nL7Xl7ZTl11BVWEdhag6ZsalEyv9FoEeAdDz88VXxYi5+BLkHkRCeSHqyQFh0DiW5tVJmCnglEeYfjY9nMK6O/tNxV0ZqdqALdtae2Nr54eQchqd7OD4+MfiKeXuG4+oSjG9AIs7u0Zhb+2PvFI6pgJZK7LxGxw59Uw/0Tdw1faxNAl0qpY6+sYeWHmfZGgsWrTBj9gJ9TchzlZoBt3gzs+au57kFGzSRzDlLDTUZgXnLFAQ5amldtOErOeYZaej/75Mv8V+/ns/jAg6/mrVUi7X6xa9fEph6mSefns+TsxZrswmV4KgaHnxGoEHNFFTDlEqeYZ4K3F6kI+c30DxXy9ZZatINS1dbCgg6aKrqSotqpTZ8aK7NPlwkpmZBbtjshIGpD3omPlr8mPJ+PT9fh1V6rmyyCtHkDJS8gdKMWqoJdjprMVuGDhGYuiXjHlOLV0IDHrG1WHplYeGZjld8A2EF24mvPkxWx2nqR25Rv+c26c0nKB+6zKk7nzN+6zP6TrxPYsNJYqrH8EztI7BgF94523FP6cHIPQeX2DY22CVpgPXfSuJCvvuvHwGWikcTyFL37HEBLOXNUqZ5qwRGlazDrx6tl3v8zLxN8jymg+UVWP1ajlXnemGhrpbGSD2rlxdv0mZjavFYKqZOAHWVriNrDT0FNn0wsAzG2DoMCyXh4JyArVJ998vCNShHQCsf34higqLK5DdSQkhcPgFRWfhHyf0IjcXG20fulx2b7AxZZbmO1darBZhWscJyBcstFku5lBUWSzTAWmQqsGX2CotV3XgeyyzmscpGwMp+vtgrrBW42uC0EF23hWz2FMDyWYJN4FJ8vkIXUgAAIABJREFUolYTk6JDRo4e5WXGNDWY091hw/CAPXuHVSyWK2NHXDl10oNTJ7w5fkx5rzzYc9iJ4X129Azb0KgAq92M9EpjInI3E5iuT0CqLkFShmQYEJKpR1iOLv/xww/3+eGhsgf8IJD1Az8Hrp+g619B7OfrH4HSv3u5vpuBsUferJl9fvjux/rDHx7t940WaH9fIGt6OFHFfqkYrr9poqUP/yXR9MdSn0k4/eCDmfWfzqjR/3E6hY9WfqrB2T3Z757sd+/eO2IKxgR+HsHNXWWq/rq2XtsmwKZg6Z5mAm0PlL3LdFLs6cTW0+UHcv6PZq7no5kcjNP1R8mwp+2DaeCT892//44AoTrP+9rxKk3RA7kuBYP3BMjuCah9+ukuXFwNsHHzxysoDCf5s3QV0AqIiMM/LJbgyBgCwyJxdvOUP0FnMWviIr2oyQukpTiYzppkumoTacr3Zbg9g+HGGEba4wWwAiiJNaG1KJRdXYUUxNnRWRZCT0U4lamu5EbYEO+zmfQQM+K89Qh31SEpxI7sKBfiBYyiPI0EuHRICXMh1teGLR0ldFVn0lCWKo1pEsHu5sRF+ZOSGE1pbiK1BfFUZ4dTmOQvYGVNhIcp1XkxtNfkkB3nRqSPhTQOYVoAfU1xIhkJvsRGeFPX3M7w/lMUlxaQlxEspoY8HEmOdCc+VCzERYMpH1cT6bE7EuRqTFSQG7FRviTHeJGVFERBTiwFuTGkxHqRnxlNz9YRRidvsmXbIAMdZXQ1F7BzqJmxozvYu3cLhw9vZ0tfFa2tRRw/e5Ebb77L6KFBhvqq2bOzmf2HdnDltbc5NLqHi3feETDbxt6djeze0cTu4RoO7G3T9h873MfpyRMcG9/L2OiArOvl6NGdAl2nBbpuCURNcubcSS5enuL81VtMXbnCuakLAlpTnJo8x9lL1zg1dVMa2ykNssYvXOeYLB85rwBripHxyxy99CZHpt4QgHqDfadPMHCwU8oRtp8YpGwgn8KuPCq3lLHn5F4OXZyke18fFd15FDWlUt6cRU1rLv27trB3dIyLV28KWE0xOLybhtZ+JqXRf//DP7BrZIwzF25x4dU3qa/rpjC7ktz0YjJT8slOLyQ1PovkuFS511kUZhTI86umraZF4LtZ4KqCvBR5xgIqhWm5AlTVDLe1sq2lieGONkb6+hhq72SwWda1tck72qYFtyvZBOWpasjPoyEvl8aCfFoFpBSQdVdXCnBV0ltTxY72Zkb6u+lvbWGgsYH2qjo6m9rZ2jeglT2tffS0dFCaU0BlQQXNtS20yDWU58p1J2ZTLNfYvXsngzt2kxSbzNbtu7n42hsMDO4hJ62EjKQ80hKyiI9MJiYiUToKZRRnFVGQnU11gXQuYmLIiE8U2I8hKSJGYN8bE0NL1q3ZzJz5y3n6uQUsWaGHrqEtBptt2TG8n7fe/YTfvPcht+/8hstXX+e4gNXw3tM0CyxVt+ykY2CMod1T7Bm7w5GTb7P7wHUGBo7S07Vbetjd1JR10ta0jQ4BrsbGQRpquijMrCBbrrU4vUB+Gwmax83Dzh17SwccbZxwd/DEzc4HJys3ArxC5XnlkBaXR0ZiIdnJhfIdcwkPTiDcX2AyMJ5A/1j8fKLw9gjD3TUER8fgaWFRuwAsbf014HIW8w/KJEAaSTfvJGzsQ6QzGIqTWxT2zhGYWQpQmE/PLFQ5CddusEbP0InNZp7obPZgtUCTghmViHneYiNWKg0sKV+SBl3FZKkZfvPU8NtypWxuwRItcbEFz71ioNmvpMH/xbOLeez5JTz23GKeeG4Zjz2zgF/86kUef0oASyBCSTSoGKzn56/TAuGfFyiYr2KwVqjP2cgcAQWllzV7sa4GT2rI8pVlJixdqwLvHVmzyV4gS+lgmWsyD0vWmLFig6WmT7VB31lL/6PEUpdvdGCWXPei9bbo20awTNeVBSvNWGngzsINTlp8lpptqGcdjIFdJP6pbQRn9RFduhtLnxx8BLbC8ofI7j5L5Y7rFG+5SM/Y2/Qdf5e6kddpPfAGk2/9nVO3P6P/+Ps0H3yHtLazAld7CS7eR5CYW3IPFgFlRFUeZbVlDE/M28AvBYa0IUDlsXpxuYDUcu1e/Y+alam0xNTQoQp2V/FXr6zX4OoJua+zFqpZhQbaUKGKw1IB8ip1kfI8qtmGT8u+6pzPzF0j+6pZiZt4ZYWxwKsVK3WcWK3rIvfFlbWbPTUvn76JH4YWwZjaRmHhEo+NexIOYu6+6fiG5OEXli+QVUh4fBExGZWEpZbiHZmGg28gFu7OmLvZYOxiziYnPVbbrmGV9SrW2q9ljZ0Al+UyAa0lLLdczFKLRSy3UuC1UKBqAescF7DeeREbxFSp47oYPc9FGHovxsRvGdZBy3GLWE1Y0ibi0nXJLNpMeZUZDU2W8nuzYWu/Izu3OrFvr4t0nF3lP9+dPYfc2HXQhR37VDJoO1pVDFaPBSUtZmRUmRKRb4h/hj6+qZsITNPTICtAzu2fsYn/ePjwoYDOAzEpH0GWwJMCrWm79zO7+282DVrTIHX332Ds371fP4eun7xXP22b8XBpQ4wz8V8q7uvhVwJLSvRUxWd99qNpuRE1+5u27aFmj2Y/qvrfxD6fTtvzUKDroUDYw9/LuT6eAbWPpgHt/gwY3f9Eswf3f68lsFapfB78LJn1tH36Y1qhnyvVP5xJD3Rfu54/a8r19x9MpxF6oG1XORo/1j7n0Tmn1/1++vMfTOdiVAH+n/5lHG9fI6ycvPEODsPa2Q0LW0fMreywcXTB2sEZE1MrTE0tBcRc8PB0IDzIlaQYT8qLUulsLacux4+G3EB6qmI42JvGcFMk3SWe9Jb70pTnT1mqF2lBxtLwpUqDlU5XeTgD9SmUJbtSnOBIkr8+MdqsQj0KErxJ8LMhLcyR+AAL3M1XER/koCUtLkmPYkt3IxWZESSEuhIfHUpTfZk0snECeekUJvuTEy/QFe4hwBUtFkeMvwPRvpYkhjpKoxVDQWowycHWFGRE0bvjMLUtfeRkxpIj66ODnbTvlZHoR3yYKyG+9oR7WwvMmeBquR4fBwNiQ91IS40lOsyd8AAb6ZnbkRQtYCVglifnOXD8vDReo5TmJ9DRkEV/Uw7DfUr2ooyd25rZvUsa951ddLYU0NJSKQD1MceOH2Cgu5StA7Xs2NnGhet32Lt/J+PnL3Pw6AFGdtYIWFUyvLWUwd589o8IhO1uYc/uVk6cPcXx0S0cO9IrADfAxOnDnD57TEs2ffHqNc5MjnPu0hSXbtzh/KUrnL92m4vXX+P0+SkBrJscO3uZIxOTjJ65yJGzV9h59Ax7T15g38Rldp+8wsFztzh68Q32Tpxmy+EeGncVUbW9gP5jQ3Ts76S8v5T9k4fp2t9P275BWkb6aNhaQ+f2Mkqb0ihvzaGpt46dhw4ytGsPJ86/ytSrtyitbKR7YI8GA9flemprezh35U26OrdTmFVBfmoJ6fG5AiVZpMRnkpMu0JZdSll+JXUVTXQ2dtJZ10Z9WY2ASJlAt7yHxZW0VTcw3NXF3t4eRnp7GRkcZGTLACM9Pewf6NdS4xwa3ML+Lf1sbWuht7ZKmyXYqnIzVpZp6W26q5QnrFjTqxpobGRkaJi+jj76BKj6GgXUerdK73NYSzKtric7OZNgv0CCvIMJ0+KSfAn18MbTwQMPR2cCPfwI9Q3G191XOgWp5OZXER2dhaeX7BueRnxstqZy7ucZJO9ciObJigqOoiI3n57aanZ2NgnsVWpq8Ulh4YT7BeDh6o2ZiQ1Ll25g9oI1WNh5MUdKJ7cgjk9c4tqt9wSo32LqvDzXwyfp7RW4qu6jtKydto7t9Awekfd/ku2H7zB89HWGD1xl+87TmuZVc2WrNhxYUdRAcUE11cV1Ao/VJEanUJRZRGZcJr7Ovng7euFq44qFXMdmfTOMN1tjY+GCnZUrnu6h+HvHyP1IIEzAKiYiRUvuHB6YhK9XOLY2XliYuWFt7YWdnR/WtgG4qVgalwgsBZwsrPwwldLc0gdDE3fNc2Vh5Y+xuQ8G5gISJm7aTMJ1+o4CUrYziu52WmyWmZmHwJefNLpebBRIWb3BlhVqSE4lUtZRau7mmgSAaqxnLzUUyFJB5paahMNiBWHLLTSY+dXstTw9X4dn5ikIEDh4aRW/VrIMakhw1oLpWYXPr9A8Wwq0np+zjlkvzSi+i6lk0mqWocphqOQbVKnS06hgdzX8tWStgikrbZac8s7MW6rixkwEIKxZvUldq60GYOv0nVgrQDF3uRlzVpqy0cSbdYYezBeIW6bryAKVgsZAAZYH6838BLDCcfDPI6ZkBzEV+wnIGCCscJjoqgM073+NHZMf0bTvNiMXP2bXuY9oH32HXoGtC29/wXEBrP2X/0Tn6LuUb7tBROUYaR1niKweIyB/F1Gle4mrHWexQQAvr7biuaXGPCug9LJc96/kHv3Pi8v4xdPzeezlFTw+dy3//fwyLeB91nw9nnx5rQZXzwhcvbDERO7ltEdLDRs+J0ClUhipGLpnZP+nZZ3S1lJSDy/L95y7Us38tBKotNDAcv4yuWdSLt1gL/fKVUDUAz1Tf3k3AjGwCBTYElC3j8DOLR43nxQ8AtIIjMwhPK6Q0LgCfKNTcQ2JxN7XHzsfH6y9pJ1zt2KT/MdvcNiIjrOu2CYBrDWarbVfw0prAS3rpbK8nLV2y1jvtFgzHdel6LovE1uOrscyDLyWYOi3FNPAlVgFrcI+fA1esesJTdEhPkef9GIjiivNpHNvTXuHHd3ddvQP2rN9xFE6Qk5s3ePCwG5neoYdaBuyo7bXipJ2U/IajUkqNyI0z4CATH18BLB803S10idVB5+UTcqD9YOAxw+ocrr+CLhmPFXc/Rk8/dzu8XOv1k8A9lP9371bP8V5/XyI8Kehx38Zgnw4bT9B2bc/Bc0rT5fm7VKxX4+g7FFc2AysKa+Zigl7+CU8/PuPaX5+0HIqzgw/PnwEQH+agaU/a4Ckyh8Eln5QKvfqmIczpo7VVO//Nq1yP5NG6KEWO/aPmVmUX2jbNT2xmeOUwr06730NylT9kfL9o1gzBVufaKmC3n7/FJ6+Fhha2uLpH4S5rT2mZpYYm5ihu9lQzAh9PWMMDIxknRGGRgaYmOgRGBhEdl6hNIbx5MQ4ScMUT09FBDvbUugRsGrJtWeg0p9dLVHkhZtQlujASKcAR00M/dUx0mAkkB9pSX2WF4UxNppsQ6CTDiGu+trwXnaUs5RC/X7mxPlYUpAUREt1ljZc6GuzFj9XSxKig8nPiqOmIJJt7Sqo2IuUUAcNojprZd/YAG0GYoCLvNDZkdRWZBDhbUZ6glzngZMUlpZIo+FFaZ40BH6WhMjneNsLRAU7ECsAlRQfonmzQjwtSI5wlwY/kIgAh2nzs5KGU84lMJYrYJcp0LXzyDmaOntIinSlXACrqTqTxvJUqgtjBQSS2DFQTb+A1kB3NZ1NBVrwu0qVU12WTJ+sb23IYe+RQ5w6r2KljnB4/BhbB+vYvb2a7YOl9HfnM9CTz8iOWm3d3n0DHDs1yqEDrRw+0MP4+D4NribOHufSzdcFsq5xYeoc5y5OcV7Vr17nzNXbnL50jXOXb3DszBQHxk8JyF1lVOBq/+mLDO4/yvDoBDsFFHedvMy+M9cYOSX18cMMjfbSdbiOhpE8sVKpdzByeoT95w5QMVjM0NgIw8f2kNcSQ0VPMtW9mdT05FHVWsDgnl20CPSU1jZrWl9jE1MkpRQJQJ7ns799RWfHVvmj2aWlc6mu7CA3VRrypAJtZpry8hRml1CUV0l+dgUleZWa4GVNsYKrchoErBrL6zTYapKyq65B07EabG6iq76Wzpoq+qQcbGnW8ggqFfZtSihU4EnFXHVXTSdsbsrPpyYrm4qMLAH6dMqlrMnOo6awkPy0bOIjEgj0CiLAI5DooEgiAyPw9wjCSzonLvYCC+Z2AhdOuDl5EOApUOWjoMuXYA9/vJ28cLB0xNbMDmtTW8yN7TRNKHevKIHNXnr791CUX02gTwTucj4FawnhcaREJZAanSSdhQIq5NrC/ULl/QslJiyGIAExM2Mrli9fL50gB+ydBFQEtLp6dzN26lWOT97h4MkpzoyfZs/wKAODo/T07Wf70H651yO0DRylf+8VDpx4jf1iwweu09t3VOC1j7aaVkqzVQqcQnkWuVTmlsl7XqjlEIz0jybIQ4DRyQdvBy/c7DxwtnXHztJVG/ZTswG9PELw8Y7SkjeHBycR4ButDfspr1WAXwxubqFYCTwZCzzpCCgpL5SxqaeYwJQqzby0uCoVe2UusKXyEZqae+PoGoG9Szh2jqGYWfuxUdav0VF5CF1Yvk5gRRrjVxarFDTy/2WoNJNc5Bx+WryWvpErBiYebDRSufXsNeHLFxarxt5gugFfI8Cq46TJBzy3wIgXl5sza5E+z76iw4sCBM8uMNBihp7QlN7XalpYahbhsy+v0YYJZ6lSIGz2Ah3NW6UESVWOQwVZKi5MAZZSglczGFUAvBo+XLzaVPNaqXQ6c9Uw2LLNmkjqivWWmlCq0vbSlXu0coMdC1dZCBAasEoAbI2eK8s3OGm5/FZschbQcNBS4azZ7I6ZawK2PpmEZnWS33OOlIZx8nrPk9p2gqHTv2P0+h/ZeeYDxm78hSNX/0Tv8fdk3Z8588bfOfHa57L+M7ad/YjusfeJbzhJ0bbLZHRNyfGTNBx4m7iGUxh756NjE828dQ7MWWPNMgNXnhDAfOzFlTw+Zw3/88JSgavlPKGC2hfo8+TsDTwxez3Pyv18Tu7l069s0uDq15o8w1ot5kqTalBwNW+d9lxeFvh9adm0mKnKb/i8knRYqKt5uOavMmPxRjstGbZKTL3eyAtdM38NspQZC4zbOEfi4J6Ak2cCXoHp+Idm4ReWgY90ajzCk3APT8AjNBa3kGjs/P2x8nETc8U2wBNLqZt62qLvasJGJz3WOWxgg9M61tivEMBawVqH5Wx0EbByW46ex7Tpe65gs/dKDL1XYOi7DFOBK6vg1diGrcU5eiM+8RsJS9cjOteQ1GITsissKKyxoqzehppWW1oHbGkbtKN9qwMtQ/Y09NvK/6cNxR2W5DSbklxlSEiBPv45evhm6OEpUOWWrINL4gbcksQS1z8CrIcCV9P2UAOth9qQ4cMfhwyn7cc6d38Cr5/VH3m2ftr354D0/f+y/Kh+9189Yf8CdT+L+fq3+K9/Wf4RyGYg7cfyUSD91zNDj/+YVo5/MJ3y54GW4Ppv2rJK2/Pgh7/95BXT5Ca+mvGiTZeabpjSDNN0w/4p9o0cq8qvteUHmn2lyVg8/OHvM9A1LWXxw8NpJfxp2YtpgVYtzdD9P3L37m/57CvptVw/hrefDWv1DOWPy0t6iNYYGpuz2dQKI0sH+TOyQGezuayzwly2GRmZYGxtT1hCBgkJyYQEugl4+FNfkkBevDdZsc5UpDnRWejB9vpwjg2m0JDhRFuhLz1V0dTnh9BbFU5DtjPNOS40ZXtQm+5BbpQN0Z76BNiu0Up/u7UESM/B03IVfnabKEwOITfeHX+HdTgbLSLISZcgVzMCxWryQulryJBzR0gjFEhOnAd1ZdmU5KYT6Cb7uFtSmhtHUVY4OVkZ9O48Sn5OMvGhLpQWJpMW7yeNuB+pcv1JUW7ER3qTl51IYowfPq5GhPtaacKmKq1PUpiTHOdAeow70YH2AlrWAldJ7D56hbKKaml47YgJcSQpJlBTgI+P9CQ3PZz6ylQBriRa6zJorc6gp6uWs7c+oKW9UeAhlLqKZEpLc5i89rrA1SinL19ncKCW4aF6AasSGmtT6O0sFNCqYOtAKTsFsHbv28rInl6BrUp27KhnbHwvJ0/uYeLMGJOXr3L20iUtH+Kp0+NaEukT5y9yYvIcZy6qGYTSsI6f5OjZswJXF9h3cpIDAj1DB48LYJ1k57GzjIxfYrsAUN+BMbaPHmL3yQNsGdtKz+F22g9UMTTew8U3zrP9RAuDYyWyrZ7RC0fYcbyLrr1FdO7Ko2NnMU0DFbT0d7DjwEEKyqsorWjnyq336O7dSUZ6BW+88wkXLt6QZ1PBrn2n2LF3grraTrJSCsiURj1TyuxUKdOm67mp06rtWQmZmuBldnK2ljonPT6dHKnnp+VoAeYKSkrVrL3UVCqzc2gpLqGrrJx+lZewvYPB1mYt5qq1pJTanBzK09IpiBfwT0oiPzGVHLHCpFRKkpMoTEwkLyGRtKhYwv1DNdAJ9g4RkArGzz1QwCuYaAGihLgkoiOi8fXww9PRHScbRxxmZgbaWdrh7OCOp7v8+Vs5YGZkiYmRDa6uQfLsm6QXe4DWtt10d26nq7FHrr+MkvQsbdZeVnIy9YX51CnQysslLzmTuLBYXO1ccbB2JDgggsqaNgKC48krbaW1dy/7j11m9NRt+oeOa96rhqZBOnv30dgwREFOLcXFbdIh2M+Bo+fYroRIh8/QM3CcpoYBOuo6qBOALc0sJiEiniSxlAj5boECTT4hmkcuTCAw0i9cfmMBeDj44ukSjKergJeYsyw72fvi4xEuEBpBmIBWVFgKgQJXIcGJBAcl4ucbL9AVi6eHNHLu0dg7hGBp4Y2ZmIIqLXhd6sYCWXoqsFnXXgMxJdOgb6wSPbtpKXJUfNWKtTbacKDyBKm8gC8pzaUXVwi0bBCAsxMQc2Stjh3rNikRUgc2Wfiz1kB5gUyYvURfYMtQGx5cKLCweJ2d1K01EczZy8x4YZGhNPobtVghNaylAuFVLr4X5unw7Oy1GkSpoS0FT8/NXaOlxVmo4oVWmPHc7LUzulkrtcD3WbNXazkMlSdLDR0qsFL1uYsFvgQ05i7RY6FA4iMlerVNeenWbXaZznO4wpAVG21YY6CGx7y0pNArBTAWrLRi8Vo7Vm/2wNAxGlu/bHyTW2jYfYPSLVdo3HOHqh3X2X72Q07c/qsGV+fe+oKjUiqP1tQ7X3HmzS+YEMA6dvOvTNz5nF3n/0B6xyQ9x9+lbOsNanbdpO/kh5RsvY1HYg+rjAK1hNNrzANYZezDHLn/zy824fHZ6/jFrAUCS/IclpsKmOoJXG0U2FIaWHo8NW+9NvyqYrKeEVNDg88o0VYB1OcFSl9UCbNXW2sq8L+WbSo+S8XKqdyGSul90XqVONqWZRunwXKZjr2ApnquTgJXPhhZBWDtHIGTVyKuPmm4+WfgFZKDd3CWWCZewel4h6XjG5klsJWOlwKusHhcg2Pwkc6Mb3QyriGhOAb4Y+nrgomXNQYexmySDv8G5zWsd1rNBpdV6HoIUHmtxsBzlWaG3qvZ7COl70qMfJdj4r8K86A1WAhk2USuxzF2PZ5JOvilGRCSbUhkvhGxRabEl5iTWmlObqMZJW0CXO02lHXYUiz1/BYLUutln0pDwgr18c7QFbDSxT15Ey4JG3GK18EhdiN2MRuwiV4/PUT4c+/VDzOA9VDFZc14sB55pabB6d7MMOK9fxs+vPdvIPZzr9VPcVn/Gnv13b8MNf50/L+f81+3/7/wdfdnXrOftv17LNj0rMcZyBLYuffw82lpiB9U/W9iM5ITM9pfCqoe/AhRM7ISD76egayvp+va9n9O76t51v45s10B1heaJpgGXI/SCj2cFmx9oAm0Tou0Prj/J76/9x5vfvCq9Fr3ExrhxXoDQzyC5aWUP0xHn1Dspadu7xWInZuv9AQ8cXTxxsnFA3NbZ3wik7XZhpEJ8Tg72xAXE4y3uz3erpbECHRUZfvSXxXKvq4U9nXE017gRU+5H015PrSVRdMn21ryXBiqC2dLTQw729NoLwklO8KCtCAzUgM2E2izggAxs3Uv42G+mkgPQzIjHShN89FkHcLcDXE0WSuQZUpzcZTAVSi1uaFUZQVTWRBLVWWxlhrH19GQIDdzooMdqa5vYteRM1QWS4MV70VGYiCxAkOpsT7Ehjppnqe68lTKCtOIDnUnPMgeP08z4mS9r7sxSdGe5GeGU5AVKhZOhK8tWZk5DB+ZIiMtkZykAJKjvUiR/eLD3KUhsiU6xIWspGByUoIErrJoa8ihtjxJGrOdjJ2/QV5mGHXVqWQkB7L/+Bn2HDnM6Us36e5upKenhu3bmuhqL6C5PoOtvVVs6SqnqT6J3t5ytmzfKvBVyLbBYnaPdHHkyDZOHN/NxORxzkxdEJg6y/FThwW89jN6fIwjJ08ydnKMiamLHJ04xZ7DBzl04iT7xyfYIzYkIDUoduDEOQ5NXGbPMQGsIwJYKiHw6KTYaXoPjorto+vQAAcvHuG4APrIhT72nqnnwLkqTl7bxuStvZy/tYOpG8PsP1XPlv11NPUKKA6PUN/aT3ZmGbUNg9x640Ma6nvo7R/hz59/RXfXMHV13fQNKA/LHnmGbQJZReRllIoVk5NWIKCRS4GUOclZpMUkkyh/iPGRCcRJTzQuJIZUWZeVmKLBUYVAk4Ks8qwsTR6hVQBLBbU3l5TR39jE9o52+uobaC+vpCFf9svIID8hSQA9gczYJDlnFIlhUdrswErZViNw3pibS1lKqmyPF8gWS0iVdyUOf/cQgnzCKMrOo7O1he1DA7TWN1JRXkN+XjGh0ksOV2lkEgvJLWzGW35j1qbW2FvaYymdF/1NRmw2ssXFM5rmlq1MXbjJqWNnGNmyjbqSCnLkc0oEAJVURG2Bmp2YQ3ZiuoBPAhnxqSTGplJV1U5icgl+wcmU1PQzuPMYk5cE2MevyT3eR2FeOZWlzbS0bJd3rpfiwlZKy3toaR2hqmZYOgh9VFbJ+oI6+ZwiitKLKMkoEOBMJzEkloSQeOKCVELqKPncRIGsMHzcAjUF91DfCDydg/B2CSHEK4rwgHiCvCMFMoNwsfPF1cFPgy0vzzBt9qCnRxguTsHYWEtjaBuIk3O4/JeE4+QUjp1TGJZ2gVjY+GNm6cMmQ1eTaLOFAAAgAElEQVT5f3JklY6NQIsxL0kjrCBKealWr7dmwTIjZi/UnR5qk7ryJv36hRUa9MxdtJGlK3S12Yfr9BxZukbpY5kJwNiga+Qp4OXKsnXWWgLjeXKsGi5UquLz1kgjvt6RlxaZ8vyi6dx6sxYYaLD1nFIkV/IBsjx3iaEGBk/L56mYq9lKKFPFGwl0LRR4my/nfealFTz1wlLtup5XgpsvLtO8WSqVjgKsn2Y9rmfuwo3T2l9KG0tAa4FSNJfvuV7AUg1zKgHVJWsFvgQS1xp5aHkJFWDNWybgsdqG5bou6NqE4BJSjEd0A+VDlxg+8xHDEx+w+/zHGlhdePtLrvz2K669/7UGU0ev/UmrX3nvKybf+ILTr3/BZakfuvpXmg+8zcErf2TbxEcMnpTzTH5M/b7fYBNazxqLYPQd4tG3jWGFlh/RjbmrbPjvWYt5Sr7LfDXcKqD6tIDor15aw5NzN2ppdtSQ4eMvreJJuUdPi82S5WfUbMK563lJ7sXi9XYCujZajkPlsXppyTRcvSIAt2DNtC1cp9LsWIlZa1IbKsWQrqkvxrZhWNhFYSWQaeUQhaVDpFgUNi5RuHgn4OaXIpCVjl9YJp5K9T0sTYBKwCsyVSArDrewCBwDgzRvlqmnDZtc9FnvuE7AagOb3HTY6LxOyvUYeG0SmNLB0GcjRj4bBKjWCVit0Wyz72pMAlZrgGXsvwLT4JVYRazHNnojzgk6uKfo4pGmJ7BkgH/WZoLyjAktMCMs34SoUmNiy0yJE4uvMiO20oyIUkMCcgWsMnRwS9HBNVEPpzg9HGJ0sY/ZhG2UDtZyfsuw/w2wZoYIf/jZ0N/Pwef/9S79PNhdBbH/5F2aXp4Zqns0hPdvgfD/O1D93CP2U+zXI2/Zv+777/ISPwesR16vR8OG016se8pr9OAzzWN174fPtdip6ZyJf52J7/p8xov1txnv01cznqkvf7ZuWmxVLU/Hhc0co6nhT8eBTceG/WPaEzazXtt2/+/aMOE9lbfxwZ+5++D3fH33bW6+e4XO7bsIi4lho4kDdtILt3RyxdjSnI2b1rF2vdD5Zn3549fD2MQQc1Nd7OzssLGxwNraCncPV9wcLQVEvKVxcRVA8ZWef5CWL7CzIpKh+ngGamNoKfClt8Kftjw3eqrj2dYkvfEMR4Eqfw715wpkRVCd6qrNMCyKdyA7zIxk701Eu6zBxWQxAfZrCJcXOz/WmVwxT/NlhLgZY6e3jEgvM0qTPciJciAt1JacaHe6mkupK00n1s+a1Ch3kqO8KK5oYNehU2QmRxIdYE11cYo0ku6khDuSEuNBmgCXgqa6mgJyM2KIDHYiTo7LzIwhwMeKmBAnCrMiyUsPo7kmS+rRNLX3snv8OslJkfLdXchPCyE6zIUIPxti1dCiSlQtsFWUEUJFfjzNtTk0ihUXpgp4XGdw1w4qSpLlXOEMbB1idOIC23bvYt/oOA1VaWwZambrlhqaapNpa8zQRE2Vp6uqNILWtiL6tw9qgLV9RzvDO1rZv7+H/QcGGD22l2OnTnD42CGOHt/L6Oh29uzt0zxj+w8OC3SNafkN9x7ay879e9glkL1rdIw9Y6c4enpK4OwaZy7eZvzcLQGwa+wce5Xdx66y6/hVBkbP077vOP1Hxjl25Qo9R3bTP7aVg1O7OH65l8nbW7j45i7O3+jg+pvy+ee72bKnnsaeempae2js3kVmdhUpqZUM7TrGjdd/S3ffHm7d+S133vwdFWWtDAwdJDunksbmrVSUtpCbViJwVUR2qoBVigIsMc2DlS5wkSKWRlpcMklRCQJXGRRnZlGTn0d3bS3bWts0TatWgaj2mjp6G6VeIZBaVEZrWaUm29DX0Kips1flZAvAZ1GUlEFGTKKARIRYpIBUkgBHpkBOErlxAlWRMWRExVCXl0WDwFpOSra8Y0kkRsRrqWNiBT4qy9RwcB8HDh3m9mt3eOutt7g4dYndw/vp6tqpJa329wzBz81PS4dja+6AhYklehv12bTBmMTEHHbvPMy5U5Nclfs8ceIM/W19lOaWUpCcTmFqmgB9BplxGcSEJ+HvJWATGEVuTpXASgDFld30Dh1h6urr7DkwSVv3PprF6hq309w0yODgYXp699PevouujhHKq7dSWDpAfd0WyoqatID2VIG2uPB4EsTSpFOVHJ5IjMCVMj/PUFydAnAScHK09/7/+XoLaDuq5V/3jnfvOwYHCwFCQtzdtru7u7u7u7vGd9w9RIkhCSEQkhDiLgSJ4A7xcL5bc64dzjnvP8bbY9SY3b16dffu1WvNb1bV/BXBfjKY8Y3S6z5e4QTKayH+MQT6xuHsHIa9nT8O9r7SeuHo4C2/IUG4OAdgbemLuZjyTBkpEVFpdT6VuafOsVKzA6eomnRGBjFRFQJUwDFWIEMBlwoRTpSOduJ0VS7HS2tLjZ3qJiAicCPw02/IdA02AwV6VK6WkYUfE9TrY20YL53zVFNvPetwgpE3g2T/UdNcGTrBTgPUECVYOtWLQWOd6T/GnoHjHKSzt2TwOEtdc2/QKCsxS0aMs9PhQQ10o820nMCrSmRzwCQNUEr1/cX+43ttHK8OnER/eV1dk4KsQSoEpsvvjGfYaAFFNQNR4GLA8OkMGaVmQVoIHHrq0jtjpjhqTaixalaikQuTrQy5V6MFZgYLZKlwoYljNO5hJQSldVK/Sr6379/g3bPfs+f4dxw4/xMfX/+NC7fucuKzu7x/8WcOX/mNU5/f46SsH7n8Gx9eFvi6foftR79h06Hbel15s9YeuMnrH35F5bITuMR34BBegYlHKsbOSUyxjWCKXQSjTHx5UclgmAjMynWpMGu/EeYCp6YCp6pMji0vDjXl+aFTeW7wFJ3grkKwSiJDhQUHT7Cl/1hbDWMDxqhahta6ZqQqGK0gS830HK29Viqx31sXg55uH4a1ewJWTnFYOERjZhOmi2abWAVg6RAi20Oxd4vEzScJn5AMgqNzCYjIwjciXSu+e8v3xkfMV77r7hHyPEfJvuHBOIf54RTqhX2IO9ZBTtiGOGMb5IKD/K47RbriHOWOS4wLjtF22EZJPxkukBUxFYuIKViHi0VMlnYyNpETsYudhHPSdDzTFGCZE5hnKWbRa1YEFdjoNiDfkgDZFqSS2EusCCmS1wtN8c0zxjPbCK9sE9wzpB9OM8UzxRSXJBMcEo2xi5uGdfTUf+dgPcnDMuRg/afn6r9zqf6HNpb2DN0xyC/88WTG4BN9rF/1zMCHvWKjygxaWf+Z4P7fYPTfOVz/AVv/4TX7n16q/5lM/2+piCfCqEqZ/icNV4+eJJ4L2DxUCe3SqpmJD1Wy+R+qVbMBZfsfyr7oTVZX77ttmMH4x41/J7v/8aWeyaiPofbXCezq+N8IrH6j870M+VyGEkJ/PP6+NyH+tpzrS+7J+364c4kLnx9nx7vvs/6NA1R3zsMpKAFLFxkRGZswevQwhgwbwGuDXqFv3xcYPHgIxpMnk+juQHNWLAURSkC0hIUddSyb1cKCjlra6wvoblU14uIpyYimNCtUF2Ve3JVPW3k0nRURAlRhLOgsYJ4AQ36MGS1FvqyckcqcqmDa8v2pTXOlPtONmnQ3OYc5mcFGJPsbkRpkSm26Ow3ZfkS4TiLAbiTeFsPws59MfIAFebGOAlaeJAWaSacbypolneQn+9JQlqRBqmXmQmZIZzejvYrkGF9yBaxmCugo+KosiNI5UOUCQaWlmZSUZJCdHk5JYQIV5TlkJEcSJYBVV5EmHXwCdaVK5b6anpUbWLXjAMVFGRQXxNLVUUF7U5mAWoT2iqUJkCVEuEoHGEJNcRxVRQkCTQWUCIR1zJ7DhrdOsGDZfKoq08Vy2X/4LI0NFazZ9g7VtXmynEXPPAGB9lzqq2IFqpJpFzitKosUKBOIbS5k9oJu5s9vZuGSbnrm17J0aTvLlrexatVM6VTXsnbjSjZuXsUmpbK/eg5rNi5jzYaFbNm+QV5bzbrX17J9xxa2vSHgtWMP7xxQydHnuHrtU65c/VyLVr713ml27TvF7ndP88bBs6x/+wRz1stzI4C4eu9RWldso2vtJpbu2sS2DzfwzrG1HDi5gX3H5wlczRQom82CNV20zO6gpK6NBuncS6pmkp3XSF5Rqw5PHdA6TYd1wvvq1dtobF1ES+t8ctJKaJO2rrKNgsxSgeMKgZlyebYU7BTpMGB7dQ1tVQ00V9TRWFpNfUk1jWU1dFTVaWmGZTMF2Lq6mdvSwZy2dpbo2YCy3tjMTIGjuU1NzGtpkfdXC7gVUZaZS2VmDsVpStspWWA5QQNFVkImOQJQeYlJAl2xJEepSgMJFKRl0FBUxcyGNnraupnX3E51QZkGk6LMQjlmBXXldWxctZrDB/bx8ZH3uX7lPF98ep1TJ06zcuVq8gUKfV38CHL3JUklyweG4uXqQWJYDO0VVQJa63jnnYPs2L6XXW/sY9vru+mZvYyZHfOYPWMxZVWdpKaVEhgQTWF+Df6+4RQU19MxYyW73jrMocPnmLdwIwtX7hbo2q3BdeXanaxYuYMF89czq3sx1VVd5BV0UlQ6g4rqWZQUt5CRKvAWn020wFtcaBzxYfHEy/0I948mwDcCD7dgfD1D8PMMxMtdzCNQA5SFmTNG06yldcTHMxJPjxjsHdVrfrp4s/F0RyzNpWNy9MPOzhc7W3+di6WKORuZeTFJYGm8Vmd3ZNxUJwELV0aOs2bYSDOGj7bQgpwTBZaUJ0qF3cZNchAoc2eKQMhEIy+BLW/GTXcT4LAWwDLi5cG9+VIDJjBsgrXs5yXHdxcwchAQs9HJ7xNUEWZjD4arEi0qzKg0mJSHSeBp4Chr6fwtGTLOnpcVGMlrLw+aqkOEQ+UcYwXwBo+00DA3dKylgJ2lAe6UR2a4kQYvBXkvCVi98Opo+vYfI++fqOsavjbCmP6DJzNI1ewbOoUBcq3DR5kyVM2ck/XXBLwGjzCV++CgywKNm+4k5zDXRa3Hyj2aaOHPNDtDQWgl1TDaxI/pjlE4B+cRlNFJ89pjLHnrKoeu/iww9QuHrvzCmZv3uPz1PS59eZdTn93hzI2HnL91X9tJWT/1+V3t0dp76kcOXvpFw9fGQ1+x8+S3rHjnBqULj+CfOR/3uGaMXZKwcE/F1CVBA9YYswCGCQApxXkTxxjtwXpVQLSfyr0abqkhq4/Ak5ol+NLw6VoDq7/cq1dGGnKt+ikRUvnM+sk9VkrvCrCGqpmXapaltEMnKe+Vm869mmDuyzilMWak6k4KaBv7avkLIwtfzJR8h10QVgJY9u7RuPjE4+qdiFegUn1PwzskhYAogazoTPyURaUQFJdOUGwK/tEJAl0xeEfHCIDFERgvryXI+2Li8Y2NwzcuCp+4YFyjvHGKcsE+0habKEusIs2wjDAWwJqOWegUzEMnC3SJRU7GSuDHNm4qTknT8Mw0xSfbQptXlgUesu6eaYZbhpnAk2pNcZN1D3ndQ2DMXUFVltpHtmeY4CKQ5pJqhnOyOQ4JZtjEGmEdM13O0evB+p8zCR/8l4fIoHH1JL/p7r/tX7/J6711DPWsPTGdw/S9nmVnmFH3oyEJ/I/e7br8zi/6Pf91rD9h6/8nVPjHk1ytf4cbDR6yJ96xO725Vk8U5A3hvkc6/Kc8Rt/xQKDo4aObWsBUySc8eHSZBw8vag0r1d5/ZFhWkgkPH8vyY9Ve15ILDx9fE7skEHVZzCC38FhLLlztlWKQ9cef9Mo3PJl5eKN31qA656fce/AJv9y9ync/X+bG11f45MtLHDt3lgNHz7F73wn27D/J/BUrSc1OxDfYl2nGxgweMoS+L7/IS/3EXu7D2FGjCHK0oyFRIKkgiYXleayc2caauR3MrsqjKy+WGdWpLF5QxdLF9cyaWU5+TgJFBckCJrkyEla5WX6UZ3gLiOVRkC0Pr/0Y6awcmVEbzvrZqSxsSqC1wI2GTAfmVEfJsgBVjgeteX7UZLhRnuJKcZwTKf7GhLuNN+Rh+VnL8gQq0jylw8ygMsNXK7S3y7VUCzg1VRew5vVdNDU3SCcWSUVJDrkpodSXJwrwxFGYGkRJVghp8T46qb26Mo+i3Dhqq/Po6KimTuAsJljOmxtLcV4cOZmR5Mu1bxIoWLt9P6UFiXr2YVFhInPntdMg+1eXJJKTEkhlcbxAQQitcq622ixmdVbQUJ1Jo4Do8s172fbOEVqbS8lMD+L1Pe/RJQDS0FzH4rWvkyn3qbwkVsAvXeAiivLiMAGrGOqr5doqo2VbOM0tpbQIMHZ0VVJVlUaxCo02ZtNQl0FHWxFzF81iwdL5dM/plo62hhmzGpk9r5slyxexaPF8lgvc7XpjI0c+fI9DBz/kwP4POP7xKS5cvMzX33zFTz/+zKfXb/LRiQscOX6J949eYvfB02x+6xSLXz/CxrdP0bl8P3UL99CwbBez1u1gxe5tbHn3dd46spk3Dy9j1weLBLDmsnDNTNrnzqC8ukM68A6qG+aTndtAVm4d1XUz2Sv34sAHpzh87Bynzn4in9c85sxbT4EAVa6AVZOqgVfZSmG2AFZepa6DV5FbSFtNDbNbupnZMkMLjPZ0zGBh92yWzpjLmh6Byp75MgCQ+9DeoYsxz2luNnis2lRJnA6WdHbpWXozaqtpKqmgMqdYe67ykpIpTEojKy5VQCpRhx4z4tOlTZZ9cqkrLBJwKqC1po6OhiZaqtTsxXa66hvltTJqC0t18emcpGwB7iKS5Uc7zD+UYL9gIkOj5Bkrlu/KYk6fOcX3P3zDjz/9yPat20kVKHNz9CTEN5i8LCXQmUxZbgEzOmaydetu9rx9hD0C5pt3HWXVxndYt3Ev619/R3sCl63cyuJFa+nsWkpYVDox0Wny3Wtg9Yr1XLx4nYOHTjNvwSb5/JVC/ibq62eyaP5aVizbpJXxK8qaKcyrIS+vgQIB35ycOpITCoiPydIwFegVQpB3GAFiYSq85xEiEOiHu6MXni7+eLoF4eEaiLdbCM4CTqqQs7mAlomRA7Y2ymvlj4tTMA72wZgKCBkZu2qF9ukmLhiJmfR6r7QXS2taeelyOKYWPphY+Qp8+WFtG4iFjZhdOKa2QUw195NO1V1LLAwdY8sQ6byVHMKrw415RUDoZQGbZ/qN5a/P9+efLw3jn32G6aLNAwReFBQpGQetuD7WjnFTVO6VE6OmORlEQqUz7zfSMBNwgBxPJWEPGG7KoFEWulVhwOfl2Go24AgBr1ETHBkwzFigycgAWwIRCr6Ud0qFMxVgGbxa43hOrkWV2Xl54EQ5rmwfOJ6XXh0ny3KuoQJdcs6ho03o+9pYXh4whkFDJ8k1mmoPniEvy1rnkU229NVK71Plfqg6hRMtg5liG4a5h0FU1D+hhbrFB1n37hccVmD1xe8CS79x7tY9rn37gE+/eyCQJbD15QOuCHBd/eYeF24LeH11jxOf/c77F37l4+t3OPnpPfac+oEdH3/Hwj3Xye7ej3/2ApwjqzFSYUK3JIydE5hsG84kAatRCvJsI7GQ7aMEel6T+6u8gUMmOAlAWQq8WjJYoGvoOLXdib7DzHlhqDH9RpvRX+6nCtH214BlSv8xltqTNXCc0ixTivb2jBYgVrlyQ8bb6pmEoyY76pJE41UelokAvJU/RvLMmAlg2bpE4+CeiKN7EvaucdpcdImdZDxD0vEOS9egFRCdQZCAVnBsJkHxsizf95D4NMKSMglNzhKTbUkpeMdH4RoTgEuMFw6RzjhEO2IbaS1wZS5moSHLPNxYAGsapiGTZVlAK0pMAMsqRiArdioOqUY4ZhjjmG6Co4CSY4oJDimm2Is5p5rikm6KU6YJzgJVTmKuWQJeWea4yv7OKUY4pSjAssAh0Qy7eBMNWArgLCO1B+s/pRkM7X8mnf933tTvOrdIJYk/0iGwH3Si+L/U7Lg/nuhPGdp/PX4icfCNFg39l8DWvx5/bQjBPalx+K9eFXg9I/A/ZwHe47/Dff95Pff/A/h6w35/luoxlO4x5Fj91AtW3/PgDxWGuy12SwDqM+4/vMz9B+cEdk5z9+EJ7jw4KnZYlo+IHdXtvUdHZd9jAmBij8+KKeg6K4B1hvuPz0l7Xu7DBa2bpUFM6WcpTatH1wy6W1oCQulvCVTdv8odBVU/XOTKJyc5ee6kdF4ndQd28PBpdil9I7E9+z5i0xsHWbF+G/UNLaSly8PmLyNKKxOMpozFbPoEPO0tyIjwpzo1ihn5KfTkpbKkspSVHQ0sqchjdXYsS6N8WFCdJh13jYBELjO6c1myrJHurnJaWiu0Cnxmoipt40KJHCMjNRJ3+wkkRdjTLgCxelYWS9vTWNwUQGexu5gfXYUe1Ga6UZfuTnOuBykB04j1HE+OEikNmEpKiBWZsV7EeEykMt2LpsJwWkoiaShOoKEonjkzpOPsWUVXm3Qcqd5kJweKRevEdFXEuqYkgfwkHyryI4gOsic7NYSGykwBmWza2mq04ntteTo5GRECiOFUVeRo7aue5RvYuu8Y5YUpsj2QwpwIWlrKaGooorUuk/KCOLJSAmiuydDnmNlaQHtjAdVlSVSWpdDYUMzqHQeZKx1sRrxcS1cbb+w/TH5uJMs3bqOuvkzALUiOGyIwF0xFqWoDSEvyEMgLEEgMp6I4mPrmCmrqiykWUExL9iMt1Ze83Ahys8NlWzw1DVXUtTRQ19hIYVEWZWW5NCjRzTlz5f9r4a3t0vEePcCVc6f49JOrnD9/nnPnLnDp/Dm+vPU5t2/f4sqVTzh7+iKXLl3j0uXPeP/IBba9fZLX3zzJmjeO0bZkH7U9u6mYu5OGhQJZa3eyYPPrbHh7Czve2yT3aSlrd81n0do5dMyZRWVNN7l5jVRUzqCkvIOCwgaKihp1ztGRYxfYuesDTp//jO2735PnZjGVVZ3kpBdTkFVOTWUH5aWNlBZWUVtaQ4NSSBcoaqttob22jc76VhZ0zWL5vPmsXbCQzctWsmXVGrasXsGahfN1vtXyWTN02HBBSyuLOzsEvmayoLWZ5pISKrNzZQCQRVFKKtmxCeTGJJMVnURhWg7NVc0CsU1kyY9tZU4RzWWqIHk9m9asYVFPD62VNSzramdWYz3FWQVkxquZdvFEBobj5RVMWFiSgFUc8eHxpAmsRcuyn0ewfNdCSIxLEzhfyqkLV+R+f8Hu7Xs4/MFHXDt3lfcPfsSRIx9z5PAJsdPs3vs+a9bvprVzGXVN8+mcuYqepduZJ7ZoxQ42bX2H1a/vo332GpLTKyiR+1VWVsey5evZ98FpVq97k2Z539w561m6aKPcvwZa5f+a19XDrPZ5AowySCiVz0RANjW5SMsrxEQk6TyrICXL4BeBv4CVn0egBkEPJx+cbN2wtzGIhtrbemNj5YG1mAIsDVmmzkyf7oCJiTM2Nn7YCWBZ9aquW9oFYmrlw6RpzkyYbC+w5aZzrpTWVUBQCn6Bybh4xOLoFomDWwzWjqGY2wQJYIVhZhsiHWiIwFcQE6d7Cii5CNDY6xweNTvtxdcm60RqlSD9XP/R/P2F1/j7c/352zP9BLaGaK+SShofM8VBhxNHKtV1lXg+xlKXaxk42lIvK2DSQqJKokGA6lWBH6UqPlTlZA2apvOvVJhPyTCoHLDhY221DR1tLbBkKmBkrUOBA3UJnykasvr2H0vfV8fSTwDrpVdH03/IJDnHBH38/nLtAwYJeA2dzCsCXn3kWvv2G6E9XKNU/pVcswpBjp/uwjSlk2UZgKlzLBMtghhnFchIY0+svFKxD8glIke+Z3MFxA9+wUfXfuPirbtc/uqu9lx99v0jbn7/mE+/f8Dn393nugDXdQGu69/e5+rXDwwhw8/vcPamCh3+rvOy3vj4G+btvERq616iSlfiFlWLmVuyBixz91QsPNOZJJA13swfG89UrMXGGPtpza7xAoDDJ7kyYqo7Y018GDHJjVFTPHlNhRBH22gldw20AlUqZPia3M9+Alr9lFdL4PZVeU1B1mAlDjvSUu6ZmQCajUCxM2OmuejSR6okkZK0mGbpIwAerJ8REzFT5U2zUs9cEJYOodg6R+DsGY+7bwqegQJNIal4BCbi5h+Pd2gy/pGpBEYnC2xJm5CsvVbe0dG4R4TiFOEtYOmFU7SbQJY7rgkeOMQLaMXbYxdrI6BjhbmAlkW4iQGuxMyipmIeMw2LmCnYKMhKMsYuzRiHDBPskgWQEk2xTpA2yUzgyQLnNGkzDZDlki2AlWMmrZn2XDkmTcdeoMwp3Rp72d9WAMs2zljgTY4fMfWJkvv/N3fpSc7Sf9Qk1AKgP+rQ179FPZ/YrV5dqc8FLFS47DNZv64FOZ94cB4/Aa5HXwkQfa/DdX8Wj9ZA9MufXqd/g9fd3nqI/1aGf6KV9WfC+hNNLLkuJYOg8qiUp0rlNz364ysdsrv/+KYAk4DOo08Ens4LTJ3i9/uH+e3+QbH3+PXeO/xy7y1+vf+WrL/Nbw/e4feHB2S/d3nw4D2xIwJPR3mo1OAfHpPjnBT4OqXV3O8/OqOV27V6u1aUF8C6f4p7v37I3XsXBKyu8NPPl7h584J0mmc49vFZ9h88yc53jrJ97yF2vfkhb+zaz4YN21i3fivLVqxl7txF9MxdyuLFK5k3dyGdra0CGHlU5KZRnZtKbU4qrUXZzG2oYJN0JPuXLGLvjGZ2l2TyZmwYr7s7s642mzlzyohxs6As1IeO0lTqytNYsqSDWTOL5Zh5cswY8nIEWtKjCfQ0xcfNlKgAe2Y0ZrFuQTUrO6PpLvOmpcCZthxHmrMc6KkOZOOsJGpS7SmOMac8wZq0gCmkh1tRJ3CUHmhCvM9UskNNqRHQqhbgaW0S+Fv7hsBRIuEe06gvCNOzCRPDvUiMcKWiMJbq4jiKMgMErPyJEMCqLo4nM8mXrm7pTCuypDP1156rJIG4rJQwstOiaejsYbUAaZ/20EkAACAASURBVHVlBjkpPuRnhAjwJNNYl0OTAFV3ayFlBUqNO0rgKp66skTamgr0bEKVGF9flUxTawPrdh+hqbFIQCmRrW8fprW5hOaGErbseY+C7BAxgSWBqrzsQAGKIBJiHKSDtpDtcs4cX7kWd2qaqyksSSJaIDU20lU6ak8S4n3ISg8mNSWY/II0KurrKamsJi5OADcjnSIBiZqmJpYtXsjx9/fw/eeX+P7mJ3z91Rd8+fUtjh3+mFPHjnHt8nkBrTOcO32Ki+cv8Mn1T/nssxvyPF3VZVc+/PgSO/edYNGG92ld9Cb183ZRN3untG/QtGAzs1a/zpqdr7N25zJWbV3MwtULaJ81j6rabkqK2ygqbKWqfraAYBOlAlgFuQIrm97kwHsneWPPB5wSyFq6eAuNjfPIyyylLLtGd/o1Ss1dgEoJelblV5CXkkNFTil1JdW0VjfS097Ngs6ZzBdbOnuBgJWCq6UsmT2PxTNns6hbAKu9nfnyfC+UdnG3ChW20FhYQkVWjjw7udQV5FGVJ8fNzKAsNY0iASwlblqUU0hugjyHuXm0l5cK0OdTkJ4pA4cUyrIEystKaKko0+FBlXSemaD0sKLwc/PH1SUIb68wEqMTycvIJT42hQC/KF2Hz8rKDVNTJ9w8QunoXsSV65/z9U+/cOHsFTau38XM7gUsmr2EBTMXMrdrNt0dc+X7ulKgaSubNr8lA6UPWL52F8vW7OH17e8xZ9k2uhdtpal7NQ3ty2hqWUBleRvLVu1ky+Z9zJu3ktpqNWNxBzNmrSAhKoU0GbFXF6t72KrbkqxSPXuzWNrIoFhCfELxdvMh0CcYd0dv3J198PEMwtnRBxtLVzE3HRa0MHPRZmbsiLFA1fRp9kyZYsM0IyemTHXSQqBTjZTnykPP5lM1BJUKuwItZ7cI7JxCcHSPwdEjBicxZ91G4+AaibVTuBYPHTdNdczOjJYOddRElZPloIs4Ky/WKCUqOsGOfgIzz706jqdeGsHTL47gOaUqrsrdvDiEp54foIVCVf1ANbNv4EhzBokpL5WqfTdYOnZVs1CVbNEq7QJQKodKLT/7ykgNQQNHGAvQOenSNQOk4x88xlB/UHmzhgoAKDHRceoaJzoyTIULR1poXSzlyVKANUjV6ZPjvPTKGAGsMRquXhGo6ttvNC/3G8crAoT9Bko7aALPvzhYW395fdDQqQwfY6HzukbJ/2nIH/PCyD6CabYRAjehWi7BVIDHNaoS//QWstq3s/ydKxy+9qsGK+W1+uSbB3z23SNu/fCY2z894JbY5wJcNxR0/fhQA9aZGwZP1sXbhjDi/rM/s/vEd8zfeY382e8RVbwK57BKbLyzsPRIxtYnW8Aum4lWIRjZCcD452DmEs9IIx9dmHqieSCjp3tr2FKhxAkChKqI9eDxjoyc5qHzrvoIvPYV8FVwNWCslc7JGiCfRX+5X0ofSyXDvzJ4Gq8NM2XgMEMh6MFjBYhVaaLxNrqQ9iQTDybLPZlk7K1LEinPlmqnmXsJbPlh6RSMvWsULl4JeAWmClyl4xOWJkCVhl9kAr7hcfjLwMo/WloBq8DEBIGsePxiY/GOlwFTXLC0IXjE++ES74lzogdOCS7SOgn8OGGTYI+VgJaNgJaN9FdWsSZYxk4XuBIAklZ5m2wFkuwyjLFPFzhKni5wZSyQZYa9wJVTugUuWdJmmApUmeOaayGAZS7bzPU2hzQTAS+BsEwbvb+Gs3h5v0CWdbSRAqwneUqGuoEGqOqdCdcbznsCQlo/6tGXvdD0qaGETW+r1c51qOyqVi1//Oii2Pne0Nk1g3q5QI4W19RCnN8Y8poUHP3r+95ZfT8ZwKsXuB7/8VMvgD0J+/3yH94q2V9D1c1e4dBbvSKhN3rzqb7oFRBVRaOvc/fBRe7eP8Od+ycEqI7yy90D/HLnLX4W++nObn68s4Offt8m27aLvcFvd/cIhO2V/fdy7/5+sX1i73D/wftih3U5nXsPPxZgO6NNecTuyzmUd+zu74f4/cf9/PjjCb64cYxPr57mxPGj7N//Hu/LaPiDD4+z/72P2LbrXTZseYs39r7Ltu272bhJIGvdJpYLZC1atIKZM3o0bM3qlh/y9i4aqmqoKiggPz2VkrQUWkoKWDezi7c72nlXAGx/VDTvBgbzpp8fr9fmMGdmEYVebuxJK2Z1YAhl3j60q7ptyRFUCtTU1CbQ1FZKW2s+ZYWhxEe54elopPOWupuKqM7wIM5nOkVxdjRlO9NZ5CLni2NzTxqrOyPpKvagLMFKXrelOS+Immx/ShPsSPSZLNBlTHdpuHTAJTKqf522+iKyoxxJDXekOi+EANfp+IqpvKji3EhdVzA11pMwPws8HMaTmxYoIBRIV2edFhstyo6gsDCRFPkSJcb6U9PazcJ1b5IhsJUW60xiiBUVAlPKY5Wd6qdhqaUhnQKBtpb6LIGrBMqLYqgqTyY7wZuyvEgaatKYNX8J63bso7IoikUrVrJ++x5KcvyYs3Ah3XPnCEzZkp7sRkK0I2lJLsSGmxMRbExqghO5Ge6ky7a4aAHC+koyBKbCA61IivEkOdab6EhPUpMCSUwIJDLcl7T0bHILy0hIjCEtI5PcvEKy8/LZvnkdn178mG9vXOGbz6/wxfXLfHb9EhdPHefc8Y84+/FHnPnoMJfOnOKrm1/w7TdfCWR9xsmTZzlz5goXL13n+KnL7N5/klVbPmTe6gO09OyisnMLJa0bqJ65QSBrAz2rlzN/1TJmLl6i4bSidial5V0CVu2UlHZQXNxKZnoFSfGF1NfN5t2DJ3hr3zF2vnmYQx+eZcmCNVQW1FGSWUZlbik1RRU0lNXSWFqr25qCchqLyynPLaFMrK60hvqyOu2V6emco4tBL5kpg4eOecxpU+KZncxubmZWfQNdNQ1017cwo66J9rIKWkvkuSwto00gqa22kq7qclqKcilMy9LlcHLik0gICSMlMpqchBTSo1Qx8jByBbByktKJCY4UgI8nIzaNZPmhTo6KIy40mmCvYJwdvHBx8dMerITwWEL9IwjwCRPoCsXTMxQPtyCcHP0wMbbTiepv7zvE19/8KN/bk5SVKs9Zlvy/1czqmsnsWQuZN1OgVQZDCxauYsOKTaxeu52Fy7exa88hgfQjzF6yl6bOtZRVz6SmcQENTQvlXr7O1nW7WbtyG7O7l1JZ0UF71wqa67tIS5DrD5drlmvPSMgkK17NyswgLzWPhMhkspKzdQ6Wu/wPPnK9bq6B+HhF4O8brZPa3VwCcXEMxMHWH2sLdyzNXQWsbBktMDBshBGjx5oxbZqTwJUbUwSwlE02dtUSC9OVUKipG1YOgQJXkRhZ+Ah8eejwoLGljw73WKiwl/JYqWLHAhDjjN0ZLIDx8lAj+qn8JhWC601mV3Xwnu9nsGdeGsnfnh/E358fyFN9BvGPFwbxjEDW0y8M5O/PvirANZC+Cm4GT6H/cCNekPeq0F0/FV5U+VICPM+9PIJn+w6X5ZECaiO1F+qlAWN1YWcVSlTFnVVoUM1ifG2kqQ4p6jp6Kl9MhbQUsOmQogGudMK97K9mQ74yYJIGrf4CDsqb9Xzfwbzy2ngBrVG8qqFrAs+9OIjn+8h1vjJcg9fgYdME2gQsBOwmGQuwWnhj7BjFVFUE2lqFC0Ow9EkjNK+HyMJFxJfLd3D7aQ5e/lEDlgKpzwWubghcKZi6/dN9vvrlITd/END64RFf/iivf/+QywJX2gSwznx+j/fO/8ybp35k7htXqFlxnNCCFXjHNuAeWoaN8ph5Z2DunsJE6zABq1gcfDOwcktklFKZN/FnqnWoDmFOtArWOWLjzPy11MLQiQKixr4MneIukGXDEAHlIRPttQDsIIEnBVQq3PuiQK7OpRs0mVeVR0tBqrrXWsTVUuDagdGTVfjUUYdmB4+2YLiCLgF7VVZpuqUfZnbBWDuHY+8WLc9aNM7esXgEJfR6rZIJiUslKCaR0OQkghITCUpIICQliZA0aVMT8U+OxE/6sqD0GALSwgnMCsVX+gyPdE88MgS20l1xTHUUc8Ip1Vkv26fYYpcsIJRkKmBlhp2yVIP3ylGAyV6W7VJMtUfKNdMOt1w7PApspbWW1gaPfGnzrGTdCqdsZZY4ZyvYssIxzVqOb66PawAtE/7Xk4LNj/7VaxqsekvWaLkCw3aDgOY3BpVyrXp+XZd6MeQfqbIy53UpmkfSPn54jj/EHj88KdtOG7Y/vKLrCT7W3q0bf6qnG7xbXwpcfavDeQa5hB/1rDwlYaCSwg0erx96ZRVUfte3vWrrnxpK1zy+pltDXtU1Q27Vw8u9dlVg6IIGq98FrH67d4Rf7x4SwHqPX35/RwDrbYGrPfz4+3Z+/m2rbNvGr7+J/b5F9tsm++/kd4GtO/fe0gWfVWHpew9UGFHg6sEJsdOyrmoOyrkeXBXIusKduxf47rtTXP/kGKdOHOajo0c5cuQo7777AW+9dYD163aI7WL9hp2sWrOVNeu2sGH9Fja/vp21q9ezfNkaFi5YxmIx5cGa0TmLuTPnMVs6qVktHXSpWVcNDcxtamChtK8Xl7A/OYV3/UP4wNOfD9x9eKMunzldJcyRB/R4cSOnC/LYGBHN1sQ02qaZUGdhRoqTBZlJUZQpb05tNFWVkeRm+hIZ7C4/5PKgWkxgwsC+uJqNoTDemcI4e7YuKmBNVyILG8NpK/KmIsWK0lQPls/IpqM8iPZiL5pz3KhJcZbOs5Bla3fSUlNEUZIreQleFCR4UpTsja/jBJwsRxIfKfvXZBIbZKtrC/q6TibcdzoZcS50NeTQ3ixgluJNZUmy9mSlJvjRPrNHIGETyXGepMU4khJlLx2lna5bmJ7gRmaiN6X5sQKKvhRk+OmCz4WZIRrOCnNCyUvykfUAKgrjmbt0M3N6erTkw5a3j9LYVEZudgxzlm8hOzOaxDBLOb4DId6mxISYE+o9We6NDdEhFtJxWxMbakNcpDN5RflkZUaQFOtBSqI/QUHOBAY4Ex0TQGpqJNFRAlpJSWQXlJKdm0eGKreSXyL3vZZ3d2/kxuWT3Lx2lhsCVpcvXeDalYv89M0X/PrtZ3zz2SVuXD3HZ1cv8f23X/Hl7VucPXORc+fO8+n1T7h94wZXr3zGR8cv8fa7pwQYDzN71T7qZu2grG0j5R3rqJu9jpoZK6mbsZzqjiVUNS+grGY2JQJYhQWt5GTVCyBWCRAWER+bRUV5K7N7NrBu6z72vHWYrTve5539RyjOryQ1OkWXZ8lJyqA4PZcmLf5pqEvYWtlIfUmN3Pt8MlOy5H4XaY9TR3078+T5XThjPotmLWCBDB5mtXbJ++p0TcC64irq5H1VRZU6rKdmCuYlC4QmpVGZk0V9Xq48N2rGaSzJMqqNDYok2DOIADd/Aj0C8HXxwcfJm1CfIC0iqjShFGDFBEcTFRRFfFgcqQJZscFhBHgF4Sj7uguYeLoF4C/rAd6heHmG4B8Qg52DDyYmjhhPs2L6RBnVWrmxaMkmrl2/zb5DZwS+NzGzW76XAor11a3M6pgvA4F5lJU1UVvRIgOWucxdsNkwU3DWOhYs3cXyze/Rs2wbLZ0ryCvuIr94Bt3dK5k3bx0rlm2nZ/Yq2hpms6BrodyLGvn/YnTx5oLUXHnOEuU5T9E6W/ERCQLwKTIYySA0MI5IVd4mOFGLhgYr2YXAeDzcQ3GwUzMCvTE3c2PaVDsmTbZl/ETp4MZbC2BZMnqcFZOnOWu4mmrqwbiJdowQUBg/1VGDlrG5tw4d2jgEa+/WRCMXxk120FIFKpSn9KB0qRnZpmr9qZynURMddVhJ1Q18STriPgInqiDzMwJEWhqh/1ie7jOUfzz/Gn8ToPrrP1/hKVXmRgDr6WeVJ+tVnn15OH0EmF58bax+j4Kv5/oOoU+/EQJVY+RYI/invP9plcf1wms88/Iw2W8cr6l8KZVzpeCoF6oGDDXWsNZX4EyZ0rlS3iwVLvy30Oh0XXRahRVVEv8rAyYKOAlM9R9Hn1dGaK/a8y/J9b8sMKdq88l1PNPnNZ4TQHxJQdaAUQJZ0xkyfDoTptgx0UTup3UgJi4xAljBWLrGY+ubTVrjBgrn7COqZBnLdl/kiAoRfnlPA5YCKWW3f3rIlz8/4Guxr35Wy4b1Wz+qcOF9PvnaYGe+uKvzsXYf+44lb35K48rjBGcvxFcAKzi5HZegQuw8UjB3ie/NAUuU60jE3DFG4MqPaTbhTLEK1XUTp9iFC4SF6LqJ481UonqAQGEEo418GTHFg1HTPAxq+so7ONpMTyZQtQ0VYKl7qjyTLwiM9lHhVQVbSn9suJH2QL6qtM/0ZILJepuqAakkLcYqL5axJ5PlfJMF6Kdb+WCrJEDcIrF1C8PZJwrPoHh8QuPxi0rEN0Z5q6LxT4khJDuWoJxIAvMjxMLxzQ3GPz8MPxng++XJ70C+P95FPngUCmQViOV741ngg1eBL+657gJGLmKOuObY45pth3OmLU5ZVrjkCChlmUtrJfvZ45nvhGehM16lzniXGcyzzFHW5bUiWzm+wJeyfFtcBb6c9TGsccm21nDmmGYlsGXJ/zJ4iH4xJIfrfCbDzL8nuVGP/gSsn3uT17/igfYOfdILWJ8ISF0QU0WVzxjgqheyHj08Ifax2HEeqbp/D8/rwsgPVWK5Tia/pKHIUC5GAdOXhlCiLmvzZW848tvesjO3DXD3x1e94cbPews7X+ptr2mYeiggpwou33tgCNvdF/i5e/+kANYxAawPBZY+0KYh684BfrvzDr/dfUeAarfA1Q7twfpVQZYA1293d8m+bwkw7ePevYPcv/+BmCoafbw3h+t8r+fqrIDXOe7cucAvv13im6/PcO3SR5z6+BD7336b3TvfZu+efWzZvJstW3azfv12Vq/ZyNatO9i8aTPLlq5g+ZIVrFy6kqWLlrJg9gJ6BCIWqHIg85fKj/BCGS3PYUb7TNqb2pnZ0U13c6uAViOtZWXMKSlme1Q87/uF8WFABId9QtndVM687gp64pM5lJTNpbwCPhK4OpOTwzYLC9aZmlI6ahS1JhaUm06nOMaD4tIIgQp/AQhfIvxcsB/5Gt4DXyHd0ZRYq8nE205jSVuh9laVySihLteX6gxXEkJtpWONZVV3KktbouipDmBZZzbr1q6nra6YpoIwanKCqEj3pTDRk1zlhQq2wttxkkBSMKVZwdKh2FAoI5DUaAcyBeayEtx1rlRJbhhJkXYUFySRmxFGU0cXi9Zuk47GmfhQa7lWR+lALYgLtiEiyI7EWIHDcCdy08KIDraTUX8wBQqUQh3JkHOXFaiyPl6kCZQV5yYJqG3X9RPLqmpZunqz1uAqq6hg/qqtFKR5kxPvSk6iOzGB1mKWxAUJcMW4EuBpRJSfnDfUSc7jSFpGKokJQQKMPsRG+REZHUhYmC/x8ZHk5GaQnZ1GQlIcGbmFpGbmER2bSGJyGp0dbXx8YCfffnaB729e45ubV7ly8RxXLl/m5s1b/PLz99z95Tt++PY2n12/JtB+jYtnTmu7/cWnfH37C7659TlXLl3lmMrp+/Cc9mSt2XaI+Wv3y/+3i5a5W6ntXE9J43IK65ZSULeYqqZFlNXOpqJuNoWFrWSkVZKeUkpKUgFREakUFjXSOWsFiSnFvLX/GEtX7eLt907S1DSLcP9I+UySSY1LE1DNp7W8iubyWqoLKmgoraWlooFagaVsJdeQXUhxTokurdNc3cSMxi56Omczr2M2s1tm0FbdTElmkRbvVLMRc1JytIaWyptSpiQfKnIKBeLTyYqLIyFMPteAYII8/AV2g8SCCRFACvcNJUBAy8PFU4fPYkKjxWII9AomUPYJ9g0SWEnRocI4NRNRvhMBfjJ6tvfC2z0AP28lU+CHk6Mvzk7+ODoG4eoajJOdO/Zm8kMq29vbFrDljQMcPfsZP/56n++//4VPv/iam7e+5auvvuerr7/n2mc3eP/Dj3nzrSNs2rqfuob5JGcIRHatYOe+k+zZf4I169+msmEJ1U0raO5aR0vbSpYs3UZrq8BVeQu1Amrp8dnyHMfLoCOWWIHFnCQlyZBEmF8kXi5yfTZumJnaYWnurL1tjg5q9p8XNtYeWJi7YmykClHbMnmSNZMErCYLQI1S6uRDpvGaQMdggYuxk+x1DtHoSXZMELAaOdZKg4aSIRgxxpLhYipsqMBKzRocK8dQid3Dx1syeIyZLqQ8VEBliJq+P8JMi1Iq1e8+0vE+L2CiCgqr9p8CTU+9MIhn+w7j6ZeG8Q8Bo6dUDtYL/fnrs6/w93++ZACs5wbw9z4DeKH/SP75otp/CM+9ooBqgNirGqqellatP6NCiwJo/xTYebbvYAaMmCIduCUvChz1E2BSHb1KaO83xABcfV9TKu/jtddqhKp1OMFee7FUx69gTC2r/32EgGd/JbTZbyzPyrX2GzyJFwSkFMz16TdK52s9++JAMbm+PgO1vdx/lCFcOFYgbbojUwRszZyjmOYQgZFtOMbOAvdN62ndcJrM9p0s2HmBY9d/4/ztu3zxw0Nu/3hfAOuBDg9+qeFK7Jfe9ueHGrxuCIB9+u3DPwHrwPmf2XHkaxbsui7g9q4GN7eoGiLy5uIeVoqZUwymTrECUWFYeiVjItBkYqdK+gToeoG6MLPA1ySBK+VxM5H9x5v7M8kqmGn2kYww8taerJHT3LWW1wgBLRUCVOruL/QfbygELa1elnuuPJV6WanqD1RaWpN5ZcgU7X1U91zNzhwgpkRkB8vzNlKBlrGAu5maHOAl8BeMrUs4du6RuPnH4B0iA4XQWDwiYvCKjMEvMRb/jCj8FFiVRBJUGo5/cZBYIAElAlkl0pYJZFUE4lflj2+lH/6VgWLBBFQZzK9Mtpf74lPqqc271B3PYhc8ip3EHHArssNDAZVs9ynzxK/ak4AadwLrPAhokPVaN3yrXfCuMsCWp8CWAi73QntcBLTcCmxxyRPLsRPQssU5w0Z5sH7VYbcnnqqHvbD1R6/EwX96tR6pcjACQQ97iygbIEsASQPWWV1AWYHWH4/O9gKW8l4dk/YkDx+cEDsu+58RuDqr7f6jc39C1uPeYs4q3PjvWXiGGn86LClmCE9+afCgqSLOGqqu/OmpMthlAavzGnru31fgc4q79473AtZhAaZD2u7c/VCg6RB37x4Qe09D1O939ggk7RV7U7YpqHpf7AM5xjGdEH9f/Y8Cio9k+YGCKgEsBXJ37p0WUDvBdz8c44svTnD+9IccPfQeR48oj9XbvP32Pt577wMBrDdYvWoDmza+zooVy9i0bh3r165m1aplrF21XABrCUvmL2J29yxmdnYzb3YPSxevlBHuahYtWEaXdEptzd10ts1kRtdcmuqaKM7OFstknnTY73tG8JGQ/yHvMHbVl7N4dj2z5QH9QDqt88lZ8loYJ1NT2Wtvx25rCxZOm8JCC0uax42l2NqIitIY8gRo4kLdiXKzIW7CSFosprDNy4GFdqY0WUxna20e3VEe5FmNJ9ZkNJl2E/AY9Qp+phMFsIroqYmgsyxCwPF1Vi9uZXaZH93lkSxqy6KrPIrMCEdyE73IS3Il1NeG8EAnnfSeFOVKXnogBene5Kf7k57gR2yEJ2H+1oT62xAT7UdmbhEtPRsJ8rXGx20q4QFW0qka4+86lWhfM4EbbyL9HQQObUhLDCUiwI5cAawIfydiAmyoyI2kvEiJM7rJNbiTn5tCdftiYmPC6Vm5nbLifIozI2gXAJg1fwF5ia6U5YZTkhdBcVYQSREuxIQ4ynnciQy0k/vkSE5aCDFBjqQmxBId5kd0uA+hwZ6kpsaTlZNORoZYppwzJ5uYhARCI+MIF3CIjEsiKyubNSsXcP38R3z32UV+/fpTfvn+Jl98epWrly5z7uxFPv/8c7758hZXzp/h5NHDnD12lMunjnP1/Gk+uXxRQP4Cn1y5xKnjp/n42GmOnbjAwSNneed9NbvtMMvX72Pmkj3SwW+ksnU1ZU3LKaldREX9QoqrZpJb2CLXWCPAUUJyYj6pyYVER6aRV9BA16xV+PtG0jZjETvePMLqjftYs3EvEfLjlygjy0zlYcoqoKq0mpriKgGlfIpSs3WosK22lbqqFgGrKkrzymWfGlqrW+isbae7voOu+nZdTqezrlUXhlYzA3OTVBHlbAHgNC3YqdrMpEwtXJoUkSBwFSmQEU1WbDxRAeEarEK8Ag2tgihZDvZW3qgggtUsQf8QArwUXIXi6+kn8OWFn4cfvi7epMtgY8m8uRTnlRDoG0agnwCatEpDSimg56aVkplRKJ93JCmRESTKuZVqentzD/WNPbzx9gf8/Ps9+Z14KL8Rj7j38DG/3bsvvxF/oP7u3X/IL7/e4eLVL1i9ZT8rNh9g1eb3Wbv1Qy2zsW3nR6xYd4C2mZtpaV9Jc8siauvmkJVRJQOJMl2SKDMxmxCfQDwcpTNw9ZbnORR/j0Bc7Dywt3TG2sIBEyNbpk+zYeoUK6ZMsmTKFGtZd2CiqrEnndnI0SaMGG3E6FGmjFX5McrDoLw50tmpPCQFFGOUiKYA1JipDoyb5sSoifZ6XcHXuMn2jBov4DXCVAOZKh2jOkyVXD5ktACMwJoS7XxOh+xGCxgJQD0/kL8JAP1N2qdVSO/lMTz1/CD+33/04S8KphRkvfiaTnB/6plX+fszLwlk9eUfz/bT0PSMQMszfYfyl6f7CtgMoM/LAmbPy2vPqv1e5G9iTz0n68+o/fvJOQfS57VRDBToGymdt7o25T3pp0yWtWdFJbPrxPhxWnRUhRCVLMOT2oQKylRul7onA+Qe9e0/TuBO1TdU3rcx0o7QMx+fl2tRocM+/YbzQl8V4hysw4b9B01g2CgTho+zZJzKa7MPZ6p9FNMdIjFzjSe2bCntm84wY8t5DVgff3ZHA9bNHx/x1U8PDN6rnwxQcnzGkwAAIABJREFU9fUvD7WpUOGXvZ6sWz891rla176+x5kbdzl48Vd2HvuWeTuuktqyi7SmzfintGvAsvNOx8guWM4bi4ljJEYOIUyx8GGKqSeTjD0YO9VZz/acaOanZxoquFL6XaON3AW4BL4EulSSvsrXUvlYU+3DGDbZjSHjrXWRZ3U/FUC9oNTfVehWwOqZV8bokK6qBamKbj8vIKq2q3uuTL1HwZb6TFSenILf4RMMz9wEE1cmmbljbO1jyMnyDMcjSIGVQYYhID4BvzgBrJR4QooSCK+KJlT6lJDyCMIqIwmriiSiNorQevnON4US0hJBSHMEoc2RhlYG/WGyHNoQJhZCcF2AWCBBtQJhVd74Vsn3q9oVnxpX/Oq98ZftgQ1+hDT5ynt9CWv3F5P3yHJgk7xe745XtUBWhSNeysodBLjs8SyxF8gSuMoTy7HBOddWebB6w4F/GNTLde7Tv3rzsZ54r3pzoB5qwLqldZ/UjLwHuljxE2/WFS1toPKuDLlXl3U+lmF23UUBLVlXMNVrDx71mtouoKST5B9d1+G+xxrebhlqAup6fbdln1sGT9aj272SCVf1vgrOHmiv1SVDq/KglGfp/hmBn1OGmYL3T+tw3r37R2T7h712hAf3j3L/3ocGu6+A670/ocqwTe3zkcDUBYN37IEAnT7+WYPnSsDyrkDcnXvn+PmX09y8+THXrxzn9EcH2b1jG2/u3cXevXvYs2cPGzduZsXyNaxfv1l7djauX8/mDetZtXwZG9atZsvGdaxduYxFPXNYNG8OPTO6mdHRTkdbJ3Nmz2fenIV0ts+ks3Mu7TLyry6vp1x1annF1JSXUV9WwuzAaD7wieJYQCzb6ytY1F3LgvBYTqTmc146poPeXhyMjeZ1M1PetLVliZEx801N6Zg0kXKBp4ayRIrz5WH0ssF/8ngqTKaxwGgyG01N2OFkxQ57Mw6V5fBOpAfLTMdQPX4Is83H0Wg8irixI+jMiaO5MJ7uDrk+PdU+hpVdMbQXeDC/OYvqbH8KEp0oy/AlJ9aB+FB7gR9LXQ4nLc6DhFAbMmJdSI10IypQRgDmY7A1Go69xXjiBRCru9fhaGeBo8VozKYOwcdlOg4WY3G2HouXszEJMSEEuhjh7WhMfIQ3ceGupMf7ExngQGKoE+V5cRRkxkln6UxmgoBcfgbl9Z2UlJez4vU35TpCKEwPZsGytVTJPc1L9JF7nEJeZpiWmchK9Cc5xpvCrGjp/AIF4gJIjQsgIyGQhMRo4mNDBFRCyUyPJSUlmvyibLnuZMKiE/ANDMfHP5hA6bA9vPzxDwyloDCft7av5ublY/z01Sfc+eEGd368ye0b1/jqyxvcunWL777/nm8FsK4LSKmcrEunT3L13GlOHfmQYx8c5OTHH3H27GmOHz3O8Y9Oce70BS6cu8yli5c58P4p1m9/n2Vr36FzwU7qZm6iumMtda0rqGpaQGF5F0kplcTE5BMfk0dCbI5AVoGsZ5GVX09D60LcXIOIT8qjZ+lmFqx4g617D1NW1Yq3wEx4eBwRUSmkJOeQl1FAfkquAFIOlfmldAn8z2wUmGpoo6OujebaZgGsZtqqlMZVo1gDbTUtsq2J6sIynVelVOCVQKgKh8UGxwpERWiwUmrlKkym8qqiAsPkGUkiUZ7rcN9w2UcJairw8NderHjluQqKIE6VjYmIIyMuVdcojAqWka93AA7WjjhaOWBubEV0VALz5yyivrJBA6O/TwgmxvZMmmhKgCy3tXbKa1VyvjjSo8Ri4igtbtCyFskpRezZe4Dvfv5dvv8PNFDdvf9IBnOPZLAm0KWWxR49fiy/PY+5+e3vnLj0FRv2nmXxlo9ZtukwS9e8y3xVf3DRFgGsJZSVdcj3r478zCpSEvLISs4nOSpVBhC++Lr7a/FTZ4ErZ1sBLCtn7G1cBLJcsLJwxWianTblsZooYDRFwGjKZFsmTrLSyunjJ1oycbIdE6fYM05AaeI0Z8arfJjphhysCbKuysFMN/fB2CKAaWbeOiyotJ4mm7oycoKddM7uWgldiW2+rDxCA0Zre7rPIIGll3jmeYNX6i//UBD0Mn995hX+/mx/nnphME8LlCi4+t9/eZr/5y9P8X/+8Sx/eeoF/iEQ9dd/PCfw9Yy87zm9/vfe0OHfnu7D//nbM/L68/z16ecFsF7RcPWXp9R7++j9NJQ9L+cQyHr+1ZE6wVrNRFRCoQqklMelz2sTdBhQzR5UQKWKQSuPloIq5fFSeV8vDxzPC6+M1vurfC8VGuzzqgpTjqVPf4FHAT71Pzwj5/m7XOOzAlcvCmQ9o7xsLw2hzyvDtLxD/2FTBPJsmG4TqL1HZk6RmLvFEZItv4lLDrHkrWvs+vhrPrr+Gxdv3+PGDw80YH2lAOvHf8PVE8B64tVSAPbZt48EsO5z6os7HLr0K3tPfkfPziukN71BUs16wrLn4ZfQgoNfDubOUdh6JjDdypdJ8hmqWooT9eesZve5ahX6cUYeTLIKYqptqC7xM87YW4cUJ1uFMsEsQEs6qBmIY4xUXUVfRk93F9BSyvqWDJvoRH81Q3TIFIEreQZeHslTfRVMj9LWRwBVebWeE/BSppb7DpyoTZUrUrIaKmQ7dIyFQKkVY+W5nGLmJtfrjblDAPZeYXiGxRGYkERAQjzBaQmEye91REkaUZXJRNcmEt0QR3SzfN+b5LeiOYbw1kjC28OJ7IgmSvqdmG4Z9M6IEZN9VNsZS0S79G+tAlqtoYS1hQpACXA1BRHY6ENQszchrQGEt4UR0SED9K5gIruDiZ4VSsysMCJnhBDeJWDW4iMg5oF3jYuAmYv2avlWOuOlQohlDto8igS2Ch2VB8ugY2XwYv03YD3SIcLf/vRiPVQQpoU5VRL57d6Q3peG8J6CIu196k1811pTX8l+X4t99acZRD1vaE0o7f3qhSQFTSpx3pA8/4UOCeoCzL0hQSUI+lALed7WUGfItVIerGsCO5c1WClv2H2BIQVY9wSw7j44qRPb7z0Qeyiwdf+4hqqHD44KKB3T6w/vfywgdUy2HzfA1BPT+6h9VR6ZCj1e45EAlmoNIHdZ3n9Be65++vkkNz87Jh3gIc6dOsoHB95hx9ZtvPHGTnbt2sv6dRtZtWqNANYSgak1rFm9kk0b1rJh7UqWLpjL0vmzBa4WsXpJD4tmt7Ni/kxW9Mxg2dxuZnW2ClDJaF/gqqO1m66uubTUd1AnnVRNRR21pdV0NzaSEa9CCZGsklH2+56hbKutZF1zM6tCYvkoPpWzERECX17sDw9nh4UFb9rYsGjadJYLaDWNHkXRtLE0lidSVBCNh/lkfCeNo3L6VBZNnsguZ3t22lvwtq0Z7+UkssNuOrssp7DWdCLtowZRMX4YScP7k2JpQ0vTTOnQ4vDzdBCzYk5dJI35HtQVxZCb4EFyuD2FqQIuAlvJkfbEBdsS7GUhHaolfk6TifK1JNzLXCDPhCgxV9OheLq70tyzmbAgb+zMxuJmO00gazxudlOxk2twsp6Cl4ezbDfHU+DK09mG6GAvUmICBa5ciQl0IT7YlYLseAGkIIE6B6IDnSguyqdernfm/FXU1jaSHulOVnwwy9a9QUVxNoWZ4Vo3rCg7Tjo6T3KTQ8lOD5NONo3stChSE4JIiVXSEDHkyZc/Pl6+yLHBZGYmkJgcTXRMJK6ePngHR+Pm6Y+jk4yQBKyiYhIICY2gorKMd7au5tMzH/DDzYv89u3n/PrlJ9y4dJJLZ05y4/Pr3Lp5m0+ufspHh49y4exJfv7ha769dYNjB9/l4N7dAlnvcVmA68Lp05z46ISeaajyt65evsjx46d59+DHbN91iEWr3qJl7jZqujdQ1byU8roeCko7SM+qIy4un8jwNCLC04mKzCIkJJXUrCrKa2bg5hyAj28kze2LyBboUjXyNm49gH9ANHa2SpzSFx/vYKLkOVO5WQXp+TSU1zKnsYGFra3MbWnRkKU8Ve0CWY1ltdQWVWoB0oayOp17VVNYQVluqTzDGTp5W9XWiwmKkmcimoSweB0qiw2JJjxQRqECqsnRSaRGJQmQx4nJj2hQNBHBUcTLiDctJkkDWqp8D9R7FVypfLG8JFW7L5XMGHkO4+PJT0omMy6O7tpatqxYSbV8j6IE4NzsnJkwwUggywx3F3/KiqtpqW2lXHvn5D2xMTQ3L6S6fhGJibksXLKWL7/+gZ9/u8u3P/3O9wJcv/1+n98Fsn74Rbb98Bu3v/mV67d/5NrNnzkmkPXW0c9Zteccc1YcYNnqd1iz9k3m9sjnUtWtPVhZWZUC6SUCkckCirEaHEN9gglQAqICW14ufrg7++Kiijnb+2opBiW/oABLhQYnTRLAEliysPDQelduLsHY2wViYx+IlX0olvbh2Ck9IqVD5BKLjUCAklowsvDH2DrAMIVeTauX91g5hmLlIJ2wUgKf6KLLzSixzuekU31WoOOffQby9IsCWE+/yF//+gx/E/D5qwDI//7LP/k/f31atj3NX/7+rMDJazzz0lABqef53/+XrPeOi+ra3v/vvTHR2Bv2gqAU6b333mEYhgFmmGGG3gVEQUVUEBWwotiNxjSTmBg1sXeNvaJiL1ix95rP81trDyb3fn9/rNc5c+a0OefM2e+91trPatdB2BcdOqFDhy5o/2UXWqcrPqf5dh0Injr2FMaAxdt+TkDG37Wnz10Ipjik2JEBriNDVl9q0A3QjQCnO1lXgh0+P84L48TqvsNsdZA1wFx4r9ib0qv/SPQgIGC44lBi70HmBEkj0Luvqc6rNcxK6GOxR4shi5Pb2YvFelnsverUtS9ZP3Tn386AR9aTflv/IbTuMHMYjHSChWMQzAls7L3i4BqshjRjOkrnbcXyrVex7fQjHL7yEmdvEWA9fq/zWj19rwMtmr///IOwT+HBO0/eCtC63voel+6+FTINBy++xOaTjzBv3XmklH8jEugVRYsgy5gBP0ke3ENZqFpFcMweK3+hvM+hYAYta2cGrkCCZwIq11gCrVCYsrCrS5TwYNn7JwuwsqTnwIK1zVwjyGLomobQeiEY6RyNkQ7R0DN0RmcCqW4DTAiuDNCpF98HE/ToN1Lom3XvZ4QuNO2kZ4gufQ1196i/kbgXegMtBMhyjUoOM5va+NA5+sHGOURUA/AIkMInTI6Q+BREUnsizUpFYnEmVBVZSKnOhGZ6OjS1qdDU0ftiOr0valOgnpVKpkbKbJqfQx3p+anQLqD3RGMa0sg08zKgmpv2D3TNVkE9Ww1FXRKBWTyS6uJpWRKto4C6gd4985VImZuIlEYl7YM60PMVArbYoxU/PQqxVWGQTAmDdEo4JBNDEVsZRrDFFoKoCcEILwslwPrreduovaf/jN5rU2b/u/7e/734W539fVui+8cP94S+lS5P6r4OhoTpys0IrayPT3QjA/kYH1+2fW5tU1NvFWE/MaqQc7CEJ+yW8JAxvL1niQVWPBfHuiO8VwKy2Gh9Bh2R1P7+ivAucXK5CA+KZPNmHWxxqFCIiDYLb5MuJ+sEfU9GwPWWQ5gMXyyr8Pa4gK93BFzv6PP7d0cIvgi63nEYk8OgBJDvdSMmdVB3nl6iJ/Dg4UFcubyfGsQDOLJ3K37/bR1+W7cRa9f+hu++W4OlS5dj/vwG/Pjd1/hm2QI01NagcXYd5tJ02qTxmFdbhSXzZqBxZjUWz5mOJQRYC2i+oXYyFtbXYMn82VjSuBCLG5eKUYV10+egbmo9plDPf3LFFEwoGUuNCZG7RIKirFEYn1+EZekl+L26Fj9WTCTAUuJgei5OaTNwSBaPPzVa7AgKxjZ/XywjwGq0sMJ0I2OMd7DG5PI0lIxSQk4wFWNqglKzkVjq4oR1ngRkId7Y6OaMnZkp2BzsiZ+drfCDkwXmmw1H5bBB0A4aiHHqMpSPGgeJqw1c7G1ga2UsQmu5Gn8U5SnFKD91vB9USZHIy5AgLsIZCQRUkUG2CPOzpAbEXeQzxYY6UeNIvQJ/KwR52WJC3SqoNKnwdh4JF1tTeDiMJKiyg7nJENiMNKCGNxqJMRFwMe4LHwczhHo7IzLAG75uDgj2c0OwrwvC/J0hiw1DiL83bE2H07F8kZuTiSm1y7ByzWakJSdCIw9BTGgAGlb8hunTKpGtkSIrhYCqKItALYga61gCLBWyMpOQmaGCNMoPGgKs3CwFcvNzESuTIygoAPEK9lYReMTEwsraFvYuXoghQPAPCEB0jATajCzkFebTva3Dnk2/4BoB1b0b5/Hk3lU8bGlGy7ljOHV4Py5dPIcbVy+L/Ko9O/bjxJGjePToLq5eaMLRfduxf/NGHNm1DRdPHRNerTMnjuE8TZubTtP8SZw8dlpA1t59R7CeC0X/sB2zF61D5dSvUDB6JnIKq5HHCu5Fk5CXOxZqdT4S5JmIjCR4zJ2AkvJa0Yj7eEVgzPhapKQWQaUdjXVbjmJmw0q4uwXA3SOEGu9wBPpSjy40Gkn0vGWmZmNsfiHmTq4UgDW3phZzptZhVtUMTK+oEpDFUg5cILoos5BAthhlo8eJ53dURqGArZLcQnpu0um5TkA0AVxMhAzxEnrBKbRIIVNKk0UiuIILO0tV0BJwpSg0YmRgfkY+ptJ/o75qOv0/SgmaM4Qni0vtVIwahZryMkwvr8C08ZMxv7YWv69Zg+2//oZfV63ElOJRBP1caioRYUFhCPALQZo2jwBsCopzCgjU6X6n5mLi1CUYO2kRIiJZd60BR05dxuUbrWi5/xQPnrwQsNVy7zkuXH+IUxcf4GLLE5y/9hBHmu5g76kW/HHgGn7YeBpffbcX8xevw7zFv6Kq5isUFlahIH8C8nMIONMKkaZIQ0KUHBH+EQjyDhFCon409XQPEPlXzo4EVBZuwizZrNzh5hoCV5dgmobCwyOCOh9KhIelICiEoJgaXQ8/BUGWAs5e8XBkDwY1mFygeaRNEIysdSKhQ4zchO4UJ4WPZLPxE6PBhpm4iwRmlkfowp6rzgQ6BFdffNkDX7TvooMhmvJ8u3Zfot3nX9J8JwFQ3fuxF0gHY+2+oO8Istp36IwOBFgdBGQxlNE+OnYXMMXTzxm4aJ8dOnbT5Wp1Hyi8SXxsTopniYcvu/ZH556DRe5WzwEj0GeIhUjEN3cIEnIBrNvUh3OHCLDYOBGek9W79dYnKKJGfpg9+g+1Ri/2vPQ3Rn9RINpKCI9262MsPF78WYxiJIDrxqMeCez4fDp17yN+T8fO/dCn/3ACM2PanyWMCWYMLb3h4C2Fi38CQhJLkV75Deb9ehp/HG/F8RuvhagojxDk0OC9Zx/acq50gNX6XPf51uO3Ysrr8GjDi3ffCHX3Py++wPpDrZj/6wWkln2LzInfIaVsBcKTx8MrIgMeBM+OnnxvI2BhHyy8k+wp4rJGZnb+MOIBDwRbHC5kGDUhcDJizxbLKtAzweKhVi4RGEnLTek6jrClde3DYU5AZuERD33zQPQcao9eXFbH2B296PoNNHZCdwLTznq6nLsuesMIrEagK123rnRdu9H90ROwaiE8iQMJrjgk+8mLZUznxF5TrnPp5iuBd5AcAZzwrkhBLHWO4rMzoRhNkDU+EylTM6GdmY3UmQRRM9XQzqH//lwttA3UuW2kKVn64jRksC3JJMtC5qJspC2kbdqgS9NInbcGapPmMEgpkDJPAc2CZAIqep8sUtO2BGmLVEhdrJtPW6hCSkMSFLPikFgfDXltFIFWNOKnxSCuKgayqRLIamIROyUGMZPo/V8RxYD1SfTzqc6LJUKC/62M/t+lbV7+o131UafG/ldbYeS/7eOzv4shfwo//qNl9WkfbUn0tC5Dly6v6lYbcOnKzIiRgh8e6BThRf7VXREefN/mQWMoey/AjKdX2rxK7F26SnaNjL1c1wjArulytt7f1MHYh/NtmlU6xXbOq3rLOVUCrDhkeIhgi3OsjguvFnvDBGC9u46P76/rxEM/XBSesgePD+Py5SM4e+YIjhzYgZ9/WI0VBFSrv/6GwGoJ6munYXpVJepqJlFjOgMNMyZjZvVE1FZVYNa0KjTUEWzVz6CXfA1mTJmAGQRc9VPoxV85DjUTx2H2jKlYNH8u5s6ahbpp9ZgwfhKmVE7F7Lo5mE4ANaZ4DDQJHBaRixFdBdSIFGcUYyb1hNfOXYrF48ZiMTVQBxIzcUyThYMKNQ6labHdPwB/+Pligbk1VhAA1JqYoszeHpVlqRhdmAyJpz28+/dHha0NlhBk/eTlio2hvvjN3Qnb5BJsCfTGb7TOj67WWGxtjCn6gzA+RIUx8VnQ+vojKdgHRkMGYvCgfoiL8YU6wR852UkYU5qJsEAnJCRJIZMGwMPVDIH+NgjytYWDvRlSkmOp8bBHdKgnQoPdYWQ4AFpqcNLzx8PZwgAjhvaBO60XGegGHxcb+LrawtfDkSCHzpn2Ee40FAGOIxBoZ4gQFwt4OZrB1c4cNgRiJkN6wNqIpkP7YUC3jnB3toWWdZTmrEP1nJWICPWHJMofDg4uKJq8GCpVMmKjAuDmYEHQIEGAlxtCfNygSlZARp+TaRoa7AV/ArjEJDnCo2Pg6RsIOxt7ePr4w8svCH7+wXB2dsewYcMQRPAhS0hERHg44uLikJ2Xg+9XLsCZQ9tx/fxh3Gg+iQe3LuPJncu4deE4zh7/k8DqNB7ev4WnD+/j4oVLOH+2GVcvN+Pk4T9xYt9OnDywDWeP7sWZw/vQRMvOH6NnkWDr7KmTOH38OAHWSTSdaUJz83mcbmrG1l3HsOSr3zGxagVyi+qRnjMFGdkTkZc/Efn55UhLK4JSkYuYGDXyi6Zg1OipBBhRQlMpQZlHUDaVGu4gjBo7Deu3HyU4mwhPj0CEhsQiOoxH40kIOmMRH5sovEnjC0tQTRAznToDLNXA0zrWzSqfhHEEUQxUnMien5aH4jwuA5MlRsilECzFxyUiIZbAIjACPh7BOl0n1wCCvRABcwE+YQRA9CILj28T3UwUEMYwJomMp+OnoaK4nCBqgihCPXl0Ocqo85GlTqXj5WJcQRmqx1Vj6Zy52LNlK/Zt34nDO/fh+P7d2P/7WvzxzTIsq5uCXFWSqEno6xOKJEUWRhdNQEqSGpKYZBRPXIi80pmQSjUiX23fkWZcvHEPdx48wd0HL3D7wStcu/sMzdcfo+nKA1y+/RTHz9/DjsPX8duuC1i7pQk//n4KC7/eignVSzCmohG5xbVIyyyHUpkNtTKDoD6DACseMcExiAqNpf+PBGHBsXTNJYiJSkJkeBL9Z6JE2Ru/wHh4+3FyfiIk0WrESdMhj8+BPC4bMZJMhISp4O0rg7tXLBxcY2DtEIaR1gEwZb0qauR4FN5AAych2NmTE5dFeGckevYzR1cCja4EICy1wKP5+Dv2SHXsMQjtu+ihXYfuwmv1efvOOqgicPqyY1d8/nlHgq6OOk8VLevYVQ/dCI6+ZMii7z4B2N+Q1b6T2Ed7ArL2nXrQfDexHu+DQ4ifd+ouwnLseeo5kM6hH4fpDIUXrdcgI5EU32eIma4GIUEOG8sL9OZcsYHmumTstmT3rr30CZAG0e8zot9sJZb1G8KFokcK7wp7uHgEZKdew0TNQoYsHuXYiSCvU7f+BFZ9RJJ7F9pH5y4D0JOArc+A4QRt5nRcbwylc+DQKxeG9pXmIlJD7+/lu7DmQAuOXnshwn0sLHr7iS6ZXZfc/l54s+4/+zSC8C3BlS58eOPhB1xp/YAT119h28mHWHfwHmZ+dxIZ5d8gq/I7KEYtgFdkJsGVmuAqGlbOwQRQAbBwCBK5YZwzxyAjilbTdJipq1ChZ+gy5FGkBNGsX2Zk6UtTXyGpwKDK8+YcMnaX6lTqCbKGmvlBj8C0t4Ej+o5gZXe6xnR9OtI1/ZKuR0e+LvR8dKNr2WOITmC2n0hw94O+qadQ4Gd9s0FGulxAHljB3jUrlgtxD4OzTxQ8g+LgF5mAQJkSkfS/lWVmILEoE8ljsqEcl43kydTe1KUhjeFqjhqaBg3SFmgJhGi6WIuMRWkEVQRYS7OQsSwXmctykL6UIGsxvWeWpCN9UQrSFxJEETgxPKWyl2phMrQEVOlLNchelor05bS/ZRpkLWVgS4F2gQKqufECspJmSkXIMKmegKtWhsQ6tjjIp1H7NjUW0moJ/iXK2Hxs05sSYPTqv+oNvm4T9vyk6P5GV5rmr9d/z39aR+fpetUmDvpPrcG//garT6Vw2kRDP75q84g9E4rrulGCbWFBVof/8IiMiyW3ipp9H9sS3XV1Ae+K8OS7D5wHdlvY2w8tBEK3CaR4+X363Err3BfAprPbuu2FkvsZXc6YyN06LWQW3orQ4J94/WY/XhFsvXlzjGDrqAg16rxil4QMw/s3F/Hy9Wnce7CXGq0/sHvHRuwj27L+J/zy0/eYNXMWqqZUoa6uFhUEONOrJmB+fTVqxpegfuIYNNRWYfb0KVi1qBHfrFyGpYvnY860alSOLkF5USGqJ5TTi78MNZUVqKXlM6bXEExRr3/iZJRTr7+mqh6V1GjlZOQiIyVFJLiPzi8RoZE0OUEM9XxnT5qFJfWzUVteghnU2ByQ5xBgpWOXRIZDtM0GXz+s9fRGI8HVEmsL1AwZirG21pg0gQAtLwmBDqYIN9DHBIPhWEBwsNHXE1u93bDVwxlbQ4KwOcAHG/xc8LOnIxYYGRDEpWCiNAuyzt0hH2kOdUQozIcNQt/ePeHtYYPk+AAClhio1VJ4OJsjWS2Hn68DLCwNEBTgAAcrQ4IsFyTJwqnBCKDGMgQWw/shUZmOCVUN8HUmEKNjBXk6CSX7qEBPRPi5IybIC4mxMdSgR1HjGkTbRSAqPJAaIn9EhwdBHhOK2CB3hLuawt9GH57mg+Fk2AMW/T6Hm80IBPuHombJdjpOGjwdreBoZYDA4DBkja6nhtwPAf6BsDE3ga2lGXx9fWEPNwqZAAAgAElEQVQ0WA8e7q4ICIqED8OUgyNMTE3g5u6FoOBQ2NjYws7OnpaNRHScHC4envAPCIKjoxM8aF4anwh5YiJU6iSUFGZj05qlOHvgD1w9vRutV07gScsFPLh2Gi0XT+DqueNoudqM+/du4smDO7h39x5u3LxB0HQMJ48ew/VLZ9B88jBO/rkHh3ZtJ9jahwsnj6HpxBE0EWRdOHtG2NUrV4Ssw6XL17B19wks/moDJk5dhtzSWUjNqYI6tQwqTSkSFIUEgFnUIKeJhrugaDJSM0fTfQqFj2cwQsPkGDNuJkFjNNw9w5A3toYA4SAS5CmQhFBvLjoeqtgEZCSpkKHSYlRWrgCciWMqUVlagYrREzCRpqyNNbFkvCgOzSMHM1MykJuag9E5xUKvShpB8BAQjnACK05cl4ZLEE6fPV39YW/nBic7D7g6+YraeZ50Hv4+4WL9EL8Iul8RSIhTEFCxblQ6RhPA1U2cRFBXhRWz52BlwxxMLisjuCpCeUEJKorG4quZtVi3ahn++OVX7Nu9B3/uP4QrFy7gStMpHN27Hd8vXoCxBbnUSUiCi6MnwsISkZ5dRr87HQmJWSgon40cgqJkzSgsXLEOW/eewblLt3D51gMBV9fvPCXoeoKTFx7i8Lm7BFuPcPjsPazdfRFrtpzFuq2nsPrnPzGhZgWKi6airKweOXmTkJkxGjm0z0xlLmQRcsQSXCXGqURZHFlUMuIlasjiUiHlaawGcnkWNOlj6b9VgqTEfEik2YiTFUKZXEw2ClExGQiLTEVwaAp8/RVw8ZTB0Z3L20TByVNKDVsIRlBjO5QaPU5yZ72oPoMs0b2vKbr0HkEgpY+OPcl6DCWgGoAvOvfDF+zF6dYXHbsPQPuOvYXnij1Y7HHiEGCHjl3QtWtP/Oez9gKkOhEcfdmlJ4FTb3ToNhDtu/ZFOw4Ntu8otvlCeL46t4FWRwFaDFUMY1906EbH6oPO1HCzxEPvQaYwYDFRI2f045GLHOYjUOqnbynyf9hLwmV6WJOJR65xcjYnWbO0QA9q9HsNsBBhzi8FIPYTIxz59+rRMjYGLVaF79zbQJxrZ4I6sf1gSzFykeGKvXfszepJ23bqOhC9+xqgVx999OhjCENzdwGt7JWxcY+Ca6gWocrRyJy8Go0bz+PABXou7r/F5QdvhbDovU+A9fS/E90/iAR3BrDbBFjXHr7H1QcfhOjohsP38evBu6hZeRhp5SuRPLoRktSp8ApLh4u/HLZu4Rhp5y/Cg+yt4tywvoPNoT/CHkMMOR/NXiT6f/IecaL/CAsCUg6tmrrqtKwsvUUxayNaZsb1Il0lMHOT6jSyjLxFzUJDa38CsxDoGTqh+0C6rv1N0IEAq5PeUHTrbyxKI7FXqxeP5qR7pTfCEX2GO2HAcGdxPfuJkKytSHxncVgTax9YUUfKxS8MnmES+EgSEJygRrAiGWEpSsjHaKGcnIHkmgyoalKhmUE2k0OCap33igGrkT1OGgIsLTIXpyJtaToyl2cTZGUTOGUgleAqbUkqMpfwOgRZi9TCUhckC9gSgLUkhYCM9kWgxZZO8xparlmohHqenCBLDuVsOYGWLkeLTTk7HspZiVDM5PwtOcGXnAGrVQc4wjP1/L9A6dU/9f7a4Op/ij1DV4BZFIb+tOyvt3/XLPz/rf9fSvEfPr7WGcHV+48sGPpEKK+/f9+iEwtlLxYXRibI+sg6WAxUBE88ilCU4vnQBlkfP+V4PSR7RND0AB/f36fpI7wT4UgOUz5qU3b/FMK8IzxQnGj/QYw+PC1ytV69+VOMLGR7QZD1gqYvadnLN4fFKEHW0nr99gxevDqFR8/O4c7d4zhzfBv27tqCbX9sILj6AWt++AazZs3GuLLxGDe2FNOmVGBpQz3m1U/B1AnFqBqbj5lTylE3qQx11ZMwf+4szK2digklBRhXXIgSepFPHFtC646jhqgU4wi6JldOJMCqxrSqaaiqnIqxJeOQpqYHR6Ol+SIUZmUSXEQiLDQcysQUTCitxJQxUzB90mTMrqReukyN32QZ+DMlDftlSdgrl+NHNzf86O6ORnMLrCYoaDAxQYWbE6oqslCUI4fU3Q4RBEilQ4Zg0RADbLS3wVZHW+xyc8YmT4ItP0+s9XDAansrfEMv/rXpZcjrNwDyzt0QRL3WODdXuFiOhMGQfvD2dEBkqDuSE8Ihl0UgJNAVkVFh1FCORLifAyRBjshNDsfoNCm00gCU5WuQq6YeQXw8qmd/jWRZJILpWPKoECRFhxCsRUISSVO5FNLIULIQRAX5Cw+TPwGYn4cTggM8ERIaQA1gArQaBdKTo6EOd4AmxBIJnkaI87ZEHIFXgjQBM+f/jGA3OkcfJ9gP+jcUEgkKCifB194MUQF+8Hc0g92wrnSubnA06QcH496IDAqhRt4F9g52sLKyEWDlHxAKLy9vuLk5wtPDgyAsAJEEtLb2DggOCRaAFRgULJLetRo1ykdlYs9vq9B8cBPunTuAlrP7cffSUdy/eAiXju3BhWP7ce/6Rdy/cx337tzAwwd38exJK+7euokLFy/i3NlzOHviGA7v3I7dm37HiT/34crZ07h05iSunD9FAHYeNy5fwLWr13HzRgvONF3A1p1H8eO6PZi7+FeUVy1FfulMgqiJSE4pRZQsC0ERKrpucrpHUqRljUOsLBW+XsEEv+wxCkdR6TQCsWwCLFb8DsXkaYuw8pvfRY5QQhRLJcRBKYmHWqZAnjZbeKlEGJDgiRPYWaE8W5svPFfjRuk8WOnqTOG10qrSoUhIFmHGMF8C5SAJWTRi6HNKPNfckyEsOJrgOQZ+PiHwcg+iaQTC6fmL5+NLFFDQsx5HL+SijCxMLRuDSgK8huppWDl3LhbW1mFO9QxRi3BMXiEmlY7BpJJSLJ9Zh/XLG/HHd6uxd8cW7Nm2E7u37MDRAwdwiq7v8T+PYse2zdiw9kdMpQ5TWGAoomMUkCnzkKQahaSU0SgqbyDImgptdgUWr96MXQeacPDERRw/30JA9QDNNx6i6doj7DtzB/tP38G5aw+w/VgLvttyAavXn0Tj1zsxo+FXjB07C5Vjq1FeOhkFOeUoTCfISiFIkmmhkqdBlZhO/3F6fpJzoaXjS2O1iIpQQBqTClVSAdI0Y5BKsJymJWBOLIRCVUrQnIeEJJpPLqH5AkjlhYiQ5CEkMgs+QRq4+6tg7y6Dg4cUzl4yoU/EngtTK19RbmYwFwUeqksG59FhHDLr2suQ4EIHWO2+7IHPCH7atSdQatdRwBQbe5zYvuzUDZ26dEHHjuyh6irCiSwq+mWPgTrvV9c+Im9LeKra6/KwPm3LkNWufScBWB076tEx9US+VV99OpdBI4XQJReCFjA41JrOjfN/TP4u5sxhqOGs+2XpQ9DgJsq7cLI7SwxwnpBIwO5jhN4DjEV+VS/OD+priJ6sxTXARCTB99O3Jsg0Qsdeg2gbI5GX1ZWhi6CMZSMYFnlEIyfc9+7PulkmIk9rgKEVAaA79Fng1NwVriEqBMkIdDUTMPXr/dh86gGabr/ClfvvhKjo3f9HnoEB6/5zHXRxHhZD1g1a73LrO5xpeYOtJx7jq81XUfP1YSQXNkJZ0ABZ1gx4ityrBJg5BAqtMoangTySkhPMCTyHDrPBYH0rUdB68HCWT9BJVHARa76Ww809/la5Z90qvn6GfA3tgmHmFA0TxygMMqdnwzpYFJK29YyHgWWQrkD0cAeCV3N0pmvala5Vdx6JyV5DHjTAHiwBV7QO3Sv+rjfdB76HA2hZHwO6L3ReDMUMp+aOvgSKkXCj/7u/LBHhKSpEpSdDVqxFIie5T00jsFJBNUOFpGn0368n8JlLcLSAPVEqAUoc1ssk0Erl8B7BVNoSrYAnDv+ltkEVm3YRbdeooG2VwoulZcjiZUvYkoWlLlUjZaECqsYEqBt0Se8CqubE65Lg5yXSlJdRB3qOkkyB5NkK/Et4dz4+ECDz8cNDEbLTqaa/avNS/VOP8P8IqhisRCHm/3vXVsPwQxtk/QNQYl1R2/Dd39/9Uzya9vfxDe3/tUiaZ7B6R8d+R3DE4T0O430aQcgeqPd8Th/uETjpvFO6EGJbXtb720LN/f1fOkjjvK+PH+631UrkUY/PhLQE54G9Y8j6q1UHZR+u/i1E+vb9KeGx+gRVT1/uwZMX2/Ho+VY8erENT16yIOkBssN4+Hw/rt7ejJNNf+D48b3YuuV3/LDmR3z3zbdYu/YHzJs3BxUTKlFTNQW1NZNQUzkedVMnYerEMsyi6eyayZg3YwoW1FWhceYMLF3YgLn10zB98gTUTp2M+mnVmD+7XixvoBd/ZVk5SkfRCzyXCzIXIYcajow0DTK1ZKlp1MvNRHQENzKh9ILlmnslKM4rg0aZiYkTK1E7bRLyohPxgzQd+xNTsVOpxYboCHxPoPQLQcB8E3MssbLFNMMRKHd2RPWEXFGOJtjZBp799DBaXx/LTE2w3toSW22tsZ2AYoO9HTZ5ueMnRxv8GBGDX7IqscjeHvl9+yGhey8EftYBPiNM4O/qBJPhg2FlMQIBvo5QJoQiLMQH0ZHB1Eh5IDUhGJMKZMhJ8EZWvA9NfTFKE4VMeRDiIwMxqW45xhQXUy+eGuxEAiRZFLSJEqQmcwgqAolyCfy9CXrsLAiqXODn7oSIEG/EhAXQNQlCVCRZeBDipFGIl8dCk5IEeYwfNBI6ntQHo7UyTKuZh2Vfr0eKNFIMxY91NoEyOgoFuaMRaDUE4a6WCHU0QqBZDwSO7IFoNzP4mnRBbKAblCmZsKHrYTrSGNZW5gRPQZARCHh7u8ORltvbWSEsLAzhERI4OTkSfHkgKDiQziUeaWlpmDa5DCd2r8e9S8fx/P4l3GqiZ+vIFrQ2H8TlI7txZv82XDh9FLeuXcSNa5fxhADr+eN7ePLwLlrv3sXVy1dxqfkcwVQTgf4RnD56CFdYP+vUcVw4eRg3LjSh5Spte/0abtxsEcrvx46fw+79J7B2/V4sXrGe4PJbFIytR5KmXABWYLgKXn7x8POLgyp1DPwDZfByCxL17dxdfajBLoQ6rRS2Dj4iVMe2ZOVvmD1vJUEODyigexWnFMnnaYlaAoQCgpkSFOYUIj2Fep2xyUiKSUISrZOSqIGS1osnWImLSEBUWCxCg6MI5kIR6huOIG8CO+9QRAREQy6h3iBtE8WiopFxkITH0L2MI8hQQ0pgFx4YCYU8GSW5BBkK6pmq0zAmJx+q+GSoZCqRl5VGz36mOov+OwXITclBSWahCBnOrJiI1XPqsXJWPdYsXEDQ+zOOH9iFM3QduUwRhw2P7DuM08eO4OSenfjlx7VYveoHTJo8E+UT61E98ytMmL4CdQt+QVX9t2hY9it+/m0f/th+HHuOXMKhphacutSKY813ceTcPRxtbhWerCPn7mD74av4fnMT5qzajemNf6CgfAEysiqQTh0WJQGUOjkHqep8JMWnQhqthEyaIkr6yAl8s9JLkZM9DhkZ45CdOQFaAj1FQj7k8jyo1EWIk2UjNjEPYQRfsfE5UKpKCAzTERubAUlsNiSyHIREZSAgLA2e/krYu8aSSWHtGi3EQ9mDwdpWHMph0Bpk6CS8PqzIzt6iL7uyF6s3Pv+yGz5jMCJA+pym7b7gsF8H/Jsg69//+UJY+w6d0KkTQVbnriIhnOUZGLQYmNj7JaQauvQXowpF/hVZOwFZXwqP2GefcTJ8T4K1PgQ0eujESuoEWSwL0YOME6UHtiWrd+w1FJ30hhDo6BTgdV4kHwEKXMZlCAEPq5FzmJC9cx27DxXJ+n0HjxSSDAP0/xlB2F+AJdc7tEFXgi6Gqi4EVz0GjECnHoMFXPH5ssRE556DaF1TDBlhL0RIe/U3xCACGH1jFjf1gJ13LEISR8M3Jgs51avx3S76P157jov33oo6hCwmKgDrybu2nKx/PFqskcXfCy9W63tRLmfXmadY8ftlzFh9DIn586Ec1YD47OlwC06GR6hCSCAYjnSl4zuKnDIOebJXzoDOb9AwCwIscwwcOlJ4tThnTehUGTjQcjsMHGavK6jNUh50/sMsPGBiHyTytIaY+0HfOgAjXaOEWr2RTRj0zViE1B3dCZhYrqGzHl2f3pxvZyigXG+YLfQI8hiwBrGqu4U/9M19aN9u6EnXulO/EehJ59Df0E7oknF4dwTBIY8GtXUJgSN7p2UJiMtORWJJBhLLUqEYn0aQpUFKfTKSaxVIqiOgmaWEZh4B0TxdgjqDVtpCtQj/iRAgmXqBgkApGWoCKk5a1y5IomVygqYEkV+lW5YsQoGaRfSeWqSAmsAqZTEBXGMirScVIULVXIIpMuVcHWipOAG+QSlMPY9hT2f/ei/yk27pQmg8Qo89RgQnn0DpH+/VJ6DS2V9/fST7P7K/dJCFNoj627P1/9Y4fPd3yFDAFcEPw9N7Eeq7h7dsIlm9WeRNCYAStQQZru7QshtkN9tCfbd1wPXuFi1j2HpEEPZEwCGrv78XgPVCdwwBWA/bvFwEcazj9V4HWOyV4hDgqzdH8Pz1bgKr3Wh9shm3HvyK22S3Hq3D7Ufrcf/RZtxu3Yrr9zej+dpGHD/1K7Zt+wm/rP0ZX6/+GssXz0Pd9IkEPBqMys9GXc1UUV9uyZJGAqwpqJtcSUBVhyUEYIvIVixZjJUrlmLhgnlobJiDhfNmY3btNIKtGZhbNwMNddMxs3oyyggw0jQZonHKTs2EVq1FRno6srUqRIYHIzQkCNFREiQrNMjPGoXs9DxoqBEZW0pQV1ODullTUUnAt0iVhw1SBdbFJ+GH4CAs93DD994+mGtpg8U2dqjWN0ApAdaUinyUFKjhYWcGx57dMdHYGN9ZWmCjtQ122Nlhj7MDNtL0N3dXrPELwtaCyVjq5oEGMyMUDxmK5N59IOmlBz9DY3gQdAw36AeDof3hYGsGRWIY4uNCqNGLwJj0GNSNU2N6eSrG5SlRWaBCnjIMJWmxkIW4Qks99/SMYgQR4CRLQhAf6gMvezN4OJjBz8UGIT4ukMSEQRYVTI2/MzWwPoiLDqOG2RVhfu4EXu7wJfiKCPJDCH0njQmnBkuOgEB/xEijER8fhyS5FNWzlmPZd9tQoIhARb4W4zOVmFRShOqKKqSF2iJb4gVNuDMyJH5IjwtHuiIemapkpCSrEC1NgoenFyzMTWBlbQEPDzpugD/CwyPovnDOkCPcPZwQFRUpwoT+Ab4EW8GIig5FWroa86ZX4vDW73H5xHY8fXAFz1uv4uLhHbhwdA+O79qKg9s348Sfe3DuxBHcuHgejx7cwvNnD/Dy6SOaPsTT54+FhMP1G9dx9lwTmk6dQBOB1p87t2Pn5t9x5ugB4cG6ef0qWm5ex7Vr13GmqRmHDp/Gpm2H8dPG/Vj63RZMmrkaFdXUsOdWIDBCDTdqCLwD4iFNyoOjSxBsrAkYHb3g4uiB0DCCw+wy+l2B8PQIhoODN8KjFPj6xx0YXTYVMdTbZAX1PE2OUCAvKxiDcaPGoIRzn1KzkUrQpZGrEC/RFSqWkUUGxyI6WEqgFI/woGiEBkQiMiQaXq4B8HYLRCQti4uWI04ST9+F0ecopNDLtrygEPUTxiKb7kd0SCSiw6IJsKOEXpQsIg4KiQKZSVoUp2cjXZNJUE7Hi5IjXpqIjGR6OcexrpUaFXn5qJs4Gavmz8fyulpsWLUMO3/7CVvXb8Cp4wSvp5sJtE7R9TwsPIP7jx7B9l0HsGHDTvz080Zs3n0Ye5quYPuR8/h502Es/m475i1bjx/XH8T2/eex79gVHDh1EwfO3Mau47dw7Pw9eoc8xZmLrTjZ3IIdB5ox/7t9KKtbi8KyhdBmTYYms4L+K5lQJmZBpcwhaEqjjoIWMVEEWbEElTFqSKJTqLNC74HIFOpMaCFPyIJMlkbPnpKetQSEEiwHhioFNHsHyIUiu4ePFD6BcmHudJ9d3LnuoAwuXjJYO4bDgkeI2bDnw1eAFdcCFOKhPPKOrCvn0xBgdWE19d7D0LXnYDFisH2X3kKjqkPXXujQqbsI8f2nXQf869+ft9kXBEid8EWHDmI5w9d/RJ5WFxECFF6srn0JYPREcjtLMHwuRhJ2F6FBhrjPv+yh8xr14iLRA+g8hlNjbC8AqweBUu+B5sLjxCDRmYCpfZc+6MEj+wiOOOzJXi4GRUMzTwGOfdrkGkTok6Cvq54+/S4DMfpNb7BZW1I7azsRMPTWRz9Dgq3BpkJqomvfYaJAdYe2ECd74FhCgj1hDAfsDeszxBRDjQhSCBo4cZvVyoOTSuAfmwvVmHlY9McF7L3wBOfuvsbl+29x4+FbUSbnzpP3fwOWgKwnOhHSlkdvRT7W1QcEWHff4MCFZ/hxdwumLDkA1dil0I5fAY/wLHiGa2DnJYGBqQsGE6z0G2ZJ500QSteKz6fPIFP0p8+sQN93AKvTmwqJiv76lvRbTeg3mApgHWBgK/LS+Brrm7sJjbEhxu4YbhMk9LJMnSJh5hAJY5sQmNgGYaiZB7oPttTVnNQbLhLdu9G9YdX3bgS+XQezJ4ueI/YKDvcQRaWHWQUKGzzSC30NCQTpeeO8Lj1OgB/hQPfLVYQMbVzDYEUdPdfAGIQlKpAwSouUiixopmRCVa2BaloyFDOSoKxXQkmgpZpFcDSXQGm+zivFsKUheFKzl6khEUq2tjBf8lwpQVMsVPMInObJCLISkTKfYStBbKNakEBG29FUOT+e1ueQoM5rpRSAJRewpZpP+29UE6xpoJ6fQp9VZMn4F4+Iey88R5wEfktAiC4J/Z+wIIOTgCgBVWwfBFj99X9/6eYZutAGX9B5t3RA9UbkY338r4R59owJLxkB1TvOlyJQekeg9IbO4c3b83j7Vpfv9P7dDV1SO3up3l8Xiebv3l2j5TrFd3Gu71oIsgiw3j8ke6SbfnjQFnZ83gZYTwTIvRN2X4CabtRhE16Los8n8OzNYTx9tQsPnm+nh3kjLt/9AZfv/IAr937C9Xtr0dK6AS0PtuHm/R24dGMbjp3YhN27NmD9hrX4+usVmDtrGsGNBhqVgnqVmZg5s57gahEWNjZg5owa1NZUY86sOjQumIuvVizHmjU/YtnyZVjQMBeL58/FHAKqupopYlpfzfpAFageNw6j6OWfps1AYX4xgVsx5PGJiIuLgjqRevERBCyxcVARXBXm8vejoValorCgDGVjxyMvNx9l5aWYNasa86dNwaq8XPwWHY01vt5Y5OCERS4umDhiBBaZW2L6UH2MIeiaXFlI26vg42iJgAGDMGGEMb4aORI/GY3EJktr7HZywiZbO6wnONucVoINUXFYbGWK5daWKB8yDOpe/RCv1x8xBG4Bjg6wNDfCcMOBGDZ0AEKD3QgWYzEqNRoLa3LQOC0flUUqFKiiUayVoiQjAZkJochJS8WYytlwsDARie3RgZ5IiAyAPCqAGlJvMn9Iw/3h62aPBEk4Nbh+8CaY8XK0hzTED/7uDrC3MoO/lzNC/Tzg6+WKcFru6eqI4AAfeHq6wtvbUySij5m+Elll9ZDI46BMkCImwInuoRrT6huQleCDfBY/VUdCFeOF5NhgxIb6IojgzZ/26ebmCn+/YOGdsrKyov26k9F+PQlEQoPh6+MFZyd7uLo6wcfXFy7OzggLDUVQcACyM1X4eeUcXDq8CSd3/oxTO38lsNohktuvNx3Fke1bcGDzH7hw4qCw1hvn8fLJXbx40orXBFavXzzFi5dsj3Hvzk2cPsHitkfRfPYEDu3fgz9378QpTno/fRyXL54TifG3b93A3bt3CLIuYu+Bk9i68wi++Xk3Fq7ahJWrfkXZhHoEtAFWUEgiJFINQWOoACwrK1f4uPsgIjQKefnjEEuA5O0TCge3YLi6+SK3cAKWfr2RnrkSyGPk0CZphHBofmoOCtJzUZBZgGJ6RoupE5CXlgMtAY5SpkZirJLgKV4kp7OqekSElK5bGLw9Q+Hm5AdnB0+4OurMxsYFpqa2GDnSmgDaFxn0rI9Ky0JuipKeKS1Ks3OQpqYXm1yJMvovTBpTTqCXhSxlGhQJaigJ7NhzFi9NEKMD3RzdEeAZhKSYOOSo1eL/toLDhcsWYMWcmWJ+9fwG7Ni8DZcv3cSOHfuxc/s2/HnkALbs2IUN2/bQb16HiTXzMXXWCvy4cR+2HzyPCzdasedwM5av2YXlP+3Bum10rf9sxtbDV7HtyHXsOHwN+0/ewInmuwRYd3Dk5DWs3XwctYv+QMn4RcjikkW5k1BaUEkdqwJkaguRJKMeO0FWIpk8Tkv3IYlMiSiCp6iwZISRRUtSkRCfQdClpvuTCmlsKi1LIwDWCtjyI6hi0HL0iBZJzeZkljb+MLfRjRAcbOSEIQQHAwwcRQK5Hid7c5I3QQgXaGbPzZc9hxCEDBceJIYLTvRmTxZrQHVj/SuCK05O53wqlmfgMN9n7dpChu0IqNi79V/gxXlZYj0Crc/ECEIOEXZFO5HMznIPfcRoPdbUYlkGBis+fncWHu09BL1F3UKdgGg/MfLPWifDIMrymBI89RejBTlExgn87JVh6QYuAj3EyFmEp3oQUHTh38VK81yMmqac59WT4KPHQGNRtofBo2uf4Rhq4iSApVs/TnQfIH7/5x11AMjeNy75M5ghhgtF0zlwXhPXSNQ3doJzYBKCEqjTGF+IuJxpqPn2ELaefIBTN1/hwr3XuEbgdPNhm+7Vk39Chjx/Syi96wDryoN3tP4bHLz0DL8dvoeJC3chu2ottGXLhXBosDxP1JI0GOksoKrXYCO6l+xZI2DSNyfAItgaaoZeBJ969BvZk8Wg1UuM8KTfTeDKeWw9ROI/fUfQxJ7AoeaeMCOoMrYPhAHXGXSMECKkw60DCLCCYWjuhyEEr1zYe6CxC/rR88QjC7txWJk1sbi2I33uTfvqpU/XaJgLretO4OYLfYsg6FSNpgkAACAASURBVBOosRnYhsPAPgxDab8GNgEiKd7CLRL2XtGw84yGk78EwYkqJBRmEWQRrI7PgGpCGtRVWqinp0BdxzINSiG3oJ6XJCBLQ1M1h+84Z2q2DEmzqQM2WwLFzGiaxpBFCUueG0MmEaaaFwv1XGpfCaiUYpkMiQRgiXNkIu+K860UnHM1RwdYyfN0gKVZSJ3IhRoxr1pAgPX6LXtxzpFdIIDhkXf3BZz8M+rvTZsH6oOArP+1//Jo8Tp/tXmrRB7W67acLpZoeC6KM38U3qWndIxWAUdv3t4ku46Xr5vw7OVBmp7C67dNArTevGHJhStiZKDu/D6dI48YvEnLr+mAi71brLf1/o4IIfK8AKkPjwRovaNjiUR4/u7ddV0x5nen8YrA6uXrI3j+6k88ebEPD1/spId5K663bkRzyzc4d2M1zt/4DmdvfkP2PS62bMKFa9tw8swObNu+Dj+v/QE//vQtZs2egYpxY1CYk4HiglxMm1qNeuoJ19XOxNerviGYWoNFixZi4cJGLF++FMuXLMSqxQuwaF495tVOQX3laEwsyUEN9cZrpkwUeVdFeQXISM1EsoIaIVkSNCn08pTHIySIICMynF60MmhVWhQRdJUWj0VFWSWtk4G01GwU5hUiS0u93dAwAWEl+amYMDYXDeUl+CYnFXNjglDr74Z5Hs6otbRElbUVsvsPRLa3Byor8oW+U4AjwcgwY0w0s8RXpmZYZ26FLZa22EmQsNHWHruScrE+OgHrfTywnKBrtZMDqoaPQEafAUjo2hu+egNhPXAQ7O2sqSF2h5eXE6LDvZGaFIWxaeGYVhyPmuJElGhCUaKVIC85ChnxIdBIAlFbvxBji4sQ5u0EDwdzBHo6IdDNTkgvONuZIZxHEDpZw8fZGsG0zMfFAa4O1rAxNYKVyXDaxgoutpYEWSYEXrZwtreCnY05XJ3s4OPlBgdHO9jb28IviGChYhHC4jSIpgbYztaGgMgBkbEKjK5aiNCwEJE7FR4RThaKiPAI+PkGwMnVHS5untRohSE8Mgq+vv4iB8uJrkOcNA5JiiTEy6U6yPL1ot/vAX9/P0RGRUESK6Xv5EjVKvHTqnk4vvMXHNu+Fud2/0qQtRaXju3GnXNH0bR3Mw5v/Q3NRzmv6ihuXTqL1usX8eDudZGH9erpY7x89ojsIR7dv41LzWdx8dxpXG5uEiMMm44cxBmaHt+3G5ebTuDGtYt48oT+E29f4eoVatyPncbpU2fx56GT2LL9IL7+fhPKKxcgQV2CsBgNpHHUkMtTqeGOh6t7MF0zH4QEhiCWfm9WVhG0mhx6LhMIihLg5R2GAN9ITK5pRN3sr5BN3yvilaLEC+tXZadkYlRWIUrzSoRie356HtKTM6GVa5GqoJdiYgqBMgFCZCICAiRwp+P5+7CcRiiC6Xr7e/sj0CeQ4DhMlMHx8fQn2COQ9g5EoF8opBExSJEnIFejRRb9T9KTU5FL/538jExk0rxCqkB8lBwJBHDsKQsPjEJEcBTCCY6DPWg/Hr6QhoVBKYlDddkEbPnhG6wjyFo2rRIzxhSgtqwAv61cjotnm9Fy/TaaThMsbT+A7fuO4tiZC/h14w6s+vZXLFzyA8oq5xB47UfL/Ue4cPMhNu87R4B1Cht2nsHm/edx4MR1HG1uwZaDV7B+zyVsO3QFe45fx6bdTfhh3SFMmv4NsnIqkK4ZhTEFFcikaaJMS1CYAmmUkq53MuRSLZLiqXFJLoQiKQ8pqgLh5VIoqLFJzoc6uQCSGC0SZBlITMxDCMGVj388PH3j4OQeAzObYFjYB4nRbWycWMwlYliUs6ueMTr1MCB4GoAvurC+0xB05sLMtKxHP2P06G+kk2foMwydCCa43A3nUXXk8jUEWJ27928b+ccjBlnfqrOQY+CEdxEu/Nfn+OyzLwRY/acthMjzAlDYc8Whwc87ikT3dl/ojHWwviTQYjkGFhTtoqdP58FJ6mZCu4pDUJxTJYb8D9dBFOf2dGNl+QEjBCiwArtOz8pG5GqxR45HDLJeFtfJ69F3hPg9rB7P6u0sL8BFqLv3JZhrExPtRlDXa5CZyBdi2QceVcig16FLHzrvXiLcycYjGAfyOQy0FAn4gwly+g+zwkhHet4SihCdOglxWdNRvnArfvrzFoHSCzTdeoVL99/haus73Hyk071iu/v0rU5klKUanuimvM4lUS7nJbafeYT6b4+iYskeKIob4RGZCX9pDoxt3Al4nOmacMkgKwwwJJDsb0iwpPNe6dFv6k7XUW/gCLouI9CHQLJHX/rtffVF2R89ulZ8n/n6sIYYF/A2cwoXhaAHj3TDCHp+jBzCYWgTSsAVBjPnSAw188Uw8wCMsCXoIlAaZOqB3rQde7V6sgQGgWYvAxsx7cnXfDAbzQ+2JfiyRXeWzuBBBAYEscZuGGDsjqEWBF/WgbTPYJhxbqBTGMFWOBx8pHAPVcCP/hdh1FmTZmVAMSYDqVXUBtamQjtLhdR5SqQ2KKBtMwYsxUx6P/Oov5kxSJwZicT6CCSQ8XzSrEiCpaj/AazkOWwEU3MIxmbHElzFCUBTzooX3i/huaKpZj6HFlnegfO0UoQJb1YjAdaLVyeEWCaPjHv79gpBCEPKkzaZhZf/BVr/G+77X9OFEj/89Sk5/nWbF+yJLlFdhAJvC1mFN+/YLguAevmKwOrFAbQ+3oB7Dzfg8dP99Pkonr88Rnaceui6EjQMX89fcbI5AdgbBi3e/gJNm9tA67qArXdv2a4LL5fwyInllwmoLohjviZIe/7mCJ69Pohnrw7gKYHVg+d7cO/ZDtx+tAU37v+Ocy1rceLqahy59BUOX15Jtormv8axi2twuGktDh75DRs2foPFBEqrV6/ErPrpGEVwlZ+eQnCShvppVZhTPwOTKukFPa0WC+bNxqL5XKy5Dovn0/zcesydXo0lBFjz66Zi7owq1E2txJwZU1FdUU4NgwYaaqS1ShVUCgWCgwIRGR6CsGA/6r3GQZlIvXFFCrRqzsPIQVFxGdIJrFKoMUlPSUOmWoVESTSig4KRl5GO6vFjMTo7BeNyVJhcpMH4YjWqijWYnqnA1HQlSrOIuGVxKM7VYvy4XORlJsPFwQa2g/URP3w4cvSHoHjEMFSZGGOVlSU2RyVie2I6frR3wApXF8yys8PXzi6oG2mOzP6DkdSzD3x79YV+x47o3rUrLMxMCEzcUVqkxtQxaagtVaG+NBFj1YEYrQ7CaAKsiYUpSJV4oSAzE1VTpiMzMQLRAe4IIYCK8HeHm60pXG3N4GJnDidLYzhbGcPBYjjszA3gwQBlZiwAy2ToIIKsEbAYaYR+er0wfNhg2FqZwtx0OEyNDDCSAMzKygzOBFkygsTC8bPhSw23Iq0EFhamcHN1gB817Jmja+DiYidGJLq5OsGfQCmMYCs4OATh0RLExCUSgEUhMiYW/gGBBFcucHXxgLe3L9w9PODh6QFHRwd4erohOioUsVLqISl59KAGWbm5qJgwBpvWfYdzh7fhyNYfcOC3xTi6eQ2aj+/Dif1bsfOX1di4ZhWO7tqMlgsn0HKxCVcIlG5dbcZjAqpXzx/h9YtHNH2Mp49a8bD1Dq5dvoBzp07g1MH9OLZnF+1nrxAjZfmGSwRfVwmyWm614MTJszh5ognN5y8JO3L4NH76ZQfmNa5Byfh6JGsLIeGK9tSYh4TJ4OEdDhfnALi5+MHD1QcSCfXMNPkE8RnITstEYKAEURFyFBaMQ8PinzBu3DQU5BQhNZleeIp0Ah4ydRbSCLRSVbRMlS5qASbKCBbidPlYSqkaMokCUQRZYcESESqMpmlyXAIyU7TIIHgqyszBlDGjUZSVhwxlKuJZwiEkGlEES2F+YYgJjoBKJseYvDxMLB6FkowMlGdTh4O2zUvNwqhMAjvaTkXwx2HIRIkMhakaaBOSoIyVISFKCjV9N6V8AlYsWIAZ48swrSQXU4tzMY7+1zPKxuP3dZtw6eJV3Gt9gOst93GKAGvvoWM4cKwJh46exeofN2FCzSLUL/sZ3/2+HyfO3sSp87ew5+gVHGq6jtOX7uD4uRbsPnYdG3ZfwC/bz2P97mZs2duM33eeRsOyPzCqtA5JidRQaPOFtyomIgkxkfwekIoQYYKMPVWpAqTUqiIkK4uQoi6GWj0KGnU+WQEiIgla5dl0PTVw8YyBPRfUdYsUYMVJz5z8zCEzLnvDidiG5rrReOz96d3fDL257AlBR08CCNZ96kywwaVvOvYcSpBjiPbdBhOA6SDsi456IheJk7w7dx9AwNFLeKLatY0kZNmF9mSfoOpf/2onQOs/BFc604HWZwxWDFos0dChc5tcQxeR2/VZu460Pw7FcSixn8iz6jXYTNQQFB6rgea6UFRfE/Qk8OEEdx7tx6HCTnTu3QYYoSsLX/Y1Fl4rNlEyh2GLRwX2Ga6rg8ihQto3w1TX3kN18/0YRgxFbcTuA4zpsxF6DDIRYcReA00IxobSdv3ENWjfqSe6cf4Xe2v666QehnKYbqgFDAhM7OhexOfMgGrMEmTX/Ijv9lzHzjMPcfzaC+GVYnBiXay7Tz4IWQYOD4qcrMf/eLKuPyDAuvsaZ1pe07aPsPSPC6heeRCyggaEJk+ApbsEwy1cYGTtKcJ7LM/A9RRZwoK9VX0G8H0dhp59dNalz1CCUEOR3M/J+SyYyveeS+HwdeJ6gjy6cLiFHwaZuMHA2hcWnvEwcYrEEBN3DDRxwVBLbxhaB0GfAMzAOgz9RngSPNmhM4eT6Tp00jNCB9bFIojrTPYFXa92nbrjM+Gp7CnCrhzS5WoAHG7mkDFXBGBPadd+BH4DTUUxaR6gMNDIiUDPC+YsSOotgWeEEuFq6hCOyoJqYga006gNnJOF0hVjUbg0B5mNKjIeYZhEcMTSCqxhJSGoiiKoihJgpZgd/TdYcY6VuiFOhAnV8xJEvhVDFocFxShBMjXtK1XkaRHIkYlRi408epG9VynCg6VdpBGJ9P96+PwAHj7fhycvj+LV63MEWewV4gTzB22J4y/aRvy1ySsIeHol8qj+/swer4/P8BdrYH14KmQfhIbV+7vCq8Q5Xpxb9epNE4HcMQE2T57vJrDaRL29b3C5ZTku3V6Na3fX4vb9TUTqW3DvyXbcf7ydpttwh+Dn3sPNePh0J217mCCMAOzFcYIwArCXp8TIPgGK4jMXXebjnMGL1ycIzo7QNkfwmKatz3dRr2AL7j/dilayu0+30UO7RXitLt5Zh7MtP+PI5W+xv/kr7LuwBHsuLMLe84ux5/xS7Dm7FAfOfI0DR3/A+g0r8fXqFWhsnIWpk8tRUkC99GwtcjK0qK6agq9WLCP4WiVCgEsWcM7VApG4/tXSBfh2ta40zprvVmEN9YwXzpmF+TNrMauGh7PnY3QOgVpaMvXIldQYxCA2PAiy6HCokoiaVQrExcmp50qQJSwFmRl51NjRQ6VSUW89BurEeOoBazGFeuOza6aJ0MfUirGorxiNMWkyqGP9kaeUoihbieKxOaiYNAZVUyswYXIpSssLkJWlhqurIwb36wO9Hu3RX68Thg7oAluDngi3sUBxRCxSLE2QR+CywMkGq1wcMNfZHuNHGiOt/wAk6/VDlPEI2JobE8xYI9DPg84rCCWZ8aguVmLJtFFonJyF8rRQlGrCUZ4ei1HqcKTGh2Na7SJq9BRIivCELMSboMoYbnZmiAzwhLuDNfw8XUVCuycBoD2BlpmxPmzMjKA/qD8Mhw6EJQGUu7Md7G3MYUPHH0lg6GBtBjtLMxgZDoGttSmcaT/W5oZIyhyH9MJxcHN2hDJ9LJxdnGFG+/L28UX26Knw8XGHp4czvAiSfNyd4eftLvSuUlNTaBovvFJ+/gEICw+Hn58vvLw94eXlRWDlCGsbaxFCDAr2R2BwoMjDYlX31LRU5OZlE4RXYNWSBuzc/CM2ftuIrd/Pw771K3Bs7+84fWg39vzxK379fjU2//ozju/biZsXmnDtfJMYIXj76iW8eNqKl0/u4yknvj+6j2cP7qHlxlVcvHBOhAsP7NqGY/t30LY7cHDbZpw4uBtnTh7G2TMncOb0cRw/dhLHj5/ByZNnCLBOYdfuQ/h13VbMnP8NckdVIUqSSr8nRsggsJCoqwtBpIMfXJz8ERIUC5k8HT6+kUL/igsNS6Uq5OSMQvGYasya9RXGl0xAcV4pCrKKUJDB+Vd5BAy5SNUwAOQSFKRBJlNCGpsEuSxF5BXFSRi4WLw1AeG838AoyKSJ1EnIRRq9QFnOoTQvn56PDAIyGSKCIwnEohAXFQV5TAwigkLovxKN/LxCjBs/joAsHVOKSlBZUobK0aMxvpBtDMbkj0YGhxazC1CaX0wgloNRmlQkx8YhNjQCwV7+kMcmiNGNY7NzMLGgABWFRShOS0cm/d9KaPvfCLTOX7yJhw8f4/Hzl7h+q1UA1+17j9B8+RaOnr2E4+cv427rU3pvPcPdB8/w+MVrPHz2CtdvP8bZq/fx55mb+H5TE5atPYpvN57EkjV7UTN/HTIKpiE0lK+Niq5LMmIFdMpEySKWZEhR5SMvuwxZaaUozJ2A7Ixx1BFj/bICpKSMQqwsm+A4FTGSNEREa+HuFyfCgg4EWCzFYEsNk7VDsE7Y0cpbJyfAoMXJ4OaesHEKFaMIOZeIi/NyQ9udGsmOvQ3acq90ulAMW+0FUDFc9MKXnQkuevRB56490aVrD3Tq3F1AEkMWw5Vu2vEf79W/vxCwJezfn+sg67MvRFiRk+Q/ZyPA6tRdBy8MbRyGY6D7/EvO0+ot6gCy5633IDPoDbUS58meF4YrPneuR8ggxg203mBzAV59ueZgG1iJ8GdfI3Sj7zv1HCZGKHJeGYcIu/Y1EJ6sHiw10EtfKNZ37DmIgESffv9gEaJkzxYnu4vyOV36ivPrpjdYwBd7w3jKSfN6tH/2BpnQ9faIoIZ44koUzliHFX+cx4ajd7Cv+TFOt7zC2dscKuSE9/ciof1TuPB2mzFgcS7Wpbtv0HTrJbacbMUPe25i8rIDkOcvgCRjOhz8EmHuFIQRlt4iyX6EpacQVh0wzBJ9WOiTxVDZs0cwxV6sbgxbDDFcvJp+u4CsgSPoGunqDHItRx4cwJ67ASbOGGbtD0O7UIIpX1HzcSgn0hOwG9kFk4VgsJm/AKw+w5zRx9AJvQnQOvXjECuLtBoLD2QHEVruKzTRhNeyQzdRQonhmqU62nOouXsf4SEVuXF8frSP/kNsdAWjTXV1DC3sA2HvHQ2P8ESEJGkgH52OrBnUcZ6Xh9IlRSj7qhRFy+m/zlILCxXQNCQI7xN7spSzJWTRwlOVMj8OmgUyaBvltB7BU2MSTZNFkjwnvac06MKNPFKQxUhZOyuLNbYWptE0HdmLM5G1OBvZS7ORuYQ6R4vThQZX1pJU/OvW46249WgTUfJOPH52EC9fncGbN1dECO/9+1a8e6/LZ/rwdz7TU11CuUgsf9hmrWL03keeMpy1JaW/e8d5VVeEt+r5q6P0MjqAB/8fVW8dXlWWxO3ONz3djbu7O03jJEDc3d3dlThxggQNDsHdgrtLcA3B3aWBVtpmvvu8t9YKM8+9f9Szzz77nK3rnPWuqlq/+lGg5oc9PH+/g8evN1DzcD5X71Vw7f58bjyo5NbTVdx9vpZ7zzdw99lGbj3bQO3j9bK+lUevq3jxfj8vPxwQMDvAmw/HePvxKG8/yUj/h/08e7uP1z8c4v1HgahPx3gt2159OiWAdoKn73dx7+VG7r/ewaN3O3jyfo+8t4+Hb3YLWO2g5kUVV55sErhaQ/XdFQJWlZy5v5RTdxZx4vZiTt5cypnrazlxdg1V25eyZs0SFi8oZ2qx/EknhpOeFCtwVcbK1evYuGkT69aupHJRBQtnTdFSDGtWVrJ5w2pWr1jChrXL2bZpFUvnzWBWWQGzBXCmFGRRMCFRhwsLMxLIToqUUXcIqdGhRIcEyMhVCDswkHDV2UTFEyEdTrSMzJPiEqXzCSHE11s6jViy0zPJy8yjJCePgoxMppWUsHD2DKYVTmSCwFOUtz0B9ia4mo3Aw8aAIC9b2Y8viUkRpMiI3V/gy3DkYEYM6EK/bq0Y0LOdwEwn7E0G4eZkRf9+nRncsy1j+rcjwrgvUSO742vcj0h3UyJtTAi2sxEwdJMOwE+ff7C3M7nxfswvjGNGZjDLpsYzPSOA4nh30oIcyBbAivcy1R6R3Nx8YgIcCXAyxdF0NKaG3+NoaylgNRZzYwPGGozAxcmeEYP6y/n1o1/3rvTs1olunTvIUs5rYH++/24AQ/r3ZtT3gxnavy+D+/SkU4c2DOzfi4EDemE8dqRA1lDicufhIx3mYIEyc2f5gTrKD3XsCIGq0cSmFRIo99rO3hIHBxtiE+KZkJtDQlIi6ekp0oknaFhKTE4gOTWVqNh4vH0DdK6Vra2tgJeFAJgFHj4+eAUECrC4ERUTLZ9NJjU1kYUzS1m/ZCZrF09j+ewSNi6azIkdq6g5c4CH16u5efYwl47u4vLxfVw6dZAbZ49pzatb165wp7aGX3+Swc8fv/DbpzcCWmKf3vH+9QtdJPqugNjVyxe4dPIwF47t4/zRvdw4d4T7189qfa1nD25w7+5tbt+5w8MH8vnb97l6/RYXLlxj997jlM9ajr901Ebm7piaqLCok4CjPePHWWNhYqtlFEIFkiwtBLAEgpwEuIyMHLCwdMbCzJHs7OlMKZlFTEQME1IymZhRSH5ukS72nJ6eT2RkOgF+UXgqeHBVM+NCxMLw942QNh6Mva0n1hbOsk87nZOVrGYGhoYLfPlp762qM+gpIGVrZoudHM/T2Q1vVzfsrWyxMVcaaG4a0txVrUSPIGmDyZTnZrFoShmziifLACZNfk+R0u5lBOofTFywjD4Dggjx9ibcT4DPyVUgyxwHUxv5Tamiz8laoys7QX7ncSny+4umvLyCXbsOcOHSdW4/fM6zFwK4r3/gxdsf+eHDbzIA/EPXJvz9r7/4+z//loHn/yP/o/9XBph/yf/gH/Lf9CtPXn7k1JUnbNh/jcqt51i07hT55RtJzJgug6gYrK298FLQKfCqZg2qhHflmVLQ5OIRja9PAgG+iQQIWPn5J+Pjl4CreyTGZl6MNXbDwMiNcaYejB7nwjADB4aOsaurQTfKioFDzXV4cMhoW/qqHKzhFlqWQYUKVQ0/5XlRITUFI6rUTCvlEVIhnE6DdRJzk/b9BbiUoGRHLVXQoLFKblczCRvqWX8NGzelacs2NGvRhgYNm1KvXp346L++lMjRYcEv0KVh6ys12/D/L+/wPyhTuliNBbAaNNfejm+1/pSSdmglnXNzmrbqrhPRtadK1RjUxYUH65p3uuizWJO2vbUQaTNZtlKz5lTIquN3OrTYqGVPGmjrqgGqoVgjnevVhXrN2muYUuClQErVXGzQ8suyeSft4WqiQqgCDK079qtLlm/VmTZdBunPqBCims2o1lU5GDUzs7/cf4fQiSRP38XCHbVsqX7G/qtvufrkVw1ZD3WY8G9e/lSnj/Xy0596BuF/oev5x7+5qwDr5WeO3fzAppPPmLj4NKF5a/FLnasBq99wc7r0UwWVR+r8L13+RyWxqzDhF8hq3rprHUwJYDVXniy5noZKX0yp4XfsW5ff1msEnQVm1CzANj1G0E0AUWlYdewzRmuLqYLN/QS4FGz1GWZNv1Hy32wbSa8RznQdZEaXgWZ0GmBGm77jad5tqH4O9QVKG7WtU3pv0KRdXa6dmo2pcu9UO1HL+k35V+MW2quo77ucY8uOA7ROmQK9bjIo6Pu9qVbqHzpOjmnqjKG1B9Y+QXjEhhFeEE3GkiQmrk0nZ3USmasiBLRCSF4mv3XleZqvVNt9xbyIWRpI3PJQ4iplkCjbE5bLIHhZhMCS9LMCSNFLw4laorxTYYQpdXiBqsRlsSSviCdpRQKJy+PldSLJq6RfWJVM0spkYpfFC1zFEi/b/vH47UGeCJg8fr1P4OUoH366wC+fb/P7H4/460+V6/SGPwWa/v7rjay/4g+x3/98zh9/PBV7qGFM2V8qbPfXQ9l+X7bf5tfPtWI3+fnXq/wo+3z74TjPX+/l4Ytt1DxazZW7yzh3awEnr8/k6OWpHL1SzvFrM6muncep2jkckvVDV6aLzeTI1TmcqlnIpXuV3Hy8gtonq6l9up67LzfpXKmbz2R/D1Zx8e5qbjzeyO1nm2X7Zm493sadZ7uoFUi7cH8JZ+8u5dLDNdQ8WSvgto5bL7ZQ+7yKmmfbuSHLq483cP7+Gi4+WMtFOccLjxVkLeTUrYUasKprlnP8XCUHjqygatsyNq9byIJZBWSnxpKZmsKksnKtgzVPgGbOjMmUFmQwKS+NRTNKWb10DssXzqRyfgU7tq1lw5pFzCjNY4lsm1WcRX5KNCVZSZTmJNfBVXQIiZHBhPh44O7sopXFkxNSCA0MJSQgQEb1IQJXMeSmpzKzrFiOlceEVGlQAleZaVmU5k4UeCsTeFNFdicyvbiQKfmZMmoXsg70IcTDHm/bsXhZjsTDehRWYwdgbfwdTqYD8bQcgLvFIAGUbowc3B9na2Pc7c1wshzPmCF9MBTzNBtJkocBIdYDcTfsKZ3SEBllG2Fna0xSuCdJQc5MiPAgwsuaouQgFk9KZGZOBCVJgUzPiWTyhBCKEgOJ97HC18GKtMxSAlxtCHK2wNvGUDq4kZiPGyGdiCeD+/YWUOpOnx5dGCTQ1KtrR4aqsKBYd4Gszh06Mlqg6XuBqubNGjFkQG/GDB2EscFIxo0ahpmRAc42Zoz4fhCWRoaEBQczac5G7B2csLaywMnLj4iULA2xAf4+ZBSWM7F0KgkJMdKB+Qs8eREZE467uxuRUWHExsfi5euDt58vYVGRePsHahFRL28fwiKjCQoLx1fAKigkAr/wKHwjoohPSSMmrFN8tAAAIABJREFULp7MzDQmF2bJs8hgiYDW1EmFTJ8yhWN7qqi9cJyas0eoPrKfqycPcPviCS6c2Mepfds5d2Qvl8+d5f6tGt6+eChw9ZKfP77g5x9e8tMPb/j04Q3v377k9asXPHn8SGDsIkd272DrGhksHNjG7fPHeVx7kRcPa3n1/CGvXj/l1cuX3L3zgCuXb3L1Sg3nz11ky5a9FJTMxzckWa43RDr1QCzkz8tgjJX2YJkJZIUIYNk7eGIy3hJLEzvGGFoxdqwFRgbGAlkOuoZheGgSob5hJEYLVCZkkJWWQ2LcBPz9o/H0CNVK6HZ2XjrEaC9LF2elcu8trz3x9w7G3ysAP+9ADd5pArBKODQ6OEqAPRhXB3dcHd2lTXrpnCoTI4E/U9v/ebVUiNFZ9uPi6E2wQJK7o6eWd4gJjiBJwC9OifIGhGo483f1EJDxxNPFQxeSdrN3xNhwHJbjjXC3syPQ3ZMEGczky/lPnJBLatIE4qITKJ8yk+MnBIbvPeFq7RPOX7nL7oPntZjry9cf+OXXP/jh59949f4nfhCgUjUK3334VXuw7j39IMufeP7mR6qvPmLTrvPMW36EoulbyC5aLu0nQ+DSV4cElc6Vg10Attb+8hz8sLYLwsY+CEvbAEzMfDAx9cbU0kfPEFRgpWcHGrky2siFkarQ7yg7Xe6m72AzHRpUU+/VVHiVn9PiSwFeNU1fJYKrHCYld6B1pLrWJXM30h6bHtRv1VOHBP8lneFXAjYqP0olsKsZgV/Xa0h9Aaz6DZrWKbI3aKxV3BuINawvS+k0tXio6kC/5FepsN//+aqenk341f8HvHRZHeXFaNCChk3a63I4Ks9JdcY66V0gRsGLUlhXocuGrbrq2X+NW/ekfnPlZerCt/IZJWKqvEzNpWNu3qFOUPQbLXDaVq6nq8DiQO3pUtvrNa/zTn2r9Kya1NUWVDpdykOljte4RWedCK9U35UHRuliqXUNYrJNJfwrmGrbdbCe5diq0wCdv6XES1vrkOUQnfCu8t16DzVlnGM4QVmLmbjkBGuOPWTLmaece/gzV5/+wt13f2jAUkntr3+q08hSye8vP4l9VHlaSqbhM7WvPnP67ie2n3tJ6arzRBRvxCWiVGDDj94Cy10ErDr1GakT3dt2GawT3Zu27qST2ZvLM23SvANNWqjz76DV6BVcKYV6XTNSgKatQKhK2FeewZaqnJACLWkzbaXtKGX87v3H6RmZqpxSr6EW9PjOks4DzOk5ypmeQ+3p/r2NmK28Z0bbvmMFsgx1XlXbvmNo1XOELrat8ucaqnw+eTb1GrWQdtToS6mkpnwt60rOo2HTTjpUqMK9Kg+whYB/m25DdTvuOnAsfUeYMsrcHmP5jTsEyGAkPpyQrEiiJsUxYWkipVuTmFIVT+mWWAo2RZK1NpIJq6MFosKJrwwjfU3MF4sgY42A2doEMsUy1iaRslqBU5JAk7xemUDqqgTSVst/+PokstanymfSmKBs3QQy1mfK6yzZT5YAV5qAV6oAWCr/qH2+T0DjADef7OXu8/08fXOM1x/O88NP1/nxl9v89Os9fvz1IT/+fI9PP93hw4+1vPt0XYDpEm9+OMNbsfefzmow+/TTRX748RxvP53i3cfTvHp3Qv5IjvDw5X5qH2/hsgDQmRtLOHCxgm2np7PheBmbT05my8kytp0SO13GltMlrDmey4ojWaw8OpG1J4qE0ovZcqqIveenceLGXE7fXsS5O0u4IMB19u5iDtfM4+DVJRy9LgB0U0yOcbJmBadrV3LmViXHBdiO1sziWO1cTt1ZwEWBrauPlnHtySquP91EjcBV7fNtAmobxDbrPKy7r7Zx41klV57MFShbIOC1lIu3l3D68nKOnNzA9m0rWFU5i6nFE8jNSiEna4JYNjOnK49VKZMnZlCancaMokwBrBKWz5/OkrkzWLt8kUBWOfOn5VMxKY/F00uoKMthrtjMkiwZLQttC4WrnK4Ab0/p9MW8/YmNjpGlHw6OLvKeDwkxUeRlpFJeWkyFHHNyUYGs51KQrTrsGUwpKaMoN08ALI2KqVNYJNBXmJlOUVa6jOqj8HcXaPNxIcjbAX83GzytDfAw+44wZ0NSQ+wJchqL4dABjB8xTDoZV3wcrPFztMDB3Ag3KzNSA13JC3Mgyt0Mf9tx2BuPws5oND72pmRF+jA5PZz8+AAyBLLyE/wFqmIoSw8iI8ydlEBHOYYLqcHuBDmMIywkmoDAcIyGCKgZDMHNfAzO5ob4uNhqb1Xvrh3o070zvXt0o2+fHgzp34cuHdowbFA/+vbsTvu2bRgssGUybjQjBazGqfwpO3MszY0xNR7HuDEjMDEYIZ2og9w7RxIFQGcs3oyfn5dAkHTmgYEkTsgmNCxITDr15DSmzl9GVlamAFYgwaHBTJiQRHKKKoTsJZDgT1h4iC7uHBkZQkxsNJHyfOJSUknNnkhodBzBYZEEBQlIeHjj5ulDYGgo7vLd7IwUls2bxoKZRSyQNjBd5eMtnMvRXVu4dekEl47uYNOKZRzfvZNrp47Ieye5eOwgV+S1mhmowoQfXz3mx7dP+fXjO355L3D1+jkf3r7iw8cf+PDhncDWO968esKJo8fZtmETR/Zs4+qZo9y7cVHPNrxbe50H9+9qwdLbt29ruLp48SrVZy6wZ+9RFizdSFrWNOno07BzCcXM1hNTU0fsbOq0qgICIgSQAhg/1hJbCwddH8/NwQN72WZjak1kaDLl0xbrkjdh/uFEBMUSE5ZEVEiingnn7RUu8BSGp3uAhiwHBx+BCG/tvVI5Ryp3K1y+56tztAKIC4shM1F5kORPKyKW2NBIvc1BgMrSxEZAzxbj8dZi5hiOMZKlFWbGDhgZ2+HkoLxbLljIerD8AceEhOJs68zUwiKm5uayoKSYtQsrKM3L1zUQw32CdajQw8ERdwe5NlML7MysSI1NJis+Tn5T+UybPJWKmfNYv66K/ftOce7MNW7UyL188Exg6wGXa+5Te/cZ9x69kfde8/DpO4GpTzx+/lHg6gduPHjL7Ufvufv4HVdqnnLw+HXWbjnG9AVVAljLCI3KFdD0Flh1wUzMxNRd2rEHpkZujBeIMjH30jMCx5moSQHOjBEzsfDGUiDM1NxHQMuTsSZeGJp46LpuqhxOj37GWt9IzQzUApsCFk2VN0rNnGvZXSeNq5BQR1X6pHOdB0uJbSp4aSRw1aBFd75WgFW/Jf/8pjFfqRyrb5TsQl0Olcqn+lrPCmz4v1mE9b4Ue66n1dmb6HqF/9JFoJvrMJ+aLfjPb5Q4aZ0nS0GW8oD96+tGsr1JXV5X824antT5qZI9Sky0Wfu+tOpcl6yucnPaKw+LChV2/E6ura/2Mn2jks7V7MPmneV7/XTie6M2PXRoSnm+lLyE0r9q1XmwwNYgGiuvSiulUt9WQ5VKqG8gHXxjvWynayA20rUP29OybW+Bkp5ybp31+41bCrwJEDTr0Ecn3qvEcSWN0OyL5IMCLiWRoIQ8+w01EyDwxjdxBonlu5i17TrLD97lyM130sf8pDWunn/4S3uulGyDAqyXXwDrxcf/8Oj939wVwLrx7DPn7v3CrguvmLz2spZqcAgr4nsjLwYZ2NOtn6EA0kg6K10ulaDfUZ1bF9p37UdDNSGhaTu5F23k+tqJddDXqt5vrGcS9tV1GFt06quLM7ftOZx2cv7txVQ4sFN/Qw1XWsZDoLyLgGOnfuPpNsiC7gPN6TPMln4jHOkywITWAustpU216T2Wlt1H0lh5QTt/p0O0zdoP1IKkCqAaCNxq06FWaSf1G+mySAqW1fPU4cI2PTTcKo9lW63dNZoeg8bxvYElY2SgNc7ZA9eYULmvCWQtSSatIolpWzJYejiVRfuTmL8/mZl75L99ZypTtqdQUpVEwZZE8jclMHFzHPlbEyiukn5brGRrhmzLJF+sZEcmRVUTZD2dwm3pTNou71VlU7glm/zNOeRtyiVvs/S1mwvIXl9I2qo8UldmC4xl8o/L97dy+eEurjyqkuVmah7v0KD18NUpga1qnr25IMtLPH19mSevrwgsneX2s+PUPjvCjUc7ufpwI9cfbxJA2ybf28X957u582wrt57Ivh5u4OrdzVy4vZbj1xez7+I8qk7PYu2xaXLBpczbXci8XYUs2lvC0gMlLN5bSMXODGZXpTB35wQW7slhyf6JLDuQz7L9uaw7Usz26unsvSxAdW0uB65WyOu5bL8wlx0XlrDn0nJ2X1zCzgsL5VjLOHB5kdgMDlyZxqHrM6URVwhgzeXCg/lcfrREAGslN19sEpiq4vGbHTx5V8VTsWfv9+i8rEfv1nPn1SIB0KXUPl3BjYeruHKripOnd7J+7XwqF0xmwYwiZk8rJjM1UQAnjfycCZTkpVOQkcR0AaZK6UzXL1/AqqVzWV25kOWLZ7F4VhnzJudTXpDO9IJMZpXkMG9qAYXSiadFy0g9JFBG8N74eLrj5e5GgE8g0dJhB0tnHxkRSV52NpNLJlE0MZfEmDiSYuJJik0kNjKeCamZWqYhJSGNjOR0cibI+eQXMnfWDKZPKiYhPBQfDxcCvNxJiAiVDtCTQE8nksK8SQv1JFWWWfEhRHjaYinAZGdiTICbC562Fvi72OFhZ0l8gCd5McEUJQpcyPcz4mOZXprPwqlFVM4qlmtKZ05RBsXpkcQHuhDhZk15djTzi+Mpz40iJ8abQLtxhLtZEOnrSWHJXAI8nDAf/Z3WuzIZ1h9ni3EYjfyOXp3b0adnZwGprnRq34ZWLZsJWPWnZ5eO9OraHvOxIzEcNZSh3w3A2sKIsAD5kQkM2sv5OtrJ0sYSO0sTIkN8yREgTU6MJbNwFvmTK/D38xY4ipJ7GkyqwJNSfle5VUbGxiTllpFbMJH4hFg8PT0EqnwJDPTVWlbucq7p8qxSUuNlH+7a6+Xn5yff98M/WDpwN08cHd1wd/fCUwDZ2ckRZ2d7OR8reY5+TJPnPbk4mxlTC5k5rZRjB3dw+fQhTu6v4ti2layvnM+RnVu5cGgXz2vOU1N9lAvHDvBAAOnZnRpd2Pn+vdsCU0p89L3A1kveK8iS9d8//8Svv37i9euX3BF4enTvLheqT3Pu5DGuyvL8saNcrj7F1UsXqLl+jVu3arlx/SaXBLBOHK9m67YDzFuymQl5M/ENzcDGJZhxpk7YWLvg5uIjwOKOq4svXp6B+HoEECEgpAopK1mGCN9QeR1LWpy062kLmJg3RdpxCEF+kYQGxxEelkyoQFZQQKzchwQ9o9DPW+6Xgz9O9j46tOfh5E+QTygRgRHSRoMI9w2W9hhDibTj7IRkYoLCyU6bQGpCCt5u3rou4fjRpgz7fjTfDR7ByGGGGIw2Z9xYG6zkT9fVxQsrc0eMDC1xEtBysnLUEg3G48zw8/Bn/owKGQDNYbHYuiUrqZw5l7z4BOIFxALl2dlIWzAcNRYPd1+S4pKlXbng5RFEYnw6xUXT2LH1AEcOneH4yUucvXhT7BZHTlxlc9UJjpyu5fyVh1yreczNuy+09+rZy088fP6BWw/fcuPOK85fe8ruQ5dZteEI5XPXEZdYIm0tCXfXYJxsvXG09dLJ/65OSpYhEAsrXyxtArC08teeLFf3KGxdIrByCMHOMVRvM7IQyDL1YegYJ/p8Z07/IaqgrxU9BhhLx2tM1wFmekZY/+G2DBxhS8/vjHXIpfdgE3oNMqaHdJ7dlLehx0jtvWgmMNOi0xAaC9zUb9lNQKsN/2rYgn/Vq1Nnb9CgKd+oeoFiX6lQ3//5ps4jpeDpX99qT9dXKvSnFN+1SQdar4VWgP+nANU/1ffUbEMBtP+j6w421vpXWiW9SXvtIfq2SQetvaVycRQoNdWq6XWFg3WNwXYD9CzI5jrZvS+NVFkfNfNQq6y30eHMpu166zBVY9mmRFK/adRW77Ox7EslXzeQz6jQ47f1mtGgUUsBkNZaELUOPjoJUHXS4UmledW0VQ8d5lICqXVyFa00sCiPlZqJ2LrLAK0q367bYF3Wp0P37+nSe5Tc27ECQHa4RBQRVbiO7PkHmLvjhoDSC6q/ANZTFSb88UvO1ce/BLj+5ukXU8Kkt1/9rgHr5K2PVFW/oHBFNZFFa3EILWaIkbtOAO/Qc5iWlejQ43udx9S++yDtverYtb+cb1s941OBVXMBqgZNlASGmjzQQaCnh9zPvlpMtUm77tqL2UbJXPRXuVamdBo0nvZ9VQ3BMbrUjko6VzMLu0q7UZ6sntLW+g6zF8hypOtgK/mOlQCYJW37jKdZt++1qns7lZvVSdqUPDedSN9tOO171JXMUTl+dc9GIFiVVVIJ8EqQ9otyvs6DU+He9j1p03WQXOMYPVFDhblHmjhg4uSBZ1woSdOjKV2bTfnmQpYdzGbbhXQ2nMlk9YlcVp7IYc2pPJYez6HiQAZTd6cyaafA2J50Kg7lMfewmCznHMhhwZEcFp3Ik/dzmL4vjxn785m5byIz9k5k2q48AbUCyrYVCJgVUFBVJJBVSva6IjLXFpK5roB/XLizjov3t3HxwWrO310sr1dzSUDr6qPd1Dw5LCB1Suy0wJT8QT84xsV7+6i+s51TtwU0bm3hWO0KjtQs4fCNhRy/uZjTNUs5dWMxx64t4sjlBRy6sojd5+ez6dRsVh+bQeXhqQJXZczdW0rFriLm7Chkxo4CZm7PZ45YxfZcZm+fIK/Tmb8ri4V75UYcKqDywETWHCli3fEytp6pYMf5eWw7O1tei52dx+azC9lSvYiqswtkfb5e7jk/l70Xy9l/ZarA1VSBq1kCVwu49nghN58tFXBax8M323n+wy5ef9zFhx/3a1Niox9+OcH7nw/LyGEzzz5s4vG7LTqH69pt6fgu7eLAnpUsWzSNBbMns2jOZGaWFZGfkU5WagKluek6/Ld47mQq505lwfRi5ghAKU/FuuVLmF2WzzyBMhUyrJheKkAmtJwlo/OoMOKCA6WD8dKaQ97u3gT7hRAZHEVCdCLxUQlkpsm+p5UxtayY7MwskhLTSFI6WckZxMYoodFIAgPkOzLqT4lXwqGpFAhwTS2bJDAWgZtAR5BATVKMwE9YCOEBPiSHBzAxPoz0cF9SQn2ICfYh3NsZd1tLgr09CfFxx9fJHj9HB2J8PYj3dyMj0o/JmTJKiPAnPzGIVXOKqZxRyPI5hSyYksm03AQivR2IC3AlLyGEReWqRmIKUyamkxkfSrSPE+GednL+6aSkF+Lnboe54QjMDIbiZmNMdJCHFjxVeljDB/dn8IDeDOjTk0EDBjFgQB+6dukgUNUPL1dbnVdlb2uOk8CPk70l7i72WFua4u3phoerI/HRgYTJNSUoIdjEaGYt20Jmfime7u5ERUUIZIXj6+tFYFAgrm7uhISGE5NegFdgqBY0DQryF8hyIzQ0kKTkeMIi5L4JCCvPl7WVJbZ2trjI91xkfwqobGyssbFzwNPbR7bZ4Cj3ztHJlvBQX+2dTAgPZMakPKZNLmb+vLns2SMDlXNHdeHnfZvWsHiODAa2rmbXmqVUH9qt7cTeHVw/e5Rn92u4UyNgJPbu5VM+vXnBz18U3t8+f8zPP8j6x9e8ff1Uhw0///YTN65d4eg++d0eOSQgd5JLYtfOVXPn2mVqb9zg/LnLnKu+yMmT1ezYcZBFSzZSVr6E9JxpePnHCnDWzSQcM8aC4SOMZSnQKsAV6B1CauwEUhInkCBwnxKZyATlaUrJIjEug/yCGaSk5BPkH0l4SAJx8dkkJOVqyIqKSCE9PouQgBjt0VL5WB5KUNTRCy9nbw0/nk7eeDq4EeLhSbD8FrydPQWobLE2t8fJzhUXWzeslMr8yPGMHDqG4UMVZA0XwDLDzNSR8eNtGTXSRNrMKIYMGkX/vsPo3m0g/fsMwWK8BREhYTrZPXtCvjyXdKID5U85r4S8tBwNdgnSDpIjYwjxFXixcSVJBi1FRcVYWTszWkbNlhYueHiEMGfeKlat2qbFR4+fvMKBwxeZWbGepav2cEhg68z5Wq7ffMKbd594//FnXr37kbuP3nC59gVHz9xhz9EaVmw+RdHk5SQmFBHoF4etjYeAoQu2Vu7Str0E7AOwtvMXyAqVNhWMg3OUWCR2ThGY24ZhbBHAeHMfxpl5YyLwNdbER6uzDxP7bpQLQw086DfSiQGjXekv632HO9JtoDmdtFq7oa5ZN3C4pS76q2v39RyuBSIbKVgR+1ag5OsmHXWIUOfI1GukQ4EqDNikaQttzZq3okmT5tSv31hgqS6p/Zt6Tfi6fjMtFKrBqkFL7SX6tkFrvvq2mQBYAw1WX33Ju/qnDhfWl9cN/6cvpQBJhfe+bS4QIEBQXyWVt6wLHbUQoFJSCy20N07gq2UP6YC76ULDqn6gTlZv0VlLKdSFGDtqqGrYStVV7PIlJNiBhs076nwrta5mM6qZjN82aKplJ+o1bK09V42ULIWaxfjFlPdKAaBKcG8ksPJNgxa6kLXyAKnjNlEz9doLbHXqR8eeQ+jcuy4nTAGQoWM4fulziSndSPmmS9oTdbz2B2pfftblc9RswVc6PPgnTz78qUvkKEHSuwJgN1985vrT39lz+Q2rj9ynZHk1iVO3Y+WXzaCxzvKcBWwGGMqzHE+HXkN1vlWbLn1p2kZJM/TSINikpQCn3ENlCrAaNpfrEMBqosKHAmRq2bBVZ11Mu7XAYYc+owSMRuhajm26DqkDI4Gi9moygar5OMS0DrC+N9faWD2GWNNtiKXOw2rf21gDVof+xnQcaEIn9V6fcbRTNQnVTFCV8yewrOo+1m/aST8n1cZ02SR5DlotX6BWQW6dLEgnmnVQshl95fqG0UsNEIaa8d0YG8aYO2PlIf1mhgzEFqUwc6v0w/snsvtKHgdv5rL/WgEHbhSy71oh2y/ls746l0XHMph9MI3FAl9rzhWz5mwxG86XsOliPluu5MuyiDXVhSw6rqyEhccKmX+kgFkHZIC8d5K28j3FlO4qIb9qEvmbZHC+oYTcjSX84/KjLVx9vI3L91dw6d5SLj9ayfkHYvfXCnRVCWwd4MrjEwJW+zldu50TNVs4eH2NnOgKDlxbKSe6WE5+FjsuTmW32N5L5ey5MINd52ex8+wstgsMbT4pcHV0BksOTGbBvkksELiav7eEebuKNWTN3lWoQWv+rlIW7Slj0b4SFglYLd6XT+XBEpYflos+WsL6Y6WsPzmFLafnsq16HlurBa6q5whQLWRT9WI2n1mk399WPZ+d1cqLNZ8DV2Zw+NoUqm9P5urD6dx6spC7L5YLWK0WaFovo4PtvPtpP59+Psgvvxzlt99O8uvvJ/nl9zNiZ/n463He/3qEHz5X88Ovp3n8Zi+Xa3awdUsla1YsZPnS2cyfXUZZQTYTJ6QypSiP6aUCiZPzmD+tgCl5acyclMO86ZPYsKqSlYsXCHjNZPXKSiqXzhfwKtb5OEWZCaTHBhMV6EOQty9ebr5aODQsTDpyvyDCAsMJ9Q/F38ufiIho4uJiycstYFLJZLKycokTuAqSTkF5u2IFxsJDoogOjyUrPZvM5BSiggMI8fYg0t+XiKAAQv38CPf3I1qALj9VPhcTQkKYn3SSQQS6uRDk6kSgqzPBXu4auKL8PQjzcmWCAFVqqBe5sQGUpoYzLTuamRPjmCvwVJLsT1l6APOK4yhODaU8J555pZmsEAidUZJFbko4OcnS2brb425uIPuW/WVNJTo6DkcrI4YP6MWYIf1xsDDC3d4cezMDRg/tz6B+3RncTwCrdw/pKGV94AAsTMdKR2uEvZ0VFuYm0kE74uqokrCt5N454StAFBLgi4+nK74CiK6uNtJ5RZCSmsTcVTvILy4hPCKIoGC5D5HBxMbGkJCYiLuHO06uLiRk5hMusGBpbYGTixM+Pj64ubnh5CSvfX0JDovA2d1TOj5nfPwDiJV7nJNfQFrGBAGvAFw8POS9VA1dHh6ueMh5BAd5skRgfN7MKWSkpzJt2hS2btrArp1b2Ll5DWuWLWbJokppHxUc2ryMAxuWc2DLRnZv2sjRvdu5cHQPF08dpubadR7cu8ebF0/46d1zfv34gk9vn/Hq8T0+vn7A54+v5L1Xukj0px9e8fROLZdPndCyDRfPnOT6hXPaC6ZmJt67fZOLF64IXJ3TOUUHDx1n05ZdLFmyjvIZi+WeZcm99ReQdNZFn43GWmFiYo+zo4eWW0iLzxGAVyHxSUwuKCMjLZvkhHSSBLDSBVKnz1gmEJNFVHgKqQJbaan5RIQlC7TGExQYh6tLIM5iTg6+AsUuWMgo1NrCCVdnL1wEohzN7QSilFCsmZg5hqOMGT3CiNGjTHXRZ2N533isKebGlpgZW2FoYIyxsY1OzFdK84MGGTCw3wjGGoxl6NDh9Owp0D7UAHcnT+Jjk/RvTHmjkhKziYlJJTExk4L8aQKJOUSHxMlvMZRA9wCdPG9pZkOBXGN2diH2jtJOBAT9/YMFyOW3WDCdTZv2sO9gNcdOXWPLjuMsXLaVVWt3c+DIOWpvP+fqjUfcuPdc7BWXbz7lzMUH7DpYw7odl1iw5ii5hZUkp5TKbzdZ14M0MbLHzMxZYNEFM3NPDMa7YDBOnoOlHxZ2YYwzF5Ay82e0kQ8GAlTjTP0YNd6T4YZuYrIc780IE18GKqgaKR3vCCf6DLOnS3+lnD2att1VEvR4egw0pktfA+nkBgnA9OIbAamvm7blX40Egr7UGvzqi+yCgp9/au9UPeoLYDVu3FSgqgnNmzWjVavWtG7TkZZtO9O8bTft8WmovUid60wXeG6vwz71v5TLUaCmk93/m/yuQoRqxmCD5jrsphTdFeBowdGGdR6lbxu10F4NVdNQeZ1UyZy2Ai4qIb+5gJbuqFt0FGDorFXY1WxDNatPhZnqN2mnw4TKM6I9XDrPp24/DbV1op6a3abqJn6Ri1DM2rVCAAAgAElEQVTq9A0at5LPyXdV6LFpGy1i2kBApZEKYSnNMNlvvQYt9Xkr6YMmWuqhm55h2Kpz37q6fzof6jv6Dzej/whrrHzSCEibR86CAyzbf5ujN34QcPqVB+//1F4slXP137wrFRpUswdvv/rMjee/cenRb2w/94Il+2qZMHMPiZO3YuaRTl/Zb99hZvKMDek1zFyeaV+BwNY0FqBSyexNlKxEi/YaqNT1KP0y5clSHi0FWo3lHjRROU8aYDtpSG3esT+tug6mmfJste+r1fO1uKvcbwVeyrvV/TsT7cVSgqTqdWdVH1LgSc0kVIKirXqMoXWvcbQfYKoBq5O0wc4DjQTAxtFFlWXqO5aOPUbSXsBNeSVbdOxH09Z1szeVp1BPUmhXB1WtZZCkwp9dZHDQbeBYuglI9httySBDK4ab2WMiAzHP6GBKV0xg3dGJrDuZy+5LeVx8WMqVJ5M5/3AS1ffKOHqziP0CW9su5rLhbBZbLuax53oRB2tLOXZ7Eqfvl3H8/iSO3J7CvpppbL0k/HG2gNVnillxupSlJ4Rjjk6h4lAZcw6UMn1PKWU7SyneKpC1pVRMAKv2ZRU3nm3i2uNV3Hy6ipqny7nyqFIga5VA1kYBrN0CYMe5/PAgZ+/sEsiq4mjNGoGsVey9upRdlwWuLk0RAp/M7vPKpghYTWNH9XR2nJ7J9lOz2XxiNquOTmfpgSnSIMoEnCYJQInJCS0UoFq4Z6q8LmfZwRmsOFzOiiPlrD4udqyMNcemsO7EFIEnAasz06g6N4uqsxXSuBaw6+JCdl5cwPaLi6k6X8l2bfPZIbbnwiIOX1koQFjB6VvlApDl3Ho2m0evFvL03RppuJt48+M23v+yl58Eqn77fJLffz/Nn3+c468/z/GHLvR8WayWz0o/669bfPp8mWfvjnC8eh0rV82XznEtWzcukw6ziBIBqazkWOLDA0mJCSB/QiTTJiYzZ/JEllSUs2nlQipmT2VG+VRdHmdOeRlTi7KYVpjF7JJsynKSyEmKFgjyFEBwx1dAKigwjNiYWMJlJK2SfsNkPS4iTjqEFOmgM6QTSCMsOAw/30DiouO1DlZ4aISeZRgbmUhedj45GRkkxcp+/X1IiowgOSaKmLAwkqKjZV0oPymG9JhwEsMCKcpIITkslCAXR4LdnIkPEVgTMAsWOEiW65qUEUdRaiSTJkQJPCUwNTuBnNhAMsI9KE4LoUIga0l5HgsnT6CiSNV5S2V6XgqFAlWxqtizjSHBTib4O5oT5OGglelTMspwsbeiX48O9OrYllGD+uHpYMnIQX0Y+V1v7MzHYTDiO/r17sbg/r0YOqAP9hYmhAb44GhjyTjDkTg42ApIeeBoa0WQnyfREcEkxUfLfYomNETNBlRCoVbScflSMnkKc1Zsxz8gSIOVEgVVtQrDw8Oko5TONikFVzcPQlRi+oRMQmLiCI+NwtnVFXsnV8YYGGBuYU5wZCShCYmExSWQkJpBZEIyodGxRCUlkpCRTURiEoHymfTcPBJUqZj4ONLSEimfVsaBPdtYtmwRFXPnUlW1jTWrVzC3fLLA9lSKJhZTuWARO9ZUcmr7Go7s2kj1scMCSde5c+UcF04c5PaVaoGrhzy5f4uPb57w1+8ftdL7m0d3eff8Pr//8kHrZP366Z0A13Oe362lVqCq5ly11sl6eKuG54/u8VSA7NatWxqwLpw7z8VzF6k+c579+4/IOVUxe/ZSUtIKCQ1LINAvDDcHT4EgJxwENnw8pH36hQosxZKRlMEkAayy0nKBD2lzmRMpzisR2MqX9clMUPsITtBgpUArWMBKJbo7OvpgZe2OiUCEqbED5rK0EsiytnAQqLDTgqOutk5E+Hjj4+iKnYUd4w1MBPQUVNtjbmKDnaWjhh9VXsfB1ln264+XVxBWVq4YG9kxbqw1poY2hAb6CUCF4u0dRGh4ojznLIxl/6ME1kaNVAr8dcn7CQk5xIulCgiGBsRgZ+WE2TgLfNz8ZXs00TECiqm5uLsFCHj6MCEjn0mTZpMzsZysidOZNXcNm7Ye5sz525y9coczF2rYfaCaqj2nOHLqBmcv3+PgyRr2HrvBhp3nWbLuBJXrT1G+cDf5patITJsm7TEKS1Nn7AWyrCzc5V64YmrqLrDvi61jGFYOkRhbBjPeIhBD0zrAGjHWixHjPBgy0pGhY9wYbRLAMGNfhgpkKbhSBXmVVlEHAap2vcfo0iTtug/XxYuVgvk3TTrxdaO21G/emXpi9RWMNO/CvwRq/inA85VKTv+qng4FfvtNQ12IuVGjxjRv3pxmTZvStGkTmjVpQctWHWnVtqsAVp3+lJp52EI6Y1WnrnF7VQi4tz6G8mJ9820zndD+tU58byiQpWYafqs9Wt/qJOe2deFBFSL6AkL1dLK7gEx9JQ3RViuqq9lmTbSkQj+dOK0SoZu27aXDgkppXguUtulRF0Zs00fPTKvf+L/aVXXwpnK2VOhPH0P2q17X08dpor0oDRo1FwhpqyFECYoq0Gr6X3kGBYGN6mY1/uuLx06pojdpWwdYutZh14E6p0mdW69B4xg40pohxu7YBGSSVr6NspUnOXLjPdee/cat15958v4vXn74mxcf/uKxvFbeq3tv/tDyDNcEws7e/4UNJx8zfdMlUmftIrpoLaNtoukmgKMSv1WSe3cBDwVS9Rq30BDVTOBK55Q1rwubKqhq1qqzNgWKygvXVIGMmjigQqICqApqWnUeKJDVm8btBNDa9KSF3MeOSqhVAKp975E6AV5BljKl5t5riA1dlXe033g69jUWCDOW1wqozOg82JwugyzoKkudHP+9ubRLCy3z0E/lbg1VoWsbBooNGKZC25b0VWHuoeb0/d6MHqqmZH9DXXlASV/oYw80pMcQIwaPtWS0/B+Mc3DHytOH8LwodpzN54IA1ZVHk7n1YiYP3lVw59UMbj6fKmwzWUCrlJN3ijh+u0CgqoDTD0q4+KSU6y+mcu3FNK48E3syQ4B2DmfuzuZAzWQBshI2XihmXfUklp2czGLhlAVHSpm9v1h7ssp2FlNcVUjBtnz+cf/VZjmwwNWzFdx5sZLbL5ZR86SSK4/XcPnxRtn5DqHqwwJgB7lwfzfn727nTO1GTtau43CNynuaxk6Bq72y3HtxmgDWVHafK2dP9Uyx2eyunsfO6vmsOzablUfmsOzQNDEFU+VUHhCYOjyTlUeVh2s+G08tZKv2TM1l27l5AlMz2SawVnV+OjsvzWL35QqBunlCowvYe6WS/cqDdrWSPVeWsO/KclmXEf/VRRy6tkAa62Kqaxdz6W4F1x/M4M7TCp6+WcybDyt5+2krP/y8h0+/HeDn34/z+Y8r/P7nJf78U8HVef7+6xL/+esGf/99lz/+fiyA9Zjf/rzDj5+v8+DZMY6e2MzWrQKYuzazaf1SppflUCowlRbjS3SAE+G+NqRF+ZCfFk5eehyrly9m9ZLZ5GckUZybRtnELGZOKtRhRCXPUJydTnZKvHw/gggBIV/l8XB2xlkVC7azxtXBQcxFoCmG/Jx8UuJTCfYLwt/bB3cXVwL8g8iV99OTZT8TssmQDj8nI5ekmBgig/yJj4rU6u5qNlZKbJzAWBThAX6kx0aSlRhFZnws04ryKcsSGAtRpUcCSIsO0jMZY0ODiRErzc1mhRJMnTGZmYUCTxMTKUoOJznEnRkTE9iyfAZLpmczLSuS4iQBmbRQChODKEgMobwgg4zYINwsxxLm5SjH9hCossbNWyWKhzN++AD6duvAgB6dcLQ0JjLYCyODIfQQ4HKxNtMAZjreAEvjsbjb2eIq98TT1VHP+rO2MiHQ15OosGC5F46EBPqQKNcVGxlKTnaGdKrRWFvbECgdbF5eOsmZhZRWrCRcQDJEoEp5plSOVVhYCBHhkUTHxhKXnERkVAQuAlWqWHNktACBXwDmVlb/07qysbHDxsEZ36BggsPls16+OqToK8CRlFNC5qSZRKUVyOtCUjNzKSwpZuO65cyZO4eiksms27SZbbt2snbDJmbNnsPUMvmRzlbSDRWsXDiPY7s3c3rfVubPm03lwvlcOX2Ux7VXeX7vJm8f3uDds9vcu3GFN88f88cfv/D5Z4Gplw95+/QBn96/4defP2jQUhIOv7x7xsuHt3hyu5bHAlf3a2/w+N4t7sryyuXL3Lp5jReP7vDk4R2uXr3GqZPn2LP7EKtXbya/qILA0HScXIIxNXNh3HgbARs7HGxc8PUOEHAK15pRsQJhCTHJxEYnk5Sgio5nSZtLJcg/Rnuq/H0j5fOhGqxcXOqS25UEhKHsb9gYc0aONGO0gdxfEwctBWE03krgyIoxo8cLRBvrnKkxowS2xaxMbeT4rjqx3kMltjq64+fhi7ebD65OvlodXpmqP2gjoDVyhBmDBxswfJgqX2Su4StYIMvRxU+2u2Fp4YihoTljx5rh4RYkQFhEnlx3aGSm1udytHVj3BgjIqJTSS6YjpGAoH9grHzfS4uxxsXnkpMziYSUQmlDE8jNncGUGatYu/kI+49dYcf+86zaeJCjp2rEbrLz0BW27TnPyk0nmbv6CFPmbidv8moyJy4kIqZYBgP+2Fq46RChiYkTJsYuutyNg0uk9lyNF7gyNA1g5FhPDVPDDd0ZOtpFXrsyysgbAxN/xpj4MVS2Dx6jvFeO9B5qQ/fB0sH1N6LLAOn4ZPTfrP1gLdCpIEupnKuZXU06DqShdKJKWFQBl9Yo+rqh1qZS9o1Y48ZNaNKkKS1btqRNu3Y0b9FSXreiRYu2NGnRToCiI42Ul0R5cJTWVOveWgrh2xbd+UY6cpXc/tW3TQWqmupZY0pkVIcdVUhQhRO/aaST35UQZT0FA6pAtArvKaD6kg+lyuYoj5NKZFcgVF/nSrXTINZAoKqRmvWnPFjyuW+bKnCUz7fspvO3FGwpCQYVdlL7/uZL0eb/mg5Lyr5UEWoFWxqe5NzqCUA1alEnTfFt/Rb62PocGrXRIqN1emAt5fybaGmJhi07aJhRulqqdmLb7oM0YKnZhn2HmjJUSWnYyf9O7iLyFhyg6sxT6W9/pebFb1/qE6rE9r90yPDBuz+5LeB18+VvWpj06M0PLNt3h4IlJ0ibs5eg7KUCbL507jeWgePs6P69qdYw0+E/uf7/eqm0x02tt+ykYaupvkftdQK/kmpQpsroqHuswpttuymNscE6UV9ZS6059r2u5ahlPDRgCVgpsVrlwRKIUsnurZQiu7SxzspTNUABlhEdFWQJWHXVxZ7N6DrASJfVUSFGdd7tlUq+Kmc0YKwWv+3Wb4yui9iu63d1x+88SKC9Lw1ad+Nb1S5UBQEVBu7QW743hJ6DxzDazA4zF/lNy3+6XUAAxZWpHKvN5/bLUp5+mMvLT4vkns7j8dvZ3H05k5qnU7RdfzpZ7qsCqxKB2Ence1vO/bfTePB2ltgc7r6uoObZbC48mMbR2knsulrKFoGsDWdLWXW6VCCriDkHC5i5r4Dpe6Uv3ZlHYVUe/3jwepUcfLG2u6+XceflMm4/X82d55sEuLaL7RHaOyCAtYfLD3Zw6UEV5+9tpvr2Wk7dWiwwM5N9l6fLcpaWVDh0WZaX53DoYgUHzldw6FIlBy4tZ8uZJQJQi1l/UmDrxHxZLmDT6UVsP7tMPruCU9fWcfbGBrE1nLyxnMNXF7P/yjwBqdkCUXM4eGOhAF2dHblZKbaco7dWii3X68dkeULWT91awelbSwQEK7n2sJK7Txby5MVCXr1bxQcBq19+3suvvx3jl88n+fWPs3wWsPrjj+sCVwJUf13j339d5z9/1/Dvv2/z738/5O9/P60r5/PXfQGsazx8fpya24c5frKK3TvXykh/LjOnZpMW50tSlBupkR7kJQaQnyyQEuFCTmo0c2cWMrM4jUnZSWSlxDBrahmLpKOtFGBZMGMaxVkTmJAQJ/ATqXOjokOCCfVVoUJPQoKCCAsJl9F0MGmJSoMpkQjp1KIjogUSIggPDSM+Jp6o8Biiw5S6djQJ0THSwfhIp+NCXES4lnNIlf1PSIgnMjCAcNmWlRxHZmIc8aFBsoyXc8ggU46dnxxPfmoChWkx2qM2UeBvSmkRayqXaMCaI1A4OTOBqVnxzJ6YxKQJEZSmRbBkah7zyzJkPZjJWeHMLU2Tz8VQkBqlvXvh/u64WxvjZDUOk1HfM6hvP+wcvbE1VetDGTN0sBYNHTt6GMEB7hgM78+4kd8x+vuBjDc0xNnBDhcnOwFLH/w93XQYMMDPg8AAb4L8vAgU85LrjYoIxsfbnWC5zkB/b0yMxuPn50tBQb6AlAupeVPJKi4nPDwQ/4BAHARix44dK2Ygnb4tFpbm2NpZyfYQHB3tMbe2xjc0kpDIBPxk6ekfgpt/GP5hMTi6+2Lj5Iynjz+B4VH4yHMKS0gnIbuYhJxiSuevImvyPDnmFLLyS6iYV8HixQvJLyilaNI0JhZN1vlnsYkyik1J03IbW5bPZ5mAVtXqSnZtWM38mdOZX17OxuWLOHdsL7cun9WQ9dObR7x6dEvnUT2+fZ2f3z3m08tHGrA+vn7Km8cP+fD6Cb//9pE/Pv+kxUnfvnzKw7u13BGgenz/NvdvXhfYusbLp3d48/IJTx7d59qNG1w4f4UzZ86xd98hZs5aTkRUNvYuoYw0cBBAsRD4sRVIcRJo8idZADYpOpFEMVVzMD4qWdpstDybUJ2jFewroOMpIOsVRoCvLL3DcHYR8LHxEHhw1LMTTUwdGD/WmuECWUOGmQjAmjB6tIku+Gwvf5gOFrbSLowYZ2CMo7mNDgeaGFvpPDAbK5Wn5KI9ahqqXINxE8hS29TswpEjjBkwaAx9+skoV8kTdB1IG1WDrWM/enb/jq7dBtGnz/eMkv1byzU527vp2ZDevlFExBXiGZCGs2e0XH8grs7+xCUV4SrrIw1s8PSNwNYxAHfPSFzcg7Cw9iQpReAsdyplZfOZkF3OlDmrBbKu6mT3U2drqdp3njVVp1mx8Rirt55i/rrjFE7bQFruQuJSphISlinX4yVt3hpjIweMjJzl/nhgbhfEeAt/xpsHMGq8gig/DKRDHTnWi2EGzgw3cGKMkR/GVqGMswhklIkPg0Y50V06vC7SwSmwatfXkObdh9H0S124lp2GaKhSteZ0UePWvfhagEFB1Tf/aliXnP6vb/5X1uarf31Nw4b1adaszmPVpKlAVqvWAlet5XVzGjRUKuwNtWBk/YbNBYKkM1cyBhpiWutw31f1mvB/VK6VCgUKTKmE5q8bt+YbARoVilQzyBScfK0LPjev8w7JdhXOUiV8tAeraV1dwv9BVpM2esaZCil+qwpGy7EUJKnPqZBYg1Z1EPRN/br3tByDwEV95aWRzrphC+mwG7f7sp/mAn0NNUz9F+gUZDXUau3NtHxAQ/m+KvCsEvEVfClQUXlN6r7VV+euzluOr0KF9ZoJqLXsKIDQVyeat2jfh1Zd+gnsjqXvSBsMbPzxSZpGzoJ9rD58h7P3f+L6s8/cfvNZF3ZWyu5PxO6//YM7r36j5uWvun7hwWvvqdhyg/RZ+4ksXItD+CS+N/VjgIEto22DaNPHUJcKatiig/bGKVFPFdJUS5W836iFSnBXau7d6rxZStdL7pWeFdmqq65hqM6zeac+GtSUdEeHbsMFhAw0VLXuPlRro7XtM5qOAwy1onuHfuN06K9N71G07DWcVr2G0azzYFqqfK1eBnTsI2Av7bBD37F6dqEuuK2AXpVg6jhAS4aoMG9rnY+lILq1Tnb/Ssk3KJmPBk01nKvn/E2zNhq+G6gQZ5susq/+9BxiyECVf6mkVyKDCUwIJjw3guX7kgWicnn6w3Te/7KU9z8v5c2PC3n6fhaP3k0VE5h6M0XucZmAVSn335Xx+OMUufdTBcZmi1Xw5Ic53H89g1svpnDxURmHbhay83I+VSqP69xEKk/lsuBoDrMP5DBrfzYz9mYxdVc2/3j0fhl3X1UIYM3m3qslPHi1gidvtvH8zW7evDvEu/fHePr6sJ5deO1BnV2+t4Vzd1ZzRkDmeO1cjt+cyymx07XzOX1jPqeuL+TUjaWcvKZsFYevrGHfxTXsPr+cXWcXs+vcMvZfXsORq2u4dKuKJ0+O8uLZEZ49Pcijx3u586iKq/fXU32rkhM3lQ7VUs7cFnC6s4zTd5dSfW+lNMTVslwt6yupvr+KcypJ//4aIUyVpF9JzZMl3HuxghcCkO/fr+enH3dLZ3OSP38/z99/XObvPwWq/ropdpu//74jQHVLwOom//ffd/jPv+8KXN3n3/95IvaCv/7zmj8FtD7/eZufBLJevq8WwNrIps3L2LJ5McsXljCjMIH8lABy4pUGlCWxfmakxwYxceJEsnNzKS4s0DX28nLzmD1zHgsXLGbe/PmUS+c5Z9YsDQBZAlqpyYmE+PgS7OUlnZOfzqdKjJdOyz+QYLHQkCAiwyNISEhiQkY2+RMLBaASiI2M0J6qkAA/Gcm7ECb0npeRSXFeLskCbtECUpGB/joEmRwZRpLS2PJyJ0rey0lLJjsxlonJMVomYmJqEgtmlrNuxVJ2blrOioopTM9NZVZJNlOLclgyZwarFs5m+axJ5MQFEBvozuxJeSyYmsvcydKw8uKYkpuoYSzKzxV/B1OczMZiOmYoTrYW0oFY4ejkjZubB0N6dWLUd30wFJAaNrA3VgJcIQFeuDhYkRAfg6urKyNHDsdBAMvTzRE7CxP5zHjsrMxwkH25ONnopPbIcAHFjHRystJxdnXCw9tH1/3zlutV8gtW1uaMHjOMhKxSIuOScJPP+PsHECKA6urmLKBlrWcQenl7SIfpjJNz3T7CExIJioojQOA1ODJW1lNJyi0hNrOAiJRsvIMj8JNtQRGxBEXG4RkYgbNXIN5BEbj6BBCZkkV4UhaxKZlMl+c8b/4CZlbMZeO2KqbNnk9oRCK+/jEkJqYxb2oJp/ZtZNuaFcyZVs6mVUvYsXIR6xfNZ8OyxVw6cYCnd6/w+NYVHtRc4smtGzy/c0sD14+vH/LbD8/58Ooxb54+5NndW7x5cpefP70XuPrA72Jvnj3mwe0anghcPb13m5uXL3DxXDWXzp/l6iVl57l69Sq1N2u5JyB25sxJFi9cQXJSHh5eEYwe68jQ4UaMGGnKKANLHabz9ZCBgABneFgkCXJfE2OTiQyJE/CtK7KszMczVCxMwCtSoDcSd7dgLK3cMDFzwtFenrW9h9auMjNzFNC1ludtKuuyb3kGTrK0NrNinKGaGWiKyTgTxowS2DK0wFDOYexYG/09K0tXeYY+WKt6hgInowTWRg03FcAyZeBgQ/r1N6izAaNlOZKePYfQTeDqu+8NcXFxx9PdW35r0WSlppObkUtOXjFJqUVMmbmG1av2MG9ZFbPmrqeycjOrVlaRlT0FN49ggoPiCQhKJLdwFrEJeYRHZTJ12gJWrq5i5oL1zF60nrKZq6hct0/A6gQLVh6gbO42ZizaRcXSfRTP2kLh1HWkZc4jKqGUYDVz08oDMxMHLC29BUC9tOaVqbU/hjrPyh8ji2AdGhwyypmBwxwZYeAqwOXFKFNfvh/npZPYu31nQ6/vxYZY01MV0R1qQ7v/l6yzAKsjWd7+7s3GAyS4BA3u7u4W3N3dIUiQoIEAEUKIECHu7u7u7u4JcdmN7vtV9yF7938/nqeeGebM9JkzZ870r6uq31K3oQ7PAMKsfImUBoZIUgcsoYbBYipcC2qAiKygAxsoCAH+EvwcMGAQhgkLQUZWBrJy0mSykJOVhbKyEuTl5SEqStAxZDCEhg6l5RCekzVMiACFeaAGC/Nkd5b0/qu9X7IMLCTIvVfMc8TKpAwV1PVj4TqWq8XgSSAsKiEI6Q0RlFQZxpTVCQ4GCQvCc0OE+0J3vC7gCD67ccAQpgguwmcRDuDeKlnuHWMlWljocBDB2QCCLSYBICTOrsOvxHd5LifBvFD9BwpzzxgDNuadGiIiwQGx/2AB9DEYZErkrDwQq8fI4Ksfy91isEfbmafoH+2uPo+QIIdIlyDDFIp0Pxrb+cE3oRJlUzdh4e7r2HH+GY7feosrTz5zL9Ydln/18gsvj3OVtp1/8IHnYG078wLNi04ib+J6xI2dAxvfDKiZ+0DP3g96DiG85h8rSTNUggGuNAc/dv4sXMiWLNdquKgCRMiGM1V6MabvpQIRugYsZ4zlbomOVIOMigEvucNU8ZkxkJLSYPUCLTFS1xEyWrYQY8nuBHRMloFBFnudQRbTuxIjYBJTNoWMhh1/jYH9CDkC/L7Zn6zWoSTtw3LomGo802hjoT8xeS0IS8ljKJ0v+954yJiu5wARib4ZhnRPiI/koVg285Gds6ymMUbp20KfBj+e1IemEVxVTclAx/J0nLxTige9jQRXk/D641y8fDcLT161kzWTTcDD3vF4+LIJj1814sGrejx804An75oJxNrx9HUrHr9pISAjAHtcj3N3a3D4WhV2XqzA5jOlWHGsBD0HSzB7bymmbi8jyGJWigkbS/Db0zcrcb93EW49nU42E/ee9eDpizV4+WIrXr/ajXdvDuL9m8N4/Gw7rt1bg4u3VuLc7WU4fW0RTl6di2NXp+PYldm0nMOFQE9dnY3jl+eSLSJbjqNXluPQpeU4cGEZ9p5bjN0EVXvPLcWRi9TWtQ14/HAvXj45jN7nR/Dy2UG8eLoPz54S1D1cz2URTt2cgzO3mTgok4JYjjN35uME2am7y3Dqzkq6cItx5u4iXLy/DBfuLyZSncc9cHceL8SjZ0vxsnc1Przfib8+HSawOovvfxFIfSGI+nqTIOo2vn65TnB1naDqBhktv98mu4vvPwTLHz+e4MuPl2TPePHp1++O49KVdVi7biZPdF/cMxHT2srQ2VyAhrI4lGcGojDVD0UFqahqmoqGGetQ2bUdJe1rkdu4GP+TEOIAACAASURBVHWtc1DfMg3tnT2YPHUOJnfMQvOEiaioqEZt7TgU5ecjOyWFh/Dio6MRGxlNnVQEMpITkJ2ajOT4WKSx/B+WGxUVjuS4KOSkJ3O4ymalWNJSUJSdjYKsTNrOproHIdTHC0kRYchNTkJKVASBVQiig/2RGBHK87CqS/JQnJaIypxU1BZmYeqE8ZjZNQuLemZjzZKZmD25CZMbajCltQWzOicTRJWjs2kspjSWcBHRppI0dDaWYmZ7LTonVKO5IgsNYzKRFx+GEHdb+Llaw86UAEpbiYuHWpvow9bKCh4uDnCwMoWXgzl8yVgB59SEKKSnJiCJlikpSQgOCSPoCcPo0d7Izk6Dr7crnzGYlpKAhNhIhAX7IZbNcgxhuTgeCCHYYhINjg420NPT5IWVIyJDYGFhRh2WC9KLxiEoNAQeHu4ICaFrQ0AVER2KyIgQ/j5RdM0Tk5IQTvCVlJ2LjKISpGXnITkjm4NZflk1yuuaMWZcE6pbOtAweSYqmicjPDGTF40OS0qDT1AEXDz94OEdwL1cSVmFyMwvRVVtLdonTUBWXjEamtsJslZjbs98VFbVob62DpOaG3DxyBac2rsZi7u7sGBGBw5uosHG7i3YvW4FTu7dgmvnjuDN89t4/uAaLp04jHuXz3Gx0dePb+PDi/t4//Ih7l67gHNHDuLxnat4/vge7t+4hA+9j7lmFsu/unLuNK6SnTlyCFu3bMb2zRt4CPLi8cO4ePoEbhGAPbp/C0cOH0TXtNnIya2Ah08kjMzdoW9kB20aKWrqWMDMxJGH3IyNHQiK7OHm4o1A31AE+hPoeAUT1AbB0ysE3kwQ1C8KQcEJXLyUaV65uATCwVlgNnbeXLPKxcWPzJ/P/nN1IAhn6uxu7tSmIBfLy4m2O3nz4tLurv48VOnI9K8cfHhCuCuvm+jK4YrBFzs3C4I1WyvaZuoII0NWI9IZOgRZamrGBFt0L9q4ITCY1V2MgKtHMFyo3YjwOETF0+8nZyza26dj/rxl6O5Zh1Ubj2L99jNYteUYFq/dj665q1E/vgtjayaisXUeNu84he07T2PanA1YvGI7du07hSWrdqNp0nyCqsVon70Bc1bsx/RFuzF59hZM6tqAhtYlKB/XjcKyTqRk1cEvKIUr49vb+cLVPQo+o5Ph4h4NW0eCLvdYOLrH8dCgvtlo6Jn68BChoTlBll0IDHmNuABokGlaBELD1A/K+m6Q0bSDuLIFgZWuoC6cuCq3IQRZIrLatF2TJ4azsjdDmOdpiLBAfmGoEIcnJSUFGBkZ0HdsDlNTE1hbW8HQ0AAqKsoYPnw4mRAkxEQgOnwYhhBgDRnKpBuYBpag5A3Twvrtt/5kvwmKPv/en9cgZJAlUHgXFHxmMMJsAFn/IeKCHCwGR8OkBSV5mJeIQRLrcIUlBPlZfeE97rFi6u4EVQxuBvblT/UbNJTAR4x3yGwmIPOWceAQleXeJebJYonwTMmdQ5aYEk+GH0Dt/wpfsnb+YODEk+tF+fsP4sn2IzjQCd5fjAMey79igMcgi0k+cFkH5mkjkBshx4RbBbUOpVX0oKhhAjMCIufgLBRNpGfBjuvYcOIRDlx5hYsPP+LG0z+53Xz2F19yeYYHn3Dq/gesPvoYVbMPIKN5KQIyxsPGJxX6dmGw8Iwj0PLmul5cMJUlq4vL83MbysKeLI9MRJJ73YRHjORq7mIEViMkRkGUjvml4TVCVhAeVFA35iE6GVZiSIUVZKalujnkdO0hpW4FUSUjiI0yIaBiHizmmTLBcCbtoWQIUdo+nF4XUTSm/Z0IvKwIsPQgSW3JMEV4dgxTZifQVCBgY5ILAiNAUzHihbYHM6AaLITBwqJcCoPBNtc4Yx5MVqZIguWIaXEhVQlVQ6gZOkLb2A3G9l4ITolF87w8zNmci+2nc3HlUQ0ev56AVx9n4uX7mXj2ZjJZC1kbgVULGcHWm3oCqxo8I3vxvhHP37XSejOevR2PRwRoNx7X4eK9sTh1qwyHrxYRZOVjxYlcAqx89BwoRPfuMejYXoLJW4owYUMBfnvzfit632/Ds9cr8fh5D56/WI5Xvevw/vVOGvUexZ8fTuGvjxdoeZaAaz/uP16HGw9W4dLdpTh/ez7OEQCdo+XZm4sJiBbxbedvLcEFArErdzfjxsNduP3oAO48PISb9/bgyu3tuEx28+4egqnDeNd7Cu9fnSWIo47i7WkacR8lO07nsB+Pnm7A/SercO/JCjxkdQqfb8GD5+txk/6/8mgtrj/ZiBv0+s0ny3H72QrcfbEUd54uon1W4Dl9htevthBc7SO4OimAKwKrn18Inr7eI5h6KDCCJgZarBD1d7Kf3x/gx/fHAvvxiEDrCb5+f4ZvBFh/EZS9er0X164vxf6907F0YSu6p9Vh3rRqTKxLR3leEMZmB6O0IBZZxVkorK5BbXs7mrqWobJzE7Ja1iN//BJU0kO5bfpCNLR0om3aHIynjrq5eRLq65swprgY+bnZSIyNQVZ6JnJz8pBOYJSREIvS/FyUFxUgN43laoUTKAUhKzGBF7hlRZ7zMlJQkJGGUvY/gVhUgB+iA/2RGhON4uwMroHFNa18PZHNPGHRkchPS0ZmfCRqCjLRPq4cHQ2VmFhfjYbKMixdMBOrl3TT55yPJQsXoIvgoHtyA2a21mDmhLHobChCR30JuifSNZjajFntjWgdV4L60hyEedrDw0ofPvb0UNZWgb2JDmyMNGipxeUYPJztYGGoC386x7rKMXR+ibAz16OO1QaxBDwejjYEW+G0Hkydogl8R/siOiYMHq42SEmIRDr9eBJighHo5wV3JxuCzRBEEjSO9nHn8MQ6gpTkeJQUZROQxhNMBSM6IQkF1RMREBSE7Lx8lJRXIjUzC1FxsQglkE1IyeDlc+KS0xGbnIHQmGQEhBPgpqQhJikV4fR/7tgGjKlvRVpRGcFXGRIyCpCcV47E3BJEZ+QhtbgSORX1PESYkl+GnJIqHgqsbRqPyrpGlNSMR355PZLSi5GRXU7vX4z6xmYsmz8bq+fPwv5NK3B4+xr0dDJ9pglYNKMLi2fPwb6Na3By90bs3rAcJw/vxMOb53Hr0nHcPHsEz+9ewpund/D22QN8fPsULx/dwOXj+3HxxH5cPnUQdxmUPbmN3qcP8OD2TVw9fwbXL53Hw9vXcfzwAZw6tJ/A7SSuniE7fxqP79/Gk0d3cPTIYczvWY6iMfUEiokwtfGGAQGKGQGLgbE9gZU99zbp6llDnR7EWlpmMDCwgakZgZelC3XEfWEuJz8CgxACmEg4u4TAySkALgRWdvYBMLH0go6hM7Toga2tZwdDUycYmzpDn9rRpvb09M3hYOcIbxdPjHb1hZ+XoLi0PwFc0OgQ+Lr5wcHWi87DhcDKiTp+Wxga2PLjDY3sYULnaG/jSnBlDTUNU6hrGMPS0QOuPiFw8whEEJOHCE6G2+gYuPvHwycgHpGxGQgOI5gPTEZgZDq8CQrt3cIREJGHrDGT6fufi/HTCaLWH8ai1YfQ3LkKmUVtSM6tRkVtByZ3r8KcxZuxbvMBbNl1Atv2ncHKTUcxuWcbWmZsxJQ5W9HWtQ7jxvegtmE2HdON3JLJiEksh7d/EpycCfTcI+HlG8+V251dI+HoEsFlGEz5DMEAmNoGwdgqhNaZmGgQddQR3Hulz4w6WnWCKwVdd0ir2UFIRgdDxNWpo9Xg68IjDSGmakWdnxlE5LQxRFKZAGMk93L0GzSEe3+ERcQgLSMHZRUV+k716PdkSt+vNpSVlaGgoMBNSUEeKkryUFOWh4wE82INwtChgyAsPIQvfwHWb7/9DhlFJYTHJ3OvFqs9+EtYlM1K5DXo2LT8oSP65BxEBJpZtM6SyIV4GFCKoEfqn5p/DHgGDBThobqBPMFcjOdBDWBhPJYLxaQThGR4e9zrxPeT4N4rNs2fgdsAli/FwIwBkLgCzw9jquJMgZ15s9j7sTAgU6BnSf79CLj47EJ+noJwJs/bYnljg4QF50Hb+ISAvv/ZZxooQnAgIimYvUeAJSarDmklXUjIa8CAfiP2o5OQM34R2ledxOoj97H3wgucv/8e159+4mB1jcHV0888N+v8g884eus9Fu65i8o5BxBeOBlOQdkEWMnUTgZMXKL5zDyugM4+j7gcgYgMDwsOEREXmLAgwZ1JNfwCLDEZNfqOtCFJcCVNS3lVA4wcZUBgpQs5FSNeaFlazQyyBEPy9DtloUEmGCqhagrxPhMlABOR04UwQftwBX0IMQFXeYItZVPIG7vTMUyawRKy6pZ8pqEGr11oAwUOVdZQpXZH6VlglLYZVLQIwhTonpWQpu+JeQSFCQ4lMEyC7lNxOe65YvDIjCXej5DThCjBG6urqWvuAWsaKNm6ByI2PwXdGwuw+UQejt0oJlitxfO37ej9MJ1D1ov3HdyevZ1E1oanb+vx9P1YPHlbTGBVhefvx9P2BtreSHDWgNtPq3DtYRnO3SnGkWsF2HExA2tO5mDF0TFk1GceqsKcPWMxfWcJpmzJw2+fPh/Ehw878O7DNrx8tQZv3mwlsNqPrwRW3z5fIruK759v4tufN/Dl8xV8fHcSvS/34MGzDbjxaAkB1FLceryclgQ9D1bSm6+k9XW4+2QnHr3Yh2cvD+PN67N4+/oi2RW8fXOe/j+HN69O4cPb8/jrwzV8/XQdXz5dI7tCMHQOf348S+9zBO/f7qN99tFyJ9l2wfq7vXj9bgeevt6GJ6924vmbnXjxZguev16PF2/XoPftWvS+3oC3b7cRXO3Fn5+OE1xdILi6hh9fbuPnVwKnr0/x89tT/Pj2RGDfnxBcseWzvpqKLwisesle9G1n9hBfv93CX19O4MWLldi5qw2T2ssxqaUY3R1laKtlEgQhyEzxRWpGMHWimUgvzEVWSQZ11nGomjIXY6bvRGTxHBSMX4rmLvpBdS1A24wFGN82Dc0TpqCsrArFJaXIzspEUUEusjMykEFQlBgWjqSIUAKhcGQlRCEtJpLP7mNldNLj45BCABUfGoKMuBiCqUjEhgZypfZ0NnMqLprLLiSEByItNoy2hRKURRN4+dF2f1QWZKOuKBNT6yvQPLYQ4ysK0FJDn6u9FWvWb8TateuxeEEPZndNRvfUViyY3oquCVXoaKYbqbMNixfOxszOdkxtHkeQloK4QA8kBBH0WBsQTGnDwVQPXrYmcGQCoqbasNJX5+rsvp4uCPXz4HUGy8tYPcdU+Lk7wNfDFZmJcQgd7YHczGSkJkXBysIYXl7u8PRyRRABVVZ6PMICveHv64Ig+gx21EYofeYEgtCQUNZxuiE0jHXkToiMDEd5RQlSUpIRl5qDsU3TUFRaisLSCoKbAnj4BlJHGoLisTWoHt+OpOxiZBIUJeaMQSoBUnxmPtIKS5HI6tDljUFUah6yx9YhPqcIKQRVmcVjUVbXhtL6NpQQeBVWNSIhuxBRKdlIp3aSckuRU1SK1ontmDa9CxXVtbQ+GW1kOQRmSSn5yCsowaTWVsyY1IYFszqxZUUPAetkzOlox6Tm8WipayC42oL754/gwoFNOHdgG+5eOokbJ/fi0uG9uEVw9PbZbbx+fBMvH9zAk9uXcY9eP7F3G1eGf379FN49IwDrfcQh6+61i7h56Rzu3ryC08eP4cThg7jMcrkuX8C1i+dw/+513L51BceOHMO6NZvRMmEqwWkeLAiWjK3cYG3vDX0jJ6gQsLD8JkOCGHMCKq6TZeIAYzJWS9DVNYDPDHQgs3cKhL1DABwcAuHlGQlPj3BY2/hAx8ABappWGEUPXRUNayipWUKJHtbqmsbQ0TWDiakTz6MyMbalTt6BzA6ujp7wcvbhyu32dq5wdfEjqCaAcwnghanZedhYu8LUyAYamiYEaubUngkUWVhQ1Qg61JahqT0MTexh5+RLABMAJxcmf+AHWweCNStvWNgFkPnD2TMKUYklyCltQUxGDVJLaCDUsQrlLctRP3Udlm08gq6ezShvmof8qilIza5BfmkzJk1fholdy7F0zQEcPHEdKzYfw4wlezFx3naMbV6ExokrUN+6CFVNcwmu2pGYXIGomHz4BbM6jSkI8E/kpXFYeNDNIwbWDsEEuH6wcgiBrUskLBwiYGYXAgf3OFg50+vuCbB0i4eeTShUTUdDxcALcprOEFOyhAgBlbiKGUbqukBW1w1SOs6QULeGkCxLaFfhwqH9Bglh8FARiEtKEVSpQlNDC6pqo6CgKAsZGTGIiQ/HCFFhSEqJElzJ0usqdH11oK+tBnlZCUiKCUFGUgjiosM4aA0Y8AcB1kACrIEYJjICaQU5cHZ3J9jqxz1Wv4o+9+snkGcQaGAN4TDE4Kkf09Li68O5Z4rJKHAhUCaHwDxVBC/9uIdpGAcyQSK6wHvEtrOEebYfS1Yf1Fe/kAEPXxeSFoAWk40YIo7/9CdYY7INonKC2Y2DxQWK7sOlee4Y807xWnkETv15+HG4IBmfg5Yw3zaQlrzcC1sOESTvc2/WYIGW1kCChH60XUhcHuJyGpBR0cdIghh1fTtYEUznNi1E29IjWLLvFg5cfcUB68KDj9xrde3JZ14e58LDD7yczp5LrzB3xw1UzNqLoMxmWHklwJjAysIjnud1MVkFNquSJbIzKGEhTBYaHDqcPr/QCA5ZQqJMOV0aolJKkFXQhJK6AZTVjKCgogNFVX0oaxhCYZQebWcFlo0gS/DEJBEYvEmpm0Gc5UoRcElpWgiWGhYYoWyIoUzGgaBqmIw2B6zhSiYQJjhTMnGHjKY9QZAR11cTktHkoWqmsSU9ygQKGuYEV1bQMLSClpE1jKydYOnkCSNbV4IvA4JTCfxnAN0jLHzNwpxiDFYFkCUsrcYT71k78nQeWjRAs/bwg3doKDxDwpBZlYgZawuw/1IZHhMs3XveRJA1Ga8/zEbv+1lk0wiyJnJ7/r4Rz95X0X45ePg2k0CrglijBk/eVONRbxXuPSvDzUeFuHgvB0evZ2DL2WRsPF2ITSeqseFYDVYdrcWiAzVYuK8Ss3YU4bcvX2/g85+H8eefB/Dp4x58/shylC7j+183CEjukj3Azy8EJV8e0rZ7+Pr5NgHQBXz8cBgvCWSev9pEYLYZT3tZAWey56ym4XaCnsN4++44Pn04TeB0mY5jgHaX2r5H0HaH/r9D/1+n9bv4+ecjeo8HBEH3yO4QzDHQOoW/Ph/Hlz8J9P48T3aSjjnB86e+0Prnz0fwieDp86fTtN8JWh7Cp88HaPs+nmv1+RN9ps8nBXD113Vq/z7B1UMCKoKob734SRD19/fnvED19x9v8OPne7KPZJ/I3vH/v5P9/PGa7JkgbPjtJtl5Asx12L1nApYsrEF3ZxGmNGeioiAIeZkEV+lByC2Oo5GoLczNtRAU4ITiwnTUNNYgvXoyArMmI75mJRJKO9HcMQuTuuagqW0KmlraUFvbhJKScmSkpyEtNZHPjCvKzkAmgQMTIc1JjEFadARXYM9JSeL5U+kxUUglkIoNDUZyVDjty/SugpAYGYr0uCgkEHgkhoxGRlQAsqIDUZgUyUErJng0aoqy0VFbgvFl+RiXn4G6wkzuyWprrMeKFWuxYf0mzJsxBXOmthFETcQsBlnTpqCzYxIWLZ6PhQu6MXtaG1rrxmBCVSHXxwp2tkSYhz2CvBzhZGEIL0crgi1DOJnrEmDpQm/USFgZ6cHbyQqO5vqICgnEWAKgwsxEAsVgxEeHIDEiDIlRoVyVPT4mHGEh/ggPDUBMDFPutkUSgWawHwsX2fNZgqwgc1hYIJ8pGBQUzMGKJaj7+vogNTUV8QkJKCgsRF5ZDRKzxyA9JxepOXkIiYxFZGIKIuOS4B8YigD6MUYmpCC1sIwgqRjhCRk8vJeaV4qwuBREJ2cSOGUiPCkLWdRWTFo2XH2DEJ2SyxPbozMLEZaYibisIh4yzCypQWVjG6ZMm47OrhloaZ1IcDUF4+rHY0pXN6prWzCmZCyaW8ajjUBqWlsLB6w1i+bgwv5NWDuvE9VjxqChqgZbVy/GjVN7sW/TUmxY1oPzR3bh4oEtOLlrE25ePodnD67hxYMr3FP14eV9not19ewJnCcYe3D5MN4/v4svH17i7fOHuHv1Ei6fPol927Zh0+rVOLBjKy6x0CBB19mTx3DyxDEcOXQIu3fsxNaNG9Azez7Kyhsx2p919N4wtaKHnqohV6hWVjeBvqENrK3deR4UC/E5OvgSQIXA2zsUHu5BcHFl5V2CeMK2h1c4QsNTaBsBg5kLdKiD0aBRp5qWDbVlRQ91MygoG0FXzxwGhpYEbq6wMCNoowevkbENLM3t4GDN8vDcYW/jxMvi2Fi58JCgFZmFhQv3nrHahK6O7gR8tlwLi3mulKhDU1AxhLyyHhSV9Xmyu6jUKMjIa0GOPouMrBoUFXXoXEwJbCIRl1aBlJx6+v7r6d5pRUUT/Va71mL2ysOYvfwgxk/fjAVrD+PAqZvYcfAKVm09iYXL9mLxin3oXrgZEzqXYmrPFtp+Ghv2nsPcVYcxc9F+NHSsR/WEpahqWYTKloX0vGjlye1h4dnw8Y7kswhdXUJ5bUEb+0BY2wXCxHo0jC0JcC18yHxhZBVAwBUCS+domDhGwdQxWgBXxr5Q0HOHlJYThitbQ1rTESrG3pDVdoG0hh2GKxhjsJQaBokroj8Lvw2XwggxacjKKkJLU4fg2BBmZsbQ1laFqDgLEw7E8BFCPBzIPMnsNWsrFio0hKaaIpQIrkZKi0JORhQjRIZhIIFV/wH9MHjQHzwhvn//fjwRXlRSmocIueZV/0H/1B9kMwZ5gV/uteoTJeWFncX6StqIc0/T4L4ZeyxpnuVJ8RqFIgRAwoKwHMuTGsRlHCT58b9ATTAjUJwnzjNgYvIDLGTHktqZvANrj80mZLMa+zPZhuGsjqF0X94VHTdCWpATxrxjrEbe4D5jIph9cMWS4gcwVftBw3h4lUlO/ANkAwX19QR5WaJ8pqOotAok6J6TV6d7kmDFyJYGw7WzUTtnF2ZvvYQDV3o5SDGPFas5yAo7s/wrBlwn777DVpbgvvYsAdZ+jE6uh6V7LEycwqHNinebuEBCSR9DxBV4gvtgYTHBxAGenC/BIWuICK2LSGCEBMGe9Ega2GhDXceQoEqfvneCPlpq6hrRNmMuUCpBAKaoaQo5dVMORCPk9QjYBYAloWZO95gl914Not/SMPoNDad9eIiQoEdITgdDZLT4fkr6LhyuhAnsh8tqQ1SGqd0LikuLympCkn57ijQYUjWy46ZBAzV9+i1buY2GhasPvWaIAcPF+P3Tf/AwDCBIFKJrKUxQx9pluWJMwoHpgOnR88jZPxBRWVEorE9F5eQctC/OxaErBEjPa3CndwKev+vEy/dT8PLdFIKryXj5oQO9H9lyAp6+q8DDN/l48Dofj14TmL2uxsPeCtx9Voxbj3Jx6V46jt5IoO8iCVtPl2HziXpsPN6AdWQrD9VjOYOsPRX47ds35pm5gi9fCGTYLLqvBD0EI98ZiHxncPGW7A0BCbPXHE6+fn2Er19uEMAcI8hhYHYQHz8ewLsPB/H6HT3MPxwiwGEwdJHg5hpB0238+Hqfjn1E9rjPi0Rww8HtMfcmcWMeJLYPy4n6eomWl8lu0v4Mju6Q0fo3Wn67x3Oovn+ltr+ytgkEv92lc78lmP335SL3WDFY+85eY2D1lXmsntN7vMQPBlQ/3hFYEUARVP38+RcB1RduP/9mS/r/78/c+Ot8f+bVYiHFKwRxh9D7Yh3u35qBk4fqsHJRPqZPTUXH5Cxk50bBxdOCRsMWKCkuxJT2OtRV5aA4LxHF1U3IbVlJkNUB7/jxyBvXicbmCaiorMK42kZMnNiBoqISJCUmIy42Bnk56QQeaUiJjkRmYjTBUwTiQ4MQHx6CFIInpsSeR6CVGB6KEB8vXjMwNiQAYf7e3MuVQ4CWTccVJUcjNy4Y2TGByIsLIygLRm1RJroaxqK9Kh+lKTFcxb02Lw31Ywowa+Y8bNqyExvWrcSc6R3omTMbC+bNwdSJE9A1tQPd06dibmcrOhpZ/cRSNFRko7o4Bcmhngj3toePszVsTXS5ppWdmT5cbc1gR3DlbmsCO3MDBPm48VmFualxqCorQVN9BYpzU1BKgNdQVYrCrGREBvnB19UBfizniszLwwlBIX5clT0jLQ4RBFQsIT2OrsFoAqlYgk02+8/Hx5cAy5kAyw9u7p40+vdCenomIpnuVcFYHraLSc1ASHQ8AUMQAkIjCKqSEUNg5eMfjKSMPA5imWMqkVFQBp/gSARERCEgKBRB4VHw9Asi8EpDegFrJwvBMfEIjU2Gq08wEnLHIKdsHEFYDpLyypBdXotCamfJkkU4cfIo5vX0oLK6UeDJqqpHQmYpUrJLMI3JM3RPQ880JtPQyW32pAnoaKhBCSuFlJ2HubRt+ZzpqCXYahnfhAPb1uLU7s04vGUVju/ewjWyHty8gN4nNHB59wyfXgvysq6fOoibJ3ej9/41/PX2KT72PsaLx/dw+9oF7Nu+FWtXLsPRXVtx7thBnD9+CEf37MSOLZuwc+tmHNi1HfsJvjatXY9pnbORmlYAW0cfaOtbQ13bjB7IJhilaQ49AxsONo6OvlxPyt7eg+dTufUBl6cHgZZnKFwItty9mLRBOMGDD0wJnozNXWBAD0RNVmqDIIt5s1Q1LKl9GonqmMOYHrT6ehYEW7ZcRd7C3BbWlg7UybP8L0fYWrvB1sYFpsa2PDzJwpZGdIyujiVUaSSupmbAQ5faOhYEVrpQHKUPDVo3MLInsDPn20Yq6UJmpCYHMDePIASHJ9K5hkBVxxqu/nRf5zWgoX0+elbuQQ9B0pQeWq45icVbzqFn7Rks2XQSBwmyjl94gD1HrmPDzrNYvuEoNu45i4VrDmD64p2Yvmw3Zq0gKOvajHGTT5YirgAAIABJREFU1qCxcwNqJq6iZ8JMAqw2JKdX0kAihe7zEDg4jqZrGMhrDrLcKyMCKnPqhE2s/WBInaixla9A+8o+Cpqm/jB3iaUOKA4a5gEEVx6QVHfggDWSlSnRd+fq2cJyehgioUIAIcfrCw6XVaVOfhRdCwIlHV3o6+sRJBvD0EgXyqMUoaA4kmBTkeBUl2DPGb4+3ryElI0twbSlCcGYCgGWPFRoP2ERIfz++3/IfifAGIIR4pIQlZCCEAuNDWWq6EP4jETmueLJ7axANCudw2cSinAQEuRgiQpymVge1hBxDk7MW/THP4ruUlyglGlbCWBKjgBIlhd2HtgXOmRwxXOxhoj+40FiYbx/wnr0Hrx8DktyZ2FDAkwRCWWu+cTek8Mcy08SF5SQYTlbgpmJYrx0Cwu1sTAkn1HI2ue1Ewf/MzGA5QsJPhsr/8MAS0jwGqutKCxIMh8qIgmxkepQoN8PK6FjYO2D0Ow6VM3cihmbzuPQ1Tc4ffsDB6qLDz/zmYOXntA6gdbRm2+w+uhDTN90EWUz98A3qQ5OARnQNPeEtrkHgXYgRAhYWN4VA6yBXKxVhHvQho34BVgSPEQoRoClpKxG37EhDZKMoamlBy1tffoNmULXwBBy9JoU3SOKqjoQkx3Fy9OIyBNwEUxJspDgKBOei6VkQPeXgj7Bux4kCbrEafswVshZQg1CtBRmFQEItGRpACUsT4Alr01gNIrfh0y7TJKOlZDT5fUJhWn/YZIEajJqfD8pZQPu3dI0dab7ne5/ex+M1DAS5OOxmZ5sliTfX5Mny4/SZmVzXGBo4wUzJz+EZ0ahYVY2Fm4rxNLd+Vi0Mxun75Xgxgsm2zCBhwZfvJ9GYNWNN5978O7TIrz9vBCvPs7g+VdP39Tj8ZtqPCHAevSqAvdfjMGdJ4W49iALJ26m4sDlfOw6Ow5bTo7HtuNtZBOx5Vg71h5qxNK9NfiNhcW+fb/HZ819J3D58f0p9+r8ILD6/oN5dAg0fv7ZZ7RO2xiYfPvR25ckfong7Aq+/nURXwio/iSwYaDzg9m3+wKPEfcSvehr9yVf/vz+il77ta2XG99G5/OTjvv7+12eD/Wzz8vEAEew3yt8//6OoOedoC36X+BlesPXf/D9Gcg97Wuf7d9L9oqD1c8fzFP1oe9zMaD6RvaVg5XAvgq2/fzvdvbZv9P+3+m4nz/Z+z2i87pOn/0oPrzfiof35+PQ/kp0dWUgKMoDgWGhmNDegTk9C2nbFDQ3VqKqKB1lY4qQVz8TMWXzkdGwAv45UxGXXo7W5no01NeiuDAfhWQ5WdlkWagoK0JhdiqSIsOQEBmKqNDRCA3w4dINFaWlKMrJQKiPJ0FXMEFXMPzdnLnHyNvJEmnRQSjNTkJZXgrSowKRFOrN6wxWE8jUFmVgWnM1JozNQ0NJKgrjQjE2KwF1xVmYUFOKro7JWLV0AZbM6cCsiQ2Y1dGGmR2taGuoRGdrPSbWFPPC1GW5rA5dCApSIzCuOB1JIR7wdjCHq50ZbIy14WptAEsjLTjSA9nezIAnrhcW5qG2uhoZqUkI9PMk8Ezj3quc1BiUldDnJnjKSIxAdHgQUuOjYGthSMdFIyDAD4HBwYiOCoENtefh5ojoaFbeJhJeXh4ICQtDRGQEHBycuLm5exHsFiImMQVhBEixSZkorZ/KpRbi0tKRwAsypyCCQCs9l+ljVWFMZT1yimtQNX4K6qd2o6xxIiobJ6G0rgVJmYXILK5EUWUjwVU58qqbkVc3Ef4EVzFpefCPJNALi0NiZjGyiqsIsEqRkFWMnIIKTJ7ShcXLV+Lc6ZMYN64ZRaU1BF2LUVNbj+CwBGRn5WHpnGlYMWcSpjfXYO6UJrTWjEVLVRk6astRW5yP+bOmYe60KaiuqERN2ViC0nEEXR3YuGQeDm9bh9vnj+M5QdSTO1fx7tldPqPwJf1/5+JJPLhwBL33ruFD70P8+fYJDYhe4fPHl7h/8xIO7d6B0/t3EaRtx7E927Fv6ybsWL8ah3Zswtkj+3GWoOvYof1Yv3YDqmqa4eIVDhNLN4IjFw4qI2m0PFJJD2oaxgQ1FjA0sISZmTXBjzPsbL14AjoL3bk4B8DBmUFXMP0fBFt6UJpbecLM0hMm5m7QYbXwtG2os6cHpJ4DwY8NVNXNoaFlQSNqU+gbO/CZi2z2n7yyDociFeqgdPWtYG7mAEtzJz4DkYclXZhelzeBnzXU1I0JHqxgaupI8GYKBRV9qKibUGdizhP1lUYZQVnNGEZmrjClh7KNC0Gix2hYuXjD2SsA0Um5SCYQTsqvw+iIQvpeWzBm/EKMaVqCuQRZy7ZfxPaj17Dv1G3sPXEPJy4+wqmrj3CG7PzVpzh14R62HbyIBRuOY9aqQ+hasg8d8xlsHUXzjC0oGzcLWYWtCI/OJYgJ5549azs/WFqNhqVdIAzMvWFg5s0hS8/ME0aW3oKlhT+0zXxh6hwNI4dIjDL2gbyuGwGVB1RMRkPB0AMSarYYJmuAoawAMnVmg0TlISSpDMmRapCUU4KKqip0dLSoQ9Wj70yfrrs2lNQ0CT5NOFQFBATwWbz29g4wMbOAvpEhzEwFdT+VlRQhLCSE337vh99++w8GDxoMUVFxiPH6daMEdfqYxAErrcOESlmtQea1YuFADh+sjM5wLp3A8qe4sruQDA/Vcc2rX8DEE8oleAhQIPApxfWnBvDZfYIagwyyWNIz386T3vtyq4TEuQmKBws8T8ybxDxjLOl7MAMnAqpf0gQs/4qdC1OMZ+fA1MwZbDFvGvOycS0soV9yB1JcdoKV0xHA1VAeJuQzGJlXi6vSD+H5W79eHyTEZhaKcakElt+kTPefnKoR9Czc4BGTh9zmpehYfQL7Lvbi+PV3XNWdzRhkdu6+YP0wbV9x6AG6t19D2fRd8E9phEdYIbQsfaBv4w1Lr1gOHMNlmGq7Av98/ftmOrJEcRYeFBEfCTEpBYxUVIMOAbSTow2cXRxgZGwCM3Mznr+qoa0HGUVVyCmOgqiMIoRofybbIK3BZgRaQJIgiiW3s1mBDKyYB4vNLByhZIDB9P6DJVi9SA0MH6mDQRKqdA9qYjjB1VBpVT6ZgOlZMVkGcXkDXipHnHm2JFUxhL4HLu0hOpLnxTHNK2EZVZ4rKKVowotMG9n5Q8vMDfL0uxWSUkI/UWk+UUOUFSvXtISOuSvsPf3h4BsMB39/xBcnYOL8PGw5UYDNJ3Ox61wRrr9owt1XLXjydiqevJ9OgDUb7z8vwYfPK/Hu8zK8+bgQve/m4OXb6Xj+tgNPXjXhYW81Hryswp1npbj5uAjn75bg1M1KHLzQhL1npmDX6S7sOtmFHSemYsuRiVh1oAG//c2hg4DnBwOTXu7ZEYTK/hR4df4XPH55eBhw0HHfWW4SGU8SJzD69u0RwddzghGCmp8Met5zKOOhN7bk6wQqPz4I3ot5kX58FPzPwnQMlOg8fv74BV7vBPv/E777dV7My/Rnn5eJ7O8+AGTrPNz3lo799A8U/nMOdPy/P8/ff//4l/387/rPX9u+931uBl1fBdeGgE4Abgweb1NntQcHD41HZU0qwmPjMGHiVHR0zkRLWzu6Z0zBlNZxGFeWg/LcJNRUj0VETiNCcrsQXtAFx8BMtE5oQH1NOcFGFtLSklBSkI9xlRUEHAXIykgl6EhFemoygUYsMjJSkJmWgpjQQJ6wzvKr4iNC4ePuCAdLY3iyJPEgXySF+SE9NgTlOQRZGVGoyUvC9An16KT36mpvRkdjGWpyYpAY6ILq/DS015QQOJWivqwQPbO7sHD2VHRTR79i4TysX7UC3Z3tmNw4FpPqSqnjL0JpTiJyk8P5ZyojOMtNDIa9sTqcWKK6lQHMdEbBxUoPQaPdeD5VQoQfwoI84OPhgPzMFAT7uSE5JpgXmo4P90dxVhLKi7KQkhSLUH8veDnbIsibRszm9ACws4CtlSl1Pk5wdbbh+Vv+1KYb/e/oaMdL0TBF9ugYVqzZA7Y2DvDzC0RqahYSUwh6g8MRmZiO9pkLkZyeicT0bGSXVCE1pwj+UcmIzSgmeKpGSs4YFI1tQGbRWKTllyMmNQ+hsRlILa1HVEYJvILp3OIzeX5VWDxtLxmHeDomPCkHSUUVyK2up/9LkEbHh9Pr6bReOrYOUzu6sHLlKuzcSQCzfRs6p07j4cJVq9Zi5Yrl6OqciobqKi4+W0nf+RS6zitntWHq+Gq0VDA1/DLMntyCxd0dqK+tRVRMOrKyC9FK+48fV42Vs6fj+vE9eHLrIp7evoCnt86j99F1vHx4E49vX8Wja2fw+slNrpXF5Bx4eZ3XT3D72nns2b4VezdvxLY1K7BpxTKsW7oYG1cuwe6Nq3CCwOvCqSM4e+Iwdu/ag2nT5iG/oAq+fpEwIYAaqaSD4WJKEKWHqSyNmlVHGUKLHsB6euYwNbGDtaUTrK1cCBbcCKRcYWXtzpPebW0JYGx8YWE9GqYWNNK08ISxmTu09Ow5WGno2GCUphUBkSXBEPMyGZPpQ15Rh7+PrLwmgZEhRrEcMB0COoInps3FYM6ZIM6JCZjaCgDOkF4zNnOEniELQ5oTxJnTcWY8tMlgS1HZiMDCnkDGneDCiKDNCPbu3giJS0NqbgXaO7oxb/ESVLV0oaS6HaXjpqJ+yjLkVXWjevIGjJu6GV3LjmHuuvOYu/Y0lu+4gE2HbuDA2Qc4fPY+dh27ibV7LmPp1vNYvPkcVuy8iNmrjqGleyuK6ucjraAVUXFFNEgIgzebXekWAWfXCO69MjTzgo4Rg08X6Jl6kLnzeoF65j609OXhQXOXOJ5zxWYOqtFS0cATkuqOEFW1pk7PjIdpmBK3DIGwnLIWXUM1yMkpQEWZJa/rw9jEmL4vPSiPGgUdfQIrTx94eAnMjgYqRibsGusQBJvBwtIMGurqGDJ4GP7D9LH+8wcGDx4McYkRkJSWgwQLucpq8byugbymnyB36T8DhuH3vlmD3BhkDRLqgx6W1D4cfxCs/DFEkMP0S0eqP/deCXPNrH48zCbG5RoGCcn0wZvAu8TK4vA6gqKCpOeBItIcfni5nSEiPDzGjmU6W9ybxWCNjmPimkzTaigBGteAElMUyDcwbxX3NkkJvF2svYEiPKmea2xxCBPvm1EoxL1WbLYh81YJ6ucJvFjMoyXQBSO4on0GDvk1u1AMSnT/KWqacC+WjpkL7EbHIrKgDW1LDxIAPMPRa29w6s5b7rU6e+89ztz9wO3glbdYc+wxOtdfQPHkrQhIaYBvbDm0CcB1abBi6hZNoKEDSUV17oVjivN/0DX4J8FdRJIXeJZX0YSiijofrAbQs9jFxY5+Q5ZwdLLiM65V1TW5B0tOYRRGqmhBWkkTMqP0ITXKmO4pA4gpGvRpXBlCWs0CUmrWECEAEpJlie26EFc1I+CywlCmryarKdiXzS5U1IMIrY+g41ne1AiZvlAh7SfMw30qPKdKmCWtMwCjfZjmlhiBm5AUfSZJNUgQjClpWUKfniPa5l6QVDbg4MbeQ0LVEkpGzjBx8oFbcAg8wyIQSoP2nJocTJibha3H8rD33Bi6ptW49rwRD18TPL2bRYA1D+/+XI33f67Hu0+r0PthEV5+WEDL+Xj5fgEev55BcNVK1oT7L2px91kNrj6oxfk79Th5rQ1Hz0/HwXNzsO/0XOw+OQM7j03DxsOt+O0HD5H1wU2fZ+cnwcu/PTp/42vfUuDV+W8o7TPPV/pOwPGdw9BLQQju+xvu7flvW3Q8ActPBiscUv4SANLPv/7nvX7Bm8Bj9vOX1+wXFP38ytv4+xfw/H8mOE8GhT9+ve//8U6xNph95/D08ycDqr/B/tiCrf/8+TdfCmCLlmyfPtgStPXXP4Ap8MY9wp+fD+P0mU40jC/GzFlzsHbNRnTP7kFr20RMmdKO1qZxqKssRlN1IapLczGmvgOxYxfCK7keFp6JXDpgYnsbGutrUUFgVVlRhtrKUhTm5aCqph6N49sxprQMWZmpPGcpPjIIceEEVyH+8HN1hpONBS/i7OVgBzcbK6TFhqMgNQZFqbEYV5iB9qoSzJjUhGlt9QRKkzBn+kRMqMpDXnQAMqKDMb4iD/Ul2SghyCktyML6jZuwdvUqzOueip450wm0xnMNrE7q8OtLs1FXkoVxxVlorB6D5nFlyE0I4YnstsaasDXRho+DBbxdbeHr5Yzy4lw01FbzAtUTxtegvDSPhwXHEWg21FagsWYMwWchAVYKMhIiMNrFFn5u9nC0MISJngbsbcy4lIODtRk8PJzg6elMAGUJWztzWNPS3t6O4IrlZ4VxlfVA+lFlZ+cgIjwGZRU1yCkohr9/EHx8A5BbVIrS8mpU1rUiu7gK8WnZiEvPRWZBOfJpO8vHYrMHEzLy+Oy/orGNKB8/mXuriuomwi86BSlFlcgvq0N2WS1yqpoRn1VM0JWB0KQs5FY28FmGqYVjkVFYhbKqBvT09GD9ulUEUyuxmiBry5atWLd2A2ZMn8FV2jevX4Fjh/dg/ZqlmEUQm5OVg7y8QiyZORE9UyegODMHrTVVOLB5GTatWogpBGfxaYUYHRSF5vo6LJnVieUzJuPcvnW4c+koHl4/i2c3z+L5nYvofXIbT25exKWje3H9/Em8uH8db57ew+vHt2j9Go4fOYA1q1Zh2YIerF66APu2rsOezWsFtmkN9m5Zj6N7duDwnm3YsX0zFswn0KiqQ3BoAvSMbSElrwUxGq2yWUgSMmoYRcCix4CHgMaO1QZ0doe9rTuNkH257pWbWwAvHG1p40dw5QcjejhqGzpDg4EVmbqeLbSN7GFh5wl7N3+CLxeoa1lARdWEAMAACgRWDOI0GMTpW0PfgIyWbOYgS6w3M3eBNYEWew9bay8akTtCx8CWz07UYuVJ9G0ItOz4DEh1TYIsNRNo6lpzL5YEjbbllXQhTQA3TJjBgho06TN6+oejuKoGhfWtGD9lLmbPX4/O7jVYvOYgZi3dje5l+9G98jiWbbuI3SfuYPP+y1hNELX18A3sOXkHh849xOlrz7D35F2s2XMVCzacwfRlR9DcvQ1VbSuRUdACv4BEeHmG0/0dCTunEIJXOnczT+gbE0yZuNO1duNwpW0kKBmiTduY5pWZSwx0rYKhZx0CFWNfyGq78pwrcTUbgitziCuzIrraEJdRhbSsMiSlRkJSUhYqKqNgYEgwrK1LsKoEDS192Nm5wMnNG7YOLvS+ZtDSJ9B0dIEHAZe1jS1GKigTKAzG77/9wT1WQ4YMJdiVg5LSSGpbFuKyqrzgMgv7ML0iBkv9BogQiA3F7/2Gcs8R18P6Y/A/oUKBkOlAwTaCMF7vkIHKYEHSOtOb4iE/YTH8QVDyH5bPxJPGRQVeLQKgPwiU+tE619EieOjfJ1LKIYmHBYV4u1yviuVQDRTkRwnCZqLci8WEOJnCOZMEYOrgAk0tCe7V4jlazMNF4MV0sfoPEiTdD2SzBAexxPYRHKjYe/TnJggP8mLRHKyEuWeL5WKxHC0mg8FETGWVdSFDgwZlbQuo0z1p6RyEgOSxGNe9GdvOPMGBy69wggDrwsNPHKxO3CTIuvMB+6+8wcJ9tzFx3SUUTdqE4PRGeESVQIVA3Mozkns0RRU0IaWoiWGsTE5f7UZBWFAaImJykKPXVNR1YG5uDH8vB4QFutHSHgGe9nB1soS5hRH9pvToN6MDXT1DKKhpEqSrQ4TDD/Mm6QjAigZBzKTUrclsIK3lQOYIMVYlQMUUYqrmEGX1CGkpNlKf614JEyQxaRCWm8WWon25WAychFj9RiYZIc3ei6BMjqm363GY42FJAjRep3CkBoZLK3NJiZH0LNAyc4WKgSNk1C0hpmIJOT1XaJiPhq1XIPxio5BUkoyG6cUYN60A89YXYN/5Mpy7X43Lj8bhQe8kPH03E68+LSPA2oS3f24mwFqL1x+WEXStxKuPqwmwVuD5u8V41DsTT3qn4vHLybjPxEkfTsDFOxNw7lYH/cZn4eTVRTh2cTH95nuw59QsbD0yBb/915vz5X/sl4dHADR///0Lbhho/OiDnK//AqLPgpymPo/Vz77wm+D47xywOKz83QdafNu3/6732d99XrL/L2T3q61/gKcPfv7++1/2o2/ff7f5re/8v//3XP7+8S+wYstfhv9Z/wVdPwXn/y+4E3zuj/hOMPn3z6s4d74H02d0Ys3aTVi/fhPmzF2A8S2taGlpwvi6KoyrLOJlc0qzE5DDwn5FzXAKHwvXqAaE5k1FCnXUhTnpGFdVjrLiPBTkZaO5eQKaWgiuykqRn5+JuJgIxIQHIzY8EN5uNvB0tEagpwdC/X0R4T8aAe6uCBntzSUcWgjoanJTUJGZiCkERx2NYzGPOuzujhY0VhQQIKWhOCkCVTmJqMyKRw7Lz0pJxOTOhVi7aTcWdE/HjPYGLJrThYmNlWivK+clb8pzUjCpqRqTGSwV5KI8PxWBrlYIcLNDgIcDDwU60ahotLcXSkoK4e/hjOyMdEydMgkz6b1L81Mwdkwe2gk6q4oz0TA2HwXpichgies+bgSPIQSRfoiKCIb/aDZTzAo+1IYdjZ79/b3g6+MCN2crWNL/Pj7eiIoKRUZGGkaPHs1DGaNH+yMtLQ0xsfEoGlPGw4MJyamIjIpFWkYO0rPyEJOUgdTMPJRVNyC/dCxKqxpR1zYZJeMaUd3cQcBbicjkHMSm5tE6gVhmMTKKqxGTOQZJ+ZVILqhBQV07ymnfvPJ6eq0KPiHxCEukY7JKkFVei5q2TjRN7ERF9Ti0TZqMNStWYMWSRVhNoLV7x1ZMnzYdTU3NaGpsQkl5DXrmdePiyX1Yv2I+igsK0VJbhdriAmSmZKGjeTwv9Hxq/1Z0dkxDGr2HXwBL/o9EQ1kR5k9txcUDm/Di+kk8uHICN84fwv0LB/Ho8jE8vnoMFw5sx+kDe3D/2kWu8v768R28f34Pd64TCGxaj7kzZ2DNyqU4e2wvzpOdObwLezevxpbVS3F411acPrwXB3Ztw+IFC7hmV0xsChycPKCgosfBihWRZZClpKwHfV02AnaGM40g3d384ObiR/AQQt9LJMFxKBwcAzlg6RMwaOg68MT2XyrRI2mprMVmEhFwGdhDiUbB8vRglaMRrJwiC+0Zcy0rTS2B3IKmpilGqRnz2U88cZ0gTFWTjb7NqPNw5SrxTGPL3NID5lYeXMrBxIgpu1vR6N2QzIh74SQIQCTl1CFFpkCQpUSdH5MGYB4OKXqIa+iawck/AiHRaQLl/dKJKJ+wCFMW7MaKHZewZNslrN97DaeuPcSdp2+43Xr4GkcvPMTmQzexevdlzF19jEDsKLoWH8LkeXvQPmcHKurnISKqAN6+cQSgEXBwDuZq+doGznR9PKBvxvKtaJRu6AINNq1dzxG6BFeWDsGwcoqCiW0k9CxDeGK7vJ47ZDQcuSdBWF4fQrIaHBBYbpG0ggpGjlQiGFKFlp4RdA1M6HqqEbRSJ2tpCw8vuk4OrhilSddPi4mvmsLa2gGmJlYYIS6F337/gyeoM+vfvz+kpCSgrKwKRSV1SErLQpQ6OxnqcIVZCZNhYuhHYPEf7tEZzhXQR0jI4Xee0E6w9YegaLRg5uBQnuTOoIfBFxMeZd4uVvuPwxb3cvXNxCPgYeu/8qqY14iVyGHeqoHDpAT5Wlw2QRAO7Me9ScIcrFguFNezGjiMQxEPEzLBUWFxrgvFCzgPE+OwxIBrUF9SOzNWDJnNtmOeH1Z2h3mD+vWVzRnCkusHMXAT5mHBAQzcBgpysvr3CbX+Ez6kz8T+Z4A1lOBTTEaZyzQoqpvwmYRGNqMRlFKJmpmbsObofey68BzHbr7B6bvvcfree5y49Y7WP2H7+ReYu+sG2tdeQEbjckTmtsLSOwny+g5wCc6Eqpk3pOh7ZW2zc2ZhSYGGlBjPwZJVZDlVmjAy0kewvysSokYjLc4PYaOdaGBrCzd7Mzg7WnJvlpkVDW40WOHlUTzsO0JWHcOZyetCYpQxxAiemNwHm52qZOgJBUN3iGsQZGk7QUbHjuDKGMIEREy2QVhaEyPkmJK9FvdasZJMQgRSQmKC+obCUqoczllIlkmGCLFaltJqPBleTFHgOZOhZwErls1ESIVY0Wr6/gYKD6c2pDBSjZ4PdB3VjF2gauoJTatA6FgHwNrTD8EpMaiYmI+WuWMIesbhwLk6nLrFSuI04V5vB5687SaYWkqAtVEAWJ834s3HdQRXa2n7WgKstXjxbgWevlmIp6978OTVLAKsqbjxaBIu351EkMXK8c3A2RtzcfbqApy4uAAHTs/ilWx++1/4+C9QfeMg8wsuOJTw9X8Dzfd/QcfXf3l2PnN4+m/Y7V/H4L/r/7etX9t+/BeK8AvqfkHaz/+vvX///bP95/+1nz8FkPRr/X+P/Tds/W/b//2/7zr8/PEPcP7g3rg3+Pj+CEFVN6ZPn4O1azdi9eq16OjoJEBqRntbCyYQkNRXFSGP4CqfYCY6xB05OUnwjsyHe0IrgrLa6GHpj5KCHDTXj0NTQx0amppQVzcOY4rykUUAUpSXiaT4aKQlxyEmyB8+LnYEWLbw83CDj6crr8+XSGCVGk83U14WOifUorYkiywbcyY384LTLQR5VXkpqCfAKUiLRWFyJPdclWYT9BSXonvOGnRNn4upkyZgTvcsLF+6DEvmz0VLdQnGleWitjQHNSWZvN18Oj4jPgQpEb4I8nZFemIYAgmQPF0d6DxjEE+Ak5YYi7KSfEydPAlNNaXooHNqri1DY1UhxuQygdMsJISP5kn7rEh1eHgMqmqaEB8TBXtbc3i42sPJwQaBQUx40YqHKMLCAhAS4IvAQH8EBfkhIz0FaelZiIqO5YntwcFhSE1NR0ZWNldp9/H1R2JKEkFWOqpqm5CenYfImERkFxAIFZYjLj0faUyOIaMAidlFKK4Zj/TwyUUXAAAgAElEQVSSaqSx19JyUVTVjOzyRkSk5MI/JgNhKUUEVx1IKKxBfm070ksbUTVhKqpbuzCmrg05BFyZZXVobO/C0mUrsXjZcpRX1WPatKnYt28nNq9ejoMELYvmz0dJ8VgU5o8h8CtELlOIzy3GvOlTsXP1fMzvnoGK4jG8tt8EArGOtjbM7ZyEFd2T6D7KRWh4LNdJmzuVhQ6n4OSuDXh5+zye3LmAh1dP4+75w7h1cjcHr4uHduDqif24df4knt29iTfP7uP9iwf48OIerp8/hm1rl2LtsoXYsm4l9m1bj73b1mL9kh6s7JmDnRtX4di+3Ti2fzfW0rm3EPTn0bky5XM9fTPIydNoWU4NsjSqHDVKDzraJgQxdrCxdOX6VM4EOazmIJtJaGvvT9+hDwwJHlS1bP+RZRipbEoQZcoVnBVoFDqSRrxM2FBOicBJxYT2IZjSZQ97M4IFloNlCA0dawImBz6zkOVoKasKcqmYDIOKqil09W157UEugmrhCgNTghN9G67krqZlBiWCKwUlfZ78rqVLo14FbciTqaoacu+YmroRJNisqGHS+GOAKDemyK1I7+vgm4iw9FqUtKxAadtaFLWsQlnrWoKm3ehZfxzLtp7Dim3nMGfNCUxcsB+TevagZdYOTOjeiZYZW1HdthxldfOQkTueBg3x3HPl6BwGO4JPUwsCQls/mFKHa2rjD0NzXwIrByhpWEGLwMvSLgBWbtEwsA6GupEfVAy9oEydGyuqK8QT2VUxlOWyUGclRt+LgpoOdPSMYWhMn5PASVxBla61JgzMbGHv6gMLO2co0j5iUvKQkJaHAoHTKDVNDB4q9A9UcYHQ3/tBSHgElBTlIS+vACkZFQ6m4rLKEB/JhEoVBLP3CGJYCJDJL/zebzD3nIhJKxLkCICHa0Sx1xlIMcV0Lq3AcqP+Jdo5eETfrL0RghI7BCXMeyWYGSgI83GdrEECtXV+HIMqJirKvEV81pwY9xqxMis894qryA/qg59h3Js1iEOWJC9yPJRBFPNoiUjxkCJLSuevE3SJiDIPl6DEzJDhkgLhSzqezRjkS5Z7xaBygEDGQTA7UgBXvH5jH1yxkKEQq1FI5zZcUoGH8KTonlM3tIGelRf8k8eieuZWLN57E1vPPMGh669x8vYHsnc4duMtjt98i+3nnmPh7lsYv+QE0uqXIiJ/AjSs6D4wdoWVN5vo4AUVPWsORQysWHI7WwqJStJASBYjFVWhoaUFbw9HxEf40DM8EAlhNEj3IcByt4GLvTGsLIygo6NDAK5Jgx8dSCppQUxBC8OlBXUAh3DI0oMIC/lxuQYbSKrZE3BZQkjRhLabQErDBtKa1hCngZOUqgVGEIAzrxcL+4myAuNyBEkMoKRYSR5djBhJ/0vSYI0GBiJ0X7F6kayMkRAN3JgNY3lbLBeL3XPUxkgabMmq6HNPsxB9P4NGSEFKWUcAWaYu0LMPgpFzNHRtAmHrE4KwjDg0zSrE1qM1OH65GedvtuLS/TZcf9KGh69m4MX7RXjzeS0ZwdWn9QRX6zhYMXv+bjWevVmOZ2+X4tnrJXj8ej7uv5iNm4+m4eqDDly+34kLt2fizI1unLnW8/9Iew/oKq4s+7u7bZMFEsoZ5ZxzzllCOeccnnLOOeeAEEggksjZGJscbIMJBgwYG3DE2W273T0zPdMG4/2de+uJ1Pb8Z61Pa91VTy9U1atXVfd3z9l3H1z5YA4Xbm7E6XfX4U+PxdD0+BkYEaJEL0aH5iHjaVoNT9Jq8xEtIcXHUnlPokwvQNAzOPRM9Oh5SBJg6Gn0SVj/U7j7Iyh6cd2PX/gO/Ls+A2jPfv75aNXz2/o30OLAR3D16y/0yl9x//6r2Lx1Iw4SXO3auQ9T66bR19ePzs5O1FRXobujAWuG29HRRGBRkolygqx6goukgiq4x1YjMKUZdoFZaGppQW93B0ZHx9DaWIvm+io01bLIViYyEqM4gJUU5aE4L5NbLcSFeCPIwxm+bi7ISIrndQzrywqwpq8dW9ePY/PUEA7u2Yq5LRtQWZzD4Wi4qxFVuQmooxOuvaIQ3c21aG9qQG9nHwb7RrBuagZ79hzFjh17sGV6HFPDnWiqyENJdiwHq6byHN4KspMQER5MYJSC0qJi5Odlwd/LFX5utshNiUEnweFIfzemxgewZqwX68YHMTM5hKk1w6gtz0dWYhiBoj9S4sIQuzoICXHRCCQ48yOgYt5XEWGBMDbUhTtBJLNh8PL2olG+NxLiI5GXlcb1V8yFnUFUJHX2MTFxvKWnpiE9XXBiT0xJR3VNLaKiYxGfmI5aljIsrkBlbSOa27uQwWwWgsKRRzDF0n5ZRVUoqGhCaQNBnqgCOfS4on0UWaXNiMsuQ25tB8pbaP97p1DeuQYFDX3IqmpDZGY5Mis7qAPdhc7xTajrmcQowfbundtw8NBhXLxwHq8fPoy1o6M4un8Xzp46gnfOn8TJo4fQ2NCIAtpWa0sb6qpqEBWVwKH81bkpzE6OYKBvANXVTRgbGsSO2XUclFvoM/FxKcjNzsH68X7spN/6nTf24pNb7+Cr++/hwe0reP/CKdy7eh73Lp3C20f34cKxQ7h58Rwe3L+FH7/6GH/7+lP8/O2n+P7BB/jwxju4fP44zr1xECdf3Y1Xd2/Gvq0bsIfOm0M7t+A07Sfb3327d6Culm07HR4e/jA1s4aOtgn0dMxhaGgNczMH7uhua+3GHdUdnfzg5BQAd7cguLmGwMbWH2bmwoxBBlbqdONVo6auy4wGHfgUa7Zkrs46BDJGJnSzZDMKDWxhZ8tmELrD2sYTlsyM1NYbYcGRdA2Ew8XFD1YEURZW3jChEayxhTsMWHkcgikTWrIZg8zzysjMEVp6VtA1sqfHTgSD9jA2cRKe1yFAoxs2E9GbGDtwPy1HRwIzC2eoMu0Jt3TQ5DoXMyZAd4uCjVssXIOzEJhcj7z6DRygNux8E2vnzqOHYKt34xlM7n4HY3NvY3TuLQzQ/83De1DetA7pBGihYZkEoKHccNXVndVmjISjazhsnVbDyjEYJlZ+0NB3ggYdF30z+s4Ep6wkjql9ODSMPaHFyuCY+xFcOVIHZcpnUjEfIhl1oQPSNrKhz1vQsbSCsbktdE2soE+g5eTtB2tXbyhQ57mElRpRUoe+qTV0Dc2xdIU0/vSXhQRVL4sNQRcQeDB/LCWux5FV0oIcAZWcihFWUIe4jECOucC/zDVOgt6KwdOfxdGoP7PI1F8WPmPLsASvsPI4BEasRM7LLOo0XyhZQl6YsSd2dOeRpCWCl9VCAiDmyM5L4SyQ4AL5J8L1RUIKjs/oY2J6NquPpe+4qF1IO/KIGJvhx6JNTDfF0nXMH4rWyaBpiZQCJKQVBDsHptmifVtGx0JGVhErCU5YWywhieWSBIz0eBk9ZilABllLlgqpR7aNl8X7wb7rosVCdG4BnyUp6LKWSayk5yWxUlGDz/Jj+i9NUzoPHfzgFVeE0v7d2HLyA7x6+QHOvf8jgdXfcfmjn3Hx7s/88bHr32Hu3GdoWH8G2a1bEZbdAi0LH+g7BME+IAXqzPKErsMVzCOKAdZSSbG4XRorZBRpYKEDJ0drxEf6I40GxznxwUiLDkAUAZankwXcHM3gTfdwFycb2NqwiSDmXNwuoWTAmxTB0EoNC24kupwgi80eXElgJaXhCMlVdjxFJ6vJ0oYuUDbyhIqJD9TNAgi2nJ/MLpSQZRAlaPUkZDS4kz4zdmVQJaWoSwMDQ1rq8XSkBF13bGLGcrlVPIrGhPCSijq8PI6chiHk6RyWUdeHlCpBn4oOZAmy1GnQpG8bCAt3IWVqTNdrUGIiOtZU4tD5Vrx7dxAffjFOcDWEj78dxKffjRI0zeC7f2zFD/+xj6cF2fK7v+/lcPXVD9vxxfdz+PrHndR24Ksft+Hz7zbjoy834MMHk7jz+RhufzpN0LaJIGsrLn+4He/c2Y63bm9nEazfnoMOAUKeBY3n21PoEODot3kw4WkzMWDx1N6j3wG0/y1CJF4fh7b5lJyQTnyigXr8x3D0e7D079Gxx88t/zB69SRS9iJczUPmIx69+u23/8D3P7xLnegWrF23kcBkP9epTE6uw+DQCBqoIywuKkB1hYgDVXVxFtITwlBdlIO2ejYrrRWpTdsRkT8Aa58chKTUo39wnGCsD6O9zQRL+SjITCIoy0FhdipqyotRWVaIsqJciHKSUZiZiNz0JAKcfDTVVKCWIGqwsxZrBjuwkUBmx6Z1BFfT6KBtNdG2x/o70FZdgIEGETqqRBjo6UIzAUhLTTU6W1vR3dmLDes3Ydu2fdi9dz82rR9DT2MJOpqr0NpQibrCVJRkxqKY4Co2ajXcnR3gZG2BIF9/pCanIyMlBfW1NdgwvQ5TkxMYH+rF1Eg3Zib60NtUxaNYxSwdSPsdGewJO1MdxIf784s72NcFeSnRiAsPRExUCHJy0hES5AN7G0sE+XlAVJCLgoIcpKTEcfgK9PdFfkEhklOY8D8Dq0OCELp6NQryCf6KRAgPj+KRrbKKShQXs3I3JaioaUBVdQOKSypQWFaJjOwChBLQxKblE2TV8xafLkJuaT13Wy8i6ErNr0ZBdTsyigjUknOQX9uFis4x5Nb0IDA+B9kVLcip6kB0VhnSS1rpvZ1oGZrBxPpZvHPuBC6fex1X3zqJE0eO4NU9uzG3cQabZ6Z5ZPDts8fw8Z1r2LqBALi8Cj1trUhPy0RUZBw2j7Zj15ourB3qJljtxEY6nnPr19B504zG2makpmTRschAKUH1QHM93j15BF/evYrvP34PH7/7Jq6feQ1XT7yKu5fO4NaFkwRgh3Cdbe+9i/j23nv424O7+Pnrj/D1Zx/gzq1ruHnpLVw6cxSnOGBtxWECq33bNmL35g04snc3jh85hOmpKeTmFMHTKxjmNOrWN7CCto4ZgYo1LCyceBkaNntPsGsIhD0BFrNiYLP/bAlYzK28CK5coWngxCNYWgweCA7Y1GodUzcYMEd3AgltIwIrIyfoGDpCTdMaCurmkCdoUNO2gpmVJ6wIrsysPLhZqDVzlie4cnIOhj1BiZVdIAzN3Gn0bckjWtp61tSpmENNwwSauhb8fxb9YjMQVdRMoKBiSI0Jeo2gtopuzurGUFXVh4qKHn03pkMKgad/FDz8IuEeGI/w1GqEJJQQXIVDx9gFBjb+8IstRXBSLYJpoCRq247RrW9ies87GKbl2Ha2fAudU8fQPnYIlc2zSMtqQlh4Fny9o2ngEA0nlzC+/84uq+l7+dH3CoCJbQD0zLygZcC0aW4ws/Ej8AqFhR3bricdQxcCUSfq8Mx5ZyWtagoZXlTXGpqGDnQ8CVoNLOh91hwgLWxcYONEcGvlyM0cWdkWpqvRMLKGk18IDOhYspl5fxEbgDJIYCm1pcuYwag8ZBWUoaltDBVtC0irCZGyJSvVsUBCgcBFiuut/vzKMvyJ+1oJ8POS2N+KR494Y5AhwSHkL4skxDAmIdg08NTeSgIuGW67wApEc1PReU8q7tYuw0GMR71ekRCL1qWENCJLBzLXdeYKL9ZBLeCC82WC9YIkrZOVv2GpPLE/1UKWeuSzA5fxuoVL6XVZeWXIyChASkooYs1KBcnLy0NRQYGel+PPycsrQFlJBVKS0jz1t4ylFrmYXlLQmnFN1hKxAakwy3AR98mS4LDKdFlSBFgSsqzW4gpo0+9hbO8He584JJYNYMPrt/Ha1a9w4vo3OP/BTzw9+A4BFrNvOHj5K6x57X3UrzuNjKZNCM/pgIlrJEzo3NEjkFCm81rbzJl7fjGoEmoPymAZfX95AmlDQxME+LghZrU3MuOCUJQahszE1Qj1dUIU02Ot9kJYABsgWdH1YwhZFZamIyhSNsYKDTPIseLOdH3K07UrpWUDGR0HKOp7QMnAg7btAUU9V4IpNygaenDIWqnpiBVqlljOdFS6zC9LgKxlCvpYrmIkrFtWACdW9maZtIa4jBHTxDHXfSHNvURKmGzAYJF9J6FskRRBlzpWrjKGtIY5lHRYrURrGnS4QsPMDdqWfjBipaRco2FJg5cQGny3TlXh/K0BfPDFGO58MYSPvmEFn4fwybdDePDXcXxO7au/TVObxYMf5/DZd9vxyTdb8DG1T79lVWK28/bpN1tx/6tNtJ4NeP/ztXjv4zW4fm89rtzdQm0Xrt49gEsf7hMA649A5P8CRk8fP3pGpC4IzOejU/+XdNxTwHomfTjfxFDzbATtxe3/XyHr9wDradRM0HE9jZo9hb7nI1yPOEz+8vATnL+wD+Pjk5jZMItdu/Zi69wcent6UFtZhcK8TJSL0iHKSkJ9eR6aCG5qy7J5WZgigoz8rHTkVHcjMLMVnrG1MPFKRVBkOpoJfpqrClGclUBwlY/WxirUV5eirrIMDTVlqKsoQGWpCJUlBWhtrsXYWD/6u1sx3N2GseEB6ggnsG/PDmyenuDANdBKnXdDOYecPgKm5pIs/t7e7nbat3SCphRU0fqam+oIEPdgw8x2rF+3jq9nsL+Hvk8XslNjedQpPswP3s6WcLY2hqe9Bbxp1BPoYYfq0lwM9XVi/doxzKxfi00bZ7F9x05s3rAWve0N6GkqR40oDbnJkfz759D6QkP8EREaRLCYjqyUeLq4/XlK0N3DCQ42xkiOCUNooA9C/D1RX1+Lmppy6sSteeHmkuIC5Ofnwo0J+71deNowJysVycnJCFkdhtTUTLS2NBOUFSArpwDprGBzWhbCI2IRG5/MgSszW4TMrALEJmZys9D03FLEpuQhv7wFLT2jiE+j11LzkVVcjYikbOQQeFV3j6OgoRtppc3Iq+tBeccIipqHUNW9DlnlHYjNKEJlSz8OvHYc7127gpuX3+SeVSeOHsDta5fw5uljOHJgD/oIZkd7u7FjdhqH9+8imJ0kSK5BdFQiPH2CUUMQPdlRg/G2eqwfHcbmdWuxbmgAbXUNBLzNqCorR3JiGp1DOSjKzcX2qTFuPvr1R+/hxwd38MmNt3Hz7Ou4ce4YrtLyXfb4zeO4R/D15d0b+OmLe/jb1/fx1Se3cfPqO7h6/izOvn4Ar+3eTFA1jYPbt+DoXpY63IY9TAQ/twUTI6MEsCUICAqHpY0rwYo5N+bU1TaHrq4VdOjmztJtTHBuR1BlwWbvWbhwM1EjM1deEofprhhQsYiMkaU3jCy8+ZL9zwDLyMKLAwWLaqnp2EFNyxaKahZce6GkYUnP2UNFi6UTaXuGdjwVyCJdhkbOwixEgisGZxr0HuYIr0FNXcscqqtMoK5J0EWfU11lSus0gTKbWadqxHVWbN9NTJ24aN7MlACFQEKWzUyS0YSxhQcCI9LgH5UNj/Ac+ESJ4BORD+8IESKzW5FQPMiXZe0zGNx0BntP3sKrZ+/gwOnbmDtyHWu2X0Dn2jdQ2bYJmXldiI4pQlBwKjw8ouDgtBqOTiF0vAIJrHyhb+IBXQIoXVNvgiR2LDxgZuvPva9Mrf2hR8+tog5OSdsWcnRcZAmqlKmjU9SwgpquA3Spc9Exoe9vaMN1KYoEjvJqejwFJkEdFRvxK2gaQ5nAmIn49ahJKGniJWZbQJ3YUmlFrJRn6SsVbr65lDo0RWV1rn9jqVvma7SAOr5XmLB8mTSHCRatYk3QOgmRHAYYTFP1ysJl4ujOEg5UL89DEWvs80uE2n7zoMQiVgycXmKpQmaxICnPaxOymXtM9L5QbN3wMk83EqTR9v7CHN25AJ2Vz1nOax8y8GGgxdJ6SyUF89FFLO24SJjx97I4VfmyOKq2UFzvTpIgSk5OkUBKDrJyslBVkoc6NQ0VBagrK0BNhZmyytE5v4pH2KVlZbCCRYekpLFcmiCOFYDm0LZcEL6LgW/BAkGHxes8MihbqcCjVwtpm8yuwZDV+aRzIDC1Et3bzmDP25/h1ctf4tTN73D1439wwDpz+wccuvo1xg7eRsXY64grm0BS1Tjsg7Ogbc0sOtygZkTnroUnfWclsYO7DBe3S9C2NLR0aWBkTgNWFyRF+KE4PQLlOXHISQpFUqgvEsP8+cCXabCYqawWs2qgc0VO3YIgxoz7XikQWMkTRCkbe0HNzBfq5gHQsVnNzWzVWN1LA3fI6TD9lSMBmFCOSYLPHjTDCg5ZtlCm61WaQEtC2RDLlfR53UQWrVomo0XQrsXT28tYWlBajY6RKl6RkBfOCfabLhWniNmkBZ7Spd9XVh2Saoa0jwRZBICqzEuPBmLGjquhb02DFtd4mDrFwNE/BnHFeZjaU4dr90dw69MxfPDlCO5+PYJ7X4nb18O4T9B1/9sJ3P1qBne/2IgPv5yl5Rbc+WwLPvhsG+492Mb//+DzWXpuE25/ugHXPlqLy/emcJkD1m5cu3cY1z86ij/hd/7+t9TeH8PWU8B6Mvvwtz+OFD3/+EWQeSwWoos1XE8g6/fB798jYb+f7nv63O+971cxxIltGR4/qx97FrB+FVKgv/6E7/96CYdeY0CyCZNT67F+ZgajBDi1VSW8LmBjTQWmJocxMdqLwe4m9LRWo7lahIqCNOSlxXKRd1NdKeKzy7E6qxt+iXUwdAhFc20ZmisJogoJtqqLUJaXhNrSPDTXV6K2ohiVImbKWYC2RoKnvnZ0tjcShNWhq60J46ODtA99GB3pxvQkgRdts7+1nkCrCe1VBajLT0FFdiKGe5vRVV+KBlpvO8FbZ0sT+npHsXbtHKant2LP3iPYOLuFwK2LACwBsSGeyIoP51EnN1tj+LtYw40gyNxgFQI9nVFdlIXRvhaCuDI0lmWhm4Cqi6CuvUbEi0n3dXeipbGSpwfzUqORHBWEmIgQccmcYMREhsDcUBu+Xo5049KAg7UpYgmaEqNDIcpOQVdXJ4qKCmgEZoyAAH8UF4vg6uYIHx9PGm3ZICoiFBnpySivqEB+XiFWh0UjO1eE+LgkZGRlIT4xCRFRLJWYQB1cIqJik1BYUoGKqjqERsYhPjMfqTnFKK5qR8fwDErr2pFTXIXgyCRkl1SjoLKBWzMUVDYhQ1SJsIQMpNIyOb8SMRklKG0dRfPILCraBlDV3IWjr7+O2zeu4DNWcubcaRzYvhWXCHLOvr4PJ4/uw/bZjTgwN4OjuzZgbnocPXT8W6trUZSfT+DE0n8ZaKPfpbeuHBMEw5MDHVjT14PJ/j5sX78GO6g10b7nZBegtLAMmwiyzx7ezgHrH99+jG/v3cQXty/h81sX8N5bx3HlzBu4cOoo7lw5j89uXcY3n9zhBaN//Poevrx/kxeEvkaAdubV3Ti8fTOOH9yNt068htf278b2DTPYNrMO/T39SEvLhZd3MIyN6UapZgAVFQOoq7ClPlSYO7WqIZ+Np0egZWLuxFNxzAaBpQUNTIXo1DxgGVv5wFgMWTrMsJBujCy6tUrfkeuxVAmwGEzJq5pAQdWci+FXMUdoPTtq9tA3Ihii0bqFBSuh4wUrO1+YWNHS1o8gjx6bMXsGLwIvd2jS51ToBq+sbgxF2kdp2mdJZV0o0HfQ1DKFtq4FtAwsYWvnDDtbgj8TRxgQFJrZ+MDOLQwmtG4D6sQMbfzohh0F59X5iMjuRHxhPyLyepHXvAkjc29h82u3cPDs+zh05n1sI7jadPAq1m47j7aRAyioHkdyZh1CwjLgzErf2AXSPgdxyLK0DYCdUzAX/xtZ+BFkedOxcue+Vyw1aGjuzoXu+pasviDBFR0XaXVz3hhgKesQZBFIKmmaQE3fkgDMBDIqBIhyzLWcQElGSQArZr5q7ggLl0Co69lQ50nvo86JzWiTp6Zlas/h65VlMlgpp0q/nQ0BHUsBWWKJtAafoccBhZe2WcyLN/N04pP2El/OWzLwsjgLlgogxFJo827tvNTMSm6nwLRYCzhorRAiXmJd1nzJG+6kLnZ0FyJZK/gsQF5SZ5HYCZ6B3AJBNL+Aidjp8eIVLL1InfNLCwTtFU8pCtElljrkei+xyzsDI5YSZBEsRSUlqKmpQElRDmoEU0ZaqjDRVIalriqs9NRgoa8OezMdXsDe3sIIGuqqkJNX4PUbWfSLpQaZfmsRs4RggCWGuYViTyyWWly2nKXsVPn3UdOzhLlDEPTMPeAckoySgR1Y//r72P3Wpzh69Ss+g5AB1tnbf8VBgq7+3ddQP30aCRXM6meE+owo6Nr58RqBamZuWGXqKthZMN8wCaHu4EpZNegbGMHG2hKRId7IiA9BcRqrnUv3zOwYpEUFICHcD6lxwQgJ8YGNgxM0CdJl6VqWZ67tdL7J0jWnZOQGZSMv2pYP1C0CoGEVBDVzf6ia0fZpqUGgxSZcyOq6QkrTASs17eizDpDTdoAMrUNGg80qpIGTmTeBmL1Qt1DFCFKqpnQ9GvNoLBO/Mz8sNnmBRzBXCO76LJ38Eku7in9/PlGBO/Qr0np0CNgMIEvnsxKrBmHsBAMamJg6RcLYKQrm7nGwcIuCS3AcyjqKcPr6MK7cm6A2jBsfD+P252tw+7Mx3PpsFO9+PIhLH/Xj8keDBLfDuPnpBG59MoN3P9yEax/O4sa9jTwdyNr1+1tw9d4sgdU0tQ20vjm8e28/btw/Sus9/vsRrD+Cqf8duh49SRHyWYXcJuEhhxTxu55Zz4tRp/l1PMbT9OC8BuvXPwSsF8HtxeXT9z+f4nwenn4TxPxiob4QvXr0QjryN7E4/zGHq0e//hO/PXqALz4/j4Ov7sXmzRsxOjqCxsYGdBDkTIyPYv30NIYHhzDY34W2piqeEmSQ1FhRgOaaItSU5fFZhbUl1GmLiuEWmg/PqCqYuiUgKzsfnXXFKM9LITgRoae5Gr0t1aguFlKLE4MtGKIOd2ioj+u7RLlpqCovxlB/N8FVP4Z6OzDc3ULA04ZGgqqRHgKf5ko00efHuppoH/LQUVfCnxvvbcVIL3Xck5uwYfNhrNu4D7NzhzE9uw2ttSVoKM5Ecb6OS6UAACAASURBVGYiMuNCEehqCUs9VTiZ68PZQh9OFgZwpptMVKAfj5L1NhahPDeFR8uayjJQlBKOka562t9WjA70oigvjwAii7uxJ8cQXPl5Ii8rFXnZ6UhNS4CHuyM8XG0Q4O2EAA9Hgjp/uDlaITk+CkWiXAQF+SM8bDVKSkQoLMxHbGwc4uLjERyyGqmp6aipa0BnRy/CwqMQFBKOvIJCWm8G8kSFSMvIgm9AELx9/BEdm4CouHikE1QVltUis6AM0am5yC2pR13rAFLzS5FdVIPC6haUNnajpKEb5S19KK7vQoqommvn4nLKEZdRCFef1Ty6lZRTgqyievSv2YLJmS04euRVXDxzDNcunsT7Ny7h8tvn8PbJw7h4+hDXNR3dP4fdWzZiy8w4wcwWrOnvIbDZiE1Tw6gsK0ZBfh4GCJznpga52euudYPYMjmI7uZmzK2fxOaJMQy0dfKIUhbtR115KfZsGMEDgqq/f/0R/uu7z/DXz27jyzsX8O3dS7h75RwunjyK25fP4VMCrG8//QA/fPUR/vHXT7k31leffIAPbryDS+eOEQgex/ULZ3Dl/Cm8cXAv9tB+7phdj5GhQRQUFCMkOJIXedY3sOGicDUCKxU2I4qZf1InvUrLjDuxM7E4858ysfDgVgMMsJieSNvImcOCrgmbGedJsOUJbWMXaBBYaRFgccjSo1EogdgqgixFGkEzETyLaLFoF6vJZ+MSCg/vSG4s6uYaKBia+kbA2TmY4IrAjc26o+2wUiQsUqWoYsjBiqUD5ZT1IC2vBUkaJS+X04Sysg7sHDzh7Lca1rbOMKKOhcGbngnz5LKn7ZsRjLDokDtBlj8tvbj/joVrDLxCC1Dcsgld0yfRsuYY2qfOoGfmNI2SL2PjgSuY2HwG/eMHeUHnLFEHVofn0n7HwIGVwHENgy3Bk5mFD8wJtthxYClSAzMfAk4PDp3MqkGPHRsdK+hR56mqQx2VKhMMW2Ali+gZOnHNmjR1LisJqBS1jKlTNMAyWVUeJWEREmkVTchrmUCFwEvPwglWLgEwsvGm72RLsMuOsyNBrT2MrD05nL0iKU/gqcejjyztspy297KkMp/Vx6JUL887lb+0iEPUi5DF///zK3zJZwyKiyXzNN4Sae5xxQxBF/KUn4x4pqAgeP8LWy/Tbb0ibEMQqgtO7gyGmDZrsdh4lLmyv7yM4ExCWnAsJ4D6y/yMQdpX5jwulLURoO7lpcJMQw5q9Bk2y24hj5Cx6NZyLKPXZeUUoaWlARtTQ9iZGUFfk8BEXRkelgZwNdGChxkNAq314GdvghAXG4R72MPVxgSmhvqQlSGQkZblKUOWBhRc7IWU5Mti0TuHrEVL+Wus2DIDICmCA22CIjbBw8I5BMnlA2iaOYbZEx9i/4XP8NadH3Hx3s+4QJD16tWvMXzgBsZfvYPUulnElIzA0isJps5B0DR2hraVNy96LJizynLLCWbNIC2vTtenFszNTRHo7YKEMB9U58ajrTSdICsRoswopMYH0z3ZA5aWFnT9mtKAhkWwzKFIQM8iTvL6zlAycIWCnisUDT0JtryeQNYqq0ComPpyHzZ1i0Bock82PyjpukBB24lgi9mG2NK5SetSt8YKNXPI6zpwyGKC+ZVqJgRaxvSbGWKJrBYWS6sT0DPzV3VuncFMclmEa5GUoqDb4+78K8S1FeW4D9oyRcHElM1IlGaTVrStYGjpBRvPaFh5xsHaIw72PtEIosFxx1QDjlwawOlbA3RsJwimpvD2h2M48/4wjr03iKPXevDGjS4co/bm+3248P44zr63Dm++N42Lt2Zw+f1ZXLi9AeduzlBbj7ffn8aFDzbi0gdzuPzBXoKso9ROPY1g/f/VNs2nzeZThIJB6cM/BLfngOuJ5mnevuHR04jSM5qwZ6NS/++U5TOA9dzsw/l0469PZxcynRee+nw9nbH4fHTtCWAxgHz4AHc/PIvDrx7E7t07+CyxwYFBrF27BuvWrUdbSzPqqsrQXFeJztZ6DPd3op+gp72hDNUlGagszkIds2MoyEVOdi5iRAPwjKuBfVAB3EOzefHj8oJkVOSloTKfWkEqGsrzMNLXjtHBHq5v6mtvQEuFCKX5Geju7sb2XYewf/8Ber6Oa62aKws5dE2ODKClMp8+n4+qwly011dzwOppqcfYGEtvbseatVuxYdN+zGzah+GRtZgYHUYFwVJxOis0HYqYYB/4OljA1kQHjgRWrrYmsDbW4DeX6uI8zEz2Y+vGScyuHUVfC8FWSyXG6DuP9jQRdMUJgvbIACSF+6O8pABlZYXIz83g0akgHzcEBXggMMgbqqqKsLM0QbC3MxIig+Hpaoe42GhER4ZyR3eWBkxKiie4ioa1tS18fLy5bikvr4D7joWGhsLdwwtFJeVITExEYlIKgVYJktNzEBgeg6qGVlQ3tiEiLhXh8QRfFXUorW1DbmENMkVVyCqu4jMHCyqaUVrXgar2AaQTUGWXNqC8uRcJOaUoaxlGcUMfRPR6ZmE1MktqkS6qpM/WEYx1YWBkDU6dfAMf3LqKd84ew7sELRfOn8Hb5whYDuzCoe2zXOt08fRJzK5by8XsQ110rPo6MTXYi97WZuRmZvDIX2lhAerpPBpsrcFr2yaxaz0d3+Z6zI71YOuaPvR1tCAtNY/eV8wnLBznNQvP4afPb+Pnr+7ik5tvE1BdwKc33sZH776F+9fexmcf3iCo+gw/fHkfX9y9hq8/vI47l8/i+lvHcfHUUa4Zu3WZlc45j8tvnsT5Y4dw4tBOzG2eRmd3D0R5xQS6cfDxDoajozuMTexgYGhFzZqaLQyM6X8TB4IUFmVygJGZO0/9sfQggycdWuqbeUGHbtAsUsNAiwvcqYNhYMXTg9q20GF1xQiSNAggVtHN2ITgxi0kDfaeMQQhbnB08qXzJhxOrv4Ecm4wt6J9MXeBJkGBJoGVlp4dlNSNqXPRgJTsKkjTzVdqpRpW0M1aikbIMgRYzHlcRU2ft5WKupCRJeBS0oMMgZekzCrI0Ghai/bX3CUaRg4hNCoOoBt1NGy94uG6Oheipo2o7NmJ6oE96Jg8htLO7Shq28afax7YjfahXSipGUN2QQcSUusQEJgGd+9YwZLBLoDPqDSjZkDHw9DUk2vT9IzdebrUlGDS3NwD2voO1FkQKFInx7RWyux/AisVWipq2vA0oZoufVdNM6xQZGVflLg2RUJaEYoa+tAgiGKidz2CXQevYFg4BUCfrZf5jll7c/0bMzDVpWP68nI5yKjpwsDKEyuYb5GSMe/kmP+TUFx56ROoEqJUC8SeVkueRrb4c2K4YnUHGTQxyOIRJ0nuecXNOJeIZw4yOwY+k1DyCRBxKwUGJ7zen1g0z+0VVj5xdWeRLeb8zsrZvMIfK/ASKgymJFlEQ0Fb0O1IMNd1GT4jkeu56DM8KrZEENcza4klBEVMgL502QooKirAwlgH7jbG8LEzhaXuKlgbqMPX1gBeFtoIsjNAjLcNoj2tEUUt0tsB3o7MNoTOH4IsGWnaJtNcLZHg0ax5i4YF8/5YHLKWcUBkKc+VStoEIZY8gmtk6wPv2CIU9WxH384L2Hj8Dl67wlKF3xMA/ITjN77DnotfYNvZz5FevwXJ1WthF5QNExpwaNDvqEDnPavPx4xQmREri14x53YZRTVoaulAT08XHs62NGAO5GDVVpaGtsosFGbRfT4hFJGrfbmxMxO4axvb0HljA3kdG6670jD1gTpdryxCxcBqvq2yDOSQxQBLmUGWOasmQNBlHshNcDUsA3hacTkzIlUx40WeJRTYhAxDyOra8eiYpKIBnbP6fCbhCiUDgi0TGhgQdCkY0vN6WCGnCwkZHe6jxWYXLuJ6LHluobGIlux3Zp5lzCx2sZQKXQc69Hkjui5sYOwYCAu3GNh4JMDRNwEBMRmIzClEy7oG7L7YhyPX1+LItUkcvDqC/VcGceDyIPZf6sPeC+04cLEdR6924vA7vTh4cQivXR7HCXrv2RvrcJo+d+zKOmozOHZtBiff20QQto2AawcBFw2mPzghRLCejfz8XnTqRbB6XvgujjxxKPrXc75YDLjmQeZ5e4XnU26/PfHh+uVJFOm3J6D1Ilj9O2i9uP9P4Wp+/+bF8vPRsYdP90sMWI/FgPWb2Efr2cjbs1qyxzxS9z/473/exbVrJ3H02BHs3LmFG4q2tbWjsqyUl7wpLipBU1MT1zB1tjXxGYGt9eUoI1BqrC5Ea2M9qsuKeVmYvIw4ZJXWwiWiFKZeWbD0y0NYTArqSrNQwF5PjEBBSjR1uIUESFmoKc5FV2MFj2rVFhcQYGVieHgMs5vn0NNei9aqXJTQOlnEq6O5Bi20XZYeZLBUX1VC2xWhMDUaXe3t2Lr9EEYGJ9DfP4Xp2X0YGRohgBtEYU46UqNDkRkfjkA3ewR5OcPRxhTOtubwcrZDqL8HwoI8UVGYzT2eDuzbjfWTw9SGMNLdgPpKEe1jJQaay1FfkIiUCF8UZcfzGZAN9bVITohFSKA7wgLc4etiS5DlCicHS9jZWsLFwRZxEbTttHhkpyXQscxDbm42oiLCER0Vgdy8bJiamsPSgtk2RCMtIxPZObncoDMoMBjhERFcAB4SHI742CQUFJcjI49ZGyShoroRLR1DSEjJ5TYMSdQyi6qQnFWCjHz6fZo6UVLXhgwCrayyGlR1DqCytQ9RidlIzCxDTesI+tbvxMD67ajrm0RxYz+SRdVIJ7iq6xxB28Akunr6cfyNV/HpRzfx8ftXce3tc7h55QIuc9H7aRzZtxOnDu3CueNHcXjvbkwO9WOQlUtqaUFeVj4KmTi/pJi+fyri4pKRkyPiANlZX4mtE92oKiklOG7A2f2zeH37JNdjFReXore9FXs2TeHKid34/OZ5fHPvOu6/ex43L57C57cv4cEH79LyCj69cxUPCLKY8ej3X97Dd5/fw/2b79D7TuDc64dw7o0jtM9n8MF77+AWAdnFM2/gyIHdmN24HkODw6iprEdyUjoiwmMJcAPhYO8BKwtnmJsSBBkTVBFk6RnRDdrAGjr6dtAzdOFwpU8gxZqOkSu0Dd3E0RpXHrlS5Wk/B94YLKjTqJml9bR0bbmWSo1uwuw5HbrRazONla41bO08YWvrDi0mhtehz9NzukYEVgQTympG3DtLQUXwuZJknlArlLFcSo1gS4NHsGTkV0FXz4T20YoDop2dCyxZ+szCCY6uAQQ+vjAk8DBlKTz3eJg7R8LYIQj6BHrO1KmlV44iPL0eZi7h3LohrWwAhS3TyCofQm7VKHIqRpBTNoQMURfS8zsQGlOMwNUZ8PSNhyOtx8zME8YW3rwZmnqIj48HrB1D4MRG3fa0LTp2qxg8aVhCncEpQZcqARObxcXSdrKrmCO4I+RUjanjIahSoO+nSN+VOlVZdT2sIuhl0TdzB184e4fB0Yu+A0GVroU7zBwJ8KjzYTDF4IppWVgHp6xlS+sxwEJmGiqjwVN5L4m1Sy+JU38MsFhjKcBXXln6xCj0FW6HsETwt2L/s8K8zJaBfXahhNhjSoZHtNg6mSEo6xyXstqCTNe1RCidw+sJcrNQaZ4Kmi/gLACWtFBrcF7gziJYrB7hMsHTikGLoo45lslp8PI7S5ZTE7u/s+LQzER0AS+jIy7Ls1yOd9ZMq7SEtrVMYjlW0UDPyUwXQY4miHA1h7uZFpyM1OBrpY3VBFiRLmZI8LJGgq81EgOcEO7pCHc7M+jrMM8xOo6sNM0SSWoSAlQtleRRrOcAi0ViaCmtqAkFLXP6neygZeLCy93EFfeiqJcga8cF7Dh7H7vO3cfx977F6Vvf49j1b3Dw0jeoXXMSyfUbYBuYDcfVWVBh3lPqQqHnxbwUkJw4gqWKlXLqUF2lBX09fbg42iA50gd1+XHoqslFXXE6clOjkJkYjpAAIYKlrGkMedonFQN7KBkQoBvRIMjcl/tdaRE0aduEEEj585JMDKxUed1LPw5YigYevKnQAErB0JNHtLSsgqHKX3OHpLgINItcsbSePA2m2CxYBk8rlQ2pGUNKyehJk2EmpdSkVIy5mzszJF0mtwpLpdW5TmuZLA2aCFJZ5Ip5Z0nJE7yt1MRyWR1+3WjRcTGha8mCBkm2nnHwikxFZLYI6dXUL862YcPxEWw5N4bpk4OYPjWImdP92HSmG1vOtBDINmPr2XZsOt2JLad7sev8CIHWBIHWWrxKbf8709h/cZZ+j004cnkLjl+dw4mr23Hq2h6ce++IEMF6Cif/b8j6fR3UvIbpoeB0zkrU/PoPPPrtv56IxR+/kKabjywJn/nXv+m3npaxeRasnrdr+D2x+lNo+1WYHflYgKJnPbWeXf8T3y08fA7wnorcn4+ICe//Bb/86xPcvHUWu/dsx8T4IHo6m1BSmIeaihK0tTahq7sXG2c3YniwBy21pWirL0YNAVNeciRqirJRU5iKwrQItNSVEwhlo7IkB6sTSuGZ0AoL7yxYu0VTR5uCRoKq4sx45CWFEziJ0FiSxb2sagsz0Ujbqq+pRF9vPybXTKK6NAO1ZVloKM3lM/LyCKiqy3JQV5KJqrwUgqEs1NdW84hXb3sHRsemCAAHMTyyDutm92Nq/Sz6uzrR3liFxAh/BHi5wt/dCfZmBnCyMYOdjTlCA3wRH7Ua6clxKK+oxszMLA4RXE2P9xEodGGivxUjrVWoyo2HKCEYxamh/HvWVJZh7fQGjI0PIz87EasJ0NwdzOFiY0TNHN6udtxDKyY6HGHB/khNiiEIi0ZMZDgqywuRmBCPtNRU5OflIy4+AeFhUcjKykNmVi66e3tRV19H8BULR0dHHt1KTEgmyEpFSUkZGts6MTK6Bk0t7cjKLUEVAVRlYweyROXIK21EZXMPCkpqkE2AFRqdAhcvf8QkZaKotg2ZxbU8olXZNoCUgirkVXaisHEIBQ0DaB7diqbhWV5GJyI5FxmFVahvH8DGjRvwxsEdOH/sMN45cxzX3jyBB3ffI7C5gbvX38GHNy7h4umjuHD8CLYRtLBCz4fmNmCCzpU8Ar6MTBFPE2cTbLHoXGRkAsoIoMb6e7FupI/OlQo6h0pweMsEdk71o5DgMSM9HwM9vdhJ6zu6fT2unT+Eb+6/i+8/fR+fEFR98zErn3MPX3x0C99/9j6+unsN3xAA/vj1J/jbd1/gi49vcbuGi6dO4PihAzh79AgunDyGY4cP4sCOrdi+ZRabptdjYngEDTWNiItNgZdXCMGVO6wsHTlYGehbQ48ZJ7LUoYEV95vSY5or5nlFN2ktQ2HWIDMXZR5Y5lZucHb2hrmNIHLXI/BSpc5dWpFuqnRjZSajaquYIagVtAiu2FKFbs4q9LyKlhWUxMaDzDOLgZkWdQZ6hnYws3LlLvAGJvZQVKORMY14WSFnewdX2Ni5wZhe1yEQM7dygpObH6KSstHR0Yumxma0tHWhtLgG1VXtiE2vgE9kAdzD8mDrkwg9cy+o0r67hdIAKKMeNt4JcAlIR0hyCTwj0uETU4LKjk0YnzpI59QERDUDSMhpQWR6A6LTahEUQR2hRxSs7QNhZePPdVem3KndmwvZmTWDqY0v9E3daP8cuFUF88DS43o1pgHzI3Cwo45En9eAY4DFBL1yqkbco2sFASOb/i8jrwYJWRXIaxgSuJrD2iUIdm7BsHDwh46ZO8GUKywJrgwsXAkg3anz8eW14JYp6EFKzRKLmNaKCdBZCo5prphpJ9cRLeFRKR65mo9gvfzUgmHeQHReCyWA1mLBeFTs0s7XtVjQXc2XwmGzDhlMcWhaKmzzFV5TUEqAKwIRQXslzZ8TyukIju7seaYXYxodpjtaSO9ZKq3CtTg8WrVUjkdyWJ3BZQTZi1eq8tTTYilVXs5n0QqCEEl5SNBnlrPIppQSJKXkeapPXWklHI1ZSpBAy14PPpba8LPWRrCDAaJdTJHkbo7UABtqDsgIc0NcgDMsjbRgqK8LJSVVrJCUIViT4jDFi0MvXCp2eRfK63CneTpOErT9lco6kFenQYGWBUycghGUUonogi6Uj+zHmoNXsPHY+9SJP8CpW3+l9j0OX/4Kk6/fQenoG3AIzofL6jzo0TklQ9+b1ecTai3Kc2iVkFLmIndFVXXo6enB1cEaKVG+qBUloLE0FeX5SRywUmKD4UmDaT09A7qGLaCkY8kd1Jnmj6Xz5PVdubBdzZTOI7sw6DpEQNt2NQycIqBjE8qrCbBIlioXu3vwWphyui60dBU/puvfwp8L4hWNPCBDYMVNSOncU6CB1AolfciqMk2gGVYqGQsRLUU9bjrKrBoW0wBgqRxLHaryYt+LqS2h77ZQUo7/5gy6JGSZL5sJ9+ySZOamNFBQXGUBTQJXNjgyc4uEhVcMglOzkFlbhoqhFnTPdaNvbz96Dwyg82A/ug/0YPBIN8Zea8fIq80YerUFE0faMXOsm0CrH3PnhrHrrQlqa7Hj/HrsPD+NXW/OYPebG7D/rY149cJmHL00h+OX978YwZqPLv3fZv099ZWa99J6dibhf+ERL8Pz8CkkPfHX+lUcnfrXC9YOvzyxe3j8eN7Jfd7w9Ffx8o9nAz4FuHnB+rxA/mmEar6UzlMh/sNnygG9UBrombSi4BE2vx//ge++vY6Tp45gw8x6gpROtDRUoSAnHXWVJehsb8fk5DSmp8bR1lyFvo566hwb0dFYzIXtjawsDcFOd2sthnrbUV9egFKCqeyMLLhHlcE9phIa5iGITsxDXXku8pOjUJ2fiorcJDTTZ5kTOyuQXEuANTY6hMoyETLigrl9QltDGfJTQlFKQFVelAVRdgKyk0ORnRiBKuYMnpuD7g4CjuEx2ucmTM3sxPjazbxwdHNjLbp7ulGUn01w5QQbK2NYmBjA38sF8eEBiA31h7+nG1ISYlBXW0/r6eDRlzXDHRjqaUFPaz3Gexsx0duA9hr6Thkx6KTj0t/djcGRcdRWlyIpdjWyszNRWlWL2LgYuDhYwtbKFAkxYXxGISsy6+fjjeSkWCTFRyLQzwfxMZFwdnLhMwTj42MIQHJ4+Zv4hBSEhkUgOiYKiYlJBFbstVSeFkxMTEFUZCzi4hJR19iEevquicmZSM8Qoaa2BfnFZcgpKIOovJ72pR5ZBClhtL7gyDhkEyg1dQ2jtKGNi9szCbxSsooRQvCVmluF2s5xFNYQoJW2oKpjDHUD04jKLEJITDqaOlmNwb14i+mYLp7GzbeO49KZ1/Dxnav48uPbeHDvBu5cu0Svnce9a2ewf/tmvLFvDvu2TmO0tws5mQVITctFBcFraUk1gVYRgkIT6FikoI9BMb2nsboWFaIiTA934rXNExhqrUMBjcjKSiqxbf0YXpubwdkjO3H/+jl8ce8mr0fIolY/fHYbf33wIb57cB8fEex9c/8mvqb9efDBVXxy6zJuXX0bV988i9NHDuP4wf04Qe3g9q3Yv3UzdmzZiI1Tk5gcH0FLSxvBaw48vUJha+sBcwtbmBjZQkfHAurMDkHPEtoEW7oEVToEUqyWoIqGBb/RKahb8BSglqGLYNeg7wgDppcydoOuoTO3Q0hOyURURBw3BlVdxWYAWnBXd10CNEOCD02CCiW2LgZXtD6WTmTr1NCn9erZ0vated1BV4KnkoJyRIUnEMh5ITgggM5pe6zSNKFmylOZbDakHi2ZxkmJRv+qrCSPhjnUCOCYXszcORRmjqu5RkyOtmfuGg7vSBEUmXmioj5MHUNh6RELv/gKhGY0IzimGPGZdSiq7EFzxwgyiroQlVqPEAI1H78kOLNSOEwsb+rBy95YO9JNn+CJlwwydSYg1OdlWSRpZK6pb0Pg6QYja19oGjkLKRNWpkTFiDogfQIoC0gp62OBpCK3XJBW0eGu6ixFqKhlAmVdc5gSAGvSb8OmsutZefFolYG1G43qbWj9VjA0c4Eq/W4SMiwqoE1wtQqvrGA6l5VCkeaXlxFILcafX3pFnBIUQOov84WbxcWbuT0Bi2Kx18TRrXm7BzbD74ltwwLBtZ2l8VhqbiEvpCwpRMh4qpDVJhRmFvKUIluvuEAzL1GzVBC6MzjjEbAlzIZAkaeMFq6Qx0v0PyskzGrdLZFexS0AJOR1eP285cpCakqClWGhjn2FrA51wrrUtKkj1uLHTk6RRTbVoaSsCgMtVQ5YAXZGiHS3QIyHJQJs9Xj0KtrZFClelhCFu6AoyhNF0R4QRXvD38mS7pl6NNjQhaycPJ+NyN3cFy19ol3jMysXCV5cDLpYwejFBAkS0sq0TxpQN7CDS1AS3MOzkFIzipbpE+jadh473/oYJ258izc/+BGHrnyNAxe+RvumNwkY0mFL55YGgfpy2v/FMkLh6yUMsLjWTJo71rNySapqq+BIA9qkCB+UZUVxgTubRRgT6oPVAW6wt6PzXlufris6hip0jAh+WONGoVp2glhdh64/Yw8OUwy09B0ioW/PICscWlahPMKlZuJDAOVEn3Hk6UEGWtLsmqFBEksLMoNSOS0bPvNPQkmYASjPUoXyejRQ0MNyOT0+u3CRNCvmzXzQBJjiv/MyGf6bL5ZkPmLKwvPc00woobSUQFpe0xxyrA6niilUCBDVWOTbwhumdP1a+8TDJSQB8aJCVAy0oH59B5o2daF5ay/ad/Wja3cvevZ2E3B1ond/G/qoDR/uwJrXurH+eD82nB7CpjNj2HZuClvPUjszRdBFA+Wz1M6sxRy1XQRd+97awgDr8VON0e9EsX4vevU0tfaMpYI4wvREh8WLL/+DXpsXuz+t/zdfmoe97xG9/yFvD+nxIzz89ZH4///BL9Qecs3TI2oPxctfxe0xvfaYLx/R9p/9/yG9/pCtiy8f83U/pG2ydbF1//KrsO5H7DlxY///8ut/0/JfT97H9uW59f/6UNivh1/h/TtvYOfe7di1ew5bZteir6uROrgC5OVkfGOZsQAAIABJREFUoryymjr1eoKQMjTWVaOvpw29vS0YG+9Ga0M5ykUZKMhKJhgr4HnvdAY/ZbloqClFVEY1vFOaYemfB5ugPCSkJKOmOJtHvUT0mcaqcgK4ZjTUV6K9qRZFBGaxgc7Iig1AWUEagVoCKksyCWZE3EguOz0GCbEhqK6sQHV1Pdo7uzA0NIhW6qzXTm9DW2srctMT0N7ajNnNW5GWmgQ7a3PYWJrB2cUR/oGBSElKQGpiNLVYlJaVYS0zUu1uQ1sdPR7pQW9bIwa7WtFUW46GWjYjsQZdbbUYHhzE+k070NPWRPuWgvTkaOTTd/B2sUNGajJERSXUUSchOiIIYat9kZYUQ51hGD1H76VtxsdGIz09FdHRUfD0DkRyaip9RoTA4NVISslAZFQCVodGIiUtFZ6+/iipKENKejYiY1MQQ0ASG5eEnDwRCgpLkZCYxmcPBodEIDNHhIr6ZqRk5iM5U4T0/FKk5BQSbNUiv7SKe2GFxaYhMDwWngERCAhNQlp+FYrrWfqwC0W17UjILuYzDFPyapBd1YWKjnFkigik127ElSuX8O7lC3jvynncvHoeH92+ygsw3715ldo13L19HffpuTv02hsHd2LPti04vHcnZtdO0PnSioaWTnS0dXDj0dx8AsG8UhSKCKYH+ul4D6CjqZVgMQdFolJ01FajpaoCNQRkIvqeE/1d2LthDTcJvXTmDdy+/CbXU9197xK+uPsePqP24a3ruPzOBXz04U08uP8+Hty9ic/p+QsEhQd378JeVvB5/168fnAfDu6cw87Nm7BmclIo3dRN4NDSTtsqo98ljSAmiADLAQYENBpaTIxuilU61tBiUSpte6gSAMkrG0NOxYTf7OTULKFMN1pVHXsoadoScFlDVoVu3kqmNIK3hJVTIE/jjo2OEGhmwtsnCFYEcZoGztAxIgijGzsTxjN/KE09F+jSYx1jd6jSOtksQ1ZOg4nSZRSNOICZMTd3O3de1keSCWBXqPB00TJJZUjJqFCHqgZl6kyU1Y0gp6TLS/8w/ZW8sh7UdWx4UVnmlcUiZrY08nUJSYU2wZAWNXUjNioOhW9MKfwJsIKSKgm+ihGd1YKMsn5kl/YgiR4HR4jgxHRbTgRjtoE8zanLPmshgJYeE/VrWXJHfEGQrEn7S5Bq6MA1JCz9KcvqsKmbcbBaQR2IHEGBtIIW150wKwZZFV06loY8iiWlok37TceClfyRUeUdlQ5BmpalB/f7klPSoe9rSBBJ6yRAW8R0LEzLtEyOa6RYY87pf35ZqB0oRKrEkSmeDlzKNVMLODBJiB3ZBdNPnvoTR7peEkPYS9zCQYJrqITZfkueQJlguSA2DeXRKUEE/7IYoARwWyoUUl4oNhRl214yHwGT5EWlmb5qEf2ey+l3UzF0hwKdezJqFgQHZljGyrKw9BJLS4nTTqwDZ505a6x8C59VyuBKWZv+V8dKaQUCLHX4O5oj0lPQW+WEuSLO1xphzsZI8bVDpr8dSqLdURrjgdJoT4gi3JG62gOBbtZwoEGjjJwiNypdsoxgcvGyJzUKeSSLzyYUp1FZunC5INRnYKtAgxQbzwiYu4cjNKsJSZWjqB3fj43HP8ThS5/jzTs/4o3r3+L1d78jwLoAj/gamPvEYcUqE54aXqGkSVDCCmArcw8sVi5n+Up5PitUTkmV7u9mCPNzRnpsEHJTIhHq7wxvDzsYGdKxkVEmKF3FqwEsltPFYjo+bLlEQQ/L2Iw/brVgx+0aFOga1LIO5tGrVRaB0LYNhSY9VjVnlg2+UDL04J5YcjTIWkEDoqU0MFhOgxgGa8yygQGWHMGaspkHlOh6UDNyF8royGoT7GtywfpCJnDn5XNUOTixgt6LmE/WCiH1K+iw6HqWUuGFu4XzWIrr25bQZ2VUDbjkQNOEgJCuNXYdMN8we79EBCVmI7WyBGVDjajf0ImWLX3UetC6rQcdO3rQf6AP/fu7MLCvA4OHOjH8ai/G3xjAxDHq106OYfOZ9Zg9vR4bTwlt9uRabDq5BrMnxnjbTI//9Ju4Lt9vgi07ns7o+33bgycpwd9+e+IbNZ9OmxeBP9Fh/foz/f/PJxGj+cjWQ3qNgRV++x9a88MXoI4B3yNqv4jbQ3F7JG6//mEq8/f/fhN/5tdn1vsv8fLRC8//8jvPP36mPRJ/9it8eusQjh3ajVOv7caB2XFMdTeiVpSJ0owUVBfkorWiAGVMWxUTiu7qAjQWpqEgKQQJAY5I9HdCToQXjXh8UBQXgHw60Wtz41CUGIqs3Er4RlfBzisLdn6FiEvKR2NZJhpEKWgtLUBbZTHqi9JRnhmLjvIc1GbEoK04A00EMFWpYShNi8BAax3qaH2tJWloLMlAfWkRels70F7XwCNOPU111DHXopdgqKUwBS0l+ehqrkdJZiICXGzh62wPdxrlOFqYwNvZCcUZiSjPiKV9SMNgQxGGavMx1FSKubW92DHRjvXdNZhoKcd0exk68qJRmxqB7goRNo0PYLyjEiXJ/ihICEMugWQuwV56qDci3CwR7uuASF9HpIZ6IDbIDavdrRFF/6fFRKIgJRbZ8ZHIIbBzs7EUaiwSgCWEByODQE+UlY3o4GBEBASgNC8HdeUFSImNQKifP3xdXZEYEYX89HSkJ8TRe/zps8kIp2ViVBRS4hOQGJcIf+8AiPIKUVZagc6OdowPDSEnp4ALp329AhHLIC0pE5l5Zaht6kZZTROqGtoQR7CWkp5HoFaCwuI61LcPo390BmNj67Bjyxacf2MPvv3kBv71w2f4nx+/ws9f3sE/HtzEP7/9EP9J7fv77+Lnz2/iu4+u4s1D23BgZgx71w3i5I51OLxlEpdPHUQzgXR6QgpK8vJRnp8PUUYmagrzsH1tHw5MD6EyPxvZBJB1eVkozcpASW4+6gns68uKsaG/CYc2juLwpjFcfm0b7r19FB+/ewqfXD+H7z+6ju/vvYvvWPrw3hX89NE1/McXd/CfX76Pr++8jUsn9uPw9lm8sXcrjmzfQL/xCKYGOzHU3oTuxjq0M7BnprPlRUiKjaGbtT201bWhpaYNDVUtqKpoQI2NlOUIXOhmrSirDFkGDdJq1OGwgsM6UCCIUVMzwCp1Az4DkYnKFZVYWkUPcnRzlaWbu7qmEUxMreHs4IoA3yA4OfrAxJj5VDnRc56wtaAlgZOpiT0MacTP3NeNDZipqCGUVbSgqKgBecVVkJFWgjR1LlKSspBcLgOZFbSUWEmPpSEvowgV5VXQ0DCEvoEldPXNoa1vBnVtAj66wSupGnFgZBEOKwIkK7cIAhgNXqhXx8yVQMsDZs4hBFiFCI4vRERqGWKoQwyKr0QgAVcwLUNjK+AdkApbh2AuZtdhOiojVxiauEND25ZAxxwKbHo5de7S1LGtoM5DgjoLFebGzuol6tlwcGRNmmBo2UplDkgyClrcgJGlAeXpODK7iZVKOlyPwv5nnld/XijF4UrN1BVymhZcHMxG+yxdxsq0LFmpKECN2ObgTwyoGMSIXdn5jEFx7UD+eCHTE63g6TyepnsCT4Lfk2AiKsw05M+JjT6ZLQGzTfjLgsWCPcKieX3WYsGUc/GKJ2ajPH3IROwr5AXgmI98iQGO7+siIW3I0ocMsFhHy7Q3zABVimnuCEiZW/gyaR0sZ/BEoM38u5gTuQwDBOrsecFhgqxlsjo8cifJNTyadHxUqYNXJ8hVgZqKCuyMtRHrY4toLytkhrqhIMoLMV62SPS1R3G0HzUvVCf6CYAV6YGcKG9kRfog1MsB6moqkJSSFVzfxdqreasGljp95UlEaykvaM2gYMHS5Ryw9aw8YeIcCN+4IvgnlaG0dxvWHr6OQ+98xh3eT974HseodW57BwHZndAgWF9MAMIE38zlnAEJm0m6RIqlClcSfMjykjJSBHwmxgYI9HSg+6cHQryd4eZsB0NDXUiykjOsNiMz9pSj84uO13K6BpYSXC2ebzTYkNKypWPswIs7q5j5QtchHNoEVloEWIZO0dB3joG2fRj3ylqp6QBJDVtIadpAUtOKR66kafAgw9bBIFjLDtLMdoRFoY1doaznRL+bNhYSLC0g8F/AopNSStx0dPFyJSGCtVyWz/x8mTnyM2d+VrKIrm2e4qXzgKULWfqVgeUygkoZFbqvaDMDUh+6Zn2hbxMMS49IeEXSQLwgH3kd5SifaEHtdDsaNnWhcVM32rf3oXtPP/r296FvXzd6qfUf6MHwkR6MvNaLNW8MYf2JNdh4eprgagYbTsxg47H1mHl9LaZeG8eaI/2YPNLLij0//LcZc8/PnPsDX6nHT0vGPJ0t+PiZmoRMi/UjHhFk/cqf+288/PUnPH70LbHKT9T+E39/9E98+M9/4s2//xeO/vQfOPTj38XtZ2p/w8Effnqm/U1of2Xt77wd+P6F9h1rPz9p+1n79m+0/ImWrP2Ifd/8gL3U9vH245O29+sfXmg/Cu2rH7Dny79i75dsydr32PnpRxi//Daajp5Fw5FTqNxzCAWbdyJlYgPS125G5rptyNuwAynj00gen0H2ulnE9Y8hqnsYUT3DSByeRMLgBDInZ5G1bhNiekcRPzCOhKG1iJ/YAb+eOTg3TsOpcQM8WzcgdmAtvX8drXsOOdM7kDqyDmlraDtrt6JgZidy1+9CxpotSB5k75tGytgsUobWoXDzfuRu2EP7sQNJo9uRNDZH29xJn9uJ+P4p5EzRuoY3IKpzDQIbBuBT043VbePwqOqDUVo5TKg5iJoR1TVB65tG5thmiNbNIWuEvtPEVhRu3AvR1HYkdE8gvnMCeeMbEds2hIjmUeRN7YNoejfi6LNRHWPwqepCcP0gQhuH4VsuPHamdXuWdMIhtw4uoiY45jXCq6wDvtXDiOvdBP8aek9hGxxF7bR/43AsaINXxQBi6TXPskG4l/bCNLkGrkXd9B3WwaO0H27FvbDJaqHXhxDStA5hLdMIqJ2Ae8kgoru20G8wh0A6tq7Fw3D6/9h7C/Cozm7tHwuRSTKZJCNxd3f3EIjiBC3FraWFQrGWthR3Cy7FoWjw4O4Ud3doS6HQUqzv/V/r2XsmQ0pp3/M/3/lOv3Pmuu7r2bPH90zy/PZa67nXh6NR2H8Wan8xG20mlqLe13OQ1m0cMj6ZiJw+09B07BoUj1qJWv1mIqPHJNTsMx1FXy9A3udzUPDlfKR0K0FOrxkoGLAYDYetQFH/OWg5cgUdn2/Ra85WDCk9jBEbT2HEhpMYStujy05i2Nqj+HLBdny1ZDf6k/p9swVth9J38+UsdBm7FD2mrEb74fNRr98MpHYei4wPxiL7I/pOOo9GUc/JeH/wPHxI9yvuNw2ZnUYjl27LIxV+MgX5PaejsNd0tKXP+OGoxWg5YDY6Dl+E7iWr0W3yWnSdsAZ9Zm3DgEX7MGjZIfoHcgBf0/bARQforG03viL1mbUFHUatQtsRy9Hi60Vo0G82aveahvzuJajVdTxqfjQBtT6eiIxOYxDZ7Gu45vaANuMD6DI+hDb9Q9indIZtUgeoEtpBFU9KaA+bhA6kTlAldYEq+UMaP6DHfAyn7O70uI+hTZOkS+sGderH9Bwf03N0pfvR86V2h0NmTzjX6EXqA9ec3vDK6we3nD4Iqfsl3Gp8So/tAcfMT+nxn8AuuSts6TV4tKfHq+K6QBnbEZZRbWER3hqWEW1hRdtW4e/BMqAOFE5x9I/ZEzZKDTzcfREQmgD/4GQCmjD4BPOKx2QEx+UiOr0eHDzC4EggoyVAdHAJhndIKtLzmqFV14HoP3I+Phs6Az0HTEPn3uNQ573eyG/0MTILWiMhqZDAMB3+gdw3ka0oEkV9mUbjI4rvFexczqDA7VmsNVATbHJEy82DAMs7Co5eUbBnjyC6ry1N/iqNO6wJWDUuNHG4+pMI0GgSMbd3lupvCE6qmKvEyiyVWwRM2HGd61XosQwQwluI4UUAkpzy48bLFpIflYm5vZyqI/ARKUIzYZ/AVgpmXCvFESe5qbEkC9G4WawOZIsEEwu5PY2V8J2S3NUZqBguJJgSwCTbPlSpLvldmcotc6SmzioBUVXNy40lpUiZfuWhFMViKOJ0qA0dB1Nu0M3HyDWM4NFTQJQt1/S4h8PGJRTWBAyWBPjmdNytGVbVHAGk40XAyU2jFXT8GFqtbJwJej0R6OuDiABPhPl6oiA1gk6OE9CubgY+bJKHwuRIdGiQSSeTBfiifT180iQH3RvTCTOdNPd4vwBtG+Qg2Jeg2U4HJUGWidz0WUoXWpbDlXCct4Q5R7kIFFjcdFrt5g+/iDSEJhcgvS6dQA2aj0mrj2L1gevYSYC148yPKDtxHyOXfoe89kPgHZUDpYOvtJpOQImDcHNnI072imKjWWs62bCm9+Pq5o6stBhkJIYiKjxQ9B1U6xxRjW0l6Bgq7OnYEfjbeseJxuEqdwajGCjdo6HgSKBLGCz5eJLYmV3DvnVsOhqZD//EevBPaQSf+HoEffnCtoEL3x2DM+m+sSKSpXInyKLnU7lFQskpb45o6Xwla4WwdILgcBFFY0hkcX2hhV4E0zb0+7fRuQvA1teySU3F3aEmILRzDYYFnQgpRG2dA0G3J/0m/KHzjiHIyoJPRE0Ex+chvlZ9FLZpjQ4EWF1H90PXMf3Qc/pX6DtnMPrPG4YBC4cRWI3A8OUjCbJGSLC14muMWDUIY9eNwIQN4zG1bDJmbCawKpuKaRsmE1yVEFyNw9iVwzF6JQEWg49UJ/Uvue1NuSquoKtYfyXql2DkHfUvfaG4FMF69fqeaIYsXM8JtPD7LeD1HRx5chcj7txF28t30OTCLdQ7fxNFZ2+g4Iyk/NOyTl1HHuukpNwT1yQdv4ZarGNXJX13FTVZR1lXkHNE1uErqME6RDp4BdkHLyP7gKz9l5HF2ncJmay9kjJYey4iY/dFpLN2ydp5AWmsHTzSfXZfRfZe0h4eryNn3w3U3H9TjDX2kvbcQM7em2I7ezdv3xKqsYf27b6J7F03kLnzOjK2X0PWTtrewbqOzG30PrfT+91xDTW2X0XWtqtI33KNdBWpmy4jpewy0jbRNo0pGy8jaf0l0kUk05i8nvZtoH3raN+6y0hYfZ50AYlrSDTydnzpecSvOk/XLyFu5XkS7V91EYml9JhSeszKi0Ipq68gefVVJK68hNhl5xHz7XlELTmLyEVnDGPEgtOIWEjXF59D1KJzCF9whvZL26FzTyJkzkmEz6P7zT+LqIXnEUHb4XPpMfPOImzOaUTOOye2eQyfcxYRpLDZZxA66xSCpx8Xo3T9NF0/idCZpxFCY8CUYwiedoJ0EmEzTiNo6kn4lxxD4JQTCBKSrvtN+M4g/4nH4DP2COkwfMcdhd/474R8xhyB95jD8BhxAJ4jD9H1o/AZfQReIw/Dbeh+eAyj/cMPwXPEITG6D9kP96EHaDwAj6EHxeg2aD9cB+6j8QCcBuyF41f7oO2/G/b9dsC+73ZZO2Dbezvs+vC+nWK0603bfXZC+9keaD/fC3Wf3bRvJ+3bDW3fPXD8fB8cPtsLXT9Jmj57YPfpLqg+ocd9uhua3nug7rVbEu2377kLdj12wqbbDlh/vB02H9P40XZYfrgVlh9sIW2FRedNMO9YBrMOstqXwbT9RhKN7fj6Jlh02Cyp4xYohOjxsnhb0UGSVUd6jc47YNOFXrOzkTrthFKvjix6Hx1I7bfDqp0ky7bboGgjqzWL3hurlZHe3wrzlltg9t5mmLYgNd+E6s02waRpGWkTqjbeCJMmtI+2TRrTviZl4rpJ402oVvx2VW1EaliGqg02omq9NahaewWq5c6BaVwvKD3ToWaAsXWGilcZErTo3ENFkbmbD5116zzh7huJoEh2mufefbGoww7vddqjoLibgKqCpp+iUZuvCKw6IC33fSSlN0BIeAYCQ1Phx82tPaKgdaGJX+sNW15WThOgBYGFJYGFSuUg9jvShMMpQg8u5KfXZ48rFdcJ0XtSMlzZOkLj5AE7R3doXbkw2E+cvXP0woTO7k0IsLhgmJfBC7giKQgsTAiyFNaSAWVlud9gZe43yIAkCsolsJJW6NnSfktUrcLRJ7nFDbenqcp1VgopNcgRLXNr0cRYFLtXN5dWx4mIlUV5/ZWZUjYOtZYiVEbpPxNRt2VZ/ny8QlAGK2ELwXAmVhHqzSVVAva4Z6E916LRhG9u60pw6Q6F2lNYS9jTMeZCaXt2H+f78IpLggFLrS/dxwtmNBFX5+PFXkvsGq7xgopbthCscRG8tR0dY7UzPNxckZMUify0aMQH+6F+VgLeK0pH95ZFaFU3G+/Tdp/36+KLdvXxZfsG6NEsDz2b5qJvm9ro0CgHGXGhcHHmyK2LbDchWU+YmVuVm47KUS1hTipGK4IIO1F0z0XvOvoM2XXb4qMh81BCJ2kbv7uDHSd/EK7uW07ex5wtV9CETqois5vA0S9OWjFJvwPuc8gWDRb0W+DUmb7QnVvmOLp4ICQkGIEBfrTtKhp9i6bQBCNK5wDo6HfKNgvesXXgE8s1VUVwDMoWbW+sGa64UTOnWp1CCJYiYMfdFvwzxKpCt4ha8IopQkBiffjF1RGrDT1i6fHhOVD7JUmARdDP/lf2ntECpjT0O+cIq5IL2um5LegERkfXtfQ9KtmrTssRRj86YfATvnW8OpSh2FxApEb4YPFKUDMWf2Y6dlY6L4I0XuzhAjsXX3gFxQkrGHc+0aHPFhCdj6CkXNRo3BSt+3VH5xF90YUg66OSfugxcwD6zhuCrxZyFGukgKyhy4YLyBqydAiGrxyGMWtGY/zaiZi0fiKmlU0hTcXUDVMwad0kjCsdizErR2IEgVklyRT0udEqPVlGzZr/mCqU+xfqmzwbisL1Repy/dXrB3j9+gle/f4bPfAervx6BYNu30KDi7dRl8CqmNSY1FRWMx7Pyzp3U6jJWUmNz8gi8GIVn5J18gYa6XXiulDD47KOXUMD1neyjl5DfYKw+kck1WMdllSXIEzooKQ6B2QRhNVm7ZNURADGKiQIKyAAKyD4KiDwyifl7TiPvO2ScrexziF3q6RaW84K1dwsa5OkHFbZGUkbz6AGa8MZZK8/gyzWutPIJmXptZa05hQy9Votq/QUMkpPIn2VrJWyVpxEmtAJpC2XlLqMtPQ4SRpTvj2O5CXHkLxYUtKiY0hc+N0ftUAe53+HBCPFzz1qUNycI4j7hjSHtr85itjZR0iHETOLNFNS9IxDQlHTZU07KBQ51ViHEDHlICImH0D4pAPSWCKLrodNZO1H6ARJYTyO34eQcUYauw/BrDGsvfK4D0Gj9yJo1F4EjtxD2luuEXsRMHwP/Ifvhv+wPdI2jX5Dd8NvSLl8B+8S8hlEGiiLt7/Wa6fY56u/PkCS91esnfD6UtYXO+DZn/T5dnjo9dl2uLP6bYNrn21w67OVRlLvN+XSayucP90iqackpx6bhZx7bBFy+mRzubpvhiOrm5E+3gwH1kesTXDougm6DzdB+2EZtB+UQcPqshHqzqROrA2wZ3XcALsOrPWwbb8eqnbroGoryabNWkmtJSlbyXp/DaxZLSVZ6fXeali1WA1LVnNJClazUklNJVk0kdVYknnxKkmNVsGM1XAlTFkNJFWvv0JSPUkmdZdLqrMc1Vi1eVyBqnVWklajSr0NqFK0EiYxPWnSpX/0NOHwEnANnVXb0D94LUGMh18kfIOTEZWYj9iUIhTVb0kAVQSNSwhC4opQu9UXKO40BCm12iAhozmSc95DTGId4QHGRqu+/nFwdguBxsEb1jTRWRIsKJX2BHQaseLM1t5F1I+5eEbB1SOSJr8QYTPB6UBbggIbrYeITGicPKF19IDWyVuczVsImwOdFAGiSVTpGgIzB3+Y0fs2VbnByjlEQJapjYsAncqVq8mrAKuLYnX2g2KwqswQZWYrVt/xij0RgWJAYnH6sKpCpAzZmoEbOIsmzlXllYMmFoYIjYlsqmkirz4UdVtmUnNnhrjqsv8VRx6qy3VX7NtU3cRKvJbk0i7VZFWRXeD5vUgteCxhRUDEKSUzG1eYWekEGPFqNAYoOwIAjmBxalBFx8/OjQCVFwMQqChdgoWhJffAs9T6i+JqrtFi53BLglcFr1QjwOIGxLzylK0NnJycUJgRiya5qaibFY/G+Wlo36AWurWsh4/fq4N+beujz3tFGNSlKfq1qoM+LQvRs0U+ujTOR4OaqfDyIijmFjpWKlGEzUBqKh8nUxmopG0ZvLhlD7e3Ee/DTdTIJeQ0Rtt+JZi46ghW7LuKLScku4bNx+9j+b5baDfoW0TRb80tJE2spmT7CU4DK+n3a23jLPpOWmpc6TfCtYcE5wzmzvT5CD4YVLm4XmHrJJoxOwWnw5VX+sUWihWD7pG14BFFY1gNgqhkaDlaRffR+SZK4n1sPMrpwuBsgqtCeEbmwyMiT3hksbu7Q1AW7Hg1oW8S1F7x9B1E0ncRKr4ftmSwp2213FPTikDKkkDKRMEGrH4CmtkM1pwAkf2t2IpEYechGkNbO7DjOzfNdhEAac4rTdl6w9ZJpBX5GJrTZ1M5ehGsBiKAToy4R2FIQm0ExxM8RuYgMbcIjTt2ROsvPkHXcZ+ja8ln6Da1P3rNGojP5g/FV4tHYPDSkRhMgDWI4Io1ZBmnDUdi5IoxGFtKkLV2CqZunI4p62egZM0UTFhVgrErx2LEilGo9IpA6LVY7ffCUHxebmPwysiU8/cK0SujGix9JAuS5cKr10+FTcPr3x+L5+a6pbJHD9Di8k3UJbhqduk2mpOa0naTi7dEFItBq/F51k0UE1gVny1XozMsAigCq4asU3pdR4OTsgis6rOOs66h3jFZBFZ1WQRWQgRVdViHJdUmqBI6KKnoAItAiqCqkLWvXAUEVkJ7LiGftZtEgJXH2ikpd4es7ReEarG2Saq59TxqbpGUw9p+HA9MAAAgAElEQVTMOocam2SVnUM2ayPrLLI3nEUWa72sdWeQyVp7BhmsNXqdRvpqWaWS0laxTiF1pawVspafRAprmaTkpbK+PYEk1hJJiYtZx5G46DgS9FooKX7BMUnzJcXNY32H2Lmy5sgiwIphzT6KaNYsWTOPIIo1Q1LkdFnTDiNCr6mHEc6ackjSZElhrEkHEVoia6KsCQcRMuEAQsZLCh4na+wBBI3dL2mMpMDRrH0IHLUPAayRkvwJsISGS/IbJmvoHviyhkjyGSxr0G4h74GSvFgEVEIEVJ6sr1g7hTy+lPXFTrizCK5Ybp/L+kySa7/tcO27HS6sPrJ6bxNy7lUup0+3SuopybGHXlvg8Ims7lugYxFQCRFQaVkfSdIQVAkRWKlZH7DKoO5SBntWZ0l2nVgbYddRki2rw0ao2m+Q1G4DbFhtWeuhbCOrtaxW62HNen8drFgtjfTeWliyWkhSNGetEbJoRmoqq8kamDdZDfPGksyKZTUqhSmrYbmqN1glqf4qmLDqSapWd6WkOpI4giVUtIwAawWBVhmq1pwNM5c0CYBo8uYaLGevMPhHcFF9CgIjuIVNLSTRxJdQszmy6nVGcYdByG/aC+l1uiA9tx3SizogMbsJYpPqIja5DvyCkuDg4i9AyZYmA3b7tra2g60tp5C0sFbpYKfzhJNnpPC90rkGC68uDU0iXJPD4jSPDU2U7LLOqUIrpROBiJ2IUFjwxEKQoqCzfwuaqExoEqqqIgAh6DARXlYaqWdgFRMBRcJtnbar0OTOTZorV7eBCT+H6GGnExMvQxEXpnOqTtRCmSpF/RT37xORLyPHdrFi0KS8roijWtX1aUS6v0gRMjRx/RY367VSS9EWXm5vJflU8Tb7VDGECad2rgUzt5btGWxFf0KVk59I+1WzUIuifLFUn0BCpJJULlAKY0p/2DgFwp4glVOD3KiYIy4cHbF14/SRL03ArsJHyYJG7nXHx5HTj6bCZ0uKhvD7s9c4ISrEH3XS41EvMwG1sxLRun4ePmhRHx2Lc9GrTT2RJuz7fh183p62W9dFz/cKBWDVzyHAcvcQESkza17tqBYpLYOjOzeBNi+PaOnFUTsrLlYn4LN39EF8Vj207DEag+buwKKdl1F27C7B1V3sPPMDAdd1fD1/H7Ka9oaTX6IAEZEetJXq7ARksWcUt+VRakUNnkrnLhoqczqUrRxM6X2xOalDUKqw/zAlKOM6uGp03KvQd16Ffgdsk+AcyEAVDzXBrdorToIr/xRouDdhUKYEY9EF8GDAYqPRmAK4CEuGbKnY3TsO9t5S6xw7tyjRGocXHXC00Y49sfh7IShS8sILS40AbWsHD+HrxX5mDFKWBL1iZajGm+CYU8D0/arphIV97gisOIJrrtSK6JalbOvANWlqV39ovULhGZYCH/a2S25AoFUXwQk5qN26NVp/1g1dRvRF9ylf4NNZX6PX7IHoO28wPls0BANFFGsUBn07FAOXDBHjkKXDSEMJosZjzCqCqjXTMZE0vnSq0BiCrJEEWZW4Tur164ei+FwfeXr1+omhYbPBuuB3Y+dzuRbLyBvqX8L+4IV4nt9fPxZeWFzgjn89w7TvH6IOw9TlO2h+mcDqEoOVDFcXZbjSA9a5WxJgnftrwDLA1UkZrt4JWBJk1TEGLD1cyYBVZARYhUaAVaCXDFj5xoBFyjOCrFwBWReEar0NsLZWBKzz5YD1FsjKMoKszPUyYOkhywiwMv4EsNIqAFYKywiykg2QJQOWDFmJeshaZARZArCOvQFYcUaAZYCsOeWK+RPI+iNgHZZkBFgRFQBLgiu93oSsEJYMWcHjZRFgBY2rAFfvBKx9BsDy00tAlgxYMmT5CMiS4UovPWS9FbB2vQFXArD661URsLZLgKWHLCPActbLAFjbDIDlaARYDu8ALK0RYGn+g4BlawxYb4Ws9X+ALGtWq3WSKkCWpRFgKQyARWomA5YMWeZNV0uAJUOWmQxZpsUyYMmQVV0AVumfAFY5ZInoVe1yyBKAVbAUlWuvRpXaa2Hm1wgKC2uanFwFaLn6xyAwnG0iYhEQlSXa9YQm5SOxZgvEpDVCUFQ2gqNrIi69GCm0L4J9d2JzERJdA84eIaJNjx2DEU24XPxsxykZGw0BlqNYPcgtfFy4ryC7z+u8YMNNbNWuwonemiYPS5oU7ehs3FrrThOwq0i5ccSKz+y5rsqcoEpBYMGFwSZKF1TXMFx5EpjYoXJVAqnKUr2VcSsbTg9ycbupDafZPETfNxO5DqqyKFaXVgVWkw1Ejf2uqlYt978ydnfX386QZXAxN5VqsKrKqxClJtCWsnmo3GuQJkdT0QDZga6rJUNRNg4lCODb2KbCSudD0GUnmYraOImIk8LeXdRSsbjeSuebIOp7OIplSbJ28BcTNK84M7GyEyajCnosR8JUdLxUDtJqQguVp4ALTjMJR3hLWwJfDXw9PZEVGyYc23OSItC0MBsfvNcInZsWoXuruvi8TW30b1MHX3ZqhF6t66Fvhwbo3LgW6tdKQ4CfrxS5UqhkwLI2QFW5lEbQZSkg1szaXgCCJX3P/lGpqNumN3pNXIVZZaex/uhtbD5xD3vP/4j1h29h4e4bKOowHFqPaBmmnMViBxany0TKjMCcG2dbciNvnasoIFeoXST/KDt3uIZmQusbQ8ef67c4xcjpNz72KtGShr8nK3o/Go8I4Yml9ooVx9jOO54AKwVavzQ4hWSJ9KBHZAEcg2qI6JUbARY7vTNg2XnGQOMbL4rjHYMy4B5RQzjEW7MdBMGvgn9/9Du2UHvAjE4e2DvMlE5E2JVfQScm5qLGzl3YOKg4+sjfG412TqGwVvvS9+wHa0df8ZnMxOdzFf1GrQkeNR5BULoGQesdAc8I+l4S6yAspRHCE4uQXrcJWvTshg+Gf4ZPSr4msBqB/gtHkWhcPAIDl4/B0FUTMHTFOAxZNhoDCbY4qjWE9g9bMQEjl0/CqJWTMKZ0CsatmYaxq6di9KrJBF9jUOnlqwd49eoO6XuCIgKjVz+I6zwKw1ABXc9kPyq935XemkGOaOn7+bFFA68c5OJ2Ebl6gTk/PETtS7fQ4sptNJPhSq+3AVaxPoJ1zhiubpbDlQxYDQRg3TBErxoY4Oo66v0HI1hFfxnBuvzHCFYFwKoYxdLDlQRYF94KWDlGgJVtAKyzbwGsswbAelcEK+0dEayUFeVwlUpK420CLANcvRHFensEK+FPAKtiBCvGCLCijQArapYcwTKCrGhZfwCsqYfehCw9YJW8DbAOGKJYwUZRrP9wBOudgFUBsgRc7TbAVcUI1h+jV+URLHcjwHLVR7D6yREsA2S9CVhOFSJYjn8SwdIZAGvLWyNYnCLU0VgOV5LsjQDLzgiwjOHqjQhWexmu3hHF+kvAegOy1pQDVtNyvQ2wzCoAluk7AatiBEuSgCu9CpahcuEKAq11qO5TJOpjuNaHHdC17D/lSttxNREUWxOJtZogLC4HgWGpCKEzY/as4p6BPkHJoqm1d1Cq8OjyYbd5XkZPk5y1jT1UNHHbKO1ha8fGlg6wIcBydg+Fi0e4SCFyKx87mhR52bzKTqqdUTlyNM1TtFbh1jDs+cQrA0UzXK4lcgwRxewmDChqH5jYuaGymQqV2MeK4KYKARlbLwgYYsASMGQujD3NbAkulK4CzrgGS9gqEFBV5gJ3EwImNgytVg5R5a1yTA3F8hX362FLb09gZianDKvLaUPxnsqNR7n4vTqbhio0UprSSuqnx/0HbZwDRC86LkbniJW5WLbvIYEVAQKvBuSia51/KpTuMbClyZxTUKYEn9VETz6GWI5yuEp1PAy69HgtPYYd1H2FAStN+L5S+yF7eiyvJrQgIONIo4+Hm0j51c9KRmpUEFrUrolOTWqjY6Nc9G5VhD4EWb3bNMAnLWqjZ+u6aFaQhlrpCQgLCYJCaSegycLKVtRgcTqQU4XcYFqMoo5NYWirwxDGNVE2BEMcefEKT0Jh6x7oPnIhZmw8jtKD17D9zPcEWA+x9eQ9rD3+Ixp3nyR6+Vlr3QQIifojAnEGJgYuKw1bHDgJQ1MzW2mfhcYZCoIXNX1ev8T6dLzYKd2NbtdJbYr4u+L3wo70Vlw7Z42qBDzsI6b1iRXeYqKjAFsveMRAS+DEjZ85euUdXSTsG1zDpTShc3AWnIIzhdkorxx0DmTz0XgBa/aeBMOOflKDZ26Bw070dLLAkK2w0olehFwbZq5yFRFLhfgOOYIVRO/FR6wMZad3KcUYJBYzWOu8RfTKWksQrfOn4xgMDdfkEVC7hSbBMzoPAXF1EJXeEAm5xWjStRs+GjUI3cYNwZeLJuKrpZMwcOkUgqtJGLRqEoavmY6Ra2diBMHT0FUlGLpyMoaQhq2cghF0n5HLJ2LkihKCrGkEWdMJuEowbBmnCF/cxMsX5/Hy+QXSNbx6QbD14hpeP7+K3189Irh6IiJSHI3SN29+U+WgJXytCNhevLoP/OsJtv38E+oRSLW4cgfNCLCaXpb1DsASkGUMWGfl6JUxZOlThEbpQWPA+ssI1uF/H7CKSPlG0au83bIIrHJ3yZErUi2OXJFqyilCoW3lqkWQlfNnEayyd0ewsowA64004eo3I1hpb4tgGUMWQRWnCuMJpiK43orGZGPI+osI1p8BVtzcNyEr5h0RrGgjuGIFTD6IgEkHRRTrb0Ww/iZgGeBq7B8jWAF/FsEaUTGCtfftEazBfz+C5fnWCNbbAKtCBMsIsFz+VgSLwIqjWO+KYBmlBy0IjKwJmLRdjQGr7A3AeiOCpY9iyYBl2/7vpQn/IxEsiwqAZRzBMnsbYDX8NyJYdeQIllEUS8BVoaTKArJW0rgcFi5JcPAIgM47DFUJBpy512FwCiJTa8ODHdcJroRnlm80fLhpL/uAiYbWGQRYKULudLuKz77ZJZwjBBZKKDlFaKeFFU1eao07HFwC4OjiL2wYOCWoUjuLJr3WdDbORc/cnJpXDNoQIPCKPgtbV+FKLkwYNX4wsyeosnKSolc2rlLkysSKpBAF45U5WqVvzKyPYNEkamrtRGf8bqhuzasPrSXvKwFK5iJdZSJHoaQ+g+Vtct4GWxUBq0pVfTRL3+jYygAVXN8lGjlzexzRAFolt8mR+gVKtg0EGs6B4nMyiLG5JH9edvJW2LOJqJ9IC7KBqD07jvulwtY1nADKU4p8MVxxSpagzJb7S9LEbUOTs7N3lGje7UEQzO78br6JcPGKhgNNwvxdOXpE0G1JcPOKIUDSwMpaheSIYDQtrIGc+EjUzopHvaxENK2ZjHb1MtGtRQE+bl4kIliftKqLgvRYZCRFCUsEC2tbqXidm0BbSP5h5gqVbIxJ8KKwof28T4pombOHk7BW0Inv2zcqDbktu+GDod9gzLL9WH34OradfYC9537EwYuPRduc5n1mwo0+iw3BOaf+xGpIAiwFQZpSJ6UIORomLA8IujiiZUG/OW6t4+CXAL+EumJhBEcTq7F5q5U9gZ4NwbkZQbm0WIGbbTN8mdNvkR3j7YXtAhe500jHTRuQBNewmnAOqSHc2v1i6xJo1RZpQ15lqAtIEREvG/dIKAnMbFy4XU4wgV0QvbYvAbUUveRFC5YETrwKUri22zqKFbJKZ/qN033MrXVitSgDlb0LwZVrGDT0Xnhxgx09N9d1cQ9Day5013gIXy17eh0Heq+2LmzjEQmPsCz40nsM5RR+VkMUvd8R3UcNw6cTRmPgwmkET7MwrJS0ehaGk8asn4dxG+ZjzIa5GL1ulgRba2ZjeOlsjFhF8LViEoFWCY2TMXrlVNqeiKHLRqLSy+cMV2fw27MjePbLITx/dpmA6wpePT+H1y/vCauF31//gFevfxJNjqVaLX2d1pu1Wdx/8MWrW/S4i7j72wO0vX4XjQmsmhNgGeBKnyL8swjWuT+vwWr4N1OExhGsum+LYOnh6u/UYJHyCKyyd18UkFW0V1LhnkuSCLIKWLsuyQXvF5G/UxprbCN42noe2aRUAqg0UgbJEMGSIavG5grpwb8bwVr7H4hgLeeC91OIJZCqv/4c+u27jmy6PZ6AKtk4evWOCNafpQhj574livWWCFZ0hQhWKIFU2zXnhUIJpv66BusQQt9Sh/XWCNa/VYP1ZhTrLyNYFeHqHTVY74pgub0rgvUnNVhO/z9ShBzFUnNBO0FW86nHkDlsP5QETpo/SRHavTNF+PYIlvKtESwJsqwq1mH9VQ1Ws78ZwWr470WwjAGrSkXAYuUvQ6XCNTDJmkhnwNxyxw12jt6ib593SBrs6R882yzwqkCf4EQCrCi4EYS5eUXA0z9RgJWrd5yAL04Psg+Y2p7OxnnypInWihsMKwi0bNRQq92hpQlB5+QreiequbDd3kGq0aIJ3pYmSzsnHxGBMOUaKUsdFA6+MLV1Fk7lbD1QlSYnE2uepFzEZMWpvsrVFdIkKacFDXAlb1elSVRh60WPcRRF7lWEUaiZFNmS/bGEsSiPBElVjeDJGLD0wFYRtozrs8rTYFLK0FSsKpRWBrJthFT8LpmGcssbfn1OzXLtjbBl4PY53EOQi/pFuxsPut2foCJQ9LVj80tbt0jJld5OioYIwCIgEy1UdH7CX8zVJ0pqgO1F9yXwEqsmhaGplArlKJsFvR9ededIE7PGKUCkK22UNshMiEJ6XChqJEWiIC0a9TOi8X5eEjo1yET7BjXQtUURWhRloIj2x0YEwNnVTUAUpwEZrkS0Si7yZ8DitCEDHN/OhqQcMePr1rYOwo7DjkCDnd1jc4rRqu9EjFy0B2sP38SOs99j3/kfcfTqE6w4cAfNe89GeFpDeEdmCbCwc/YW0SwGE2t29+eIFkMVpw81nD50FlEeR26uHpyOkNQG9HsKgJ1nHDyj6yIk4z34JzWB1ideHMPKHP2k74PruNhCgb8XHZ1IcGG8Dbe2cSPA4ibtBFfu3ABabgTtHFoTLrSPI1jOIdnCnJRfg6NWnBbk6JeNazCBoDd9j74CnBkCrZz8hJkop/osBFBrRbSW6+uEFYWNi2iFw83PRZG8e4QAPnsCOB09v8YtQnjAmfPiEF2A8EfTeIXD1jOM7hMBt5B0Aqx8+ETnISa7IfKatkeH/v3Rb1oJBi+eg9FrlmDs+sUYtW4eRhFUjds4H5M2LcGkzUswhcaJGxZgPAHXaAKvEWu/wfA10wjIpmBE6WSRLuRo1vAVY1Hp2bO9+PXZSdIJPHq0GY9/Poznv50lwDpNoHWaYOkyfmdoEmnDBwRZj0iPDTVaUquZl/LqwSf49TeCtSdbMe7uFdS7chfvXb0tolcVI1h/Blj/nWqwGLK49qoB7Su9+wiXf3ku6elzXKmgywb9hktPfsNV2j7441MU77mMRrsvY93tR9h+/2e0239NQFat/0s1WAxX8UsluLr36wuxMnTfvZ9FFOu/ugYrhkaOXA3Ydc1gC/vlzmvwnXgA0dOP/G8N1v+BGiyGK4duW6AkaJqz55Y45q9e/4664w9DQZAkRbL+B9dgFekjWLLyl6JS7Q0wC2gGGwIBNh/1p0mM04A6jji5BcLDNxwBkcmISckXFg7so8WF6q4EVl50Vs+eV1xXpXGgs2mCKnMzK5jTRGtBYshSqXQyYHmKlKANwYGd2gW2bFJpaS3SiWq6zYYmTAsCKo7uWDJ4OEgNmc3ZmFHlLmwYqqucUM3aGdXtPUU/wcoCrsohyABCPFYjmCBYMxEwppYNRpVitZ5YOWimEsXlwlZBGIdK7uP6dKC+1urNiFV5arC8N6HF28VF8PJqQV7dyCainJISfQnpupL9qmjS5fsIGwn2dRJRO1dRnG6jkXrNidWCXtGwdA6lY+EpJmk2qjQVFgVOUNJjlBpPqDm9y4sGCEAUNhpDuk5EjQyF5goRTbJQWMswaC3StRp6DEOYWqdDXHgI4kMDkJUQgdyEUDRhI9IacWhUKwHNC9JoOxYNaDskxA82Ko1IrUmvYy2l/+h3ZM5pWfp+LFUOAqZ49aCC665sJZsFXhXn6hEiVpDq3IMRmpSL5h8PwfiVhwiwbmDPOQKsCw9x8PJjrDv2PT4avZogrBX8Y2oScATBllsnEfhba6UicSvRw0+qx1I6+0BBvzOGJLewbATEFyEkpR5cIxsiqngY0jvMQVaX+SjougR1us5DTEFPVLd2Fyk6bUCsIUqmJvjkXpgq11Bhj6EmwHHw5ebQyfCIrEWgVggPEqcGGXzsPSVjUY1IL4bCUucLC423MDK11PnQb9pbRNHYMNWKC925WJ0XXnBfRa4xpONi7cQrB91FrRbX3rENB6dz2YqDV4/aeURDS6/h6Jco2uNYc22X2ptALkTI1iMMGv8Ygr0UgtGa8KL3GZxSBzUatkH7vv3RY+w4fL3gG4xZsxRjN3yL8RsXY8LGhZhUthjTtizFjC3LMWPrCkzfvAyTNy5BycZFBFoLMHrtbIwgyBq+ejJGrCzBiOUTaByPSk9/2UpQtQc/P/kOD35cj1sP1uPx49347dl+PHu2Cy+fH8XvLy8JvX5B4EXjq5e38FK2X3gl12gJr6tXP+Dp4404cGclml+9I9TsiqSKEax/Qg0W2zSwB9aUqz/8G87xb17Gn7+P9XceG64zeOVu/b9Xg5VO2xGLj2PBhe8NTvePnr9CNt2WUDGK9X+wBotThJEzjiCB9t198txwfJacfgCvCfvLAet/a7D+82qw9HBF4JQ0eK8cdZbsV/qvuIBqrdfBoevm/5k1WG8FrOVyFKsUVbJnwIomb6XKBXaOAWKFl3dQLHzDEhAWnYn0mo2Qmd+C1Bxx6fUQGp+L6OQihMfniWiWV0AcbGy0qE7AwYBlIQOWtZUtwZQT7NVuYnUhpxDtNHSmzgaRdD92AVdrCSbUzjCnx5ty8S5NmKJexsFP1FxVV3IaxQumLBt30dakqpWDVITONVRVq/8huiQ8rkSjZAYArnXSCsPPytXYKkFJICAZjoqVg8Kvqtx+wRigjEFKL349Yd/AUbDq5m+HLBHNUkjO7GwsyvU9wu1dcoHnVKCSvbsI/DhiwsXNnC5icKpGYMKQxW7tSieCK48oKOg7MSdxo2pRqC77JClUUu2Vk2sgHUcCXGtbsXCBI4cMuSbV+X3S56ligmqiaJ/tJ0xEajY6Lg0B/iFQKOyh1XrBkcBEOK3bqeHj4Y6EsGDEBfmgVmIIaiaGITspHLkpUWhWmIrcjAT4+gfA2oaOrTDElH2weNvCRqws5OiVMP+0dRTF3Ax9Ko0rrDkdRnIgSLKk79ve2RsJOQ1Q3OkrjFq8C5tP3MXhyw+x9+KPOHTlEXad/wk9J65HQkF7+MXWhJq7D3DElEY7TsM5+gnQ4jSpSBWqObqnod+PFzyi8hCZ3QLh2e8juNEIJHVYivQPVyC/10Y0HrATLYbtQ4exxxCT9ykqW3sju/WXCE6rK6KilvR75RQ5R80YmBh07UVz6Bg4+SfBLTQH7lH58IgpFK10XAIzhMu+Na8YdPAXnmQstlrgWioFQRb7kqncQwUYibQx91K0ZRsJZ/Gb4FSxkpubswUDfRZup2PrHEBQFSl8wKx1ASKixa/vGZoN95AasOWUpBN9/+wiz3VY3JbKP07YWniF1SDArI343MZo9uEn6PzVIHw2fQpGrlyE0aUEVgRRUxiuNn+L6VuXYebW5Zi1dRWNDFkr6LZvUbJhISasW4Ax62Zi2GquzZqIoQRXw1ZOQKXHP28hsNqMuw+3E1wtxfmbc3Hn+9V4+stOAVjPfzuMVy/OkY4QdG3Gs1930HgMz1/cw8tXP5OeEGw9Jbj6GU+eX8Dt+zMw7OoONLj6I1qI6NWdt0aw/gk1WLX3X0HOnov49NRtPHn1WvQkfGmk3/9VLp6sKt5245fnaHPgGi4++c0AEL9xtGDHRWRvllOF/8U1WMnLTyJr5WnceloONdtuPUYMwVTK0v+iGqyZRxFLo//kg/io7JIURZEn+p6bL8Pn70Sw/rcG6z9Ug+VE22YEQ4PXSsedAYsjWKmD90m1WB/+D6/BKjJKEQrAIuUtRaWi9TDxrgszUws6o6aJm8BGpfVEcHwO0nKbEVTVQWRiLSRl1qXtuohNq4O4tHoIjKR/8n4JUPOZN0/qRnDFEoXuakfhgaUmgLClidWGl6ITeJmZWhKU2RF8SX3WTNlAku7HEQR2aWffJlP2/9H6CbCqzn0Wtf60zxWV2K+qavkKP+HGLnoK8rYFqpnxajodTfYaklpquFydC5rtBWxxgbEEOxJc6f2tRGsco4L2NwHLTAIxkVa0EPYM+gJ4PXxV9MriaFF1sVrMVhLbJFiroaTPWE1OC5qxnQMbgNLnZKi0Ys8qnS+UNGHaElxZqH1FnzwLpyDRrJpXoLFdAUf7GAK4t6QTHX9OtyroO7Bgk9Oq0nvnOidbmtTtCFr5u7DmPoh0jFQuEWjbbya+HDgN+flN4UAw4uoWKPzLqtNxMbewgouTA/w8XBEW4ImYUB9Eh/khKSoIdWumISE2AvZaAgMGBP58InIlfU5OiUqtXeg3RHCt4hV/dk7C3NTB2Q9aF384e4dB7egNJcGFi3cIwhNqom7rXhi9eCc2H7+DEzcf48hV0rVH2HPxJ3wxbTsyirsjubA13MKyBFxxHz47l2BRf2QpIlhOYmTbAoW9gzjGPrGFCEpqgJja3ZDZvRR59L8mp/cW5H2+HY0G7UPr0Ufw+fzr+GD4HjrmkUhu1AefTtsGS/ouzOi34hYQi6jMBtD5xYpIFqcK1QRZWu9oOAQkwzU8Wzi6e4TnwjEoDbae0QKwFDp/KXLl4CvAis1D1QTBClsuxneDlr5bC7GalI4Z/S1Y2jpL9Vj0d6DQeYuid47KWWrdBTCqHP3F6/IqR5UukD6jP1yDkoV/l09kHoFVFN0eAbVXBAFWNOx9pEibJ70/HwLA8PT6og7rg68HowlBiBUAACAASURBVN/UEoxasRDj1yxCybr5BFELMWPLtwRVBFjbVtBYimmblgnAmrZpKUEYg9gCTNjwDYavniIBVmkJjQRYd39cjev3V+H8rUU4dbWENAXnbi3ED48345enHMk6QJB1BL/+tgePn5Tix0el+OnhZvz8hPY9u4pnL+6T7uLpb+fw/eMNOHh9PNpeuYCm1+6juQGw7qDp30wR/nerweKx1p5LaHH4GroevynU5sg1rLsrRaVeymCw6vYjtDp4DR8evYEuh6+j46HrqLPrEpI2ncWwM3cN95t1+Qek61OEFb2w/qwGa/1fANbfjGBx9CpqyXF0333NMLnyZcDBmwgjYErlQvclf4xgGSDrP7EGK1akBw9h9YUfDaD3w68vkfrNd6IOi1cT/revwRr8pg+WkFEU640IllEUy1MfyTKGq7+KYP0n1mCxTtz82XDcD1x+BFuCKeMarLdHsCqkCd9Sg8WQZauvw/on1mBVBKwCPWCtQ9WEr2lyNZfMPt384eQTjuDkAmTV7YTMuh1Ro0EnUmfkNf4I6QWtEZFIZ+7+idDRGbQNTSCWNIFzStCC644IRHiit7FRw54tGjTu0NBEa88NqXmFnKUSVgQDdmotLG0kGwM+i7eyd4cdTcJcZ8OtXtjBnGuNeFWhJZuL2nugkolCas4s2ypwGxsGn6p60GJrBDakpAlMFDWz1xG3sbGwk+FKK6XlTBSiLU51uW7KODVYMf1nKtdXca0Wr1YU6T7ZB6vctqEcrIx9n7gfIfeVE/0NLWxEbRBPpGZcZ2bjJIraTZVS0192XVfY+4h0EDcMttQFCPDifoLmatnhmz6XFcGLjYbb3jjAydFLwBW7y5tUsyDIVcCBJlrvlMYIKeqJkNyeCEtrh+iU5giIrgO1dxpcYpug+4TtmE0no2OmbEeTZj3g6cnO7L4CmNi6woSOicLKCkqVDT2/DXRae/j7uCE00B8+3lK0jFcGilZBXNjPBe0EVuZWahGZUqpdSASA9HnZjV/j5gdH9yB4BETBLzwRjh4hcCTo8A9NRGJ6bTRs0xOjF27HBpq3ztz5BWfvPMOxG4+x58JPKFl9BrU7DEHt9l8iIquZiOZw9MqFQEcrIkL0e9G6iVosrslS0janEP0S6iM4tSH84urSZ26J9FYj0XjQVrSg/3vtxh5B7+lnMOCbU6jfcaTwrYqu1QEztt5FeM0uqGqqhn90HjIadENoan3ofGNhK9oShRDEEGD6REMXkCQ8shwD02BPJxp23jEEOxGwcQ6BBacIHQiuHP1EhIktM+zZ/82ZYMkjXHieiRosaw397TjAmqNvKqmdkcotmADRH0quVXSWXN45gsbScNE7jWqXULj6J8E3qhb8YvLgHpopCvq5L6LaJxEa30S4crF7XB3x/nObtUO7z/rjs6kTMGr5YoxbvRiT1i3A1A3zMWvzYszc/K2IYE3fskKkBydvXCQAa+pm2t60AOPL5mLE+ukYTnA1bNUkfLVoPCqdvTETJwmsjpwfhv1nBuHQ+Yk4fHEWrt5bQzC1DT892YEnT3fi0dMduPvwW9o/B5dvz8PN+ytx7+FO/PDzCTx8ehR3Hm3HrXsLsOTyfBRfvYcW+hThVTmC9TeL3P871WAZryLMJcjK2X0RNUjZuy7izM/PxOSkj2B1IKhK2UqQtP0CsradRybbMdB2wY6LotC95b4raLv/KjIJpnKMzEZrEWDlyiMrxxC9Ko9gseFoDqmGDFs1WOtoPynzHTVY6aRMUgaL4CpDBqzSqw8NkyunBwtKzxiK3FNIqd+eJNE2g9ZiSQxYSYveDVjvqsGKI3AyiEArfMYRZMw7jofPXhrey6rzP8CPgClKjl5FkqIJtKKmSop8I03492qwguUaLAat0HGSggmyQmhfyBhJgTJkBY2SNVKS/58AFsuP5E/X/YdI8iXQYnmzc7scyTJEr+QaLH0Uy5EBioDKkyDL7fM/r8Fyp+serH4EYn23vzOC5ULbrrSPRxfa56yPYsnpQR5daZ8NQVPemENS1PD17xJgl16Eebv1wtFdv5KQHd310vI+giwWw5WaQMuQItSnCQmq7NpvhDUBlXnLtWJUMWS1/ofWYBlFsCoJrUSlmgtoQg+Cg3sgvCPSEJFShLjsJojKaIrk/DbI4d6D9bsit+knSKzVEj7hmdB5RsGRztpttD6iaJqd202rW4p+fZwetFEyYDmIUcU+VwRMNlwzRPfj6JVSRdBjJUV32P9K5eAp+rDxMnw2BeU6KzOlBgqtrzDQrMItbqrq03IK0Y5GNGAWUGQhGWpaOwp7A+F1RfetVLm6iFRxtIjhilODXFRuSo9jEDSGJL37uJm+ibPwt1IYbuNIjYlI+amkeiOjvnvGacRyyOK6JKnQnUGOPYx4ub7kj2VrMBnl6B2LVzqyiaitc6ho1myl8xN2DZZqDxGxUnDkiu5jTxBhp3ETCwUcHVxFtJABi6OCtjb2iMvvgKwPFyK61TTEkNJblKBhlzkobDcFMfUGIbHlNExedxPr993Ht5tuYNysgyio0xnu7kGiHk7fIojhydTMHAoF13FZQq2xJ1jWCWd+cwvp8wvfL+P6KwIGaYVgoDAStXfwFasaNa5B8ApOQGhsJmJTCxCWmAtP/xhEJ+WhoH47NG3fGxO/3Y2yI9dx+vYTXL7/HBfuPcP+S48wY8N5tP9iPgpa90d28SeIzGwi0mEOXtHQeHCNFPtEeQlvKK7Dsta4ilZCvgn1CJraQkv341ZMYalJSK/TEEXvtULjLj3Qtnt/et3OqFGYR88TjNCMlli47yHyOk1AdZUv4nLbo1arwUiv9xG8o3Pl+qowAqlIOAWnwDk4U7i86wiwtAEpUDNkceTRLZwAOVSkA+08JJd9Bi+noES4BSeL92xD75ejcBbcK5J90azsRVSLzVH5d2LjHESjVF8nOcKHiVosNQGWltvxOIfR318kPV8S/CKzERRXG97htaBlqwgGLL9kuIZmwT+hLsLSG6JGw/fxfp++6D1pFEYun4MxpQsxbtUsTFnzDaaXLcL0TQRUZQRTZYsxcf1cTFg7A5M2zqfrCzCpbB4mkMasn4UhK6eg96xR6Dj0c1Tae+YL7DrVC7tP9sDeU59j1+mR2HFmEg5emI9L98pw8/stuPPjdlIZzt2ajSMXJ+PQxWk4enkGTl5biku31+Dq/fX0RW/C2avTMOLiRjS8LqUH/+k1WBV9sLhVDkNWt+M3DXDFl1OPn6EWrx7cJa0gzCOoyiexyWjypnOks0gnsGK4qiX7YOmL3JMJmuLXnTYonWGq7E24Slt3BjGlpxBLSiaYill5EtGsFQRCBFUMWRWd3DNICctPIpyAKoIUSYpfdgJ5dN8fjKBm041HiFp0THhiMWBFEDgFzzuKENbco4im6xEMTwuPIZzgKY6uGwrd/6oG6xt2c5cc3QOnHYLP5INCwQRNfjT22371jfTgRxsvGQrco+g+QQRRngRILPex++Azfr+IYDFkhf4bKUIefQmcnIbshgvJg4DJafAuIcdBu+A3ci/8Caicadvh653QDdgJB5L3UG6Xs/etcOX81U7YEwxpPt8uRhcCJ4f+BEMD6DkJlty5JY5RBMuLRhe63ZWUPu4QQgbvgUPfbfDov/MPLu7u8mhLgGT58SZYfbQJSho5auXa+00nd2cCKmcabel2884bYdFlI8w7bYTywzI4GkWx1B9xb8ENqNRyDSZtuy5V39Hv9ykBtn+fHaj0/loRweIUoR1BWPXW61CV9rGqExRZEoBZcDSKYMqcbrOr4ORuR9vm/BwdyxDVbyfB1gZYtOS2Of/QGizjFCEDVt4ygqxSKEMbwsHJE56h6fCJzIRbULpYhRWcSLCV8x4i0hrAJyILnoFJcPeLF3DF//DZHJGtFiw59UcTLkeyGLB4VCpVIipiQ4Cg5CgVTSg2Ki1UNElzDZY5QZQVN+vl9CCnELkJLk2U+sgON3Fmg85qlrbCu0rAEEONgB2ViBCZmqtEZIdruEysOUJlK1k2cO2RqTVNWjqxaosL6KVVdYo3gIhXEIoaIgEKVuJ2vWO7ieyXJBWNW4qC7aqykWi5U7nsq2Rwei9PFUrwZUaPU4oWKFzkbipgj46VlVpMruzOzZFDS5233OrGS6S4FPTZuaid63QYrLgomiUKxbnvno5TrzppYQFJpeR6KhckNB2Kgk/XILN4MJI6LkNG5+Wo8/FKNO21BjU7fYs6fbag9PDP2HXiZ2w98iOWb72FvkNWIiI2B67uwVBYacXKP1NRn2Yuiv9N5Zo5S7ZdMC2P0EmfUyH8pFgM2uzIryWgsnNij6Yg+IWlIzAiG5FJhQiPy0VsSgGyi1oiLC4LqTn1UNS4I8HOEIyeuxVlR2+ICNaV75/j0oNnOHHzKVYfvIOB3+xC7baDUbNZHwKeDwke0uHgGwePkGRx3Niwk2ux2GZB6eBBMBSD0MzmiM/rAG/6LTv6x8ElLAmRablIyalFr1+IjPxCpGbUQHRyGoFSJJIb9sS8PT8iu/UYgpRk1GjxNXLeG4Skgk4ISW0E15B0aNiIlEDKgf42nHgFYWiOaPis9k2BrVe8aJej8YyTmj5zus6bIJCAzD0kAY4BMfS+k+ERHA8tncio3TjN6QdzW7l5NX+3/B1zv036/s3os3C63poAW+UQIP7WdB4RcKATGx2vLCTYcw1IgD+d7ARF5ZEKhT2DY0A6vW6SiKz5xhWIFZgZtZuj6Ydd0atkCIYtnYqRK2dg7KqpKCmdgWkbFmDqRtK6RQTe8zFu9TSMWTURY9dMxvj10wm2ZpLmYOi3M9Fjyji0+LwXHZumqLT5+EBsOfEZNn/3ETYd64GN3w3E+u/GYd2xmdh/YQ3O3tyCMzc34fSNVTh6cSp2nhiPrccm0mMmYOvJqdh3fgoOXpxJWoSdp0vw6YUDKL7+vVR/ZQCsf2YNVkUndwYsbvq8+KYUAXrxuxQBmHble6QSOLFVQ64MWBy9yttxAZMvPsD8qz+iId2WQ/epJXRBrCSsQYD12Xe3MPfyD1h6/SEmnruPpju5UfMZqR5r4zkBV8XbLmL+pR8w8cw9tNxxWYzL6Dknn7mP2mXnkbjqVDlkyYAVS8DUYstFTKX7LKHHjjtxV9Rj9d53/Q2oYZuGSAIsdnKPXXwc3XZexTdnHmDR+e8x/Mgt1Ft9FlPosWd//BWTj9+VAOtv1mCxImcfRcSsI/h482XMPnEPc07ex8ebLsF/yiFsufqTAfTuPn2ORI5sTZPc3P0ItPIXnsCQPTfwzbG7mH70DjqvvYBgAqoggqnwSYf+FmCFkPxG70PWjKOYfug2hu+8jiaLTmHCvpuYc/Quvth8BRFjDwjA+mDVeUw7eBvTDtxGn/WXEE373Qbugr9cg8Utc7wJjFwIvornnMD4XTcwi+47aPNVZJQcxuf0mON0Zjl93y34DiSQ+0pKEzJcuX6xA2FD9mLHpYcCbH54+gKNZx2HloDJU4Ysrr/ilKEj7WM1n30CY7dew8Qd1/HB4jPwJOjS9NgiIlkMWy4kLV23+3gz8scfxoA1lzB5xw2MLLuCuiVHYduVgKnbZmjodt++O/D1mouYtfsmHvxcXn/3I72P2bSv+6Iz0HXdDOsOG+BEMNbxm5OYsPkaxm+6ivenHUdM/12Yu+eWKKptPvk7KAic9JDFoxnBVeqAvbh47xfxvEevPoJf961QvL9OQNY/tgZLH8XK/RaVapehkk9T4VekcgoQPfIq0QRr7xQEJy86K3cMFKkJNgLlRr3sq6Tl5rbcSFjtB0t7T5qA6SycV4wplMKqget+LC2VolbHhtMf3LZEJZmPKq1tRUsdXl1mxXDBrXLYdJRboQjAchKr6ky4rQs9hn2uOIUnAIZbsnD0x8xWtLphs0ZejWVCz8eeRpUrm6JyVQsRKTLhtjUcJeCVhIbUHt2mTwGyPQNDkN4Ty1RKBUpWCwoBRtXps5iaSyvlxHVzvd+VvEpPXklnaAb9Ri0WQ2F1kQYVPQn5Nr4vwQivtOO6LAY7jlooOW1k7wYFyYKLnG1doKLJ1cbeVUSFpAlYK2Rnq0OATxCcXXxgZa0W/SUZtpzcvdH84wGIzmwF24Bc5HZfguKvD6DFwL0o7rEatT5chTYjj2LbiafYe+YJ9pz6BVuPPsSEhYdR2PAjeBM4q9XSd2kuIMuo/yL3ZOQifa61UyiNPqulsGAQEGnjAI2rv4jSaNlzyzdWrEoNjMwSRrWpuU1EXV9KzcZIz2uMrLymKCzugA8+L8GAiSux6ehNGbB+w2WCrGsPf8Pe8z9h1vqL6DJoGbKa9EZq7U6Iq9kSPtE14UHwZuMeAnt39ofyETVLGq9QApkMxOW3R3LtLohMronAuAx4hycjOqEm4pPzEBOfgYjIBAI/Bp9oWLuGoN6nszFy9W2E1PgYqQ16o6jLZGQ07o/43M6IyGoB//giOIdkEqhlQ+2fBl1ApvDFYshiN3dbrzixmlDrlUAgFiciVs7+CfAOS0RofDoikrIRkZoL37BkOHkGC8ji1KktdzBgiwmVTiwOYG8xS7ULrOlvjc1IuRcn12Tx51MRtDJgOYi/v3Ax+oVnIDi6FgIIsjzDasI1KBNqAiwNQZ9vbAGdGNVHUs2GaNC6LfqWDMCwJezQTvBUOgWTCJ6mbpiHyRvmY8ra+Zi8di7GCCsG7jc4VhiNDl48Bf2/KUG3sSNQ3O0TpNQvJnjNQKV1R4Zi7eGBWH2kF1Yf/gSrD/XHyoOjsOrwTAKtRdh+din2nVuGvWcX0Q9tCtH8OGz9bgJR9BiUHhpJ9xmGsuMjCc7GYt3REnS5dBZNrt2vAFj/3Bos4whWvmj0fBnXf3lhmKAYstocuoYaOy5I0SvZByt9y3ksuFZeX7T85k9I2XQW+dsuiBqsVnuv4tzjZ6h4efbqdww+cQfJ686ISFYqjfsfPDHc/puc1tFfHjx7iVbbLyFxJTd9Pi0Uv/wkRh6/g9dyhE1/ufT4N5wiUNJfOJJVi2CM04MZy09hy81Hf3g/z1+9+XqtNl5AxFxu+vzuGqw4gquob44iiW7bfv2Pz7vrxiM8fv6KFzGKyxKCOk4Pxsw4gqDJBzH+4K0/vDZf9tx4jCS+DwGVqMWa+Nc1WIFj9+P43fJj+HuF43Li7lMcvvVzxZfCvSfPUTzvJFwJsgJkyPIavBtzDt/5w31/q/BeOy05Aw0Bkb4BtLrPNiyQH/dS/g53X/4Jjn23G6waPEgOBE9hg/Zg16Wf/vAaJwneoug2hiy33tuh/WQLAgjO1p588If78mXVsfvwIAhTdNqIeftuv3GbvgOD8SVuwB4EE4idvfP0j5/v5WvD9n0CNN0Hm2AjR66kcQNO35KO8Qv5WAxedRGVGq2CXbsN/+garEp6wCraiGphnWgyd5CsBXiFHNfYKOyg1HjRJBAAV5p8PWnSsHcOhKNHJLSu4QRXvrC08xF+U1ZsscBwxf5XNEmw2aglt87huhJeGceF1rbs7O5AE4cNLAi+uFUJR3N4lZmVrRYKldTQllf4sfEp2xdw7RIXnUvpN0up8TOvEOT+euwnRBNTNdmCgSNXVaopRCrQVKEVvkPCM4o+U1UTuZDdRI5MVX+zSN1Ebplj3KxY721l3FePi8ClRsZsLiqtGDTcLoOZmZml7DtlIeDMgj43b+sjQsKUUxhzWonaJSuOWBBUcrE2Fzyz0aqK65ecfAS0KOSm1wquwaLP7KJzQ1BYKhxoErVzDIadyh6ebl7wD/BFvy71MbRTc3zQvD4aNm+I5p+MQFHzL+HoGguHgLroO+s0Dl4kcDn1iOa8h9h58jHmrj2Pdt0mIoqgxc09DHa8KIHesyVH2sSKRCkNKkxFFUoxGmrOhA2DHYGBvVgNqnYLJDAPgRPBlXNAAjwC4gmyUgky8pBW2ErU8dUq7oKcOq2RXdgCDVp9go69xmDYjLXYcPAaTt98IgDrEgHW7Z9+w4Xvn2HDsXuYWHoWTbtPRlJhRyQSPIVnNoUXgYWGG40Hp8DeI0yAiJpgyzMyR6T4EvI7IjgmE1HJWYiMzUB0XBai6XpEeBL8CKxcfKJg4xYAXXAWWo/ZixodZyKx/peo/8l81Go1Aon1etDrvI+IzGaIznkPgckN4BldAEcCGW1QFjyiCuCXWA/eMWzZkAXHwAw4BKbCNSQDvtE14BGSCr/INAKgFEQSYMVnFiAmJRtBUQRewfR9eAUJyFJpGKQJqgiSLVVqOo4aqOg3YcVRX/oelNz5gH4LKkdfAqsw+ltMgAtBnL1HhPDsCuROC/QevMJz4Eh/p06BSVKKMCYfoUlFSMypj7ziJug9qi9GLxuHkaQJq6cRYM3AxNXTBWiVkMaumonhSwl2F47E57OGomfJIHQe+iXe69MHBW07I6ZmAcJrJCO7ZTYqlR4YTlA1CisPDcSKg/2w6sAXWLp/OJbtn4rSw3NRevQbrDs2C5uOT8e2YzOx5XAJtpLKDo/FanrsqgNfYfn+L7HiwBAsOTAWbS9fQdPr98rrr/4fqMEqkJ3cufbq05PSRKWHlyM//SLBlVGrnJztF9Bg9yU8fvFaTGR8WXv7EVIJsGoQeBXvuowHv700THT6i/GE13nfNcStOY1WdN9X8qpEfaG8/vJCnqhPPfxVFLZzFCt+xUl03HnFcJ/XFR7DF/3zrLn6ENGLjyNq0XHMOydN0q/kFkjGl9fyZPycXq94zTlEEkAlLDj+5zVYpHhS4PTDmH9aet6Xb4DhHz9zx3UXECi7uTNcve2ij7qtu/AjfMftR/ikd9Rgcb0VjZ4j9qLZktOGx7+sAKgVr1c8tlcePkMgF70TYDl+tRNfbLwsve/f//WHY8ufRf8emxOY6T7bLiJZDjTWmnxE3F+sNpWfe8nRe9D0ltKEHLlyISDz/mInvpML0I3fmx5ays78IABLny48fE1abFHxO9O/j7kEVlXbradROqYMSnpjYOPLrvM/wunjzdh7UYrOPn9Z/tr6+76U38MpAilN5zIBVppOZahCINR17inDffS1XR/MPolKjUth23bDP7cGSw9YXOheuB7mcZ/CTKEw1BExbFQjKOBGs2o6e1bau8PBPQQu3jFw9oqCnVMg/eMPgJW9rzDGNOdiXSt70Y9QRZOCFacCdV6w52JfAiVOIVrT5GHFNTz6XnWWkiklwxdPLBZ0W3UCNU7tcXE798yrYuRJxVBjppCsFxj+uFCYYYlb41SqZCK8sbi43dxScsXm9KLwwGKbBI6C8epB4YMlWSeIInQ5+iTBlNUb6T19lEYPXBytElLYiIicNX1GHs1EikwpxM/FAMU1SVyDZc62FCoCLBH5outsZWAh3Sbaxjj5iQbGIhUo2uS4CusGSxWN3KPOxpHgykFE/xTWjgJ+vD38EZFYGx4Rhahm5Ub7nBHoG4CI0HCkpUWjS8t8TB3cDW071keL94vQJL+QHhMKR/do9B63AYev/Ibd3/2AzYfuY9Ohu1i4+QIGTNmF7NyW8A8kkKbvl5tuW7I5KAGtOX0ePVjxaFx/JiDRikHcXRh+qhwIAlzD4OAZBg+uVSLI4ghWTEY9ZNbrhIL3PkWLj0aiQfsvkZLfAs27fIWuX0zDhMV7sOHANZyiE83LBFUX7v+KOwRYN396iZM3f8H6ow8wnk6YswgWU+t/hIziXoio0VIYf/rH1xMNmjlVqHYLhl9cPoFRC2Q06gHfiBrw9I2Gf0g8vPwj4ekTCnevMHqPbLDrAwuNP/xzuiOmyWgkNBiA4p5LkNdmHNIb9EN8QRcEJjVAIEFUSGoxAVZD+NJrecTVgUtkvtj2SagrehKy+ahTcDacQ7LgEpIJj7BM+EdnI4xX4NaogxpFxShq9D5q1m6E6KQseAVFw87Fl46ZC+xdfMTfGf8N6CHLWsP9FB1FIbxC7q/IBqtKrQccPMIJsOKh84qGkzd3V0il18uBT1gWnQSlQEf7nAlsfSIyEJyQh/icesht2Ahd+n+IofMHY/TSkZggR7AmrJyCcSunY8SSaRgwe5Ko0/pg2AC837sHCtu3RWZxcyTXboC4/FykNMxC3Q/rov3Alqi07MBElB6agJUHhhFUDSB9gW8JsJbsK8HyQ7MJrpZj/YlFWHOEoOoogdbhKdhyqIR+cBOw7uBorNr3JZbs+QILdw3GnD1j0OrqdTS7ZgRY/4/UYHF6MGPXBay8I0Vj9JAy/uIDpG47j8JdlwRcsYN76pZzGHzmrrhdD2KfH78tnNxZpTd/euM5Zl36HqPP3MMLo0l71Y2fELTiBGZekAFFTkdyFKrvoRs49P1Tw6TOtzXcdAEppacEYG2+9dhwG0PRwovf4+rPklXEayOA6rnnGkIXHkPtNWfx5MUrw4T6kODvmzP38UA2ItVP1t89eIqY+X9dg8WpwojZR5G75CSeviiPfJz78VfMO3XfAHH6z3qdPlPCrKMImnwIRYtPvhG5OvvDL+hM8LX7htFnottrzj2GAAKosHekCMNo2234Hsw6IkWO9NC09/ojtF9xFkduSyCjh5eLP/yKjsvPYsulh4Zjxcqb8Z2IYgUN34urD8ujjr/SZ5uy9yYufv/rG8fpGt0nYPAesXKQo1c6Aqc1px688R5O332K8CF74Uy3efTfIdKEKgKnL2X7BP0xWHfqe+y8+PCN1wz/eg8sPijD56UX33j/M3bfRMMpR7HpjOTbxl8z11gFfrYTjt23oM3sE/jleTn0bzn7AwrHHka9CUeEk3t9GsVvTX6+o9cfY+LmawbQ049jNlxB1ffWCMhSttsAxw824eqDX9+4z4I9t0Wxu6EGq9U/tAZLnyIUKwk3oGrEx6hWtYpIlVWX02Rci1ON7Qx4xZ2VVkAUt/KwcwqAvXMQ/bP3JchxQXWVi/D5seQCXZoouIkz9x10dA4W5qIW7JJN4KVU2okIF9fxiGJyc4INAhGOaCkIssztH00CgQAAIABJREFUnISJZhVTug+9Hq8YFF5O1aQok0jNWWro+RxFmpAbNrNlQ2X2w6L7/H/cvXV0VNnW9pvuxkPcveJWcXd3x5KQhAAJrgGCu1uw4O7uEggaJUGCu7s1dANNG93nfe6cq6oiffp89/vjjnFPvzXGHHvXrl27du2qZP1qzrmepwU9xsrtrVUMxPN5xl7zVhoEPprymXxqogH+u9ZqIjg7xo3yMiFQNQE9beRZuDbyUFEjMKTz1tI2gLaOoTCzVmFFcjpXNYIdVQ2ZiTKXMtvQQCgTj9QTXoN8jgxMMnscdVnWjYBFmWePUcigxFL0kLUWzzcWxr/KoqQqExJV0TQRoMXZK1U1Y+gTtFpI7ODhHQO/pAKomngSKJjDxsoRrs6esLJ1hLOHD1w8fOHvF4jQsFhaD4O5pRv8CBSKt1Wi5vYPOH3hNY6efYUDZ55g05FbmLfuHDp2GggHR2/YckM2DeLadO4Mb2oaugKQW9Zn6mTfDwHKdE1FFo6+F5oE05qGNtChz92QIM3cPghmLmEwJRhw9qEBOiEPkR0GIGtgEboWLkF0e1rvPQnDZu3A8r0XaQx+ipsvPuPx+99xTwDWb3j94+94+uE3nL33I9YcuYdRi08jpedMJPacjLiuY+ESlguH4AyYeydBnW1uTJ1g4xUNr+guCO44HP7tBqGtjo3s3LiMyLZOulZoq2cHNTNPSHwz4JUyFuE5c5HUdxWismciInMCQjuNhEdkN9j4pMDejwArqJPwIuTmeWv/jrDyJdjyaSe2CRsd52iZbINbPK2HwsojCq6BSfCLaI+olGwkEVylpXdHUvtMhMcmw5E+HxNrR2gbmdPfkjkBn63I4Cqr6whgVSZ4F1ZA/N1SI+jipZahmASiZWAJfXOCRAsP4ahgYusLDQs3cd+SoNbI0gvaZg6wcAqAA113j9BkJHTKRs/R/TBu2XjM2Twb83YuwVyCqukblmLMskUoKFqAXhOmIbNgFBK690E47e8bl4rAZHpu9wxkD8tGr6ldUbCoL8asKYTSzrMrse/CUuwhwNpVM43gahJ2EGDtPbcBB+p24PClgyi9fhKHrm7FgYvrcbRuIxH9SpSeW4KScwtxoGY6AdYkAqypWFc+G90fPvobwPpn92ApyoPtah7i1a8NDeJfaCDKOfcI0fIGd0V5MOzUHZQ1Kuu9/uUrUsruIZzAK7PyAX76o2GQK3vzCV6Hb8DnyI0mJcNTrz6KMuHdRtve0HE6nLwL252XseuRrPzIR/lIcJR87LYoE6YeuyPuK24b7ryF0foLmH3pRRMIePXld8TsvwHnLZcw7cLzJo9NPfcM2strse7GG9lgrxhY617Acf1FBPKMwq2y8P2bHiw/um+/6gKmVj8Vz2MoYrBov+cGzBbX4ry8XKeAjY1XXwtFd7ul57Dm8qsm55K15ybaTCvHwKP36o/F0JO56wZsF9XAY5lME0uRvVIAFgeXBl1p++MfGq7hfYI814W10JxUhoO35GKrdMyPv/6B6FV1aDHqJIqrGyYx/ERAErj4PPQmlqHrNnkmTH7eC8ufQmngMYw+8hfQqXkOnTGnYTetEobjzqD9msvyl2nIcDFgKUqDknENDe5XXzR8bx6//wWqBccxYMfN+uczMDlNImgrPIXbrxtKeVwObNv/GL7rWYIua640vB6da1RRLZS6H0GX1VeanH9Xuq9EoMQSDa3yS7C5WvYd4ezcb1//hOeECihlHUTFnQbg5FvkjBq0IlAyILD6LucQxuy8I7YzXCmOvfo0XRsCocblQYYsdTls/TN7sI7hG+c+aPaNkjAsFlkcLqd9qzA8pmVLdWjQwKlL/8hNbfxgSP/MeVBlbSaWUFDWtRU6PxoEDLo0mLG6uCpDF8GXGvcVsV0KN4w3V0ZLboxu3kaYJAugocfaqusKUPmWNaloO2tXfVcvnSCfOUggxLDB/UjNWnDpSkWW3eJMEwELK2WLBnlep/1aqOmLZnLOdjHgcFappfAIVBczAlndvXl99klddo6creG+KPl5sW6XhpYejIwkMDMxh8SUAMeCrWKsoKNjInSm+P2pEgxp8ZIgqQ031gsrG/bGk4gZYpyJkmUpaJBksVF6ng7PJFOVwSBLVQhdLFV9MRmgrbqxDKw0jGh/YzEDU0vXHCYmDnQODrCU2CIwvAtcQvOgbugAbRqMzSXWcJZ6IiggDNGRcQgLDEOATzj8ozKEqrl/ykAcqn2GKvpfdLTyCfafeoqth+5j7daLmLv4MPr2GIfg4EQCLF/YSYNhbusNPSNrgkgDuhaaaC2HToViv8jmCVscPQGLXD7WMrYX/XpsBM5G09ZeMZA4BsHWKRSBMVkIS+2NtG4TkD9yObIGzUNewXyMmLsb20/cRsW1NwKsnv/wO/2P+BWvPn7FG4qXdP/Wq19w7OIbbDn1DINn7EenwQvRYeB8+CUPgEdsHjwS+0KTwULiIqQcbH2S4JPYD0FZ02Ab1QttDT2gbRkIc5+OcI7pC4/kYQjImIronsVI7LMScX2WIrDTBAS1H4HAlEHwje0Dz6husCMoNZFGELQlCdiyIJCzIsCyCciElXeqKA+yETRnsCw9kggoY2HkGELLUIKbGHiEJCMouh2ikzPRKbs7MnO6oUN6Dt1Pg39YNNy8Q6EvYWscK4JAAm5NAnhN+hFBoKVuaAFV7sETgGUoAEvMkjS0hi79LTJIWTgGwkLKNj3uUGFFf3NnkT3UtXCAtWc4HPzi4OgTi7CkDOQU9MGQWWMxat4MjCiagyGz56DXxGnIGDyKYHUQQjt0R0BaJl2HTETn5iKtX1f0mNCf4GskxqwYg4nrxmHK5jGYunUslHZULyWoWk5QtQDbqqdgS+VEbK2cif0XtuLIlQM4VLcPpdfKUXqzFLvPbcSBCztw9PxalNQupSjGIXrerrOzBGCtL5+BHvfvoPMTuQbW/5IerBRaRhBAjbv5ssngX/X9T4gouyua2+MrGsqDmWcf4vPXBoja//wHhNAfBvsRFt163eQYnLnyL7mJEXXPBMgoMl4b7r9DTrmsHKXYtuzWG7jvu4aU43fqbW74Vv7qEwIJlrz2XMN0OUjxa3NfUHrpXThvv4wl1143gZrd97+H+/YrwvC56mVD/9Hbn78ieu91uBAw7ZCrvSsyYR0O3oIHbWepBum6i3BgRXYuB25uyGD5yMOVHjv7ouG4px7/AMeV5+G7/hKuv/vS5H11P3hbwJXPmjo8bARD9z78DN/VF+G16iKO3n9f/75+pmsbsf4yrAmgLFgwlGCqvgdLDlfOBFbmc6qRt+dWk+s9/cxj6E4tR9TqS/hMsKL4jDbWvYL+lHK4L6jFg0Z9ajVPPsJ6ZhUMJ5djc92r+uvxC50DN7ZrEkjNPNl0NmT6+qtiJqH1lEpojTqFM/KMmOK16kVV992B5vCTsJ5YAd0RpxC/5GI9QPJt/qnHaNm/FKfuNPTyXX72CWqDjiN1aZ3sXOT75hBUqQ4ohVKPI5h19GH96/1In6d0fLnowzpytaFX6/XH32A14gz0BspMn62GnxbbFLfDV96gDUGXwYDjqHvc4ERw5emneqmG1gRZxgNO4G2j5yluDFq+4yrRggBMI+9o/SzC7xiOaJvqP7EHiwDrW6deaP6tkjDs5RLQtwRXrFouSnDfNEeLtlrQElPMedagOVT1bejXNTfnmkFZj+BK2wot1STQMLQV+ke6hvbCV43hQ40b0bl0xn1I3O8kMlOyUiQDTdu2sllo37EKu+iTUpgyNxL95B4gbhan8+AmfAYs1r3i/quWKiy+aUEDkMxqpAUb+lIwuHCWrIW8ZKfcViaOydkYFRXuEdMWgMAlP2UOPhd+vK1G/WxI1nwyMDCGtaUFhTlsLS1hb2NLIOMMW1tHmJnawNTUHoasMM4zvgiEVDmjx5YnmjILF1HqE8bMJiIjxdeEVbrV6DqpsIEx3efryIrk/DgHA6Iq3VcneGXBUG09S+ib2MFU4gSJmT3MCfCkDp4ISewPaVg+dMzcoE+DrzEN0vbWUni7ecPRzgX2thT2XvCO6Y7xK06h7NIrnKx9jINlD7Gj9CG2HLiBtZurMGvWFowdNgcpcemwtfOAq3skbKQhMKbX02CvPHWZeTd/XqpqmnSfrp+KhvA25MylmiF95hJnGFp6wtjaCybWPrByYUVxghO3GFgTYHmHd0JoWh8k5YxClyELMWDabvQdtx4TlpRgY+kNnLn6Bvc5c/Xj73jx4Te8+fQHxVfRi/Xkw+/CPufUtQ+Yuu4cBsw+gG6jNiCk4zDE5k5EXO/50LL0EXpRVh4RcApqT4DUHcEdx8LQMxNGTnEEo13hEV+AiC7zEZ2/GFHd5yOk8yz4po6GV9JQBKYVIjB1KDxje9Nz8+Ee0RUuIVmwcI+DxCVSaEuZ0nuxCUiHtV86LLyShZm0JUGWlXcyzN3jZd6E9sEwcwqGtVsI3INjERLfHsnpXdG5Wz5y83uLSM/qigja7hUQDXMHN6jpGRGcWtL3WF+UlZXpejNMqdK15ywp/5hhWOc+LF1TJ+jT5819kMZW3rBzixCzKlX0bES5Uc2Avi8EbVYeYXD0T4RrUBICYjogMTMHmf37I71fAdrl90dSLn8WvRHbuTtFLtr1zkPmsJ7IGdcfPacPx6B5ozBhzVRM3zIXs7dT7JqNWTtmYtb2qVDaVlWM7QRZ26rnYUPZRKw7NQGby2dj3/mNKLlymOIITl4vx7HrJ7D34i6CrJ3YW7MSe6sXY//ZpThQswx7ahbTMYqwiSBrwJ1LyHzytgGw/hf0YDFghRNAlbxuKi46+85rhJy5IwyfGbAYtLg8WHTndROAKLz0TMg0RNBj577/qf4xHky5T+vxT7/VD7qKQTib4Gr9/QbAYTDKpW0eBFhjLsgyQ4qBeGrdc3jvvUaQdR3VrxsyIGdpnaUaAuixC29/avKcQRWPRHmwU8lt/NIoo3b40Qe4br6EkF3X8PBjgwJ97avP8Nx8qd4qp+jCc2y88QbRtJ+ALHkWi5euBF9pe2+IMpfiuOMrHsN8aS0y9t1q0ud178MvAqxsCbDY7FlxDf5H/p6f0jm8+UkGk4qyGcOWhMAqbtMVjDv1EJHrLsF+oRyy5IDlQoAlmVOFrVdf119DBs74dZehN7VCzB5sfD26bL8B7UllyNslyxYpPo8JpQ+gO6EMnvNr8bLR7LuqRz/CfEoFJJMrUP6goSH97tsv8hmE5TAeX4bZcvjiG5f33jeaIPGE3rvd5EqRwdIoPIl5BFSKc+L3H7f4AtoSTM09ITsGZ4i6Erw163MUa6qe1R/nOUGp2YjTcCZQm0ODwbNGZcxTt95DpV8pXCdU4NMvjYDy7Au06XUUxqzs3qME3ddcrX8NvhVsuQklAqGAKdVimwLkZhy8j+Zc+ut5FKaDTtD/hwZoe0OgxZkvRV/d7nOv0IzgiHuwVAiuOHsVO6MGdkNOoUWWDLLa/lN6sARgHce3Dl3RTEmJwEXWXyOyR1yWU9aif/aGMLR2F2ULpW++I8Ch7Zx1UeHyhRGUWQiUAId7sVT1rKBFwTPg1DTNaN2C9tMUUNVCbt/STG43wxkiWU+PbDaasLmh12/sLcj2NBzN2FBYyDXIMlYiy8XwxOVAdVPRv8RaUsI4mbYLgU/usWoha2CX9VCxMbEsa8blSi0NXSGIyhDFsx65MZ+XWlq60NU1gI6ePvR09WBhakZwZQY3R1sEerog0NsVgT4ELR4e8HD1hFTqDgcHV9jZuwnrGl0aBPl96xjZ0SBpLkQkVYSWFYEX96ppmUHbTCoU81V54NSmgZMgSp1CTUcimz3IVim6ltA2dIA+Dah6JlIY8MBqZAtziSMszB0obOHi5IvwxL7wTRgCG48kGJq50nnbCPV8fT1TCjpv/1QMLdqN0tqnOHP+OQ6XP8Tu4/ewkeBqx/5LWLfxDKZMWImxg2cgp10OrCxt4UaDs9Q9ClYOATA0dyXIM4eKhj7BlZ6YDKGmoU1Qqir6hZR1jKFh7CAGe+4NMrcPIMgiwHIOh0QaBlvPOIKsSDj6xSOyw0Chq5bRbzoKZh9GvynbMXrRIaw4eBFH6Nzuvf4ZL378Da8Ist5+lgEWlwqf//AVd17/gqvPv2D7mSdYuPc2BkzdjZSes5A9egM6DN8gmsxN7HzgGp5JrxsFB4KfsMxRcAzOhl/SQMR1nQmv+MHwTxmK4E7jEdpxPHyTh8EvuRAh7ccgLH0UfJP4WvaGc0iGaGC3828Pc7dYmBBcGToGw0hK8EQgxYBl6dtOgBUDloAsts5xiYIFvW8L11DYe4bDJzQeUakZSCWIyezWE9169ROA1T6jC0JjUuHuFwYLBw/63GxgaOUIA0upEEvlvzUuGbJGnDr9HbEmFve38cxeffqMGbB0TVyE6CjPJjR2DKQfPbZi9qkyzzo0soS5SwBsvQgsCbB8I1MRkdQB8dnZiOqcgYj0VMRktUNG/zz0GDsIg2cUYtSScRi7YhLGrp6KcetnY8L6IkzfztpZxSjayx6E8zF7z3zM2T0PSpsrFmBLZRHWnhqPVaWjsfYEl/sWYnfNehy9XIIT107h+LWTOEzre+uOURzBtspibClfiO0Vy7Dr7ErsqV2CbTUL6HkTMfLGGaQ/ZR2s5/8rerB4GV99H53ose8bld5+/PoHMmoeIrZCXh6Ua2CxyGjt+4bSzZMvvyHxzF2En7iDvJpH9dIO/6cbZ6/Cjt7Ci0ZZKu65Cjl8E34Hb+DY84ZZeT/89ocoC/oSeGWfuiegRDGIzrn8EtLtl9Hl5D3Rp6XY/uTzb4jcdx0uBFjzLjfNyo09+wS2Gy6i10m5lYr8ObPoj9plQ53Qwpp1vmFwX3DxBezWXIA/QVfj8uD88w2N6lx+i91+DVbLzmFZXdN+qFX0S5GzV9zgvv1vG+JlN8W5M2xFbSCYW3kBL+TAc/7Fp4byYHFDedBr6fkmUFTx+EdYz62GDUV1o5mNd9/9DKd5NUIHa8fVN/Wv94nOO2TpBQFYfeWZMMW5TSdw0hhzWmSxfm40mWFJ5TMxe9BsYjk2nZe9VwVw/PDzV1E+FNdVoaJf8gCaBFeWE8px/WUDHF948hFG7D9IYUjwlLasDqFF56A15ARsxpXTP9IG+F1X/RzqBGJXGqmzK0p1BdtvQSn7IEbtaSjj8S2DjseAZVRwEm1puffi6/r3/YW+Ux7jKwRgjd19p/58GbJCplajRdfDMBt8Etf+0ox/6fFHbK950eT9RU47i5Z0nBbZNDiclEmEvCAAdBx6Gi0VkPVP6sGySkOLb5UIqhp58rVShT4N5sZWrkJEspVoAG+N1sqaooylom6CVmxjQ2DQSt0MbbWtCRbMoaHNMwdNBGjx7Kg2BDXNm3O5kb38movsGPfxMGDJZA6URRM4lwC5YZ0zZgpvQbal4cZxMbuxmdwHkAGKzqGNhoQGFHMos42MuhGaq2gLsBJaVSzoKfcZbDwrUNFb1Ub49qnLgEpbH/oGJjAxMYOFmRkcbCzh7mgnzI/93Jzh5ypFgIcTIgO9ERvsj5ggP8SHBSMqJAgB3n7wdPEmwHKBjZ0rTM0cCbCsoWNAoGloC3XWtyKQEp6DmjJTawFYNFiqczaL1jlTpUn7aDKY6lvKDJyNCKyMpDCUuMLWKQjmdr6wokHU2IwzWI6wsabtNm4iHO09EBCVhaC04fCMK4BjSB60rIOhZ+GD4PYDMGP9aZScfYSTNfdxpOIBtpfcwbq917HlwFVs2VmLObO3YMSAqZg0dAbSQhNhYWwFF7dg+AQkw8k9EqZWXjAgwNPUsxTlQp6cwBk/FVVZeVCTs3cEfwYWbgRXgbDhTI+dH+w9oiEhsLL2iIGDdyxcg1KQmjcR2QPnoV2PyTSwr0evSZsxcMY2LN59jgDrJe6+/ILn738RvVfvvvwLrz7+LuI1xTMCrUff/4rz937CjvJXGFx0GH2m70HPafuRNWYbnIIy4RmTi8C0gUJk09wpAlYEnT5xfRGYOgwRnSchsvM0ROdMQ3jmRASlDkVYh9HwTy5AcLsRtG0cAtoPpWP0gLVPKiQe8bB0j4OZNAJ69H50bLxh5BQKK25uD8iEdSCFdyrtmwJb3zTaN0FoUUlcwoX+lpN3NLxD4hFCIBWb0hntO3cjuOqDLnm9kJ6Vh/jkTvAPJ3izdoaWvgkBk6UALFEa1DEVGnEaBFgikyn0sGwobOlv0hVG9Jnom7sLbSwtYyl02IeQQo0+IxUdAjIDCczdA+HonwbX4DQExRJcdeyM9H7ZyB7RCfmTMjFoTjZGLu2HqevHYc72WSjaWUSxELN2LMDUbQswefMiTNsxB7P3zsO8Q8VYVLIMRQeKMX9/MZQ2lS3AGoKrJYeHYuWxMVh/ciq2VSwlcFqH/ed34lDdXhy8sBf7zu/CztqdBFI7saWCAKtsMe23ArurVmN3bTF2srRDxQjMqNuKjKffiwxW9v+CHiyRvaq8h6m3m5b2Tr79hHAuD8qzVwxZrOLepfYRfmkEOduefBDZK5ZoWNUoI8XHuf7jL0KWQXHjmYVLbr+B16HrGC7PUileb9GN1yJ71e7EXQFVitvRZz8iYP91UR5cfbsBDn6m42YcvwsnAqzlN5qWB9nomcuDgbuvoe5dAwx+lKu6O26sw9objY719U+k0nZucPclKLvzoaGEVlj2CNK1F+HHZUJ5eZDlGa68bTju8Uc/wHn1BeFHeFteflNAR9b+W6L/ijWw3jTK7jz+8Vc8aJSJ4UG8jAApdds16MyqxLLzDbIDZ+j4dgRUijKhi7w82O/gnSbXcMLJh9CdWoGkDVfEtVCcw9Kzz0V50H/xefpn1XAOR259D8m0SqGFtV/epC4+uz//B/Er66A++jTGyPuvFEDRfu1lqI04hX67btVv/1ejmYOzTjxCRaOM1+03PwktrKjiC03OdfbxR1AtOCGU3NkqR2voSSEuyqKjvTZfb7Jv6pKLCJ1bK9tGr6N4LW52b96zBK4TK/D4+4bP7An9YzYdekqUBrX7H4fjmHJ8bCQ+e4qep9b7GNQpym43lCdZA4utclp2O4Li47KsmiJLqej36rmanR0ajrWu7CmU0vYiaGJV/baff/sTTsP+BrD+G3uwEhqpucfvQTMdZ7Ro1rxeiJOtZ1R0jGFq6yaUptk0WE1Nl6BAXwiEtm6rJ7OfUTEUjeVtCLBUte3Qlktcqtpithv3JLWmwVhkrgRctRCGw5wdU2SSuHFaNJvT8ptvW9abN38nhynFTD6ZfhWtt9YQVjNtRHO5qYAWZQ0z0WfFYPWtvF+rRSvlehmBViJzpSFmxClmwnG5q62yBjTUdaCrbQgTYwmsrCzgJrUlYHJEsLcHIv19kBwZiI5xIciID0N6XCg6xYQiLTIMqVHhSImJRGxUBPy9feFg5wIrgh6JRCoAS4tASV2XBztzYerM4Ml+dFwGFJpGFKrqRsJkW4OAimdbaupZywZRQ9ZHooHU2BEGps6woIHd1ModVg5+cHYLhRkBlrGpHSxpMLa04uAyoAfc3cMQntAP4RmT4JU2Ch6pY5E5ejtGLDiC2evLsHT7OSzhLP3qi1iw/jyWbq7B7AUHUDh4JiYPno4B2b3hauMMibkUDo7+cPdJgJdfCmwcg2DMApcEUQzMyhr6oryqwebcBIUG7NFn5gpja2+RxZLYBsDMIQCWrmzXkgxHv1S4B3eEd2QWErtNQteRa9GloBhZgxcit3Ap+kzcgGX7rqC07rVQcuem9jcEVN9/+VOUCV9/+oq3n//EC4KuZ+9/w81nP6P00lssoDGgcNEZDCg6gewxO+EenY+kfvMQlz8LXrHdCa4S4ODfAZ5RefCJ7QXvmDwEJPVHcMeRCE0fBe/YfNqWDy8K17AuFLm0rSekwRkiG2XiHAU920AxQ1HbxldksEyc+T21h1NYV0gjuop9Ga5svAmyCLSsPePofYcLsV6ePenmF43QmHZI6pCLnPx+6F8wHD37DkTHrO5I65Qr4Mtc6gUdQwnU2AZJz0yIpiprGkFdy1hkQtU46HvE6u8Ms2wRZGrrAzOCPpZPYRFSTSP2KbQRJUQ1fQI0AixTF39IAzvAPSQdQQnpSMrKQu7wHAxd3BljN+Zi+tbumLunAPP3TcHiQwuw9NAKFB9Ygbm7izF1+0JM2boIM3cTYO0n8DpSjCWlqzD/8BIsOEiAtblsGVaWEmAdKsSaE+Ow+cxM7GBoOrsBe2u3YweB1nZa3352PTZVrcOmyvXYUr4U28qXYUcl7VezGntqF2Bf7QzsqxqBldXTRPYq+/Grpkru/9AeLAasSAKs0+8+NxnUJt96hTACLEV5kGcRslVO8b2GgZgHnYK6pwKw4k7fxYNGps8//v6HUHPvUvUQ4y4/RwF7F566S3B1A0ElN3Hx+y8NA9IffyLz9H0BWNMuN80QjL/wDJ4EVzFHbuFV44wXAY7LjiuIPNhg7KwAiv7lD+G09RJyCMBEz49iVhnBmjc3sO+4ituNIKryxUdRGuQG95EVj+u3v6DjBtN2L3lpkMNl3UVkHrxVDxZ8m1j5BBrzqlB46kGTa3jj3Rf4ElhZLq7FyFOykp0CAueefSbERnseuoP+JXeRQmDlQAClP6cKuXtvNSk/9jpwR/RiuTYGrLnV2HtTBrS8H/dbsdio/rQKzK9qKLHyOXbYdBVak8ow7PC9Juc3mI7Lze3eC8+JLJziVvf8k7DJMZpYjhONvBS5cd1hRpVocN9zRQaof83Gpa+9gtVyyQSRLfr9T5G92nrhVZP9e229ATUCLOvx5cIqx5JAiyGLs1d33jR8Nx4ROLFcg9uUqvoeKsV34+Ljjyg+9VjoVolrK4f5xbRNhUDJvPC0UHAfuet2k8c5a8XN79zk/mujkt+U/ffQLPewsMx5LJ852Viq4jNdI3s6pkIPS3ynrr8TJcILDxsyhuvLnwmGV1GKAAAgAElEQVR9LHVudv9v78ESgLUbSokH8E3YMiGNIEpxzWV6TZxN0jeXiYsy2DRr1Vbo8ahrG4mZd8I8WcVIZJB42UrNFKqa1rJ+IxW2wzEQfU7N6vupZGAlyoPc2yUySypCqoDLfd/IM1aNvQCFZAQ3t4serDbCvJmhro0crFqrmRCwSETTOwMVq6YrnqsAOKE5xWDFnodtZQKnqups36MvwMrIyBQSMwmBkTmkDnYI8fVERKAf4kKCkRAehE4JYeiRnoweGSno1iEReR2SkNcxFTmpqchISkRSfDQiwsPg7xMENzc/WFk6Ql9fAj1DS5HJU2OVel1zkf1R0aDzJhhliNI1caTHzQRgcWO8JtuiEGBpsmq3iRPBjDMMTaUEWQ6iD8qIoMrJNQBOTn50ztYwNDSHsRE33DvCxs4TNva+sLP3h7NHOPzD0hGa1AehqdxTNBqB7cfDN208gjpMQVjGTERkzEBwhzECOsKS+iI2uS+6ZA1FRGgHkTHTpwFcYuUDF69YOBGk2DoT1NF9BixNei9i9qSWEXQICrlcZWrtIzJX5o4hMKH9OHtl6hBIEQwr91jYs6J4YCc4BbRDRPpQpA9ehqyCpegxmkBrwHz0Hb8W60rvouzGO9x88ROeEWBx1urdT39Q/Fkfit6sx+9+xaWHn3G07nuMWVqNgfOOo92glWg/cBFyJ+xEdLfZCM0YhaC0QQJ+glL7InNQERK6T4J/Sl94x/UgqOohwMozMldAko1PGqw8k8T+3Fdl5hoDPbsg6NoFQN8+CAb2wQRYEaKZ3d6/IxxDusApojucQrPhGNCRQK49AVYqQV0szJyCYOkSAqlHNDz8YxEclYKkjl3QJa8veg8owMChw9Fr4DCkZHQRGSx7N3/omfKPE30xm1ZN30w2S5W+nxpsi0TfF+7V478/TfrsdSWOMLNlfbEwITRqaOFF0G4r/AtbEaSxbZCGiTWM6bvi4J8qZkD6xqSjQ9du6DGmJ8as6IoZO3Mwd18mFhzqTcA0EcUHi7Dy2AqsOroay46swbx9yzFrzwLMOTgbsw/OQ9HRxQKwltDji48th9LWilVYWzoWq46MwMZTE7GtbCa2V60iuNpCoLUWmyuWYWNFMcEVQVXNWmytXoqtFUuxs3oNdlWvJ7hajn01U3Hg7FjsqRqJrSf7oN/tc8h88n2jRvd/Zg+WojzY+fwjfGwktPjut6/owP6EnLkiwEoQ/Vf3EH76Dk68aSjTPCAACSK48iu9hW1y0VHZ4P0/Ygo9N7a7HLwOt0PX4UpLvyM3kFl+H+VvZAOUoter7PUnBB2+AT/a58CThin77375iqADN+Cx5yr2PGp8fODx598wqOoRKl99arL94adfRfbKbdvlemFRBdTMv/QSOitqMbr6cZPnTKp5CgPa3unQLbxrBHFLaH/HtRfhL29y56X96guYdrZp9m3n7XcYfOI+fpDPwFRAxKLzL6AxtwopO67XZ44Uj5U/+RF2S2phUFQFfdrHuKgaTkvPYcSJB02a048/+ACbBTVwketgcXO7Pd33W36Bftk1nOvxex9gMbtamD3feNOQXbv08rPwIjQi8Npw8VX9di4tWs6ohM6EMqyXC4QqesBW1T6HUkEp2q+7IgCjfsLCmSdQGnQM/gvO4ZUcav5H3hB/jV5nwpH7UCs82SSDxWXIw9dlICiO9ad8YgQBmtawk1BhqxwKDYKtkKJaXJELoirO5dTt92jbvxRK+UewvEx+3XmyxF80uhSSE3zru+m6KBu27FGC8Fk19cruCpAKnXEWSh33YcnJx/Xb+ZhuY8vF9q4rZLMiFX1ZrAZfdfcD4mbVCsHRH740ZLCuP/uE6rsN39kv9H6lhWdEDxbPJvxH9GBxeTD1GJQce+JbJSWR/eHGdgaiVmp6BFjOaKvNMGMol09QofsMDdZQ1mJLF0eo6NHAoGUFFW0r+gVOv7xZBZwzRqKpvS1a0DG//aaF6KmSNc63lPVj8TT/NqpCFuIbeVZLMVuwwWamjWz2IMMYgVVrdTO00ZBBlazcRqFuKNTQRd8YgZiiHKjo72rdRkPocKlqGkFDw0DYyejoGhOg8Kw7C5hbmMPFxQkeHm4I8PNGmJ8PogiwGK5So0PQOSkSPQis+mW1x6CumRiUl4OC/C7ol5uF3I5pyGyXhJT4GESEhCE0KAS+Ht6wt5UK8DEwsoIWwRZntLQ5o8X9Vlxa1bGAloEdAZYMVliSgbdzz5UGG/3q2kLLyFH0XXGpkZ9rYGwnMleGNNhaWEhhbeUCEyM7mJjYiZ4sS0snODgGQEqDrqtHBDz94xEU0Rn+Ud0QmNgfwanDEdRuDAIIuAJSRsI7fjDcw/PgGtIVrqHd4RrWjUCoIyydomFiEwADcy/Yu0TAzjlKGHsbmLnDwMSZzkfWX6ZFwKilb0WA5SJkGCycwmDhGg17Ty6T0TEcAmDhwnZLQbSkcwpsD/egDghv3wfdxqxHav4MdB+xAr3GrEG/SRuw+tgdVN75gFsvuET4G8HUb3j3+U/6X/ev+njz+Q9ZyZAee/T2N/px8wWbTz7BpHXnMKz4DHpOO4qk3sWIyZ2GbhO2I6TTKJi5RBNIdUVcziiCzYHwjs6DX1weXEIyRdbJKShdaF1ZeSVDQu/dwpV1tVJF35WuXSD0CBy1rH0JskIIsCJh7BoLS79U2AVmyCArOBsOfnTdPBJh4RYPa69EIU1h6x4Be/dwuPtFISqeAKtDOrK65iOvd38BWXl9BqBTTlekdMhAcARBm4sXtI3NCJB0oKxtKHw6W6tqimZ31r5ieQYV9vZkCRT6Hpja+MDaKQROXjFwcI+CobUXVNliSc9UBJcIjaS+sPGKh0tQBryispCc2R29xwzEyKV9MH1HNuYfTMeiI9lYVFKIpUdnY93pddhcthObz+zC2uMbUXxkIeaXTEdRyVwsOLoES0vXYPnxTVh5cgOUdlUvx44zE7Dl5DhsL5+BbRUzsLWyGNsqV2PjmcXYVLYQG87MxcayudhWNRtbKmYTeK3EHs5c1WzA/tqFBFdjcKB6OHZVFGJbaR4m1ixHxtMPyHn4/B/dg5VK61wenHtPno2QDyiHX32UZa+qCK4q78kb3GWAdebtp/pB6RMNrFwWPPaqQcNJDHbyJWem9j39AQtvv8HKe29R+vKjeI5iX8X+ky+/gP+hGwg41NB/JbIyv/+JxTdeo0w+C1DROP9vQqGNBlc2dy6++gqVLxvAS/FY3dufCLJeEAj9Uf8Y3449pnMkmHrfqIz06OOvCNl+VZa9kgOWnxywJlc3teNpfPujEZDU0jnMOvsMr3/6vck+9T09rz6jiB6fUfkEq+te4oq8gV/x/h798AuC19TJ9LDk2SvOYknmVGNIyb0mxxpx7D50ppQja3vT8tqssscwJZAynV6JbZcbGuI5YzX91CMckmfBGp/3rTdfhODoE3kJU/EabIMzvuQ+Hr5v0IT6H7lu1xTaP5jAa8GZBh/Axp9T43XF67DSO+tiTS15gL2X3+CXRppiiuewbMMU2md26UMBa389VuPzU/Rl3Xr1E4Zuv4XFBFBf5OXmxo3sG6qeY97RR+L+v+QN93xNZh95IEqDf9XFevr+F3ReUgfvcRXYd0F+Df9GsJZv3ZddhhIBkUb3kn+GDla9F+FeaNuFQl1dTRgUNxfmxirQM7YRHmkMWCoUPMOPG8ybtSVg0baEqp69MCRuo2UBHWNXod6tpmkiZpm1kM8WZJkHRTBcfdtMFoq+KF7KmthbCkFRzlIJgVO54vp3bObcQgWtWFRU1Ug00avoWMr6vghMWI6hudDqkmfdWrQSmazWYmailsxGhvtYdIyhzxkfE0uYmlnBytKOwgZOTk7w8vJEWGgwQoICEOTriZiQQKTERCA1JgyZSdHI75iMAVkdMKRrBgbnpqOgWxaG9eyKkf17YkT/Xhic1wU9MtujU2oikuJiEBYUBBcnL9jYuMOMAFVHPquSm8R5Np6YJahlBnUdSzFDUIubl7mpXcNUQIumgS009O2hxdILtC6a5en5ehQGelYwNbGHGffFGdnCQNcchvQcM4Ive1sPSAlmnFwj4OEdC9/gNBq4c+Af3Q0eYVnwiegOv9heCCbYCqIITR4En8jucA/NhldEN3iFd6XIIeDKhLVLPCQ2gbBziYQ9QYeBuac4HzVNOj8da+gS2LEWmpahPQytPGBizSr/PHMuTGRx3MMyCTqSYUeDu5N/GqT+7Qji0uFFrxXfuRC9JmxDctdp6NBrGnIGz0dfAqzF+6+i4vYPuPHiZ/q7+01AFDe4c5nw3RcZaL396U/R+P760x949uF33Hn1C2rvf8Le6pdYcuA+Bs89ifie89C36Aiyx+5BYPtCgsl+cA3PRUD7IQhhcdLwbDgHZ4jSoYWHTLfK3D1BhCXBk4SA0tAxDJae8TCl965t7QdNK4Ifuh4MWBLvJFj4pRFc5cCFrpmU4IX1ryzpWNb0GAc/18EnFk6+UfAKiUVYTDIS22cit0cfDBo2AgXDR9FyOPoPGkrARaCVmYuYhHbwDCHAc/KEvrWTkGxQZpFaVW0os5k6fdY8q1DD0AL6EidZBss1HHbukbCipYljENRNHNCKfkCo0PdczYg9GV0hoe+DLcGja1gGkjv3xICxhZiwYgymbM3B3L2pWHgkHQuP9cGykzOwoXwrsdAB7KzaT8xEkHVyBRaXTsGCY1OxqLQYxcdWYvHRdVhxYh2UDpwrwr7qqQRHU7Gzcja2VzNEFWHDqUUUi7Hx9CIBWZvKirC1nB4vLyKwWoF9tcuwq3oZ9tcU4eDZKTjIAqXlI7H1xDAsLxmEvNvX0JlnE8r7r/6JPVgpNQ8RVXUPZfLyoKJBfcyNFwgvlwFWfEXDDMKQU3fqBUb/042b3v9vborX4lJi8ok7iCi5Bd8D1zH5UkPz+N8NYIrtX+VA8Nd9/tNz/g6G+PZ3SvAsHpp95A5cN9SJ5naf+hmEsv6ruF3XBcjxjZvrOf56/L/atPDtGUHb9z//u8L9390YvliqwZYV3RvpYHF50GreWZTcbZB1YFgKWnER+tMrsPJ8gx4YR8yaS7CZXQ0zgqzee2//f3qd/tM+/5Iryv/1OcdufV9fpvs/HY8zTl8a9eH93a1gxy3krL6C/ltuwHdaNbafa9pw/59uf/zNBIP/t/NR3OoV3+V9YI2fw/d7rbqCbwmKeDbhf70OVqI8uDyYROcTMh1dcrJg7+xKcKImAxRuYlbXlQkeEqB8y1klIdipJQyTebYeZ5SEJY2KLv1atoO6vp0Qw2xD+7TiJnTOXCm1wDdKzUUGq4nBcvPGNjWceWojXkMmKMpw1laUKNnDr2VbfYIrQ1k5kAb41lwe1DCTiXcKQ+IG8+GWbEZM21spa4pslSaXAXUNYGRkAom5OaxtbOHq6gYfH28E+PkgJNCXgIgb1kMQR5EcGYakiFAkhociJSIEOakx6NO5HQpyMzCkWyaGUgzr3lkEg9aA3Gz0TO+I3Hap6JiSiNjISAQFBMHZ2QuWls4wF6U9B+hzEzhDlrBEMYMaZ7CM7WnAtCSAspaBFUGWDme6aDuLdWoZ2gnA4uwVZ7H06DGJuROsrFxhauoIE1N7USo0oMdNTB1gbesJqWMAvXYIHF1C4ekXDz//JAQEtxMlw8DILgiM6orgaIINWvcJSYd3YCd4+LWDs3cipO4xcCM4cgtoD6lnAg3eUXAJaAcz60BRgtKk81HRkkCboErIBFi4yrwqrb1EPxCXCS2decZgAhzpOD4Edo5BHeEWkkUAl4uQtAGI6zwO0R0L0W/KDmQPW43E7HHI6jcL3UesxKyNZ3Hi+gdcePgZj76XNba/I5j6IODqDxlocamQQOv1j1/x+uNX0av14M3vqL7zicbvlyii/88jl1ZgSPFpdCrcgG4TdyJlwGL4pQ0Vmlh+iX1EWZAhkJvguSRo4hwDQymBk2sMJE5RkLgQUBIs6jsEwdAhlJbBArj0HcKh4xAGM78U2Ad3hlNoLpxDu8CF1h3pmnGJ0IaOa+uTBntf2scnBk4+kQRYcQiMTkG7rG7I6zcAfQmq+lEUFI7CkBFjMGBIIfJ7D0Jyh2z6fBLgHxoHN/9ImDtyX5aVmLnZVgCWRPzQYfFR4Qdq7UlAGELwmgR77zjo2/hAjb5nLdnPU9cE6sb0vZI4wJgnSLhFwCEgBVEduyF/+ABMWDYec3cNxaw9qZi7PwVFhzuh+MRIrCvfQIy0iwBrO7ZXbsH606uw7MRELCwZjQWlMzH/6CIsOrIKSwi0lA7XTiXAmkgxBTsqpxGZzcKm8hlYe2IWxXyCrGJwn9b2qhX0eDFB2CLsObsKhy9sxO6ziwnMZmB/5RyCrIXYf7YY28/Mxa6T81FUdxLpj9/UA9Y/sQcrhZaRBFi7XzSUdK5//AWJInOlCFkGq7EO1sbH7/9tIOamc85mxRCELbv7Fu//wwDJQNVYKHTlnbciexV19JaArCBaZ+Pnv97Yk3DOlZeoefP53x7b9eA9Nt1592/bH3/6FcuuvRa9VI1vd3/4BfPqXggx0r/e6t78hPRDt8SMQv+tV+Rw1aCDxX1Y0jUXMfDEfZnXYKMbw9PMs89w/uW/+/6VPfkR4RuvIGXHNVQ/+/i3IMNwwFmrmZVPhA+h3aJaYfrsVO9FKCsRWhNgHbzdcI1WnHsBq7nVkMyqwtKaBkDdduU1zGdWwbHorCgTms+owryKJ/8GIVy+XFjxFNdeNfXoe/rjr5hc+hA3X/+7d9/lF58wZN+dJuXAv7sxlFx4+hHdNl2DVuFJdNlwtUmPVeMbz0LcXPsSLlMqxazCpx/+3cvy7eff0XvTdSj3PSbkGdrKl5Lhp4VdjqIEqbgxBK2veo6J++7+m/fjwUuvMe3g/Xroa/ycVWeeIp8A7v5/OFfFjbNu+86/gs/YCnyTcUDAVRMNrP/WHqxERYlwL5Sit8GdBl13dx+0biWzf+EQ5r0KM2Z1AyHWyYKYbNXSRsVAiGCyWnlrVktvq4sWrE/F2lNsD9NC5tPXTC5UKuDqu0aefwxXQt+qpZBkYGkG9g9UeAUyXLEQKDetc78SN9GzmKmqHvsemgn7HPYv5Gxbq5Yy2xkuNYrmdToHLgeyMKieniEMDQ1hZ2sNOzsb2FpbQOrAgCWFt6cLgn09ER0SiMhAP0QzZEUGI5buxwQFUPgiJTIQ6QkR6JWRiiEEVMN7dcG4/vkY07c7RvfphpG9u2J4n+4EWZ2Rk5aChJhIRIWFw8fTDxIJw48dDAysoasvK/Fp0gDJcMUzCDmDxX01qqworsVyDNbQ0LaQzyg0F4Kd7P+oRdCqR0vOJhoY28LIhNb1rWFCS55JaEgDMGtwGdO6AYWltRtsrN1hTUtHR3cCLm+4uIdSRMDRLRxOHpFw8YqBq3cCPAI6wM23PZy8EuHoHkvbkmFPUGXvTPu6RgqhUP+YXFgwWJi6Qt3QEar02txMrcEzHC3cYGThIcQurVhIlNXL6Xn2fBzvFNh4JSAoqSdCUvshNHWg8A/sPGQ5QdZogqsl6DV5B9r1mYPswfPQa+x6jFhQim3lT3D27ic8ef9V9FtxxuoHAqsP3IslAOsPkcF6++mrKBe+/vS7ECPlrNf5hz/hNAHaVPpfPWnteRQuPYuskduR0Gs+AtsPg3dCXwKsgXAOyYVLeA6cgjNEWY9Lg0ZOkaLPiiHL0D4ERtJQ6Fj7QcvCW8CVoTSK9omCsUsMTLyS4BiSDdeIbnAKy4VrWA7s/dsJwJIGynqx7P1ShcCnW2ACfIITER7fEUmduiAjNw/devYhuBqBoaNGov+QYejRdyAysnugfXpXRMa3h7MHnYctXVcrF2gZWUFV20RmNaVtTNefAN3AApr0fTC0dIFEGiBU66V+CTBx8Ie2OX9OVmijbQQ1AnINM/q+2HsRYIXD2icRISk56D1qEEYWj8DETUMwbVcGJu+MxpQ9EZh9OBsrTs/Fhop12Fq5EZsqVmP16fkEWGOw8NgwzDs6CvNKZmBRyQpRKlTaXzOW4Goc9lRNwK7KyQRTk7HhzDRsPF2ELWXczL6SKG0VdlavFPINW8sXYhfBVsm5LSit24R9VQtwoHIFDtVswKFz22n7YZy+Uoua2zcw+sFTtCewyn7wvAGw7v+zerASqh+gHW0rfvAOqx9/j8xzjxBLUNUYsuIb+RDGld1DKEFU/rnHWHj3DdY//B7zbr9GVtWDei/CoNJbSDlzD6MvPcNSAqj1D77HCoKuyVdeoP3pe+ha+RDbHr7HVLofVnJTgJUiwo/cRMDBG8iveIiF119j9e23mHTxORKP3ha9WOxJOPbcU6yh7YuuvULe6fvw3nUVXjuvotup+6I8uPLGG4ypeYKofTfgtOUSEg/exBwCqlV0vDHVTxC2+xqkG+sQR49PrnmKFQRhcy48R8/j98RMQndh9nxFZpPzN16E7EPoRJAVS7A0q+YZll96KXSwIrdehc2yc/BaW4fBxx9gycUXmFf7HF3234J0+Xk4rzgP6bLzcFh6Du12Xsf4M4+EL2ExxZTyx8jZexPuyy/AYsFZ4UHo2sjs2akRYPGMwqCVF1FU9RSjSh9ASvcd5tfAfl4NPBefF2Kj4+j1pbTNlsDLYe5Z2FPYzTkLs+mVSFhzCROPP8R8gqrCw/fgt+ickGpwLarBCLq/gLYPPXAXHnRfe+wZOM8+iwF7bqPozBNMPvYA2ZuuCoscrVGnhVxD2urLmE7H23juJfZeeYPdl1+LRvdxh+8jbulFYZejNfyUMHvWJsiSjC1Dx1WXMe7QPTGbcPKR++i+8Rpcp1ZBveA49IadhGbBCViOKUM+bZ9x9AGmHnmAHrRuN7ZcCI4aF56C8bBTMOIYehI6g06gbZ9jCJlZg9F77mAG7T9sxy0ETquGSu9jaJlfItYnEGhNPnAPqQsuiFmELbodgffESgzffgtTaXv/DdfhS/dZyZ3tcvT7lqLjoouYTo+tK3+GHTUvsanyOeYdeYjea67CafgZNM+SyTRo5P292fN/VQ9WUqMSYcIufJN6DKq+gxEeGQMLS3sxq07fwAxG9MvXnH75GtGAbm3jLMBAWUWfHjcQulcqBD2c1WpOAMb+hMosj9BaQ2STZD1TMg8/VmnnHixWbW8hyn4ysVDOXHG5kPW2WEn9mxby0mOzNgK42JaneRttobPFhs2teZadgZWYRcWgp/D7aylKgRpCNJSNo2U+gWrQ1NSBvr4BDA0MYWxsAjMznh1oCUd7a/h7uyPEzxvhvt4I8/FAsI+rWI8LCUJCRBCiAn0RHeCLxDA/dIwPQ9d28RiY05FgKhdj+3enyMOEAT0wcWBPjOiVi8F52RjYPQc9OmegfUIcwgjO3F1dYSmxI/ixhYGRLfRZdVvfhpY02Jlw6cdOzCrU4IZ2fXtR8uSyoBotWflei/bVM5KKHiwNAixWxNcztBEZLnWegahpAi16vr6ehQiGLmP+vMwcYEifGcOXtQ2Blq07bOw9YW3nDQtbbyHz4OQZTREDG5dw2LpECjkFS4IJawIIR5cEWNgHC187J69YkaWS2HjC3i0KasZO0Ja4CRFPZZ79yOBI6xbSIFjTsUwJTsydQoTvn6MXyzEQuIWkw9o9jgb13kjrOR2B8T2RkDMO6QMWISq9EAldxqHLiFXIGbIYw+bswYRlp7Hi4HXUPvgsNK9YXPTN56/4kSCL4708kyVbyrJZvHxLwU3xj97/htp7P2HBrlsYs+wsskdsQdaI9UgftgZe8f0QkDZI9Jl5EWh5xPaAayiXCjvB1qcdTN3iYOAQAj3bIFhwc7ttMIylYdDnJnebYHosXMCVxCNBSDTY+mdAGppDkNUd0qDOwi7H1jdVeBZy6VHqnwZH33g4ByQgMLId4lI6o0NOD6GBNXDoCIwcNx4jKArHTcCQUWPRb9Aw5OT1QXKHzggMj4WbXxjBML2uhSMBLUE491/pmhE0WQpdLPYw1JNIYekUBBuCZzZ7tnEPh4GVJ3RMHNFGxwRtaP+2BPYaEkeYOgfBzi+JIDcTvcYNwtgVIzBufT9M2pqFMVviKCIwfU8KFh0txKqyeQRZy7GurJjgajIWl47GwtIhBFdDUFQyEfNL5tF+C6C0p6qAwKoQ28qGY0fZKGwpH4ctlbOwrWIBwdUS7KleQ/C1HLurlmLT6QVYf3IB9hJQldSsxemLu3C6bg+tb0JJ7Q4crytF5c061D28jxtPXuDcs9cY/Pw1Mp+8Qdb9500A65/Qg6UQG004+wChFXcRUn4XcQRW/ymDFVfeYJfDeliBJ27Dn2AqkMAqksCKZxLGEnzFnbqLSJZuOHYLvgRQbJPDwYruYbQt5OhNeHHT+6EbiOTM1VEFXNFSBEEWgZTn3mtwJ6hikdFguh9x6CZCaem1+ypcd16BG4XvnmsI3X8dofuuw4dAy2X7ZThvuywa3QPofugeeh2CL7bMkRIgudLSb/tVBNM2n21X4Eyg5bD+IqQb6uC2USY0ynD1f/Ii9N4gk2twX1cHW4Im6+UEPbR0I+jyoW0etLQnoLJcUgsrCgda91h9ER6rOC7AfeUFOBJkWS6qgWThWUgIqCwWEgwV18KZtruzPY7C6PmvXoRyoVFudDeeVQXT2VVwpHURDFnc0E4QZUxhL89cCbiSQxbDFmeyDCaXQ3dimVBwt6R9HWZXw2p6FfQJtLTHnRFLi6mVsKN9LQim9Gib5ujT0KYwoHWLyRVCcNRiUoUwe9YYcQraBFzsS6hH+7CCuzrBlD5tY6FR9iJkuxyGLJPRZwRosU2O8qDjQmyUm9zZHsds1BmYjJQZPRvQfdWBx9G63zG05kwVgZXekJMCrgwIqgyGyEK/QLZkP0L1fqVo0aMEzfKPiCZ39iDUJ/gyoFAloPqu22F82/WwUHHXoX31+h+HSo+j+C73sNDF4qUygZJ2H5mauzo91hfCqnEAACAASURBVJzgSIngpxk93pIeb05LNnlmqxz2I2SwUsDVP8WL8LvE3VBKOYq2odMhlXoiIDAGPl7+BAX0q9iIrVhshN8dD9AScweZphU3ZjNcqdOvaO6zEl57WmitrIWWrdvKZ/C1Flmpeg0tCoXkgtjGMwfZcLmlrLeqGfsBslho8zbymX/KMiPmNpoyNfa2umjdlsBOkyBOyxgt22oJyQVFEzsrsrMyu6qatvAL1NYxgIGhEcGhOczNJaIkaGFhDkc7W/h4uiIo0AcRQX6IoCXLL0Tx/QBPhPt5IMLfWzS1J0eGIDHEHx1jQ5Gfnor+OZ0wuEsnDMnNwMgeWRhBMbpXV4ztm4dRfbqjsHc3FPTojryMDmgXE0XH84OXmyukdlKYGFtAm/WsDGQ9S7pG9kLbSpOgSV3XCuoEUtqGjlDj7BUBlIG5M7TpcR2CGVboNpC4C4gR5USRBbMQPo+qWobQ0DGDLgGXvr45dHSMhSQG+wbq6JoTGNvBTOIEGwIrWwc2OPaBDcGPtTSYgCqMgCoE5g5BMLP1h5lDIK2HwMIujAAslOAqVNy3ov006NwkNr6w94yFMsGhjqUXDdZuaEvwp2fhCWN6TGLvD0NbP5g7h8OMjs99WFY0mNt7xCI4qS/84vIh9UslyOqH1J4zEJo6GB36zEPGwGLEpg9DRt+56DthG8YUH8Xi3XVYS2NAxa0PePjudwFNnK0SgPXlKz78zHD1B3748i+858zWZ4qfOLslu8/71977jJLz9CPv2GP0nXMCPWccRHTOBASkDkRU7kQk9JqDuF5FCOowTMgycPbKyidFiITy7ECGKWP7UNEYzzMItSz9aBkCE7rPEMYgZcczCAM7wz4gHS5hOXALzyF4aSf8Cp2D02Wm0P4pcPKLhw/BVXRqNtpn5CMztxdye/RFz/4F6DtgKIYMH02QNQGFo8dh+JgJ6F0wAtl5vZHbawA6ZuXDwy8C+gRYugTNGoZso2MpYEuTS3+mtqLR3djaA3ZeUZB6xEDqHQcJfZ66Ele0oR8kLVk/i5Ya9DwdUzvY+UbDN6YTugzJx4TVQzFhUx+M3ZSLoavTMGJ9MiZvz8K8g72x/NQYrCmbhVVnpmP5iXEEUyMJrAZj7uH+mHNoKIqOTKIfmVOhtLN8AHZVDMaWk3nYfLIXtpwpxNbKydhROYfAqxj7q1bg4NnlOFC9GNvOzMOqY7Ow68wigqo1KLu4A1VXD6Ly2hGcqjuAk5dP4Nztm7j69AmuPXuFa89fYNbeHWhfcxlZz98j614jyLr339+D9VezZ47EaoKqKnlw9kqRwapoyGDFld1FPC0TFHHmroArLg+KOCkLlmmIk0fsCdp2/DaiSm8jmiKGl8duywDrLxksDoasSPpDizx8U4BV2MEbCOUgwAqnZQRFOK0zXIUQXAXvk0FWGMde2kYRtPsaAnddQxBFyG5ZBNM6yzT4E2QFUATtkAffJ+BSKLn/HWApvAgVkMXhKw+f9ZeEDpbnWll4U/jIl54EV+4ccrhyWylbejYKjxW0nUDMVcDV+Qa4+huzZ2kjNXcXNn6WAxZnsRiynGndie8zXMkBS5HBsptTDXtaOs6VhQNvm1UNm5lVsKWwp3UOlmmwJuCymlYJawpbWrejsOX7BFaWBF0MWRxWFJzRsiLYspxYDgsKq4l0n9cnlMu8CBV+hARjZgRhnMViDSwLXo4pg4Sgy5SFRwmsWA9LEQxaZgxctG4y/BSMGK6GyQFLDln6ArJOiDAg2DIaIgtDWme40mW7nAHHhW0Og5YBLfXovjYBlnbf0nrQ4tDlbQRXmr0aQputcyi0+H7PoyK0OAi+FGbPqv83Zs//DT1YDFdJ3Hd1BM2CZsLU3AlSRw84OHghODASvu6+cHZ0Ew3a7m6+cHdlyQGp0HUyNrIRatLqXOYS3no6aE0gxIDDkgwsPMr6WUJDq1lrAVVK3zSDktJ3+OYbufRDa1XRV8XipTwbkTWrFBkt2axBZbRooSqU45sry3S2VDSMBMy1ptdrpaIhMlTCu1BFXs5kOxF1bQINQ1hbW8HRwQEuzs5wdHSEPa17ElgF+LjDl5Y+XBp0t0OQtytiQwIQG+qPhLAgpMVFIiM5EZkpCejaqR3yOrZHtw5pyEtvJwBrWHcCq/wcjOqZi9G9u4rl8B45GNwtE31y0pHbqSM6paQiJjwagf4hcKbrJzFjtXU7Aj4bAisboXHFqu0sAMmK7QxaGvqyZnbOUqnpWRFYOcDIwp3AyhVahlK67ywPqcgmsawDSz1wuVGbZ/FpS6ClYwpNbWMCKwn0aTA1kUgF0Bka28PCygOmFmy47Ccaok0IkNg/0tjKS+hVsZWNKUGWuQNBhYUvbfejbX4wsgmAvrk3DehSsY+lNByqJi5QM3aFmokz1FlFnKUYCNRYpd2Yj2EfCAuCNpYNsJaGwtYpDEHR2YjLHIbApJ7wjc4i4OqNkPZD6H5fpPaYjezBS5HZbzZ6j1uPmRtrsXDnJewoe4AzN97jyrOfRR8WlwIZoj7+TID15XcBWKIn66c/8PGLLLP1kYCLy4gsQnr/7S+49ep3bC17gRFLKpA/dSdS8mcigSArPm86skZvRHyfYnglDBDWQW4x3eAcmkUAFQMj52jo2gVDx5oghcLEKQJa1v7QtQ2Gnn0YDJ2iYOGZCFvf9gRUBFJBnYUVj1d0nmia5/Kga0gG3ELT4R7WAe5ByfAKSURYQgcktcsiyMpG15590G/wUAwqGI7ho8dj1PhJGDNxMsUUFI6diP5Dh6Nbn4Fo17krwmKTYefiA32JPcG4OTQNZYBlRH+Txjae9Bl4EGzZwtTOE+7+dF6suu8aBl1LD6gQZLem56jom4vsrxZBmZmDJ5wD45Bb0AvT1hViwvpeGLm6G4aszMGgZRkYtb47Zu3ri+UnhxNcTcLK0+OxpHQ4wVQhwdUwAqsCFB0eioVHJqO4ZCaUdpwaiG2nCrD1RE9sOJ6PjScGiCzWjurZOFC7BEfPLcOxs0txtHoe9lbMxMbSmdh8dBpKKpcRYG1D9dX9qLlZgnN3jqHs6hFaP4+rTx7h0tNHWF6yC5FJKUTFfZB76RrSn74luHouy2YpAOvuf28PVmPASpTDlYhGgPXXHqw4BWQxVFHEcpyWRWO4ilYEgVXUCQIrOVxFcjBYHbslIqJxBqsRYIUdlgfD1SE5XMkBi8uEIfs5ZGAlYq889hBQKYIBSw5ZgbsIoHbKgwFLQNYV+DNUKWKrLHz/A2B5/w1gea2vE+G5Th4CsC6KLJbIWgmwUoQMrkQQULlyMFTJwUrAlQKw/pLBcl7c1OyZIUu6kOGqtkkGi8NhHsfZ/whYImZXw5ZjFkeVACwRMwisZsjgisGKActqqiws5WAlQg5XnMGymFQO84mNgqGKY3xZveFzA2DJTJ85OJPFIqMm8qyVSSO4MuIYziGDKkOOYbIwGHbyPwKW3mB5MFgNkvkQcugMkEd/DhlUKQBLi6NPqRAZZR9CTUUQUGn0OgqNnvJgoOLI5yCwypNH96aQ9dcS4f//PVgEVckcuwVgcVO7YVIxAvzC4eXqQyDiBRcXf1haOcPf0w/RoRHw9Q4SgGVmZg17ezc4udCAQwDAXnjqNKizSTGDjbKaLtqo6AobHQ16jL0Km7VsK4el1kKTSgFPwlxZWQPfiayVqigLftNcGd9x1kpkr2TaVS1byjwDucdKmNuqaMqnq+uIdWU1LahpcSZNl5ay0NbRh6mpGUxMTAgGJbCz4z4rZ3h6uFK4EDz6ICo0ELFhIYiJCkVaUhw6pSYhIy0ZnTu0Q2bHNORnZaJ3l2z0yc1B/265QoJhSI9cFBJIFeZlYVy/PIzvn4/xA3pgFEHWyF70WH4W8jumisxVdHAwAnz96Lp5w87Ghc7DAXpseE0wxBIN+mbOQjxUVcdc9JGxTAM3uKvp2ojJASpi3VLM1OPgzBVnsji0jaSy+wRlWvJ+Lp6NyLMPxedCSwNTe+hzGZHXuU9LlBQtBKwZSDyFpYrwriM4MiDI4mBpBWM7zkD50yAdCCOCK10zd+ha+NHg7Uf7eNL+7jCy8hWK8JpmHgRYrtAjuDIg8DK2J6DyToZTYAe4hXSCW1AHOPskwMUnEZ5BaXD1T4ZfXHeEJ/dGZFp/JHQZg6iMQnhF5SK8/WB0GVKMQTN2oWDmTiyg/9FL9l2jcfkFSuveCsBiWGKZhg8CogiouEwo78liuZSPv8gyWzzD+OPPf9K+X/Hy41fcevkLDl14jVXHHmD8+ovIm7gTmUNXotOwVehYsBJesf3gGpGL4PZD4Z80EJYeyTCSRogyoIalP/Qd/x+2zjuuqiTb9/3uvTPT0ZxFFFBERRFEiQoCZgEJknPOOeecBURBUTHnnHPAnHPOdtu5Z3pmeu7kee/7Vu1jh7nv/fH71E7nnH12qPrWqlVrOWpDhP2NpwpUOcu+GQJYTgwe56yBmNFkN8bZ+2OmZl/OimTSDBXmwl9zdJ8okGUzQ7ZP98HWxZPpc72Z7x1MYGgMcSnppObkk5KRQ3Z+EWU1dRRXVJNTVKL5YoVFxxEQGoG7lx+OLnOwtnfE0noqRibm9NMbqc0eVAFIBwg8DTE0Z5DcwyEqcrsA1Ch5R82s52E4YRqDRk2mrzxvveR5+0SOV0FHld/WIMOxGFtOZWFiKOVrCqhYn0HByljyV8WT3B5EWmcopVuTaT2cQcfxfIGrAtqOFNB4IJ/mg2WyvZzlJ+pYdXIpK48v4b0D5wrZdjqfnd25bDuTzNbubHZfrOHA1SUcv9nFmdudnL3ewamrTRy6WM++7iXsO9PEsfOLuXh7I5fu7ebKo/3cfHKQ66KLD45y4eFZ2nasZLr0WixsZxKdFE/7zi1kXXuO78sv8Hn5pc6K9VQB1mea/J6802OdfgIsAStfzYL1P32w3vxswbr3SwvWa7x+Yb3yvPUKz1/A1c+A9fL/8cHSAdaL/z9g/QKu5r8Lz6CTLg7Wjz5Yc7ufahasnwDrHVypocHZvwQsgaqfdPxnwJpx7BEz3sGVsl79bMHSWa00wDqo049wpeknwLqvgyxluXpnvdIsWGoYUekXcKVJXloFV/bbdVJwZbftDnYKrt4B1o+y2Xxbp18A1o8hGv59iPCmTu/gSlmudNarGz8BluUvAEsbFnxnvbJ4B1fmakhxuU7/BlgduuFBs3+zYKnkzlf+bYjQdPFlnf4HXI1ruaSDq58A66LAlbJaXfw3uDJpuKCBlaaf4Oq8TjXnBbDO/z+ANbLqHCN/AVhGAlY/Qda/AVY3BiU6jSjRWbBGvAOs4e8sWEr6Be+Ur9P/hCw9BVfvAGvoT4B1kiG/gCudTvwEWIPSdFKANTBVWa10UhYsTQqu3gFW/3eApUGWgqt3gKWDrCMCWDpr1Y9wpQGWgJWmyMM/Wa96Rhyi5y+sVz87uR/8H3B14Cew+nmIcL+A1Tv9Aq40CVgpuHr/34YH9/IbBVY/yusdZHnu0eknwNqtk/suTcp69Z77If7LbRcj5xQxf64b06zsmWYznUkTrHB0mIODnQses+YT5hfAjOlzBRLGM3ToCJEBwwUWhgwz0eIwqYCYH/ccIoAzhB4qkXGPgRpgqVQeKqfebz7ur1mmVMLoX2s+WTpw+rWAlfKdUgD2v371sQZY//VBby3lzX/++me/Lc1xXTu2hyblx6USMWtDgx98LJDVW+BimIDFMDkvA4YN18fQ0EhAcBxjx41lgpkZkydPYpqd/C97a2bPcMLTwx0vkb+vDyEhoYQLQMXGRJIQG0NMeDjRAlUKrpTCfRcSLbCVEKYAK5gCAaqStDhqc1Koy0mlMjORstRYSlNiKIiPICMikIQAT4LdZzHb0Q7LieaMNRmP8chxAnyjtfAKWsoc0ScqJ2F/Fb9LX0vtoxJmq9yEfQTE+gkQ9Rs0moF64+ivnNsHm2igpaxbKoBkn0G67xqggkwKsKnZiMqKpc08VNA12EjuycB3QDdSC2CqchYO0Bv7DtLGCWRN0A076psx2MBCg6wBAlEDDCczRMV6MrKWZSt66U2h/0h7gSxr9EfpYKv/KFv6yL6h4xwYPsEZQ/OZjLSYxagJLphaLxDIUrMF/bGfHYLtzDCmeybi4BqD3fxoZgpUzfLJYIZnEn4JDXjF1OAVWYF7cC6JFZtIqd1Ny7ZbHL31HUeuf82Zu99x/+2fefb1X/lOGx783/z+T/+UUlmsZPkHnUXrD3+RbX/+pwDWP6T8u+abpYYU33z3N+4LoJ179HvWnf6MUukMhxRtY2FKB7ODy5kVWITdglSs5sXj4J2OjXs84xz8GGE5TyBqOn1GT2XYxJnoyX/TmzBDNJMRFnM1uFIytFShGDyY4BDAJJcQzKb7Y2rvpVmuLEX2c4Nwdg/D1ScG14VhBITFaLGvIuOTCI1JIFrK7Px88guLyS0oJj03j9TsbJLTMglRkBUSRqA8p3NcF2A9Vd5RWzV0O5GhhiYMMhBwHy4wPcJUi4Oly/k4WZtwYGLupAUd1R9jq9s2woweKvaawFV/fWP6jzBh+Dhz3MJ9KFyeS9m6PCq3FFG+toCM9gTSl0WStyaeih2xNBxIoXF/jgZWTfvLaTlULcDVSlf3cjac28C67tW8d+5mJ8evL2XPuUUcvtTO4SvLOH5jBafurOHsvU1cuL+OK/fXcOF2O6dvLObMjTVcuivbb67k4q3VXHu4m9tPD3Dv+T7uvNjLjSd7WLm3WSjcD1MreaG8g+jcvobVB3dTs+gom2++IPHOY3wErha++hrfV9/g+/xLfJ99ge/Tz/F5Inr8sxY+Ej18i/eDzzR5KQlgKXneU3qjyUst31WS/ffe4iWl5+03LBDIUnK/Kbqhk9t1KTW9we3aa52uvsb16iudrug0X+my0kvmX3rJvB918SVzL4jOv9ByEc4+95w5514w56xOs88+Z1b3M2ad+aWeM/P0s5918ikzfqkTT3E5/kT0FOdjTzQ5HRUdeSx6omn64cc6HXqkyenQu+WDj3AQ2HLYLzrwiGn7Huq09yFTlfY8wF5pt05T9zzULe96gN2ud+WO+9juUP5Y97Ddfl+TzbZ72Gy9h7XSlntYKcf2zXd/1qY7TBHAmrJRObyLNsm2jXeZsuEOlutF8tJarr2tadKaWzoJYFl0/ayJAlaTum7JsmjVTcyVVsq+VbeYuOKGJrNOnSYsu/6zOnQyXXpNt9wuy0uuiq5pGr/0ulaOW3xVk2nbNca2yrJobMtVzeFdJ2XhuvZu21VMFl3BpOkyoxt1Mmm8wuiGyxiLVDmq7hJGamiw5iKjai+JLmJUfQGjqgsYVulKg4rzGFZeFF1ghADVcAVU5ec16SuwKjuvSV+gSk+ASjm5Kw1TaXEKuxkqMKUnYKVKlYfwlxqcI6VokICU8slSy0Nyz8j6KQZny3L2Ga0clKl0ioEZpxiQfpIBaT+rf+o7pZwQnaRf8gn6Jh2nb+Jx+iSq8oRW9lFWqwQpf1T8cXrHHaN37M/qFfP/UfQxekYd/VmRR+kR8aNU4ud3CjvCx0qhP+qwwNZhPlIK1unDoEM6Ber0QYDI/yDvi37jd4D3/aT0VTogkHWAXystfCfv/fxK9F9e7+S5j//02Md/eOzlPz338x+eB3jP47CmXwls9XKq1nrV9lZ2GIwYg4kAgJ30jhd6+gp4BDDTwRE7CxsBEye8XKX3bWmLkcEohg1Vvj5DGTxIF4up1wB9evbXqUdfPT7pPYSPeg7S8tP1EFj4SOBLWZ9+LeD0/ofKZ6qXlnPwv95FY1cBRv9DObO/31NzZn9PC8/wMb9SUPabj36afaizZul8rXTg9bHOgX3AMPRHGGsQYzJ6LCNHjtTCLtja2ImUBWkC9tZTmOXsiMcCVwID/AkQaIyOEpiKiiI6Oor4+Dji46KJjgwnKkxgKyyE2OBADaxUGRcWRGK4AFZkEHnx4QJUcdTnplOfl05dbposC2ilxVKSGKUBVrzfAvznzcBpqvK/msQYY1MMDUwYoT+GfiqC+wBdwmuVY1A5syundpU+R+Uo1LbJPuWjNVjPlKH6pgyXxnLwcDUsaMpAlQJFxcUaaMzAwdKwDjXRwjWo79OGCt8NF/buPZR+/YbSX36rtxoylEa1r/bbBvRVgKbiaam4VZrGaVaxfvJ7g0ZOYYCRQJaaMWdgw8CRdvQ3sKW/kR2DjacxbJSd5tzeS3+CFlR2sNFkzc9H891Sfl0CJOOt5mNu44m1czBWLsECGJFMmxvFtHnRzAssxMkrgzkCWfMDsvEIKyAiZ7k2LBiZuRSfxEZS6/fSsv0Ouy+/1ZzU77z+E0+//BuPv/iLNmvwO83f6p+atUqB1e/fDQ/+8Nd/8ce//ENL9P57bQhRN3yoPqPiZ7385m9cfv5Htl/6gqX7n5Ky6CRBOWvwSlmKR9JiQvLXkbr4GJ7pK7D3zGHS7FgMpyxg8PgZWkgGZdFSQ4ODxrlow4eGAmDDzedqpdEUN8ZN88XcKVBz5h9r54mZCkkx1RtHtxDcAuNYGJJAYEQywdFJBIRGafkHw2OTSMvMITcvn9KyCsrKqyiqqBCVU1JdQ2FFFQVl5WTm5pOYmoFvcCguAlqOc+Yx0cYBA1N5NozGCWyZMUylJDK20dLlDDSahOE4OwFeB4YZT2GIkbmUExkoQKYc4gcZKDgbjcE4C1yDfUhtzKBybS1121uoWVdHyYpiClZmkbMqkoKNwVTuiqFqZxp1uwtp3FspoFXN0pPtrDm/nq2XtrPpwmbeu/l0P5cebuTY5WWcvb2Fs3e2031nBxcf7OTqo+0CTJu59mi9gNQ6zgl0Xb6/nfvPjvHo1RFuPd7B7cc7uftsFw9f7ePh653sOtOOb3wMFk5SUcnD07xqF+fv3OT4xZusWHOEc0cusmvfMVaeuUXxpWuEn71A+O17BD94SsDDFwQ+ekmQKODhMwLUtgfPCJTtQQ9fiV4T+OA1QaKA+68IvC/rd9/gf/c1Prde4CvwtvDGE9wvPmDBlccslHX/26/xu/VK2+dz86Xsfy56gff1p3jIMZ4/6QleV57iefmJSPZdesSCiw9Fj3C/oJPb+Ue4nn2Im9K5B7ifk89deMGCc09x7X6A65kHzDt9T3Rflh9pmndKtp18wJzj95h7Qsqj95h95K6sP2TOsQfMkuVZh+8y8+Bt5h6V9UN3mS2adVCV95hz+AEzD9xh5v7bzFLlvtvM2HeH6Xvu4LjzJo67bjN91y1cZN1l7x2cZNl596135W2tnLFb9smyixzrtPMW07Zex3HbDRyldNhynambruGwVa0r3WTa5uvYb7jKNNk+bZPs33hNk8Nm2bfpBlM3XMN23RU5Ru27id3661ivvsyk5WeZvOI81l2XsV0t+9dex3bNNVm/IqUc03UVm9Xy2TU3ZPkaU1ZeZqqAmPnSc5i3n2NSxwUs2s+LLjJhcTeWyy5hsfSCJvMlF7DsuCzLF7XliW3npbyobTNddAbT5m7ZdgGz1vOYNnUzruE04xrPMKH5HBMWncOk9qRs62ZswxmtNGu+wPgm5aR+CoPSwxiVH2VU5XFGV5/CpOY0Y2vPaMsjy45jXHkK44qTGJYcZUz1GcwaLzC2uptR5ScYWXqC0RVnMKk8zejyUxiVnGBMlfKdOopB0TFMBcYm1AmEFZ+QbScYL0Cmn3cEvexDmJR3YypwpjS28jwji89gVHiSMeXnMC6W7xMwGyewNkZKk9Kzsq1bdAbDfPmNMjlGWbyyjzMk7SCGuSfQSz/C4NSDDE07zLCMo+hnHmV45jEMs08wQsrhsq6ffpjhcpx+uiynHWFo8iGGpx1lhLaudIwhSQcZliTfka58rg4wMP4AA2J1Ghh/iMEJhxkYd4j+sQdl20H6RR+gb9Q+eofvoWeYgErYHnqH7dXUM2Q3PYJ3SblHyt0/6ZOgXfQIkjJQaRcf++/8SR/5iXx3/KQPfURSfrBwu6YPF+7Q9JHPTt732iba/rM8dfqNxzbdsodOv1mgSvkOz518KPrV3LV8OKuDfjPrGGyXwhRnf6ZPdWSqjS129i44TJ8uAOLAbKc5WE2exkSzSTjYOTBtih32IgdbB+ykHGMsDXHfgZoTtd7QUfRROeiUz1Nvlax4mDaTUKWo+bDHAD7WIEtPi0GlYld91GswH/YcrO3TxdbqoQUvVUFBlf+VCs2gJZVW0deVY/u76O3/8c45/keo0nIQynY1PNiv72BttqPxqLGMEhkajmLCBDOsrGywnmTF5IkW8j+scZs/R8BKoCo2jqjomHdAFUVcbAxJSYmEh4URES5wFR1JTEw0sVFhxESEEB8eSkKYKkNIjgrVHNizY0IpTIikOCmSwvgwDapKEiPJCPfV4mNF+XqIvAld4I7LNHumWExi/JjxDNc3YsjgEQKn+vTuM1SbiaksWSpSe68BauhGzQYz0kI1qJyDA4eNY5iBuQCWGUNHTNB8sXRDg2YM0JugWaD6Kw0ZK9+jCz6qhgl7ifqpGFmiQcq6JSDcb6CBll6ll/z2ABVPa8BIOd6Y3io46BAVIHSsljB4oBoyNLSkj/5EgSprkQ29h00RuJrK0LHTGTjKVps9+LGypA03Y5AcqxzjR5u7YDplLmPMZ2FiNgsLe08m2XphZuOFhYMf9jPDmbMwlVleydjPCWWefx7uAXmaP5ZbcIGokJD0xWQIWEXmrSRYlmvXXmDDqTfcePXfPP3mr7z93d95rXywftDNGlRhGv6grFV/+YdWqtRVKhCxKpUUZP3hv3X7lGVLDSt+84d/8ulv/86DL/7KoZvf0Sgd6fTW40RV72Fh1loC8zfhn7cFz5ROLXWPrUDWaPsAhlm6MmKyqxYbq8eIKfRW8DlqKoPGODHcQgBL4MpIBU919NeGO6fMDMXSOQhjK1csXXyY4x2BR3AcvmEJAkjxAlpx+IXHEhGXRGpWHhnZ+eTkmEhaYAAAIABJREFUFlJQWEJJeQXFFZUUl5ZTUFxKnqhQAKuwtII82ZaaV0BMSjohMQm4+4UybbY7Yyfbo6+Sio+2FMCyEmiyZfDIiTroMrYUKJ4sy7JuJM+hibnA1niRQJnRWDnWEmd3N6KLkilor6ZqUwe1W0WbmqnaIJC3IYmybeGU74igapdA2I4c6naV0bC3lJYj9aw5pwBrDxsv7uC9J5+e5uazbZy5tYxL97q48XgTVx7s4vaTQ9x7vpe7zzcLSK3nloDW1YfbuPX0pIBUN8/enuXZ52e4/Wwzt5+u59GbfVx9souq5YuYH5yJ1Wx5aAKLOXHxFV98+wVX790ms2Y1y7r2sP/ILo6fOc2B4xvp2l3CptPFbOhOZV13Ftsul7P9ch7bLxRx7PZ2Dt5sZ+e1Yo7eX8UJOa8zj/Zz8sEBuh9e5PqLZ1x7+ozzjx9w8OoZNp3czSK5CCnF2cwJ8sctLpig+BRyS5uoX9lJ09aVtO9dxZoTm+lS0Vb3FLPsUD7Lj2Wx/EQNGy50yW+vY/vFNtoPJFO1LZmKLdkUb8yncF2+0GslydV5lG/IomJzCksPLefc80esO7WH+u3VcmwmJZuyqNneTNeJHdRuq6V0UzH5y7LILk8nvzSboEgfZrk6sFAqpcyWJqo3LKOqvZCUwkRKGyvIykugvDSDivIsWlvqWdRYTkNlNvHyuby0KJprCyiuasTJJws73yKsvPJZEBBLXV0dyampZGUkU11dRoH0JosLMijOy6BjyWLqK+X8M+NJS4yW3rgHeVnJpCXHyfFJ+HvNI0qIPTsllsqibNITpAcrvdPMuAhZFqXEUVpUQGlxAYXyHTUlaWSnx5KblUpOdjYJKRm4LfDBzsGJ2XNmERkeRlF+FvX1VWRmpsiLUMriZauobV1K185DbNhzhCVrNpFf2URR4xoK67oISSwms6QaD/8QwuLTsZ8+i9CoNGpbVtDU0UVJfTu5FY0k5ZSSWdxARmk9WeWLaFy+Tu5xBv6x2eTVLaWgpo2Y9GIsp82SSs6G8JQCZnsH4zjfG7/oVJzd/PGJTCEoIQcXjyDGWEzD2mkexubWDBxhwnjbGVjNWMCoidbyAo6Xl9GC0WbWmiOlskyMGjsBB+e5TLCcykR5iSfZOGJpO4v45Ey6VnQSFhZDZX0LS9o7yS+qpLGtiyNnLrNq426SsssITy4kq6SW+pYO1m3ezfV793j2+jlnz19lw44DbNm1n9Pd3Zw5eYybt67z6MljXr96xuMH93jy+CHPnj+hu/s067bspLB8CfllrUQnZrGso4PlHUuYM9+NyVbT8PBaiJ+/NKAREaxsa2BRdTEdjWVsWdFEY5k8GxnxtFbl01JZwJqldRzdtYrje+TZ72pj46o21u7dRP3OZbR1NdJUX010fAJxSRnEJGUTk5qPf2Qqbv5SMUZk4RGSzkyvGKa6BjLR0VUakdna1PTeIyw16alp7RNcGGIsPX2DKQwcaUM/wyn0GmZBbz1zegyewEcDx4hM+HjgaD7qN5IPVDqZvoZ81MdQi4iuUqMMHD6BIcrBWRoyvRETMZBKUs9gopaTboDsU1LOzoOlEVZOy4Nln770VEfKuRiNVQ7G9phbzcHGfj7WdnNxcnJloqklJkajcbRzYaqAlampBXa207GzdsTWyh5TkwlMNLdluuMs5s11EziZipX5FCaMnYjtFHvGjZnAoIF6In0GScPds+dALSp6r/7DtYCialaf8q36QIBKDRWqHISf9NHjg4/6874Cq0/6aul21P/74JN+WvBPldT5Pz/ooQ0TarGvNF+sD/lf//n+u+TO7/8iTY4ubtZvlFN7z34CLIYMHzEKfX1D9IcZYGw8BrOJkwQQzbGaZI2LowuBfr4CV75ERkQKWMWTmJxEbEwMcTECWHHSyIVHEBURRqzAVmxsrABWLEkJcv8jwwmXejXMbyFRAX6kRkdQmBJPYWocZenxlKfFaeEZKtPiKRbgUr5ZKnVOmOc8fGa7MN/Rgem21tgL7JnJdTY2NmXoUEMGCegMUv4vesbakF1fLdegiRYBvecAQ7mWBvRVsKM/jkHDxjBYT6BWDRPKfR+o4ErUf9gELT+h+kw/lTpH1hUo9VIBSNUQ4NAxcpyJNnTYW8XX6jdCs2r1H6yzcKlhxL7Kv0tAq2c/Aw2ulEVL8/HSN6evwWQBqCn0GWHF4NHTGSwgoXyQeg4z56NBcp7y3PWR57L/CHNtWNFovBPjBDLMp/kyeWYY9nOjMbf1lnplhpZzcIpLEB5hRSyIqsI7rhoH12gWhBbh7JGIs3cyHlGVBKQ0EZ7fRXhOJ0lVm1i84zY7L77ltgDWi2//pgGWim/1jUj5XX33p3/ohgP/8jNUKQvWLyFLk7b+D/74Z52V63vNmvV3PpXvu/Hqz6w/+ZrKtZfIW3qUyLKtLEhaQmTFDkJLtkmbU4jFnDjGOocz1jGIERauDBTIGjjOSQDLnr7GUxmohg3VbMIp7lr+wmmusUydr5z4w7BwWojD/GDc/WPwDxeQT8iW+j6TiPgs4lNzSUzLIiU9S4Or/AJpOwsLqagqp6a2RspqymuqtPYkOyeX7Nw8TTn5haTn5hOfnkNARBwz3XywlHd51AQ1g3OyvP+2muXKxMJBYMqCQQam74YPLRgycrwmvVETtHKYwNbwsebYz5qLV0Q4AanRFHRU07RtJc07OqnbUkP5lnTKtkdQtiNSACuTKhWMdEcBLXvyWHKgkBVn2ll7TtjmzFree/n1FW6/2Mu1xyu5er+eBy87efjyEE9fn+Hxq+M8enWAB6928fjNAe692MV9gasnn1/iyRenef7VOZ59cZQ7z2X7p+c5efM8B45d4+Tl+8QUVOIeXMP+c485fescjStOcuTsfbYc3MWu48vpvnOQGy+PcunJas49LOPIzUQO3UjlyI1cjl5N5uzNVTz69BlXnh3i8M0yuu8t5cy9Ti48XM2Ju02yvo7bz6/Jud2Tc77P/TfX2X1xDfvPHOX89ats3rOduuYaUrISBGqCmO/tyQJ/fzLLhDSXL6VtzSJ2HlvCvu569l5ayv4bm9h7tZMT1zs4fqmQdYdiadyaQs3GNIpWS4O0OofcRcVkN+dSvTGH8vVxcsEFBM+2sexwK607Wqhak0teWzrNm5awYl8X5V1plKxNpGBJpDwcQubJYXh5CIS4WDJliok8ZAuoEUJeu3UxNZ0VpBVFkZYVSnlxClVlWTSUZ9MoMFOSFESC3xyK0yJZ1lZHQnoe1tMDcAyswmpuJGkpSdRVlhAd6E1LVaGm9Eh/8mJCqBPIaqksojQ9mpQQLzKjg6RiDKKmIIuyvCxpaKVCdXcm2HU6CUHe5EjPUx0X5T2HzKgAMmIFBAW4chLCSQqYR1aEJ7U50RSlRkjPNZAEf3eiw6Px8ZVKOSadtHT57bRs6hsW0doqva7KcjrapfFfvkJgsYn2jhUsX7mGspISKqub8fePJrOgkdySNtqWbyE2PomIqETyiyspKa5m284DbNyym5Vrt1Pb1Epefhkr121lceca2leuZ4mobcV6gZp2gZlVLFmxjuLaFrz8IzXwCAxXKRYi8AsMw8MnCJe5ntJrkp5TaAzTnKSRdXEjJjmXtPwK5nn4MX2WK9Oc52FtP10LhOgyx4OZM+dIA2WJwYiR9OjRR9OAAUPRG2KEyejxWFvZYTPFRqA0nLKcLGqlZ9XWuJjjB/ayfEkHuTlFLOvsYuuOrZQX5pGVkkyxVBytza1cu3ie10/u8EK0a9dO9u07yPkzx3l2/xqfP7/Hd1++5rNXj/lSnvNvRC/vXeXMsUM01DWRkVZA66LFrOpcyYm9O9iyarF2b1UwyJmOtjjZWxEVEkB9sQB7VhxrW0rZs1qgPktAvTCetYty2NFZw7rWUg5taOPmkY3yPSvZcnozTdsXsW5dPWd2r2P3+uW0t9awSIA5KyNL7lE6cYkq+F8mkQl5+IemM88rEuf5fkxWFdsYSwaPkIrLZBImk6ZhNlm2SQ9SOZ32VMlWpREcrGb36I+n18DRupliA435RBq2DwVAtMCcKgq6gIeyMPQVWOkj5VB9E2mUBayGj9WsRcP0Rsk9kkZTSxo8kiHSQPfup681nHoqeKDsVxaL4YZSmY4YKw2zsUDZJMaMt2GqAPjE8QLOJpaMk9LS0lHusS3OAvaOdtOxtbRnsoUNE6WynT/Hk5ysQny91fChNZPkWZg0UWQ+Wc5lFP37D2XgAD0GDzJggJoBp5L8SgP+o7VK54g+QABIF4T0k54q0fMgbSagGib8lcCXCkHwgQCXCkT6qw978quPdEFEf6WivasE01o8LN0Mwx+h6j/+Syflu/V+DwG43nK9+urJdTDAaNQYxowxY9y4iZiOM5NznYKNtS2engsIC/Ij0MeTYD8fggWUfHy8Zbsngb6+hAUHERkVTVhIqHTEvDUY8/NZSJDUnYlR4aTHRpMmyoyPpSgtmZL0RCpyUqjOSdWGBquzkqjJTKI6Q+eHlSt1UGKQDwFuc3F1ccLR1hbz8RMZaWiCkdFYDEeaMVjA50dH94FDjaU00RzWBypgEXBR0NRfb4yWvFdZuJTvlFpXoRx6q/AN8uz0keeop5Ksq9mGyh9LxcxSccH6qhmKKmm0ANNHArf91GzEH9PyKJ8vuU+q7Cv3QMUs6ycwpoC3z+Bx8tnx9BWA62tgTW9D3Wy54RNnazDxoZ4ZvQW+ekg5YJS1dCBsGTraHv0xdhpIjbaYJc//HIwt3XHxycU9ph732AZmB5cwO7CAhbF1eCU04Z/ShltoBTO8UvAML2KOXyazAzK0wKJJVdtJrd1Nbuthug4+4NLzP3Lr9Q9adPbPvvsbX/2gCyqqUuSoIKPfv/O7UvrhL//QQOqXsPXDX//3v8GWztolYPbfKmH0P3j7/d95/s1fufvZf9P9+E+0HXpJ1vKLxNUewSepE9foeqb65WE2Ow6TqYEMs3ATmHJDf5I7Q8xmMdh0BvoWczHQZhJ6Yuboj1diHa4RpdjNCcVlQTgLg1MIj88WZYgypR7Jks6bAqwsLbhobl6BAFa+ppLSEqprq0TV1NbVSFkj20pJTU0jOTmZjIx06cRnkC5lVIJ0FJJScPcJwGG2OxY2ThiNsWKkvO/GE6WzNMWB8VaOAlmTpDM2Rhsa1Jf3W2+UmdRNptq2/lLnDxs9EXtpFxzmL2C2jzs5dXks2irt1/ZOarbVUbk9m8od8VTsTKR6VzbVO7IEsPJp3Z1B+4FsOk82sOJ0J8uOL+O9t7+7wn0BnSdv1vLweQkv33bx9pvzvPn8Bq8+v8xLAakXX5zi7bdXpDzGk7dHefT2nMDVDZ5/eUf0lKdvX/LwzWecv/eCFy8/586jxySX5TPbN4TKtg6a1m6krKWb+w9fc6B7Dxfu7+Dem5MCad0CWZs5/TCH47cSRGmiZIGcZAGwrVx6epdrLwXc7jZz7kEH5x+t4urTlVx+UszZ+zGcvVfBhUcbufJkPxceb2H7yVZuP5LG6rNXcq5f8PTNC87eOMbqfR0klsTj7OXIjIV+eIUlEJ2dQdOKelZva2Ln2YMcu3OOXedWcORSLacuZrLzZJoAVDYNW7IpXZ9J3pJiYgqFXNfVUr2pQcApg5L1sXQeKKDzRB3lq6rJqEskuTmS2g2V1G9oJq89kbxlYRR2RJJfEUdwqCde3rOYM9ceM4tRjDYeRlRUGBXVBdKTXEBqgScZBVFU1RdQUJhKY3URdSVZZER4USRwlpsSSVZWJrazApjkFMJU71zMpntQUlJAZlIU+WkxLF9cJ5VgCNE+rtLYp1GWm86S+nJq5dwzY4MpSYtlUUURrXW1lOdnkh7tT6CrC0Huswj28SLCdz5RXjMJ95xBbnIU4X4ehPm4kRbpJ71RV4LnO0glKr3WpEhy4wKI9nMjIiScUOnZznWwJjTAh/zcHPJyS0hIyKW5fR2bdh5m6659NDY1kpaWRn1LG1kFRbh5LiSnrEkDqqKqFkrql9DSsZqM3HJWbNgsULKS1Ws3c+TUOdZu2SMwtZHmpStZs2EX67fvZ9v+Y3Ss3cbabftoX7OFttXbWLp6K6l5lZQv6qC6pZP4zGI8AiJIzCkjKiWfoOgUapd0kV+zGK/gGOZ4+OMmZWJ+JbM9ApkmL1ZIbCbufmGMlBfNZKwl0xxnMcJwHFZ2M7ARgBg70ZoxE62kcRjHyFGmDJeX0shwLAu9vEiOjyEpOoYCeeG3rJPOgMDQ/h2bOXXqOJeuXOPC+fMCVkvwlt8KDYthSeMibl6QjsrT+1y4fIl1a9dz/vwZzYJ19ugBHt+7IXD1iM9fP+Xb797y+ZsndJ88QmNNI2VlNXQu7xAYLyAyOJCUmHASQ32JFUAO95lLXIAb+XIPm8vyyIgOobUig72r61jfks+S8hQBriIObWzj8MbFbF9Zw879K+k6vZHKlWW0NuSyf20bO7ua2b9pBYd3bWZl51INnOsa2qgSiC2pbCQhowTvkDQc5wVpKS8MTeW6jLfC3Eau1fT50ot3ZOjIiVrE7Y/7juL9XiN4v48hfY0mMGj0JPrqjRe4MNXSyPToP4qPBbI+6jOM93urnHpDNcfwD3sO0kBL+dYYCWCNl56pisJtYDgBQ2NzDKWXOsbURu7RBK0BVhqiP1azhvST7+svDaqeCiQo+5XvziBpnFUwSr0hozE3s5EOzzwmTbLHwsxaoNQJ68k2uExz0oYMrSztBAqmM8dlLj6efgJlFgwfZigwNUyTAu0+fQYzQMBOQd9gLV2LMXqGZnyi+VsN1SKPq8ZcSwGjHN3VNvlvfZR/0eBR8n/1+fXH/bWwDr/5SBfp/X1ZVg7xanjrAwVqAmn/KbD1v379iebwroYE/0PFxvpND+0zv1HDksqKNswYo9Fm8j/HCtRaMNHCmimWk5lqb4ebQI6v70J5XwMIDw7Q+V75C2z5C1iFBBMi27y93PETsPL38yckMICYMAGuEOlIST2VHhdFXkoCBenJ5KcmUZCcIB0tqQuUr1VaHOWpcT9ZsQrjI8iLCyctzJ94VYd4zsN7tjPOtjZMmWiO6ZjxjDAwZpjBOIYbSQOnN06u22jt3g0YbKxZnH6cIdh3yDgGDR+PvhynLFlqZmDfQaM0MFdWpn5qSG/AGA2weg1UYDRW267S1vQaOEoDLWXd6qlATFm41HDeQOUrZyRQP0IDLzUkqCLG95LnUOWL1OBK+XbpTaDXMHP6GFrT38SR/gJY/Uba8Yn+JD5Wx6nEzkYW9FEO8UZTpMGeyvDxDow0n8kkRz/MHYIYZ+MtsCWdthkheERU4p/Yild0DQvCKqXuKcYvvp6ovNXEFm8gqmA1yRVbCEhahG9cDYVLDlO26gLrjj3l0NU3PPjizzz/+m+atemr3+ssWN+pGFd/VoD1T83H6oe/KHD6uwZP/2a50vyxdJD1p7/96510w4i64cN/aaClwjt88Yd/cu+zv7D7ytc07npAxpJugnLW45bQyvTgUsznJzFRIMt4WhAGU7wYPH4WA0yma87uKlaWoaWbZr1SDu4z/LOZFZgjbW883sGpBERmClhlEZmYQVJqDhlZBaRm5pKhwKqgkPz8QgpLyjR/q+r6Omrra6hvqqeusY4agay6hloNtkrL5JiyYgqL8ikoKCA5JZWYuATiUtLkN+KZ5xmAvaqDLKcx2tyWibYucg/mYyHv9lDpgAwyHIP+aKk/xk9hhNRZg4zGa/GzBhuZYmbrLOc+E19pH8uWVFC3aSmNO6UTv3sxdbsqtOHAuj2F1OzKp2ZnPnXb82nZncnifUksOVRE25FGFh9p4r0vf3eJT7++zKdf7eTN2xa+/m47X3x3ks++usarL87z6suzfP7tdb7+/iFf/u4Gn35zkTffPuWHvws9//EHnn72NY9evOXM+St0bdjJ8vUdNK8qpXplKu07szl4bh07jndT0HyA5ZtPc/L6Fi4/Vhav4zx+e4Zbr9bSfTdWgCqKM3fjOHU7ljO3EmV5qxD0LW68vsOlRwJVDzu4/XwD916s4dazPK498eb8gwBO3knn+J1KgaNEdp4ok3O5wUtphN588Tmv3r6V83vBNfme49eO07qlgKyWEAKz5jDNw47JjtOYIY18WrncvGVtdG5q5dj5FZzqruV4dyUr9hWwaEc61evzSZNGLKOugJqtLSza2UHLnlaqNpaS15agQVjDrlbqtwtpb0qlYXM55SuqSGsU6OkIpXh5tDREUknFBRMW6s0812lMmjIGawd7UjMyCQ2cQ3zkPLLz3CmuCiM524vc0gQaGypIjtRZIBQcxQQtkEoxiGlu8djNjWaySzDWs8PIkZ5kargvbY1VNFQUECVAlB8fTlZiNBX5OSxvrqM0PZZMeViqc5JorqmhsqSYAqkYY3xdCZjnTIS3Kz5znIhYMFOzlpWmRlEoFWXkwrkkBvsQ5etOlMBh6HxHqUxjKM+KE4BLJkd6D8oBNj0lnfBw6dnKi9Lc2k5tozTCDUtpal1Gx6pNLF+zieLiYtJSU8krqqSkppn4tCxaV28WcNogL89S2ldv4MCp03SsXMfWPftYvWY9K1dv4fj5q+w+cpJVm/cKeG1n3bYDrFi/i91Hu+lYs5WOrk0sWraG5s6N1ApUKXVt20udgFRWeSPJAk95NW0k51VRIb9T3txJVdtqsiubicksISw5n+isEgLiMnDzi9AAy9NfxVhxx3zyVIGoCRhIL0fJ2sYR43GTGD/JgXHS0BuNHMPYceZaXjVvDw/8FnpIQ+zG3JmzSEpIp23xIhbX15Mr379a/a+1W+hctZmGhnaWd21k3YZNrO3q4vKlizx5Ij3US2cFoI5y/uRBNq/p4OjebXzz9jkvH97k67cv+O8/fscXb19x4sgBtm5Yz5ZVK9i4sp289ATCFrrhI/cyauE8Da6qMmMEzn2J8vcgJzGCTe01HNrUwjoBrOxoP+ryk1hVnyffUcfmo10sOrCMtvV1dLUWs3lpLXsFsJbV5LG+vZG17c00S6XWvnQxmzdvElhWkFxJVJJAa0wOnkHJzPEMFdBaiJXjXIwFVgZJ49ljsBE91Ywtbfr9aD4WuPqw9wg+FBjoI9eut4DrxwONBDKGaxasHtLwKYuEmo6vLAvKmvWBZgUaLI2ofO7jgVqAyNEmlowZZ4Wdw3yBYg8mTZ6OsYmFBlYKpJRVREHVUFkfKKCl4lmNEhAbLmA3ymQiVtKTtbV2YMokG2ZMn8kcx5l4znXHfY4bzg6O+Lm7ESz308rSGrOxplhZWGpDW9aTbTEcLhDXbzA9e+gCePYbIIA1YDh6UjmPVNHB5bwGDxurBbTsJfCkgGGw/ngtz56WY0/+Vy9RH4EIPRNrBhioQJkjNPhSEPahigD/QW9+rfIVftJfgKu/FtX8wz5D+U3PAZq16oOesv3D3tpsROWzpWbO6amhDhX/RzoG5tIZsJD/aGVtj6WlBc7OTtKxm8cCDy883F0JEngKD48gKDiIIIGskKAADbDCQgOJiQwnPiqCTAGoDFGOwFRxVrqAVarUGakaYJVmpVGbl0NNXjblmSlUZqfK85ZMRUYCVVlJVKTHU5AQqTnBK8iK8VmA77yZLJjpjKONXFNTU83RfZiebublQLkWmu9Vv+GaherHXIS9NUvUaEzG2zJvvrdsH8WgIaO14TxdSh19bYahsnT10WYUCjwPHKMBlYIpVf6YFFrBV4/+xgJRAmKDFPCPlOfTRIP8nv2MBbTGaNaq3kMmSENrRo+h8p0jLBlo4qg5dKvhLxWWYKCo34gpmjSHdwErFfNKz8SOIcbWWlBRY3OVXFgaaecAbGZHYymgMd01Wt6RJPwiy/CNqcYrogzvyCI8wvKIyl1Jat1eEqu2kVyzm6zGI1R1XaR56w12X/yM47e+4fFXf+bz36vo7X/nze90EdwVDH0vgPW7dxYsFcX9j7+wXP37cOEvhw3/jwZYumP/9bOP1p/VcOM/tZRbn32vhgz/xK5LX9B++AWFq6+TsOgY/jlrcQqtwm5hPqbOkYy09UPfcr7m5K7gaoTAlbGdDxOdQ5g8M1zaqzicvZJFcbgFJREck0t8eiGZ+aVk5hSSlpVPVm4heflFFBQWS1lIcWkZ1XUN0i400rSogZbFzSxub2dxh7S9HctpXdJOy5I2GpqbqKhW/lmFlJWXkJWdS3J6BskZWYTGJuIyzxsLOxfMbKYz0doF21nuzPD2xNF9NmMnT8ZgjBoStGCY1CeGZlPRl7rd0NwCF2lDIwoTSa0vlPtRRElXC/Vb26ne0kL19koa9ymVUy1wVbk9j7od+TTtzqV+Rzw1O2Kp3l1C7Z4K3vv6u8t88/11vvn9QYGrLr79fh+ff3OUN18f5cmnB3n95Rm++u4m3/32Fd///iu+/OYt3/72T/zw5z9z/cFt9knD19LegXegvKjBESzbWMOxG0u4+mw1t99s5NKzXTRt2E1EzlLKGjdw4/Eabr/cxKO3J3n8uQDWy5VcuJfAuXuxnBaduRvP+fvpnH2wjUO3L3Lx6Q2BqeVcvt/EgxcbePbpNu6/qJD1uZx74Maxm5FsPRdH1wF3jl3O59aTPTx6eYNHbx7z7M1LXnz2Kc/efs7dVw85enUtG04UsGS3VBxN3rhFzcPZex4O8+fgNHsOMfGJNLaUsKy9WBr2cprXFtC0MY+lWzrIrxRaXl4sILWYZUfW0nFgDRUrmkirzxC6TRfKb6BmWydL99SydGcjea3ZRJf6kb80iqzmcGmIAijMTyMq0o8ZM2yZNsOFBf5BzJ7vgOtcZfmZTUlFBJWtEaSV+FG8qJS41BjiBYqSYwJJivTF29WRwNBopnlnMEHLvO7HtPmRUulFSi8yjprSPJIiArRhwMKUKFKiwyjPy6SqMEtbz08IojQnTaAoS6s8SzITCPeYTWyAB9GBnnjOtCNkwWwyBerqijLJjRc4TIkkLtDJmULHAAAgAElEQVSLULlOYV5zSQj1oyovg+LsdFoXtVKQV0pubhFR0RnklC6ndtFqsjLyycgsYtm6vSxbs4XlqzfR1LaC2tY2QkIjCQ1LoH7JWjo372HTvsMcPXeNfUdPsn77Xg6fucDOgyc42n1BgH0rXZv2sGXfUdERlq/bQeeGXew8dpYlq7eydtthGjvWkCI9oOySGloFXBRANQtsNXas1ixYxQ3LqBHQ6ty8WwB6DzVL15Bfv4ySRStJLq4lp7IVz+A43AOjBa6icPULxyc8kWiBrojEbNKLqpghja75FBtmSQOsP8JEGtApDB9prjXu86XSHyW9IX3pDamZSYOGGOE4bSZu89wIDY4kW3pTR/bu4cTRoyxdspwzp45Jb6uCRAG7ouqltK3YQsOiNhY1d/Do0SPefPqSy5cv8uLpA+7eOMeejat4dO0sX7y8x+dPb/PNZ4/57NldXj25o/l8qSHIK5eusLytmUjlG+PnLo2aL3HB3pRmxJATG0RtToLAcjglGbE0FqfSWJBAdWYs5RlRtLUV0XlsLeWbGlm6opIT2zsFwjo4vWcNp3etZktnHasXVwhMp9BaW06XdETal7aSlVMgPcV8eUaLCY7OJCAqWwOtqbM8GT56Ev0FbJRPwygzW0aaWjNYoEc3M0vlahvJB8oBfJA0pgbGfDJwhJak+JN+hgIdAmG99d9FQ9fXZt190muoNivM2NiMsWMsGT/BFtMJdgK4UprZa8N7VlZOsqy22TFilAUD9UZrPj0KalSSYJUgWMHWIIEdYzm/8eMtmWxupfklmU+cIgBlje1ke6bbT8fBbhquM2fj7+bKfGdnplnbYG46EbNxpppju73VVCaMMWW08TgmT7LS/J1MBShNTW1wcXZn8mQnLcL7SKOJ9FdhAgSahsnyEAVd2hCXvhYvS/3HDz4ZpIUhUIlpjeTz+qMmMXS4qfyHifQdZKD9jwHqf0hpMEal+DDRfLZ0CZ511i41W3HAsNFyzCgMx03Weuu2zq6a5dXKyprpTs64u3uwcKEv811dcXebz0IvbwGtBbLdDTdZ9/H2IFzgKi46gpiIUAGscFITYsmWzltuarJ01uJJj40hPzVFlExxmkBUVobAVZp03lLkWRMIU1astHiKUuQ45YMVE0Z2nIBadKiWizDEcwGes2cw20XFEbPCdIyZXLuxGjApQFQO6T8metYAq+9QKYdp12m8tTVzAr3p0ctQyzs4VIB1oPa50VraHAVQ2qy/oeM1Kf+rPu+G+foNmyDwpKxWAlmDpBSg+kRg6xPlOzVMlgcJeMlyn+ET6aVvrvkG9jGYTC8DgahRUxk8zoUhoo/0LeljaCPbbOlnOJlBAlb9pRxgYMlQWR4sy0NHCmwZTRbQnaxFeB8lkDXB3pOprrE4LRDIkNJhRhBzfBIJTFlEeKZ0VGo2ULT4EAVth8lq2Evh0pM0brxO+867bOt+zak7X3L/87/y5rd/0xI7K4f2L37/Ny0P4W9VOIY//UOLe6WGCX/7E2D9OCT4f34CqB/+8k5//de/QdWPflo/ApemP/9LC2D65nd/49GXf+Xs4x/oPPKa9LYLhBRvxT15CXbehYydHoGJYwhjpocwynYhRtYLNN8rY7uFmDsHYymANdUtlhk+KcwLzMI1OF3nhyp1b2HVIrIKS0nLziM7L18Dq/yCIoqKSykrK6e4SMCmpIhyAafq6gqamhqkY1cvaqKpZRFNzYsEtJaweKl06Otrqamroq6hgYrKas1fK7esCr/QWBxnzGf85GmYyns7xWEmTh7uBKQGEZjph4OPM+Pt7bSchkNGTmSUHGfu4oJbtC+RRYkkVOeTWFNKdns9hWtbKN7QJHWldNS35lO+LYvSrdmUbMkT6CqmdkcBxetjyF0dRMbaNLLX5/He99/f5LffX5EbdUIAapss7+Wzb3fy/IsDPH17k0+/esJXv30tQPUnuZF/4dO3X3Dl9h2OndtNx+oqMsrzmb7AD/s5PrSuaOfxZ1d48dVR7rxYzz2BoaO3tpBSu5UlXRe4c/cJLwXaHr/dzdMvTvPk7QluPFtC970UTt2N5owAVrfo0qM0zj/ZyK6rJzlz/yJXH7Vz6W49dx+v4/GLLgGnVgGpUM7cmcGJO9GsPupP12Fvuu/kce1hJ7efn+bG04vceXaHJ28e8fyz19x7dZ2Tt9Zx6PJyjl7fyJ5zq9l0YiOLNi8mszkL9yg3rJxtsJg2hbkLPDRgDE+KIK+hnLzKGhJzElm+t5U1p9axfP9aAS9puDe2smjPYpp3lVG1IZXSjULZ+zayZM8S0hsSCc7xJqEynNzWFBKzoomPj2DePGep8KQ36eYlDbS1VIKTcXKejLOUJdXx1K7KpXhpOWXL6onKiMA30A3PBY74LpyBr/cMQuPSmTw7lgnTgnDyzcUjKJECaTgrS4vIS44mOmABCSHeJIf5UpSVTHZiBDlJkWTGBJMaspCMxGQyUpJJiQ0j3N+DJDWkJIAVKQ1zfJgPnrOmkR0dQn5StMDUQvlcEAFzHTW4CvaYIwAXTHZ8NFXFRWQmRBDtOxe/BTPwWuBORHQOzZ17aFy6jpz8Clrb19G5djvLBbKKKxfJvvWsEshpXLyCNdv2snrzPnYcPMWh7sucu3GXPUdPs+PAcXYdOSvLZ2lZ2klZbRsbdx2mU4Bq2ZrtrBIoW7P9AG1rtrFq62Ea2tcSk5yDh18Y6QVqRkkZ6XkVFFQ3U9e+mozCGhqWrGLfifO0dm0hr7adisXrya5aQknrarJrlxKWnEdYSiEJeZWkl9ezQBs6DJJrnUlJ3RKa2wSE5EWOjUnCUeXAsrJjmMEoevYZgqODgLKbu9a7njHfUxrIcYwwNMHMbLIAsZc0RqrHn8IKAaH66np2bN3G2ZMn2bdrD+0rNlFWs5SCkiZWdm3g4b37mkP7F19+xpdfvOZ3v33Lkf07uXDsMK+f3uXTp3f46tOHPLx5nktnT1CQnU1UeDTlpdVs2bhR1gX0i9Koy4slL0HBcTjV2dFUyHOkhpiL02OoyU2iuSiZjcsq2Xqgk3Z5nrM6CljeUcbB9W0c3tzB3rWLOS6gdffCPu5cPMj6ZbWs62hg6+rFtNQVERMZRlxcolaJVVbXyXWv0CYeRKWWSmclgEn2c+Rdcsd2hifmNtKrHaPizUzUIm33GmjMr/sM5UOBjB79hwuIGTFghDE9FXCoBL5DTTSpNCm9+4/Syk9662mANd1pDtOmzpJrPg/LKU5MFLCyEDk5zsV5+mxmz3Jj/jxPJk1yYKQAsMFIC4xNbTULiZGRGSZyHgpuevbVY5j+KKYKSDlNc2aypY18xlpzvJ5qO5Vp9lLJmlloM+5mOTrjINumWk9lhvy+y/RZ8lszmTtjFp7uPhpIz54xlzlzvfDyDMNtvh8WFlO13zI2NqevgIIa0lJJhocbClAYTtSivA8QsOgr/1NBpOb/M9RYG+ocaz4NfeOJTJ46m9ETbOT8bRhvNV2uoYWAwmgGGoyjt1yLD/ro8Rs1K1Hl6xsi16i/Hn2GGAjcCoTKszfeXADSygZHOX9XeT7nuwpICVC5ui7A22uhQJUbrvMFrHx88ff3ZaGnO75eCwj29yE82P8nyIoKCyImLJiEiBCtw5YUKbAUJeAk8FWQlEiOGjZMiCEvUTpwyk0hIUpzbk+Xjl6afCZZPhsj3x/hpzqI85kzw1nquqlYTZHrPUEaNGVxU1Pkhyq/KOXoLtCkhgoH6eC4T199PvpwkDTWdrhIPdWn3ygG65sKhI5HT66lmsgwxFAAR6Sm5KsYVkOMLDVH8/6GFvTVnyDQrqxbpvRWQ3pqOFql3lH5DQWyPlKTKpQf4HAzPpZ9n+iZa5YpFalcCz8w1omeBtb0ErBSs+X6GFjRUyDsk8FjtUjyfQTQ+qmYWSpelpR6ch4jTGwxGC8Nur07dvNisBWospwVymRHbxxdvJku74bzTC98gjKISG0gpWwVFW0HWbz+Ist33GPN4Wds7X7Bydtfc+3Z73ny5V949e1f+fL3ujhW3//5XxpIffuHf/KdFu/q7++iuOtmEv7xv//Bn37yt/o/P/te/fl/86e/CEz95J8lUPVvPlnvQOwX1q/fyW99/oe/8+Srv7H/xrc07rhPXMMRFqS0M9WvgIlz4gSuQjG08WGkrbdmuRrnFMZ4pxAmOAUzZV4Ujl5JzPBNZZZoQVgmyYW1ZJfVkVdeo80IzMrOISMjjby8bAqVU3tFuaiSiuoqamqraGxRYFVLvUBUc3MDLa2LWNzWypIlbbS2NtPa0iLbWmhc1KANJ9bW11Ml9VJ5bQMF5VWkZxfg4RsqdZILU2fPZm7QQoIyAklriSKpOZTAfF+cfd0Yb2uHoflkxtk7YyfP6oIoX4JyYwkvSSeuqYSU5dWkd9WQs6aawg3FZK9LI0tAKmt9FoUqVta2fHJWxhDb4kn44gDilqfy3u/+cI3f/f4s3/9wRtQtN+0yL7+6yrd//I4//uMfAld/FMhSeY/e8kxg68HT45w4vYFnz6/y9PVZUsvysJzhi1dICueud/P2uxe8+fYKj96s5+nn+zgkMBOcsZYrd7/nkTQOD15d5LPvL/H8q24efnqAy48aOH0/h9P3MgWuMrnwIIZrT7K5+KRLAGs/x24d48LtRZy51iCQtZPbT5YJNNXx9LNSrj9NELqPZMUhd7acTRAYq+PWs53cfXWFm09Pcf3RGe48v8LdZ2e5eG8bp25t5PDldZy/f5rzd09z8eF1AbRTbJJGpnJ1MRFFHnjG2BGU5IxH8FymOs4gKasYDx9vkrKlkdy5gua1TXTs6GDr2W3svb6Xw7eOcODWHlq2K3rNo3xjO1Xrmkiuiyc015eANA9KFueRKY1aXHw4YVJhzZ47lwnjTQSupAJ0ssXG3hxrazNSlWVhXR1FnTWUriwjvjycuNwQQkLn4zTTHHcPZ3zCEpjgEIitdz4O8oC7uC4kLjKQbOlNpkcHEeE9h0ifeRRJb7KiIJP4YG+iBaSUj1WUv5c0yJGkJ8WREB6sSdsvD1dyeCA5UjlGynJunFSuQd6kSoWaFhNOqABUkPsMIgN9SYyIoLKkjLz0NK3STY6JJyIskpSMYrKUs7o0tK3LN7GoTa6VaGnXZkqrm6htWUZZ0zI27z/JodOXBXgusOvwKQ2w9p+4yMHTlzhw8hx7D59hy94TAuRbaV7SSUp2GTsPd7NkmXJo30TXFgVlJ9m49xgrthwQqN/Esg07yRHISMosxj9MwDYiiciETCISM5jttpDi+mYBgApSCqsElCtIyJEeUmM7AVFpJObX0LZxP8VNK8ivWyrrVSwMT8QzNAEXNz9cF4aSlllE56o1tCxuExBazYougZLsfLmXkdLgO0pjPEUaLG/SkhPxll66i/MsZjrPICwghCrpicWGRpOXlcnenVtpaazB39uX6Ogkdu3Yx+ZN2ygsKKZMgPTw/sO8ePaQ5y+f8PXbZ7x6dINDAljXLp7mG1n/5vOnfPfVc27K+pF9O1mxuJac+GASI4Noa6igpSKPZXXFrF1cRm1uPFU5Caxrq+Twlnb2r21ld1cTdQXJbFrdzOGre6ndv5SqNQJWuzq5cWIXZ6VzcHBLJ+cObuTR5SM8vnaUnWvb2dzZwNGtHexcv5w9m/8vY+8dXdV19WtnjK++73WKS9wAU0QVCCRUUO+9994l1CXUJYQK6r33XhCqdBAdTDHGmF4MxgaDccHdiZ04yZfkPt/cW9jJfe+4Y9w/1tjn7NP22XvtNZ8511y/2UtXSzXlpYVUVpSRLx5obqkMluWtJOXVEBCXg0dgPFYugWgbObFwpXj0K/VZtMZAFfV75Q0lmXSVQMZSgZ0lLBBgWLRqvRin1WI4NVkkRvP1pTrqKjAl/0YRfnz+ZQ0VSExsPVki0KSja4uuUltsgxlrdczUKNZ6ac6OHvj7BmNt5YaRgQySpo6YCoytWi3GVlHtVpKbX1vBb55/XU1AV/SXFL2rVSvWobNOFwtza/w8fAkTALE2M0NrzRrWrVrH+rXr8ZJ+FOYfiZebN14ePgLVvvLYF3sBbg+BOmsrV8wEirQ3GLL4jTVoChhpbzTnBYFJJQLz+oqNLNDQYYmcCxUgX1TELxVIX8TzryxVj2+BxnrWaJuxYIkWa3Qs5L9ZCchvYK2+FZobLQS8dDAwd1IhbLE8XrBkHS8JjDz34iL+byUp/v/9tSpU+tyvf8fvXniR1xe9wWpNLQyNTDCzsMDc3FL+oy12tg64Clx5KsAlWzeBL09PceS8BLgEtJQp7gBf2fp44Cf7Ar3cCPPzJDrYV/qykuMXJONAOJmx0WTK+JCdEKVGqZSizso2Ny6CbNlmxUcTHxpEkBIls7cXWLXAxsIMK3M5HqUeoa6enPeNrFqpqQKvUkD7dWXKcNHqeQFQVeV9Gb/7zSLMZQyy8HLheTlvr6rRyTWqHtbrilyDANVCjX/BlQJcL7+hzQsCV88rUa1FSi6VloCVJr99bQ2/eUWRgBCwenkVvxHYel7ASNWxWijvX6rP7zUMeVFDEQ014deLDPiPBToCV3o8t2gjz722TpVleFG+/1X5PSUH63cL5TeUuojy22+sMmL5eisx1LYs1XFgpa6LOl2oZSwOvHUIDp6JuPqlEpq4naySXso79tMxdYWOiXdp3XGencfe58iVzzlz5xuuP/6BR1/9jU+UeoN//P+kzSezf6fmSv1Dzbf68sd5jasflNWDf1KiWf/kjwJSf1LA6ad/qjlX823++c+A9ee//oM/KflYP/1XuPq7qvr+w7OVh4r6u6Kx9fF3f+Pax39l19tfUDpyg/CSPQTljeEYW4epXx66LkmsswpnnYCVnnOiAFYkG+2jMfNMxj4gHbewXHxiC0gpEPCp66ayQexkTQMlivRCQSE5OVnk5mUJYG0VuJLxq6aOppZW2jra6ezpobu3hx7Z9vUN0N3dK3DVRUtruwCWwJUAVmNzA63tzfL+FvlcCzW1DdQ1NqvTjBV1DeLI1pOalUdIXDx+m8MJyRT7VxlNdvtmCoazSG/NJqkqneDseFwiQnCPCiVoSwwxxalEKq08h80tRSR0FJHUVUJK71aSe8UGCkSlDmaQOZpP/o6tZPcnElbjjl+VA9Ftcfzq++/f5vs/nEcBra/+8Fjg52vuffolH332DXc/esTN99/n+oeXOXtzlLcFYK7f6+HzLy/y058+5OLtwziGJaBt7UeqkOi9J+KBf3lPOsVVPvxsL59+c56L90+SXjtD146b3FYiSp9d5ePvr/DgyzPc/Lifs+/l8eadrZy8mc/JGwW8dSuFK3cLeff+GPuvzHLgknj8V9o4cqGN4+9O8e69Gm59VMy9j+sE2MTjflcA62Awc1eKOX6zkXfuz3DtwXnuPHqTq3d38s7tHbx1u4O5S42cunqAI5dGuHD7OFc/vCggdkW2pzh5bTd7zu1i/PgAIwcrGd2fTcf0FjIqkgmJFSNqZUVEvBjttCjquhOZOV7LoQsTAoOHBdKOcOmDSxy5doiqySLKJ6vY1pFDQnkEkXn++CY7kFggF7IknbSMFDbHxWBra8omQ/GQpekarMdgkza2TtZsba1g+7AA1kAlNTsrBbK2UNyVSnJWCFYO63AUyLFxD8PYIwNTnzw1DLvRSA97Z1PiU2OJDHEU4+BAuK8LW9MSKMxMZHtWEpkCXjECV2ny24kxkWzNySA8wFuAyY/kCH8ZGEPYuiVRjVply+AYF+hLhJ+8HuhDXEggW5LTyErPJC4qmqTkfLIFOPIzs8nPLWZLej4pKRkUbW9mc1IuCclZFG+vp7lrB209I3T2j6sRpKKyGnXF39jsHPsEpPYeO8uRM5fYd+ycGq1StoPjuxgd38vwxD5aescZnpmjtW+U3h3T7Dl6jpHZg9S2DjA7d5opAbH6zmEae0Zp6p9k58EzNA/OqgnuUckZRAhgBUUlEh6bJOBaSrZ4TEpUK09aRnEV0am5pCqRrppOqrtGSRcwzChtorRzJ/m1feRUthEkAKYArYViRL39yczNF8+pi9nd+xkfn6S7q4fZqTE2h4dhZ+1AVlqmmoNlZWuHm7u3eOqOeAoAb4lPoq+6hJ76anUF4EhfLy7OnlhZuZCWkiUDxwDnzx3h7JmTvPvOBT5+/IDPP3nEn777gscf3uHuzUs8vndT4OoBTx7e4valN7l95QLvnj9BX30B8SEeAscx5MVHUrc1mZm+Onqq8tg93Mrdd09w69xeLh7ZwZVTs1x86yCz7xwkc6iMhqES3rs4x6WjM1x/6zD3r53hyGQfJ2aH+ODqGe5fFifk8BRXTx/gnaOTzE31sU8ga6ijji0pSfgIzPj4RxAdn05Ocb2c4xZiM0rFS92CmWvwszpj8j9dgjBz8MHNxQtnGxc0VhuweIUYJCU3arEiCLhWXcGjscoAjbWGqj6NUr5k6WpjNNaYsHyNKRv07OU+9FanXZavNmWl7NNYsYnlqwxZK3C1RsuEFQJxWutN2CDgtUxDPr9Ui7VrjTA2sUZP34wN2ias09rEGk0DASBDVq/SQ0NAxcTcgaSEVLknTTDQMxIIsMFQ35RAAWF3RzdC/MLYlltOdGAMkUGRxEcn4mLnhodcQ0WU1NTISsDFgeUamix4fRkbdU3le6xYumyDwJAFS1bLsekKGBl7sWSthcCTlUDVChX41DqCShL/C2+oyu+vClwoqx8V8FKmExcsWctGU3H27Pywk3Pq4hOOg2sghsYO6BnasFxTTy0sPb8i8Tf8x3/7Lf+vou7+36Q9p0g3vCBQ8jKr1mrJOTCS47TBRvHkBSANDQ0xNTXBQqDH0dEWRyfpty6OuDkr0Tln+f+eavP1dCVIwCvEz4PoEF8VsBRFd0UPS4lmpcfJ+JawmZzkePJSk8hLThDwjyddmW6U8SNMnA4/Fyd8nB3xke93srXFwtQYY31dAaz1ArAb5jW7lqxGY9lqFi1UVoSu4nUB1UXLtPj9Sxo4hgqg2NuqiwVeUV9bJ/1nrSrZoEwXLlqmK+dOW61LqESW1JI3Szfy+8XaqsDk84u0VMhSpgifU8ruPIte/YcCXAJhCmi9oADTMgOeX6zPb6U9t1CH/3h1Lf/52lp+vUBpAlZLlMiYouyu1Cs0UDWylCnC11cYslDTghVGnmy0iWCDwNTqTa7omnqjb+aDpUs0dh4peIUXk7B1iIK2o4wd+5C95z9i75sPOXjhCScFrN68/gVXHv6B2x//yP3PfuSpksT+rK7glz/MyzHM1xf8uxqt+vbZcwWEFDV3pSahClNKIvuzSNUf/6K8rjxXwOtnwPr58c/tn/8GWfMJ8P+CrPnf/eT7v3HzyV/oP/6YvIFLRJTvwSWpDV23FNbZRLLOMpxVSnkc22h07DezyTVZoHgLTqE5hKfXEJ1dR8q2BrZVd6gOd2VtI6Wl5QJVRWrkqqiokO3bS6ioLKequobamlqamhpoE8e2o6OD9s4OOmXMbe8UuBLA6ujuFqBqpaOrQwCridr6GoGsFto7Ouff19FFc0ubOOqd1Da3UlRVLY5gBYm56USITU0oDyW7LYrisS3kDxSQ0bGVgqEqCgfrKOypJbetlKTqrUSVJBNalEBkdRrRLZnEtxcQ25orLVWgK4nELoGsgRxS+9PZ3BaKf7kzvhUehDclKFOE78vJe8qDTz/lyZOv+fzpN1y4eZPO0Z20Dynio7u49Wia9x93CXTV89Gn/Xz9zQk++OwkueI169qFE7MlnlOXJnj07V0Bpxs8FAB7+od35GKLN/7p+/TvuUhtzzlu3n7MZ9/c4rGA10df7ebG4wpOv5fOydupqkzD8Ws5nLu+RaCokmsfzHLqzkH2XpoUuJuQ10Y4/M4El+4Xc+XBVu48buXaR1WMHvdl5mwGp2+Xc/RaJadudHD1g/2892CfAN0ol++2ceZaIUevVPD2eyd488Y4526Pc+PRce59dk1A7DSX35vj7VsXOXv1gvzWHO8ImJ272cXhK3tIL9lGYFQM/orHVp9C62goUwdS2X2okb2nhjnw1jinb5zm3L236DtST+HOAraPbCd+exAhWZ74pzoSkOpExJZgUjMFsrYkExbuL0bYRLzwDeJ9rxGjsJb4/Hyado9TPFhL9XQ77fs6aJ4tIac+liABp2A/K7wCBa7ck7EJ3c5KowC5eS0wMl7OJnMDgYkAHFy0cHbXkfd7krklgfyMBHIEvNLjwomVQTHAz5fEuM3ERQQS4OlCRIAn27bEsT0nRQArjqQwgYGYCAJd7YkJ9lGnDZVk6c1hEWRkbBWYyiFIjkFZ3p2REE2whyuZAl7Vjb1UNvaxvbqbgvIOalpGBJCmVCDqGtpBc99OKuWGauzoF1jaxa7DpwWq3lRXASorAEdnDqngVdPcx/juOXl+kL4duwWghmT/QSb2zrH7yDlpb9I5NMGo7Nux9yjD03M0KpGtkd0CWTMU1gsstfVSVNtGkRxTQUULjf072VbTTk3PJCX1HSpcZZXWUtE2SGlTtwBUIsHxmUSnyQ22vY7i5kF5TxMd44doEGArru/joBzrvgMCe3Kj5hVWkb21nMLtZerNe/zQXg7u3UVrazOB4vH7e7qjt1EpDrwRC0sX3BwD8HMPICN5C2nxiXS0d3Bw/wEGxRNTkol19E148fcrpY9ZMbqniu7WYe7cuMpXT5/w3Vef8smje7x79ihXzh7jq08/4LOP7nDtrePs29mvJsLfv/EWJ2a6qS/YQlVeOm1lOYzJwLCrv5bTewe5eGyCayenufP2ft66fJSu4xPENmQJ/CpwdUSAqpcjUwPcuiggdvEYeweb5XM7ufPOSa6dO8g7x2Y5NDnIeHc9ZbmpZCXGUF2cR0FuJrGxm0kVmE1OySQpo5DolELxDnPxjs7FKyYTl5BEPEPi8fCLYJWAhq27Cc3dNvzu9eViBJX6cBosXrpWBZLlq4rvm2EAACAASURBVDawUGMtywWwlKK7K7XM0TNxQ9fYlfX6jmw0dFK1q1asMxcIMxVA0xegMmHNOguWLtdh0RIxskvXs27tJoEeC6ws7DERsDI1dcDRxo1ggcEA7wAsrRwx3GQrTo0tqwSyVsn7dXSN0F6vz8IFy1m9Yj1GemL8Nxrg5eQi8BxLRuIWosJjBKg8MDOwwFBXQGyjKZqKkOGipXKttWSrIZ9fyssvLWDlKh28/ROwdgjBzCaA1doCQhts2WDixSp5/MoSnfmaea+v4rcvLVaV3p8XcFi0YqOq2bNKQFApu/PCK0sFzvQwMHOSc2CBtbMvDu5BKmC5+0Tg6hUs3+/K6g1GvPjqEv7br1/iueeeV5sCWc/97iX+49fPy/7n1TI6z7/wCiuWrxHo3MD69dpslH5qYmIqDp8tDg522NpYY2dnjZurAx4CQooYqZuL0hzwcnfCz8MFHzdnosQBiwsNZnNokABUkApaGQJY+WkpAlgpqpSD0pT3qKrv0iL9fQmUe8NL4M1FQMnR2hoHC3PMjPQFtDbKOd+ItpYWq1asZMmS5WpEa6Gcg0VvrOX1BWtwjvNmrZExv39dAHTRmnnAWqzF64vXyXXXkj6gy2uL1vPys1WHL6nTgmvUxHVlivB5Jcn9VYGpl1fzu9c0+Y3s/7Vcg+cUGYg3tNWVrL+TzysQ9Zy8/zkBt98JpD2n6rPJdVKiYG/o8aKA14sCYq9oGLBglTELlDqFK01ZIMC/UNryDfas0nNF08iLdZvc0DH2RNdCxnuPJJwDcwnPaKG44widM9eZPPEhp659xYW734pd+wM3H/8gdvGvasRKAaunf/ybClbf/lxX8M9/VzWrfgYqVbldff5PNaKlFnR+Jjb6owDUj79A1nykSnmsQNXPTYGseej657N9//zltR9/gSxpz2QcvpTvfvTN3zh1949UTd8gsmIPMVUH8MsZxNx/KwbKykL7ONZZR6FtF4uBSxJGAl/2wdkqYMXmCLg09FPfvYOaVrEZtU0CVJUUFhYLXBULbJVRUrKdwqJtlJaVUiEwVF5eRk1tlQpXXb29AlNdMnb1irM+QPfgEF09far0z8DQCB0CXgpgtbQ1y/va6ezuks910j3QT4c4tc3dndR1NlPZVkd2dTYZTXHkdQpgDcZRMppLTm8WGZ05FI1W0rJngLrpVrYNVZBUl0lIYSzBRVGE124mqjmZ8EaBrvrNhNaEEFUfIbCVIHAVS3idN55FlgRUhhBam86vHnysrLb7hks332fu1FvsOzZC/2weHSNbOX+5iY+etvLoyyY++aqdx5/X8fBJI/c/6qJurIZN7nF4hoVz5vyYXNQ7Qrh3+eibq/L+t/hOnv/5b48FxK5R1nKUk29/zq33HvDx0ws8+eYYj77q49bjEt66l8XJW0kcubaFC3cqeedmEZfvdXH9wTTvPDjC/st7OXPrAG/eGeegwNY790u59EGFfHaAY1c3M3g4gAv36nhLPnvyegHHLmVx6Y58/p5A4aMj3PhQSZCvl+/u4NK945y4Vi9eQgY3HnZw/+kJ3leS7T++xq0Hd7j8/h2OvXuKw29Pc/rqLPvOHSarvFY1wHHFzSSJwc6skAve1UhBXRM5tR3ktYg30jlF3c4jNO8aZOtgMltHykksjiAs0x6fZBvcNpviGWtNXKbQ7pZ0AoP8sbWzRN9ABhUdLYzMrakZH6Z4tEEIupbOgxPsPD1C54EK4nOCcHWyICkqEJfALHSdUtB1jGapnjVZBeH09JeTX5JAdJI73mE6hCaYEZcSSLgMSKEx7kRu9iUlPQw3b3tsrG3x9fWWwc1MIMmPdPE0c1LiqCjIJDUqiDAfR6ID3IkNErAK81fzuUK9ZF+QD9GhYSpYREYnkZKYJANqFJmpqdQ29NHSPUFd0yAFJQIoVW3Ut49SJ61laJb6jiFq2ofpmTjIkIDRwKSSuzcl0HSE7uEpKgVy6rt2CBj1k5C+jY6haXl9mqauMXpGdsn79zMiANYhADUqELbn6FmqBMTaBibkvbNUC5C0DM2QUdJA+9huJgXCBveeILeyldyyZnLKmojPKhOvqUs8l2KyyupJL6omLCETL/9wQjZvUT+bLuCUlFMi17Wb/KoOKpr7GZyZk++eom94nGq53h3d/Zw6e466unrCBDoz8/JoaGlnemqKnTsGqCzfztasLOLk+tpZmGBtaUeof5icu80kp2aTmpbBtq15bC+u5NDePeyeFYCXc2ps4Y6lhz7VA3Jj+oSzf2YnD+9e44uP3+fbrx/z6IOb3BSoenDnEk8f3eT6W0c4s18cjolOJtormemoZKqvhbmJLo5PCzBN9/HuiV0cnWxXZRkunpnl2PWjlEy3EVYcKTCYy/mDo1w/e5CTu4e4euYQty+d5PR+cWBO7OPq2cOcP7KHY7t3MNpZT0vlNlXuo6Ikn4SYcILEWCYnSZ+LjiU+LpmYuHTpa1lEJm4lMD4f/7gCgatkHAIj8YyJRdvchvWGlmhoGTBycBPRGeb8H/+5SFXSVpKaX1m4Roy9KRZmVioA6Rs5omPgiJ6RCwam7gIX9qxeb8myNcYCVyZqBGiDni1r1luxXtcGXV1zlq4Q2BHAelXJt1quTWJUgjgL0lejk8lOyiQ9PomIkBC8vf2xtHSS+86cBWK8FU0kjeXrcLCyxUbuQ1MDI1xsbHER6PBy8yI+KpbNQWHERkVgZWqNjtZG1q/VY/VqXRXIVq0S4750haqN9tpri1ivtQlLGx9MLD1YsUoXAwNrub5eaBqK0dW2FTDcpEZZnlcELV9cyvOvrhTgWs9qfYEoc1+1EK6+hY8ApQPrdG0xdwwSsArC3nszQfF5RMSLkd6cib+Aa4g4ByGxaWq5Ec+gCLwDQlitqS3QqMtyLR219Mcri5YLaP2e3734isCKQNwby9DQWCXnWx8zMws5F1ZqNMvEWPqrlTVOTg44CwTZCwRZK7mijgJETvZ4ejjj7+upCpRGC1jFR4apuljpz3SxFMBStLEyE+JIlf3x4SHEKjIPYcFqNNzN3k7OqR0ONlbq9KCZobGqmm9mbCiPDTAx0MPEcBN62hvn6xRqaKKhSDjINVqwcCVuCe7q0vrfv7xClcFQonvK6tCFimDksvXzOVlKkWal4PPPxaDl+UtKREuRe3iW6D6fj7V2Psldnr+0VEfO/0Z5zwYBrA0CW3oqSP1eqTe4eKM8VqJfOvxuiVy35Sa8sFSP11abs1jTltdWKCVz9FXYekWu62vLDdAQkN5kH4ttUCG2/rnomPnLdfVDzyKAwMRqKhTJhUN3mbv4CWduf6OC1Z0nf+LR1z+ppWvUaUBFNPQHJafqWftZof2ZOrsCU8o0oDL19/2P8+2PP/1LwX1exf3fI1b/+B/A6n+3/fhv04bKd3774z8F+v7Onc//wtjZz0hrOU10xSzBhZPYRdVjJpCl7RDHRvvNGLkmqc3cMw2PqG3E5TaytbpH7II43L2T1Lb0UFFVT3lZNdtLKtSpwsJtReTm5JOfX0BxSZEKV8q2UBy6iqrtanJ7Y2MTbQJSnQJbvf2D9PYOqGDV1tkmsNXBwGAffQO9dPd2Mzg0yMiOHYwp4/PMLCM7J+kfH6d3YpCm0U5Ke0sp6E1nW1+KgFQ6ecMpZPXGktmTQNmOKsqlFY0Wkt2bQWx9NOHlYi8qQgmsCiKoNgL/qlC8iz0JKvclsiaYyFp/Qmpc8Cgyx6vYh4CKFH61d+4kcwf2cPD4Dvaf6uL0uzm8eSWSizeqePxZG599VcGnXxXw2ddlPPq8lPuPqjjydjM+KbmYuW+mqSOXTz89JB3hvpz8D3n4jQDUt+/IxX7IT397KrD1NpFyckdnHvP0q8c8+PygvL5T9rfx4GkD1x/WqbDz9vs1XLpbwdV7jVz/sI+bj0a49mg/x24d4tx7c5y/O8bkmX7O3mrn8gf9XP6oh7Gjfhy/pESzerj0XrWAUw7H3knhwo1Ort89yO0Hh+S1WQGoEa4+HOPCe8c5cqmAI+9EcvJyLVPHuqjtbSa/vpeyrmkKO2aIyGkVo5CDfUAKRc0jRKVnY+mdhJV4H4ZOUehZBWDsFKlG7kw8M3CLqcU6MEdIPR4zrxhCsv3I7csjvVE8+wI7QjIs8IwzxyPaWN5rh4G9PW9oKaqypmwwMEFDc4N4+/F0zI1Q1FfB9vEOho/vZ+LoCH376wmMcsTWSp+AoFCsgrahL3C1xsQXSxcf7OzXsSUnhsbuEjanueAVsEEAyhBfL1PsrDXxCtxETLorwVuc8E1yxczSUvbbiBGzUgUFswX2sjPS2Jq5RQbFcJLC/Qh2tydVWVodH0OojxMBXi6qGnhCXCIpydkUlrZQXj9IRW23AIeAVX2XeBtN5G6tJL+ohqyienrH99E5PE1L7w4116m8eZDazp0M7jqsglFjzxgdA9PUNA+wvbqDXPlc7rYKElLFixD4UZoSKSoWSGru2aFKMSig1ju2i8HJA3QMTst/HmV7nXgsw7sorGsTQKqkZ/IQ03Nn6R7fQ3FTL00juwVqC8WgF1HaNki2wFVc5jZC4rcQKf23sKGXkpZhChr7KGrqZ1ttO1u2lRMWm0RqZh7tw8pvT5CRq1R1b6SptYdseVxaUUf+1mJi4pMpr25h/4EjjI4OMyatu7me6sKt1BWXUF9VQZUiiieQ4eXhjY2DN1VldZTmF9Hf1c/MzH5aBeRaBBJ95XqMnQyQ85tNSYE4Geff5E8/fs33332htg9vX+L+jYvcvXyG/SMdjLcWs7OtmMmuGt6e28EH7+zn9GwfRyZ6uH3hMDfP7ufM3n5OHB/jwLUjpPeXEFkQwvRIDW8dmeKdk3s4sKODQ+OdXDg0xVEZdN46spd3zwq8ze3iwOQIM6O9HJgd4eDsKGP9bfR2NMj/KWBbniLJEUZYaCh5ubnkyv9JTC0QwMpnc0YpKQXNhKaV4RGxRYxMFAaOzmyyc2S1AENMliGnrrgJaOiwZMV6logRXShGdMlKPTQ3WGBsai9G2BUbK1csLFwwMnFQVwau1jJl5VpT3hAj9sZKQ5asMmLVOgsBLRtMzZzQ22TNWi0j1qw1ZLmAzQoxuhs0DTDQn5djMDMyRXu9ITo6prLPCL2NRmgJ8C1brkydmeLq6EpCdAxJ0jJTkogKj8bB1hmTTaa4ObniYu+AxuKVrFypySsvL+HXz72k1iFcsXy+pp6S22RkaI6+vrkch6kKYBpi/FepietWvLZYRzX+L76slGVRChOvmK+jt3gDK3UcWLDKhP/87SJeeEmDjaauuIbkYOuVgoNPHH6biwlOKsfFPx6/0GRyCmvJLKgkLa+UhC3bSE4vpEj6YV3HiFrtoLiunQTp52Y2TixYoiEAspLFGgKeKzTluLTYsEEcOwEZPT09Fa4UCQclimVnZ6c2GxsbtTk5ibHw8MTLW4xFQKAqNhoVEUmoAlkCWPExynSpjBvRETJmRJEWG01ihMCovB4lEB4d5CtjiBu+AmzudjbYW5hjbSogZ2GKuYkJ5kbmAlfmmBtbqPCqPFfOt/7GTSrIrlq5Ho1l2ixduQ7vlADe0NBS89ZeXTQ/NbhQ0caS66xEsN5YKnAlMPWqknP1irLycq2c3/Wq2vuLSpRKKeQsrytJ6UpCu7Ji8OWlAlYCWEryuwpisu/FJfq8vEyRzjCUx3pq5YGXNUxUqYbXNW1YsNZWLWb86kpLVaJBKfb8svRJZerwdXn+ilKtQADtlUVKsrsRmrp2bLT0VcvfbKmapGnnJQ5fesrF97/n5sM/cv/Tn+FqPlql5lcpYqF/mgeqP/z0L6mFf9/Or/b72y+RLGUa72fJhV+0rv7yj18iWD/+W3Tqv0ax/jVd+Pdftj8++8wvKvA//WN+paLA3JNv/87c9W9JqD2GV0o3vundWIWWYeCWqk4LWvpm4RiSj41fJvb+mQKWpRQ3D9PQtZP2/gna+pVV5T2qpt727RWUllZQUVkldqSCyqoa2d9Ag4BUU1OTml+l5Fk1NgpcNTUITLXR09dNb18f3T199PT00qnIN7QpkasWurrEfo4NMTYxyfjOacanppnctYu9+w6w/9BBpsSxHZwZo2/XEK3ikJb0l7F9oIj8nmyyBKzyRv3JHnEkd1jG4h1iG0c3k9kfREyzGxE1PtLCCa4Kxq/CH//KIHy2++Jf5kt4VSCR1b4EldnhUWiMS75AVpEPv5reXcPldzq483BUgKeK09eCOX1lCw8+7RIgauTLr7dJS+DzL3P5+LMibnxUTd1INZYBmfjEJnDqTDFffHuAz7+/IIB1m8++v8U3P9yRC/SZdJCP+Oavt6gYHCA8dSc37n/Gk6+O8/irTh5+3sHjL/t5/MU0Hz3dy4W77QJWDQJbrdz8qFfAqI/bH09w7v4hTt2c490PDrDnwgBvXh3kgyfHmLtSwOiRGBXGrt5v49q9Oq6+X8L5WwKIN1pl/0HuPp6T493F7OlWyntqSd1eJa2A7JpKQtK3YuAUxpIN9izSskBDx4bFMsAv0TJj8WpDVmm7Udc1gUegD0vX6bJsvQFLNPXVhFylUvdrYiA0NliyVk8p5mnAQg3Zv0yLjdamxFdFkiUXLaHYS8jdjIAkI7xiTQSwjHAMNWO5nnhC4vX8dokWL4vnk1FTRfuhOhWwGvdO0Hdwio5RAY/taTi7G+DuJgbAfzO6DlFsULxhsxAcfXyxtduEk481Ja0F2JpvwsZ4NW4OG/GV5u9gQLCHsXiS1kRluOGf7YmRmbY6mDrYO4pH6kVSYiqp6TmEhQSKx69IOGSKxx4m0JVJXloScUGehAWHEhWdRKC/vxjUSKoauklKy6ewYpBWgdKGxh7xOraRJHCUnldOfnk79d1TDM0eo1SgZXtTH019OykTiK1pG6ZIQEWJ5oRGJBObVkR0Sj5+gbHEJ2aJV74Zv7B4IpPm1X2jE7KITc4lU6BHyZ/KLaklo7CatsFZukd3CQBN0zY6S1ZxvfzmGNsbe2kW+CprH6a6Z5K63imS88ulVRAtRigmfRsp8riqe4dcl1KyK9rYJse1vXWE7W0CuM19FNR1CCQUsHnLVkobOmnqHGTn9B6mdh1gcMcM3YM75CYf5O1Ll5jdtV88plGBpBY2R0WQI97XkQO7OTU3S3ZiIi3VjczNzlIlsOXo5IaOrgmBAbEyYHTQUNtKZ3Mnk+My4MjxKjIWHfuD6Z8R45mVS3l+Pu/fvsOTxx/w/R+/4eknHwpkvcOVN+eY6WlmtKVCtjWc2zfMu8enOSD9pS4vnrbt2Qw3lrCjq5Lj5/fQfXKc+JZ0UorD2TfexonpQe5cOsmlU3vkeQ+n9u/k9N5x9o50Mzc1zGFpZ4/s5qL8zsU3xUG5/CbH942za6yLHb2NDHXJwNdQhp+vB3a29mpEKCwyjtCoJNz9onEPTCAgNg+/uK14R2XjHiqQ5R2JnVeotEAsXe04fctJ+ooLmuJoaOuZqgnha+S+Wy334VptCwyNHLGx9sbJ0Q8zc3EMzJ0wEdCysvMmLCIJf4E2Wxs3bGw9BazsWLZSH42VuqpMgpZA1kZdM3R1Nqm5VErU1kgMt6JfZWpsxXotfdas2CDQZa5qYNlbORIbES5wFatOA4b5CzCIwxPkE4i5oQkmAmMmAmCrVq1Vp9YWLVrOwoXLVJkHH59QuY+C8PMJlmN1FxhYJccgQKW5SWBGW+BKFx09W159fSXPv7hQlR54QRHJfGUFywUO9Uz9WLfJhWWa5vLchA369hjb+uEUuEWt26Zj4oa9RxQ+AqruATEyFoTIvbKZbLkHalr7qe+doW/iMA3tgypcdY/so7l3nKaeEelP/WrFBwdPX/SMzARSNFm3QQ89XcP5XLNNxhgbK/lXllgqjped7S9wZSUOmKOTE56eXri7e8r/9FNXGwYHhxAaEirjgKKZFUJ4qACXjB0x0iICfIlVBEv9vASqXAn0dCbAQ2mOeDs54OvmjI+7M67KFKStDY4WZlgLZNmYm2NpYiqgJeCrra/KZhhvMpPj3MSG9TosX7oeLV19PJOC1Hy05Yow5EptNVKpRK+WLNdGQ4B6iYYAjlKjcPF6XlsgEPyGlqrm/oKc6wXLN8pzbVW+QZkafF6A63mllI5SO3C5Pq9rKPIK+ipwPb90vrzT75fp8pqGIj6p5FZZsXCdvVoe57UVFryywkyaqXxWKfZsKq/ZCnxZiB2xYoGAmBLJUhwBfXHG7b3T8I2rorD9FD0H7nH48hdc+fAH3vtEwOrLv/DpN39VBUOVyNVXP86Xrfnjn/+rQOi/ktD/XTz0Z92qn9s8gP3zWZuPav0MVz88i0j9r+Dqf4pe/fRv04TPZB3mpSD+wZdynDef/ETjvveILN9D8NYhwvP7sA8uwMI3A9foYpxCt+IQsg23qCLC0irJq+qWfrmT/vFd0k+nqKpvoaS0TICqlqrqWlVaQZFnqFGS25tbBaiaaW1tVeGpr7ePgYF+hoYHGd4xzKBsBwYG6e7tpau3h04FtOR5//Aw/UODDI6NMDo5yc6Z3dJ2Mbl7N7N79zJ35CBHTh5lRsborsk+mifaaRhvpHyokm29heR2p5E9FETumC1bdziwbWcg+WOupPWZs7nFlrAqewLL3QmoDCSoVuCqXCCrIlQAK4jA0gDCKnwJEMBy32aEW4ERngVW/Oqzpzv4+ukQT74c5sydEo6828Yn37zDB5+8yb0HJ/ns67t8+d1uvvm+j+/+0M75O82kVDdjH5ojJy2B9z+q4qPPmnjy9QxffH+SL/5wR+j7MX/808dyQe7yxY83aJicErDZx+ELj7j9kSJW2i+da1pAa4Kvvp3j/ie7eOu9bh58PihA1KC2u5/0c+/TCS4+2MPRG/uE+E9y4uYsV+6N897DfgYO+YsnUCVg2Mf1e/KZD8sEDouZOl3J2NEepk/vYeDATlJKSzFyCWWNoSurDZxYpm3D62sMxfsQaJLBfJODDNRiJJyDIwnenERIXBSeylLkMqHnoUn8YmJIKUkntzxRjHw0xU1ppGwNEwjQIylvE0UNkUSkh2Bkb8oaPbn5dbRwjrElZyBXCD8Zj0hDXEI24B6ph2u4Du5RJjgF2/PqGm3+T/FmV+ras30oh7QeN/KHa2k+MM7o0V3UtVXj4mGOt98mgsN9sfKO4XXxiLStgtF1iiMoIQivSFccgxwp7yvEy8MST6dNhAXZERnooD52tzcgLtqelEr5T6luWNjqY2dvJYZGDxcXZwIDQ9TacgFBSn0xHwqztxAREqwq6xblZZGRnEiIDKoezs74uroSGRFPcUUXWQVNYiAbqGgYpqlriobOScpqBoiOz6G0cYDC2l7xpJvIq2glJm0bidnbKanrJjZlG2Gbt+Ahg76xuQy+YanYO3qyycgWEwsHzMVoGls44+YvXnJsKiExqYTHpZOYUUhiViFBkUkkZRapieqVrUN0j++lpmOUqvYxqtoGiUvPJyo1j/jsUhJzBcpqeijtGKZtxy6qusaIFAj0k/8QEp8p13oLyQKE25sG6Jqao6ixj4ySZjLKWuSzFUSlC2TJd6VkbaN3ZJK2rj7qmts58eZZTpw8zZ49B9i3/xA1ci80NTSpg0Fbewenjh7i5uXznD52kP2K9zQyzPTYThprmuV8R6hSApkZGWRsyWKsv49De/dz6+ZVdo7P0jEbwd7zeVTW9NLaVMfeiXGuXTzLt9895Yc/fsGnH9/l4a0LTHXX0laco6ryV+QLJEv/cLc0IcjNkRhvR8oK4pk6Pk7dwU4iyiNo7t7K3csCVcf3cOXsHB/Id9y7fp4HAmwXTuwRyJpg90gPhwSu5iaHODIzyjunDrJnvJ/W6mKaqwvZ2d/CSFcd2wsy8fIUONLUZPESDTHO9oSExhIRlYJfcAIOHpFi1KOw94pWnQK/iBR1VaGNawh2HgFs2ORAabsR+887sXitLnoW9hgIPK03sMHAwg0PnwgiwiPZnpdDamI2vgKkgaEC42GJAt35ZBZWEBudiI93MFY2XgJjzphauqhyDYo8wypxdjTXG6OjY4Kr3Nve7h6EBoYREx4tBt5blVhwkT4XEhiOg40TFiaW+PsGYWFqwwZNXQy1jTHSNWbhq4tZ/sYKNN7QYMEri1i0cDEaGmvZZGAlsGdLWkq2tHw5jgjcXPxwc/XBUvqwnjhcGjK26Jm6sdHYWQUnRSZCUWRfsdGGdTIGLV6+CUMrP1Zr26Jt5oeOuQ8mDsFYiMOnqW/Hqg1Wav1EZSWho0cY/oozIo6G4pA09O2mQZyHRnEemgb3UljVSt/4PnbsOsaOmUNiwASqFeHdtl7qWjpp6BggKnkLlnZOrNMxVIVHTeU/mynTsZa22No6CFg5yNYOR0cnGR/scVCWsru44uzsqupneXh4zMs6uLupJXW8vDzw81OiWkqpnQAigvwJ8vUkyMtNmosKV74ujvjJGKMkt3s72st4ZI+TrRXOAljONla4WFvhZmeDl+z3sJ+fkrWztFavh6mhGToCWxs3GrBmpQ5GNqY4hLnx2uur1UUJGgJZimr/0uUKUGmqgrILF6/jFQGrechSNMc2qAsllCjWq0q0SlmVqoiIKoKkiuir7H9JrSIwr5OlSC0o21dW6PPqSoGqNUZorFemAs0FmsxYpGnJknV24mBb8OoKuaarTPm9Uldz5bwmlpK/peRmLVproRY0NnWNxy26lOiCIbZ1nKJp6gZjxx+w7/wjLtz+Umzbn3j4xU9ia+ejV1+qoqH/UJPJ1byqZxGpn4s2/wue/v5v4qD/plv1b9Gr+QjW/PvUaJT6eD6q9b8DV/++X50m/Os/nwHWP/n6z/9dVYxXpBveefgXGnbfIavzDMnVuwlObcA9Il9NanePLCAoqZKo7AZSCtvF2R5UZXaGZMxu6x6mtr5ZTWSvqq6jorKWku0VFG8vVyNY1QJcShqGEr1Syqz19fUJXA3Rr0CUFzxFHgAAIABJREFUgNbw2DgjO8YZGtsh37eT4fFJxiZnGZuWJkC1Q7YTsp3atY/ZffvZM3eI/YePsHv/XmYPzgpgzdIy2kZ2SzbbB4opGyqlqF8Aq0cc0a4gUnqsyBqxpWDcWpolmSNmJHVbElFviV+JDd7bxXbWCExVB+FbpgBWOGHl0fgVyTiQb4ZzngGuWw3x3GrGrz55OsJ79+Z4/Pld3vv4HkcuXGd6/1sMTR+jrFlu5P791LX3UdnUzKFjO5mZG8MzvoTg5GQOnanjg6ft3HmUyv2PS/jsmxm++sNVvv/zA7754RZf/uEa3/10k+G5IWK3Chzd/Zr3Hl3nky+mefrNMYG3Q3zylbIysI97T2b56GkP1x/Wc++THh4K+N3/dITLD0Y4dXucgxdHOHfrMO9/PMGpa4mMHE3i2ofDXL5Rx8kLjVT3bcU/JQlTGdjNveMwcY1mnbkvr2tZs2CdOSvFk1wr3pqm+Xo2WGjiGWHFtsZYho7WMP7mKMeuneLqwztcfnSNkXO7GD3/Jm37j1I5tY/Jt4+x5/IhDl2e4dj1/Zy8NsGJd7M5cz2Rd95v5djNcTp3ZZNeE0xEgR9B2S4k1UeSN1aKb6ozdn7rsfJci523pnjz63APsxRgsuWVVeLl2FuzpdeS1M5wqmaEqg8Osev8Phk4EwQ6NPHyM8Ir2IdNNkEYuiaia59AYOwWcivicIkRIHExJr8hE09/G/EOBbBC3IjbHIC/l+IpbiItz4eUtjgco2wFZkxxtDXDUQaskOBgNfoQl5xHWm4JqakZbEmKFc80ioyMXLYkJ5FXsF1VxU2Mi8fXK5A0AY7MvBpKG4bwC0ogI7OA6soGCkub2Vou4C3wUyyeSkP/FL7BUdg4SofzjcTMVgxaXCZO3mFifENwcPbExjkQXSMbVqzSYp0YtdVa+qzVNkJzgxHG1m5YO/ni7BOKd3AsHt6h+ATHEBCeQERiJiGb08gvbRSY66ayfYhq8d4zi6qJz9hKiICZp3wmLCGDBAGtqs4R6vsnBLDGpT8PkSHHmlXeKs5BG4kCWMEJecTKNrGgitzqTjX/yic0Xs3NKmvoZGxqP6PSB7oHhmgRY9U7PM2BuWPMTIt3tHOciYlJevuH6ejo5czZc+yenmRisJ/bF85ycs8Uxw7tZfe4QNZwH2MDwxQVFpEgEJ+Xnc1IbydvnzzGxXPnOHP8LXadEqh625+6xnZGR0bUZPiH927w4e2LfHjnMg/fv8IXT97n0ukDlKVvJsrXnQgfAfPEMIJdrNBbrUFKegTjZyaoOFDP5qoAutrzuf7mHDcvHOfCsT0CVm/x8L3LXD1/jJsXT6lRqkNTIxzfM8Hc7nF2DXcxPdTJ8b0TDHU20tdWx86hdlqqislLi8feSgYQOyvsbSxU41pVWUGSGPCAwM0ERaTiE5KMV1AK7v7SZ4KT5BpG4h4QT21zj+yLxNY9HNcwJ97+0BHPEHu0jR3QN7dHS8BFAQsza29CwuMp2ppLaFCMGHdxfMK3SL+Ow1fgy9bWC2dHMfruITja+2Bs4qjus7PzwsjUgY0CKJpaZuqKwrVaJur0n7ebF77eAbi6eGJn64q1tROGBiasXqnNmjU6LNXQVvOwNukrIqKmLF+m5FS9xG+V+n7/8RteFcDSXL0eg43ioFjbC2AEsjkqDjd7V/k+Z/l9dwE6c/kuPdbqWGJpH8yqdUb87sVF/F//z2947vkFvPjqKvRtgllv6I6mthXrNtqq00frDD0w84hTI1ZrDVwFNB3VqSWlKLW9W7AqK5ImDk1EajlRW2qJz20kv1Lp9zOkFjaRua2aps6dNHeO0jUwycjMAfYeOcPknjkmd+0XQzRNz9A42ytq8Q6KwFjAau16XfT1jQUWTTA0VJpApbEpunoGGBmZYmYuTpiZuZoAb2VlI6DlokKWl5cn/v4CU+KQ+fr64uvnp5baCQ1UahX6yTUKUEHL39MNf3cX/Fyd8BK4chOgchW4clHgSpqXwJeSLK9EtTzldUdLcxyszLGxMMdYjkepm6iva8TadRtZtmQdVl522Aa6sHKZtirgquTYrViuo6r5aygzCSu0WSb7Fi1ZzxtLdVi4XE/VXVukoc8ri5WVhRueiY+uU0vi/FbR13pWTPr3AlvKlPPCFQYqYC1dY8IbSvK6skJVS4ksmqozGkvWGPPaUiWqpcvr8t6FK41YuMpQjYAp+V0vL9nAQk1T1pkFYOmXgUtEGaGZ/QRl9JJcNiPO03VmTn/Ixbvfin37s9i6n/j0m7/x9Lu/8vn3f50HrB/+/kyZfb5kzc81AtX8q3+DrX9FtP7xrynBP//jl+jVzzD1x18iWf+Kbv0v863+SxL8n//yr8jXz7+pHMs3zwRNP/3+b2opnYNXv6Fk8F1iiidJLBkmPKMZ9+gSvKKLCBbAis1tEae1U81lHZzYx+DYbjp6Bmlu7RDIalRbncBWdU2DmueqbCsqqwWyaqivr6OltZn2jlZ6B/oYHtnB4PCofMe4jMuzjAtEjU5MMbJzioHRcfpk/6A4tQpkTe4SmDpwiD2HlHaQmUP7mDqwi7E9OxndO8bA7iHy2/JJrI8hozOO/N5McvpSSemIYHOLFUm9+uTs0GfbhDG54zakD1oT22lGeKM1QbWO+Fd64F8l40qZDz4lIYQKYHnn++KYYYpN+gYcsnXw2mbCr258cIK3b3zCl9/+IMB0hWMXrjEwfY7pucNkFBaSlFNMfFYWSWKsSusGyC+vJim3mubBTu48HuPuJ03cfVLN7cdZ3HpUy50n0zz66jyffXuJz799VyDrooDLHBG5rYzvvMajJ4948OQ83//hMl9/d16+o4ljl0v45MtpPvikjZsPBnj09CCPvtgn393Bxfe7uXBvWsi/jst3j8tvTdM0GUdxSymtI2VkV6ZgHxjFOssQVhq4sUzLgqUbzdDQlRtw4zrWy03rFOpDXNFm6sYSGD/tw57zcVy4W8DFD4s5crOCI9c6uPXRWZ58cZdHX17i0LvdDB6fpqCxgxIBy7fvHGXu3WFOXJvh5NV9HHhbLvCpDgaOtci2i4m3Jhh5s4PGPduon80nryuYkG1O5A3mkd6ZhVusHg4hq3EMWo2tlyaWHvI4REAn0B/3VPGGBxwpGKiiUS58x4EhJk+Pk17sja75c9i5bMRbDL5jdA3mfpnyv9xpaqkUDzVHAMtHvN+1pGyLIzTeAwtDLSLCvElMiiQi3As/D3sSUgNIrt+Mjb8ZPh5WRPo5EeJpT7CvB7Exm0lKK1CBqap1kIz0dDbHJhETG0eBwFVkUDCRwf5kpiWpRX4VCMvJr6KmZZDtShJ5QQUpySnq1OHm5AKyi2sJ3ZxNddcIzh4B6jJ1pcSFu08Ybn7huPhGECOeuJO7H87e4bz62hJeeOl1Vq7TZ/majSxetpY3lJwYM0c2mTlh7eqHrYsf5tauWNh74OgVLAY7TIWumKRMIgW2ErKKBK6UVYHDbBVo2rKtUo1WpZdUE5WaI/23CO8IgcHSBlXgLix5K6UtI2wTjyour5LQ5G0ExueRuLWGzLIWthQLuLWO0DVxiIGpg+yY2cPBI6eZVFYuTuymtqmDzt5B9uyd4/iJU+zbu5f9h44KdB1lfHSUE4cPcOHsad493c+5w2NM7xgmNzWZ/sYGhtsFPsvLKCkoITQ8jpjQMBpKt3NwagdHp3YzNdPD7NuOdHfX01LdwMz4Du7evManD27y8Yc3+e6rJ2q5HCW6tKO9jNr8RFLCfYn18yDQ3YaiygyGzk2Q0ptBXKEnJblRjHc2sVug6eyhGVUR/v7Nt7l16TRvn9jHzXdO8+j9a5zYN8m+nQPsmxrmwOQge6WdmtvFEYGs4/tn2D89qpZhaigvUrXQ7EyMxUi6ynUPZ0t6BpvjUojenI5fSAJegfEERW4hMimf+C35+Mi9OTA7Q21XN/auobgFRKJv6cnoUQf6przl2ltiYGaPvokDhsb2qjr7QjFav3lZk9fe0Bb4tmCDvrWAizJ9KIOXhQN+ngJLTv7YCog7OnjgZO+FpaWLWi5ng64t62QMWLxUDPFKPZYs1WTR4hUsX6GFt6sHqbGxONk6YGk2LzKqrb0JTU1ddLUNcLZ1xMrYDBMjEwGqdTz/uxdZrrFShaigYEV0MxI3Zy98vIJwc/XCy80HazNb9HRN0NEWMDAU7zYwhTUCSCtXrBOjr8PiJZqsXWuIibkH2gbOasmcJav02GDkhL6RC+biCJrYhsjrnuhZuKNt6Iyxrfw/3wQ8gtNIK+kiOr1anKw0bFxC5HzGC1Q1UN44Ql3HJB1DYrR2HlQFeDuHZsTY7GPXgRPsnD3AroNHOfHmeU6ePMehI8fYL626sRlbe2e0Nxqo04U6G+S/6+phbKREtszV6JYS2VIAy9jERPYbq3IO1jbW2DvYqaDl6+v3C2j5+ctjP1+C/LwFuP0FtuSxr7cq76BoaPk8W3no6eSgJrq7OyvSJc74CIT5eLiqU4bu9jYCWnZ4uTri5mCLjZkJFsYWqlSG1rpNOEe4C2TZs0LRCVurx3otI3W16KpVympdfQFbfVVYVsl3U8RlFy7V5g0NZSpRV50+fkNg6WWBrNeVPCnpF68v3aCuQl2gsVGAylD6oAUa68zQ0rNH19gZLX17Vq63RGOtGZoqCNuyVNOEZQJQi1cZsWCpHr9fILCm1i3U5NVlAukbxHk38BBQDsfEPQWXkCK8YmrE7ozQMPYWe89+xNkbX3Ltg2+5/9mfePLtX/lM4EpJbP/qh2eJ7UqESIGYH+ZXCs4rqiv5WH97lnf1PwPWPEwpqwT/+y/yDP+D9tVf//lLvtYP/55b9dPPOVf//B8A62fI+vOzVYXz3/33Zwnv81ORSt3DL3/4h7qi8NrHf2bmwueUj1wis2EfiYU9+MUVEZBYIuNrk/TfboqbRmgdnmFs+hA7pg8K8I/R3tOvSt40NLaq0azSihpKyiopE75QNKx+1sDq6Oqc18DqVZLXh8TBHaZvaIhBcUBHJ6bZMTnLiEDWwI6dDI5PCGDJ452T6vOhKWXF+U6Gp4dpHWunrLeC8r4K6oYE3kYF5IaqSaiOJrzKk4yuRLL7UsjoiSKpzY3kbh1yd64mf4cZGSP2pA/YkNZvTnKPKQmdtkQ2ORFY6YxfhRsBlcEElIXhu80b9xwbHLL0cczVxyXPgF89+uwbbr7/JR8//Y4PP/uOyYPTpG8rpr6lHDN7c15buYKV2nromJrjLkDgFxpKTFwqIzIY33ncwL3HhXz4aJAHn/Vz8+McLj8s49pHHbz/yRyffH1OLoQYoutCttva2d54Rn7rc86+e4U/fn+VP/9wjmv3qzh3o4DPv+zjzqMWbj8c49Hnp3nwdE5gqod3Hwxx8SMZHN5uZub4EMWdrdiIZ6tn5YNLlKsAx0Z12a1SrFFfblT/pGDKO5OYmMtnz+laGqeyaJrNpWNvLocvFnPxfg5v3U3j+sMIgUFvrj5Il8dN0umn+fTbk+JZ7OPiB7P0zo3iL/+zY2iSL364w6lbw1y+P85HH+/koyd9AntFHLsay5ErWew4003dvg4Kx+soniihZiKWnFYP4qoCKRqvILrSHe80TQLStfFNWo9TyBrMfVfJ1o4kuVCZg/4UjjTTfHCQpqkmMT4CPB2ZbLL5TxlYjHAJK8MyZDvLNnkISDrQOVrM8GApHok+6JqsIzE3kZAEL7Q0l+HibEVUlIBRZADBgV6kFSUQUxWLpZcpcTGB5KcLnAhkRQd4khAVTnBAELnb22kaPkh15yTRsWlER8VTUt5EUXE52wq3ixHNEvCKJzlNWV26n4GZw3IM+xjYdYSSuh6ikpTaUtspqO5gW02vANY4jh5+4m1qsWa9Eal5RQJZIQRGppEtAOThH4S1iy+mdm7omtqyfpMFryzU4IUXF8r7jdExtFPL0WiLwdTeKAZ2ozkGxnZYOHphZOEk0CXG1dWXiOQc0vJLCY7eQlx2GXFZJRTUdsv1HxWvv5Sq9n6SCmsITy0gPruS9NJmguOz2ZxVRoiAVviWIhIKakjeVkdGRSfbO8YpaR4kt7KD/LpeylqHVKHU42++xUkxVNPTs5w7f4bxiQmBLAHh2X0c3H+I/Xv3cfXKZVX8c2JklFs39/HOpQSmp/o5tH8fhw/s4eyp45w5eZhzR/Zx+9Lb7NpzkOjoOKrKSjk8O87x2Wm1KPTgMQfmTrfQXt9Ka1UVe8Q7u3rxHA/uXOOTB+/x4XtXODG3hyP7dnFSgPzQWDM7OivZdWycjhMjhJQFS3/w5cSuHvrqi5ib6OPG2UNcPLGfd08d4rK0K+ePcfXCcR7dvcqHty9zU8Dr0f0bfPHkPm8JeM3JgHRgYoCOmhK2pSdTW1zIcHcrY/0djA/2sDUzTYyoLy5OHgL0kVRXCDQWlZOUkk1KZglJWcXEpElLzaOsupSRk9PYCHAHRKTh4BXKxk1uxOXacv6urVxPGyys3VWg9pI+YufgKa87slrbXAyfCas3mAuQbGKxIlaqociaGKGrZy5G3wprU3tcBLz9/cKwsfYQwLIWMNqkltNRkt1XrDZQC0Ivlc8pYqMOti4CiMFEBAaTHB1DTHAw4QEhhAksBHj6EuAVQFhA2P9f2HmGV3Vlabp+z7Sf6ZqucqW2XbYB22QRBMo555xzRCiBJEBIQkI5oJxzQhFlCeUACBFENphsG4NzqCm72t3t6qp5Z50jcLmrn37mx37O1U2695x993q/tff+lrynHdYW9oQGR5OTXUhWWh6eHkGYm9kInNjg7x1IUKCIHksJ/PrmAnu26OgYsXuvBVukv27ctEstSK1rZIerCAl7By+BL0tpFhibubBxq8CYliWGJq7oWXijb+6Nkb0/Fu6RWDqGYmwdIL+PABFWCRhZCdR5RRGTmE1MUpb06XbK6ntIzSwhRURDUYUo+84BUfdd9A9M0i1CoFEJZj1DjE3OM7MowX10iqnZBQGsOSZmz4ogmJBxwoYtW3ayXUOTHTv2oLVXDz1dY3QEbBTIMjY2VacODQwVsLLCUr6j4givTBna2NhgZ2enHhXgcnFxwVmxYHBQmq1qV+Kt1OR0scfTzRFvL3fVgNfFSeDMxUltjg52OMlr7AW2nOwkWMnfLtYWOAloKVOKpvo6ArtaaO/SxClSBJaMa2+v3y5ArMmePUqWzYzduw3UKdlt23TYIDCt7NrcoBT+luu/XUOX7TsFnKQ/vCIwtW6TsqFIR/VWW7dJV52CVeD+zU368rce6wWytkq/27jThM0CWpt2mKn3b9QwUTNZrwk0v7ZhrwjAPfz6VQ1+9eo21ThXXcP1th5v73Vgm4FSGzYSU48knEKzCD/aSG7LOdVIdHD+Iefe/YK7z/7EB198vwZXf/yBz6QpkKVkrtQdgQJZazYMin/Vn9XpvX95YbXwI1T9bS2WAlJrGa4Xj//1vzRlN+G3z6ccXzi8/21n4d9bNfzdFKECYt+vTTOq/+97JYv1VxUGP5XP/uiLf+fS+3+ide5DMpoW2J9eJzGnisjkEiKOlhKXUcPhvDpKGgR2esbpENHa0NpJeU09pRW1FAhg5RaWkC2CMiuviPzCYgrk77WF7icoLi2mUiBLsVyorlHEbZ0ca6gS+KqsraWysZFKAa/ypmYqW1pp7umlrf8Urb09NHQLiPU10TpYT9nJfNLq4wnOcyO0wJugHPkN5wQRku2HX5YtUeU+Alj7ia/1IbbWiQNNu0hqe53oph2EVlkQWmHGvjpDDjQbkNCmT3StAYEFpjgfN8crxxH/ggBc06Vfp1jjcMQUqyRdbI/q8LNz1z7iD999z3uPvuLeRx8I+TUTn3wA9wAvrFxF6UhHN3c2x9DCgM07t6Gxe6N07h0cOHSA2/cyePYsmfsP6rn9YJD7n9bxvmLl8EUdT74a4fGnfTz9Op3ivnASCovwipFA3rjK6h1R4l8qZqXTXLydz70HOfI+xdz9oIWHz0Z59vUK7z0bZ/JCK3VDdaRVF+MaFsQeM3s26diwTsOQLfoGGHmLktHaiJWHCUeKLBm+ECRE3cH9T07x8JNBlt5roWw0ihN9URS3RbB8/ShXHyRy9WEC956FcfuZBzc/TOT2kypufJDJnWelvP/5EJffH6O0v4aA6DTqe0Z5+OVlVh7OcOl+Fe/eP8K9D45z42ERF27tY+XmdpbvhNC9nEtmbxbHOo6T0ZFIbm8w+8scOViXwOG2FPxSduOXvB0faS7RWzB0W4dN8B5iG8yJrHUgresElacbaByupGOqntSSUPTsX8M26CBmnuls1HXl57/fjqWvFSXNMfR2p+C8z4Y333qdgLhoPCJcZGB5CyNTYwlUDgSF+uLt7UpcYRLuiW5YOBoSExlGRno6ibHhJMaFsz8kgABfHyJiM8goaKGoYZTixiF1EXvC0RxOVHdQWnuSppNyPmo7ScuuoEjxtxpekA58muH5ZQHyBZLSiolKyqG4ZZDmU/Py+Bx+EXFYKA7XFk6UN5/kWG4pEQeOcDAtm/i0HOJSC7D1CsPGTRSfqR1vrN/Ka+u2YuHsxz+9rBS9fYWXf7NOBsidAlcWMugZoKFtiraxDPSeoVh7hJCQXU5wbLJcp6NEpxSxPzlfftxFhCakkSBgpewMDEs4TkC8BHsBrOCEDEKTMrBwC8Ra/rfPvsO4Bx/EMzIJj5B4ga8EacrtaHwErpVae9nF9ZTXNqoOwm0CT4ODI8zOzUnQGhNV1Sr3dTAzOcq5pRnu37slYLXM4sVgppaCWVxcYvnMHLOTI1w4u8TVSytcPDfP+ekJ3r28IsDSRFf7Sd67dkH1nprs66V6yJeFq2ksT85wuqedqoJCzi/M897V89y/vsLjW5fkvWaZnzrN2ZkZlpcmmFodJaM/H79UNzJzIlkabefmmVHGTlYzKYA12d9CW2WRQFOrOhXY31DJxfkxrghoLY72c/38HFdWljg3O64CVk9TpTpNqLSelhrqS0/Q295Ce6MMchWlFBbmERIciKWFDVYWdvj6RxC2LxGvQGUK9zAJafkkyrUI2p9Ky1QH+9KPYm7ni6ePXG8HPzw9IwgIi2TxPUvScuywNHZDW1tgyc4T/4BIgS5H9Exd2K4EPAlwW3cLhO8w4fdvaEgf2a5mubS0jFW4sZAxQd/AGg0Jpsoi6F/97m12amixZbMGb63fxrrXN6vH7ds0Wb9hExpbt2FpZIa3uyeJUVGkHYwX0PLB39MPC2MLATWBIFNrPL3DVY+vqJD9mBtaoqtlgJuDMwdjDhK7Px43Zw+MjSwwNLQW2DNmswiJ37+5Xd3V9uobSlFwU2zsvQRkPNHRt2GXiAZrgSgrBx/0TR1FJPhg6xqAua2bCI5wAiKP4BJwEEe/eCzsZfCPTBZBkoC9WwSx0rdTc2rILGwgPadaBE8KBw6mUlPfSUtHH83NnfT2j9DbN0lldROdfacFomYF/ocZGx2U+wfpPzXI9OwiI2PSX+TYKar/REU9Hl7e6OoayDk0VgFrrRlhYiLnQrFVkGtsaWmLmbml2iwU2LKwVBfCKzYOimmpkZGhnDcDAVBTrJUpQSszrMyNBcBNcXG0wc1VKSPkgLMA1hpU2eAozcnWFmf7tUyWo+K9ZWmKo4Xp2rSiiGVLQz1M9LXxO+wmgs2SXXJdFfgzMjSXa2SJrZ1AvrWbfA5r1e9MV9dKde/fI31DqU+5V0cBXkPe2qLH5h3GvPGOFhu2GKgea29t1kdDUyBNR3H7t5XvbyfXyZZdWlYCV6YS68x4a6uh3Bbg2m2uThH++vcaakke5fiKMq2oTCVu0OatnXYYOMVi5nUEt7BCnEPzZMypJLlkjLL+6/TOP+DMjU9476PvePLlGlyp04J/XMtefaFksL7783Nfq7+oOwjXoGltwfu3L2wXVHf2vzyHrb/+F8D6cWrwX/+2Fmtt9+D/XXv+8wzVCxj7qdGoAlj/3bqstazXc7sGZYrwu7+odRA/+6OShfuBu5/9OxNXviav7QKJhb0czG4kPrOG/Wml6nrcouq2tZqyA9O0do3KeNpEYWkFBUVl5Atg5RTKmFJSyYnSKoGtYoGsItWSobBwzWi0srJSNRotq1DMRNdqEZZUVFJcWU1xdQ0nausorhOIU3yy2tqo7zpJy2A3jadaKO0soaK3WK0PXNh9nPjqYAIKHAkp8sX3uDceqY64pVjhlWHOvnJnYqpdiao2kri8kej6jQJWu/Ev1sGnwBj/ExZE1RtxqFNahxEH6rQJLjIgqMgZzxwn3I5LXz8uQiLFFssEbQEsPX5249HXfPLVN1y4/owbD+6TWZCMlpkZG3ZpsX6XCZt0XQiPz2JgeIKRyTMSaOrIyk+WABzPhZVivvyykLuP2vnw2TR3nnbxwWeVPP2qmy++vcLH35xj5X44sSWenLvSLNCQjLbTMSq7bnL93mNuPh5g9Fwcnz4tkFbEs4+HBXDOMHfzNMnlhdj4x2PkEs5bokx/s07ZQrtelMRGUXjWEiy9ya7bR1VHMDNXk1l9EsSNJwHceVLP48/Oc+ZOCyVDweT1+HK42o6G/mj5fvHcfBjLyt04afu59n6MQFW2tHbufdzFQwHCR18oYNZExYgARUkXx+UCXnhwmkdf3uXWh02cveHJ9QdR8j45rNw+wuKVbVy8pc3clRiaJlNpm86nevw4CfVRhBV7EZrvxdHOfKLLPQlO245/2g7cDm3E0Hc9TjE6RNZZElblQl5/ObXDTdTIsWNOOmeynUCYNYauh9EVNfu2trNApQUhaT4kFfnQ2X8Qt3BT/sdLP8czej9Bh0J54/XX0TezxNLOEWc3ZwlYNiRWpGMVZom9ozlx+8JIPZbOsawCklNTidkXQVRcAkmZpTT3zpBb3ERuRZdcnzmKG3qobu6hqqmLrpE5Js9eYXDmnOqi3tg9Ts/oPAuXbrJw4TqtAqGp2bWUtwxR2jpIy6lZqjvwHN4wAAATu0lEQVSGpeN3qItw+yYX6RiZpkaUtuJVVdk+Sn5DL24hcRKQEzGxdsXQygVb9xA09Mx46X//mn/4+cv88nfrZCDTYMN2XXabOmAswUkJvHrmjuwxsSMo7igRSYpXWI681wFiUouIPpyJZ2gs8SkFBB44jqdAU/iRHJyDotllYIWRnQcmNu7YSwB1D0/EMSAaW+9QjG082alrhrGdGx6hMQRFJ6hr0wIjYqW/F9HYKD9i+XG3NrUzPTXL1WtXeffWTSYnxxgZGeT88gLzM7Msnqtm+aYmozPHmZyYYnFmgtXzC1w6O8fFszOsnlvg/q3LvP/gNv0dLfR1tnP90hJTvW0Mt7bR0HuYiWvhzJ2eZKi7jU75vU0NnuKzD2/z2ZN7fPP5h3z+8SMuLi+yMD3K6dUp9lUfICLDg9GBBmYHOwWq6lULhq6aPGZ6G9UF7KNdTUwPdFJflsdgax0TPS30NFZQdvwITWUFjHSfZHnutMBVFeV5xxnubqelqkI+Q6dA3Cw3b1zmxvXLXLx4nvGxMZpENR48kISziycu7kG4yfl08gzGLSBG4PoQ7iIMDhVk0zDZSnRcKsczBMrCY/ELjiFVzmt8XBaDZ0OZuazsGHTCxHAtOHp5BkjQkyCnTPVJ26ppwV4JfkpGa+O2tUymUpJGXymDo2MmgdtDtXPQkQC7S9NIDa6aSoZrjx52SoZJR4BhrwHbNu8U0NrENmX9kcYeNHfrqKVufAW03J1cBdRsVR8sDQEzLYEpJ1sXedxRIE7J6hgJRJgLVHkSGbofX09fAQOBBkd3HB082bPXlE2bdsv/NEJLYGuPpoH89rxxcA7C2ydUIMQJU3MX9uraqLse3ZRNHH4RBIcdIDwqiZgDGaRkVBArqj8kTsTH4TwRM5XsS8xWN5A0d53mRHkzBSeq6e4ZYmZG+tr8EgsLy9LHZhkcGGZwbI765l7qW7tp6+hmfPw0I8NDjAwOqv2zv7+byXH5u1f6x4TA+bnLnLt0i46OVtX82MnFXeDJTs3QmZhYYi5gpWSvlFqGJiZm6mJ4Q/lbyWzZ2NhhrgCXxAlz87WyOza2Sj1GK2xtrLE0M5ZmhLWFiTQzATJp5qLqLcyxtrJUTU1tlcXtyvOV++T5ZkZ68hpDnO0s8RQYc7O3xVXAS9lQ4Z/mgaO7A2bSR8xMrNRz7+rqI6AehK9PCF4eir+ZhzzXS93VaWXpIp/XEQOlfJG+NZp7zQVwrVRPtZ06tugYOWNkJs8xc5TPotRndJP385XXe2NkbM8uEfE7tGzZIpD1zjYjATJDNYOlQNZrm3R5ZaMer7wtR7mt7D5XfK52mvqjbSGi2Ho/Fq6JBB+sJqd+XvW7uv74Wx5/8m989Pm/S0z8Nz5Vdg5+84MKWC+mBpV1VwpgqZD1fHrwBUB9+yNYrWWevvtPuwVfTAv+5+nBH0vgPL9fXaj+fFrw2+/XahCulcr58/9/R+GLdVjPLRuUEj3PBBI/EcBSzFAfyveav/Utpb23yKidlrF9kFIR21nlHarvlVJztnd4lr6hORHrIxSW14kQLOJ4dgHpWfkcTc8kLTOXzLwiMrJyyc4VcV8skCWgVVggQFVURHl5BTW1tRSXlguIlYk4ECCrqKakpo6KplYBq06qRexWNbdK7KqjvLOJhgEBuY5MjjXGkdYYRUZbLKmt0cTWBBFZFUpERTR+2f64HbXH45gFPrnaBJUYESZQtb/mHcLL9xKQb4xfng7+hXr4F1kTIhAW32TN4ZPGHGk35HCzqYCWp0CWA5GlARLvg/BJ98HhiAX2Kab87Pb9r3n21VcsX3/KRx8/xSfSi1+8uYl/3qjsptjGz19dx6/Wb+a3G2VQMg6QH/g1rty5w7mV8ywtr/Lg8U0evX+LDz6+zO0njTx4msWDj3N4/OkYT7+eE3V9jIB0xVerkPFLGZgHphKZPsXkpS8YXrlE98xRpucy6OyVk9hYQlhiDJoWDqxTUrTSwf95qz6/37aHTTo6rNfQIDUzm3sf3uTC3V4uP2pg+U6eAMl+xq6EMnfDhWuPyrj4sJfigRBSmh1IrrflqFDpqfmDXBe4ung/lskr/kxcdpfX7hewapPvf56PvjgjcDfG+1+MMnq1jLaFLjrGZ0nML+X83Rk+/dNj3n3azcglF1EjnqzeS2bh6gHmL+lx9fYO+X7WDJxNpvdcPaMrtdSMphNXHUlgvhtx9YmkdOUSnqVHoECWd+o2bCLW45liyL56uWiVTvJ562jukcF0sF1d15VdkomBY6Scc0/50QYLYIli9rQjUjpESIo9NV2xJB515h9eeomAQ6LCU/bxu9/9VgKRJmYuAQJaMpCYGhBdegiHCA+8vN2JCg8kRLFhOJpDTmkDJ5o6qOwfEnV8gvrOcYbnLwtMVFPTNkb/1CVmLtygd3ye8cVLAlZnmDq7KjD5kPkL15g9v8ro3Arj8/K85Wv0jJ1hYHaF2pPKay/QM3meplMz1JwcEqAaoFDUdqcEgaKmPjIr2skobeFQVgUJ6aV4SaAJjTuCia07v31zM6+s38r//MeX+ceXX+F367fxv367jlff2clOCaw7FYUqitNEgMjCJRiPsAQsZGC08wjBWWDJyi2QgLg0guIVV/EEEkTxH8itxCU0Dl0ZeDdoyCD51nYJ3MboWwn0HjyGf1wypo4yQJrYo2kogUXeW9lIsF9gLTW3jNKaJk719zLQ3ymBqpfp6QnOnVnklkCHmiHo7ZJgN8/80gRLV10Ftk0YOd3LxOg4k0qx5sXTPL5/nfdurHDj8llur57j3vUVAa8zDPb2c3V5nncvLXDv4lkWl/poWbKlp7+KloaTzE1PMtnXx80rZ3hw+zrv373F00d3+frzp4wvDBGSFUT40QDOTo9w7cKiQFQHy5N9nB8/yXxvPSeri2gqKWCsu5mu5moqBHpOtTfQUl5A+fEUsg7F0VpVwmX5LJPDAwx1tTI73Mt4TxsdDdWM9HRySmCrq7WZtvpa6qsrSU9NI9A/mNCQCIICw/D0CiEo/CCh0UeIjMsgLOYoviHRFJ7M5WB+Oi6eAiUCuDYufmgJbBhbuBIRlER+6RGuPbHk1EQjxUq5okOpuHiE4uUbiamFG3qGDqphp6mlh0CWPes2afPGBi22bNdht+barkHtvYYY6FlgoG+lZi0MBNAtzGzQl8BqLPdZmVphrUz5WTtibGiOtpY+Ghp7MTIwQWPbbt588x0cbOzxcvIUOLDDzsZGtW/Yu0sHnR2a2AgMWFlY46TUmoyOk+8bjLHAlqmx9ENNPd58YyPr121TCz6HyflISs4kPj5NDfSB+w6TdCSfw4nHiAhRduQGCxQEEyHQfiD+EMnHTlBQ2kpOcSvp2XUSZCo4ntdASW0faVnVZEm/be0eo6SqQ9R7M8Pji9y894QzZ84L5M+wtHCWOYH6udkZpqbn6evpp0OCzED/AP19/fR093JKyVxNjTMxNszIqZPMjA4xJDB/ZvEsl1bvsrR0hs7OVpKPpmJgomR/9NQdhnu1lEXvu9izZ68Ap85aVut5hs/MzEoFLFM1w2Wl+mVZWFhgaWkp8GWLtY2Ak6VAlKW5gJq5ag2jr6uF7l5N1Vh0r+ZOdKQZ6mhhIPfraWuis3e3nFN97G0scLa1kush18TZEVdPewLTvfD0dcfD1Q17Oye8AkT074skIjyOqKhY1V7DydENZycPXF281GYv8Oxg7yafS/qPuZMAlZv0KU/MrL3UPqWlZyNA6I6tCC5bASwXF2+CgyJFMPir8KUlkKWx04i3NyulmnTUQtKvbtjDqxu1+cUr23ltgw6bNK1EEDpLc2Wvmb+ML8E4h2QQm9XN8bpFqvqvMb7yEVcefS3x8Hs++lKgRIGrP/zA5394sfbqr6o9g2os+u1PsljPM1nKwvIXdgvffv8iM/UfP8KU4oO1dv9ff+KT9be1WT96YSnP//5F/cG//Dh1+GNdwp/4YP13uwl/zGL963+oa8WUhe5K+1RA64Ov/8LA+Wdk1E1T3DIpsDMq8VyAv3NI4toIfSLSewdnqVI8sMpqyM0vVkvlZOYWiuDPlf6fR1ZOrmrZkJOfS17hWnHnvNxcOeaTn59PQUkxRWUVFAlcldQ1UNEqQNXRK2L+FPU9w9R2nqKus1tgq4XSpjpqRVw2jNRSMZBP2aBAXFsMCbV+RJa5EFkTQlTNQQILIwWu3CQW2who6eObp09Q6XYiKzYTXmZAeLGTQJMDIQJQYSVuRJYHE10VSFKrF8ldNhLXHTnc5izNn6OtKcRVJuOftx/3dF/sDtvws4mFx3zy+fdygf+FJ589Y+RMGTmdtuw/oc0u+628/Pab/Hr9FoEcbbQt/ST49pBWEIuDlz1WzrHUtSwxOXeBjr4lbj24ws0H3dx72setDwa5+TiPtpkw9uVEcvHdTs4/KJLb8Vj6ZVHRdZUztz6gUQZ1u8BEdK39eVvThN9u2KFWhH9t4zu8sfUdtG32klUbTG6nDE6RRoxMnxIIus/c9QoBnTyu3a9g6XYAY5fDWbiZyNKdbMpGw0ltc+JQox0xFaZktfozs3qElfdiOXsrVMAqhtkbfgxdcOfivRPS+ad48sUcd5928O6HLfRfKGFstYNPvr1N30wX7YMdXL1/loXr7fSdTZSOFMD89VimL0YxuazL6rtbuHhnFwPL0UysdglUttM7X0jT6XSONkcQXxtLWncJcXJR/dQs1na8ErcRWmRJZJ2NAJYLBT2FQuNl0iEaqTldRlJeFnvMvNG3DWSXWQDvaOrgd9BDAMuHoCQb0mtDqGyJExWmybGGXPwPhfLLX/6GrRIY9igeQm4y6IT745Pqi5GrNR6+QaKcXQkK8mX/gWQahhepH5yiXIJ4Xdsp6bgdzK3eY2R+hdbeceZXbrBy/S6rdx5z4eZdCeZKQeaLXBDAun73fZav3BLIusz0uVXOrL7L4iWl3WZUYKx38izNClyJ8q7tmSC/ul36TDUnGnvIKGkmtVAUTFkruTVd5NZ2ky2PR6dkYSIKVAGoV9/ZwUv/9Bte+vmv+IXA1fote3hr2141o7Vbgqmlkz+G1p5ombtg6RKEsaMo2KA4Aaok3EITCDuci2NADK4CWKklHfL+vQJaNURnlOEanoCNTzjbtUwl2Dti6uqPY3As9n5RaBnboWvuyLY9xrwjIGZm50lAWCz7ohMpKa5gaOAUY2MjEtQmWZiZlnaaxfk5ga4+ahta6Z9OYfHmDukzQTS1NzF7dkiC4CwDHS3cWL3A/XdXpV3hxsoij+5cF+i6yaVzC/LYRT68d1VdcH5rdZWmGV+mF3I4fWqMKfkfHc09TA71M9nfw7Ury8xePE3XVB+5DWnUtuSzODYobYjhrhZmB7pYGhdIK88nPS6cmAAPPOxtCPPyoDg7nZyUI/QKaDUWZ1OVd4zpwW4uX1hi/vQITeUlzE2MsDw3wa3LS6ycmaH/ZAsd9RLoa8opL8wmJz2ZuP0RuDg54+GuTPf5YWnlgINArquAlrvvfuxdQwmKi6J6uJzgfUcIicnA0UfOr5Gzal+gqWuLsbU3Vg6B9MzYMrkSQ06RfPbZRQalT57s7OdYSoaakbC388bIyIldOrbslqCnqWUlwc+S3crC960CW9I0dxupi91NRFRo6ZiyY6chLq5+2Fk6EODuQ4BXgECBHVaWdugIQJiZ2uBo76zCk62ZGdEHQjiacRBzU0P5f3bo6xhiom0oj1vj4+qOr5sXB+MTOXQgDiPF2kAAY7vA2Ruvb1AXihsbWhAeHktySg4hYfG4ugZy9HAWpeVN5IlKLyvIoSgnk8yM46LKT9DU2ERzcxfd/ZN0iLpv75unrbWf1vY+yqrayMwspEZ+l6PD04wJVLV3DtM7MMnqjUfMTst4K31wdGSc8fEZOY4xMSJ9UoBrZKiPWYGpM0tLLM3NMiXXckbEwMTIAK3VJfS3NTA12s/0SLf6nOXzF0QYnGFifIy29k78g0LZvHm7nL+9bN2+Uy0BpHhRKa7vu3btUafn9PWMVUjV0zNUdxgq67QUXz1rK2vVxkHJZllZWamwpTYBMAWwjI305dzpYWJkgKkcjfS01aOZsaHAqQlWZkbSDLEyMcDCSA9HK1NcBdTcfB0IzwxYM7b188Lfzw+PYFv8ohyICI0mKjKayBARsgJZgf6hcl+UClz+PkF4uHnj5OCOk5M7zgJgSl91FZCys3FeK/nlHSjQ5iPNQ6076SwQbWUugChNV1vxTzNj0zadNcjaqMdr72jzurStOg4YOURi4hKNsXMC5u6HcI/MwTe2mISCXlLLJzlcNEJ+4xwTKx9w7f0/qIClWDJ8qpTB+ebPKmB98WJ6ULFn+HGK8EX5mzV4emG38O3zzNPfFrqvZabUGoR/+htUvXByfzFd+N3ztVbq2q3vn9/+SQbs713efwpVL27/1Ih0zRdrDfw+V6YK//hnnnzzAw+//IGzd/4P1QPXOF7eQ25xA2XVLTS09VPf3q9aiHT2TVBa1URRSYXa8k6UkV9STnahAltFqm3DsfTjasvKzSEjO5tjmVlkZmWRo1g6lJRQWFXLifoWytsFpvqnaBkVgSCCvnPqPK3DCyLiF+iZWqCup0fG/QJylbq+7ZmU9OVQMVLKiYE8jp9MIa3zGAfqDhNRGo3XMRkjj9rhnWaLf46ZgNQewku1iKl24kBDCLFVYUSVhqhtX1koB2uSSGpIIrl9H2m9EdJCyejbLzFesVs6rNYrDCgUMZYXx/8Dg80u2cj9zrQAAAAASUVORK5CYII="
        ],
        "tags": [
            {
                "id": 100,
                "name": "reptile"
            },
            {
                "id": 101,
                "name": "dinosaur"
            }
        ],
        "status": "available"
    },
    {
        "id": 9223372036854623902,
        "category": {
            "id": 0,
            "name": "string"
        },
        "name": "doggie",
        "photoUrls": [
            "string"
        ],
        "tags": [
            {
                "id": 0,
                "name": "string"
            }
        ],
        "status": "available"
    },
    {
        "id": 9223372036854623903,
        "category": {
            "id": 0,
            "name": "string"
        },
        "name": "fish",
        "photoUrls": [
            "string"
        ],
        "tags": [
            {
                "id": 0,
                "name": "string"
            }
        ],
        "status": "available"
    },
    {
        "id": 9223372036854623904,
        "category": {
            "id": 0,
            "name": "string"
        },
        "name": "fish",
        "photoUrls": [
            "string"
        ],
        "tags": [
            {
                "id": 0,
                "name": "string"
            }
        ],
        "status": "available"
    },
    {
        "id": 9223372036854623905,
        "category": {
            "id": 0,
            "name": "string"
        },
        "name": "doggie",
        "photoUrls": [
            "string"
        ],
        "tags": [
            {
                "id": 0,
                "name": "string"
            }
        ],
        "status": "available"
    },
    {
        "id": 9223372036854623906,
        "category": {
            "id": 0,
            "name": "string"
        },
        "name": "Puff",
        "photoUrls": [
            "string"
        ],
        "tags": [
            {
                "id": 0,
                "name": "string"
            }
        ],
        "status": "available"
    },
    {
        "id": 9223372036854623909,
        "category": {
            "id": 0,
            "name": "string"
        },
        "name": "doggie",
        "photoUrls": [
            "string"
        ],
        "tags": [
            {
                "id": 0,
                "name": "string"
            }
        ],
        "status": "available"
    },
    {
        "id": 9223372036854623910,
        "category": {
            "id": 0,
            "name": "string"
        },
        "name": "doggie",
        "photoUrls": [
            "string"
        ],
        "tags": [
            {
                "id": 0,
                "name": "string"
            }
        ],
        "status": "available"
    },
    {
        "id": 9223372036854623923,
        "category": {
            "id": 0,
            "name": "string"
        },
        "name": "doggie",
        "photoUrls": [
            "string"
        ],
        "tags": [
            {
                "id": 0,
                "name": "string"
            }
        ],
        "status": "available"
    },
    {
        "id": 9223372036854623924,
        "category": {
            "id": 0,
            "name": "string"
        },
        "name": "fish",
        "photoUrls": [
            "string"
        ],
        "tags": [
            {
                "id": 0,
                "name": "string"
            }
        ],
        "status": "available"
    },
    {
        "id": 9223372036854623927,
        "category": {
            "id": 0,
            "name": "string"
        },
        "name": "fish",
        "photoUrls": [
            "string"
        ],
        "tags": [
            {
                "id": 0,
                "name": "string"
            }
        ],
        "status": "available"
    },
    {
        "id": 9223372036854623928,
        "category": {
            "id": 0,
            "name": "string"
        },
        "name": "fish",
        "photoUrls": [
            "string"
        ],
        "tags": [
            {
                "id": 0,
                "name": "string"
            }
        ],
        "status": "available"
    },
    {
        "id": 9223372036854623929,
        "category": {
            "id": 0,
            "name": "string"
        },
        "name": "fish",
        "photoUrls": [
            "string"
        ],
        "tags": [
            {
                "id": 0,
                "name": "string"
            }
        ],
        "status": "available"
    },
    {
        "id": 111,
        "category": {
            "id": 0,
            "name": "string"
        },
        "name": "doggie",
        "photoUrls": [
            "string"
        ],
        "tags": [
            {
                "id": 0,
                "name": "string"
            }
        ],
        "status": "available"
    },
    {
        "id": 9223372036854623950,
        "category": {
            "id": 0,
            "name": "string"
        },
        "name": "doggie",
        "photoUrls": [
            "string"
        ],
        "tags": [
            {
                "id": 0,
                "name": "string"
            }
        ],
        "status": "available"
    },
    {
        "id": 3000,
        "category": {
            "id": 0,
            "name": "string"
        },
        "name": "doggie",
        "photoUrls": [
            "string"
        ],
        "tags": [
            {
                "id": 0,
                "name": "string"
            }
        ],
        "status": "available"
    },
    {
        "id": 9223372036854623964,
        "category": {
            "id": 0,
            "name": "string"
        },
        "name": "fish",
        "photoUrls": [
            "string"
        ],
        "tags": [
            {
                "id": 0,
                "name": "string"
            }
        ],
        "status": "available"
    },
    {
        "id": 9223372036854623967,
        "category": {
            "id": 0,
            "name": "string"
        },
        "name": "fish",
        "photoUrls": [
            "string"
        ],
        "tags": [
            {
                "id": 0,
                "name": "string"
            }
        ],
        "status": "available"
    },
    {
        "id": 9223372036854623968,
        "category": {
            "id": 0,
            "name": "string"
        },
        "name": "Puff",
        "photoUrls": [
            "string"
        ],
        "tags": [
            {
                "id": 0,
                "name": "string"
            }
        ],
        "status": "available"
    },
    {
        "id": 9223372036854623970,
        "category": {
            "id": 0,
            "name": "string"
        },
        "name": "doggie",
        "photoUrls": [
            "string"
        ],
        "tags": [
            {
                "id": 0,
                "name": "string"
            }
        ],
        "status": "available"
    },
    {
        "id": 9223372036854623974,
        "category": {
            "id": 0,
            "name": "string"
        },
        "name": "doggie",
        "photoUrls": [
            "string"
        ],
        "tags": [
            {
                "id": 0,
                "name": "string"
            }
        ],
        "status": "available"
    },
    {
        "id": 9223372036854623975,
        "category": {
            "id": 0,
            "name": "string"
        },
        "name": "doggie",
        "photoUrls": [
            "string"
        ],
        "tags": [
            {
                "id": 0,
                "name": "string"
            }
        ],
        "status": "available"
    },
    {
        "id": 99996,
        "name": "doggie_by_ms",
        "photoUrls": [
            "string"
        ],
        "tags": [
            {
                "id": 0,
                "name": "string"
            }
        ],
        "status": "available"
    },
    {
        "id": 9223372036854623981,
        "category": {
            "id": 0,
            "name": "string"
        },
        "name": "fish",
        "photoUrls": [
            "string"
        ],
        "tags": [
            {
                "id": 0,
                "name": "string"
            }
        ],
        "status": "available"
    },
    {
        "id": 84,
        "name": "MiPet84",
        "photoUrls": [
            "https://i.pinimg.com/736x/32/7e/db/327edb9a15b304efc264668ada03f725.jpg"
        ],
        "tags": [
            
        ],
        "status": "available"
    },
    {
        "id": 9223372036854623986,
        "category": {
            "id": 0,
            "name": "string"
        },
        "name": "fish",
        "photoUrls": [
            "string"
        ],
        "tags": [
            {
                "id": 0,
                "name": "string"
            }
        ],
        "status": "available"
    },
    {
        "id": 9223372036854623987,
        "name": "Kitty",
        "photoUrls": [
            
        ],
        "tags": [
            
        ],
        "status": "available"
    },
    {
        "id": 9223372036854623999,
        "category": {
            "id": 0,
            "name": "string"
        },
        "name": "morce",
        "photoUrls": [
            "string"
        ],
        "tags": [
            {
                "id": 0,
                "name": "string"
            }
        ],
        "status": "available"
    },
    {
        "id": 9223372036854624002,
        "category": {
            "id": 0,
            "name": "string"
        },
        "name": "doggie",
        "photoUrls": [
            "string"
        ],
        "tags": [
            {
                "id": 0,
                "name": "string"
            }
        ],
        "status": "available"
    },
    {
        "id": 9223372036854624003,
        "category": {
            "id": 0,
            "name": "string"
        },
        "name": "Mozilla/5.0 (Windows; U; Windows NT 6.0) AppleWebKit/537.2.2 (KHTML, like Gecko) Chrome/37.0.885.0 Safari/537.2.2",
        "photoUrls": [
            "string"
        ],
        "tags": [
            {
                "id": 0,
                "name": "string"
            }
        ],
        "status": "available"
    },
    {
        "id": 9223372036854624004,
        "category": {
            "id": 0,
            "name": "string"
        },
        "name": "doggie",
        "photoUrls": [
            "string"
        ],
        "tags": [
            {
                "id": 0,
                "name": "string"
            }
        ],
        "status": "available"
    },
    {
        "id": 9223372036854624009,
        "category": {
            "id": 0,
            "name": "string"
        },
        "name": "Mozilla/5.0 (Windows NT 6.1; Trident/7.0; rv:11.0) like Gecko",
        "photoUrls": [
            "string"
        ],
        "tags": [
            {
                "id": 0,
                "name": "string"
            }
        ],
        "status": "available"
    },
    {
        "id": 9223372036854624010,
        "category": {
            "id": 0,
            "name": "string"
        },
        "name": "fish",
        "photoUrls": [
            "string"
        ],
        "tags": [
            {
                "id": 0,
                "name": "string"
            }
        ],
        "status": "available"
    },
    {
        "id": 9223372036854624014,
        "category": {
            "id": 0,
            "name": "string"
        },
        "name": "Opera/9.46 (Windows NT 6.3; U; SR Presto/2.9.171 Version/10.00)",
        "photoUrls": [
            "string"
        ],
        "tags": [
            {
                "id": 0,
                "name": "string"
            }
        ],
        "status": "available"
    },
    {
        "id": 9223372036854624024,
        "category": {
            "id": 0,
            "name": "string"
        },
        "name": "fish",
        "photoUrls": [
            "string"
        ],
        "tags": [
            {
                "id": 0,
                "name": "string"
            }
        ],
        "status": "available"
    },
    {
        "id": 9223372036854624027,
        "category": {
            "id": 0,
            "name": "string"
        },
        "name": "Puff",
        "photoUrls": [
            "string"
        ],
        "tags": [
            {
                "id": 0,
                "name": "string"
            }
        ],
        "status": "available"
    },
    {
        "id": 9223372036854624028,
        "category": {
            "id": 0,
            "name": "string"
        },
        "name": "fish",
        "photoUrls": [
            "string"
        ],
        "tags": [
            {
                "id": 0,
                "name": "string"
            }
        ],
        "status": "available"
    },
    {
        "id": 9223372036854624031,
        "category": {
            "id": 0,
            "name": "string"
        },
        "name": "doggie",
        "photoUrls": [
            "string"
        ],
        "tags": [
            {
                "id": 0,
                "name": "string"
            }
        ],
        "status": "available"
    },
    {
        "id": 9223372036854624032,
        "category": {
            "id": 0,
            "name": "string"
        },
        "name": "doggie",
        "photoUrls": [
            "string"
        ],
        "tags": [
            {
                "id": 0,
                "name": "string"
            }
        ],
        "status": "available"
    },
    {
        "id": 123456,
        "category": {
            "id": 123456,
            "name": "dog"
        },
        "name": "Kyzya",
        "photoUrls": [
            "string"
        ],
        "tags": [
            {
                "id": 0,
                "name": "sherherd"
            }
        ],
        "status": "available"
    },
    {
        "id": 9223372036854624047,
        "category": {
            "id": 0,
            "name": "Nemo"
        },
        "name": "Fish",
        "photoUrls": [
            "https://avatars.mds.yandex.net/i?id=1987d977026b87b0889f11fa19ed76ffd75699d0-10876270-images-thumbs&n=13"
        ],
        "tags": [
            {
                "id": 0,
                "name": "string"
            }
        ],
        "status": "available"
    },
    {
        "id": 9223372016900017280,
        "category": {
            "id": 0,
            "name": "FISH NEMO"
        },
        "name": "NEMO FISH",
        "photoUrls": [
            "string"
        ],
        "tags": [
            {
                "id": 0,
                "name": "string"
            }
        ],
        "status": "available"
    },
    {
        "id": 19705858,
        "name": "PhRL6AGrtkRnj4hsUJOz_Modificada",
        "photoUrls": [
            "string"
        ],
        "tags": [
            
        ],
        "status": "available"
    },
    {
        "id": 84862428,
        "name": "7EYDQbyOUY3w1DD9biBf_Modificada",
        "photoUrls": [
            "string"
        ],
        "tags": [
            
        ],
        "status": "available"
    },
    {
        "id": 42181115,
        "category": {
            "id": 8557341,
            "name": "ut nisi"
        },
        "name": "doggie",
        "photoUrls": [
            "fugiat cillum",
            "cillum"
        ],
        "tags": [
            {
                "id": 67927893,
                "name": "et Excepteur ad"
            },
            {
                "id": -13431872,
                "name": "sint ut"
            }
        ],
        "status": "available"
    },
    {
        "id": 20083319,
        "category": {
            "id": 62517053,
            "name": "non anim quis"
        },
        "name": "doggie",
        "photoUrls": [
            "enim Ut",
            "ad "
        ],
        "tags": [
            {
                "id": -59403361,
                "name": "nulla ad"
            },
            {
                "id": -56161569,
                "name": "ullamco ex"
            }
        ],
        "status": "available"
    },
    {
        "id": 9223372036854624051,
        "category": {
            "id": 0,
            "name": "string"
        },
        "name": "fish",
        "photoUrls": [
            "string"
        ],
        "tags": [
            {
                "id": 0,
                "name": "string"
            }
        ],
        "status": "available"
    },
    {
        "id": 9223372036854624052,
        "category": {
            "id": 0,
            "name": "string"
        },
        "name": "fish",
        "photoUrls": [
            "string"
        ],
        "tags": [
            {
                "id": 0,
                "name": "string"
            }
        ],
        "status": "available"
    },
    {
        "id": 9223372036854624053,
        "category": {
            "id": 0,
            "name": "string"
        },
        "name": "fish",
        "photoUrls": [
            "string"
        ],
        "tags": [
            {
                "id": 0,
                "name": "string"
            }
        ],
        "status": "available"
    },
    {
        "id": 9223372036854624054,
        "category": {
            "id": 0,
            "name": "string"
        },
        "name": "doggie",
        "photoUrls": [
            "string"
        ],
        "tags": [
            {
                "id": 0,
                "name": "string"
            }
        ],
        "status": "available"
    },
    {
        "id": 9223372036854624057,
        "category": {
            "id": 0,
            "name": "string"
        },
        "name": "fish",
        "photoUrls": [
            "string"
        ],
        "tags": [
            {
                "id": 0,
                "name": "string"
            }
        ],
        "status": "available"
    },
    {
        "id": 9223372036854624066,
        "category": {
            "id": 0,
            "name": "string"
        },
        "name": "doggie",
        "photoUrls": [
            "string"
        ],
        "tags": [
            {
                "id": 0,
                "name": "string"
            }
        ],
        "status": "available"
    },
    {
        "id": 1234321,
        "category": {
            "id": 0,
            "name": "Cat"
        },
        "name": "Pamuk",
        "photoUrls": [
            "string"
        ],
        "tags": [
            {
                "id": 0,
                "name": "My cute cat"
            }
        ],
        "status": "available"
    },
    {
        "id": 9223372036854624093,
        "category": {
            "id": 0,
            "name": "Cat"
        },
        "name": "cotton",
        "photoUrls": [
            "string"
        ],
        "tags": [
            {
                "id": 0,
                "name": "my lovely cat"
            }
        ],
        "status": "available"
    },
    {
        "id": 9223372036854624096,
        "category": {
            "id": 38556718,
            "name": "dolor minim ipsum irure ex"
        },
        "name": "doggie",
        "photoUrls": [
            "velit sunt enim",
            "ipsum culpa nulla"
        ],
        "tags": [
            {
                "id": -56521978,
                "name": "do laborum dolore"
            },
            {
                "id": -77010435,
                "name": "nisi tempor consectetur"
            }
        ],
        "status": "available"
    },
    {
        "id": 420,
        "category": {
            "id": 42,
            "name": "Chihuahua"
        },
        "name": "PasBre",
        "photoUrls": [
            "string"
        ],
        "tags": [
            {
                "id": 0,
                "name": "string"
            }
        ],
        "status": "available"
    },
    {
        "id": 9223372036854624101,
        "category": {
            "id": 0,
            "name": "string"
        },
        "name": "fish",
        "photoUrls": [
            "string"
        ],
        "tags": [
            {
                "id": 0,
                "name": "string"
            }
        ],
        "status": "available"
    },
    {
        "id": 9223372036854624102,
        "category": {
            "id": 0,
            "name": "string"
        },
        "name": "fish",
        "photoUrls": [
            "string"
        ],
        "tags": [
            {
                "id": 0,
                "name": "string"
            }
        ],
        "status": "available"
    },
    {
        "id": 9223372036854624105,
        "category": {
            "id": 0,
            "name": "string"
        },
        "name": "Puff",
        "photoUrls": [
            "string"
        ],
        "tags": [
            {
                "id": 0,
                "name": "string"
            }
        ],
        "status": "available"
    },
    {
        "id": 9223372036854624108,
        "category": {
            "id": 0,
            "name": "string"
        },
        "name": "doggie",
        "photoUrls": [
            "string"
        ],
        "tags": [
            {
                "id": 0,
                "name": "string"
            }
        ],
        "status": "available"
    },
    {
        "id": 9223372036854624116,
        "category": {
            "id": 0,
            "name": "string"
        },
        "name": "doggie",
        "photoUrls": [
            "string"
        ],
        "tags": [
            {
                "id": 0,
                "name": "string"
            }
        ],
        "status": "available"
    },
    {
        "id": 9223372036854624117,
        "category": {
            "id": 0,
            "name": "string"
        },
        "name": "doggie",
        "photoUrls": [
            "string"
        ],
        "tags": [
            {
                "id": 0,
                "name": "string"
            }
        ],
        "status": "available"
    },
    {
        "id": 9223372036854624121,
        "category": {
            "id": 0,
            "name": "string"
        },
        "name": "fish",
        "photoUrls": [
            "string"
        ],
        "tags": [
            {
                "id": 0,
                "name": "string"
            }
        ],
        "status": "available"
    },
    {
        "id": 9223372036854624131,
        "category": {
            "id": 0,
            "name": "string"
        },
        "name": "fish",
        "photoUrls": [
            "string"
        ],
        "tags": [
            {
                "id": 0,
                "name": "string"
            }
        ],
        "status": "available"
    },
    {
        "id": 123,
        "category": {
            "id": 0,
            "name": "string"
        },
        "name": "Dogo",
        "photoUrls": [
            "string"
        ],
        "tags": [
            {
                "id": 0,
                "name": "string"
            }
        ],
        "status": "available"
    },
    {
        "id": 9223372036854624143,
        "category": {
            "id": 0,
            "name": "string"
        },
        "name": "doggie",
        "photoUrls": [
            "string"
        ],
        "tags": [
            {
                "id": 0,
                "name": "string"
            }
        ],
        "status": "available"
    },
    {
        "id": 9223372036854624145,
        "category": {
            "id": 0,
            "name": "string"
        },
        "name": "doggie",
        "photoUrls": [
            "string"
        ],
        "tags": [
            {
                "id": 0,
                "name": "string"
            }
        ],
        "status": "available"
    },
    {
        "id": 9223372036854624149,
        "category": {
            "id": 0,
            "name": "string"
        },
        "name": "fish",
        "photoUrls": [
            "string"
        ],
        "tags": [
            {
                "id": 0,
                "name": "string"
            }
        ],
        "status": "available"
    },
    {
        "id": 9223372036854624154,
        "category": {
            "id": 0,
            "name": "string"
        },
        "name": "fish",
        "photoUrls": [
            "string"
        ],
        "tags": [
            {
                "id": 0,
                "name": "string"
            }
        ],
        "status": "available"
    },
    {
        "id": 9223372036854624157,
        "category": {
            "id": 0,
            "name": "string"
        },
        "name": "fish",
        "photoUrls": [
            "string"
        ],
        "tags": [
            {
                "id": 0,
                "name": "string"
            }
        ],
        "status": "available"
    },
    {
        "id": 9223372036854624159,
        "category": {
            "id": 0,
            "name": "string"
        },
        "name": "Puff",
        "photoUrls": [
            "string"
        ],
        "tags": [
            {
                "id": 0,
                "name": "string"
            }
        ],
        "status": "available"
    },
    {
        "id": 9223372036854624162,
        "category": {
            "id": 0,
            "name": "string"
        },
        "name": "doggie",
        "photoUrls": [
            "string"
        ],
        "tags": [
            {
                "id": 0,
                "name": "string"
            }
        ],
        "status": "available"
    },
    {
        "id": 9223372036854624163,
        "category": {
            "id": 0,
            "name": "string"
        },
        "name": "doggie",
        "photoUrls": [
            "string"
        ],
        "tags": [
            {
                "id": 0,
                "name": "string"
            }
        ],
        "status": "available"
    },
    {
        "id": 9223372036854624167,
        "category": {
            "id": 0,
            "name": "string"
        },
        "name": "doggie",
        "photoUrls": [
            "string"
        ],
        "tags": [
            {
                "id": 0,
                "name": "string"
            }
        ],
        "status": "available"
    },
    {
        "id": 9223372036854624173,
        "category": {
            "id": 0,
            "name": "string"
        },
        "name": "fish",
        "photoUrls": [
            "string"
        ],
        "tags": [
            {
                "id": 0,
                "name": "string"
            }
        ],
        "status": "available"
    },
    {
        "id": 9223372036854624174,
        "category": {
            "id": 0,
            "name": "string"
        },
        "name": "doggie",
        "photoUrls": [
            "string"
        ],
        "tags": [
            {
                "id": 0,
                "name": "string"
            }
        ],
        "status": "available"
    },
    {
        "id": 9223372036854624175,
        "category": {
            "id": 0,
            "name": "string"
        },
        "name": "fish",
        "photoUrls": [
            "string"
        ],
        "tags": [
            {
                "id": 0,
                "name": "string"
            }
        ],
        "status": "available"
    },
    {
        "id": 9223372036854624176,
        "category": {
            "id": 0,
            "name": "string"
        },
        "name": "fish",
        "photoUrls": [
            "string"
        ],
        "tags": [
            {
                "id": 0,
                "name": "string"
            }
        ],
        "status": "available"
    },
    {
        "id": 9223372036854624183,
        "category": {
            "id": 0,
            "name": "string"
        },
        "name": "fish",
        "photoUrls": [
            "string"
        ],
        "tags": [
            {
                "id": 0,
                "name": "string"
            }
        ],
        "status": "available"
    },
    {
        "id": 105,
        "category": {
            "id": 1,
            "name": "Кошка"
        },
        "name": "Барсик",
        "photoUrls": [
            "https://gas-kvas.com/grafic/uploads/posts/2023-09/1695931383_gas-kvas-com-p-kartinki-s-kotami-9.jpg"
        ],
        "tags": [
            {
                "id": 1,
                "name": "Пушистый плюх"
            }
        ],
        "status": "available"
    },
    {
        "id": 999111,
        "category": {
            "id": 1,
            "name": "cats"
        },
        "name": "Myawkalka",
        "photoUrls": [
            "string"
        ],
        "tags": [
            {
                "id": 0,
                "name": "string"
            }
        ],
        "status": "available"
    },
    {
        "id": 77177,
        "category": {
            "id": 7,
            "name": "crot"
        },
        "name": "krit",
        "photoUrls": [
            "string"
        ],
        "tags": [
            {
                "id": 0,
                "name": "string"
            }
        ],
        "status": "available"
    },
    {
        "id": 9223372036854624216,
        "category": {
            "id": 0,
            "name": "string"
        },
        "name": "doggie",
        "photoUrls": [
            "string"
        ],
        "tags": [
            {
                "id": 0,
                "name": "string"
            }
        ],
        "status": "available"
    },
    {
        "id": 9223372036854624218,
        "category": {
            "id": 0,
            "name": "string"
        },
        "name": "fish",
        "photoUrls": [
            "string"
        ],
        "tags": [
            {
                "id": 0,
                "name": "string"
            }
        ],
        "status": "available"
    },
    {
        "id": 9223372036854624219,
        "category": {
            "id": 0,
            "name": "string"
        },
        "name": "fish",
        "photoUrls": [
            "string"
        ],
        "tags": [
            {
                "id": 0,
                "name": "string"
            }
        ],
        "status": "available"
    },
    {
        "id": 9223372036854624220,
        "category": {
            "id": 0,
            "name": "string"
        },
        "name": "doggie",
        "photoUrls": [
            "string"
        ],
        "tags": [
            {
                "id": 0,
                "name": "string"
            }
        ],
        "status": "available"
    },
    {
        "id": 9223372036854624221,
        "category": {
            "id": 0,
            "name": "string"
        },
        "name": "Puff",
        "photoUrls": [
            "string"
        ],
        "tags": [
            {
                "id": 0,
                "name": "string"
            }
        ],
        "status": "available"
    },
    {
        "id": 9223372036854624224,
        "category": {
            "id": 0,
            "name": "string"
        },
        "name": "doggie",
        "photoUrls": [
            "string"
        ],
        "tags": [
            {
                "id": 0,
                "name": "string"
            }
        ],
        "status": "available"
    },
    {
        "id": 9223372036854624227,
        "category": {
            "id": 0,
            "name": "string"
        },
        "name": "doggie",
        "photoUrls": [
            "string"
        ],
        "tags": [
            {
                "id": 0,
                "name": "string"
            }
        ],
        "status": "available"
    },
    {
        "id": 9223372036854624228,
        "category": {
            "id": 0,
            "name": "string"
        },
        "name": "doggie",
        "photoUrls": [
            "string"
        ],
        "tags": [
            {
                "id": 0,
                "name": "string"
            }
        ],
        "status": "available"
    },
    {
        "id": 9223372036854624237,
        "category": {
            "id": 0,
            "name": "string"
        },
        "name": "fish",
        "photoUrls": [
            "string"
        ],
        "tags": [
            {
                "id": 0,
                "name": "string"
            }
        ],
        "status": "available"
    }
]
Request method:	GET
Request URI:	https://petstore.swagger.io/v2/pet/findByStatus?status=pending
Proxy:			<none>
Request params:	<none>
Query params:	status=pending
Form params:	<none>
Path params:	<none>
Headers:		Accept=*/*
				Content-Type=application/json
Cookies:		<none>
Multiparts:		<none>
Body:			<none>
HTTP/1.1 200 OK
Date: Mon, 01 Apr 2024 16:21:54 GMT
Content-Type: application/json
Transfer-Encoding: chunked
Connection: keep-alive
Access-Control-Allow-Origin: *
Access-Control-Allow-Methods: GET, POST, DELETE, PUT
Access-Control-Allow-Headers: Content-Type, api_key, Authorization
Server: Jetty(9.2.9.v20150224)

[
    {
        "id": 5698,
        "category": {
            "id": 1,
            "name": "sheep"
        },
        "name": "Aries",
        "photoUrls": [
            "string"
        ],
        "tags": [
            {
                "id": 0,
                "name": "bleating"
            }
        ],
        "status": "pending"
    },
    {
        "id": 9875,
        "category": {
            "id": 1,
            "name": "dog"
        },
        "name": "Rex",
        "photoUrls": [
            "string"
        ],
        "tags": [
            {
                "id": 0,
                "name": "woof"
            }
        ],
        "status": "pending"
    },
    {
        "id": 9223372036854623474,
        "category": {
            "id": 6,
            "name": "Perro"
        },
        "name": "Pluto",
        "photoUrls": [
            "No tiene"
        ],
        "tags": [
            {
                "id": 6,
                "name": "Tag Perro"
            }
        ],
        "status": "pending"
    },
    {
        "id": 9223372036854623479,
        "category": {
            "id": 7,
            "name": "Pato"
        },
        "name": "Donald",
        "photoUrls": [
            "No tiene"
        ],
        "tags": [
            {
                "id": 7,
                "name": "Tag Pato"
            }
        ],
        "status": "pending"
    },
    {
        "id": 9223372036854623481,
        "category": {
            "id": 8,
            "name": "Pato"
        },
        "name": "Daisy",
        "photoUrls": [
            "No tiene"
        ],
        "tags": [
            {
                "id": 8,
                "name": "Tag Pato"
            }
        ],
        "status": "pending"
    },
    {
        "id": 9223372036854623482,
        "category": {
            "id": 9,
            "name": "Raton"
        },
        "name": "Minnie",
        "photoUrls": [
            "No tiene"
        ],
        "tags": [
            {
                "id": 9,
                "name": "Tag Raton"
            }
        ],
        "status": "pending"
    },
    {
        "id": 1111111111,
        "category": {
            "id": 27,
            "name": "Cat"
        },
        "name": "Mao",
        "photoUrls": [
            "string"
        ],
        "tags": [
            {
                "id": 24,
                "name": "meow"
            }
        ],
        "status": "pending"
    },
    {
        "id": 567768,
        "category": {
            "id": 1,
            "name": "stray"
        },
        "name": "Bibi",
        "photoUrls": [
            "string"
        ],
        "tags": [
            {
                "id": 24,
                "name": "lie"
            }
        ],
        "status": "pending"
    },
    {
        "id": 324983207543,
        "category": {
            "id": 1,
            "name": "stray"
        },
        "name": "Lola",
        "photoUrls": [
            "string"
        ],
        "tags": [
            {
                "id": 24,
                "name": "dance"
            }
        ],
        "status": "pending"
    },
    {
        "id": 324454543,
        "category": {
            "id": 1,
            "name": "stray"
        },
        "name": "Lala",
        "photoUrls": [
            "string"
        ],
        "tags": [
            {
                "id": 24,
                "name": "spin"
            }
        ],
        "status": "pending"
    },
    {
        "id": 9223372036854623963,
        "category": {
            "id": 2,
            "name": "dogs"
        },
        "name": "Sharik",
        "photoUrls": [
            "string"
        ],
        "tags": [
            {
                "id": 1,
                "name": "cute"
            }
        ],
        "status": "pending"
    },
    {
        "id": 9223372036854623966,
        "category": {
            "id": 2,
            "name": "dogs"
        },
        "name": "Sharik",
        "photoUrls": [
            "stepik.org"
        ],
        "tags": [
            {
                "id": 1,
                "name": "cute"
            }
        ],
        "status": "pending"
    }
]
Request method:	GET
Request URI:	https://petstore.swagger.io/v2/pet/findByStatus?status=sold
Proxy:			<none>
Request params:	<none>
Query params:	status=sold
Form params:	<none>
Path params:	<none>
Headers:		Accept=*/*
				Content-Type=application/json
Cookies:		<none>
Multiparts:		<none>
Body:			<none>
HTTP/1.1 200 OK
Date: Mon, 01 Apr 2024 16:21:55 GMT
Content-Type: application/json
Transfer-Encoding: chunked
Connection: keep-alive
Access-Control-Allow-Origin: *
Access-Control-Allow-Methods: GET, POST, DELETE, PUT
Access-Control-Allow-Headers: Content-Type, api_key, Authorization
Server: Jetty(9.2.9.v20150224)

[
    {
        "id": 1267,
        "category": {
            "id": 1,
            "name": "dog"
        },
        "name": "Bubu",
        "photoUrls": [
            "string"
        ],
        "tags": [
            {
                "id": 0,
                "name": "woof"
            }
        ],
        "status": "sold"
    },
    {
        "id": 4563,
        "category": {
            "id": 1,
            "name": "monkey"
        },
        "name": "Woolly",
        "photoUrls": [
            "string"
        ],
        "tags": [
            {
                "id": 0,
                "name": "scream"
            }
        ],
        "status": "sold"
    },
    {
        "id": 9223372036854623483,
        "category": {
            "id": 10,
            "name": "Roedor"
        },
        "name": "Taz",
        "photoUrls": [
            "No tiene"
        ],
        "tags": [
            {
                "id": 10,
                "name": "Tag Roedor"
            }
        ],
        "status": "sold"
    },
    {
        "id": 1010,
        "category": {
            "id": 0,
            "name": "Dog"
        },
        "name": "Sheru",
        "photoUrls": [
            "string"
        ],
        "tags": [
            {
                "id": 0,
                "name": "string"
            }
        ],
        "status": "sold"
    },
    {
        "id": 74408294,
        "category": {
            "id": 70278030,
            "name": "in adipisicing"
        },
        "name": "doggie",
        "photoUrls": [
            "nostrud sunt eu occaecat elit",
            "esse aute non magna"
        ],
        "tags": [
            {
                "id": 81618844,
                "name": "id aliquip"
            },
            {
                "id": -96817599,
                "name": "ut elit esse"
            }
        ],
        "status": "sold"
    },
    {
        "id": 43665,
        "category": {
            "id": 1,
            "name": "stray"
        },
        "name": "Juju",
        "photoUrls": [
            "string"
        ],
        "tags": [
            {
                "id": 24,
                "name": "jump"
            }
        ],
        "status": "sold"
    },
    {
        "id": 45454376,
        "category": {
            "id": 1,
            "name": "stray"
        },
        "name": "Doobie",
        "photoUrls": [
            "string"
        ],
        "tags": [
            {
                "id": 24,
                "name": "sleep"
            }
        ],
        "status": "sold"
    },
    {
        "id": 9658093853094,
        "category": {
            "id": 1,
            "name": "stray"
        },
        "name": "vasya",
        "photoUrls": [
            "string"
        ],
        "tags": [
            {
                "id": 24,
                "name": "sleep"
            }
        ],
        "status": "sold"
    },
    {
        "id": 9223372036854598610,
        "category": {
            "id": 123,
            "name": "string"
        },
        "name": "doggie",
        "photoUrls": [
            "string"
        ],
        "tags": [
            {
                "id": 123,
                "name": "string"
            }
        ],
        "status": "sold"
    },
    {
        "id": 9223372036854624095,
        "category": {
            "id": -36054349,
            "name": "deserunt in ad voluptate"
        },
        "name": "doggie",
        "photoUrls": [
            "aliquip in enim",
            "ea labore minim"
        ],
        "tags": [
            {
                "id": -77106092,
                "name": "est consectetur voluptate ut"
            },
            {
                "id": -87717453,
                "name": "officia ex"
            }
        ],
        "status": "sold"
    },
    {
        "id": 56421365,
        "category": {
            "id": 33214254,
            "name": "Fish"
        },
        "name": "Nemo",
        "photoUrls": [
            "<string>",
            "data:image/jpeg;base64,/9j/4AAQSkZJRgABAQAAAQABAAD/2wCEAAoHCBYWFRgWFhYYGRgYHBwaHRwcGh4cHBwaHBwcHBgcIRwcIS4lHB4rIRoaJjgmKy8xNTU1GiQ7QDs0Py40NTEBDAwMEA8QHxISHjQrJSs0NDY0NDQ0Nj02NDQ0NDQ0NDQ9NDQ0NDQ0NDQ0NDQ0NDQ0NDQ0NDQ0NDQ0NDQ0NDQ0NP/AABEIAOkA2QMBIgACEQEDEQH/xAAcAAACAwEBAQEAAAAAAAAAAAAEBQIDBgEABwj/xAA9EAACAQIEAwUFBgUFAAMBAAABAhEAAwQSITEFQVEGImFxkRMygaGxFEJSwdHwYnKCsuEVIzM08SVzogf/xAAaAQACAwEBAAAAAAAAAAAAAAABAgADBAUG/8QALBEAAgIBBAEDAwQCAwAAAAAAAAECEQMEEiExQRNRYQUygSJxkaHB8RQjQ//aAAwDAQACEQMRAD8AY3LrsQXOYgASd4Gwryt1Fcg1IVahDsV0j9/GuRXoAChVywIPeLZjzbXaelQhWZrrMw22MSORg6fOKnlnehFwhAYByZM97XbYeVBhSsIV+kfpULjLI+ldQtI7qALG0mY6zsKhibwUajTzAg+ZqX7kYK3tWbREQfiY5j8BtSLilt2fKHe6w3gQq+Gmk06w10MxJbMeQAmPMiR61ncfii7tDPknafy0pkuQEVzrqzIAOR/QUVw7EW5OcjN4k5SPAASTSotTvDJlQF8ilxrr33kk7ch5UJQXbJ5Cbt4OYRgYHIHMJ/hkfOhMShiGOvidvTT0qVm8rkoiKAoJzDQkjYajrQeKdwFErMScpBAnlp+tVyhfCD+4LiVOURyJnTw8aEe3IkQD1j9xTS1fm2wZSYIMjXn8hQjrMgE/WI8tprFljLHKwJUXdnMKntZuHQab6EnrzrXYXiNoylkK2XfKQij+o1hQd9CYI0iRHOadpxBEChROUvIEhSrDr4bDyo+u2rkNFmwsYInVjHgDPzNSvY+xY95hJ5bsfgNazWA4g11O/iUtIPurBcjkC3L0pgGSypayiMSJ9o7zI666k+FWqcUr/wBjhf2/E3jFm1kX8dyR6INaNwvDo1d87c4OnjpSoY5WSXu5yveMHIonZcq79NTUE7Q2UBEwR92AvnAB1oerGyUyvttbbJbZApW24Zxz6L/5QHBJCXGMQWOWYk/i/L0oztbjUuYVGQgguhkLMHcgwe6fOhMA6C1pm111Yc+QA2+dWNpqyJDPgjAuWIPdEddW1NPXto4OgINIeB3lRHcgqCx1J3gaR6Vd/rKHcRPj+m1TekSrKuK4UIhKHTpNZX2x6064vicyNB0+dZD2o606yWOon00CvZoquaGxFx+hjquvrVjZnDprwoPCvnBBDL4mfzou2kCJmomFo6wrwFeLACTXUM6ioAiBQuLw6NDOBK7E8vXSjKExAVwUYT56D1ojCTivEVC5EYGdDH6iBSnD4G44lUYjrsPU06fgWUh0ZXjUDSB0BnypfxHH3H7jQoU6gHQ+fWmT9uRSk4RVPeZGI+4O9r4kaD1qq88sS2+kARAHIVG+7NEkQNgAAPQVSqnwqEGfD8QQhRVBLsCxy5nKj7q7gelMGNuWz2nRwpK5xoRoAAI35k0p4aQrgsCR0D5J/qGwp9e4TdcvcPdVUJTvh1B5CWJPxoSIIruOdVClwc091SDGsCRyHhQ+Axio/fVW13eSoH8o3ND5yFCnYeW/WuNhCNW0n9/AVVJxXYzCbuPzO5UCCTlyrA8hPuijMRw8gqHYKWgxO0ifWgbSKp2aN+7+tEXcQ7EFFMgAA7nSY3rBlnF/b2C0N+BcL7pZQpZWEMSIInVYoh+EnO0r3XLlFJjbY6cjrp4Uu7O8Ru2iyshYN3o5zzIO3rTj7U5lsneklVbQDOPd1M7ayKNppX2GNUU2uzzuWzqqDKMuVgQW5eNLhwpirW3dAwJ/QrMb/SuNfuoXygADWMzMuundjeuE3irJcdlRiCSEzElhAB6DTahafSJwF47BJYwLqHzNcZNZkAk6baAeNU27S5FUXJ0jf6VZieHMnD3YsxBKPDAaZW1O07UDwSyHu21BnUE1qje1DI1WJwSPZRZKgDSdPkaSf6blGjrJ+P0rUcSwxdCASOfKsu6OoIVjJ3GXl5/nSTQeCGPwZW1MgnnBFZCD+4rV4kPkIbWsvmNSD4LodH1LICIPOpWbQWdzNSFSNbaMZHLXstSFeoBKmWvKkDQVNq7NQhEVXfiDpU51qvFtCE+FAjMri8W2YqD3em1DXMPliQNRO8/SoXdWJqGtEhtey/Z201sPdtq5cyJnQcqp7ZcKs2UDW7KLqJidqK4Tx0JYtqFzNGokDpH1+RqjtVjvapky7kQ0iD1iNYkGllliuLJSMccQq6hFnxq1OJ3HBQDQ/dBgfKqkwZZu8QqjWeoHTxrq3Ae6gypzPM1VPLFK0FImcKn3gA3QTA8z1qZQCJGY6adByNVPuAOVRxN3LG+umhrApSzTp9E7D8HhWd4tozGNFPu5jodenOtVguDObKq6Ijymo1IRDmk/xHau9isQGsQAAVJBrQqa2QwRiuQJFFjh1tfuAmTqR1M118BbL5yilogEjaiQa8RV1IcHt8PQMSFEFQuWBGhon7Mn4F9Bv1qaiotcUbsB5kVEkgqLfQv7Q2AcLeUAD/bfkOlfPewKzcH8tfRuK3VazcUMpJRxAInY1867CIyv3lKwmsgj60G00HZJdo+jIg6CpDDr+FfSvJVoooUQdpcOvsmgARJ0r5Tkr7FxxZtMPA18q+zeHzqqXZfj6PpQqU14Gu1qMhw14Gu6VGaBDtRBr1eagE9QPFWi2aOik3aG4QnnQsjM0wPWuc6nn5darkzFGyD/AIZwkXrTXC5TIrb7Zgyga8hBnxoS5ZbTKDl1CsTAIn3oJ0+HWmfZ+yhV8zSqKXKcmYjQt1HhQOMuSSetc7V5VCqXZs0ml9Zu3SQvfC3GBDAHplYH9KrTDlACyx1MGPjRinSpK55H0/MdKxLVSqmuDpP6VGS/TJr9xaluO9JE70PiVckmDE+dOXtI8Fl26HL/AI+VX2+DhpIdlU8iJMeB/wAVow54xdr8mSf0vPHpJr4COw2KyM6NOsGB5Vqr3FlXZZ+NZuxZS0CtseZ3J8zzqD3Z+tTNr31E36f6RH7sjv4HV7jb/dyr8z6mgLvEbjHW4x8mIH/5ApczdP8ANUu/Tz1016A1jepnJ8s6uPR4cfUV/AU+ObbOfIs350Lexh8PhrQd94ccpivXLc6jlyo+pwW7IrpBS4mGAJEHn8JP0rj8Ulzb0L5cxXWcsSROxbLrlpcFJBHMGRUyha/7YoobLlzAn3oKliOsHemU2rt+P7KMym62LyaTh/FXUCGlRsDqIp/ieIMERhAzKD5TWPwtv3V/elafG2v9pNdlFW4s8trV9Iz6rT4d8W0rb5E/E8czKZJOnU1jPaeFaXGKcprL5TTQyOXJn1GNRlUej6dVoHdrE4bit1CSpzZoJD6gHw6U84Vxdrj5CoMxtpAjvHxrpRzRk6XZ5tR8jWK9FWFKgRV1kaOCvGuV7lQAcJpD2oRigjkafGguJ28yGgwo+fpc11prhSoUM596YHlQ9/DgNqN6EvYdg4UA6nSlfQUjTcMeEutrD5V9DJ/SqLhqz3UVBsojxJ5n1qgt1j4iuFqcvqZG10uEeh0OBwgr7Z30+nzrq2i3WrrViilUCs+5I68MflncNhQNTrRLvA0NVAzv0qsnUcjQc3Q+23ycZp1qN25oNJjppXWM78udVPr5kUi5HSIMd51APxqISTEgj3gCPUVPLPmR68qkq6eQkGdQNoproIr4khDAqZG48PCiMJeBiP8AyjMVhw65fvDvK3KOYPQzQFi0p1AE8xzB5xG9W7lKJXG1JlmOtga13DEfemORH0PSpph1aBMcoLH01om3hcgHvSdI6nlSOSrb5EyZdvKC+HWCzhQN/kOZrU4u3KQOW3lVHC8F7NNdXPvH8vIUbNdfS6XZB7u338HmtXrpZMqcel18mL4gpAbSslHnX0Xj+FGQso5a18/9mazvC4NqzQtT6iUhjieHZHRQSQUDTz8hVPfRuamRqNPWtwtlTBIEjQHmJoXEcIt5WbIWYK25Mkx9a3zwPtM48XwA8M4nB7xVEOkEyZA96mlnFI+qnnGuh9KyOJsZREFdpBHIzGvPajOHOgdMqs9wADLOhJEsxO0ADbl50cM5XtYJqjUGvNtXFMgSIPMTPzqTVpKyLCqnWQasmoVBjKY+13xRFwAQYEgb86I4ggDT0oEGevpXK1uo/wDOP5Op9P0rm98vwdbX/wAq21Z51y1ajWr4rlN0emx4lFWyRPwrwFeGkTvXC3w560jZaW7CoZd/CuhtwN9PKvEiZHPcEUopwz5gioK2kjUA61Jn08Ryqu0wzHlI+nSmSsDkkWLbkkTuJA8asW3qpmD7vgeVVLdEqzDny9KsuPAYe9GvlO9BiOYQmHiZIUg9NINZ+7bL3igIAEkt0HM+VPWvd1xmkFV33mdI+FAWsMIZhpnhZO4A1b8qtwNJttFDlJ+S61hkKCROk/8Avyonh1vLesr+MO48kgA/Ek+lXcH4cbneIi2nvGYzRrA5x1qT30a6t0ASuikaHJ08jvFadPGKlvn+F/kw5t+aLhDtdmmWvO4GpIFL8Xje6sBlzANO2nSlGKxnMtXSyalR4XJz8H02U1um6Q1xuIVlYDXSsTlHQU9tXww7pmaS/Zz4+v8AmszyubsvyYI43th0bFWipC7VANdBrsnCBeL22ZMyAFgROgnLz30rN4a4Uug6B1MawQA/daSPWtXiLQdWU7MIrJYvhgRwqSzBlJ9ZOnlVGRbZJ17BbbRrbDAkgMx56gj4jTarzUEOgqyrQFbLXAldaq5oDIR45sznw0qoWsu4pjeREJYwSdhyFBXHjU6k8685n4k7dtvwev0MNsE2qVEVHpU8wA8Koa7GpOvI1Frm/Ly51n2tm5yLXffn4dKkhJmdo3oUmTp6Valzn6j9KLjwIpBCkafX6VRcucuY2NeZ9CBt0O9Ul94oRiCU6LM2hzb8jUc4kE89JFVlpI8aiG7um4NOkZ3PkIAhW11BqwvvGhZZ/M0I90EkRE9Ndalh8zFVUF2OgUCSRU2NiPJ5LrrHUnpWh4TwU3QpY5UVVDRozEjMQOg11NDtwVbVsPcIZz90e6u5/qPKa0vBnAUpPe94j+Y/lpV+PHVp90Y9RqP+u4Pt0A9qj7PClUUBCVQgErCnkPMgA+dZXhLS6pGbkIOk+Jrd8Swov2WQnusV18mB9a+c8GYjH5J7qM6qOgA+tbv+NvavpGDFq/RjJLtm34jbZk0GaBsN4iJArGYtpkGNNIOk+lfQEoPHcLS4DKgN+L9auy6ZSdx7Ew62UU4y5TEHZ9Ac2gCougGwn/yqMopzwvhz2/aKQIIEHkRrSv7P5Vm2NfcHJlTf6RpNdr3Ou12TmHqTY5QMTaHIyTJ58qa3LiqJYhR4/kOdJr/EV9rnAzZVyqDA1J1Y6SPKqMuSMat+S/Fp8mX7VY8ruakTcWc/hUeAk+poPE32bVnJrNPXRXEU2dDH9JyS+5pGhfFID7w+Gv0oa/i5ByUit4gTBmPCpteLeAj41izarNNbekdTB9Ow4Wpdv5L710TvNDFpMD515UB328K8zAaDQbTWLakbnJ+SOSNTv0qM+nzrjXBHkd6GfEgH48qaMWyuWRIKnb615DoZoNrx8vpXVvHX7vzptjK/UDrjz4+O1ccQQD0n1FcwijR30VQfHMeQ8qGuXzqzeZPKTvTenS+Sqeb3LgdF896gfWTUsFlcMVacsAxtJ151Z7Kkktrp9i45LJynwDlSTWo7NXFRGaBmZoJjWI0E/OkK2/3+/GtDYtKuHyZe+4DFuY1JUeG8+dRTrleBdXtWOvdjLFQ8a6A0w4RYhLlw659B4ATPqT8qz6OwQM3xPKef60w/1r/atIgbMGGbSAVVpjr3udaKjK2+HRypTlSj4Q2t3AFC9KxWC4HfTHNea2QhdjmzLsRppM1orznMx11YkctJ0qtsQZit2KcnwujJNc2NFau5qqQaVU81ok2lwIi27fAB/wAVm/bCmd8Eg0jyNWKc53yXRSobu4UEkwKVYniTGQggfiO/pyqdn2joC6ENJkHYdIHOhMS0ciPPQVo1GWadLhGnSYcTW6TTfsBXyTqza+NCvdjarHJc939B61S9uPE/KsDmrOvFpLgrLmuZz1/f5VxjXvpUcx1IqckGZom1eJHw+FVH9/vmaiNNOVJKpFsWHZ4XehnvQCZjr0rgJO5/fWs1j8eXeF90HQdY5+NPp9O8j+DJq9UsMflj9SznTRevI+XWr1sAUPgMYHADAq+kgiAfLrTFF1pc8XB1VIpwZ1NW3bIpgySAN9KNucPVFXQuzE+QjpU8MYBPMn5UZj8IxwwuAnN3j/TP+KfSJTl7tch1mTZiteXQmxbjL33E7BR1nn0pXi8SHAUaKPn0ml+JuGZ61dgbDXXS2pUM7BRmMLmJgSeWunxrqRxJPczhTySk+WOuyrA+1TwVh8DBpo9rWjuzHZm5YW7fxC5DlNtUkFmJYd4wdBpp13p5heAZjmYwPwxr5eFczV6eWTL+hHT0moWLH+roz+AwRdxp3Rqf0+NPHtUecOBoogDkKiLNX4tGoRpu2ZtRq3llfSXRzCWhGux0NE27SrOUaH6VUHgaCpC4ela444pp+xkcmyb2QwpPetSylWnI8NlggxoVbodQYpvnPSvnxusvE3AYgO4zAGA3dG4G9Rwju3Lgm51TPoC1C+YG1et1OabsUHSzoSd6V5KetsaA9kKT00NuYGTFVXbat7wmsja7cITD2yB1UzWsR8wBGxE+tapRtciKTT4K/sFvbLpQWK4OG1Vo86aA0k45x5bQyqQX6bx51mnhxNcoujnyR5TYoxFnIxXeDFVTUbOKe4mZwJk69fMcjXJrk5I7ZNHb0+XfFSJE1Bda8xqVlKXwbkyniuLFu3H3rgZAP4I7x+cVnMPfUMIHKKs41iM90xqF7ix4bx5mailgoe8sN06f5rsabFtgl5PN6zN6mRvx0gtsWYA2MR1j/NO+D4sugDGXG/iOR/Ks7EamiuFO3tMw+5r+g8p+lPnwRyRaKMOVwkmjaMoVdTAUanx51snsB8MqjYoB8q+VYvFu57xECYA0FfS+yGJN3DIDuvdPw0qrS6VYbfll2p1Ly0vCPleMtQSOhIrWf/zXs4L7/abg/wBu0wCA6B7g1nxVdPjA5GlPafC5MS6gTJ0HUnYetfYeEYFcPZt2VjuKFPi27H4tNXvhGbtgdm6CxR/uMcs8j+4q038rH5ikN3GE4h2X3CZHw0nyMU5Qh113HPnXMwZJN7b5T4+UbssNj56a/g9ciZGxrgqCgiVPLapCuhF7lZjkqZKK6KjXRTCnZr55iz/8of50/tr6FXzziOnFP60/tpWE3oqdQFTNRAZ1VnShvYmirLgGTVX+o2+tWKqAfnptJ1r61hcWq2UdmCjKNSdPdFfOONcG9hkKuLiXJKsPCJ896DuYh3CoWJRdgTp50XLjglcmp4v2nZ9LJKKJkncjl5VnGuljOsnck6n40NmnyFW4ZQXCkMZ5Lqx8BVX7g5Y74S0o2v3vyoo1zD4JraEuESTARTLAROZvE1zeubqVWQ7GjlUKOrqascOVIRSXbRR4nn4ACooOVabh+HCIDpmOpP5VMGPfP4Ro1Oo9PG67fCFPA+zSWQHeHuddwvl4+NJO0FsLeJ6itbxXiluyJdteSjUn4Vi+L8RS6+bKQOhP6V1ro4FNi12k0zt2ygAAMnVtPQfChLWLCEZSskjYTAq25js2kkmef6Ci5+w8Y+S1MxO1bjsFxdLRa3cIUNqCTp5edYD7Ry09BRdi/byNnQSIIMfpU3S7ojSN/wAZwCvxLCtoVdw08jk748/dra47E5UdjvlOviRAPqawXCuJo1/DIEyqphCWzBgyNOXmCNNKf8bxpEKDAaZ+EH86ozzpD6eG7Ikd4VaD2RzIJA8p2+vrVqMU2PwqPZdw1sqeRY/A60Nh8QGa45aUDmDyygD86xxiklLya88ZPJIae0J1O9SFUBwYjYxVymteN2jFJUyddFQLQJOg61VZxqMucOMsxJ0E7VYIEGvnvGGjig8Tb/MV9CNfN+0LgcRDSIX2cnpBM0GE+hLXarRtJqm/jUQhWdQW2BNRAZc9JMtGXOJoHyEwY0nn5UFmoWiHy/G8aF+yiOkPb91lgBhEMCvI7UpnTzpta4QHW5dDBQkadZ2paqayaLmnz7i3aRHlTy3ivstkKsC/c7xY6lEOigHkx3pJnCmRvv6VRcvEksTJOs0E2xkHYPFFXzNJn3iTqZ8960KGdev0rIISTABMnYCSfhRaYl02cryif1pMuFTXyX4srgzQY/Fi0kz320Uc/P4UqwXHb6KUVzl197WCTJM70tbNqSZ+ZqvWpixrGqRMuV5HyEYjEljmknxJk+tQZRzNXWOH3GjKjtP8Jj1NdvcOvIDNtlA6/rVpUDMNZopbsbD4+FBm03Q0VYsMQNNvpRoMSTX9Zj51ZZusZ0ERr8agMMx2j1p3wDhiTnxLqloHLE952iSoG4Eak1HILQR2Y4NiXZLlsAIjq4djCEqdY5t0MCtRx/H50AXRlJkcxGnoR9KcYHi1m8hWy6kJ3co0gAd0RuF8az/aTCFWzgyG3/m6+RiseVyfDXBo07juV9mg7HTlBPMNPyj6Uv4rcNvNZAgb+JBOb/HwrSdm8MFsIRuV+hNJu1uGGlyYKyD4jffqNSPjVFNws1erFZ1ft/YNhbjm2oDspzSCsbLy7wII3q29xXE29Qi4hTGidy4v9JJDjyI8qG7NYu1fQj76H3Z+7OhpvxfFCxh3dQAVGg8Tt51pxRlFXfBgzZIym3RluP8AadboVAHtrqXDCG00y6eNJOK8ULpat2v+O2gnWCW5mPCu2+LXCrlgudxkzwAcu5n8R5A9KVvbbqseO8edPvVlNoeYHtbibKRmzhRs41Pkd6Qvi3uvcd/ec5jGgnwq3huFa/cKIVzaAZjAgatvVuItqHZFcMV0DLOV43joabdXAaQUna7EqgTOAFEAhe9HmaXPiXdi5cyepO9Mlwi3XCWUzMFkzA1jWOppbiEK5g2jAxljYii3ZKGqcVLhVuCWUQCNSTyMVd/qD/xelKsI2UhpIO9Nf9Rb8XyFVSkrJSMhdxDaqp0ME9NNqFa5lEdYJ+O1eD7+NVBcxnarYpLsridAmd/8VBRzjSimCgBV+JqeGwb3WCIsnzj1q3vkeidnGKiKEUC4JJce8Z5A7ARRXCuHPfJKIWA3M5dT/EfjTnB9ixH+5c73RAIHmTTuz2fRBlW5cC9FMDXyFLfPQaYO3ZWwyDusjRqVbNr8d9aHtJdw2j2VvIuzooziOo50yTgSAa3Lh/rNdTgyiYuXfDv7fKhz4QGW4LiNu8JtvMbrsR5rS/jq/wC23PSpN2cTcO4YDRgQD/mkuM4bfQnMParyYMQR/Tzptz8oWhIbDaH6mJpiyFtFGsag/L60MW5SE8GEfWisLg3ZgQ59aVtvkdHrWFMSUB8v8Vcq+BHLXX67UfbwNxdMwPmK89i6upSRrqKG5liYDbwksChKtyKnn9RWhwnZd3Gd3II10MnrqToOdc7PWs9zvKQVgx1rQ9p8eLVkWlIz3QZjTLbGh9dvWlm21RLVmo4UkWUH8P1JobiVoMIb/wBHSr+FXg+HtsNQyA/qPhUcU+mu3jt8elZ8caVBySuW5HzzE4T7NiFvJIUN3lG2U+98OcUV27xoKW0Gqt3/ADEafDWm3EFBJEDbzB/WvnvFrhDlGJ7ghR0BMgDw1prcU4lUqfKFd++Z1n4VFb5XXX0n5VNF70nQA8uvSqsS6zIETodd/HSmik+wKJf9oDkFQ2YQBAA/9priLbI6Z0KtkVgixGUmAYHPes0HpzgrnuEnUzudoMjyFWONIfaNLvDLkG6qOig90MwUz4czSm5eOYlpLTvM0541xf2vc0CKJHUt51l7l2pGLa5BQUb7MQZov2h6Uuw93XWmeceFK4oFmWDEgzXC23SvTGn7ip4TDm4wUQJ5kwAOZrRXsLwF8LwL33CA6bFjsBvFfR+F8Mt2kAVQTzaNSaRYi7bwtpEUAl/vbiRrM9aEPaZywUtE7RpryoNjdG3CgbCvZqEweLBRc7LmI110qf2xM2Sdf18edTglhNcmohx1oI8UtZ8mcT59dhRugMMY0NiVkEVbcuARJ328apuPrGm06mlc4ryLRnr+GBJBEjoartcJAMo7IegMr6Gm72QxMMoZd1Jgx11qnA3MzEAGF5/velckOmdW1fX76PH4hHzFGYd8T+G2fiarv4xEEkmekEGelAvirlwMQ4tookwRPlJ50LGNHwEsbrl8qkATl2C6kn5VmeLcV9tea5mUZj3Z1hBom+2n1rnD+JoiOiK5NwBSxM84bXl3SaJ+04e4hQJlZZgxoY5ExzpHKnZOmbzsjiM2Dt6yUzof6WP5EUbiH5A/vy5isB2K44LLujwtpzMgSEuDQHTWCND5Cn3aHj1i2V1D3IlFTUx1LDQLUrygPumLu0PGhZuIogyZcDfJEfA8x5Vme08Z1dYKusg/MR6169wq/d/3MjMXY5jlKid4k8wPpQLYe8VDMjlEkA5SQJMnUcpqtyi2RRfQFEiBOYnbkP18qpxlnLl0O2smTP5UbcTNqxy+AHXYaVbbwpuuqqhYuOp0A3YgbU8ZKPI6VCILTThdku2gJjfoBRF7gqW2i5fVYOqhXLAeQrZcL4BZS2TbeSyBkYDMrE6QxGqxRnkVcEtIxuPw7ASRpyO1KnXyr6Pb4YjpD5iwMED3QOZms3xTBYdXKh2gaSokUMeUSTM7g0JamsDqvzozDcHLIXssMomS8KfHx9aH+z1JZFZKMratMxgCi8KCJGWSRUMN+v0qdnnV7kxRgFGZFdFWdgxhfE67VecEmYHKV1ADe8DPu6zt41PjG9ryH1o+37i/v71UyfBEU3eGBB376kndQDp0IO1G27rhUQMrkDRolkFBcV9wfvnTvs371ryf6iqtzaIxJbw7Zpa7dgHUqSRBJ3A2o3FWxbysneLagiM0jrO29Mm9+75j6UHivcH8x+tTe5dk8gK8VJkXEcjOCCDGRm08gKPvBVYSVdSJ7zT9NAR+VaDD+/8A0r/bWSx//Of5x+dK2nKgpBF7iBTRkRyFUF2WRO+jEacjTPBYxGTO8ZyRlERPKNNSDXcN/wBZ/wCn+413hH/Knk/508qoMUexfDrRutneYIOVSVGWJJGbUgAx61n8dhmR8hRQplk1LArylt5j0oztb7482+lbDAe+n/1n+xar3uK3DmZwF6yiKVw6KSurPm5SGZSe6edA4jh7HOiI8LrIBIYR1A1Pwp7jv+L4v/c1OOHfc/mX8qryTcXx7hj5Pn+G4fdcwgG8DNIIbpEaedev4Rs6q1xEWchdnJykanQj0itNx/8A7l7zf6Cs8239Q/vq/cxfIzwnHUtzZvtcuICPcEJEd11hpBO5Bo3/AFjIWSy+dMpyz3RqD6+IpFwn3h5n86HwH/ZH8/5GlcU+SJFtu3Zd0zBmIGrK2UOx91R89ulG8Mssjgz7JSZzhSTMEEZiJjw2mh8F/wBpP5z9TUe0n/Hb+P8Acaj9hqHmP7PLcuW3F5GW73GuOp0IGmqaSZgTGvpRnD7D4YPZtZHyGTNz2ZJH8B0Zj0modnf+uv8A9bfVaccU/wCqn84/vquUmqEsQWsWzAkDLn1hpEdeVRXg6MjFnIcGAFTMrE8hO/nUeIe9++gpxh/+FfIfnRFYoxWFw1lAHLh4170AE7yBoKSe0s/j+dXcV9x/M/Ws/TxjwE//2Q=="
        ],
        "tags": [
            {
                "id": 53321425,
                "name": "<string>"
            },
            {
                "id": 33265123,
                "name": "<string>"
            }
        ],
        "status": "sold"
    }
]
Request method:	GET
Request URI:	https://petstore.swagger.io/v2/pet/findByStatus?status=available%2Cpending%2Csold
Proxy:			<none>
Request params:	<none>
Query params:	status=available,pending,sold
Form params:	<none>
Path params:	<none>
Headers:		Accept=*/*
				Content-Type=application/json
Cookies:		<none>
Multiparts:		<none>
Body:			<none>
HTTP/1.1 200 OK
Date: Mon, 01 Apr 2024 16:21:57 GMT
Content-Type: application/json
Transfer-Encoding: chunked
Connection: keep-alive
Access-Control-Allow-Origin: *
Access-Control-Allow-Methods: GET, POST, DELETE, PUT
Access-Control-Allow-Headers: Content-Type, api_key, Authorization
Server: Jetty(9.2.9.v20150224)

[
    {
        "id": 9223372036854623353,
        "category": {
            "id": 0,
            "name": "string"
        },
        "name": "fish",
        "photoUrls": [
            "string"
        ],
        "tags": [
            {
                "id": 0,
                "name": "string"
            }
        ],
        "status": "available"
    },
    {
        "id": 9223372036854623354,
        "category": {
            "id": 0,
            "name": "string"
        },
        "name": "Puff",
        "photoUrls": [
            "string"
        ],
        "tags": [
            {
                "id": 0,
                "name": "string"
            }
        ],
        "status": "available"
    },
    {
        "id": 9223372036854623357,
        "category": {
            "id": 0,
            "name": "string"
        },
        "name": "doggie",
        "photoUrls": [
            "string"
        ],
        "tags": [
            {
                "id": 0,
                "name": "string"
            }
        ],
        "status": "available"
    },
    {
        "id": 9223372036854623358,
        "category": {
            "id": 0,
            "name": "string"
        },
        "name": "doggie",
        "photoUrls": [
            "string"
        ],
        "tags": [
            {
                "id": 0,
                "name": "string"
            }
        ],
        "status": "available"
    },
    {
        "id": 3324,
        "category": {
            "id": 1,
            "name": "doggies"
        },
        "name": "Bubu",
        "photoUrls": [
            "string"
        ],
        "tags": [
            {
                "id": 0,
                "name": "woof"
            }
        ],
        "status": "available"
    },
    {
        "id": 156987,
        "category": {
            "id": 1,
            "name": "German Sheperd"
        },
        "name": "Rex",
        "photoUrls": [
            "string"
        ],
        "tags": [
            {
                "id": 0,
                "name": "woof"
            }
        ],
        "status": "available"
    },
    {
        "id": 9223372036854623383,
        "category": {
            "id": 0,
            "name": "string"
        },
        "name": "fish",
        "photoUrls": [
            "string"
        ],
        "tags": [
            {
                "id": 0,
                "name": "string"
            }
        ],
        "status": "available"
    },
    {
        "id": 9223372036854623384,
        "category": {
            "id": 0,
            "name": "string"
        },
        "name": "fish",
        "photoUrls": [
            "string"
        ],
        "tags": [
            {
                "id": 0,
                "name": "string"
            }
        ],
        "status": "available"
    },
    {
        "id": 9223372036854623385,
        "category": {
            "id": 0,
            "name": "string"
        },
        "name": "fish",
        "photoUrls": [
            "string"
        ],
        "tags": [
            {
                "id": 0,
                "name": "string"
            }
        ],
        "status": "available"
    },
    {
        "id": 9223372036854623387,
        "category": {
            "id": 0,
            "name": "string"
        },
        "name": "fish",
        "photoUrls": [
            "string"
        ],
        "tags": [
            {
                "id": 0,
                "name": "string"
            }
        ],
        "status": "available"
    },
    {
        "id": 5786,
        "category": {
            "id": 1,
            "name": "doggies"
        },
        "name": "Bubu",
        "photoUrls": [
            "string"
        ],
        "tags": [
            {
                "id": 0,
                "name": "woof"
            }
        ],
        "status": "available"
    },
    {
        "id": 9223372036854623389,
        "category": {
            "id": 0,
            "name": "string"
        },
        "name": "doggie",
        "photoUrls": [
            "string"
        ],
        "tags": [
            {
                "id": 0,
                "name": "string"
            }
        ],
        "status": "available"
    },
    {
        "id": 9223372036854623390,
        "category": {
            "id": 0,
            "name": "string"
        },
        "name": "doggie",
        "photoUrls": [
            "string"
        ],
        "tags": [
            {
                "id": 0,
                "name": "string"
            }
        ],
        "status": "available"
    },
    {
        "id": 112,
        "category": {
            "id": 11,
            "name": "yahsi"
        },
        "name": "Cok Vahsi",
        "photoUrls": [
            "https://images.app.goo.gl/972LJXCHhchrSmgv9"
        ],
        "tags": [
            {
                "id": 5,
                "name": "Beyaz doberman"
            }
        ],
        "status": "available"
    },
    {
        "id": 9222968140497180179,
        "category": {
            "id": 0,
            "name": "string"
        },
        "name": "test",
        "photoUrls": [
            "string"
        ],
        "tags": [
            {
                "id": 0,
                "name": "string"
            }
        ],
        "status": "available"
    },
    {
        "id": 11589,
        "category": {
            "id": 1,
            "name": "doggies"
        },
        "name": "Bubu",
        "photoUrls": [
            "string"
        ],
        "tags": [
            {
                "id": 0,
                "name": "woof"
            }
        ],
        "status": "available"
    },
    {
        "id": 9223372036854623408,
        "category": {
            "id": 0,
            "name": "string"
        },
        "name": "doggie",
        "photoUrls": [
            "string"
        ],
        "tags": [
            {
                "id": 0,
                "name": "string"
            }
        ],
        "status": "available"
    },
    {
        "id": 9223372036854623409,
        "category": {
            "id": 0,
            "name": "string"
        },
        "name": "fish",
        "photoUrls": [
            "string"
        ],
        "tags": [
            {
                "id": 0,
                "name": "string"
            }
        ],
        "status": "available"
    },
    {
        "id": 834,
        "category": {
            "id": 437,
            "name": "dog"
        },
        "name": "Breanne",
        "photoUrls": [
            
        ],
        "tags": [
            
        ],
        "status": "available"
    },
    {
        "id": 9223372036854623410,
        "category": {
            "id": 0,
            "name": "string"
        },
        "name": "fish",
        "photoUrls": [
            "string"
        ],
        "tags": [
            {
                "id": 0,
                "name": "string"
            }
        ],
        "status": "available"
    },
    {
        "id": 9223372036854623412,
        "category": {
            "id": 0,
            "name": "string"
        },
        "name": "doggie",
        "photoUrls": [
            "string"
        ],
        "tags": [
            {
                "id": 0,
                "name": "string"
            }
        ],
        "status": "available"
    },
    {
        "id": 9223372036854623413,
        "category": {
            "id": 0,
            "name": "string"
        },
        "name": "Puff",
        "photoUrls": [
            "string"
        ],
        "tags": [
            {
                "id": 0,
                "name": "string"
            }
        ],
        "status": "available"
    },
    {
        "id": 9223372036854623414,
        "category": {
            "id": 0,
            "name": "string"
        },
        "name": "doggie",
        "photoUrls": [
            "string"
        ],
        "tags": [
            {
                "id": 0,
                "name": "string"
            }
        ],
        "status": "available"
    },
    {
        "id": 9223372036854623415,
        "category": {
            "id": 0,
            "name": "string"
        },
        "name": "doggie",
        "photoUrls": [
            "string"
        ],
        "tags": [
            {
                "id": 0,
                "name": "string"
            }
        ],
        "status": "available"
    },
    {
        "id": 9223372036854623419,
        "category": {
            "id": 0,
            "name": "string"
        },
        "name": "doggie",
        "photoUrls": [
            "string"
        ],
        "tags": [
            {
                "id": 0,
                "name": "string"
            }
        ],
        "status": "available"
    },
    {
        "id": 9223372036854623422,
        "name": "MiPet",
        "photoUrls": [
            "https://i.pinimg.com/736x/32/7e/db/327edb9a15b304efc264668ada03f725.jpg"
        ],
        "tags": [
            
        ],
        "status": "available"
    },
    {
        "id": 9222968140491042131,
        "category": {
            "id": 0,
            "name": "string"
        },
        "name": "doggie",
        "photoUrls": [
            "string"
        ],
        "tags": [
            {
                "id": 0,
                "name": "string"
            }
        ],
        "status": "available"
    },
    {
        "id": 9223372036854623448,
        "category": {
            "id": 0,
            "name": "string"
        },
        "name": "doggie",
        "photoUrls": [
            "string"
        ],
        "tags": [
            {
                "id": 0,
                "name": "string"
            }
        ],
        "status": "available"
    },
    {
        "id": 9223372036854623449,
        "category": {
            "id": 0,
            "name": "string"
        },
        "name": "fish",
        "photoUrls": [
            "string"
        ],
        "tags": [
            {
                "id": 0,
                "name": "string"
            }
        ],
        "status": "available"
    },
    {
        "id": 100,
        "category": {
            "id": 0,
            "name": "Category1"
        },
        "name": "Pet2",
        "photoUrls": [
            "string"
        ],
        "tags": [
            {
                "id": 0,
                "name": "string"
            }
        ],
        "status": "available"
    },
    {
        "id": 659,
        "category": {
            "id": 557,
            "name": "dog"
        },
        "name": "Dante",
        "photoUrls": [
            
        ],
        "tags": [
            
        ],
        "status": "available"
    },
    {
        "id": 9223372036854623450,
        "category": {
            "id": 0,
            "name": "string"
        },
        "name": "doggie",
        "photoUrls": [
            "string"
        ],
        "tags": [
            {
                "id": 0,
                "name": "string"
            }
        ],
        "status": "available"
    },
    {
        "id": 1267,
        "category": {
            "id": 1,
            "name": "dog"
        },
        "name": "Bubu",
        "photoUrls": [
            "string"
        ],
        "tags": [
            {
                "id": 0,
                "name": "woof"
            }
        ],
        "status": "sold"
    },
    {
        "id": 1659,
        "category": {
            "id": 1,
            "name": "cat"
        },
        "name": "Garfield",
        "photoUrls": [
            "string"
        ],
        "tags": [
            {
                "id": 0,
                "name": "meow"
            }
        ],
        "status": "available"
    },
    {
        "id": 5698,
        "category": {
            "id": 1,
            "name": "sheep"
        },
        "name": "Aries",
        "photoUrls": [
            "string"
        ],
        "tags": [
            {
                "id": 0,
                "name": "bleating"
            }
        ],
        "status": "pending"
    },
    {
        "id": 7459,
        "category": {
            "id": 1,
            "name": "tiger"
        },
        "name": "Tigger",
        "photoUrls": [
            "string"
        ],
        "tags": [
            {
                "id": 0,
                "name": "chuffing"
            }
        ],
        "status": "available"
    },
    {
        "id": 7458,
        "category": {
            "id": 1,
            "name": "lion"
        },
        "name": "Scar",
        "photoUrls": [
            "string"
        ],
        "tags": [
            {
                "id": 0,
                "name": "roaring"
            }
        ],
        "status": "available"
    },
    {
        "id": 9875,
        "category": {
            "id": 1,
            "name": "dog"
        },
        "name": "Rex",
        "photoUrls": [
            "string"
        ],
        "tags": [
            {
                "id": 0,
                "name": "woof"
            }
        ],
        "status": "pending"
    },
    {
        "id": 4563,
        "category": {
            "id": 1,
            "name": "monkey"
        },
        "name": "Woolly",
        "photoUrls": [
            "string"
        ],
        "tags": [
            {
                "id": 0,
                "name": "scream"
            }
        ],
        "status": "sold"
    },
    {
        "id": 9223372036854623459,
        "category": {
            "id": 0,
            "name": "string"
        },
        "name": "Hexxie",
        "photoUrls": [
            "string"
        ],
        "tags": [
            {
                "id": 0,
                "name": "string"
            }
        ],
        "status": "available"
    },
    {
        "id": 9223372036854623462,
        "category": {
            "id": 1,
            "name": "Perro"
        },
        "name": "Nala",
        "photoUrls": [
            "No tiene"
        ],
        "tags": [
            {
                "id": 1,
                "name": "Tag Perro"
            }
        ],
        "status": "available"
    },
    {
        "id": 9223372036854623463,
        "category": {
            "id": 2,
            "name": "Perro"
        },
        "name": "Robin",
        "photoUrls": [
            "No tiene"
        ],
        "tags": [
            {
                "id": 2,
                "name": "Tag Perro"
            }
        ],
        "status": "available"
    },
    {
        "id": 9223372036854623466,
        "category": {
            "id": 3,
            "name": "Gato"
        },
        "name": "Luna",
        "photoUrls": [
            "No tiene"
        ],
        "tags": [
            {
                "id": 3,
                "name": "Tag Gato"
            }
        ],
        "status": "available"
    },
    {
        "id": 9223372036854623468,
        "category": {
            "id": 4,
            "name": "Gato"
        },
        "name": "Michi",
        "photoUrls": [
            "No tiene"
        ],
        "tags": [
            {
                "id": 4,
                "name": "Tag Gato"
            }
        ],
        "status": "available"
    },
    {
        "id": 9223372036854623470,
        "category": {
            "id": 5,
            "name": "Raton"
        },
        "name": "Mickey",
        "photoUrls": [
            "No tiene"
        ],
        "tags": [
            {
                "id": 5,
                "name": "Tag Raton"
            }
        ],
        "status": "available"
    },
    {
        "id": 9223372036854623474,
        "category": {
            "id": 6,
            "name": "Perro"
        },
        "name": "Pluto",
        "photoUrls": [
            "No tiene"
        ],
        "tags": [
            {
                "id": 6,
                "name": "Tag Perro"
            }
        ],
        "status": "pending"
    },
    {
        "id": 9223372036854623479,
        "category": {
            "id": 7,
            "name": "Pato"
        },
        "name": "Donald",
        "photoUrls": [
            "No tiene"
        ],
        "tags": [
            {
                "id": 7,
                "name": "Tag Pato"
            }
        ],
        "status": "pending"
    },
    {
        "id": 9223372036854623481,
        "category": {
            "id": 8,
            "name": "Pato"
        },
        "name": "Daisy",
        "photoUrls": [
            "No tiene"
        ],
        "tags": [
            {
                "id": 8,
                "name": "Tag Pato"
            }
        ],
        "status": "pending"
    },
    {
        "id": 9223372036854623482,
        "category": {
            "id": 9,
            "name": "Raton"
        },
        "name": "Minnie",
        "photoUrls": [
            "No tiene"
        ],
        "tags": [
            {
                "id": 9,
                "name": "Tag Raton"
            }
        ],
        "status": "pending"
    },
    {
        "id": 9223372036854623483,
        "category": {
            "id": 10,
            "name": "Roedor"
        },
        "name": "Taz",
        "photoUrls": [
            "No tiene"
        ],
        "tags": [
            {
                "id": 10,
                "name": "Tag Roedor"
            }
        ],
        "status": "sold"
    },
    {
        "id": 9223372036854623484,
        "category": {
            "id": 0,
            "name": "string"
        },
        "name": "fish",
        "photoUrls": [
            "string"
        ],
        "tags": [
            {
                "id": 0,
                "name": "string"
            }
        ],
        "status": "available"
    },
    {
        "id": 13,
        "category": {
            "id": 192,
            "name": "dog"
        },
        "name": "Percy",
        "photoUrls": [
            
        ],
        "tags": [
            
        ],
        "status": "available"
    },
    {
        "id": 2965,
        "category": {
            "id": 1,
            "name": "doggies"
        },
        "name": "Bubu",
        "photoUrls": [
            "string"
        ],
        "tags": [
            {
                "id": 0,
                "name": "woof"
            }
        ],
        "status": "available"
    },
    {
        "id": 9223372036854623504,
        "category": {
            "id": 0,
            "name": "string"
        },
        "name": "doggie",
        "photoUrls": [
            "string"
        ],
        "tags": [
            {
                "id": 0,
                "name": "string"
            }
        ],
        "status": "available"
    },
    {
        "id": 9223372036854623510,
        "category": {
            "id": 0,
            "name": "string"
        },
        "name": "fish",
        "photoUrls": [
            "string"
        ],
        "tags": [
            {
                "id": 0,
                "name": "string"
            }
        ],
        "status": "available"
    },
    {
        "id": 9223372036854623511,
        "category": {
            "id": 0,
            "name": "string"
        },
        "name": "doggie",
        "photoUrls": [
            "string"
        ],
        "tags": [
            {
                "id": 0,
                "name": "string"
            }
        ],
        "status": "available"
    },
    {
        "id": 9223372036854623513,
        "category": {
            "id": 0,
            "name": "string"
        },
        "name": "fish",
        "photoUrls": [
            "string"
        ],
        "tags": [
            {
                "id": 0,
                "name": "string"
            }
        ],
        "status": "available"
    },
    {
        "id": 9223372036854623514,
        "category": {
            "id": 0,
            "name": "string"
        },
        "name": "fish",
        "photoUrls": [
            "string"
        ],
        "tags": [
            {
                "id": 0,
                "name": "string"
            }
        ],
        "status": "available"
    },
    {
        "id": 9223372036854623516,
        "category": {
            "id": 0,
            "name": "string"
        },
        "name": "Puff",
        "photoUrls": [
            "string"
        ],
        "tags": [
            {
                "id": 0,
                "name": "string"
            }
        ],
        "status": "available"
    },
    {
        "id": 9223372036854623517,
        "category": {
            "id": 0,
            "name": "string"
        },
        "name": "doggie",
        "photoUrls": [
            "string"
        ],
        "tags": [
            {
                "id": 0,
                "name": "string"
            }
        ],
        "status": "available"
    },
    {
        "id": 9223372036854623518,
        "category": {
            "id": 0,
            "name": "string"
        },
        "name": "doggie",
        "photoUrls": [
            "string"
        ],
        "tags": [
            {
                "id": 0,
                "name": "string"
            }
        ],
        "status": "available"
    },
    {
        "id": 9223372036854623529,
        "category": {
            "id": 0,
            "name": "string"
        },
        "name": "fish",
        "photoUrls": [
            "string"
        ],
        "tags": [
            {
                "id": 0,
                "name": "string"
            }
        ],
        "status": "available"
    },
    {
        "id": 9223372036854623534,
        "category": {
            "id": 0,
            "name": "string"
        },
        "name": "doggie",
        "photoUrls": [
            "string"
        ],
        "tags": [
            {
                "id": 0,
                "name": "string"
            }
        ],
        "status": "available"
    },
    {
        "id": 9223372036854623535,
        "category": {
            "id": 0,
            "name": "string"
        },
        "name": "fish",
        "photoUrls": [
            "string"
        ],
        "tags": [
            {
                "id": 0,
                "name": "string"
            }
        ],
        "status": "available"
    },
    {
        "id": 9223372036854623536,
        "category": {
            "id": 0,
            "name": "string"
        },
        "name": "fish",
        "photoUrls": [
            "string"
        ],
        "tags": [
            {
                "id": 0,
                "name": "string"
            }
        ],
        "status": "available"
    },
    {
        "id": 9223372036854623537,
        "category": {
            "id": 0,
            "name": "string"
        },
        "name": "fish",
        "photoUrls": [
            "string"
        ],
        "tags": [
            {
                "id": 0,
                "name": "string"
            }
        ],
        "status": "available"
    },
    {
        "id": 9223372036854623540,
        "name": "doggie",
        "photoUrls": [
            
        ],
        "tags": [
            
        ],
        "status": "available"
    },
    {
        "id": 9223372036854623541,
        "name": "doggie",
        "photoUrls": [
            
        ],
        "tags": [
            
        ],
        "status": "available"
    },
    {
        "id": 1010,
        "category": {
            "id": 0,
            "name": "Dog"
        },
        "name": "Sheru",
        "photoUrls": [
            "string"
        ],
        "tags": [
            {
                "id": 0,
                "name": "string"
            }
        ],
        "status": "sold"
    },
    {
        "id": 9223372036854623547,
        "category": {
            "id": 0,
            "name": "string"
        },
        "name": "doggie",
        "photoUrls": [
            "string"
        ],
        "tags": [
            {
                "id": 0,
                "name": "string"
            }
        ],
        "status": "available"
    },
    {
        "id": 652,
        "category": {
            "id": 951,
            "name": "dog"
        },
        "name": "Arlo",
        "photoUrls": [
            
        ],
        "tags": [
            
        ],
        "status": "available"
    },
    {
        "id": 7685,
        "category": {
            "id": 76,
            "name": "string"
        },
        "name": "doggie",
        "photoUrls": [
            "string"
        ],
        "tags": [
            {
                "id": 89,
                "name": "string"
            }
        ],
        "status": "available"
    },
    {
        "id": 9223372036854623567,
        "category": {
            "id": 0,
            "name": "Jerry"
        },
        "name": "Mouse",
        "photoUrls": [
            "string"
        ],
        "tags": [
            {
                "id": 0,
                "name": "Mouse"
            }
        ],
        "status": "available"
    },
    {
        "id": 9223372036854623568,
        "category": {
            "id": 0,
            "name": "string"
        },
        "name": "fish",
        "photoUrls": [
            "string"
        ],
        "tags": [
            {
                "id": 0,
                "name": "string"
            }
        ],
        "status": "available"
    },
    {
        "id": 9223372036854623569,
        "category": {
            "id": 0,
            "name": "string"
        },
        "name": "fish",
        "photoUrls": [
            "string"
        ],
        "tags": [
            {
                "id": 0,
                "name": "string"
            }
        ],
        "status": "available"
    },
    {
        "id": 9223372036854623571,
        "category": {
            "id": 0,
            "name": "string"
        },
        "name": "doggie",
        "photoUrls": [
            "string"
        ],
        "tags": [
            {
                "id": 0,
                "name": "string"
            }
        ],
        "status": "available"
    },
    {
        "id": 9223372036854623572,
        "category": {
            "id": 0,
            "name": "string"
        },
        "name": "Puff",
        "photoUrls": [
            "string"
        ],
        "tags": [
            {
                "id": 0,
                "name": "string"
            }
        ],
        "status": "available"
    },
    {
        "id": 9223372036854623573,
        "category": {
            "id": 0,
            "name": "string"
        },
        "name": "doggie",
        "photoUrls": [
            "string"
        ],
        "tags": [
            {
                "id": 0,
                "name": "string"
            }
        ],
        "status": "available"
    },
    {
        "id": 9223372036854623574,
        "category": {
            "id": 0,
            "name": "string"
        },
        "name": "doggie",
        "photoUrls": [
            "string"
        ],
        "tags": [
            {
                "id": 0,
                "name": "string"
            }
        ],
        "status": "available"
    },
    {
        "id": 9223372036854623578,
        "category": {
            "id": 0,
            "name": "string"
        },
        "name": "doggie",
        "photoUrls": [
            "string"
        ],
        "tags": [
            {
                "id": 0,
                "name": "string"
            }
        ],
        "status": "available"
    },
    {
        "id": 9223372036854623579,
        "category": {
            "id": 0,
            "name": "string"
        },
        "name": "doggie",
        "photoUrls": [
            "string"
        ],
        "tags": [
            {
                "id": 0,
                "name": "string"
            }
        ],
        "status": "available"
    },
    {
        "id": 9223372036854623580,
        "category": {
            "id": 0,
            "name": "string"
        },
        "name": "doggie",
        "photoUrls": [
            "string"
        ],
        "tags": [
            {
                "id": 0,
                "name": "string"
            }
        ],
        "status": "available"
    },
    {
        "id": 9223372036854623585,
        "category": {
            "id": 0,
            "name": "string"
        },
        "name": "fish",
        "photoUrls": [
            "string"
        ],
        "tags": [
            {
                "id": 0,
                "name": "string"
            }
        ],
        "status": "available"
    },
    {
        "id": 9223372036854623589,
        "category": {
            "id": 0,
            "name": "string"
        },
        "name": "doggie",
        "photoUrls": [
            "string"
        ],
        "tags": [
            {
                "id": 0,
                "name": "string"
            }
        ],
        "status": "available"
    },
    {
        "id": 9223372036854623596,
        "category": {
            "id": 0,
            "name": "string"
        },
        "name": "fish",
        "photoUrls": [
            "string"
        ],
        "tags": [
            {
                "id": 0,
                "name": "string"
            }
        ],
        "status": "available"
    },
    {
        "id": 28,
        "name": "MiPet28",
        "photoUrls": [
            "https://i.pinimg.com/736x/32/7e/db/327edb9a15b304efc264668ada03f725.jpg"
        ],
        "tags": [
            
        ],
        "status": "available"
    },
    {
        "id": 9223372036854623614,
        "name": "Kitty",
        "photoUrls": [
            
        ],
        "tags": [
            
        ],
        "status": "available"
    },
    {
        "id": 159,
        "category": {
            "id": 0,
            "name": "string"
        },
        "name": "Trixie",
        "photoUrls": [
            "string"
        ],
        "tags": [
            {
                "id": 0,
                "name": "string"
            }
        ],
        "status": "available"
    },
    {
        "id": 9223372036854623617,
        "category": {
            "id": 0,
            "name": "string"
        },
        "name": "doggie",
        "photoUrls": [
            "string"
        ],
        "tags": [
            {
                "id": 0,
                "name": "string"
            }
        ],
        "status": "available"
    },
    {
        "id": 9223372036854623618,
        "category": {
            "id": 0,
            "name": "string"
        },
        "name": "doggie",
        "photoUrls": [
            "string"
        ],
        "tags": [
            {
                "id": 0,
                "name": "string"
            }
        ],
        "status": "available"
    },
    {
        "id": 9223372036854623619,
        "category": {
            "id": 0,
            "name": "string"
        },
        "name": "doggie",
        "photoUrls": [
            "string"
        ],
        "tags": [
            {
                "id": 0,
                "name": "string"
            }
        ],
        "status": "available"
    },
    {
        "id": 9223372036854623626,
        "category": {
            "id": 0,
            "name": "string"
        },
        "name": "fish",
        "photoUrls": [
            "string"
        ],
        "tags": [
            {
                "id": 0,
                "name": "string"
            }
        ],
        "status": "available"
    },
    {
        "id": 9223372036854623629,
        "category": {
            "id": 0,
            "name": "string"
        },
        "name": "fish",
        "photoUrls": [
            "string"
        ],
        "tags": [
            {
                "id": 0,
                "name": "string"
            }
        ],
        "status": "available"
    },
    {
        "id": 9223372036854623630,
        "category": {
            "id": 0,
            "name": "string"
        },
        "name": "fish",
        "photoUrls": [
            "string"
        ],
        "tags": [
            {
                "id": 0,
                "name": "string"
            }
        ],
        "status": "available"
    },
    {
        "id": 9223372036854623632,
        "category": {
            "id": 0,
            "name": "string"
        },
        "name": "Puff",
        "photoUrls": [
            "string"
        ],
        "tags": [
            {
                "id": 0,
                "name": "string"
            }
        ],
        "status": "available"
    },
    {
        "id": 9223372036854623639,
        "category": {
            "id": 0,
            "name": "string"
        },
        "name": "doggie",
        "photoUrls": [
            "string"
        ],
        "tags": [
            {
                "id": 0,
                "name": "string"
            }
        ],
        "status": "available"
    },
    {
        "id": 9223372036854623646,
        "category": {
            "id": 0,
            "name": "string"
        },
        "name": "doggie",
        "photoUrls": [
            "string"
        ],
        "tags": [
            {
                "id": 0,
                "name": "string"
            }
        ],
        "status": "available"
    },
    {
        "id": 9223372036854623647,
        "category": {
            "id": 0,
            "name": "string"
        },
        "name": "doggie",
        "photoUrls": [
            "string"
        ],
        "tags": [
            {
                "id": 0,
                "name": "string"
            }
        ],
        "status": "available"
    },
    {
        "id": 1111111111,
        "category": {
            "id": 27,
            "name": "Cat"
        },
        "name": "Mao",
        "photoUrls": [
            "string"
        ],
        "tags": [
            {
                "id": 24,
                "name": "meow"
            }
        ],
        "status": "pending"
    },
    {
        "id": 9223372036854623648,
        "category": {
            "id": 0,
            "name": "string"
        },
        "name": "doggie",
        "photoUrls": [
            "string"
        ],
        "tags": [
            {
                "id": 0,
                "name": "string"
            }
        ],
        "status": "available"
    },
    {
        "id": 9223372036854623649,
        "category": {
            "id": 0,
            "name": "string"
        },
        "name": "doggie",
        "photoUrls": [
            "string"
        ],
        "tags": [
            {
                "id": 0,
                "name": "string"
            }
        ],
        "status": "available"
    },
    {
        "id": 9223372036854623650,
        "category": {
            "id": 0,
            "name": "string"
        },
        "name": "doggie",
        "photoUrls": [
            "string"
        ],
        "tags": [
            {
                "id": 0,
                "name": "string"
            }
        ],
        "status": "available"
    },
    {
        "id": 9223372036854623651,
        "category": {
            "id": 0,
            "name": "string"
        },
        "name": "doggie",
        "photoUrls": [
            "string"
        ],
        "tags": [
            {
                "id": 0,
                "name": "string"
            }
        ],
        "status": "available"
    },
    {
        "id": 9223372036854623652,
        "category": {
            "id": 0,
            "name": "string"
        },
        "name": "doggie",
        "photoUrls": [
            "string"
        ],
        "tags": [
            {
                "id": 0,
                "name": "string"
            }
        ],
        "status": "available"
    },
    {
        "id": 9223372036854623653,
        "category": {
            "id": 0,
            "name": "string"
        },
        "name": "doggie",
        "photoUrls": [
            "string"
        ],
        "tags": [
            {
                "id": 0,
                "name": "string"
            }
        ],
        "status": "available"
    },
    {
        "id": 9223372036854623654,
        "category": {
            "id": 0,
            "name": "string"
        },
        "name": "doggie",
        "photoUrls": [
            "string"
        ],
        "tags": [
            {
                "id": 0,
                "name": "string"
            }
        ],
        "status": "available"
    },
    {
        "id": 1498045,
        "category": {
            "id": 1,
            "name": "Cat"
        },
        "name": "Mao",
        "photoUrls": [
            "string"
        ],
        "tags": [
            {
                "id": 24,
                "name": "meow"
            }
        ],
        "status": "available"
    },
    {
        "id": 9223372036854623660,
        "category": {
            "id": 0,
            "name": "string"
        },
        "name": "fish",
        "photoUrls": [
            "string"
        ],
        "tags": [
            {
                "id": 0,
                "name": "string"
            }
        ],
        "status": "available"
    },
    {
        "id": 9223372036854623663,
        "category": {
            "id": 0,
            "name": "string"
        },
        "name": "fish",
        "photoUrls": [
            "string"
        ],
        "tags": [
            {
                "id": 0,
                "name": "string"
            }
        ],
        "status": "available"
    },
    {
        "id": 9223372036854623664,
        "category": {
            "id": 0,
            "name": "string"
        },
        "name": "fish",
        "photoUrls": [
            "string"
        ],
        "tags": [
            {
                "id": 0,
                "name": "string"
            }
        ],
        "status": "available"
    },
    {
        "id": 9223372036854623665,
        "category": {
            "id": 0,
            "name": "string"
        },
        "name": "fish",
        "photoUrls": [
            "string"
        ],
        "tags": [
            {
                "id": 0,
                "name": "string"
            }
        ],
        "status": "available"
    },
    {
        "id": 9223372036854623669,
        "category": {
            "id": 0,
            "name": "string"
        },
        "name": "doggie",
        "photoUrls": [
            "string"
        ],
        "tags": [
            {
                "id": 0,
                "name": "string"
            }
        ],
        "status": "available"
    },
    {
        "id": 577208081,
        "category": {
            "id": 1,
            "name": "crocodile"
        },
        "name": "lacoste",
        "photoUrls": [
            "string"
        ],
        "tags": [
            {
                "id": 0,
                "name": "string"
            }
        ],
        "status": "available"
    },
    {
        "id": 363,
        "category": {
            "id": 363,
            "name": "jqnRZ"
        },
        "photoUrls": [
            
        ],
        "tags": [
            
        ],
        "status": "available"
    },
    {
        "id": 9223372036854623693,
        "category": {
            "id": 0,
            "name": "cat"
        },
        "name": "buska",
        "photoUrls": [
            "string"
        ],
        "tags": [
            {
                "id": 0,
                "name": "string"
            }
        ],
        "status": "available"
    },
    {
        "id": 9223372036854623694,
        "category": {
            "id": 0,
            "name": "string"
        },
        "name": "doggie",
        "photoUrls": [
            "string"
        ],
        "tags": [
            {
                "id": 0,
                "name": "string"
            }
        ],
        "status": "available"
    },
    {
        "id": 9223372036854623695,
        "category": {
            "id": 0,
            "name": "string"
        },
        "name": "fish",
        "photoUrls": [
            "string"
        ],
        "tags": [
            {
                "id": 0,
                "name": "string"
            }
        ],
        "status": "available"
    },
    {
        "id": 9223372036854623696,
        "category": {
            "id": 0,
            "name": "string"
        },
        "name": "fish",
        "photoUrls": [
            "string"
        ],
        "tags": [
            {
                "id": 0,
                "name": "string"
            }
        ],
        "status": "available"
    },
    {
        "id": 9223372036854623706,
        "category": {
            "id": 0,
            "name": "string"
        },
        "name": "Puff",
        "photoUrls": [
            "string"
        ],
        "tags": [
            {
                "id": 0,
                "name": "string"
            }
        ],
        "status": "available"
    },
    {
        "id": 9223372036854623708,
        "category": {
            "id": 0,
            "name": "string"
        },
        "name": "doggie",
        "photoUrls": [
            "string"
        ],
        "tags": [
            {
                "id": 0,
                "name": "string"
            }
        ],
        "status": "available"
    },
    {
        "id": 3114,
        "category": {
            "id": 3114,
            "name": "string"
        },
        "name": "doggie",
        "photoUrls": [
            "abc",
            "def"
        ],
        "tags": [
            {
                "id": 0,
                "name": "test0"
            },
            {
                "id": 1,
                "name": "test1"
            }
        ],
        "status": "available"
    },
    {
        "id": 74408294,
        "category": {
            "id": 70278030,
            "name": "in adipisicing"
        },
        "name": "doggie",
        "photoUrls": [
            "nostrud sunt eu occaecat elit",
            "esse aute non magna"
        ],
        "tags": [
            {
                "id": 81618844,
                "name": "id aliquip"
            },
            {
                "id": -96817599,
                "name": "ut elit esse"
            }
        ],
        "status": "sold"
    },
    {
        "id": 213443,
        "category": {
            "id": 1,
            "name": "stray"
        },
        "name": "Jojo",
        "photoUrls": [
            "string"
        ],
        "tags": [
            {
                "id": 24,
                "name": "bark"
            }
        ],
        "status": "available"
    },
    {
        "id": 3896808,
        "category": {
            "id": 1,
            "name": "Cat"
        },
        "name": "Mao",
        "photoUrls": [
            "string"
        ],
        "tags": [
            {
                "id": 24,
                "name": "meow"
            }
        ],
        "status": "available"
    },
    {
        "id": 43665,
        "category": {
            "id": 1,
            "name": "stray"
        },
        "name": "Juju",
        "photoUrls": [
            "string"
        ],
        "tags": [
            {
                "id": 24,
                "name": "jump"
            }
        ],
        "status": "sold"
    },
    {
        "id": 8585807,
        "category": {
            "id": 1,
            "name": "Cat"
        },
        "name": "Mao",
        "photoUrls": [
            "string"
        ],
        "tags": [
            {
                "id": 24,
                "name": "meow"
            }
        ],
        "status": "available"
    },
    {
        "id": 567768,
        "category": {
            "id": 1,
            "name": "stray"
        },
        "name": "Bibi",
        "photoUrls": [
            "string"
        ],
        "tags": [
            {
                "id": 24,
                "name": "lie"
            }
        ],
        "status": "pending"
    },
    {
        "id": 8470027,
        "category": {
            "id": 1,
            "name": "Cat"
        },
        "name": "Mao",
        "photoUrls": [
            "string"
        ],
        "tags": [
            {
                "id": 24,
                "name": "meow"
            }
        ],
        "status": "available"
    },
    {
        "id": 45454376,
        "category": {
            "id": 1,
            "name": "stray"
        },
        "name": "Doobie",
        "photoUrls": [
            "string"
        ],
        "tags": [
            {
                "id": 24,
                "name": "sleep"
            }
        ],
        "status": "sold"
    },
    {
        "id": 429196,
        "category": {
            "id": 1,
            "name": "Cat"
        },
        "name": "Mao",
        "photoUrls": [
            "string"
        ],
        "tags": [
            {
                "id": 24,
                "name": "meow"
            }
        ],
        "status": "available"
    },
    {
        "id": 566574543,
        "category": {
            "id": 1,
            "name": "stray"
        },
        "name": "Lulu",
        "photoUrls": [
            "string"
        ],
        "tags": [
            {
                "id": 24,
                "name": "stay"
            }
        ],
        "status": "available"
    },
    {
        "id": 9223372036854623711,
        "category": {
            "id": 0,
            "name": "string"
        },
        "name": "doggie",
        "photoUrls": [
            "string"
        ],
        "tags": [
            {
                "id": 0,
                "name": "string"
            }
        ],
        "status": "available"
    },
    {
        "id": 9223372036854623712,
        "category": {
            "id": 0,
            "name": "string"
        },
        "name": "doggie",
        "photoUrls": [
            "string"
        ],
        "tags": [
            {
                "id": 0,
                "name": "string"
            }
        ],
        "status": "available"
    },
    {
        "id": 7241855,
        "category": {
            "id": 1,
            "name": "Cat"
        },
        "name": "Mao",
        "photoUrls": [
            "string"
        ],
        "tags": [
            {
                "id": 24,
                "name": "meow"
            }
        ],
        "status": "available"
    },
    {
        "id": 243874334,
        "category": {
            "id": 1,
            "name": "stray"
        },
        "name": "Kiki",
        "photoUrls": [
            "string"
        ],
        "tags": [
            {
                "id": 24,
                "name": "go"
            }
        ],
        "status": "available"
    },
    {
        "id": 9178573,
        "category": {
            "id": 1,
            "name": "Cat"
        },
        "name": "Mao",
        "photoUrls": [
            "string"
        ],
        "tags": [
            {
                "id": 24,
                "name": "meow"
            }
        ],
        "status": "available"
    },
    {
        "id": 324983207543,
        "category": {
            "id": 1,
            "name": "stray"
        },
        "name": "Lola",
        "photoUrls": [
            "string"
        ],
        "tags": [
            {
                "id": 24,
                "name": "dance"
            }
        ],
        "status": "pending"
    },
    {
        "id": 5482728,
        "category": {
            "id": 1,
            "name": "Cat"
        },
        "name": "Mao",
        "photoUrls": [
            "string"
        ],
        "tags": [
            {
                "id": 24,
                "name": "meow"
            }
        ],
        "status": "available"
    },
    {
        "id": 324454543,
        "category": {
            "id": 1,
            "name": "stray"
        },
        "name": "Lala",
        "photoUrls": [
            "string"
        ],
        "tags": [
            {
                "id": 24,
                "name": "spin"
            }
        ],
        "status": "pending"
    },
    {
        "id": 1815535,
        "category": {
            "id": 1,
            "name": "Cat"
        },
        "name": "Mao",
        "photoUrls": [
            "string"
        ],
        "tags": [
            {
                "id": 24,
                "name": "meow"
            }
        ],
        "status": "available"
    },
    {
        "id": 9658093853094,
        "category": {
            "id": 1,
            "name": "stray"
        },
        "name": "vasya",
        "photoUrls": [
            "string"
        ],
        "tags": [
            {
                "id": 24,
                "name": "sleep"
            }
        ],
        "status": "sold"
    },
    {
        "id": 6774637,
        "category": {
            "id": 1,
            "name": "Cat"
        },
        "name": "Mao",
        "photoUrls": [
            "string"
        ],
        "tags": [
            {
                "id": 24,
                "name": "meow"
            }
        ],
        "status": "available"
    },
    {
        "id": 439083209844309,
        "category": {
            "id": 1,
            "name": "stray"
        },
        "name": "Noli",
        "photoUrls": [
            "string"
        ],
        "tags": [
            {
                "id": 24,
                "name": "bark"
            }
        ],
        "status": "available"
    },
    {
        "id": 5087461,
        "category": {
            "id": 1,
            "name": "Cat"
        },
        "name": "Mao",
        "photoUrls": [
            "string"
        ],
        "tags": [
            {
                "id": 24,
                "name": "meow"
            }
        ],
        "status": "available"
    },
    {
        "id": 9223372036854623715,
        "category": {
            "id": 0,
            "name": "string"
        },
        "name": "fish",
        "photoUrls": [
            "string"
        ],
        "tags": [
            {
                "id": 0,
                "name": "string"
            }
        ],
        "status": "available"
    },
    {
        "id": 9254928,
        "category": {
            "id": 1,
            "name": "Cat"
        },
        "name": "Mao",
        "photoUrls": [
            "string"
        ],
        "tags": [
            {
                "id": 24,
                "name": "meow"
            }
        ],
        "status": "available"
    },
    {
        "id": 755275,
        "category": {
            "id": 1,
            "name": "Cat"
        },
        "name": "Mao",
        "photoUrls": [
            "string"
        ],
        "tags": [
            {
                "id": 24,
                "name": "meow"
            }
        ],
        "status": "available"
    },
    {
        "id": 5781984,
        "category": {
            "id": 1,
            "name": "Cat"
        },
        "name": "Mao",
        "photoUrls": [
            "string"
        ],
        "tags": [
            {
                "id": 24,
                "name": "meow"
            }
        ],
        "status": "available"
    },
    {
        "id": 9907668,
        "category": {
            "id": 1,
            "name": "Cat"
        },
        "name": "Mao",
        "photoUrls": [
            "string"
        ],
        "tags": [
            {
                "id": 24,
                "name": "meow"
            }
        ],
        "status": "available"
    },
    {
        "id": 5731065,
        "category": {
            "id": 1,
            "name": "Cat"
        },
        "name": "Mao",
        "photoUrls": [
            "string"
        ],
        "tags": [
            {
                "id": 24,
                "name": "meow"
            }
        ],
        "status": "available"
    },
    {
        "id": 7866425,
        "category": {
            "id": 1,
            "name": "Cat"
        },
        "name": "Mao",
        "photoUrls": [
            "string"
        ],
        "tags": [
            {
                "id": 24,
                "name": "meow"
            }
        ],
        "status": "available"
    },
    {
        "id": 2551780,
        "category": {
            "id": 1,
            "name": "Cat"
        },
        "name": "Mao",
        "photoUrls": [
            "string"
        ],
        "tags": [
            {
                "id": 24,
                "name": "meow"
            }
        ],
        "status": "available"
    },
    {
        "id": 8535277,
        "category": {
            "id": 1,
            "name": "Cat"
        },
        "name": "Mao",
        "photoUrls": [
            "string"
        ],
        "tags": [
            {
                "id": 24,
                "name": "meow"
            }
        ],
        "status": "available"
    },
    {
        "id": 4772959,
        "category": {
            "id": 1,
            "name": "Cat"
        },
        "name": "Mao",
        "photoUrls": [
            "string"
        ],
        "tags": [
            {
                "id": 24,
                "name": "meow"
            }
        ],
        "status": "available"
    },
    {
        "id": 5900375,
        "category": {
            "id": 1,
            "name": "Cat"
        },
        "name": "Mao",
        "photoUrls": [
            "string"
        ],
        "tags": [
            {
                "id": 24,
                "name": "meow"
            }
        ],
        "status": "available"
    },
    {
        "id": 9223372036854623718,
        "category": {
            "id": 0,
            "name": "string"
        },
        "name": "doggie",
        "photoUrls": [
            "string"
        ],
        "tags": [
            {
                "id": 0,
                "name": "string"
            }
        ],
        "status": "available"
    },
    {
        "id": 9223372016900015000,
        "category": {
            "id": 0,
            "name": "string"
        },
        "name": "doggie",
        "photoUrls": [
            "string"
        ],
        "tags": [
            {
                "id": 0,
                "name": "string"
            }
        ],
        "status": "available"
    },
    {
        "id": 9223372036854623728,
        "category": {
            "id": 0,
            "name": "string"
        },
        "name": "fish",
        "photoUrls": [
            "string"
        ],
        "tags": [
            {
                "id": 0,
                "name": "string"
            }
        ],
        "status": "available"
    },
    {
        "id": 9223372036854623746,
        "category": {
            "id": 0,
            "name": "string"
        },
        "name": "fish",
        "photoUrls": [
            "string"
        ],
        "tags": [
            {
                "id": 0,
                "name": "string"
            }
        ],
        "status": "available"
    },
    {
        "id": 9223372036854623749,
        "name": "Kitty",
        "photoUrls": [
            
        ],
        "tags": [
            
        ],
        "status": "available"
    },
    {
        "id": 9223372036854623750,
        "category": {
            "id": 0,
            "name": "string"
        },
        "name": "fish",
        "photoUrls": [
            "string"
        ],
        "tags": [
            {
                "id": 0,
                "name": "string"
            }
        ],
        "status": "available"
    },
    {
        "id": 9223372036854623757,
        "category": {
            "id": 0,
            "name": "string"
        },
        "name": "Puff",
        "photoUrls": [
            "string"
        ],
        "tags": [
            {
                "id": 0,
                "name": "string"
            }
        ],
        "status": "available"
    },
    {
        "id": 9223372036854623758,
        "category": {
            "id": 0,
            "name": "string"
        },
        "name": "fish",
        "photoUrls": [
            "string"
        ],
        "tags": [
            {
                "id": 0,
                "name": "string"
            }
        ],
        "status": "available"
    },
    {
        "id": 9223372036854623763,
        "category": {
            "id": 0,
            "name": "string"
        },
        "name": "doggie",
        "photoUrls": [
            "string"
        ],
        "tags": [
            {
                "id": 0,
                "name": "string"
            }
        ],
        "status": "available"
    },
    {
        "id": 9223372036854623764,
        "category": {
            "id": 0,
            "name": "string"
        },
        "name": "doggie",
        "photoUrls": [
            "string"
        ],
        "tags": [
            {
                "id": 0,
                "name": "string"
            }
        ],
        "status": "available"
    },
    {
        "id": 9223372036854623765,
        "category": {
            "id": 0,
            "name": "string"
        },
        "name": "doggie",
        "photoUrls": [
            "string"
        ],
        "tags": [
            {
                "id": 0,
                "name": "string"
            }
        ],
        "status": "available"
    },
    {
        "id": 9223372036854623768,
        "category": {
            "id": 0,
            "name": "string"
        },
        "name": "doggie",
        "photoUrls": [
            "string"
        ],
        "tags": [
            {
                "id": 0,
                "name": "string"
            }
        ],
        "status": "available"
    },
    {
        "id": 9223372036854623769,
        "category": {
            "id": 0,
            "name": "string"
        },
        "name": "fish",
        "photoUrls": [
            "string"
        ],
        "tags": [
            {
                "id": 0,
                "name": "string"
            }
        ],
        "status": "available"
    },
    {
        "id": 9223372036854623773,
        "category": {
            "id": 0,
            "name": "string"
        },
        "name": "doggie",
        "photoUrls": [
            "string"
        ],
        "tags": [
            {
                "id": 0,
                "name": "string"
            }
        ],
        "status": "available"
    },
    {
        "id": 9223372036854623775,
        "category": {
            "id": 0,
            "name": "string"
        },
        "name": "fish",
        "photoUrls": [
            "string"
        ],
        "tags": [
            {
                "id": 0,
                "name": "string"
            }
        ],
        "status": "available"
    },
    {
        "id": 9223372036854623776,
        "category": {
            "id": 0,
            "name": "string"
        },
        "name": "fish",
        "photoUrls": [
            "string"
        ],
        "tags": [
            {
                "id": 0,
                "name": "string"
            }
        ],
        "status": "available"
    },
    {
        "id": 9223372036854623778,
        "category": {
            "id": 0,
            "name": "string"
        },
        "name": "fish",
        "photoUrls": [
            "string"
        ],
        "tags": [
            {
                "id": 0,
                "name": "string"
            }
        ],
        "status": "available"
    },
    {
        "id": 9223372036854623789,
        "category": {
            "id": 0,
            "name": "cat"
        },
        "name": "druzhok",
        "photoUrls": [
            "string"
        ],
        "tags": [
            {
                "id": 0,
                "name": "string"
            }
        ],
        "status": "available"
    },
    {
        "id": 9223372036854623813,
        "category": {
            "id": 0,
            "name": "string"
        },
        "name": "fish",
        "photoUrls": [
            "string"
        ],
        "tags": [
            {
                "id": 0,
                "name": "string"
            }
        ],
        "status": "available"
    },
    {
        "id": 9223372036854623814,
        "category": {
            "id": 0,
            "name": "dog"
        },
        "name": "fix",
        "photoUrls": [
            "string"
        ],
        "tags": [
            {
                "id": 0,
                "name": "string"
            }
        ],
        "status": "available"
    },
    {
        "id": 51,
        "name": "MiPet51",
        "photoUrls": [
            "https://i.pinimg.com/736x/32/7e/db/327edb9a15b304efc264668ada03f725.jpg"
        ],
        "tags": [
            
        ],
        "status": "available"
    },
    {
        "id": 9223372036854623815,
        "category": {
            "id": 0,
            "name": "string"
        },
        "name": "doggie",
        "photoUrls": [
            "string"
        ],
        "tags": [
            {
                "id": 0,
                "name": "string"
            }
        ],
        "status": "available"
    },
    {
        "id": 9223372036854623816,
        "category": {
            "id": 0,
            "name": "string"
        },
        "name": "fish",
        "photoUrls": [
            "string"
        ],
        "tags": [
            {
                "id": 0,
                "name": "string"
            }
        ],
        "status": "available"
    },
    {
        "id": 9223372036854623817,
        "category": {
            "id": 0,
            "name": "string"
        },
        "name": "Puff",
        "photoUrls": [
            "string"
        ],
        "tags": [
            {
                "id": 0,
                "name": "string"
            }
        ],
        "status": "available"
    },
    {
        "id": 9223372036854623819,
        "category": {
            "id": 0,
            "name": "string"
        },
        "name": "doggie",
        "photoUrls": [
            "string"
        ],
        "tags": [
            {
                "id": 0,
                "name": "string"
            }
        ],
        "status": "available"
    },
    {
        "id": 9223372036854623822,
        "name": "Kitty",
        "photoUrls": [
            
        ],
        "tags": [
            
        ],
        "status": "available"
    },
    {
        "id": 9223372036854623825,
        "category": {
            "id": 0,
            "name": "string"
        },
        "name": "doggie",
        "photoUrls": [
            "string"
        ],
        "tags": [
            {
                "id": 0,
                "name": "string"
            }
        ],
        "status": "available"
    },
    {
        "id": 9223372036854623826,
        "category": {
            "id": 0,
            "name": "string"
        },
        "name": "doggie",
        "photoUrls": [
            "string"
        ],
        "tags": [
            {
                "id": 0,
                "name": "string"
            }
        ],
        "status": "available"
    },
    {
        "id": 82,
        "name": "MiPet82",
        "photoUrls": [
            "https://i.pinimg.com/736x/32/7e/db/327edb9a15b304efc264668ada03f725.jpg"
        ],
        "tags": [
            
        ],
        "status": "available"
    },
    {
        "id": 9223372036854623849,
        "category": {
            "id": 0,
            "name": "string"
        },
        "name": "fish",
        "photoUrls": [
            "string"
        ],
        "tags": [
            {
                "id": 0,
                "name": "string"
            }
        ],
        "status": "available"
    },
    {
        "id": 9223372036854623852,
        "category": {
            "id": 0,
            "name": "string"
        },
        "name": "test",
        "photoUrls": [
            "string"
        ],
        "tags": [
            {
                "id": 0,
                "name": "string"
            }
        ],
        "status": "available"
    },
    {
        "id": 9223372036854623853,
        "category": {
            "id": 0,
            "name": "string"
        },
        "name": "test",
        "photoUrls": [
            "string"
        ],
        "tags": [
            {
                "id": 0,
                "name": "string"
            }
        ],
        "status": "available"
    },
    {
        "id": 9223372036854623854,
        "category": {
            "id": 0,
            "name": "string"
        },
        "name": "test",
        "photoUrls": [
            "string"
        ],
        "tags": [
            {
                "id": 0,
                "name": "string"
            }
        ],
        "status": "available"
    },
    {
        "id": 9223372036854623855,
        "category": {
            "id": 0,
            "name": "string"
        },
        "name": "test",
        "photoUrls": [
            "string"
        ],
        "tags": [
            {
                "id": 0,
                "name": "string"
            }
        ],
        "status": "available"
    },
    {
        "id": 9223372036854623858,
        "category": {
            "id": 0,
            "name": "string"
        },
        "name": "fish",
        "photoUrls": [
            "string"
        ],
        "tags": [
            {
                "id": 0,
                "name": "string"
            }
        ],
        "status": "available"
    },
    {
        "id": 9223372036854623884,
        "category": {
            "id": 0,
            "name": "string"
        },
        "name": "fish",
        "photoUrls": [
            "string"
        ],
        "tags": [
            {
                "id": 0,
                "name": "string"
            }
        ],
        "status": "available"
    },
    {
        "id": 9223372036854623000,
        "category": {
            "id": 100,
            "name": "Dinosaur"
        },
        "name": "Tyrannosaurus",
        "photoUrls": [
            "data:image/png;base64,iVBORw0KGgoAAAANSUhEUgAAAlgAAADICAYAAAA0n5+2AAAACXBIWXMAAA7EAAAOxAGVKw4bAAAEhmlUWHRYTUw6Y29tLmFkb2JlLnhtcAAAAAAAPD94cGFja2V0IGJlZ2luPSfvu78nIGlkPSdXNU0wTXBDZWhpSHpyZVN6TlRjemtjOWQnPz4KPHg6eG1wbWV0YSB4bWxuczp4PSdhZG9iZTpuczptZXRhLyc+CjxyZGY6UkRGIHhtbG5zOnJkZj0naHR0cDovL3d3dy53My5vcmcvMTk5OS8wMi8yMi1yZGYtc3ludGF4LW5zIyc+CgogPHJkZjpEZXNjcmlwdGlvbiByZGY6YWJvdXQ9JycKICB4bWxuczpBdHRyaWI9J2h0dHA6Ly9ucy5hdHRyaWJ1dGlvbi5jb20vYWRzLzEuMC8nPgogIDxBdHRyaWI6QWRzPgogICA8cmRmOlNlcT4KICAgIDxyZGY6bGkgcmRmOnBhcnNlVHlwZT0nUmVzb3VyY2UnPgogICAgIDxBdHRyaWI6Q3JlYXRlZD4yMDI0LTAzLTI1PC9BdHRyaWI6Q3JlYXRlZD4KICAgICA8QXR0cmliOkV4dElkPmQ2NDQ3Y2I5LTUyMGEtNGE0ZS04MWEzLWIyOTNlNDkyYjdkMjwvQXR0cmliOkV4dElkPgogICAgIDxBdHRyaWI6RmJJZD41MjUyNjU5MTQxNzk1ODA8L0F0dHJpYjpGYklkPgogICAgIDxBdHRyaWI6VG91Y2hUeXBlPjI8L0F0dHJpYjpUb3VjaFR5cGU+CiAgICA8L3JkZjpsaT4KICAgPC9yZGY6U2VxPgogIDwvQXR0cmliOkFkcz4KIDwvcmRmOkRlc2NyaXB0aW9uPgoKIDxyZGY6RGVzY3JpcHRpb24gcmRmOmFib3V0PScnCiAgeG1sbnM6ZGM9J2h0dHA6Ly9wdXJsLm9yZy9kYy9lbGVtZW50cy8xLjEvJz4KICA8ZGM6dGl0bGU+CiAgIDxyZGY6QWx0PgogICAgPHJkZjpsaSB4bWw6bGFuZz0neC1kZWZhdWx0Jz5UaWVuZGEgZGUgbWFzY290YXMgLSAxPC9yZGY6bGk+CiAgIDwvcmRmOkFsdD4KICA8L2RjOnRpdGxlPgogPC9yZGY6RGVzY3JpcHRpb24+CgogPHJkZjpEZXNjcmlwdGlvbiByZGY6YWJvdXQ9JycKICB4bWxuczpwZGY9J2h0dHA6Ly9ucy5hZG9iZS5jb20vcGRmLzEuMy8nPgogIDxwZGY6QXV0aG9yPkpvc8OpIEFudG9uaW8gTGV5dmEgUmVnYWzDs248L3BkZjpBdXRob3I+CiA8L3JkZjpEZXNjcmlwdGlvbj4KCiA8cmRmOkRlc2NyaXB0aW9uIHJkZjphYm91dD0nJwogIHhtbG5zOnhtcD0naHR0cDovL25zLmFkb2JlLmNvbS94YXAvMS4wLyc+CiAgPHhtcDpDcmVhdG9yVG9vbD5DYW52YTwveG1wOkNyZWF0b3JUb29sPgogPC9yZGY6RGVzY3JpcHRpb24+CjwvcmRmOlJERj4KPC94OnhtcG1ldGE+Cjw/eHBhY2tldCBlbmQ9J3InPz4+3cHkAAAgAElEQVR4nGzcZZck15ku7PkP78xYUoOaGauri5mZmZmZK4uZGbKYmZmZuqC7mklokGY8tscgiyWv+70jqlr2Oet8eFZERkZkBu597WfvzH/76q8L+PtX2/jqb/P47y/z8dlHYfjkdTiePo3E5m4U1ndjsbqbiKm1ePTPxWBgPgETyymYXE3HzHo2lnbKsbZfg82HdVg5kGJ+twZL+/VY2K3H5Fo1Q8poxPiKFENz5eidKkPPVCn6ZivQN1eFrukydE1VoGkoD7W96ajuSUZtfwraxnMwtlKNlb02bD3uxqNXQ3j8ZgRPXo/hxSfTePPrBbz5fBGHr4ew+6IfD573Y+1RN+YfNGJkIR9tw6mo7UpCZYsENR1pqO/LRH1/JqS9qajrT0P7eDp6p7PQu5CJ3nnGdDq6JjO5T1k8zgz0zaSidyYZA4vJGFpgzCZjeCEdw0uZGF1Kx+hKFgYXMzG0lIWO6RTUDSWgrD0Oxc1CxKOoORZFDTEobY5BY68E9Z1x6BxKxPBMOqZWcjG7VoDl3VLsPKnDzuN6bB/WY4Pn78GTNjz7aJzHOIsXH8/jJePZ21k8ej3F4xxlDODB0y4sH9Ricr0A42uFGF8t5H7lYe5BGz7+dBe//ugRHqxMY216CC2V+ajJjkN9VgTKkwNQkxaE+vRABLuYw0BLCb622kgMskJ1XihCQiOhqmiIu5fuQPWuLBzNzCAtz0R2RhpKSstQXVOL6KgYeHsEIigwHB5OnvB1DoS9hS1cHL0QFpmL5Oxm+IcXI7u8H+0Tj9E5eYiG3lXkVs2joHIc5XWTqGqeRe/oKqYWtjC7eoCByU10Di6htWcOwxNrGB2fxsxkPwb6hzA3N4ulxWm0tHSgqkqKJEkGHBztUF6Ugf6eNlTXNaGiLBuODnZwc3VFV3sjMjJSIYkLh7SqBM6uboiOiYaLszuqynKQlyFBfEQIcpNi0NZYj/bGBoz0tiI3Nw9DA11Iz8xFY1Mn6iurERsejbqGDrx69RLjU8uIScjmPjShqakLbS3dGBqcwPDgMMYH+9Hc0Iah3kH4B6XyXDWhXtqGkpIG1Na0Y2JyAcOTy9jY2sXE8AQ6ukYw0j/A7QZxsL2BP/73b/HoYBfP91bxeGMKCwOteLo2jlcPV/Hq2RaePF7Cs5dLvE+GsPd8EQ+ejWPjsBuLD5owt9OEtScbaJ/MRXlXEHIa/BFT4I6gdEd4J9rANcoSjmFmcAg1g32IGeyCjWETbABrhlWIPswD9GHqpQdTT10Yu2tD31kL2nbaDE6tNaDJ0LBUhbqpMtRMlaBiIg8lUzkomdyHKqeaForQslKApqU81+VUmOdUy0qR2ytCx0YB+rbK0LdXgQHD0F4VRg5qMLBTEcPYUR2mzpqw4HdbejA8Oe+qCXMXDZi6qMHUTQm23hrwj7VDTIYfErODIckJRlJeMKLTXeEdZQyXEB04h2jDNVQP7uEGfK0P52A9ceoWZiiGR4QRfGKN4BVrAM9oToWIMYJ3nBH8JMYISDJFcKoFwwyBySYIz7RCbKE94gqdEF/giDhGYpErUsu8kVsThqq2OJYxmRicLcbkcgVmVqowtViB0ZlidI9korFLgpL6aERnusMr0houQRZw8DeBvZ8xHPxM4BRgBrcQS/hGWSEuxRnped7IKfJFaVUwpHURaGqNQ2NHAuraYlHVGI7iqhDklQQjs9APKbleSM7yQFqOB7ILfVBcGYzqxkjUtcYyYiDltKY5GtUNkSivjUARty2sDEVuWQhKayNR3RKDpp4k9IymYHwhB4tb5Vh5UMoowfJOMebW8zC+mIbeiTg09YWjrCUAkmJnRGTaICLDEuHp1ghLsURgoim8Y4zhGWkC72gzeEXxdbQpQpOtEJ/njJRid2RX+KFQGoLy5kiUNIShmPM5lX6Q5LkiPNkGftEm8OK1cQvVh52fJqy8VGDmrgRTVwUYOshD3+5dyELPTob3zD3oW92BnuUt6Frehrb5LWgKYXaHUxlomMlAzeQeVIzuQtnwDhT1b0JO5xpkta6KIaNxmdMruK99VQx53RtQ0LvF9W5DyeA2t7sjbvsuVI3viZ+nYXofWuZy0DaThY6pLLQ41eBUne+pc6pqLCN+nxJD2ZjbmsiIoWp6T3zv6LNkuC4/y5zbcl/Vua/alrLQtbkPPVs+J3aKMOQzY8BnR99SAXoW8tAx4/fyO1T1b0FJ5zoUeAzymlegqH0ZSroXGeegYnAWGsZnuS7D/Dy3PQNTh3OwdrsCO6+rcAu8Cc/gO/ANk0VQtArCYrQREWOA6FgzRMVYIiLSCqEhtggOtIO/rxXc3cxgZasLQxNlaGjL4L7KJdxSOIOrsidx8d4HYly6z6nCCVxSPonLjCvKJ3BF6QNcUz6N64wbKh/ilso53FA6g+uKH/4yvabwIa7Kn8bl+9zuPreXPYULd0/i/J2jOHvrA5y/ewIXZI7i4r2TXEeIE+L3nr/7Htf7Fc7d+hXOi/GfOHfzP3Cecfb6/4cz1/4d564dvb5091e4ym2uyZ0Sv/PdftxSPofbaudxT+cC5PQuQl7vCuR4LuV0L0Be/wIUDXlejS5ByfgSr6UQl8Vl8vqXj9bVEdbn/cT76o7mNdxQv8rjv8TzcBmXFS7iotx5XJK/iOv8jn/79puH+PabfXz39R6++WoLf/ljI/7whQT/9dtUvH2ThifPUvDkeQIeP4/D7mEctg+Ssf84h5GLgyf52H9aioPnUjx+3Y79Z81Ye1iLtYM6zG5VYYwFz+hSNTFCbK3WY2xJSqDVEDACrirQPV3BCrgUbWNFqOlOJ3zSiaxkNA1nYGixDHObzURHD/aJp4cvB/H09ShefDSDN58t4qPfrODtr1fx8tMZwmuQFU83VvebMbNVSQgVoWEgBeXtRE9LAiraJKjtIYL6iau+NDQOEViT6SKkRhZzMLKch7FVYmW1GNMblZjZrOD+8vVKDqY2sjmfgcmVdMxu5mBuK/fo9Vom3+M8C6M+wqt5jJDrS0RFRxy/9yiKG6JR1hiFKhZ6NW3R6B1Pweh8NqZW8zC9lk9gFROPVdh4xOB5e/CkBXvPOgmsMfG4Xn26iNefLeH5J/M4eDOFRzz2x2+JrKftWHlYg5mNQkxvFmN2u5zQKsHMdisOn67hwdo0+poq0ViShRxJNCRhfsiJ8kZSoAvC3W0R62ULb2sjWGgrIMJJGy5GCshiJZyXFgwjI2co3NPFzSssJO6rICc1FjmZCUhPT4ckKRUR0fFw9wwgqFxgbsxKwi0QoZGZcHEJhIdHNAv+elYYFZBkSFHbuUTkLqO1b4momkdd+zKa+zbR0L2KoekdbB48w9TSLqaJrNG5Pa63gM6eSbS29WFkuA81NXWora3H8HAvujp7Ia2vRx4hlJ6egvRUCfLy8pBfUo2mhmICyx5Jycno6GhBaFgYEuOCMdzVADcXRxib2KFJKkV9TT6c7KxQV16Cse5GSKtL0NPeguX5WUhSMhEbJ4GXdwgCg6IxOz2NpIQUeHqHoa6+FS0dvcjKrURn1xC6u3qwtbmBmtoGlJbVEH9t6GzrxPzoKApzi1Fc3oS9vUdcbwjZOVXcvgsDQzPY3zvExuYO39vD9Mgw1pbnUVtejd0Hu/if3/8GLx4f4vDBGnZXJvDb13t4+WgDW+tTmJpp53M3he0n40TVEKE1wGesm8+YFBuPJ7FyuITmEVaqPREoaApEYrEHwtKd4JdkB/doCziGmBJWxFWQGWwCjWEVQGAFGsIy0ABmfkfAMvHQgZGbNvScNKFjrw0tG03CSg0q5kSVmRK0rDW5jMutdaBtqwddOx3o87WGuQrUuY4aoaVqoQBVVgxqrCDUGTq2iqwUlY4w5aBKYKmKwBLiHbDegUtAlpkALRd1WBJX5o5qMHEiwJyVYeTEisdBDpbu6nANNiGiTIkpQ1bIGrDxUSVaNOAYoEVU6YrIEmD1DllOQbpwDNRhaMM5VAcuYZyG68M10hDuDI8oA6LLCL7xxoSWETxj9eBNhIUSEjH5jsSVM+LzncRpcpkXcupCIGUjsGc8j7CqxPI2gbvTivUHrVjeasT0UiX6J/PQ0peCMjaw4ogh3xg7uARaiLCyI7DsBGgxnIPNiQsLRCbaISnLDWm5nsgrDkBZTQgqGsJR0xJNXBEmtUHILQ1ARr4fknO9EZfpBkm2BzILiL1SPxRXB4ugamhPJLASICX+alqjUSoNQ35ZMHKLBZj5I6PAH3kVodyvSAIwHt3DSRiZy8T8hgCrEhFZyztlmN/M57GxfJySoG0wCpXtQciockV6uQsySp2QlO+A2CxbhKRawj/eDL6x5vCLs4BvnBkCEi2IMHskE1eZFdy/Kn8UcP/LmyLY2GV5yOPKKvMhPO14XkyIXyO4EFcOATrEtSpBrQxDZ9439gq/4MqAIVx/Q8f7MHa4DxMHWRjb34Oh7V3o2dwh4u9Ay5JBtGhaCOARkHUEHgFQ97WvibC6q35JjHuaR8AS4KWodxPKBrdEWKkx1LmdhoAgIQREETgCsLQ41SWwBFxpc16TIcBKWEf9GFEC0JQFoB3DSkWAEddRM70n7s+7ELYVkCVsp2XBzxVwZatEZCnxmVKCoY0ydIXnh40VHX6nhoA97qeIKw1W7hqXIK99Dgo6Z6Coe4bAOk2EnSY6T8PI/jSfnw9h732RqL9CwN9AaKIMIlPkEJ2mgPgMDSRlGyM11wKp2TZIynBAQoojyz5XQssFQcEO8Pa2hb2TMUzN+MzrykFB4wbuqlzAjWMYCdi5LP+BCKqrKidwTYwPcJ1xg/M3VI6AdVPlrBg3lP8VWWeOgXVC/BwRWITU+X9B1gWi6IIsQ+b9X2D1f4TMe7hAZJ2/859inLv9HyKyzt74d5y9Jky5/NZ/4DIxJgKL33VN4RSuKwn7dAa31c8RR+dFTMnrC8Di+dQTYHWB1+8Sr9kVMVSIK1WTyyzfrhFZV3gvXYKsNkPz6F66oXaRx38Rl5Uu4KL8eZyXPcf9PsvpWZ6f87iteY7A+noD3369ydjGt39/hO+/eY2//3UAf/7fBvz+v9vw218343e/rcAXv8vE55/n4JNPChkF+PzTQvz281L8+vMqfPZ5I95+2oY3n3QTQvVY2atk4U+krFVihAXO6FINo5ZoqsHwohQjCzXonSkTcdU9W0Hw5IrAahjKEHHVM5NP7FRiYbuFFUkv0TGAw1fDePqWrfpP5wmrFXz821XGGl5/voAnbweIsHZirAWzO1XEWwHqCLVS4qqkOR5lbYmo7k6CtC+ZyEpB00gaOqYy0b+Qi4l1omqzlLAi6LYrsbgrxcpBM1b2G7G0XYO5jSIs7pRi9aAcy3ucf1BA+OUQW9mEDefZ6pvcyOd3ZqB5OJmQO0JWWVsMShpZyBFZxQ1RqOGyvgmCbjaLWMvH7EYBFnYKCNJSAqsSm49qee768PBVH55+NIqXn82IiBSO8+XnS3j88SyefjqHR28GsP20kftZgYWtEiw8qOIxV2Bptw1PXqzh0f4aK/oedFQXoiY3AWmRPojxsUG8pymiXM3hYWkAe0N1mOhqwdJID9GebLGYq8PLQgXZkURKbDi0Dexw7YYqlBW0ERnkj/SUCERFRSCauErNyoWtoxecnD3h6uGDOzduETDOiJIUws7GC+4eMcgpbkVCUhnK6sbR3D2H0ak1tPSuobJ5iZXPFhr6VtE9ukqwv8TM8g4WN/YxOLPDFvschoYm0dTYzFZ8DQpLq5CTV4aIcLbCi0rR2tolZqjiY2IJrSwUlxbDw5ct++wU+Pj4wNnVG+2drUiUSFBRnInWhkokxIdDT98Yq7OjSE+KYguNFVR0FMb6Oom2dn5OJpITWDE1tiI+Ng6HO2uolzahp6cbo/2DGBwaRW5+Kdw8IpCRWYL5+RW0tXTg+dN9zM8tIjMjF5LkPGRl5qOlugaDHY1IiEvE6soyFmcmMDI6SZiWQJJajpHxaRw+eoiJiVlMT07jzYtD7K/NoqZCivnpSXz+0Uu8fP4Sm2treLK7gU9ePcTh/jLGJ9owsdyFwcVWPj9CRreX92oL79l67LzYxthaI1qGoniPh6GgMQBJJZ6s5FzgL7EVgeUQYgbbQFPYBJjA2t8Ylr7EFWFl6asPcwFX7jowdNWCvrMGtO3VoWmjDnXiSpuI0nPQg6FQ2LpbQt/JlHDShJKJEhSNFQgvZaJLC1q2msSVMlQYalbEFisGdSt5aNsoipkrfTtlGNgqi6ASMGVMPBn+S0brF2Q5asDSicByVYeFmzrMXVVg6qLE9dmqt73PyuceP0MWRs73YeamACsvZYJFDfYBGoSUFlxDjoDlGirgSp/LdFhxaxEzR+EUog2nMM6H6cCO6zkwnIgyFyHzFaUPrxh9eDJ8E40RSUAkFhEyQhQySjyQLQ1iOZWMLuJqcK6E5UA9th92s7E5hP0nw9h52IOVrSZMsszrHstGZVMcEvJ9EJBgL2as7HyMYOtrBGtvQ8KQz6G/EffZDIHR5nx+7BGX6oy0HE9kl/mjmMgqqwlFYVUwskp4TQmrxCxPxBNXsRluSM7zQU5JIEpqwlHdGENcJaG5MwWN7cmQtsSjkojKLw9EpoCyHG8kZHkgMdsTaUX87OpQIiwaHcMSAisLCyz/VnerGJUs81gOrhdgaiULwzOp6Bwi1jpCUFDvhaI6bxRJfZBV7or4XAci3gbBqVYITrZBUJI1p1YIS2MDLscFyUXuyKsJQAlBWt4YynMRjsrGcJYJoUgv8kBMhg38EwiscCMRxrY+mrD0UIMRr7eOgwJ0HQgNhhGvvQBsIyd5YlseZi4KhLg8TJ3kiAkii9gyYBgSXvq2skSJjJjJEjJLqkJGSe8WMXKdleIV3COyhLivdYQrBf2bxMktqBNFqsZ3oEEkaYqYIqLM70PbQo5ouy8iSgCWkE0ScKVlJkcc/d/AOs56CdmqY1ypGMuyYuZ7nFczPcpevctgaR5/riaBpcNnRY+wMrA9anQIyNK1VuQ6ckfHIWSviEQ5de6/6gXIqJ2DjPpJ3Nc4CQXdE1A1Osl9PcFzdYL31Sm4h5yFZ8R5Pv9XWQ7c5j0og9RiOaSVKiCzTB351aYorrXlPeZCgLsjq9CLyPJEVKwHgsNd4OVrD0dnU5hbakPXQJHffQey/O5bBNIV+VO4LHcCVxXew3Xl9wkpAVbvEVjv4YbqCc6fFDNY15U/ZJzh+2ePwEXcCLgSMlhX5E79AqzLBNbFeyeOcSVkswgq2X8C65eM2XFc4XZX+Z6QnbpwHOdvCxmrf8e5G4TWdSGj9Z8E2H/iyt33cZUgFHGleBK3VD8krs5ARuscQXWe1/8C4xLjIhQMLvCaXeK1u8zp5SNkmVwR55WMLoqZLHmue09LQPpF3FQ9j4tE43mFMzgndwbn758RYXWOcUHuHK4qnsNdzTP4t++/fYDvvt7Fd9/s4odvD/HdD7/D9989xjd/G8Vf/ncYf/zjMP70p2HOd+DP/1ONP3xRgz/8VzX+/Ps6/OWPrfjfP3Xif/7QiS9/347PvujCm8/acPC8Bqv7xMqDahZCFRhbKcXoYhUGiKn+2WpWEtUYXKgmSqrFbsLGwVzCKgetLJS6pomVhQLCjK2pB+3YeTKARy9H8OTNGJ5/NIFXn8wQWMvEx5oIkOefjOHR63627tux9qgNi3tSdBNPVZ1JBJaEkYjytiTCR+gaTEb9QDJaxtIJrCwCqwiT62WY2ijGDAuWBW67ys/YPOzA2l4r1nabOZVibb+O+9GCB0+bCC229nYLsbJbRPyVEkhs8e0UY2w5n2gksobSRcxVCV0ErbEokEahUBoNaWcieiayMDCdIablhS7C2a0CrD4swcbDchFYj14N4vD1AJ6+GcKLT8aJx1m8/e08nn86weOcwJNPprD3uhsrh0JXbDlxVYyl/SosM3afTOHLX3+M37x9jK3ZQfRKCyHNS0AEWyPBziaI87JAoK0uPMy1YafPh1hdCe7WhvCx0YGXpR5sdZXhYKyMtHAHgiOGiApAZLQEGSmsJKICEBUejNDwSMRK0mFp4w5rOw/YuQZASVkHVy7dhYtPPPxDk2Bj6Yb0vFrkl3agqnkSvUMLWNnYETNVBdI5FuaHPAfbGJzdxfY+58eWsLHzkC3/XeQUNKOlpQXDQ8Ooq61DaWUDSspqEBYSxhZWMnoHBomsBsTHxSMmJhI5RFZqSjo8PVyhoqoJZxcf5HKZq5s7PN3dkJUsgbQiDz5ubpgb60YhMZWdymW1FUiTxKG7oxl9PX1ITc4lilKRmpROiE1iZ30dg4ODGBscxqODbbx6/QKx8fyu9DysrBCLLd1oJMjevHyOvLxi5OXkwYHoTJMQ7xVFqC4uQGtTK6YmxgitDawubaCgsBph4WloIN4Ki6oxMjaPvf19bK0vYX1+HNlpfAYaW7CwuMz1V7C1uoJnTw7w8cuHmJ3swezyIIamWtE7RVw/6MTEkpRA78fm8210TAjZ30iUd4Yjr8EfkmIPhGY4w0diA+dIAivU4ih7RWBZ+RmJwDI77hY09dCFiZsODIgrXcJHx14D+o56RIwRKzQTaFlrQ8VcBfJGcpA1uAcFwkrdQhMaVjrQsTOAvoMBtG21oWatBlU7NagRTWp2CtAgrjQZOsSVngAse2UYOxFRQnbKTZOhznnCypHoclSFibMqLJzVYeWiDht3Ddh6acLWW0vMWpk6KRNhrGAdWbGygjV3VyJS1OAQqCVmpFyJJo9IXbEL0C/eBL6xJmKXoFOQnggroetJCAFbjsF8TYxZ+2vAwksFlt5HGTDXcC34xhsiOM0c4bk2kJTy/qn2RVaNHzKrfZBZ649SNpqah9gwmylkGcbyYqseDw578fD5KB6/nMTB02FssKEzv17HhlQx6rqSkVTgh6BERzjy/FvyfFt56jH0iUM9HgORR2S5BRvDN9IUQfHWiE52QFIWKz1CKK80BBmFvJ7EVHyaB2JT3RGb5oYEIXtVHERcsVxpSUJDB++7zjQ0dQjASkJ9ayKq2LDLLvZFQjq3SXFDpMQZ0SkuSCTgcsoCUEHwNPYLjb4UTLHsWmRjbWm7XGy0zazmYnI5i8eQxoZQIhp7I1HfGYK6jiBUtQUgv94baayY43OdxWxVdLYj4vMdkFDogJQSN+RU+qCwNhCl9SEsA4JR1RSMSs6XcVlhdQBSC9wQkSbAzAyeUUa8LtoEFq+Huxqxz3vFRRGGzgSWk4LYXShcbwsP5X9O3ZQJcC53VRSxZSHcEwSYKZFlTIAbWhNaZnehaXQbaoY3oax3AwoEioKWkP1hpaotVKpXoWR4Q4SRmsldVqYyR5A6hpWOpbw4FUElLBOyV8fIEjNQZvePM1z/RJaQnVLlZ6mZHQFL2egoVEyIMSFjZcE4XlcA1rvQ5ncJ2Spda4WjrJXQzc7ve5cVU9S9CVmNS7ijcg43hSyQ0gncUnmfy07w/V9x/94jNk/Cxu8DPg+n4BtzFsGSi4jNvklY3SOO76OsRRblLXKoaNXgNTRHTZs9appdUVnnhQLeD6mZvMcSvREe5QnfACe4uFnAykYPBsaqUNOTgbzmVcgonydUTuOywvsisK4pC6h6X4zrnL+uJExP4Yay0BV43CVHVAmvhRBeX5X/8JfuQWEq4EroBrwgw7h7hK2L94+yVkfAep8IO4LVNTliiSgTslICsC7d+RUuCnGLoLolIIu4ErJXxNbFu++J211TOMnvPo2bKqdwR/0sZIgeWZ2zUDC8cBQGQibrvNglqGZ2FarmQsbqKuF7HWqcKhpfhDzXkdM7y/UIW43zYtfndV6HC/Kn8SH368x9wvA+sUVoXeTxXSEmhQyejDaB9RMx9eN3T/DjDy/w0w+f4Kcfv8QPP77Ct19P4+uvRvDV38bw1V8n8fXfV/D3vw3ib3/qwld/7sXXfx3Ct3+bxDdfTeGvf5nEXxh//NMIfvdlD15/Wo/dZ7XYOqwTW0aT6yUYWChB32wZpzUYWanD8HItRlfrCKxytI4WonOyEL1zRRhaKiNWyjGzKXSZDeLpR7N4+cki3hBVbz5fxtvPhemKmMV6/dkMHr/u5XqdWHnYikUWbgsPGtA5kSp2DZYQV2WtEmIrVRx/1TKahY7JXBFXrRNp6JsvxCi/a3y1VOzSXH7YjM0n3dzvTsKqhdGG7cft2D5swf6LDjx+24ODly1cVsl1Koiuas5XE1mVmCPQRpf42eMZqO9LFZElZM7ya6JQVBuD6jYJ+qbyCYs8YjMPE6tsJW4UYoFQW2RsPm7Ak7eDePJRL569HeExT+IlYXX40QAO3vYxBvGQy7df8DgPyjG3lS9ut0qY7TxuYwG/gs/fPsHT3XmsjjWjvSwFVels/Ua4wctGHwFO5vCzM4WXlT5MNBVgrKUMR2MNOOjJwlrrHpxNWNGpsSV3+xzCWQkkxXgiLiYEMRE+SE0Iga+3J5xcXOHpHQIHFz/4hyXA3NoJTh4RcPaKgaVdECLiC+Djl4Ciyha2oPvR2D2B4fFFTM+tspX/DIPTO+gY2cDkwh4GpnawvLmH0rpRFuCLmFpYQUZ2HQryK5CTV4K2jk709Pejtb0dbW2NRJUExWXVyM7NR21VJfwDBPCFcRqE9IxMWFjYixmosOAgmJpawsWFBYW3LxorCtHVUI3SwnxUlhSiqKgIKUlpyM7LR1JCAqTVFSguKERTaytaW1rRLJXicI/7trAEaX0TluamOT+Lhw8fIjIyGYUFZejrG0RxSSPv99+juamJOIuHvZMX3N29UVNWjpaaSpQI63H/N9dX8OUXv8ZnH79BRamU31WJoYExHtcA5uaXsLW9jbfP9jE1NgJJcgGKi6rw+OEDvHz1Gk+fPMbu1iq21xfx7NkjTM4NoXW4nvdPI4b5HM3xWo+sDaCqJwyVXVEobglHltQH0fluCEx3gleiLZzCreAQYiFmsKxFYCR1sucAACAASURBVBnDwscQ5t7H467ctGHkogVDVwFZejBxNSKa9KBmqQoFokqAlYKxPNQthS5CoXvQgFM9KJuq8X0lvq8ARVMlqNoQV3bq0GQLXNNOSQwtwkqHsDJ0VCaMlGHmogIzVzUxO2XhfhRmRJYpl1u6q8LWQ52hBkcfQshXC06B+oSHLcLiXREY4wTXIBNYexJhnqoinDxi+X6yPkKSTRGZYYfYXCcxojgflGjJyttE7B60YeVt6yt0JxJvPmqEjapYcRs6yvJ4FcSuRncCLTTdgkiwJ6jcUdjoj8KmQII1ELkM4dzW9EjQNp7NcozlxhIxslmHrYddOHgxgsNXEzh4NoL13RYChQ3I6UI0dKchiUAKiLeDU7AJcaDD72UQtabu2jD30Ob+6MOB6HUOMIRnmDH8oy0QGm+LqBQnMeOUmOWN6HQCKdlFjNhUN6Tk+yKvMpxoiYe0NRkNncfAEso5IVvfGIviqkik5PggTOKIcH5/WKw9IiQ8P5muSCn0RD6hU9sWjtaBWCIrGWMLGSKqphjjC+l8nSoCq38iCV2j0egai0bnSCSa+oNR3UncNfsjs9IdKYRobo0Hypq9ucwTle2BqOsMQ2NPJJp7I9DUE4669hBUE1oVDSEoqglEWoknrxEbfhITXiMDnn+C11uDAFWDuaeyGGYeSjxXiuKYLOF6CV3BNt68T/ietZcq7wNV3jPKR8hyIa4c5cQwc5GDOV+bOd4XuxB1rW4TRDegbnQVKvrCuKULBNdFKBtehrLxNaiZEmGmd0QcqR8DS0eA1XH2Suu4S1DXQh56RI/QTajNeQFFWlznHZLeIUuduBKAJXYRGssSXPehYnqflTXXsTiO422E7YXPeRdaFkchfNa7cWSK+rfEjNtttXO4JgCFYLhC3NxQeQ/yOie477+CnvV7sPQ4wUbCaXjFn2Yj4UPE5lwgdq+goPEO71tZNA3IoHVIHi1D6mgbNkXbgC2au11Q1+aD8roAZBUEQpIWgOg4XwSFuMHd0xq29oYwMdOAFusIRa3rkFW9gFuKp7gfhIviCXEqwOqmygmC4wPxtQgppSNgCdkqAVW/QEvpzC9jsK7InRYzWZdkj5B16Z6QvTpNVBFZsidEXIldhDLEFd8Xuvmu3/9XYL0nAusy49LtX4ljroS4cOsdsP5TPE/XlU+IwLqjRlgRV3I65yBHKCkbH2WlFA3Pi12DAq50bG5Bx/ompzegZ3sL+nytRWgpm1wWt7mvK2S/zuKm8llc5/Fdkj+Fs9yvC3InxPlrqidxV/sE5A1Psmw8SZx9iH/7mbD6+ftnhNWn+OmnLxl/wM+c//H7ffzw3S6+/WYd3329CCHT9e03K/j2q0l8+/cpfPf3Sfzw9Ry+/2YZ33xNfH21hr/9ZQF/+t9hfP5FF6HQxoJHAApb3HtVGFwsQA+BNShkr5aE15WEViXBk89CKw/tEzkYXCjDNGG1vNfM7brx8MWIiKuPfrOBT3+3g89+t8/plgitV5/NiQPc9591Y+2gWRzsO7vVSriUEVIpYuZKwFV1V5qYIesYJ+KmuA9E3OCS0DWZx4IyH0MLpRhcLsMkv3floBXrhx3EUxc29tuxvs/95+vtwzZ+Vw+PqY8I6sPucyk2H1Vg61EVcVOH7Sd13IdqzKwXo386C82DaajtSSbsUlDMQrCyifvRlowOAm9gRuheKMAQcTeyXIixtQJMbhVh42k1dl/UEVHdeEpMPX07IIJO+N7Dt0M4eMNjfdWHradSLO0VYulBsYiyzacE39NePH25ib2deQx1VKMqMwp5sb6oTA9DNZEV72cJV1NN+NsaI9DeGPpqcjDUVISfvR4sNe8xZGGkxIJIlmK/fR76ilehp3QZBsrX4WypAT93a9jbmMHVzRUBBE1EdAJColMILV/Yu0ciNLEMITEFbJnWwzs4iS3vBgyOz6CyeQADw1No7Z3C+MwaC+9tNHTNoUQ6hPaRFQxOLiCzogtJRd1IL5IiNasOnX3zaG3rRz1xU1VVgarqRnT3D8CPoEpLzSZyYlFYVIao2HjkZGfC08MTdvYeiCOuCoinwtJitr68EBUVBQ8vb0jiE9BQWYa2lnq4urjDPyQaFTV1qKxtREtbGySSdEIrDQlcL594mxwdxuhAL0b5nTm5xejp6sH87AQWpqewuryE3OwSjA6PYHx8Ac9fv8H+9rIINzsHT2jqmKOotJqfJUFIcCwGBwbR1dmBpcVF/O43n+PZ4z0sz89jamoBY5NzqKlpxji/7/nTR1hZXcbAyBTysvOwPDeJ7a0tzM8tYWp8Ck8eH2BvfwsLSzMYmOxB81AF2kcrMUp81fTnsCERitJWXvO6IEjKvRCa7YqgLFd4s5J2CLeEfbD5cdegEcy9DGDhpQ8zItpYyF4xLD1Y+XuaQ99JF1pCJspUmWgSxlSpQdtGF7o2htC1MySqVCGrLwdZPXnc11fEfQMlEVnK5ipQ4XZqNurQslWBNpGlRWBpOygRbUIGQpnfoQIb4siOiHIgcux9hVAVp7Z8beutDkeiyTVYD+6hBghJsENumZChyURdcybKGtJQWCNBXKYv3AkRj0gDgsgUUXkWSC33QFaVH9JKPSApdIUk3xXRWU4ITrKFW7ihCCuhkhYqZ2FfzFyVxQHUerb3YOyiAMcgbbGrK77ACVnVriglHqo7QlHBKG4NQhFxUNJKYPVKxAZaz3Q+gVuKuQ2pWEY8eCIMURjBg8cDWN1pxgTLsa7RHFS1JooZLH/ixjnEiFjg+SasjNw1GRoEhCbPuw4svHVh7aMHRz8DuAYawivUFH6RFvCPsUJAgoBFBzFCGDHp7kjO90FeRZgIrNrmJKIqFY0CrjqSUNMcj8LaSGQXByMp0wNhwvbR1giKtEJIrA2i0pzEDFhGsTcbN4FEVighFIWOYUJrPEEE1eB0EoZmUzhNwdB0MoZnJRhZSBZjcDoeLQOhqO0KRlVHECrbAiHtDkTzQAgaegPQPhSJwalUbidsm4ihqUR087ObCK66du5zUwhx6IekfIIvzQQ+8Xo8N1piN69dABHlrwybAGU4hakQvaoMYaoM11BlOATyPV+lo/BRgZWHAHZFmBBUVm6KsPdRhkuwBnzCdXj+dOEdqg034tnWVQnGxJa22TVoCIOWDY8GLquYCN1AN4iUW4y7IpCErkERVseZKmFguwAufcLHQBh4bqUojo/6V1y9m3/XBShATY2hbMLgZyibC0GACetb/HN9YaolZssUfgHbuzFfAq6E7JUwhkzolrqtelaEyhV5Akv+PdxRfQ/KBif4XSegb3cC9n4n4RnzIUJSzyEq5xwkxReRLb2K8q7baBiWYR17hw18BfRM6qB7wpT3pw3aB11YHvuhpiUQ+eXBSMkMQnRCAIJD3dmQtoW9ozFMzTWhoy8PFW3uh9pF3FE+g5tKJ4klAVMMpff5mtDismuKp47HWh0BS4DUu0zWP+MIWe+6Co+6C0+KwDrqIjzOYgldg3ePgHVN9hRucJ0bPPbrIrQ+EMdXicASMlWMi7ePslgCsC4SXFdkBYT+CrfUP8AdjVOQ1T4DBd1zBCtBZXSe15+oMr0IVc6rmVyCtvV16NvfZLlwnQ2va2LoC8usbkDH6prYfahocIGfcxa3VM6Imbyja3FSxKaM1kmo8Fro8FoYOPCaMAydTuHf/vHjW4LqI8YXxNWf8fPPX+EfhNbPP32OH388jh9eM54RXJtE1Tx+/GYRP327iB+/XTla9v0evvt2n8haxl/+OoUv/ziCN78ZIEa6WPC0YO1QismNMgwvVWBgsQz98yXi/MhKBaFTKP5isHUsE0OLR2OJdh73YPdJL4E1RGhMElRL+Pi3G/jkN/v4/Ms9Mbuz/6KX2OjGyqN2zLNQm15vxNi6FL1zuagbkIhjryrak1Hfn42W4Xz0Thajd7aYoKrA+GotxtdqMbFWLab6+wmuCRF2LSKwth93EVW9RFQPNh62YfNhCw5eduIRsSNkzHaf1WH9oJwIq+K69WLX4dajarZoWfkuFKJdyGL1JqOWBV5FswQVLUkoa0og9pLQOir8QrFAhF3/YjEGlvMxvVOM+d0CTnOx/qSGkGrDw9edYtbsIb/v8OMRPPpoEHsvmrDztAbrj8rF7ODOM2LwWRenk1jfnsZAlxRtFWlID3dFeogTMiNcEedrC4m3OWJdDRFgqQpvVpomGiwA7t8iulTgaiwPb3O2AtXu4O5lCv/aBWjIXcedix9C9S5vNjVZmBmoISzIg5Cxg4MrPzM+EZ5e/nD3joG1czC0DV0QFFeA4qYBSLJrEZ/C8zw1h46BWTR39BNOFfAJS0Vt+wTKpD2Iy2pFft0katqGERCViuK6fpQ3TCGzpAG9IwtYWXuAiclpZGaliF1w+UWlMLV0QFZ2DiqJpezcPCQKWaicPERGRcLQxAbJqcno6W5DaVklvHwCERkRhea6argTYF6e3vDxDURsZAwcnbyQlVuKSmkzsgprUV7bjtGxKUxNTqGtuR2dRJeQ0SohtnKyC1FdWYOW+jrMjI9hZHAEiwuLmCQedx/sY2FhFp+8eYbGhiZkpyUjzDcApaVlcHN0hpWlI1IJwvyiarR3DWN7hwB+sIvHj/bx7OkTbG4/QEvrADpaO/DxqwP09vSiobUfw33daCgrxFB3O+Zm57C2tIjDgy1MTkxgZ2cbyxsLrMiqIO2r5327iLyGMBQ1RSC3PkQchB1GXIVkexJYHnCJs4NtmCVshO4pX6MjYHkbElcCsAxg6W1C3FiwojcgrnSII3VoW6lD11qYN4SenbHYHXhfX4EtMxnc0ZKBjK4c7ukq4i5DVl8ZCoYElpnyUQaLoWmjAh0HVYYKcUXMeLLSFDDlJwBKA+7BmvAM04RXmDanWuLUK0yXaNKDV6Q+vGOMEJXpwgZJGu+FGqKzFv3DVegYrERjdzGqm7ORWRqKyHRiIcsKGQKIWEEIKCqo80JmuRuSiKyEHCIrzQW+0ZZihsTSU+W4m0lFzKYZ2MuJYeWljsAEPh85DpAUOSGbn1fS5CcCq44oqOwMQ3FLsJjNquyJZeMtE10TbJxNF2KK5cfqTgs2dtuxddDJ8qADsyxX+sZZBnVLUFAbhoRcDx6XFXFgRETpwMxNE4au6jBiCPPmhJapu5CZ0YCVpzb3R5N40IJjgD5cgowIBuEXdmbwCLeCd5QtwoXMVo4Hn5UglEpjCSwJ6lpTiKwUzieioiEeuRXhSMn1R0wyoR1tA/8IK/gTbEE8F9ESB8SlOSOt0AOFVYGobhIG00dA2h6Bxq5ItPZHo3ssHv2TqRidy8D0ahZm13Mwv5krxux6NobnCM2RaLQMRhJUUWgfjkDrYKgYfRNxbEhlYm4tB7PCtiuZGFtI53KWfX3RaOD5rKj3R3apI6KyTRGUog+fWD24hqvDJVTAlBoCktUQkaGByExNhKWrIyxVHUESZbhHEVGBSjyXxLovyyx3OQJZFpbuCnDw4/thagiVmCAhwwIxaaYISzJiuWTA+0wHdgS8sYMweP0SlAwviF1CykZXRWCpm92Ahvkdxj0RQO+67N6FMB5KDOG1tTyfETlxcPq/IusXXP0LsFQFXDFU+b4a11UXAPVLCNiS+wVZR12N78Zy3Tn6RSKBpaB3E7JawqDq87hxDKxrCh/gvgZxZXwK2hYnoW97BCyf6DM8VxeRWHiVz8UVNg5usC68i65JWQzM3cfYkhJG5nUxNGOOgSl79Iy5o7nPj8gOQklVKNKyQhAr8ReB5UVgOTiZHI/DUiCwuB/qlyCjQmAQU7dEZBFXigx5QusXSP0zS3VN4WhQ+/8LWEdZrJO4eowsIZMl4EpAltBlKGa1hF8RyrwvrnOT69+QJ7Tk/gmsdyFASwgBVxduC1mt93D1/vu4TVzd0z4Jeb3TUDQ8w4bjBaibnIOa8Vleo/O83pw3OUvgXiaKrsHE9SrMXa/AzOUSTF0vw8jhEs/tFejbXIGe9WXiXPjV5llejw95PU5DRvUE7qme5DUirKxOwNj5FJ/nD7kt513fg5W3AKyffk1M/Zaw+iN++vkbxt/5+r8ZXxJXX4hZrR/53o8/fYEfv9/Cz9+t4OfvNxjbRNcelx3gp++fcvoEX3+zir/+dQb/9cdxfPQ7tsw/6cWjlwTLsxasHDRgfqsOI4slhFQpRlfKMUTY9MwQJBO56JzKw+BCOdYOCIbDLuw97RPHXgnAevnJPF59uoTXv9nE299s87Xwiyp+5sNmzO7UY2q9DqPLVehbKEHbRDaqu4UB7vFi12DTUD46J0rEv4gQxoFNElez2/XcroGgacTkplTslpxYq8TCbiOWCaqNx0I34SDx1IfV3Qa2UomoZ60ED9HzXABYHVZ2S7G2VyVCZ/txrQiu+Y1iTK/wmKYy0CAMqO9MRnlzAspbk1DUKAx8T0BVdxwahpK5nyyoZ3LQM59JaGZy/7MwsZ6H+b1CrPLzNp814wHPnTDm6uAjou5lM7Ye12CbwNo8JOwOG7HzhAX7kz48fLqG/d1ljHRL0VAYi6woN+Qn+CA11AmhzsaIdjVAio8pIh204U5UWWjxYZe/A3MtedjoyMHRUBGOxmzh6yrj5uXzuHbxPK6cOQu5O7dgYagNZSVFGBrowczcDI6OLgiPjENgSAycnL0JHxdo6dnBwMxT/PVgRX03MgsbUNvUg4GxaVTUtSMiIRdmTlFIy29l67kJqcXdSMwjsir72NJuQ0NLP3rHNlEi7eb6fegdnMTwxDzxUY+S4nyUlUsRn5CCwOBISBKTkZefi6joRNjYucHOwQ2+fsQTl2dnZ6G4pBwZGXkIDYtHZGQ8EuISUJyfDzd3fxYY3oiOSUZ0bKrYFZmRU4m4pELiK4qfn4am5lZI6xr5GZUoLapESkoO/HzDIInl9WqQitjq6uzDzMwiuroGMDczg4PdbeJnBsME0spED/qa6xHj5wsrMzP4eAoDRzPQ0j2EKp6XzZ09rG3s4NmLF9jf38PK5kM0tvejpqYB1fVt6ByaRUt7H6TFecjJzMby4jw+/+gFXj0/wPOHD7C4vI4tfsajR7sYnF1BRU8rkkoFWIUgKs8HAaw4A9O8EJTmCfcEBzhG2cA23BJWwQRWkCmBZUxgmcDCy4yVuDkrcxOYuumxwteDgYsejJwMYMJCVc/BGCrm6pAzvE9QyeCuDvGtI4PbmvdwW4OhKYs7Ogq4JwDLSEUco6VuqwF1Ow1o2alCz0kNhi5qsDjuynMN0oJnqKaYWQiK0UZInA5CWKkGx+ggMFYHwRJ9hDCCEvQRQTiVNMWhf6oaE4sdmF/twdJaHxYYM4udGJxogLQjGxmlvL/LnFHeRvi0BqO00R9Fdb7Iq/ZERpk7kgvcxG62wDhWFIG6v4zhMXNTIrAUWTHLcV4RHmFGiEi1QVyeE5KLXcTuLgFrVe0hqOuNRHVvOIEVgGypL4paQtHQn4z2kQx0sVE4zkbi4mY9lrfqscSYW6s56hoUfmDTGIm0Yl+EpjmKQLL10+P51mIhrMbCl40cV+EvKIRQEX85J4w/ErpMzd1VeX3UYO0nIEsPzkEGcAo0JLTM4BlhjeBEAinDg0AKREFlFJ+XBNQ0ScRMljAtq49DdkkIEjO9EZ7giADiLiDKkriyQFicNc+JI4HlhJR8N+SU+RBkYeIAdGFMVnVLOJp6otA2GCuOzZpcysPidhGWdgqx/KBIjKWdApZzuRhbTMPAdBKf2wSx67B9OJyN2FiMzidjhrBa2i4W//ZhZTsfS+u5mFrMRN9kMlp6o1DTGsjr5IrEIu5PljH8Eohr3hdeceoIzdRCQoEukkv0kFSsi/g8bcRkayEiUxVBqWwQRijyegpZLHkC6x6hehe2vnJwCVFAoEQbSfmWSCuwQlKeOcsaU0LLCCG8rzwJeDtvwt/6xtEvxEwEXF2HuvlNYuc2sXMXWpay0LaWFwed/xNYx7/ms1YgrARcyULrON5BS/3/+pWggCtxoLuQxRLmBWwJCDvGldBdeIQuToW/lTA72v7dX0uIv2gUXwvIugU5nau4p34Rt1XOHXW9KX4AOa3TUDM6DV1LAVgfEFgn4Bd3BuEZV5BQeA1ZtVdR0XULzWO32JiXY72ngqkNdUws6WN8wRwjs/Z8xjwI5CNgFVWGsDwMYXnoj5AIT3j7OYgD3S2stKFvrAA1nZuQV78MWe7DXcWTuMO4rSTEKdziPt1UPC0C8N2vBK+K4BK60ghDpbNi9+C7OELWEbAEMF7m9JIwHkv2aCzWxeO/gxC7B2VPEFWncUvIjBFa1+U+EIF19d77uCJzFGIGSwDW8a8KhWVCVu2e9gnCiufJ5Ayv73ler0vE1EUCmvOWZxlnoGd1FhYuhJXbFT5/Qlxl+UBguVyEhdtlmDtfIcwvw9D2MvQsLkCbn6Vu+CFU9E5CRecE0XWSDbWT3P4MG0jn+Iyfg6XXaZZ9J3lfElg///zf+MdPf8A//kFY/eM7Quuv+MfPvyew/us4viS6BHz9GT/9cMjYYuzh5x8eM56JuPrp+xcisL77bh1/+9ssvvzDOD7+YggvPhN+EdeLvZe9REsblveEv2sox/BiMYaXC8Wusu7JAnSwRdg9XUB4VYnA2hW6B58P4vDVOJ5/PC3+J9TLTxfx4vNVPP90gzGDzSetWNxrwMx2A2+cOhFrHZNZqB9IQUW7BJUdKWL2qkPA1XwVRhYqMb5cg+l1FoSE1fxeK2Z3WxiNmNggsNaFbsIqfmYH1h8NYPNxP9aJrSVCbOlBPferUezu3DhsELsDF3eKsbxbzkKnjNhi7AldBiWYWipiYZMsAquhJxmVbSz02pJQ3BSPkuY4lLZGo7orHtK+BDQMS9A2lYLeeRZWi1kYWmULkYXS0kEpoVeJ1cMabDytw9bzJmw9bcTaI2EQfiXWibr9Zz3Yfd5NcI3ixasHePJwDRODzWgoSkRVWiCSg50Q52eNCA8z+NnqIpbIimO4mqjDyVgd2koyMNMinDTuw1hbDobqCtBUvo/7Mrdx+9ZN3L1zB5rqrJCMdaGhqQETE2OYEQ2uLp7w8ApFYGQqzG08oapqBC1NU1jb+iIkKgdl0g62VKchbRpiod9HRLVAklWNSEkFC/UWFvw1KKodwtDsNhp751DROILKxn6CYR3N3VMor+lEbUM36luG0NTUJg5aT05NR6IkDVGRCYiLT4a/XzgCAmMQHhUP/6BwFBWVIzYuCaHhcXB0ZaUWHoM4SQZCo9LgHxCFsgriSNrMllky3w+Ab2AsktLKkZlVhKISKVpbekVwxcVlIT2jBHV1zUhPy0VgUBiBloR4Yq6qKB95OTmoqSDSx0bx6OAhlpbXsL66hY8/eo21JZ7/4QE0VhcgxNMZPk62SAoPFLsg61oJyZImDIwvEFkP8fDxCyLpEB9/9gX6xmaRUSCFtXMQ8ksbUVhSR3A1IjQ4FNMjfXj97CFePNnHr9/s4emTA6xu7OKTz36Nw5e/QV59PYKzwhGSG47AjAD4pLgjKNOXU1cCyxHOMfawZ6VsE2oJiwAzWPmZw8bfGhbeZjB212fFritmr8y9zBmWbHmZsJJRh6KJgoir+waykNW/d4ysu8TVHdxUvYtbGkfAkiGw5AlzZTNVaNoIg+S1oO+qSUBoiZkZYdyTUwBRH6JNXGkTVHqIStInEIwQl0n4pxqKr6PSjRDFZdEZxsgo90bzQB5m17pZMQ9ica2fwOonsPqP5td5r8w0oaIlDvm17oRQMCMMZY2BKCKC8mp8kF3hTcS7ISLFAUHxNuJfABzhSvEYWAzOW/uoixmuyDQ7xOU7s1J3Q67Ui42zIMItBDVd4ajtCUchgZVa5YVU4q2kKRS1bCS1EVlDs8WYWqkSx1yNzpdiYKoALQOpqGqNQy4rrLhsD/jFW8ExUE/MXpm6acLIWZnnR0mElZmQTXM96rI0czvKrll4qIpZNWsfDdj5aYuZLOcgQyLNFN5R1gjkdY1IdYck1xfZpcKvDGPZqGHDrSFRxFZ+VQQbMgGITeO9EGuDQB5fcDzLgXhbgssOUcn2SMwgJnNcCBF35Jb7orA6EMXSUJQ3hqGhI5LPbzz6J5IJrHwsbB3BamW3mA3KMjY4K8S/cphbzz/+pWEyuseEv6CJw9CMBGMLKZgTgLWZx3WLsf6A0NrMx8xyNvGZio7BeBFY+VJX5FTbQ1JogcAkQxFZIek6iC/RR0qpAdLKGRV6SC7lsgJNRGcLWS0V+CQowCFIHrb+8qzI7hOjsnAOloNvnCoSC8yRXWbPsEFmqSVSCyyQmGOOmCwTBMaz7AvW5rUX/rvtFqFDWFnehKbVLd7zAq5kWAHfg46N/PFg86OslQArXWv545Dja1lxPS3LeyLI3gFLyDy9C2XiSMnkHkNGDGVh0Ls5kSWAiiHMK5vzfeJKwZTvm96GivEdgk/Iot3l58uI+6NhJkDrFtF1DYo6l3BP7TxuK5/FHdVTkNc5xeUnuZ8f8JhO8B45gZCUDxGffw2pFddR1HqFdcx1NI8IwFJgvaeJ2U0tTK/qE1nmvF8dCSw3dA77QUpgFVYFEVhBiJcEIJjA8vJ3gLOLOSxtdGBoqggN3VtQUr8CeeULkCWmZBVOQUbpNIHFIH7uEFE3hWyVwjGyBEQpnuP8BaLqvLhM+LsGYYC48NcNR/+JJXQjHv0q8TKn4uB22Q9EYAn/dyVmr0RgnRKRJWSxxGyZiKyjsVgisIS/bbh79LcNlxjX5X+FuxrvQ8nwFDTNz0HX4iL0rRjWFwml8zC0Pwsju7MwsD0DA5tTsHa9DGt3IXtFULleggVDyGJZul6BrdtVWHHewukizB0vwMj2NPQtTkPH9DS0jE/B1OE8n9GrcAy6Qfhf4/w1lnlXWOZcgHPIBSGD9V8E1f8SWF8TWH9j/EV8/fOP/yNmsv7xk4CtPxFYf+Gyt0TVIwLrAP/44YkYPxNW9xMBqQAAIABJREFUP//wHD9y+T+BNYZPvxzGi097cfimE1tPhP9tasTsdi0m12oxvVEjjj/qmclD11QeOgmsXrb8xpaq+fC24uBpPw5fj4h/yyAM9H712RRefz6H558s4OnHy3j4ZljMXgkZp6nNOoyuVRFoOcRVEsrb48W/ZxCyV20j+eifOcpcCbgaX67F1JoUM5uNmHvQinkBWDt1BFYJhleLMUCkTfG95b0uLO+3YW67DlPrNQRcLWa3OF0vx/xONeZZ6EwJY6dWCjC9Voj5zVK29MoxyWPqm8pAfVcC6nuSUNfFQq81kcCSoKghFoUNUShpiURFZyxqByVonUxD82QS2maJLLbwBpfZ0tsWgFVBXNVi9XEd1h4fAWvjaQNWHtVgcb8SS/s14jndedqLncfjePZ8B7ubM2iuykZZRihy4jwRRljF+FggxtMEkS4GiHVi5eagA3dTTXhY6UFR5iZuXr8MmTs3IH/vDgw02LpSYwGirUZYqUBDXZ2vFaGmrAglJRYyurqws7OFpaUdvPwiWFgXwM4jFnomLnB2i0ZQRAHi02tRWNYCaX03C9JVFtzdKK8fYAtpHE3EVMfIJlvHS2jonsTU/CZ6BmdRVjeCgYl1tr4HIG2ZIK46UVnTjKLSZpRXN/OhzyeMIhETk4jIiDhIkrIQGiZBVGy6mNUKCIlGRHQKomMkkCSmITUtX1wnODQB4ZHpyM6rRHJmMYrKm9HXP42s/FoEcXlaZhlKqloQFZeJ+rpWFOZXoaq8Ae0t7SgurEJOWjZyUlORnJiMQL9gpCUlISggHBnE3sToCA729rG4tIKNrQd49vIlXr96ienxYUz0NaGztgAJYf6wNjJAYGAAyqsaUd8xwgpolZXPLiudAzx+8hQP9h5ibmkT9Z1jsHGPRFC4RMz2dfSOo74k+/+n6r3/28quc+/8D/d6PE1tNE2dYu+9F5AACBYQIMEC9l7B3sDee++9iKREiZKo3uto+nhcJs4kjuPYcW5yHcf2FD/32Rsa531/WJ99cIBzgHOwz97fVfZa6Gppws39XXz67Cae3r2MW3vn8OTRfTz98GP87Je/wuU7j1DS3oC8ljLkt5qQ3pCJ1NokJFfpoC+NhcGkg644FuosNVRpKmjSIxGREoYwQxBCDYEWS5ZRQ+BSwj/WDz7CxRfhwgnCCfbB9hKw7AhYNv4WwDotAcsKp71s+NoB9oGuhDF3uCrd4R3liSCdN0FBBHL7SEiIEakR0r2kKzCjOABF1Zwwm0JR387Jr1XJyU+Bck5+5eYwmMzhqGxTo204jZN1L27e5zN+b0MC1Y27FtDav7WKfb6+eHMRk6u1aBk2oHsiC/0z+eiezED7iMi5ZERjb5J0E+bXxCK1RClXEAoLVoTBVUKMQu+K0DhnqAgxqSXhBKwYFDdrUd1lQPNwMton0tE+lUllKBud0xmoH0pGeacexS1RMLXFEgxSCXXF7NNV7M91WNxqZH+vw/RKNfeXoW0kF1Xtqcjl94skp+oULygSPRGc4IZAwl2oAKoEEWjvwm0nCXuWoG7LKjkBfqoUdwlY2swA6HNCeB5hwVLKhKt5VfEobSREdqShuScPnYMl6BouYVuIps4s3tdkfiYWGaVKigq5FVHIryBglUcivzISpvoYCVjVzTrUtOjQ0GFAS48RXUNZ0qI1RYBc3qmQcVSXbjVZAIuK3y0C1s1HVCofCunHzYd92L/byQm7mWDVgPP7tTh/rQaXCV77d5qwT8jav0tYJlxd2K/H2i7v13o+x4NUdI7rea+jUdOtRk5dKOEgEEUt7B99QajvD0LjUCCaRgNRP+hLYPCCqcMThU2uyKxyRFyuHaIzHKA22lNhsEVCniOya3wI5xoCYzRFgyZKfReVnI5IlLerCPGhMBaHyAUPPpGEqUhClZpwpT4DH7W1BZzUdvBW2Uk3oF8klc4okXPLXubeCuS2Hz/jpxZJQe3k5wVgiWShIu+WTFAq3HsUJ4qEqzDCFt8XMOUaYYEql5dw5cT3nAhWLgrCVfgpeISf5vefQUC0NQJjbNieRUCUFeUMfJUn4RHyHqHqCGw9D8He+zBcAg7DI/QgYeENxKQcIHwfREHDIYLpcbROHOcccwLj66cxdc6Kc6s9Ltz04HzlgYu3fLC1H0rYjcbyeR3/DyNG5jLQ1peFGnMmSsvTkVOQTCVUrCRUQh0VgBCFC3wCzsLD5ySc3N6BvfNhyiHYEZisBfDxtQQsEfwtIEtYqVzekoB10tki4j0hp4WL0U185uDLQHhLrNZ7Ihbrb0HvItfV65ZVgLaW4HYhJ+3fJGC9+RKwLHD1/ksX4dtnXpGrCI/Z/IgQ+grv0QF4hhyGT9hb8A9/G4HKowhRH0U4gShMylsIjTqEUM0BKGIPQRn3tgQoRcwRbh+VUKXUvcP2PWgSCFoGQpbuCEHrMM9xEGFRh6GIPoro5FMw5NsgKc8ahryzSM6zoVgjKf8M0ktPCMD6JwIUIYoA9b2Aq+//HX/l9l+/JXR9+ztp3fru23+VVqzvv/kZoeoztp9x308g47f+8iXlCwLWM/y3BKyr+M1vz+Prf9kiFK3hg58Ii9C0BCyRxPMCtb3L90exc6tHWq2WLrZiYdeSV+bcfqcEmiefrMqUBR/9dEumYfjiq0sya7tYPfjZV5fx4KNZ7D3ox/bNHqxf7cQ8jxcpGHo56EmImRLxTjXUrDqwvT9IsBqUrkEBdxcpe/fGCVaT0op18f4wwaoJc7v1mDlfh5mdGixfasH2jX65UmjrWjc2r3bg3LV2agJtfN2O9b1a/t5GbFxt5Oc4gNzr4vlbqVk3YmZTxF0Vo3+6GEMLAvZK0TlZiqahPDRRS+ycysfgchnGdqoxQ41ubLsM4xfKsXy1HudutuD83Q5cfkRge0aQ+mAYtz8ew71PhOtSwNUgoXKYYDiMux/M8D6IHGF7eP7hXdy4tonZoVoMmrPQVKRFXTa11vgQZMf6ozSZExgn1aIoH+TGBCBHHw5fZyscO/YO3n/vXdhaWyHEn5OkpyuCAwMQHOQHBztqZc62cHKwhruHgCxOCmEKKFUaRMUmISm9BKqYTOiNFSiuHUdB1RDaeqcxtXAOy5u7mFq/haaBcxzAR9A7tYXVS/exc/UJNd7H1JCvoqF9Gktbt1BlHsPc6jXMLl7AxOwWltYvEa5G0dIxiub2QfSPzPKhNyPFmI2SslpU17Wjqq6V742hvKYbRaZGFJU3oLCsnnDVhOa2XrS09sNs7iFM9VOrn0Vr/xgS08v4OTMGxOvBOdS1DaKkvBGlFa3o65tCT988RieXMDk2jfnZBYyPTMDc1I6ZMYL1uVX0dHVDp0uXLsfSEhMWpiYx1juEFx9+hKfPP8Dnn32GhfklrM6MYGu2F32NFTBEhiBGpcJQRwOWl5awsnOZcg0Xrt7GvUdP8ezDT3n8p1jbuYUS8xA0cWkIi83m/biMvrZWDDTXIj/PhNGRAYLWJbTUVOD5g6s85mN8+OmX+PDLv8fg3CSq+1tQ1mOGoSIZ2iKCVZkBaTUZiC+LQxxfx+bGUeMXlqtQhLMvRKYqEZ0Zjch0DUITg2RyUb8YH/hGecFL6SYBS+S5cgixh1OwCGi3hbW/iMGywhnPszjrbQsbApZjkCtcFW7wVLtL65UArDCdsF5ZVoXFpHpDR8AyErAKykNQSbhq6AyHuUuFpm4VGrrCUd0ehrr2CFS3KFHboUHLUBqVlAFcJ1TduLuOG/c2pSXrxsvXV26vUpEhYK3Xo2HQQJjJIlzlc8LORutIhjy+ricRpYSH/No4mV1cTVhRJrm9XLnojvB4VynKJHdCSwhyqqJQaI6VOa/qRMD8YDLMwykUIyf4JJnJvaAhErl1Sk7kVFqaYlDfk4Tm/lS0DKShYzgLXSPZ6BqlcjOQjerOVBTWa5FSFC4hKSLZHSGJLghKcEJgvKN0CYaLAG0CloCrsARLOgKxHcF9Kv4uEZgvYscEYOkIWPqcMAlYqSXRyC7XoUCkbGhMQlVbOuo6c9DYk0OgyODzlISC6ljkVEYhp1zDz2qQy+28SrYErNwKFd9Xo6QhGhW8R5XNcaho0lpAq0tcUwqG53IJjkUynur8fg2u3W+VGd4FWImwiHtU8B68GMfjD6fwiO395yO49ZiK5z0qnjcbcPFGHS7drMcFtgK6Ni5WEa4qpCtxdCGF42MCQTgW5sEo1PdForg1nPAUisreULROKdA5E4b26WC2oWibDEbDsA/7uDtKOl2QU+8MfZ49NKm2ErCiCFrGEhcUmf14LgJWfwyaeU5zTxQa+7Ro6I1lH4tCcYMS6YRpAVh+UTZSvNVWFAFa1vDTWKxV3ko7go4tAjT2nGwdLBJrWaUYStDyJ5z5E4L8NbbSiiUsTmIVomuwSDJqsUS5CqtUhDXclAQupWg5lhLcXNm6q7kthO+5R5yinIBnxEmC3UlC3SmExNlSSbFj/7ClWCMi0RoK3WkExRCywkWgtQjUtsQOBUQf4rN2ADHGg0gtfIsQeRQ1PSc4x5xC/8JJjK2dwey2HRZ3HbC254q1i64ch72xvBvIuVGJmfU4KnfJGJhKJ2BnobIuE8WmDOQVJSMtKw76RDUio4MQFuEGfypbHr6n4OLxDhwISfaEKwcCk53LUcLVW4QakUJCWKpECgPCFYHruJNIMnpEughPux19ab06RNCyyEmng39zKcp4LJmA9JDMj/U+QeuYSM3wErAsViwCliNbh9dw0vY1HLN+Fe9Z/xB/9SOZruGk3Y9x1vU1OPkSsIJEAtbD8Fe+hSCVAKq3EBF7VFqjIghT4YQpBSErjJAaoSU8xXK/9m1C1TuEK0JY7GH5WhP/LjSJhK74Q4gQcVYxb0JFIItKOA1dmh2MhXbILHVAepE90grt2Togo8SBz91Z/N133/5KugG//+4/pHvQYsH6HSHr32T7/Xc/WLH4mW9/Tqj6JeVrfCvA7Dux79eEL8o3n+Mvf3qI//rDbfz+/1zBb363i69/vUpAmsP9j+dw/YkomdMnoWX3zjBBQmR078LKbgeWL3ZgZa8Ni5dEPFIH7hHInn66LlcJyqSbX+3JrO0/+8eb+Pjn6zJb/HnCyPKuGXM7jRxs6zCyUktqL0PPjJByDCxUYXG7jZrVsISrS3dHpCVKWrDujuPKgylcfjyJ7TsDWNwzY2KzCqPrlRhZq8DYRhVhq0FaxUROrcULljI6cxeq+X2V7LSVhMIarF1uIHi1ELwa+boKkzyud7YErRxo28dy0DNdyO18amoFqKWG0EgNsXOmEAPLJkwS5MbPl2PwXDFGtksxv1eNtetmbInyN/cJmoSsq8840bwYwf4zghXh6vLjIVx6MEoAG8W1JxOyNNDjT67g7qOr2FgnJLSZUJWfAFOWGtXpnLzSIiRkladEoDJFAZMuAKW6QOTpwxDmY4dj772N06dOw9eHk2FkBMLDCFcB3gj094aNDSfU02fgYG8LOztqbL4+cHL1hJunLyIj9dASNvIrBtAyuoeu6VswD23LIPXplfPSFTaxegmTm/cwMLuHuu5ZTnybmNu+SU3/Bua376NzbBP9U9uYWrmK/rENnNu9heW1HcwvnUdXzzRaea7Gpm4MDs9iYHgeNYSqhNQilFR1SitUY/Mwv78Hg6OLaG7pRll1O8ZnV9HE7YmpWVQ3tCItvZgQ1glTZTdyCyoQrk6CMZXafs84BieW0NYxgOLSBjQ0DaOlaxLmzkmee4AAVYnRwT7U1TdDr0/H5MQEnj68jZERS6mg0CAFOhprcWf/PJZWN7G9dQG3b17D8soGWltaMdxRj/7WWkT4eyI+UoHpzgrcurSMzfO8Jwvr2Ny5iOcff4YnLz7G5198yWfiMSfzDbj7RyM6vgg9Y0u8jn5sTPSgv3sAcQkF6OkdxEBvL8b62/Hp84e4tHeDE+ANPP7oQ/bneyjv7UBJVzVq+luRVV+EAnMB9CV6xBXqoM2OhjIlTFqvYjlw6nINUKdGIMQg0jN4SQkkGPnFehCy3DjBuMA93IGatSiH48hBXQS2n4WVzxlY+1rD1t8O9gHcH+wCt3BXeGkIWDHsN3FeFsCK95Z5jWJTvaAnYKXm+iCnxA+m+hCCrQINHREStOrY1hCuaimVTeyvzWo0dCdZXIS3Vv7HRXhnHfuUvVtruMx2/fIEOieKUdGpR53IFj6SSQUmg/cwA/UDRlS0J6CoMQ5Gkwpqfr8iSSz9d+Vk5SqzhYvYMAFXYl90uo9M55BZqXqZz0knpZTAUdoWh7x6tSwJYywLRUppCNJMYcitUaLUHI1Kfq6yVQ8TIaWsSQSf61HWqEdutQaJBcGISvdGBMEulHAVSLgK0DvwPnOyFrmdDJZUBGECuPQUsZ9tBPepktz+Blgx0kVIwMoWgKWCsTiWokU64TmnSk+QS0Jxo5EAkSSD+vMJV3lVMVIKKqJRIEFLgJWakGURUeYmt1a4RtUortegqC4SpY1qXkck/49odAwZMLGUi+WdYipEFS9jqjqk9er+sxE8ezGFpx/N48lHC/jgk2W8+GQRzz9Z4OtZ3HzQI1M9bF2pxvquiX20DItbRZjbKMT4Ygb6J5MIozqCUBT/OxVqeyk9BO5hDbrnojF1LgqzO1GY3FJieCUMvfMaNE2EoWHIC5VdXshpcIQu34FKgi2UyTaISnOEsdQFJU3+hONIjjN6NA9oCVdxaB5KJGDpCaHRvE9qpJSESaj1i+J4FmUrLVleEVbwVNrKfG0+aovrz1cClg2CCGHB0bYIixEpIOwQSsgKFpAVZQ3fyLPyWHeFyNxuBefgU1LEtpuCYBXOVrxPkPKMsoJvnB3/f1v+/2fhF0fRWsEn6hQ8VCf4O07ynCcQSIgKTzxLcLSmQmSN2Ezh/rRjHzgLpeE43z/G3/oOAe4ogewt9pcjUHHij007AmPRWyg2v4v6/tNoHz+DvhlrylmMr9pzvnLCwnk3jrvumNnwwfR6MCZXwjEwE4vecQO6htPQ2J7BsTIdxeUZyC82Ij1bh4TkSERpgxGmckdgiJ10E7p6vgtnwpLDS8CyFYAlSs+4iCD8ozLm6gTbY45HpAXrFKHKyu1tCgHLRZTPOQAr14OEskOwcjqEMwLG/n/lcw7+bXXhMbv/gSuLe/CgBCxpxRIZ2q2Ee/C1/wGsMwQsh1dx1uV1OHi9Ca/gQ/AJO4xA1SGERBKmot+SYKWUgHWUrw9RDiI89k1C0wGode8hMv6YFJX+Pco7UOsJWIa3EJn4FpT6w1Bo+VntIfmZmEQ7xBkdkZIvYIrwX+6KzBJnZLE/ZpU7I6fGQcRg/Zqg9CsLTEkX4X9IF6G0YHHfd98JC9ZvCVJfs/177hNgJbZFcPyvLHFa3/0rgetX+Mufn8pUDv/3D9fx+/8gZP12Hf/wq3l88rMp3HjSjwu3e7FzvY+QM4qd2wNYv9qNlUvdBKsumaZhZqeO+xqpCfXi3oez+OALsRLRktX8y19exieEq+dfzMkYqEu3RAxXC6Y3atlZ6tk2Ylgk+JyvQN9cOfrnTexcdYQgkUhUQNWoBKwLwkV5ZwyX7o/h3O1BbNzsJUzVYGTdhOENAs96GfpXCT2bJkxtVWGC8DO5zddrRRhcLmFbThAr5wBQTQBrxNJuPcGBn+Px3QKoxgo5WOQQODKoCaejvjcLNRQBWGbub6W23bVcil5+R98aJ07RrpdieNuE2b0GrN9s5e8SkNVNyOrHzr0e7NxlSxDcfTCG3fsTlDFcfDCB60+XeV93qe1fxNJcHzpqs1FXmIC8pHAUJISiPDEMxYYIlKdFIjvWD2WJ4ahIUSIjmoN/sCdcHGwkXMXFRSE1WQulwh++Xm7w8nCBq7Mj7KxsYG11Bk5OznB1dyNgecms6CHBKmi16cgp64apdQ2ds3d4rTsob54iOG1xQL2KtsF5DvhjGF25Qe31HiaXr1DD38TE4j4n0OvYvPwY8+v7WN6+g/H5XSyd28fG1k1C0hZhZxotbZMYGF8h/AygpLwFzR1jyCyoQVJqMUw1vWjuJETVdaOnbwy9A1No7x5D3zCP6xzkQNGExPQSwlgHmjrGUdUwggJTB8pqelBVL/JsjUrI6uqfhKmuH6XVPSiv7oS5eQSdfdMoLqpDWHgsauo7McxzdnX24/6D+ygqKUdHezfvVzwy0tMxPjGG9s5erK5t48MPX+DhIwLl0DASDckY6qhDlk4Bd97HglQDdhcGcG1vG+cv7WN9+zL2b9/D9sUruPfkBTav8Lj5Cyir60Vb/yLMXaNysUB1TR1mRgdQUFjL66lGXUMvikpr8OD2Pj5+8QEuELL+9Xe/x2c/+4p94QPMX7jEvtaJzLp8JJWkQEe4is3TELCiJFjFZulkDFZYYoAsjROa6C/TNIQn+xHAKMk+nPwJW1oCk8aZg7iDBbRCHWROLOEyFHmxnBROcA4nXEW4coJwk9nfA7Q+CNH5EK58oTJYEkfGGr1gyPBCWr4fsov9UVIdJK1Y1U0KVLcoUMG2oiEc5Q0KlNYp2F8iYGqIRfdoCVbOU5m4uYCrdzdw5fYmrtzZwmW2q5emMLhgRnV3GkoJOCUtWpjaOYl2JaKiI4FgFIcCQkN6hQLqLC+EJjkTJAkyic6WHEuEl/AUdyiMHmw9CFoe0sokSu8YSyJ4nIpAFYm0MpFHK4iTnC9iRKmdTD/E8zPC4pVeGo7CmiiUEchMZq1sS/m7i2u1yK2KRkqxguBG0ExxQwi/NzjBEUEEqSAClnAJhkvAsuR5EikGQuPsZYbyCO5XEfoikz1eApYXYtL8EZchSsqokJgXieT8aCRRUgqjkWGKQ3aFnqBlQE5FHHLLowhS0dwXJd2ChdVR8nda4EqF/CoN4YrbNSrkEbLyKiM4MYRzYggjkIUStsJgalGipjMK3ePJHFezsbFXjt3rjTK7+63H3Xj0fBTPCVfPPl4kZC3ig49W8NGna3jxmUUefTBDIOvE6vkqzK0XY36zhG0Rn/9cDEwb0T8h0kMkoIUQ1DQUjbbxGIJALCZXEziGJ2DlYgIV73iKjop3LKbP6dEzG4OW4QCUd/ghvcqNCoIdAcsOqmR7uZowodAdhY2BqO6MRNtIOiHLSLhKoXKbhYZ+I8rZR3IIxXHZgYQUV/gLaxVbH7aiJqBYmBGg8yXo2Eq4Euk7BEQFUIJeZokXOdOCpYjSNoQr5Wl4KE7BJfQEFY2TcAqyAJabSPlAwHJTEtzUBKloGwQaCGophLRkO/Y/aygSrdg3rNg3T7FfHOd3H0ew/hRCKOFJVtAQqLS5tojPs2Ofs4M2y4YK0SmExhPEok/AO/Jt+EYTGAxH2U/e4efeQVrFOyhufQ8Ng2fRNmGH/mlHKYPzzhhZccfIqitGl10wNO+Fwdkg9E6q0Dkch47BRLT0GlFjTpMB7sWmdAlYaRwrDCkaxOhCoYj0RFCoPXwCz8Ld+xgh6z04u7/L+eAd2Lm+DWtXwpOzBa4kZAnAchBuwCOw8ngbZyk2IsmnlEOw8zwiVyOe5ftnhSvR4X9SNsgAeSHcPu5wQAKWAKvThLDThKszThTHN3FGWLfOvibzYL1zxpL7Sshxu1dgTcByeglY/oq3EKA8hGC1cAcekoClihOARUCNEoB1gIB1AGHRb/I1gTXuXYIVP6M/ShH1HN+WpYfU0nr1pgQspe4IogynEJvkgLgU9r9sAlWZOwqqPDkneiKz1INjiAufMxdhwbIEsst4q+/+TQLWX2Wgu7Bk/SdFwBXB6ttfQqw4/P47IX+P7775+qXl6zcvQezf8c03P8Wf/3QHf/zjPv7vf+7jd7+/gF//ZglffT2Cx5/04qooPUNAuPpgClvXhXuviwDUi8WLXZwcmrGw0yCtQjs3mnH1YY8MKn/2uUjwuYQXP5mXebWefDohiyTv3e7E9rVWHtOImfVGUnk9JlarMbxYIYPcBxZFeZxyjG/WYuVKl3T5nSfUbd+iEPI2bvRi7UYf5i7WYWCtGEMbJehn20fg6V8uJEiVYHi1CEOrBVJ65/MpRehfIIAtlPL8Ju6nrJRhbFnEfJWiY6oILSOFfKizUdOTxgEhGaa2FJS0JqK8PQW1/YSu8Rw0T+WidTYf3QS2rqUSdPIcPYS2oXM1mCSwLV4xY+NWN2HLkkJiQ7gqbw3i4v1pXH0yjytPxErHc7j/4TbBcQ3nL29iY3kUvY15aC7TozY3hlClRLlRgQIDIcuoQpY2EJlxHEDTqZmoA6Hwc4erox1hKQgJ8THQx0YiUhkCNzc3ODo6w9/PE94eHjh5/DTO2jrDxtENdhRP7yBEajhRq3XQxmdzUJ5D0+RtdE3vw9y7jM6pXYwsXuX/cpOD3Qpqu+YxsXELK3v3Mbt5mdrSGkbm97G6+5ga7n0O3s+xfeUxlreuYXljH5V1AxgYXUPf4Apa2mcITDMwtw+jtqkPOflVyC+sQm19FyqrW1FDkCooqkZxWQO6BiZg7hxBockMQ2oB0vPqkJZdC01sDoqrujmhT6GmY4b7zTKIvrF9DKbaXlQ2DKJjYBENzaPo6JnByMg8uvvYjq9ifWuP8LeKkYl5XLt2E6WltaioqEVdoxl5ecUEtTZMTc/j3Pk93H7wBJvndnDz5jUMDo8i05iEBKUvtGE+yEyIwURbKXbXJnie69INunruAqYX13Duyk2cv/4AGzuXqXkTrghY5XVdiM+uRERMJjbmZ6RU1w+gyNSClCxOXAur+PKLj/EBIevuvef4+p/+GZ//4u9x4dZD9rEu9rVGFDeVIrU8iaAVj+SSJBiKEqFKDZVgJXJghSUFcJAPQHSGKBcjCiQHyglIWHSUyV5yhZsoc+Md6SzL3rgp7eEaQdiKIGxHusEt2h3uMZ7wiiF0a/04QfgTVgKgThJlT/wIBj6IoyRn+SA13xdZRYHIL/MnSAWjojEMFWYFyupDCJUhBNwQ5JaFIKM4CNll7KPoxH6XAAAgAElEQVRNiRiZa8TcWgeWCFqbl6axcXEK02s96J0xo7EvX8Y35Qp4qInk5KlGdrUIlg5HmkkBQ4E/r9VDuuWCEwVgOUGR7MJrdiVouXLbXUo44SrC4C7dhqpEbwvMZAbI+oUiQF9Yu8SqPiHqJE95b3RZATLrel6FhlClpVIRh4oWHSErDkV1scgizBjyg/hZL0QY3TmJuvB3OPE3OHJCtEBUeIKTDLgXFisBV6Lsi8hQLyBLJM/USPeql4xhE0HuWgKWPkvJPqEmZGlgyI0kZFEpKtYi06RHRhlBqzwWOaYoas9UpkzCYhVJoIpEQbXFLZhXpUSOgKpaghZhI6/qJVwRRDPFvS8NInQForiR/0lzBOp7NNKVN38uD9v7tbh4swk3HnbjPgHr8YfCWrVEwFrGBx+u4MVHq/jgkxU8/3gZD5/NY/9On6y7Or5YIJOODs/nYGAmHd2Eq86xRHSMGtA+ksBtPXrn9By7jVi5kIHl3VSsX07F1rU0nNtPweqeHou7CVScDRxTQ1DcHISMChGT5ozoNGdEpbmwdYUux4v7CfBN4ajvM1LZSyNgZaFpMIevM1HSHI/0MpX8j0VVgQAqBCKprl+0p4y5Ck3wR3C8r4zL8hNCgBKxUEEUUY5HbsfYSMgKYOurOSOD5N3DThKwjsM5hBJ8gmB16mXwPN+PtIJPrDX/ewco0+yhyiQUZtkjhrAUlWUNTZYVItNPQWk8AUXSMfbXE+wvx6BJO424PBsYiu2QTEkssIOeoBXNz4dxUg+OO00F6H3+/rf5/L6D2Ox3kVx6DJk173OeeZeK/BkJWL2zjpyTXDkXuqF/3oetFzonPQifXhxnAmHuUaGxS4uG9kTUtSajvDYFhaWpKChJRXZeIpIz4qAnYEULwNJ4IzjMUQKWiMNy9TwGF49jcPJ4H3YidYPL2zjl/LZ0D0prlLBeibgsUfPPh3DlxVaI+xHYC/E8yu2jMm7rtFxpeJhA9TJlg0jvIMT+IE7ItAwW65WNy2HC3AHYuR2AresbsHZ8DadsXiNkiWzullI5R0/+L7xn/QrP+yocPV+HR8AB+IYeRkDEIQQqDyIk8pAEK6X2sLRcBavfpLyB0Kg3JWyJ10HKNxAS9TpBitBFiSBchWsPQkm4itByf8wbFsBKsACW3uiChDR3JGd7IL3AExlFnlTAhLgTstx+AKxfE57+RULWt9+xFasIv/+9TN0grVbffMb3v7LAlYAsac369Uso+y3++u2/y9itb/net39+jj/98Qr+6w97MifWb/51Ab/45QA+/lk/Hn44iTtPhQVqBhfvCNDpx/qVflmTcP4CB9PdZqzvN2P7ZjPBoQU3n/Ti4UejePLZFJ5+JtIkTMviyPsPOnGJgLVzrZsaTxvmzjVgYqWagFWL8ZVaDC1VE4JEJndRn60Ck1sNMkHgknRDtsrYr9WrnVjYayREEaqWCU4rbAk7vStFGOT28GoJBpfz0b9kgau+hQJuF2J4hVBFoOpfKGGnJZgtmTC2Wsn9Ffy+Empl+ahoS0NRIzus2Yi8+njk1cVxOx6mTiOqh9PROJGFlpk8dC0SsFZK0S4sWmsEws1KDJzjdeyasXCF94Oyeq0L6wSsi/encOXxIm69WMOt5+u488EGgXESm/uz2L12AdvbcxjqLkdPbSrqc6LQVqJnG4maDDWaC2JhztWgOD5Els3RhPggyNsNgX7UCNOzYDDoEK4IQWx0FIKCAuDp6QtfX184O7oStlxg5+CG90/Z4vgpOxx9zxpe3goEB0Wyg1VzgB5BU98mr/0aB84NdIxd5MN9A2NrtzGxeQe13fMobZ7BwvnHHDAfU3vaQffYNv/3j7Fx6TG12zsErccYn7uMpe271KpWCTwLmF6+ijozwYqwYW7pRY1c1ZeH9MxCpGeXwZCch8joFA4GlSgqqUVqlglJaeUor+ngYNGOnII6FJS3or5jgt9xhRrbBtLyG1HXMkpom6Sm0YbK+n60doyge3AWU0sX0DW0TE2un4NMDdraujE8OoPBMUJe+4AMqs8rqoMiKglhCg3MjW1obOpAdlEVhicXCU1bmF3YwObWOTx7dg+bC5MwasPh5czBNdgX+UnRuHV+ETvb65hdWsWt+4+wc/UW79kc78UNTkYbaOidRkHDCBq7JzjJlkKty8f5zU3Mjk2huLSFQDeC+qZBDA2OYnN1Ff/8Tz/H5at3cefRh/j0i1/gxU9/juVL+yg2NyDfXIaM6hwYS1OQUBSH6Oywv5XJCU8OlKVyYrIDkJAfjMT8UOnSEpKQFyRLzEQaCVkGT8KTB/xi3WRGdi+NMzwJXZ6x7vDSusM7zgs+Igt8gijUGyBr7UUZRb09P4KBL+IJbym5/hKwhBUroygAuaYAFFUGSingZFlYHoCckiCk5wYRxvxgSPeGIccfBbVa9gUqLtNmShO6RmvRNlyJmq5cWWMxvlCBuNwQ/naFjLMS1iYDv0PUJFQlWbKBC7gJI1gpkl0l7IhWuOsUwoolACvR3bKST6RK0HlAoRdlfNxlCR8RBB+iFbXwXGQZHxG0H0XgiSeMphdHyJimotoYmBrjpGvQZNYRsKKQTsCLz/NDHMFSSchTpIjvIzwRssITHRFucPhbvJV0CxKuFJTwOAdqzE6IJNQJ658oHyMy2WszQgh94dBlhBOwBGSpkJCjfglZGqSWxBAeYghaUYRTDTJL1NSglYQsNXLKCVUV/K1VKsJVBHKqwmUr4EqIgKsMUyjSCFcZJfwfKv2RXxsoV3hWtyo4EWvQP2XA1HoO1vcqcfl2B249GsK9pzN49GJRAtaLD1fx7MUSHr+Yx5Pns1Q0JnHx+gDWqTAPzeQTdJJkkejmwXi0DBp4zgS0DIs6hfHoGU/A0HwiIS4dqxeysHpRSAbWLqXz+4ycD+IxvRnPcTYRxa0cu6qCKEroc30Qm+GJ2EwvmSRWn+vL/98XmRWEMLMe5VRqKztSCVYGlLWk8JoTEM97poizAJYigYoGx0LhDvdjfxapSwK1Qpk4TcgSQe+nCVpWCCRoBUWJeCsrHmeBLiF+3PZWiRV/pyVkuRKwRMoHuTpRJVYmnoIPjw3U2yHcaE84spduzfgiTsiFNty2Yv+1gr7gDPvraf7HhKqsU1RyTrLvWFEhskV6uQOvxwmpZQ5UjuxkYH9E8mmExJ9GUNxxBOuOQ51+jPuP8f33kSEB6wRq+q3RPuWAvnlHzk2unKdc0TPtScXEh2OzJ8x9HqhtC0ClOQyVjZGo4NxUVpeAwqpEFBCw8opSkJmTQMDSEh40iNULwPKSKwl9AqzgTsByIWA5UxxF0WxR+Nj9XZx2JWTJwPYjBKzDOO0uavERrrwJVt5H4OB1BI4eh6V70ZFwZc/W1u0tnBGpGyRQvSnrBh4jWJ3k8VJE7isC1mmnwwSzt+DkeYjnOAgH9zdh4/Qaztj8GKfOvorjZ36Mt0/9CG+d/N9458yPcMrxx3DweE2mUfAOPoiA8MMIVgkLlgCrwwQsi+UqJPKADHIXbXCkxcIVrBav30BY9OsELwtQCatVRNwb0BjeRGTCAah0hynvQ5Ngy3vkioRUT8QleyAm2Q1aoxv0maIoPZ/hDKcfYrB+TUj6F0u81XdfQwS+f//tP0qo+u6bFxKavvvm7wlcFrj6Xlqu/uUlYAkL1r++XHn4E3z35xf483/fwH//1y7+8J8X8NvfTeHn/zCKn3w1hY++FDmulnDv+Rz2H45R4x6ShZ9XL/dj4/ow1q52yxQOl+924fqjHtz7YASPPp7C40+mX1qvxnHrWY+s/n7pdjd2CB4ruy0yc/roYg0hqx6Tq4Sm5VpO8uVoHy+W5WpG1qoxtl4jRSQKnBfuyPN1GF0vI4ARbhb4OUrvfAm6CVJ9i4UYWCzCAIFqkPA1tFLCzxZjYqsEU1vCPchzLpegf44QtlCKEcLVKCGrb7YCjf35HKSSkVWdzAkuEcaKeGRW61DclIByAlbNUCYax7PRPJWHttlCdC79AFdV6N+oQP8mf+uFBkzxupavdEsr27mbQ9h7MEvAWqDM486HO7jzYgcX7i7xHl7AxasXMTLQiraaHHRUpqM2V4v6vBi0FsehMo2aSm4sWqjtVqcqkBPtD4W3C3w93RCri0d2Ti7i4mKlKBRKKJUx8PEJgr2jO5xdvfDO+6dg6+jGzuyMd07Y4ayzP3z8IxCmTEBOzQSKWtdgIkC1TVxGy8QeChtG0T1zBeNrd9E4tAvzwAVqTnsYWbrJ//cjLGzfQ2vvDLqnLhMGnmFu+xFWd5/hHLen+Zmtyx+gf2ITZVVtUKsMSErOhT4+CzHRiSgtqUBWdhFy8sphqm5DbZOw6phhSClEvLEMTV3TGBhdxMTsKrqHZ5BTXI/m3jG0dQ8jLbeamtog6poHUFbdg9KqDlTWtSO/sJYDSiWy82tg7hhH3+gSevpnoU8s4ODTgZr6LnT3z6FvaAFdA3PYuLCPhtYRQkEjIXAb5q5BVDX2obyuDTcfPMHI5Czm5mexsbECbWwUTp+ygoODIxI1CixPiWLROxifJXCeO0+5iOmNXYyubLGfncfk9g3U9Mwjm78vvbQDuSUtOL+1i6nhEVRUtRNUWlBaO4CZmXlsra7h558+xbWre5iaXccXP/kK//TrX+PBi0/QNDqOgsYKCVcppXokFERaij2nEa4zQjnxByGS8JNQEIKkojBKMJKLQiiihl+IXPmmI3xppJvLh6BCIE/wgl8coUrrBm+dO8GK4EUg8Td4I4ywpjIKq00IwSAMWrb6zEAkZQchKZfnzuN2ji+SCUDGAj9kFgYgi7CVXeiPLG6nEcAM6V7QJXlCa/CANpmTJwHIkOGHvPIYlDUZUdKYjOyqWOhE+Zu8EERnhiAqnd+Z5i8Tc4rgZZGtXcQviSBxtdGD10vhgBdBCU8lOIkSOSl8LbK6C8gSKwrj3aSE6QVUub4UN8KVC+HKAlgCuqLTfOQ9ScoLJYwoUVAVjeK6WBQ3xKKUcFXaGIuCOjUnxGBZF1GX683758bfIWKqCFWJBCkDhYOyQm8pWKyIFfE9thKyRD29yAQ3RItr/1sOrBBZDDo+RyUBQYCVAKwfICshV43kwkhZiifTpJHWq8wSlfx92SYVssrCpXUquzxMwtQPbW5FOLLZpplCkEq4Si8XaQwILxX+yK0OQEl9MMrMoVQUFajvVqJ1OJpjXQqfUxMu3+nErYcTePB8gVC1hOcvlvHk2QLuPxUJV6dw9dYwNi92YHq9mkCcQUUzWrokSxo1qGqLQU17HGq7OD71aNE9kYjx5TQsbGVg6XwmlnYo5zOwsMN920l8NvRUbHVoHTMgvz4cxhJf9oEo9tFQ/hfBUrRZAUgpjuQ+/jfsUzm18ShqSqdSm8D/gvehSo+MSiP0eVoCrQ9C4nygSY1EqD4A3hqRqNRXrqb1FUHr6lNyJZ8ALF9KgOo0/Pnal7Al5AfI8ouy4mcEYJ2RgOUedkq6C72VVoQ0Hq85QyizJkTbIyqLUJXngKRSB6RV2SGt2hqpVacJRGc4R1ghrewsnzsbKglneR02SDHZ8vfaI7fGidfgzM848lh7gpQtlClWCE7g79IeQ7D+GJ/h49AXWSGh9DhyGk+hsscODSOO6Jh2QP+8A4YWnDA454TuSSd0TDijbcQddZ2eqDD7EKoCUVYThtLqKBSVJ1CpNEgLlnAPZuUlIjUzDglJkYiKD6NS6YugUCeLBcv3FFw9jxN2CFiiaDblrMe7sHJ/h4D1NgHrKOUgTruJun0i8/lR2PkQsDwPS8BydH0LDkIIWPYuR3BWpF+wfhPHrUXaBVEKR7gED1MO/c16JVyJ9m6H4eRhASx7NwKW86uwsntFAtYJAta7J36Ed47/L7x94n/jFPfbu70OZ+EmDDqIwIgjMgbLsvLvMOHJIgKshOVKrCYMVB0giL2BgIjXpQQqX0OQ6nXKqwiLfUMGt6t0b/AZPQi1iH2TaRysEG1w4pjlCg3HCFGkPtLghpgUD/kMq6hU/d23L92DFnffP8uko38V8VXffE75BN/95REB64nM9m5xFf7DS5fiD5YvEeT+G7nS8LtvRE6sD2VC0j//8Tz++w+b+P2/jeMXX4/iy19O46Of8kGkpnPn2TyuP57GFWo7l+5MYeemSLcwg61bAzLD+5WHw7KI8f0PxvDw43E8+mSckDWJey8GLdarWx0Eiw5sXOngw2jG+Ho9hpfqCT0NUoYWa2WB586JMk72FTLxqCj2LFqRJ2t8o0YWfR5eJdAs8jMEpV5hkZKwVcrJrlS6B0fWizC6UYqpcybMna/AwsVqwlkVFi5UYvpcJSYIbpPrIt9WFb+3gt9XipruHGTXpMDITpti0iG5TEfI0iHfTMDqSkX1QDYaRvPROFaApqkitAuwWy1D31oFOpbK0MPfNETImiQErl7rwcbNPuzcGZXuwb2Hs7j8aBF3PtgloG7i/O1VbF4+h7WNZTTXlcFclo7y9BgUJioJWXGoy41CI0GrhpBVm6FCni4Q8Qp3hPpxQhGJMNMzkJSSDF18vLRkqZRR8PAIgCIiFsGhkfDyD4Gtiw8fAGeolVrEaBPh6BkB78BIpORUcOIb52A2i+zKYRRV9fAhvkTIuoy6gR2C6ENqUlcxtvEA87tPqUndJITewsa1jzG7dYfa7DI12U20j+1gdvM2Oka2MTS9j56RdZgqCROpRdDG50nLlCY6FcZME+qaelBew/cySpGdXYby6lYYuZ2cakJWfi0HiiZkcH9RaTWKKsxydWFDSw8Hj1pk5FahhOc11XRzEGmBuWUYDYSt0qpOAlI/apqG0EHw271CyNu9itH5C5hYvICOwSnMLW9haHIN1YStvgFOIBeuontkGf2Ti+gaW8DYwhbyTY2obe0h5PWhd2AIQ6MTSDImITDIl5B1BvHRSnS3VmF6agiNHZ3on1rC4Mwq+80W+maWCem76JrdQsfUJur6F9A6soqx+YvY2tlHa1MnzK1jCNXmIzGjEo0to7i+fwtffvIYnz+/hcmhKWyeu4xf/vIf+Kz9I1avXMfa3ga190JqtfnQ5allPUItJ2RhyYrMDII2PxhJJZxkS5XSrfaDGEvCOdCHI7EgFHE5AVCl+SE0xQ9BhCx/QpYvBxEfiq+AqwRvBIlSL0mBUKcGEwp4TBahgGLIDSdQKQhYIS9FwAlBKseLwOWLtIIApBf4sx95ISHdnRqgK2IEYOjYcrCKSSAk6V04aDlCZXCRmdhFYWZVqhdhzktmPFe/zHourEvifQFXahG/ZPSUAeZR6Z4SsNRGcZyntCgJS5YIPBeB7mIloaiFqNC7vbRauf5t21KIWuTOckesKN9TQHAi3Bl5vzIrNJbUDo1agmwsCil5dZHIqoqQ0JJY6Ie4bA8Cpyjp4gBVsgNhzo7nFCvCbKW1ShQmDo2y4UBvKy1YKr0zohMJVwRaXToBLcuS+8qQF8HJV4PE/Cgk5gm4sLgILULAEolEpVvQAlgiNYOwsKXzP0wvDqMEI72E8GQKlWJxBwZzYuf/X+TP6wlBTjXBrFJB8ScMBaKoLgglDcGEx2CYxOq+dlGOKAq908lYvVhBBXcQD54s4NGzZTwkaD14Ooe7T6awf28YW3udmON43DtViJoOI+HPUhNS9CsR/1VYp0FJSwyqOrUyFmuCgDV3LhPzW1mY38zA3GY6x4NUAloy4SsBXVMxMA8JwFITXL35eyN4vij+H9FUBNT8b0QtyiT24ygJWZlViShqLuC1JPDehSCrPAl59cXQ5+oIPD6IJFxFZ8QgSOtJqLKH0hDCfhAorU5eSrGa75QELB/ClZ+SMEOQEi5DX41oreQKQtH6iBqHEafhEX5Sim+kPQKiHGTslkizEBxnDRX/e5F9PsXkgKw6B+Q32SO/2R6FrXYoa3eQUtziiNxaJxkQnVfvgjyzC6/VmeKCggZXZNe6ILncQboN1UaeN/4U/AhY/tr3qDS8h5j8U0g0neJ5rWEecydcuXJOc8TQsiOVWkeMUvoJWT1TLuiacEFjnzv/Fy9UNvuj0hwOU10UIUuPYt6n4jKLizArP5mApYNBBLnrCFiRPpwPBGBZW1YSehGwfI7D3vc4bLzeJ0i9ByuP9whY7+C4s6UQsijtc1bU//M+QhA7SiBjK4Tg5UQRAfIi3YOVKINz5nUcP/MGIeuABbDsD1EIaZQzBC0bApaj6xF5nJPbQcLZAdg6v044I2BZ/4iA9QreO0nAOmYBrOPcZ+0k3IRvwCPwAPzCDiAogiAVeUS6CYPVBwlObyJILSDqDQLYG/BTvA6fkFfhTfENe53HvAbf0FfhH87PqF9FsOY1hAqrlpCY16kcHeHz+z4B7QyUfJZVsY7QJFA55NgUx3FHmybCCuwtmdy//+ZlALtYJUj567ef4/u/fCJzXgnAkpDF7b9+83OLhUuA2DcWyJKWLOlK/OXLRKQf45s/CcDaxZ/+sITf/3YIv/y6H19+NYZnn0/h7gezlHXcfLpMyJqX9QPPE7IuPaBWfpOT140h7N4bw5VHQ7j1fIRQNYz7IlP6ByO49niQQNaF7ettnKjb5crD6c1GTtz1hKc6mftKJBjtm7fUImyfLJVJPof43pB8vxqDi4ShVYuI1A4iTqt3zsRjTAStIvQslmBy04SZnXJMbpdiYruMUFWO1b0arF6uw/p+I9av1HNfNWbO1WFuuxGz2w2ELGpsY4Wo6spEVm0KH6p4ah5xBK14buuRXm1AcXsqKnszUDuUg7rhPDSO56NlthgdC2VonS9B83wZOpcIfYS/yd0mrOx3YpOAdeHeuHQRXnxADfHJKu68uIibz87j6sPzWL+4iglO2lVlWSjP0aGOmlqBIRzFyWqZbLQkSQlzdhRaczSoTKTWR8Byc7RFQLAKqWlZSExMgDE1BVnZedDGxkOnTYBKo0N0XCIio3TQG7KhioxHYlIqImP08PRXQhmpZ6dKRnxWDQf9ZsQX9qG6bQqNXcOo6FpA89AWB82bmD1/B51jG6jvmka5eQwNA0voGN9Aa/8cWvoX0TywKgPjB2YuorZ7FoU1/QSVFqRkFBGCalFQ0YKCylbEJxeguKoFTe39yC2sQHB4PCJjM5GUUYaC0hoZj2WqaSUQRiAgiJNFrgm5xTWEsmKUVbcgu7AKxTxXaWUXusfW0TtCgOkeR0VdHzoHl9A1tIhzl+5ibPYczu1cxODwBPrG17Bz7QnOX3/MaxtBfnUPaghlVU281uYe/vYJXsMkr28B5oFJNPSMIq+iHgNTc2jo7ERlfR0qqsrh7e2Js2dtEKnmJFWZi9KSTAJWFzpHpjG2uMbjZ9HI87SOraC8Yxwdkxto4T2qH97AzIV7uHHnMdpahnh9fYhJqoAhqQC9vWPY293Bz7/8CF8+v4MLK6uYmV7Ck6dP8MVPvsTnv/gazz9/gequKgJ+MtLKk5FYEkttOgyajBBCFiGoSKyME7AgVsn9IKL2nUoGeIsUAzpCmCojAGFGfwtgGbwQQPGjCNgKMAjrlj816yACVggBK0QWZDbkEKzyRWkXpXTfJRWEwFgQhJSCAJkTS2R1FyVyEjI9CFbOiDUQLihRBJ5oPbVBnQsi45yhjHNChM4J4SI+SaQwMIiVgC6WbOcCwARgJROwCFUqURCYrYidik7zoohEnaIGoat0GapFsWCRroGvxepBS5oES6JPUTpHAFVEvCfPa5HweEKbwZPAGCjBKqlYISVNuN6qY1BQr0WRWfsSrqKQXa2SgCWsQYYCX2gz3RCV5izhSpXIATieIBV7FoooAla0DUI11ghRWyNcY0vt2EEWuY7htcQSaOMyAqHPDkVCLmFCAFZBpIy9SshRERos2wK2RBxWSqEaxmKR70r90j2okoBl5D1PLQyWgJUmXLAEKuEKNBYFSEkuEu5hH6SWKTiR6znJRxKAglBcH4oScwjKWxRSTK0RKGmOYEulrSsKPTPJWL5YgxsPxnH/KZW9J3O49WgS1+6OYudqNxY2zXwGyvl85KCk0YDkkgjewyDoc4LZp8KQVaFEUWOUDDxvGUhA/4wR06uZmFnLxvRaFmbWMzG1lkq4SsLwvB7tI9Go6UnivY2CLsdb5gRLKjHAaDIinvcgKk24BhN4jXrEse+lmhJRYC5BarEeuswAgksmIdjE/yOK/4UC8fkp7Kcx8It0JBCxn6UoCUTuhKRj8FAch5fiBHwITr4qAVdn4K86K1cMCtehgC/hRvT9YVslYq6OcZ8dguK8JZBb4IrgHG8DTaoDkosFODmgotOZUOlEBdwVDf1uaBxwQcOgGxqGPAiv7qjqYdvng+oef37WB2WtluSqefWuyKh0IVByAk8llOv5m2JOEPjeR1D8e1BlnkBc/gkq8PZoGndD/5ILlVp7TG+7cF5ywdSmAC17TK26UrH1wOiKG0HZC029gajviEBdezRqW/SobEhCaYWR42kaMgqTkZIZh/gkNQErBBFqH5kLy5eAJTK6O/udlGJPyLLxfp+Q9R5Ou71DsHobJ0RaBpfDsji1CGq393wLzl5vWQDL3WLBcpKrEN+CrRMBy+YATpx+DcdOvkZQekNask5x3xmbgzgrxPEIbHiMACzpXnSznMfe9SBsnH6wYv0Y7596RVqw3hWAZfUjHvdjfufrcPMX4PQGAhRvSsgKUhK2VAcQGP4m/EJek0Dlw9Yr6Ad5Hd7Br8M3xAJYvmGU0FfYvkII+xEC1T9GkEZA15sIEElMw95GgPI4ActGjmW6VBfoMlw4NzohJt2GgEUgEhnZv/vmMwLUF5Z4K7Z//cvn3C8ytj+kPKY8p3wkQUxmf//uhwD3f7cUiJbuxM+k5esvwoL1X5v4439O4N9/N4h/+ucB/OQX43j66SxuP5/H3Q83cEOugFvCnijQfHeagDWLczdHpatw+xY1odt92L0/gKuPhglWI7j8cAAX7vTJ3Feb+3k0PI0AACAASURBVO3U0jswd74Zwyt1Eq5EUWchP0CWKPRssV79z/7h5XqCVg3hqkZasoQMr1RJuOoh6IiCuYMrJeyYJixdFBarMixcMmHxoglre9WccBtleoiNfbMErKnNGsxs1GFmsw7T5+qpJZTwIUqntpIMY0WCBCvhIhSWrAxqWflNRlR0p6GqP5OQlYv6sQKYJ4rRxOOaRPzWrACtMnQvV2BspxGLV9oJnAME0Ans3p3kPZrCtadruPxgBVu3ZnHp7ha2L21jdm4KLQ1FaC43oqVUj/JUJSErAoV8QHLjw5EVy4c2ORQ1qRxgIrzg6cKBPzIWhkRRFDkfen08tHHxUKk00KiiEROrhbd/CJSqGIRH8EEzGJGZlQ8lwUupFgnokhGijIGtDwetlHoO8h3IrxlEWlELGjpGUFAtgrTNaB8/j76ZHZiaBxCXWswBnJBDqKkTrr2adgLVAApqepBb0YZcUxNyipqkdUoZlYjk9AJExSXDJ0AFXUImt9NR29iN6oY2qLQpCA7TQqtLkzm5ko3ZqKlvQ1p2KQJDYhAQFgeDsQA5hdUor+8hZLWiqXMM5q4xTCzuoJbAVFzdQbhaQDtBb279GganFzE0uYCOXsJS1wyWLt3D1Lk9dI+voJ0A1j40h56xGYzOrXJA6kUFZWB2icA2i2YCUk1rH/oIOU29w/wsQczcjOLSEoSEBUvJyslEuSkb1TUl6BmdQOvgEPoJY+a+UZ6rH/V9s9Rm+6jdD6GOv6lv4TJqBpb52/Zw5dIlLC5uorNvAeVVBO/pKVzZ2cZnnzzFJ8/v4qP71zA72I+xoXF88flP8cXPvsLm3gUO3u0wtVWiuCmHGrASsTmhhKwQxFB01O6FpUrAVJpJJeFKiAAuERAsVtTF5YVClR6EsJRABCb6wlfnAa9Yd3iy9SaMBBq8oUjxg0q4HNOCoOVnE7IJVPwuY1EkJ35CvLCQlYQjlYAlIEvUhTPkeMKQ64WELA/oCTzaRA5GBkdEE7A0BB6VljAVbY/wKDsoqB0KC09YnCWNgULkjNI7E4YISwYPCVkiMaeodyhW3gnRCPdgirsFqCSQObEVrjpXGZslYqDEcv2QeGeE6ESyT5GA1IvnE2Z9LxkMLURkUBfXYCxRcqK0WPbSXwJWPgGr2ByHwoZYTuLCAsT3KgithJj4PC/EZLjJFW4RhKsIAyEqnnCltYJCuI40VghRWSEskhMxASuc1xtNgI1N9Zf3ULgGDXnC8qOBIZ8ttxOy1dBnWVyDArBSCglXRWyLCLJFEfI3ZhKyMsrUfA4VMOZbXLMCatOKAyRcCXegsSSQ4OuPxAI/CYIZFSKvl0FCYn5tGMqbVFR2NGjojUFjbyzqeqM5pmkIREqUNClR1qaRNR/ntypx5fYwror0Nzf6sXGxE3MbosB1BRWsPFS0p/C+xBIMwhGbESrdx3GZYfzecGSL4PvaaJS16GAeTCZkpWF8JQuTK4Sr1QyMLaVhcCZJJiOt6FQRkHS8/7GITvWjBFNxNSJbWqVieY99kVgUw3sQB102/6vyFBQ0lxFKtYghrBY0FqHQXEFojeH7ekJyOs+hIUDZI0QralSGyXQLonyOp4CrsBPwCmWrOGmxYGnsLTmvXgKVAC0BWF5KkRyUx6jOIFgfhEAtFY4oGwLWWZ7Xin3qLCHfhs+UDUwEq+ZhZ+mm65hw47joTkXTE12TXuid8UXXtC/Mo35oHA5GXV8Qqro5Xnf4UuHylaWC8qq9eX2uMnt9WLw1AmNPErCOISD2PShTj1NhOo6cBjvUDLqia84Z4+ecMHfBDYsX3DF/3gVzO05Y33PH1r4X1i95YXknGBPLkRic1aFnPF6uJGzsSOY4mYLc0mRkFCURsLSIT1RBow2mQk3AinCGT7A13ALOwMn/JBz8TsDO+xjsfP6/gHUUx50PvbRgHYSdpwCrtwlEhwhGhwhVBy2WK8KVvRPByfYgzli/ScB63QJYp17H8dOv4pTVm9x/AFbWBCx7Edx+lFB2BC4ihovQ5ixgzeMQbF1eh7Xj64SxV/EeAUvAlXAVnrD6sYQvV68D8PA/QIASMCRchRTlGxKOBGD5BrwKz4AfwSPgFXgGvsZWBMYTuoJfWq8UrxGghFXrFWnd8gkV8uOX0EUICz7Ezx7hOd/l+GWDpCxH3jtH5FU6IL/KDrlVtvi77/78lFD0KaHqS2mF+k6uFvxKJhT99s+PJFjJjO1/+ZCv71GeWeKxXlqvvhcpHsRx3/wDvhUpHAhY3/5pH3/5rxX88T9G8X9+P4Ff/WaCWvWErOd354MV3H2xjpvPVnDt+QouEqx2CVi7d6eweX3EIjeGsLbfzbZfug2FbBO4xL7VfZHWoQUzO83SKtU7T0BaqEbvnKUVMrBAoJoXMNWA8fUmTpStsmzO1DnLcTM7TTIWSwDW0DJhbFasAMzjsYUYXivG1E45oaoCK3vlBLlKrF6uwPrVGpzbb8T2tWZuNxDuqjC9UUOpw+RmLSbWCXazJlR3ZyGnNgXZlLRKA1IJWMmmOKSKpdSNSXzY0jhx5qBhJB/m8SK0EK7apglWlGZCVstcCToXyzHA803tNmHzZj8BdJKQNY4dUebn0RKuP1zH3t1VnL++hUt7e+jr60NjZT46qnJgSo1CU0E0Cg1BiA50loCVHk1tVeGBnJgAxKsD4eXlg9BQJdKzspGcaoQiXA2lMhqBgSHw9vaHIiwc/r7BCPAL4bYaEUoN4uITEaGJI5jFQEMYi9YZEKSIhFoTj1hdCvxCo6FNykWUIQ+hMXkwNQ6ib2odbYOLKDf3ITm7AmpCklqfDoUqERl5Vcgtq0N8WjGKCVvtvaMEiBFU1rcjNjmHE282tPFpcPeOgF9QFOIMGcjNL0V0XApSMvJRXt2MULUBYTxXalYp9IlZSE7OIqAVIlafiYzMfGhijEgrqCNkdaOprR99A2P8jgn0jCxidOE8WnrHZGmfXgJUx8A8YeYq5jZv4PbTT7GyexV1naNo6hlFaW0LymrMyCupIkyNoLGzD/mmWsQlZaCwtBI1LZ0w9/RjeE5Y5gYJYK0wd3SirKoSQcE+yMnLQm2TyLfFfjnay4loA6NLq2gb4W+Zmkd95wDqe4aQzWvKa/h/TL1neFvXlbb9+3snmcRJbPXeG3vvFQTYQBIECJJgAUkABAmSYO+9V7GLVaRIUSIlUb03S7Zky3ZcYqfNJBMnk0ze5E21Hfdknu/ZG8pc82Nd5+DwEDhl773utfbaaw2ja2YVXdOrKO+aI5xOYHXtIq5cuo3ZufMYGp5HD4HszNIZvPPmK/jRO0/w7uNreO/RVVxcmseP338Xv/rVr/DglSdoGetDw3ADB2s7ytutKG+zwGBPRkaJRk415Velo4DwX1BrQGFDJsVAeDBQAdIgqE2Tiiu9OJkwpieQ5rKdVaJvsBgFFVRWRQnQUmnqrDHQWlWEtigq/lgqfrVU9hYq+/yaZDmdZq0SU1YidimO+zEEgCjk2sMlaGXmB0qrLzXHD9pMf7YPP7YTApHeG2otLfZkCmErlpAVS8iKFd6sDBEXFSgBK9EYJLOei2lBB1w5thoRxP68PI5MiyCypIsVhDL3lJ+EK1WGL2LSAxFvIFxlhVMiCGERSM5RIMVEWCyO5z1o5X0IiMmrELCYBFutTuabqmg10LDQ81k9n2atipbgkloQTCUuPGdi1aA7Eqhs1QYXgpQDsGI0roh+DljqFB8kGoKgyxMLAwhXhbFyajCnQguzGD+qRS3DBMJBwvN6hITXSlEyR/s8nUSSY5q30pG1PZ/75rJYwhWvpUhJUSDPriAoRslpQQFZuWJqkKAlYLCwQYOq7lxCCIGxLQmNvSmEqzR0jBpoKFD5ioD0sQw0D+rZhjRyKlSUFqrsTMfQbBmWz9PYPN+OORqvx0/WEpgIV71mlLYYYOR16qzxfCciuS3bijlWxuiJmEBzlVbGU1V3ZaP5uIXAYcXEcgGmTufTcDHLMki1Pak8j/dSKUCNxh3fi/iuvGorjZEOtuFsvudIuYjDWJ6BzGK+i6ZiVPa1SO9Wan40KrpqUN7dhLzKAkoRn6ed4JMig901ufFsUxEIijmE4NhD0nsVRrAKFZBFCVe7IFofCKXOC5EiHotgrNS7ySzrYhoxME4UCQ5GXFacrE0o4rYEYClTjvK9uxDqXFBU5476QR90T/vSgPfF8GIg+3woBmfDMTQXifHlKEycjsLAXAzax+LRMZGINm4bBqNkLcaqrkgUNYSxXQXSkPBGdLrwYB1FlP4Iog2HEG/cj7SSg7B3u6L5RBD6Tvlj7rI/Tl4OxKlLgTL/1fq9EFx/FI4bDyNx7V40rtzV4MKNTKxctGDpXAGm+dyPT1vR1GXhuJaHgrIcmMQqwmwBWEq20VCokvwJn14IVLnKAtReEQSs8ENwCzsAl1ARg7VXJhQ9JEvlbIOT/xZ4Eqx8Q/cSivbI6T05zSfirwhYnt474eayBU7OhKtjm3DwyCYcPsp9bo848bjrNglZbgKw/HbDL2gPAsL2IjCC24jd8A/dCe+AbXD32QIXUZuQYLbvyHflVOERl43Sg+UXukUClihpExm3xQFYCdugUG8hHG2SgBWq2AD/8O9RXkRQ5Eae7/BkiSlCRayQjYgkaEWpCVTxAr5eRLjqRYQpX+T/vsS/76BReJAGpCvsdZ6obvFAQ7cbmvvc0TIoAOvLdxyZ2cX039f/hf8WQeyELccU4Xv/k7n9H1++gX98Loo8P+bn9ym/dIAYz/3vL38qs7x//fXP8ZWoT/jZNXz5yQoBawF/+cs8fvVbEeB+Uua2EoD16PsruPvsNG4/O4Orjxdw+dEcLj6cxrm7Ezh/7wTW7ozi7O3jBKrj3A7gzK1+uRXpFs7cGmADasHomXo22gp0z1Cmy9E1VU5IqmYDbsDokvBiNWN0WcBPt6xHuHx1CCs3hrB83bGSUIgoMj11vk2W1xlcsGN4WRR3LcP8pWqcvkbAuiGmBhuwdrsRFx+048K9Tu634cwNUYanDjOr9TL+amrNMfUo8m81DRehqMUEe0c+rI3ZhCsONHUGAlYWyrpNaBq1oWOyFF2zFehdqGaHqMPAUj36l2rQe6oCPafKCVi8DxE4f6mFQDksp06vPp7FwzfO4tqrZ3Dr6UXcevkqrly/ivVLl3H8+ABaqgrRVJyJyrxkNBVo0WBNQI4mGPpYKiBVINThVC6U2Cha50mJ0GiSaJlokKxLRlJiEmJjVNClJEMRpYSPty+CAoMQFaVCaEgkomPUiFEnIUKZQKjSIjYxlQ0rmY08GqHhMQgM51aZDL3BggxzOVIJOyZbJeJTCF/GAmjScvl/6YhPzkUGocRmr4TZZofRXIQEfQ4yzWUoqW5GXlEVsi2VKKntgqWkCbbKdiqyPhRWtSM1rwxhqlRYiutQWddB+LIijdClz7BIz1VZTQty8ovlbyVqjbImoVhpWFxeT5AsgTmvAOWl5WhpaUVvzwBOzhOGegYxM7eC3uOOvFMLazcxPr+CxeUV9BNa2/pGYCurQqYpn9+XR4WYCWNBMdKMuQTMPBgys1BcXIiSshK0dIqyPK3oG+hCc0crqmur0NzWgUKbFR1dzZiYm8H80iksnl3Bpbt3sHB+HX0ELDGlODK7AFNpDcpaeglBw1QKYyis6UX3iVV0ji1iZmENJ2bO4vTZGxgcWcLExAIWZ2dx+tQ8Ht+7hCd3zuNnz27h+soU/u3HP8BfP/4j/u/vf4uVK5dQd7wXHWM9vLc5lHWVw8wB1FSVjSy7njCUitxSLa19jQwUNhEeTFTSxnI1gUmFhDwlrfNwqDIjEJMbjiQzwSNfCa1I78BtRpEauRU6XithoCxeBsjnCwgRip5QIkRAgGP6MRGFdQlUqo7Aa1NpBC2+EGQXhlIRBUKfS8ASeaAkYBE69MKD5U0YoVIhaIlyJdFp3CdoxaT7PC8rEyCD1UVAu8jWLqBKAJbIHyUg65+pEBzTi/48N0Dux/KYKs0XShHEnhYgASshMxzqDG6zwpCcq4DeEo3sEgFN4vp5f7wnU3kSnxlhkfBYXK9HaVOazJRuFtOt5YRLO//HFgm9icCU44+kLN6DwRXxVIrqVEqKEwHLmYaBgCs3JBEiNYZAJBvDCGRixWC0TCiaVUIh0BUKj0KzlWCQ/vy48DomSGgtFAlEKYV1Ipid51bz+QpPZEU8n624DoWUzIIIuc0tjeL3RDnAqlJF2IqBuTKa35OMmj4z6vqMhKt0tA8ZCFQGDJzIkKv8RD6s/ukcdE0QeHpTUdzoeK8iFq2wXni3rOieLEP3RCmNBBthzYTipiz+XY8UAqE6NxpqYyzUOSoCeQJ0lkSkFhISq1IpKYQHkbvMjPp+i8xt1jSQzevIQnmrnteXRCCLZlsURkEGEnKikWLl824oRv3xQeRVWaC1xEivlbHcyOeTioKWUtnmRVC7iFur6q5B7UAPgayL43Iz77uCbUSP6NRwQq0GkZoABEUTsOKOyHI1oZQQEbQeR4hh2xOB8QqCcBThKUZHME4hZOlceExMFboTojVQ6SMRFHcI4QlHEZ5E8CEAaYwu0JudUVBJ8CFgdYx7oWvSkyAZQMCKJGBFyO34UjROrMRxPx6d4wnonNCibSSRz1VFwygSFe0K5FeHIpV9RJ3hI0vnKAhwwosVk3EUccaD0Bfvg7XtEOrGvTF4OhBzlwKowwIIWEE4c02Bqy8rcfdJFG6+HIObDzWULFy9Y8H5qzacu1yC5Qt2TC0Vo4u6q7rBgkI+y9x/erAMSho4QVAmBhA+fRAY4wbfKCcHYIUdgjsByzVkP5wDHUWdRZqGo95b4ULw8fDdKrO+CzgSgCW2/jzPX3iwvHfA1ZUgRTA6fGQDDh4kYB3YiEOHNuDwsc046rwFzq5b4eopAEt8x14Ehe9HiGIfQWgvAsKFJ2s7PPx43nPAcniwvodDzhvg7LUB3kGb5UrCIOVWRMRt5T044rHENGCoknBFwAqOfEkClm/ICwTB71CnvYgQwlN4zEs890XEJG5CvGYz++1WjkUErbjvQUHIilS9hNCI77Avb2H/OojSBhcJV41dHmjtd6O4o10A1j++FOVufuIogyNWCX714+exV+/KUjj/+OoDQtXb+PqLJ9y+jH988VROKf7jqx85QEysHCSEiWOiXM5XX7yJLz67j08+WsHHf17En/40hw9/M4dn7y/gwZsncf+NeVnn79brYmpQ5MOawfqDGZy/fwKrt8ekrN0Zfw5ZAzIBqfA2LYgpsxu9WLjagZGzteicKUXbhB2tYwJY7FL6ZqswdLIOQ4v1lDqMELROrvcRiAYJRsOEtwkJa8vXHXC1eLWbsNaLccLagEibcKoEo6fthLJKkn8dVq7VY/VGI87daiFcdUjP1elrjWy4dZg/XytTNIwsV/F3aqUHbXChCnVDViqyAtg7zez4Bum9kkV4W7NRN5wvPVe9hKt+nnt8mf9HMBs+XY/jp2sxuFSJ42d4DysErNVanLjYhOUbfdKrd/PJEu69fhmXH1ChvvkA9x5cw+UrNzFx4iSqq8pQWZiFijwdCtJiYEuPhUUXBWuKAgmR3gjwd0dEsB/8/P2gUETIos06nQaJCbHw9vZAeFgwAgJ8KX7w8vKG8zFXeLi7IywsjJ99ERgQApUyFm7uAfDyDUdsvI7fo8bBo17Yc8wLe48FsDHHQ6M3QU/wSc0wE94M0GgzoEsTUFWAiNhUqPVmbnXItNihy7Aht7AWVa390GfZUVrbgar2ARQRpvJsDahpOY7yhh60908i396IXB6rburBwMRJNHaPQBlvgK3ILldBZhjNVMZZqGxql54vTXI2EpLSpbcrISkNev7NlJePHGMOUnRpfF51aG1u47Obw8TUDOpbutDY3ILO7h5+nkJNjfCI5SBSnczOTKs7I5MDTQaCoiJx0MmZVpYzAoNCsWvfAVpbLnB2cUVkVAQSElQoKbZI0KpvrEJ1Yy0a21owMjmCxdWzmJidxvTSMtvSPVrqK5hcOov5tXVUNXeirKkLXeOzsDcNoKJjhPsn0XniFPpmzuPM+m2MnVjBhfM3sLhyQxbEPre6joc3r+DW5WVcWZ3D69cW8erlRbz71jP8+c//D3/44x/w4Ye/wJIoQH1axHtNoaTFjpImwm91BuKyIwkmhGqLyH8lvDViWioWhuI46KxCISqgIniEi1xYKf4ISfFDCK3+UEoYj0Wk+kMp4IVgo7WGy0BwkawztzROQoAQk5DKf0o88msTYKZizxNxQPYImIrDYbSJbO+BSMvzg87oh0SDLxJTveUUYbyOMKUjCBGwVCkeUKV6OiRNxKJ4S1ASU34CrrRmx9Sgw4P1z6lBP0eWdJkhXXz2576vBLUovS8i9X6ISg1AXHoolVe4zEAvACvJGElIUyHTxustI2DV6KjktLBUCpDUEKiSCIlamRbBYo+HsUh4i1QyhYMhP4JwFYikTD/Ep7lTOTkjRkvlLMqgaChJBKxkV96fJ5LT/ZGcHSq9VyniPRTEILOI78Eeh2wCq1mUxOkoJmRZ5GpB4SEUoGer16KkMQV2AlYx4VWkYrDVELIo+XzOeSVKZBWGS7jK4LvJEukviiMJh2LFXZQEq/xKh0fRRsBqGKQRMGKjxZ2FrrEMQlUGRk8aMTpvdOSumjWhbzoPzUMcY1pTJeCJ68grE9OT/P2GNJQ2Z7LtZsjs8jnlKYSpWMTnKBFvjGFbi5Z50jRmGmEFBiSbEpFdnk6h8VnOsbEpH2XtJShpNkmgNRFi0/n/SblKvrdIglUM0uw5bKfpSC9Oh6WxBK0nJlDQXIasMj3KOyuRV21Cpj0dxR00cieGCf5GgnEuKnrq0DIxifbJOZR398PCvq01p/B9x0JLOApPZLuOdUKY2pPijtBYZ4TFuRCyjvL9sT1kRkJFsIqTGd3dEcP3GS1qBPJ9iulFrSUdoQleCIjei9D4gwQ0UeduH+H6MHSmI7CUO6Gxz53Q5M4+7YueyWA+TwUBKwrDJ5UUFUYX4jA0l8Bnn4Su0SS0DIm6nDGo6VaitCWCz5ntOtdPJjqN1B2TyUYVKYfZDw7z+R6Avmg/cmv3w959DO0zHpg674fZC4E4dTkcazdjcf2xCveeKHHzkRo3HmXg1mMLrj4oxqUbFVi/XonVK5WYPUOdNFaKhtYClBCwzLY0GPKSkJzBdyg9WIEOwIoWgHUUXpGOIHePsINwDdonActJ1BuUqRUciUDdvLbImoXezwPU/bj1ERngfXfAk4Dl5k6AEgHuh17EgX0bKRtw4MD35HShgCwnCVg7CFG7CD77EBC2D8HhDi+WvwieD9oON28Rs7UZB5wcqRr2HuP/u26Ak8dLcPfbBL8wQlaUSDq6DYq4HYSm7Q7AoohpwSDFRgLWd+EX+gL8g15AQNB3eew7chWhOmULEtO30+DbAS1Fo99G2NoIVfxLiBIxWlEvsQ9vg9l+GOX1Lqhrd0NLrytaKW2Drug87ioAS0DSzx3y9b874qwEYH31rmPaUKZpEFODj/H3zx8Qsl577tn6gSzyLOO0Pn9FAtiXnz/Gl5+9hs8+fYq//mUVf/rDIv7v7+bwk/+YxuPvzxGuFnHn9VncJWTdeDJLcJiUHqvz96awSqhauT5MAHJMA67dHZZANX+xFXPrLVi80oGFK+2YWK1zJPQkpHSIlXgEFuHB6jxRioG5aowsNuD4qXoZ3D52mv93qRvr947jyqNxR4mex6NYv9+H1VvdhBcC2xUq1bONJH8C2mIRoacU02tlmF+vxMKlGixdrZerB8/casaZmw2EvTpMXaiT9QQHFyoxMF8twa5voQZtUyWopCVW1mVl589GbnWaI/6qhcq/38SOXsjrLpX5skSerokVQtqZWpkUdVjEgQlYO1vtSNtwvgHT55tojbRJOHz69nk8fOsybr5yGc8IWC8/vIlL69cxNjEDW0EObDkc8PRR0EYHwZbFASmGFnuoOxIj3OHjcZTA5ELLIYAQEIeYGCUlCuHhwQgM9EVERDB8fb3Z0I/QonCBq4uLBC9fHy/4+VIhxUQjNDQUyqgYfkcIlNEaxKnTEBwWhwPO/jjoEowwZSJUccnQpuUgLduC7BwrtCkZSM8yIzklC3EaDo45hTDml8FW2Yq8oloJUNVtQyis6kJ2fi3MPGa0VKKgtIFQVY/CskZCCuGjugn5JVX8e4UEKYPRhpSsAtQ2d1O62PDT2dgTkJKWDZPVjtjEdIKehUosm79LOErNgZEQlpaaitSUFKTpk1FXSUu3tgYFBRZkEJ4MGRnsOGp2mAz4+PnjqCtByvUYO+oRHHbbi0M+hziIHIJr6GEc8NiDzXu2YMOObfj2i5vwre9txbdf2oSNW7bCw8MVZnMmKqpLYc7PRklZAYanRjGzNI+ZxXksX7yExYuXsXLpOmbPrnNgXUR5YzvKCVj2hnZYq5rRNDSNMoKnraEf9tYx1LSPYmh8GTMLF3H67BUU1Y9heHIF51dXcffqGdy9eR6319mnlsbw8MYl/O7Xv6Bh80f89rf/hdsP79F67qXyKkZhbT6VYDFsdfkEhWxa10ZYStMIE9GEFLYdApdIt6CmYowhcCj0QTLRqJBIrT8H9UAo0oKkRGcFy3xS8aIETY4I6A6X+bNEwtKMYsJGcbRcxSVzVJXGyqB5keE8p1xJgIjg38LkisJskTPG7I+0HF9ohcdJT3AiUMnYpBSx2o6KhdtoUaYkzQtKUXhXrMAzeEtvlFg9qDUFIcUs4q4CZVC7SNfwz2lB8XcHXPnJIs8x0nPlDUWqL8IJWeEpArKCEJMaLEErQWaiV8icXplWNUwlyXxGBKnSFFjLU5FfmgpzqU6CV65NDSOfXabwPuURMnPDoMsOllOdSaJ+nZgOTDqG2CQClsYJ0YkCsFxpaHghSRSb5vWI9BIpZoWczjIUErD4zLLsYhpNgq+FIAAAIABJREFUlOZJga3RxDaQj8L6bBjtvJ5ykW5B46gt2JiE4qYkWbqnsF7tyGlFgM0pUTwHrDBk/dODxWN5JQSsUgXhKpowJlI2OFb2NQ3kY2CqEt3jZvSeyCRcZWPiVB7GTubi+Fzec8DKQduokUo/UyZ5tRKyTBUavttEZJUk8JoTYanQo66tAPX9lShtsyODwBObE42YTCUU6RFQZimRWpKL5HwdUgv0MFaakV1hRn5TOQrbKgiVBoJmDJJyogjPCkSnh/Odiyk4FXJqCpFblc/nwj5ea0bX/BSq+lthqTOj7ng7CpuL+LxyeawDbdNTsDWVEAStqBnqRe/pc+ieX0bV4DAKGuqQYkpDco6W0KJDlDYECm0wFLoQBMe5QpEcLI9FavygzUsgcPMadM5yoUUcAUdFwFHpjsrFEelFRqizk+CvOgSfiB0Iit6HcPUuwtgOqKmQdTn7kFN8FNVdTmgdcSVgBaJ7Igj90xEYnFFSovl8KbNx6B1PROewBq2DatT2RKOyQ4HKtkgCdBgh2ReaDE9EJR1FeMJBRCYfZF88BJX+ENv0fj7L/QTVg3wGh1AzcATHl7wweTaAOiyEOkuFKw/icOdxIu68moVbr1oIWAUELDsu36rGugiDuVqFubNV6B8tR1Mnjd1qC/KL0tkvOZ5nRROwwiRgRSQ4PFh+Kid4Kw5J8RAerGACVsBuOPvuxFHPbTjqvkUmAXXx2ARP3+3w9tvJMXUH9Qlhy2e7PObhRThy2woXJwLWwRcdcLXvJew/wO0hEfS+GcdctsDZfZtjijDEAVgB4bufw9UO+T2uopyOy0bsOyoSjX4P+wlZh0TJHPcX4eL9EryCNsE/YguCo7YQqLYiLJqwRbAKVQov1laE8HhQ5CZ+7wYEUUIjNiAi+iUokzbJfFdpuQco+6m79kNv2I0kkfk9eSt13WZERW9EsmErrBWHUdHohKYeN7QOOKNj4Bi6h49icNJZAJYIbP+Zw4P1BcHqi2fPPVhvOYLfxWeC1T8+v8ftHR57+hyw3pcrC7/6/GV89Rnl86f44rMnlLfx6d9ex1/+fB6///1JfPibWbz9k2ncfX0Kd16bwy1R7uXVSVx9ZRLn7o3h7O0xNoIRR7LRK8Jj1YfTNx0FnBevdErAOnm5lds2nDjXiPGztWxAlehdqED3XDn65ioppbT07Rg5VSNXCg4TsMRKwum1Vpy53oNb/K0Hr8/hwVsncf+tedx6jbD16hDOPxiQNQeFB2touQydswX83hKMrtgxuVrK3ysjTFVh9mINQaca85dF9vZajKzUYIC/30Ww6zhRhvapUrRPl6F60ILyHjNsrTnIb8xEXm06rA2Eqx4Tmsas6OU1Di2Uy9QQU2ui7iFl1SHi2D9TRYydrcP0hSYJlvOXW7B0sxMXH43JxQDL16awfmsVb77xKq5fv4nevgHkZaUgP51WqSEKiQoPZKoDkRrtjUjfI4gJc0dkgBMigrzh70uLP16JuOgIBAcHIlKhQHBIADy9PBEfH42wsEB2AB/4+/nAx5NgRsAKjwgniEUiJCSUEgYvbz94+0cgLikd4YokKKKTEK5UIz5Ji8hIJcJDI5GkS0WiRo88cwGSUzOhjKWly31xLNtohb28Bo0tncixlkGpJnhlFyI5zUT4KmIDNhKU8mA0FaGmvhGdnZ0w5HBgzbMRpPKoqDKQllmIbBMtXsJITccwLZBEhCmSkZychpCwaHYWDQL42S88Ga7+MXALUOKIayAOu/jAxU149Hjv4WFQRETg8GFX7DngjO0H3LD1qD827eKAQSANjvBGTEIokrR8XnoFlXoklCkqgkYYfCKdsd95B/Yf3Y5Dx/Zg664deOGlLYStzXjhxQ04fPQI/4+WfRGVY2k+mluqcGJmDMsrS7j+4CFOX7qKFZEH68JFDM+dxNDUIqo7jqOpfwztgxOw1bRSkbahpGmQCrMTvcdnsbRyDZ1Dp7By7hoWly5gcnoFp5dP4cHtK1haOom56XFM9rRiiTD3y599gI8/+Qv++Mc/4Nlbr2NwQixCsEJfqEF8tpiyiZZegazCFEzNdqKhvZhKPp4QEoHYTCoUA58NgSNM64dQja/M5B7GbQQ/R6QGQilyRuX6UwIkYImpN+lFMoXKZJz6/Ij/gS1DkUOySggixUpk2iIoIcgoDKIQrmSKBj8Clh+tZR9EixpwGncJWWpCUBxBJDbNR8ZexRp8JSDFpDuC1JNyg2Rwu/a5CLgSwez/9FyJKURNTpAELOG5ik33lclDVf8LsEK0XggVXjJ9IKIJlAKy4nn/ycYopJsIOtYEGG1JyLFpYLIRtmw6uTVa4pFuVFJ4n5RUAqnOEEJwCmRbJvilCEh0RWwylbPWBQk6JwK/ExL1rrxPb6TwuaWaQpBeEImM5x7ErJJYCVgZxSK/k4iTYr+uzqAYYG8xw0qDzUzwslbEoaBaeJ8EIDkSiBbUxj4PZFf+D2A5JALGoiiCYgxMdhVMZVHIr4qRubDK6hNR1pCIuu5stkOOaxzTxJTgxGIexYSReRMBwIzBOQLWTA7ax41yKrG01UBQSZGAlVMmACuR71ot48TMlenS69Yy2obGoRbk1ubKRJ6RhkiEpRFASwxIL82DOi8J6WK1Wl0pKnp6UdRaD22+lsDAfpYaQegN5zsh5GsJ8dm855YyQpYNlgY7AcuClskRtE+OcWxtQtvMBI1aGksNNjSMDqF/aYUGLY2Vehu6FpYwf+MVDKxcQt3YFAqaGthGDUilJGUlsk9HINmcxjbFa9SGsz2lIYrHYtLYhq1atj1/qPj+1BkiVi9YAlacIQBpRcKblkcwC+d4cACeIdvhq9iJ0LhdMq9SQvpOvt8jMBY7o6TxGFqPBxNglZRA9E0GY3BaAFYMt4SrCTUVcwIautQ0OFWoalWisjWSRlcELGXB0OexLae6IUp9kAC3H+GJ+xChOQCl9iANj32E9L0wlh3mszmEss6jaJ9wow70I2QFU6eqcOF2Iq490OHuK/mErCLcfFSEK/fKJGBduFGLFeq3qVNVHGcq0NBRAnuVGabCNLb/RCQTjuNSaFRrAhCZ6IOQOHdZ1Non6jAB6yA8wvfBLWQPXAlYTt47cIRwddR1M5zcNxOwNhOCtsHLn2BFGPLxJWR5E668t8HNYytcCVjOxzY+ByzC1d7vScDaf3gjDh7ZKAFLrDL09N+FwLD9CORvCbjyC+X3BfF7JGBtJWBtkvFX+w59h/8r4rC+y7H+u3Dy/K6MxfIK3Ajf0I0IIEiJVYUBkZtlQPv/BqwQxSa5qjA6YTP77RbEp26FzrgLBgFXhKzM3ENIz+KzTuW71W6l/ttKwNrAPr2Z/fEYqppd0NhNiB5xR++YCwYmjmJ01kUA1k/w3wKuRN6rL54QnJ5SCFVfiNQMb+DrL14hXD2k3KXcIoQ9lmAl8l19/cWb+Iqfv/z8VQlXn332Gj797AN88snL+H9/OIP//M1J/OTDebz2gzncfPUELr88imuPJnHzKUHr9XkZuL1+3xF7JTK5z1/qwNxFB0ydvNQupwUXLrfxeDOPN2PmQiOhp06WqBkliIj8VQMLhJLlcpltfXSpCuPLdRheEOVyGrB4oY30fhyP3zyJp+8s4+l7K3jy3hIevS1Aaxo3XhvF8s0OQlsjwcqO5kkLWqfy0bdQhOHTRfyNYkycFYHv5RhbLWHHLUb/okhIWouhxSp0zxCwph2AVXncjJJuI+HKKL1X1sYsWOozUNKWg6bjBeiZKeE1VUqvlci/NfV8FeM0IWt+vRULvN+59XbpUVu6NohTV3rl56VrvTh7ZwSrfEZnbp7A0qU53H14A8+evSJLs3T2HkeWQYOUeEJVvB9SlO5ICHFGfPAxRIe4QBXmAUWAM6JCqZDiY+S5+hQNNBoN1OpYQkYwgcob7h4e8Pf3h4+3D0JDgwhgAbJsjlKpJJAEEbLCEBIcgqDAYBw95g4vP8KWXyR8AhUoKK5Gbn6J9CClpmZAoYxBQjIt/cIyOX0Xl6CDWpOCZG0agS0WObkWFNjE+TlUSiYZ36RLyUBDSxuycixI5HkZ2Tno7OtHeUUdysrr0do5yPNzYSstR2Z2LtIMWYhUxWDvIQ8cdAqk1eKPA8d8CD1+2LzHDZt3C/HA5r1e2LrfG5v2euDFXc7YRpA6cNgDfn4hMBLc/AMjseugL7Tl04gumKairoG1tgpFTXUo6WhGeW8vSvq6Ye0aRFrdKDy1FQjNakBEehkHGh08/Nzh6XMI2/cQsjZsxbe+twnf/M5L2L13L9INKSguzkeZPR9Dwz04f+kcLt68hfU7d3Ht/kNcu3efbZSAdPE22oYmUN/Rh4qmXlS29FFRtcBQUOVYADC2hOr2KbnqcmxymUB1UdZYPLd2Do/u38DlixcwMbeAhqoyLMyM47e//RAfffQR++En+N3vfoNL19fROdIGa40J2SXpSCYcxGcpEaULRoxB5JMSEKRBOkFC7Itl62E6PymhWl8EJnlJyBK128JF3JLIH0XAEuVoNOYQGQOV+DzJp4iDkrFQeSGyWLGALpGkU5R9SbdGwiDEEgxDvkPSTYGEqwDoMv2QoPeWcBWTLFYPelGp+f3PtJ6Q+EzH58TnxZrFbybzt0XWc5GawQFZItbKh+IrPzumCx2xV2L1ofRipfvIKcJw3l9wogeCEjwQrvGBItlPerLUArCyFdDnqJCaS9gxxSI9j/BDUMjKi0NGbgwhP4oWbSR0afxtQlmyns9AG8DBl9eo80J8shuFgKUhYBGyElKOQZPmDH22JwyivEZBsMwLllOmkslehXfPVKVGXpXIQRYjk5rmVegITAY+s1hCVhrsjSYUVumodKNhKadBVa5CAWFJ5LcSua7M5QrK/wIsWziM/A0BVRaZsiFGnl9QGYOS6niUiwLXDRpUNGvRP1mKqdMNGD9VjNGThKuTFgzOmzE0b6GYCVi5aB7JRHVPJmEvTcZh5ZULwHJ4rzKKE6EtdFQLUOepuM97qTXC0miFoSwTKqMK4Wl8FwXJyKoqRLxJi8R83ktjJRol+NQjPsfRLpWpCkSkhCKSgBWm5TsleBV31vP77LB3tXCMrZaeqf6FU+ianUHf8gpKuupha6tE1/xJjK1dRv3wcZR2t2P62kOsPnoHk5ceoOvkGv+3HeklFqQWZCM+PQYqvUhZUcq2mgWtOZOGgYn9gtBl0vAcAhbbSTQBKz4jCGoaHyLbvyYvATmVBWxzGWw3wfAKp1EWsAmeoVsRELUNUUki4/dBgrM334ET3xWVb18cOkZUaBrwQuugHyWUokDH8Rg090fzHUQRdhXs70ruK1HWqJBVD3KK2H+MwrPrCmWCWN24H2HqvQiL34uIhL0E0N28rr0E80Mw1x5BYYsTKnvd0TEZRB0Vjumz0Vi9rsW52wZcf7mAcGXH5Xt2XLpdgQs3q7F6pQrzZ6pohFGX9ZSirikfhSVZyMnXs63G0mAgbLJdK5J8EKH2QkisAKxj8FUeImQRLCP2wyNE1CPcLXNWHXXbjCPOG3HURXiwtjgAy287vAhXPj6ELFH2xus5YDlvgdOxDTh0kHAlAGvP97BvP7cyDmujzJHlzu/0CdhJg3cfgp/HX/mH7SQ08Tt8thLmCGhOjhQNew68gN37vi1B66Dzd3HE7Ts45v4C3P0IWUECsjbAP2KzlGDFFoSptiFEuYVg9RJiEjezv26jIbQVKZm7OSbtQYaFz9W8D9nmAzCaj7DvH4I+Yy8N/V3UbzsIY1sRr92MvILDqG52Q1OvA7AGTnhhbM4NJxY8CVhffSjzYInYq38QnEQwu4ArubpQxF2JaUEpd/H3z67h68+uE6qeEareoryCrwhXXwq4+vQJ/va3d/Ex5Y9/vIhf/9dp/PTDU/j+jxfwSHiNnkwRriZw//VlAs6aTNNw5+kywWsZN15ZxKUHJ3D21iDBqhUnCVhiSlDEX63c6sbS9VYsXm2Qq/ukXKrD9PkajK2I+KcqTLKBjC0XY/x0BabP1GF8oRajC/VYvdaD+08n8PTtJbzxwVm8+cGKzAovSvY8efckHr93Ehdf7pVFnlunC1A7bEbDuAntM1Z0E7IGTtswslKAodMEpIVCtM/Z0DZdgp75UnQSmFoni+WKwNrj+YSrLBR2ZCK/IVN6r/JF3FVTFmr6TOicKOJgRVBbrsbsWh3mzjex0ffi0r1JnLs1gPW7x3Hx3ji347j6YJzPoAuzhMPlqz04R7g6d1fEo43izK0prN1YwuNXbuP+g9sYpFKuqetAQUEOVOFu8Di2HaGe+6Hy3g914FHEh7kSrFwR5H0YMQoCRZYWVlM6dPoExMSoEK2KQoJaiWhlODzcXeHrR4UTHMzPSoSFhiIkNAxBQaI2IZWPQim9V76+gQgJoWWpjEeEMg7+QRFIzzBCnZCI7JxcFBQVQ5eehUxjPvIshSgqKiJ00drLzIWluAIpPFeTkor4RDUSEvkd4RFITEpAAv8/32LleVnQaJNgsZioqPQoLLLCaslBQWGx/O5krR4qVTyvKRBHnLzg5hXIzuWB7XudsXnHEcpRbNh+CFv3umLnQW/sPOBH8cH2/Z4ELQ+8tOMY9h/xgIrXX1vfQnAbQKzWCH3rbZgn30fXmQfoW7+Ooav3MXzjVfTfeIzeq09Qv/oqjOP3oaq/h6Tup7DNf4DG1V/C2DgO74DDcPc5jA07t+JfvrsR36a88NImeHh68d6TYS82o6e3BasXlnF2/Rxu3H+AR2+8hVuPXsH5m/c5+L1Mq2carX1DqGrpJmANoL5vCo1Dc6jrmUJF6whqe2bQNnIaS2dvoW94EUMjU1iYm8LD6+dx9cYtDqQXcWJmFq8/eYi//OX3+Ojjj/D555/T6PkYP/zpe7Sa+5FXmYN0Ko0ko4ht4XsnGMSKIPa0EFrtQYhKE/FL0UjMjkRkij+VnA+3PghL9kZIMrcpjpgllZgCIxjprWESbnSEm3+u4hP5qBIJYEmUhOeSKGr5EYp0hK40kaVcFILOCUYKQUyXLRKMBkCT7kfL0ZPvwkt6rhLFbwhgEx4ooyOYXUIcgUmAncjGnkAwSybgpVjDn19LELcBMkVCWkGQTPZpsIkagkHP82E5IFCAmlLcVyLBkRZ5ECU4zgOhak9EanwlZCVlRUKbpeD1RSGVzyo1g/tUNimEKr2B8MXP2rQwaHQhHGz5nUm8/kRfxCZ4U9wRm+iCOI0rB23hvXImXLnwPr1k7bK8omBYSkNhqYxCfm2MTPFgb0lBeYceJS1J8nNeZTRs9WkorMtAZr4CGfmRsNVlo1xUiChXw1ysQH4JwalUQXgiWJVGEqzCKZEwlxHY7GIFYZg8biNUlTUkoKIxCZUi2Wd9Iux1CSirS0RFQzKPJ8rA8rHFGo5RVRg+acVxAtaQkHkTBmZz0XnCiLpBw/Nr1Mt8YOZKDXIrkmQqiUx7MvRFidAVxMoYPpG6I1YkgeXnzIospBLsVcZIxJrUMp5KW5gJtVmLrOpigs9ZlPb0IDojhu1KI9MehBP+I0StQF0Q0spE6oVOjq21hKhalHW1omFkCMdPr+HE+Ss4ceEaijsEYNVwrF7H2PkbaJtZQOfiGtYevYvLr/8Uy/fexvGz12HvGSCoVUnAijNEs23xuXT30hiuhaGEMFhkRmxmHLfZBHSOkzQoYlI8ufVhv4lGqjVVTg3mVhXTAIhHeGIQPEL3wdlvk4Qsr7AtCI7dhhSTL42ZKPY3N+RXhaGqU43azgCKJypbfVHe5EeQCqbRFImSegWKqhV8R1EELBXhSsX3Ey2rHZgIycLDm5DmDlWiM8Jj9iA0fg9C4sV2FyKSdiImbQ8B8RDB/BgKG9xR1s7v7gpE4/EwdJ9QYfK0jkackTrHhvVbVbhwqxpr1yqxcolwdbYSw9PlaO8vQWNbIco4RpjzU5FlTKRBy+ej4/ig8UMk4Spc9JEYNwREH0GAaj/8lPvgE7mP97wXngG7OBbvgJO7w6N0zG0LnAlR7sJj5bONRug2eHtv45i4lXAlAGs7XMUUoNMmHD68EQcIVsKLJbZHj26Es+sWCVgePjvl6sMgAlao8gBCCXWB4btl/JU7v1MA1oHD38Pu/d/Gzr3/ih27v4md+/4Vew9/m4b3t3HY9Vtw9X5Rls7xC9+IIIVjqjBUTheK/FjbEK/bhsTUXdCm70Nq5j7kWI5KaMorOgRT8SHqLe4XHEWu9SiNq4M85wANqt3s59sRm7QFqVk7Ya89hvZBL3SPemBowgMT856YWJCJRn/nKI0jg9V/5FhRKKYARTD75zfw908v4x+Eqr9/dgv/+PQavvzbZXzB/S8+u4cvPn2ZYPWqnBL85G9vE67exB/+dBn/+Zsl/Md/nsYPf34Kr/9gDveezeD202nce30Br75zAY/FKsKnC5QV3HttFQ9eP4+Hz87j5isnqWyGcOZmD5avdWH5ejdW73TxcwuWRHX2q/U4LbKpX2nE4uUGzJyrw8yaqEFYx8FBFBUtx9RKDSYIXXNrzST2Ybzy1jTeEFXff7iK7//oFJ7xep6J8jsfnMJTyp1nI5i+VIuGMQvKB82oPp4n91tnCVQnC9E5b6UUSmmbLkTrVBGaJ62oG85DZX8OKnpyUN6bQwuLUNVskDFX5oYMDgYZKO/MQfOQFf3TJbJuoYC/2bVanLzQhDPXOrB6qw8rNwlS11oIVE2y3M484WvmQqv03i1f78Lpm71Yuz2I86Kk0O153H10DY8f38WF9fMYoEKurm6C1WqCJi4QUYSqMK8DUPodRmzgYSRHHIMi4AhC/FwRFxMBqzkVuuR4AouBYCVWAIYSNMIRq4qANjGG50RBFRWBKEUEFJERcsovQZ3AzwrExcchOiYOEREK+AcEwMsrCEoClk6bimRdGmEpmeckwUCAyi+0E4iKkJObh/z8fAJRHNIJXcY8MxtpEZK0GYhPSEFwuAo+vsHw86eSSiRM2YpgMplQQKCqry5Fil4HDUFMr+VAnJ2BtLR0djwfuHkGwsWN4LTHCa7cP+YSgCPHvLH3oCt2Uw5y/8BRDxxzDcIRil9wNCWGnVTNzqpEaJiKAFeIluY2HB+dRN/oNBLNHbCMP8bKWz/D8rMf48zbP8PE4zdx4tUPsPzmrzH68s9RsfJDGMbeR9rYD9By5d8xcuu/0HvhfVqRkbSKXHHIeS++8d0NeOHFTfhXbrds2wNlVDgyM3RoaarG8vIs1i+dx41793H78at48OR13H/8GtvpE5y/8QAjs6cJWL0oLGtGY9coB+ABlDYNoqVvGgV1x1HVPYf+mXWMz69hZHQMTS0tuHphBU+evMy2dRFD47O4efMqfvXLf8df/vw7Qtaf8Oc//R7/8fP3MDLVhYxiLdSEp5j0EMJVCBSpQTKQXWngZ26j0oIRmiKSJYpcUaE8TxTG9YJCR9H7QPnP6blsf4JNEMGG1nV+iEzqmWIJlh4jmXHdIAK8ea5ewIpDxFSf2kCQygyidU/JDIYmg9CULvJe8Xz+TozWnf/nTbjyk0lCdebn+axEXqv8MCQXhEPD30y0/K+s7GJ6UMCVLZSKL5iKM1BuM0tCkFcWCRPhI6tIFHJ25MtKkiVy/GUJHBHY7Kd0osJwQVCsmxQBWSpdANSET01GhIQsAViGLKWEKykELX06AUwfBrUmELFqX0THeyM6zhsqKiFVnAv3nWgVu0gvVnKaK+HKA4Zcb+QWBsJaEQpbdRiK6hQobxUJPXVoGzahd9KG5gEjKtqTCTFqwgzHkLYcWEpUz8EsjgrYBHu9gcdikE+IsojYKt6fiWIkTBqLIlBYLYo862GriUdxbRytay0aO9PR1J2B5p4M1HO/nMfstQS7GkqthucnoX3ESriqJFAVoHc6Vwa2d0/l0EDMQssojcX+DCpvvUyvYKnTwFKbDHO1WFGohamaY191KnLKE5BdSkApIWgVRCNegDchK6cyFwZ7OpKsBHyrju8rCzpKRrkVI2evoWFiBqqMWMJxGttoHMKTRQ3MMOnFyqoqQnl3D0ra22CqtaG0sxG98wsYWj6L+Wv3cJJGUGWvSHFSj7G1a5i4eBeD/M7Zm6/j8ms/xfU3fobTD9/F8OoNGtEnCGNt/B0DkrJjkUaQaj8xx+9s59hditxKG9tbCu+lkG0lWvaBRFGtICsEORUcmxprYG1o4H3aEJemQhT7vgj0dvbbDBf/zfAM3URgPwiDqBVZqiFkRaC0JY1Gkpr9OQAVLf4oqQ1EQaUf8suDZDLYHBtBuYRAXRFLqIqBtTQK1hK+Wx43FUXKSgfaDLYvkYtLtQvByh0IidlFwNpNwNrF/rWHhsghZBS6wFTpjcL6ABQ1BPF3I1HZHoP63kT0nUjHzIoVy+tVOHO5BssXhOeqFuNz1egdKkNLpw2V9WZYigzIMemQkZ0IbSrHf10Yf5eARaNBBP+LRQAhsccQFH0AAQQsfwKWX+gemd/Kw9uRmf2Y6+bngCXSLGx3QBbhyksC1ja4e4oA9+1wc90KF+ctOHpkMw7u3yBFeLMEdIm/uYrpQZ9dHLv3IiBsD4LC91Jn7EGgiMESHiyvrdJTtmf/d7B91zexdec3sG3HN7B9979QD3wTB5y+hWMe34GH/wb4hm3ic9sqvVYRMTsQGSuSju5EAkEpOWMv+/hhZJqdkWdzha3MEyVVlGp3FFe6oajcBQV2Z+QXuUj4ysw9Qvjchzj1dvbzLRy7trLf7UFNuws6h70xPOWD8UUvjJ/yJmCJzOxf/RL//dXPHasBv/gAfxfB7Z/fx9//dopyGl9/egZf/20NX31yDl9+chaff7SIzz5awucfX8Ynn9zCX/96G3/9yw387g/L+NVv5vBvv1rAB4Srd3+6iNffm8f91+dw+/VZvPL9Nbz67gU8+v4ZQtUKj6/i4RvrlMt4/NZ1Hr+IG4/nCBMCsggWN/uweqOV0oIz15uxcq3TBQjOAAAgAElEQVQJZ280YeUq5UoTFi/VYeFiI+ZXazGxWILRRTtpvRIzZ2qwdrUHL78xg7ffX8QPfrSC9366SlnBOz9ewts/WiJsncazHy7Jkjwzl6rReKIAZYMWlPXlonLAhJrRfNRNWtBwIh8tUwW0iGxoOSGkEPWjJlQN5hKsjLSsslDSnY2CdoJV/fPSOPUZsDVno7bXjPZRmywbMUnwWzhfh+VLDVi91ob1e324/HAIF+8TIm+KVZItBKtmTJ1rksWpz1zvl8HtS9f7CJXDWLs1j4evXMUP3nmCd956gus3r6GvbxB1dS0oKi5GYhwVTxSt51BXhBOwAr0PI4ISF+KKYF8nwlEkEuIUSE6Kl1OEFWVWGLN1iCdUaTWxSCF4RYaHIDIiRMZdxcbGIj4+FtEqFeLioiV0qVQxPKZGWFg4wsNowROsUtMzCVKFsBZXwDcoXAbC5+SYkJsvclKVwGK18jwdioutPG6AUqXk98QiPcuKTJMdldV1SMvKR66lBDZ7CQpshUhP06GggM+4uhyZWZm8ljgEBgbD3cMHB464S7DatvMorRY37NrnhsPOfgQpP1otbnLKMiRcKfN5KRXxBDsj8vLtsNpKCXsFSDPkIsdsZ6epQX1LJ3oHhjG7sIju4+PQ5Zdj7MY1nH7rNQzfv4uOW1fRfPk2Bm49Qs/1R6hefoTM3sson38HJ558iJNPfo3u1YdIttI6T4uCNwFXxGD9ywsv4Vvf24jvbtiOQ4cOIzGBg1xNGU5MjeL8xXXcuHsfD5++hqdvvYNHr72J+0/exKU7L2N2ZR21Lf0c6LpkHUR7XQ8BoQWdo0soqO5DddcMekbmMXBiBdm2ZtQ1tGFybACvPriCqaVV9I7M4OTCEs6fX8Grj24SrN7Hb3/7S/zkpx9gfHoImbZkJOYqZckQEcCuIkREZ4RBmRFC5UbYzggmbAUSvPwkUIkEnNEEpSidB+IzHekO1BSZ1NMUKIPKBVQJEBJTdMKDlUB4iU8laGi9oUxySDT3BWTFUtRpgUhIJ+SI9AhiBR9hLjbZhzDiScDykDX5dLn+BLdAwlKQzCmVZiMgUVGl2Ak8RcIrEiYhS9QVVPP39fycXhyGLLso+htG5RiG/NoI2OqVsNWqkF8RhZziCKQLSMsNkikeVATJ0DhPmdPHAVmuMoBXAlayH+JSCIti6i8zkhZqFLJyRZtVyqnBVDE9mMbrSeF1ELBiCFbKGE8pimg3bl0Qo3amdSvir1yhNbgjzejJAdybFnEQrOWhKK6JlIWV63oS0DGUip4xK04s1GJkvgIdI1lo6teiaSAHjTTiiqujOfAHw2gORWGFnoragpIajjlU4GabEnmFYkVmJIFL1HWMYrvh//ZZCFM0VNpT0dadidYeSm8W2vuz0daXzeNpKKtNogJJQkF5IqEvlgo5Bd2TleiZLEfjoBENg7yOYSMlG3X9julBkfSzsCEF+XXJDi9WtYb7ehS35aOoKcuRm4vH8yoTZM3AbHs893msNo9gkk+IsUBfbCAg0xiz5yGb8DR27jr6li4gPkfH926AxqRnG1SxT8UgKjUaWRUlqOyjsdHdjexyM+wdfE5r6+hfOoupSzewdOcp6sfGUdbdSbi6jbnrr2Dm2iOsvfw+br71C9x++z+w+vB9DJ+9idYTiyjr6ZWrGXWmRBQ216FrbpGA1eEAuOpiZNpzYG2pIOgpEJniipSCZGSUZqOCEFfZ14+Cpjq2yywk5aYgwahhu/GAW9AuuAftJmBtZz+JJoCWIKeMMFqXhpquHJQ1RqKU0GOvC4atKhjm0mBYytTIK0mAsSCK71LAVTzyCaai8Hl+sRJWETNXpIAxPxT6bD+5SCJctRtBim0IjNqG4NhdiEjcg2j9Hva7Q0i1uCOjyAemihBY2QeKGwjwbfGo7tCgcSAN/VNmjM0XY3KhFFMLlYSrGoxM1qCrz45agrutLB05+cls64ls62roCFjqZJGiwRtRSR7sy25QaTwRLSTRA1Fs42Eih1jkfvgG7oOn724avNvhJOCK4uK2lcYwwcp3J3z9dsGXWx/fXfAmNHl67pQQdcx5MwFr03PAegmHD22AM48J75YELPG/IrVD8G4EBO+iiILRAtgcxZ7F9ODufS9gy/ZvYOOWb2Dztm9gx55vYP/hb+Ko2wtw83mR4/IG6bmKiNsGZYIo/LyHY84eqPX7kJZzFDlWJwlWheVeKK/zRU1zIA2SYLR2BaKl3R+NLX6oqvWBvdQb5gI35JmckWHguK7ZjWj1NsRqdtAQ2wdL6RGUN7misdcTfZOeGJoVgCVSMYi0C2I1oUjZ8MVbstzN15/dxt8/mcZXf5slVM3ji49n8dlfpwhWM9zOURbxt49W8clfz9FaXsUffn8Sv/n1CfzsV3P46S8W8PaPF/CMcPP03QVZ3FnUH3wiE4yucJ9g9WxVeq9efuMCXnnrMp6+c4fn38ODt9bkar8LdwYJWD2EqmacvSWAo4Wg4dhfvdVO4Ojg39qwdLkZ82uVVDClmF6pxMK5WiyuNeDirT7pvfoBgeqDn5zG+z87Q1nDe/9GyPrJsoStt7m9+8YgZi+LJJ+lqBsrQc1wASUflcNm1IxZUD9ZgCZClSjQLDxYwntVO5wnvVal3UbYCVhFFFtnJiwN6Y6Vg7Wi9ES2zO3SM1kiAWt+rQ6rV1uwfqsVl+914erDAdx8NIrrD3pxgfe0TGCcX2/E3LoIbm/F0pUe3uMIrr58ElceLuHGvTV8+LN38etf/gQfvPd93L17C42NLahvaCWI1ECvjUGSKgCxEd7wcj0IPx9aG/5uCPH3giqSllKuDsbMJERFhsDXxxsJVPqZmXokazUyZUOyRo0AvwCZwkHsx6iiqEA4sGRkQK1OkJATpeSAR4BSJyQjSZMiV+bl2+yEIjtSUtORZcyByWSBTi9yXulRVFYNW0kFyqsbYC0qgp7Hk5NTkKJPRUKSFsZcK9q7CQ6NrSivaUZbzyBMlkJoNFrk5uVCp02GXpcsVz86OXnjwGF3ApULAcsZ23YdpaXihIOHfeDuFYr9TgSsQ17cD6JlkYC4eA3hikqkjJBH2LOXVqGivAL2sgpU8HqGJ6ZR09KLntEp9A8TshcXMUxL1lLfgf7r1zD92qvov3cfrTfvo/PGHTSsrcLQXo9ggmyCKQMVc9OoX56DodoGfXkeDDUmhMV747ubNuL/+/YG6cH65nc2ssPvJ1AqUFxoRndXKxaXTmH92k08eeP7uP/oCV559haevvEODYKbNBTWMTKziqGps+ieWEZd5wnkFrWidXwF7RNnUds1hfHJJUzPnsX41CKWFuYxNdKJe5fPooGw2N53HP39g+hqb8bVtVP49x88xX/+4j389ncf4sadS7SaTUjlACqmCNVi+TkBQkmwiskMQ0w2t1lB3A8idAVSsflCIVMjODKnxwnAyvLl/wY+D2gP+h8vkyPWKUR6r8Rqq9gUwobGi0LQSvZy5LESKwFTfAgu/ohO9pXgpdLwXCFJYuvJAc8bKTn+yC4KpqKLQH49oaEhkoZLJLKrI5FRqUCqXXixwpDA343PC5BbPQHMWBZBJU6gao5CRWcsqjpiUd4ajZIGJYpqYpBfFgWjLQJp5nA5ZRkj4stiPeAT5STz+virXOR0YTiViVLjh3gRU5UewoEzApl50TCaYql4VDBkR9EgoGRE0lAJgyYxACqCVYTSnXDljkiVG6JiXeUUYXyyM5LT3Wgde9GY8ENOYTCVZiThSIXyRiXKmhV8p2p0DqajeySP770UJ06xbc6Vons0C53Hc9DBcaisMRGW4lDkFobAaFXAXp+Lhs5yVDZYqIDjeVxJBR0HGxV0cVWcBKd2GneD42U0HPLRQahq7zc6ZMCIFoKSAKxSQpKAq7ziGORSqVsq4lDfV4DeE40yYXJFZzpqCWOVXQYZd1XclAZ7aza3HOtqHR4sS40WtqYMVPWXEr4Ig006KcLLZSOIFTUSMHoKUDdQRQgrgq21lFBTDnUOjbqCFFib6yVgjV+8h7SSQmitmdAWZCMxLxVxWRq2x0QYCVgVfUMEnF7klFthbbJjePUChs9cxNj5K1h98CbH7zM0jgcxffU+1l99n0D1Lq6+9m+4986HePDer7D+yg/lFGHX4irKB/qQVpiKrDI+l9kFdM8toXpwEJX9NGhqi1DYUomSznq263hClKhDmQVLI6FzZEyCXl5VCVJtmYS9fIJWOpS6EIQl+lGCEKVXwlRXyWdTJOvR1g4Uy0LXZU3BqOuIQkNHHGraYlHRqmP7zCVoqaWHsrg6gbBL4CuN53uM5X4sisRqz3K+F8JzloXGhM4VkbF7EaragWDVTgRGcxu7EwrNXsSmHYHe7AFDsQ/MlSEorAlHSYsSVV0JhPQUtI9ko3cyn22sCH3jheibKEA/tz1DRdJ7VVErEjZzTDYlIDMnEakZcdDqFUjQBCMuyR8JKYFI0gUgiVsNjaIk9udESjyNouh4F4QrjiBAQJYXwYlg5O5G8dgBL5+dHL93IiCA1xu4m0JY8tsNb++dMov7UedNOHJkowSrgwdeJGxtcMAVRcRpefjseF4mZwf8g4Rsh4//NgLWFhx1eZEg9QL1wbckXL244f9g09b/g517/wWHnL4FJ48X4On/EgLCNhMEt8s8WHHJwmu1BxrDHqRkH2CfdEdxuR/Kavz4XghVPUHo7AvDwEgkhscVGByN4DMKQ3tXKOoaA/hOvGApcIcxx4l67AASk3YjUbsHOsNBjhOHYS5xYv/2REuXHwYmgkSi0ffwtVw9+AH+8cVP8fXnzyjfx98/vYqvPhrH5x9PEK5m8OlfJwlV09xOE7JW8OnHl/DpJ9f49xv428d38dFHN/CHP6zgl7+Zx09/vii9V0/eI2C9c4qgcxKvfH8JT7+/Kr1YT95Z57ELePTWeTx5+wrB6g7e/OAB3vzhfbz85nnceDKHyw+Gce6WyGHVSajq4FasCCRc3e7E2h0KIWWN+8sErNm1asyeqcbS+VqsXGrAmYutuHi7m/A2Tphawg8IVR/8bJVyjoB1Wh57h9D1JiHwzrMhLF1rxNhqPboWqtExJ8rWVKF1pgxN03bUTdhQO25F01QhGgVcjVikh6uiL5eWkFFKcRcHne5sWJrSYRJZ26sNKG2l5Tdk5WBlx/hiBU5fbMT56124wuu+/vD/p+oto+y6rnzfjPHeHa9vOp1O0p3EsWMW2rKFVVJJJamYmc6pc4qZmZmZmUlFKuZSgbBUYrItywxxHDtOTIlDfe+H35t7y5077oc59sF99tl7rTl//7XmnquSc5ebWLvSxPLFKhYVyForlP+bz/iyQORKAZMbNUysNzJ3aUhgdEmg6gq/ff8h7711X+BqkcbmVtIyComISsLFwwtLc+ngx/dxyvAlDA+8jPlpCZBmhliancTV2Y6IUAEgvTsadwd8dM44O1qoCe4ODrbyvj32dhJw7ayxka3G3RWd1hO9rwY7gQMvD3eszCWwuboKdHmhFZjy0nir24DAYOIEWnQCYjp5rvESiBJA0iojWwJL/gFB2DsJsDm5qCNLASFRhETGkZCWI/sPxjcwnKy8HIEvLZZW9vj4+hMRESYNOIDTp0145RUDdu45yM69B3n6uZd55sV9olD2s/cVQ44YGrN772FePnBcVJIZRics5TdsBRi9VfjT6/WkpiSTkBBHbFy8gF4GyWnZ8nuF5BeXk5BRQH5Vq1yjYdoGRphYWKBvdFYCRSN1AjztN69RunGZonNbJE2u4ZpRxIHTxhy2tSC4qYaUrkb88pLxzoglqjID9zBHfvXi8/zrL57h6V2v8PNndvOzJ17gpX0H5Ry7k5GaSGtrM1Oy781L29y4+4DL125w6/4bXL5xn8WNLWkna7T2zwqUKyUczhKZUU155xT5jaNklPeIg5xiZv4cC0vnKJdjr66q5OaFefmfCaI23XGU6+UtgJwSG8nK5CBvPtjmrUe3WVgcp6yujOj0KDyCHQViPPAItcXa10QFLMcAxUwkqJlg62OMpfYYll5K3Z3DOCrQ9P0IljLFpkzbPYYrE7SR5o/X/AtUCmsqS9gYPR7BErB6DFfKCNax77dHVbiy9TiqwpedClfyeXnuqjMUuDouit6M5HxbCcr2ZFXbk1ntQGqlI3HF9oTmCOCkWOEZY4pbhAku4SYqbPknWxOVbUdcgZ1cOwf5rrModjfyalzJFNhKznMmJt2RYCUnJtwSDz/5zxIsTOwPc9RKAMtqvzqCpQCWmaLWBbAcvJTFpk3RhVgSGO5AcLi9tFtbab820mYV0LIRByt9wu0ktg6GEmAOYWV7WEDrINb2ByUoHZKgdBgvX0N85H8FRJ4kJNZcQEj+U4EX+ZU6ssvcyCxxpqDSS0A/hKrmKFr7sug8U0iz+KGKxlBqW+MFisJIUQqLKmUuIuV4ol3JrcgW+CoiUVnoON6RqCQXcf6u0qbdScvViIMPorEjQyxVICtUBavimqDvAcufrGLxUQJAYUnOj+t3iQXG2xOW5iF+S/xgcz7p5TEklYYRlaNTX1eK0EZl60kqFGGV6a0+j8gSoCryJ6MuRQWsxAJveV9ALE9DiryeUxUp0BZLYWM2aaXymaJkMmqU9UuDcQtxVXOrehYvMrh2jYj8QvSx4XhHh+KbEIFbqA7XUOV3ksiobyavuZsgaefBqeJX+0dpmzlHy/QKZy/eoW54nsymdoY2rnPu7vuMXnjA6q33uPT6J2w9+h2z1x7SOLFMnYiY9Ppa/OJ1Amz51I/PU9jZLQK6T+CpjAiBt/S6SjWJPkgATBfpqk6tJ1cUUNTRQ3ZDE2GZiYTlpBCVl4o+SkRqkJMcs49AVyAxBYVyzsoJSY8gvSqJnIZYdT3HonoXgRod1W0+VLQGUd2dTmlzIglZbnLNHNVcuCQB1gQBrbRcNxF/bqTnO5OU5SQBW65vohUafwNs3XYLZL2Iqf3zmDi+oJqV+261mK0uXMRJwmm1MGlcrjmppfbkVLvK78jvtgfS0BVJfXcsdZ1xchwCWU1RlNfFkF8WIYAl8StGACvMVQUsnZ8jHhor3DzM8NCa4eltipfOBI2PiCvdCdw14gsU8zLCxVWOy/ZVTMz2iHh/EUMFrAyUelcCU8Y7BKqeV+3UqRfEp++U7Q6Mjr/4/TqEjwuNKlODe3b9nJdf+h6wBL4Mjip3Hj6jLpOjjFopZmSsJM0rCz0rye0/Y8eeH6vTg088+SN+8QsFsP4nz+/5V14+9G8cOvbvGJs/gbntM9i6Pi8Cbgdu+l14+O5GH7JHhMmrRKccJTnbmJxiE4prLaQPmtPUYUdnryOdfQ509DjQ3Gkr58qCwkoTdYQrKsGA4LCD6HQv4a3Zi7fPSyK6XpZ4d0D8jBG5ZeZUNlnR1m/LD/73f90RwLr3eGrwH4/UBPb/rSSx/2WEf3xbx9+/bVHB6i8qWA1+D1cz/P27Bf7xFwGsvyzxl+9W+e7Pm/xJ7Pd/GOfjT4Z4+F4v2w+6BKI6OX+9hbWrHaLWz7B9d4Zr9xfU7ZbY9oMlAax1bj+8wPXXFuVzAyxc6mLiXK2AVQ3jYiNLAlLz+QzNFTG2XC4QUq6OYI0uFjA4k03PRDpdY5mcmc5mdC6XsdkiplfK2bjWxM3X+7j36IxA1hgP358UyFJGsca482iArQcdnLvWwPBKMZ0zBdSP5FKrLBR9RrZi1UM5FHQkCGBFkNUSTkZTuHS+MFFrj0ewFMhSpghjivXElviJ0tYTnu5LVKafOBJ/cmsjpTMl0D2Sxfh8CTOr5QJUNayIrW01y/E1snmtls3rtaxfrWT5cilLF4vZ2FJKSzSwvNXLwsUJ7ty9ysfv3OeDh7e5uLlCV1cHGZm56P1C8fDSCJiYYHj4JQ6/Igpi3y6Mj7yKt5slwQHuuDlKEHCwEmByJsDXA38fD/wEtIL9dTjZW+DtJUrS3VYAyxxPL1ccBbbsbCSQBPgJpPjhrXWXz4mScbBG4+kq8PO4grmSlB4Q4EtWdprAlhtubu74+wcQGRWGpwCf3leck48foWGh2Nm7yH7dpBO6SKf1ITAkQjpz4vd3HQqcqncGhuDrF4y3To/xaUsMjS3Y9bIhTzy9l2deeJmnBFZe3PkKr+w3YNfe/bz8igRDUyvMLSzZf8CA48cFCsys1GWAXN3EISYlkZ2TI6AmABwXQ1R0NDniwHMLiimpeDxqlldaR0lVE6WN/XSPL8p1mlWn6YanlsmobCO9d4zKjSvkrlwhdPw8BhH5/OA/X+Dnx8zRNbcT3d6Ff1EhAYVZJDWW4p8ezNO79/A/fvwE//nrnTz/0hF2vmSgJtUfOWqOm7sX1TV1DE9MM7O4zJXrt7h66460z/fYuv0Ga5euCXTfknZymbGFC5Q0naGkdYKBhSuUtU+TXNxJQVUfMzOrXNi8xOb6Kt3NDdzanCctJQYzk2M0ZkcyWp/D/FAjy6OdXFie5urWGmOjXVSUZ5KQGY4mzEXNxXIQsLLWn1ZzsGwFtOyUvKsAUwGskwJWAg0eh0SRK4U9j2Dvc1Qt7qmUQFASxj1CT+AZZiyq+SQapfaUMrqlAJhyp5/uqHonoL0AloPAk/33cKWAlTJq9d+jVwpgOYuD9vQ9jl+Eko9iSmqhrQRkBzFH8mudKWpwJb9eQKnGmXgJGEGZ0pYTzNHGWIhZoo+3JDLXluRyRzLlO3n1AiwNzpS0eFDa4iWBTSCm2IUEZa3AJFt8wyxEvcp/9TyhApaRzX6MrA9ywvbxFKGS7G4hkGXvJcLE5zS6UIFpAauQaDtCo+wkAFlLABJQ87eWQCPX1PM09gJYFgJYFtaPR7BsHA7j5H5EDUR6OZ9BAnUhsZaExVmr0z+JGc7kVQZQ1RYv/iGC/GodxeJXGtvTaOkSXzZYSu+ZKpo6M8XZZ9HSkUtlbRrVtenU1GaQkR9JQU0+1R0Nsp80kjP1RCcrldzdSczWkpnvK0o8kNq2JFp6ckRJJ1BSG0yJAli1IeSKGEwr0BOfpSUkUVmCx+6fVeQVC0/3J7smR855LoklMURk+BKY6CHB2w3/ODdiBOri88IEfLzU6cDE4hBy6jMFoEJILfIlpdCX1HwBGLGsshAyJYDn1aRT1lRMXm0RxW1NJJfmEpIqfbKxhckLt5m58hqp1U2EiggKTE4hMr8AncCWNiqYqPx88jsGyW7uwTc+loCkaAraemidXqdz8QojG3doOrtGfvsgZy/dY+3O+wyty/buB1x/5/dsv/U589feomV2nQYBrLyWRoGkCPWOw7a5DRHUZwTYRkipKCWuNJNSeT27uRF9jBf2+iNyDI4ivLuoHBwnt6WDhOJCOdZKgal0fGK0AmIhJJQWkVBRTk5rN9GFuSIKBIDb5f82RFDeFkBtbzjNg8oyQEG0j6XTOppHrTIjUulJRpEzOaVaCczeAjvecu10cr30YvJaqQizfHfi0+zRBxsI+L+EtXIHof0OrJx3Ye22B0fvV9CGHBFAPkl0prkKV2llVtJvnCmXPtDQF0jbUARtZyJpHYqmuS+Sxu5I6toFVBsjKCgPJSMviOgkvYgId/HPyvqvj6cIlVEsjZJvKICllCLxFnGi0RuL7z6hmpf2OB4eIpSkzZtb7MP4xC4MBLCOHX1BYGgnJ0/tFKh68Z9mYrJDBSxlJOuI4XO8+uqTvLxXmSJ84vspwp+rU4cGhwWmjJ6Vzz7HqdPPYWIqcCZ2XB4fO6HUxxIge+WnKmA9/dy/8YsnfqjaU8/8kN37fsTh4z/B2OKXWDs+HrVy0+3A028PuuCX8Q3fJyJlvwiWoyJcjMksOk1pvQUNHZYCRTb0jzgzPO7G0Jgbg6Pu9A8709ZtR02jBbmFJ4lLNiQ08iB+vvvw9ZH9BbwqfuEw8SnG5FWYU99pR/ugPUOTzvzgf/3jmkDVTf733++r9l9/vyZ2XkCqnb9808hfv23mr990yeP+f4LV3/68oILVP8T+LpD1l++W+POfV8QuqUnuv/20j3c/bBOAquHc1SqWLlSzeL6J89cEam5PcPP+LDfuK3AloPVgRcBqXR3F2rw+JEChjF51CjzVMrxczdhaNYOLSrHRXLUuVP9cCYPzxQwKSHVPCVxN5dE1nqne/dIvoDU6m8f4bDFTS2WsXq7j4s1WNdH+zqMhXntXgatJeTzK9mtdnL/dzNJWNaOrj8tDKItGNw3n06SscThaQMt4kQCXdJQuUSJNkerdghl14aR9P4KlWFyJr3QonSgfnagWHZECVzG5Sq2YANLLgsWBxtM9msXEYimLm7VyTPViNWxsN3L+RgOXbjWwdaeJK3caWN8uZ3WrjMs3mrh+b4ALt4ZZvzLJzRvneeu161zaXKSrp5vcvBKSRcn5CzDZ2ZzG3NRIHbUyNdqPg8UxPJxNVQv2dSY2XE+wnzs6D2t0XjbY20hwsRZF4u4ijcMTF0cL9U5CW1trgSQ3QiOC1ZErvd4LrZcnUZER+OiU6UAd7q5OAmJW8lk7+Y4rkZHBap5UcmqyOpoVHh6Gt16jln/Q67V4eWkl+DjhJHCl0weoax76BAVjZeeExttPGmaoqKJAbO09OG1uz2kLR44IvPx6x371TsBnX3yFp59/mX2vHBEldFq9g9HMxEzMBAszUywtLbC2sZbOrNzdeAIzs9PY2ljh5GCLt6cziTHh5OZkCOQFk5dbTGpKBllZ2WoF+IDAUGLikwkJj6ekrkOU3QilTf10CmjNbm4xNrMkamaQxPpu0idXSdu8zansGv6fX+3GJDmT6JEJIhpbCSutIL6phtR2UcXpofzyuRf5Hz/8T/7lRz/n3/7jKZ58ejf7jpzCwNiR4yZu+AXH0yEOfWJ6jqW1TS5fu8WtN97n1mvvsHXzLmuXbzO1fJ65jau0Di7SMbYuYuIG/TOXqWyfJK2ojZLqTqZnV3j9/g2ur83w8PIi0+ODArLmTLcV8KUIeewAACAASURBVPrGCFc2Zri1tc797RV6e6uob8ihqDydgFgNmhBHAmNFmUc7YKk7hY1AlpLgroCWjUCFtfYEFp4CGp6HsVEqp+sNsFPM+4haX8ot6IQKWF4KYMlWE6xUJH+81I27UuBTWZhZY6DWsrL3OCIgpeRvGIgdUXM4bN2VhHYD9c5BffBpAuPMiEqzJL3InpJ6RXG7UVjnRIEEiKJmFwobncitcyal0k6dMvRLMkcfa0ZAog1ROY7k1LpR0eFBXZ+Whn6xXo1cTy8xrSh3b4EQDxKynNQcJb9QgSL5v/Yexpg6GHDC5iDGNocwtj7EKXsDTJ2VdeeMcNCexMX3lDqlGBJtQ5hAiDKCpQCWf7CNAJaVWqLBXWOCg4sRljZyvqwNBLCUqUIl0f0wLh5GomzNBNBsBKwEXOIc1H0FR1kQlWwnsBNNx2ARTd0ZFIoYa+jKZ2C0gf5RZb3KDoGsWuqbs6msSya7IJj8oiiamgtFVVfJ99roGh5Qa5zllMYKzPiRkOMtWz1ZxQHSRsKpbo6ntV98Wm825fWRFNeECMwJ8JQHEp/rTViKpwCVC94RDgJY0mejnNBHO6uLJsfkxgtkCUiUpRIqgOUbK0E3ygVduKOAlhdJhbESyEMFsDSklESS35Al+5VAXaJUe/cjRUArTUAro9iPeDmuOIGypMIYsiqyqOzsoEi5SaO+nqr+UWYu3eXcnffIauwVUKkkuayGtNomAsSvBKUkk1YnIqhvipTqFjnGKAGaRLIb2qjon6JnZZvRzfu0TCllGGaY3nrI0rV3GFy7Lft8nzvvf8ntD75k5uqb1E0uUj82TUXvAJm11TRPLdC3vk3D1Cpl/cMCTeUUi3itO3NWwDJbvdvUVruP0MxQasdnqJ9cprC7T/x+OVkNdUTnJeEbpxeRnS+g2EZRZx8FXd3yXi01A+1U9eRR1x9N05kEOifSpC9H0HM2gcGFYunPGXQMB0kb1VHR5E5Nm69c/2AaO4NpaFdGLgPF//hS1iDAVeWplm8IjDoibfdV7ASqrJ12YeO6V8TMS/iEvUpk6hES8o+TWWEi/caKslYHajq9aO73EfEYQv9kFENTseq2ZzyMrpEw2gciBQYiBLLCKSwPJ1nJ64vXEBwuIjzATb2LUONtrQKWRm+utnm9iDCt70m0Si0wASzFPL1EeEm/sbDcz0nj3Rw1eI7jRjswPrWb0ybiL00FsgSs/g9o7VTt+PHnVZja99LTvLTn12oe1kt7/1MtQHr06POcOPGsANlzmJm/KPAmZinftVAqwiv5Xb9g776fsXPvv6uA9ctf/StPPPmvvLDrRxww+AknLX4u5+gpXAWuNL470Ifsxj/iZYJiXlWn8aKSD5OYZSR9xURAVqCoy5KeYQfOnHVibNqFiTl3Juc9mJhxZ+SsOz1DjrR22qjThymZR4mOP0xAyAF8A/cTGHqYuJQTAscWVLXY0NrnxMBZV2aWPPjBf/3tBv/1t+v846+3+cffb/H3v20JSCnL3DTw568a+e7rNoGrHr77plfAak4Fqr9/tyhwtSzP5+XxPH/50zzfKvbtGn/4cpKPflPH2x8IKNwpYfFiCZNrZUyvV7NwqZnV7X6u3p3mmkDWtQdLXH9wTt1evD3C4qUesX6mNloZmldqQVUztFhG70y2BL4suibz1fwkxZQ6Uu1juXSdzRe4EqXXlyyglc7QdB4js0WMSyOeXS9n5VINm9eauHqvm1sPh7n5xhm2HnSxcVPgb7uO2YvKnXzF6j7bR8XGimibUCrGF9ExWapuq/oyyG+NU8EqVRzUfwOWMooVXaQnqsCbcFGDoQJYMVmBxApgJRUHiYoIoaItjt6xbAGsMpbOC0RdbWLjqsDV9SY5P81yLlrkXHSxfa+VCzeruXirluvy/PqDQS7cHeLy3VXefHiLd17fZmasi/q6UgGsHAL8NPjq3AV6rDE4sIvjRw/g5WKC3sMMN4dTONmcJCxAwMrTDh+tC6H+noQHuaMV0PJwMsPd3pIgfzciw70ERuxwshNYsThNfGyowJRWAMxJAE4cY3yUQFawPPYSGLMXQLMUcPIiNiGW4JAAgTQfdbpQycHS6/2IiolRSyl4emlwdXPH09MTHx9f+WwECakp6mLRfkERoupj5Tv+OLlqcBfY2n/khKiRAzyj5lbtY/fLR3h1/1EMDY5jctoUK2srLC1McXayQ6/1wNnOEhtLE06fOiVwdVw69Ek5biWJXgDL3hY/rStJUUGkp8QSHx+Jl4ebmkAfHhlFbFwiCclZcjwCSrFJ5CpL5ZTXUNzQQWRyjrSnac7MnWN8fl3a0XkyagSyRpbw7x5jj7sAqzjoSHHIQdV1xNU3kz3QQ0ZfI7q0BH654xD/77/8uwpYP/rpE2JP8cRTL2JobI2xlQ8WTsFExmVTXdPM8Mg480sbXLxxj+t332D75gMB6lvSVjYZmdkQMF+R47jEyPI2wwtb4jBnSC7uobRxgLNTy2xfvcZ7j97g03fv8/7r1wS0TUiOC2Osr5XVjQsC7nfpGmoiKTuY2FQ/QpO0aJTb5/XKHYKnBZoeV2VXRrEUU6u0a42x9DyKhcchda01G60Aku7x8jTK1iXQCE9lcebIkxLsTqkFQ73lueb7xZo9/IzxUIqAqkvFGGLndQgb90PYuh1W7xJUzM7DAEfdUYEXJeHbgqQ8K7LK7ChtcKam3Z2Gbg11XZ6Ut7tR0qpAliN5AlwplbZE5Vnim2iCb7wZ4Zl2ZFa6U92hoWVAT+dIgASTALpG/Wkf8qFVXqvr0gtAa9VSBMpdd76h0j+8T6p3Rpk7HsXUzhBTW0NMFFOm+pQcLOUuQr9TuAcqI1gCWLF2KhyFxthJu7UlKEz6lL9SA0uZOjHDyd0YK1uBKxsD2R5R87EU0HJwERjVKGUoTASslelxezFbAkKtCIowVxObi2sVCKqgtj2f0rpUugaqRSAOcO7iEpsXl+kd6qCwOpXkLD+BPGfik3UUVSSJE29lbH5WgsEkTZ11FFUlkVUSKLAVRGlNNBX1sVQ0xtLUk03rkPiwliTyq8IFcEJIKFQW89YQEO+OPtJFzFk173BlBMuD4CRfQlOV9QkLya8vEZCIRCeva8McxRzUz0WkBwpYJRKVLWKyIIy82gzSS0NFAAhYFfkJWAWSURREdpkE7rxQ4rLDCEnUEZzoLXBVJ9e2g8rufjqmVljcfoNrb35OWc+M+NVmClv7KOwYJCq/kJiCYgGnccoFphLL6+X4YgTqsshv7qawfZih1VsCaG/RPXeNzrmrzF17j7mr7wh03WPl1rvc+/hrXvvkW6a2XqdqZIbakWkazy7QOr1Ex8ImQ+dvcGbjFkV9w2S3NNEsEFY1MEJIaogAlgFOIiziSzPU3K7uxYsU9w2RJgCV29pCWHYMkbkJchyd5Ld0Uj86RZsIs6azU9QOChwPJqvCfWghlz6Bm97peMZXK9VVREaVAp9zcQJcwfSMBtE3HsHgRJTEinB6zkRKO4iUaxxCU5efAJiHnE8LYtKPC0wdwNl7rwiE3Th57xbg3UtU+j6SCw+SUWZIft0pKrtsxYe50jnqTdeYt0BVIGdmIjm7HMPkuSjGFsMYmgmT34pSIUsZzapsjhbYCCNe/ER4jE7aqSc6H3u0ehu8fWzVmzuUNuwbZCaPpV/4Sf8XyPLWHRf/byTi2UAA61Xxx3s5aihwdHwnp0z2Ymq6l1OmO/4vwFJGsUxMdglAvajmau1/RQGsp9i7+1dqDtaRw0/LPp7lhNHTsr9nMTd7AQurF7C0fl4g6xlOnn6Sw0d+wauv/Ae7BbCeeUFJcP8hv372h7x84Mfia/8DM9tf4eT5DBq/HfiG7SEo9iUiExSwOkhc6kESMg1EjByjoMqU2jYr6YM2DIw7Mz7lwdlZd6YWvZhZ1IhpmZz1ZmjcjU4Bp9oGawqKT5OUYUSoAK8ychUdf4yMAlOKaqwF1OzpH3NlWuBqedOTH/yvv93hb3+9K3Zb4GlTYGlYwKqBPyn2daNYszxvEeuU9yb5658ej2D97TsFsFbUx999OydwNcc3367y+y9G+ODjGt54N48LtwqYWRfYWS5h4lyZerfc2bUalq/0srLVz8a1US7eHGf92iDLl7vV0avZC92MrtSrxTYH5qqlUZbQNqYsKZNNh7qwcp48zhFVkEXLcC5tI/k09mdR15NM60iaWuZgaE4Z4VLWDSxiaq2cpUv1rAvQXLzTIWDVyMrVcuYF/BYuVTKxXszwUrFa2LRrskSsVGCrQhRHKd0zspXntQNZomyS1dErBaoUU3OvSnyJKNBJR9MRLnAVniawleFPbE4AqaUh5FaFUdoUK0ozm+mVSlYutghctbGx3armh20/aGdbYOrmG33cfF2BrEaBzdbH05pvneX6a2fZvjPPnTubLMwM0liRQ1ZaGImxAeqolJ2tGR4ejpicOICrrTE+GlvcXSzQudsS7ONCsN4FLzcbASMJShoXnAWqdJ4OhPm7Eiif1QtshYhSSU8MIdjXkSCdI3p3KyKCXGX/zug0DgQJyAX5eeHvpyMiPJj4uEjS0xLJyUsjPCwQrZcrnnIMOm9PXF0d0Xg5ifo4JnZCzatydnHD1zeImJg4PPX+2NkpU4vBahkHX9k6e+iwc9Lw6uHTvLj7CL9+bh+vHDrBKwePc+zYadxcXVRYc3ZyxM3FSX4zklhxsr6+erw1bjgooGVjIfu1VO92VJ7rPZzJTI4mKSmGiIhgAn28cHWyVQt+hgQFoNXoBBxTiElIIS0rh9ikVKKTMimobiajsJK0gipRm/OMLGxwdvEcEwtrFFd3E1HUQHhHD7EDZ0joPUNsWxt5Y6OUzU6S1lmLS3QWP99jzLMG9vx///4rntx5iF88u4efPfEcBw4LyDj7cMram+PmWiKjUmhubqF/6Azzy6ucv3yVtc1LbFzYYu3idUZn1hidvSDO8Io46GsMzF6me2KTqvZpuoeWuHLlOvfv3efG1lUePbjLd198wEBrjVwrP0pL61jb2Obeg1vk1qSjkYCorLFnL0BlKwBl7XlCIOo41gISVtqTWChQpZiXQIf7UTEBBIErC4Eia80R+Z4hjj6GeAQboY0Q5Rp1UgKdiTry5K9UZRfQ0oYcxyPgmLqeoCbwJJ4Byt2Cx3AQQLP1PCh2CAcvgSsxZ90RFcpisyzIrbSmrMlRQMhVQMCTzmEvNTB0juhoGdRQ3eNOaaurAJYLyeV2ROVaEJhqQkiapQR2O4oa3ATItAJTPvQqSn0iRBR6AD1jQQJagfJ6IJVNfmQWaolKkvYdYIKrQI+tiyFmDgaY2hth5ngCE0cjTJyOYe52DDslwT3AFI3AlT7cgmABrMgEJxWylNEoJR/LN9AarZ8FXj6PAcvOyQg7B+VuwqNY2xlgbS/B2f0Erkoul9YEL2+ltMPj+lm6gMfV3/3DLAiPtRUwipX/rxSULaSqPpOB0XZpD+u88ebr3Lx/j4HJMfLKU4mJ1xIW5Upiqr8Ehkz6JofVlQEW1tboGemksiWT4spIqhpiqGyIo0xAq7IpUeCzmKZegaVaCaLlwaQW+xOWLsIn+jFYKSNT/w1YQQk+AkNxhKWECTzFU9BYTnp5NvpYHZ6hjnhHOOEjn/WNdhchKeIlL57Y7FAB3RSSCkNJzvcVWA4lpzyKtMJwgawoCf6xJBYmCLT54SWAmVKYSWFDA+Ud3QJG62zeeY+7735Bx8xF8bFdlHWPUzs6L2K2gczqVhpGz8lrZ+X61xGSkkZ8UQUFzX1k13cyun5XHbEa3XjA7PY7LN94n5mrbzF55U11ivC+ANbrAlgL19+iZXqdmtE5OmY3Gbtwl9a5TYYv3GbuxiOqx+YoEXhqn12jRMBPWcvQNfAo7iGmFHZ2MnbpLv2rW+p0YmFPL7kCYxG5ceS1NVMxMEphVy9D0ufObFyT3+iT400ToV7K2HoDI/PJDM/HM3FeEfTtTG/WMH2+nNmNXCZXU8SyGJ2PZXgmiNG5EBFXwYxMRzA0HSoCSURCuxPF9WakFx8jOn0/+rCXRcjslra5m4i0l0jIe5nM8v0UNxvS0HeaznEr+qedxWd40DvlJYCll2MIZXotktn1SGbWwhkXyBqYjJT+FkGbQFZdR6SAfBipueKrEwXmI3X4Bbii87XFx08ERaCtuiyUv9InRDDoRIDofR9DlgJYjk5HsLR6PIKl5F8dP75DAGsPZmYKZO38J1gpWyUX65RsjU+9qCbCPwasXwlgPcH+V59UpxiPGijTjE9jfPJpTEyfEbB6VkT28wJxz8hzAbBjyt2GP2XvS//Oc8//kKef+Rd27vmfHDb8ibrsja3L02h8n1MLhYbG7iM6eT/xaQJW6UdIzDgiotNQ2qehCJxT1HfYqFN6Z866MTHjxeScF7NLXswta8S08thbhIwXPYOuNLTaUFJhTmbeSaITjhISc0j2Z0RO2SmK66xo7nOQeOHO6gVPNre0/OCv323ynZKk/vUo3/yhgW//WCfbGr79sp5vxL6Sx1//QV77YwfffjPKnwWwvvvzPN/9aZG//Pkcf/3zIn/6doavv1ngq69X+fTzLt55v4p7bxayciWXqXOFKlxNrJYyulDA2JICWmWMLlUyudbK4qUugZ1u5s/LdqNDPtuiLpszuFBD/2w13ZPFNI9k0T6eR8uIgNVQDo2DmdQLVDUoizr3ZVPdlU5FR5I44wQah1IFyLLVkgcDAlpjK9KQL9ayeKWGuUvKwsnFjJ7LZnQ1l7HVAvktRWGUMLhYJtsK+ucq6JupFLCrom+uho6JEhrkN8t6U8moDyeh3J/4Mj9RNX4qYMUUKsvhCHxkiirM8CE6UwGsIDUfobAmgrLmBDoGs5haEbC81Mradgeb19q5dKtDwKpXrP976+b2m10CVgO8/u4Ej96b58OPLvHavTXW16bo7mqkKCeBQG8nkmP9SY3zw/yUBMLTJwgL1KLzEOftqoxKuRMaoiU2LpSQQB2Bfh4CXTY425kJgDkKbLgQ4G2v5mh5OZsSFeRJaX4isVH++Ovd8PG0I8TXCY2rOU42ory9XdT3QkOUfKoAEpMTyMpMU4ErKNCf8PBAoiIDiYyQ3wsNwd3dTS3nYG1lJ9DjgEarV2tjab19JDDFkJJdSHlNPYkpGbh7CWycNOfgYSM1WX333kPse+UQ+w9IcLcQYHKww8/XG19/H1FKXvL7gcTERpCYGEd6ZjoJ8fHyu0HodRq1jpeLo7VAoTuRQaLA/TWEhUogCfaV/28ncClBTeDPQ86FxtNFYDFc4CtGXb4nLCoB/5BoAsKiyReVnJJTSUB0OonZFdR3npFgP8X0ucv0jswLEHQQWdGEf0k1iV2dVC0vUjg6SGxNLfvNvPjRL3fzzGE7fvzLXfzsqX389KmdvHjAElOXBNyC87D2iBDA0uHgGqAeQ3FRHl1dSl7VLCvnzrG+fpn1C1eZX99W4WrqnMDW4lW6Js7ROjwvznaM3sE5zp27yO3bd3nnnUe8++YD3hbIenT9PLfPz/Pxo4dcv3qNi1vnyavMIiTZG/84VxWslCRuc1dDOR4DtXq5uYdAlbIEjoeR2DHM3I6IyXsCVxbuCmAdFsAywD3ISAUrxfTKMjcxpx8XthTIUpa88Rbw8g4/IeAkgPX9ws1uAmVO3odx9D6Io/aQbA/j6meAPuIoSXnmlDc70tTvRPuIu8CChrEFHdOrfkyt+ou696Fb1HfToFYCsbIgsRNJJXZEZ1sSnmlJXJ4t2WVOVLR4Ut8jgDUonx8NFsAKpf+s2ESEQFY4Lf3BlNbrRWFKn0hxQx9oKVAvcOkkgGVviIn9ccycjAWuTmDqfEL+sxG2mlO4+JmiDVUWS7YS9WtHRIKjClnKKFZI5OORKAWUFMBy9jwl11MpNGqMg7Mx9gJbto7y390UwBKRoDFBo7NUzV1jipv2ceKw1sdc9mMlTtqV/MpscfQNtHQ2MDDYzuLqPNfv3ue9jz8Wsfo+cyvropwLCFWqmif5kJ4r8NQsvmxmXBz5Fpdu3JDAOS8BuZ7q5lSBtWRK6hLJr4ihrDFDzlEpRfWJZJUqo0ohRGZ6yrUUYRShwJIrfjHuAsoeBMTpiM9NEKEYQ2CCHwW1RXKdKiSQh+GpVLOP8yQ6LZCAWG/5bABJ+akCWNEkl4gPyQ0muSCEgppk6ScJco0FuAqjyazIFEAuJT4/icB4PxJyU0kvKSW7po66oQlWb7zFvQ++ZOrSQ0q7JqgZnKF36SrFneOUyfO2icvkNg7Kb1QTl1NIVk07GTWtpFU1CmDdZu32ewJW73LuzgesXH+fxWvvMi+QdeG1j3nz0+94/Td/Ylk+0zSzSd3ZZUbWbzK3/SbNsxtMbr/G5hufqPlZ5QNjtM+dp6RngOBUPS4BBwnJ8KVjYZ3Za2/Sv3KVKvEFNWNTah5Xam2pPJ6keniChrPzTG09EIhbpKS3hvqxevqWldU3aiTeFTB7vomFrQEWt/pZvS5gfLWJufOZLJzPY2IlUQDIn7H5ACYWg5laDhVhF8SZGT19414SPxyoaT8l8eSoQNYJIlMPEZb8EpHpu+Wc7yCjYiclrbuoH3xZ+tFRJpbNJJbaMr3uyMiiO2dmNfIbPsxvhgrUhTG3Fia/Ec7QVASdZyJo6YugsTNc2kw42YUhxCf7ERGjJyDIQwUspTyJX5CN+EhrAkIt/zmK5a2MYol5eR3FyekgVsrNIid2qYB1TAWs3QJYe1TAejxqtUOFK+NTL6hJ7ydOvsDBI8/wystP8/LeX6uApdTFMlTg6phS2uEZFbBMzZ4VwHpO9v88lrI1s1DysJ7kwMGf8cq+n7Jr54954YV/Zd/+H8t3fo6Z7VO4eL0ox7mTsLg90u/3k5B5QPz6EYk/R0nOMiQx6wjpAlhF1SfFp1oLYDkwdNadqTlvZha9mF/1YuGclvkVjZiWyXmtmo/V2OlASY01mfmnSEg7JqLtcWmHgnJjOX+WdA3bs7juwYVtb67e0vODb7/sEqhqF4hqEZjqFKjqlm0bX31Rz+e/q+C3v63ms8+a+MMXbXwp73/91azA1KKA1rKA1ip/+tO8gJXYVyt88cUk737UyGtvl3Dldi6L54uY2ygXkKpUoWpspVICRh1nlysYX6pmZr1dBavpc23yvEECSj3DYipgzSlwVU7LcL6AVZ5QeTGtymjVoACVsrhyVwY13emUtaZQ2pJKeXuKEHwsJW2xAlop6vqC3dP5DM4XMbJWxLiA1YjAXt98pmq98xn0zmbQN1ugwtWwHJNSe2pksUb97YE5ZQRNAOus/O5oIaWyTyXBPbpEIEpJai9Wiu75q5ZQqCyAGqDmGSTmh5JUECqAFUpRnTjB1mTpIJmiUEpFPdSzvq1M/42ydW9YgGqYW2/2c/VeO7cf9vLau0PcFcC6/no/Dx4u8dpr57kgjnZ9boaNlQWWZ0ZIEmWRKirT2f4Uxw32YWJ0GH8Bp/gIPdFheiLCfEhICFNrTnl7u+Lv6ymQIU4zOgCth706YhXm70ZMiCdaZ3HwGnnN14XEaF+S4wWUlO/HRxCtLCAdHUi6KNnoMN3jBHlfrcCUAm56wgRiEuOUKusB8p4Xfj4aNB7OODs5qAnwri5u+PkFEBuTKECUSHBwIHq9r3TaEFIzMtSlctzcPTAwOMHelw3Y++oxDAxPcsTACBsbUU16b/m+Hk8vd/WuwpTURNLSE6msLKKqPFd+15d4ga38vDQy0+Lw17nhZm9CWIBWHWULChQlHhNKQmyoAGKIgKaW6IhAAv11+PjoCZTjsLNzwtVVzk9oBO4evji6eKv1snyDYgmISMY7UABMFybOTNqgOP2zK5dE+a3R2TtGQWU7nuGJOARGYOTozl4jS3754hF+8vQr/Idsf7XbiGf3GPPCAWuO2URg7pWBvV85dr55mNn5ccpSK0FYQ1RYGNVlpfR1d7O0vMzy6iazCxsCWDc5t/1Q1OcGTb0zDEydp3NwltaeKUbGl5iaPsfwmWmubW1zc3tbzce6s7XJV5++zZ9//wEfvvU6H/3mN7QP9VPYVEpUZjCnXAw5bn9QXU/MRBSniUCWqevjaTHFVLByN8RSQMvSwxBrLwM1yd1BQEkTaowu8nu4ijqFX/T3gCWmjGQFJsjjBAt1REsvsKWsn+YRaICL/ohA1hGcfQ+jCTsqAfYEiXkmVHfY0jvhztCcp/R/DSuXfNjY9hdQCGFzO1h8R6Cofl/ah72p6vQiv96F5CJbETAWYpbSx+zJrXalvMWD+m5vdQSrayRQBazByVjZxgpwRdHQo4wke5OUI2CQ4oFPqD0OHsZYOhlg5iCAZWck58MYM+eTmAscWcl7DrrT6iK/HiGi1iMs8YuyJlhdy8+RYGUUK9oBf1HzCmBpfZW1N00EpoxxdDspbejkY8hyPo69i5HAl3Jbuykapfq7jzVeeisBLlNcBMoU+FIKlwZHuJNdlEJFXQWdPR309LUzcKaLmYVZbj54gw9+8xnvf/QZF7fvUFhRRExigABWLEWl6TS1iO+aGFVz+W6+9oacu0tMzA3T2F0m/kdApzRGoEogqyWf4sZ0ASLxVdneRKRrCErW4BfvKf/PjeAYLzEB8WhlSZ4E0koyBKRCyC5Jl3PYSnpppgCWo1xvPVl5ySRkxMq58SE0OUyALJnEwhQRmEGklyVR110ngJVKXEaAAFccORUFVLa3U9HaIsBWKX66hTwRWenl1WTXtzJ8bos3PvmaS69/Sv3IBrVDC5xV86ou0jh+Xp6fE7huJqW4irSyWnIb+kirbCK1vEF8+k0uP/yUq48+Y/PebwTWPhL78DFg3f+Itz//C49+9yfO3f8NjdMXaZ45z+z26ywJ1HUsXWHpzjtclO83z6yr8DSwcZ3SgQH8k53xibOgoLuNMxs3mbhyn4G1a9RNLtM4uUBRby+Vo5N0Llygdmxe3tvm7OX7fu+8sgAAIABJREFUAlpTNE+McGZtmTPnBhlZaWD6YgvL18ZYvTnHyq05VkVgz19IEcBKYmYjiZFZHePLgSIswpk9FyVwpFRcD2J4xotB6SNdZxykjdvLOdSQo9zsIaCQmL9HzsdOOd87KKx/kaqOXTQPvCR+4jAz506yesmKc1fsBOwcZd+uAt+eLG76C9AFCmCFMLkUJoAVLuIxjLaBcBq7xA+1KoAVStx/A1awQLivg1pYV+dnjk+QKX7B5gJaFupjXcApadMn8FCWhnI6IKL45X8ClqHh85w8JYBluvuf04MnFbhSwMr4WfmcQNTx5zhwSODqJQWunmLPrl/x6iuPAUvJz1JysE6bPIul9QvY2O3E1n6HapY2L3Di1FMcPvKfvPrqT9mz+yfs2PVvHDjyU06c/iVWLk/h7qtMDe4mPHkf8ZkHSc09QFr+IRWq0nIPk5R9iLTCIxRWnqCm1YyOfjv6x1wYn9GogDUnYLVwzpt58U3zqxqmFzScGfOkpVtEXYOV9NdT6jRhbJKIxcxjIsyPU91iKuLOkfUrXmzf9uH6PT9+8LUyavVlL9/8cUDAqp+v/zgokDXMH/4wwEefNPHm+/W8+5sWPvptMx/K848/7ebz30/x5VdLfPPNOf74pVJgdJnPBa7e+7iFe29WcP21PBYvZaqjV2dXBWwELkYWyxldrWNqvZnZzVaBq1ah6U6Br3ah62YJXk2MLD2eGlQAa2CuivaxQpqG8lRTcqNahgtUwKroSKW0LY2S5iQK6pMoahTIEpBR1vzLqY+ksC2Gku5YqgYTqTuTQv2wANd4qighsfEUuqbSxdLonMykZyZPTZwfWa5iYq1e6L9OIK9GPY6eqVIBrCKaR/Mo700hqz6CuBI/ovJ1xBb5SgcPJrUsiJSSQJKKFAsltSRcGn2kAFYYRTVyDAKA7QJYw7MlLGzUs3K5gc1rHWzfG+HOwzHuvTXBnTdHufZgkPuPFnj0zipvv32O996+wo3tNbbOr7K9ucpoXxfz44Nqfk1KtBa9qzkaV1HD9ifVqb5gH2ciQz3Rax1IifMnOcYHW8uTeHo4CFjoCA/S4q91JtzfnZgwcag+okY9bPB1t8XN5hRejmZEBLgTFeJFgsBWXIQ3mUlB5KZFkiFKNSbQk4ggL5ztTLA2kwBiY4qNlZmaVK7kavn5CtBpPdUldZSK7zofXxKS4gXIosnISFNzsQICgggPj0Av75lb2XHkmDG79xnyzM6DPPXiPlE05gJnnvj7BYlSj6GorIys7EzSU5MEpDIoKc6lrFSuRUkOifHhxMcEExGsAGc4SfGhRIT6Ciy6ERGoJS89Qf1MTGwkmenJhAT7Ex4WTIyAmYezNeZmptg7OGBja6cWT/XW+XLUWKle74CTq5bQqARxIGFYCQTZOPvg6R8lTq2a6t4RCSB94vjm6RDQyi2oIzIhH61fLPZuwVg6+mNk7sarxx3Zd9SZg6e0HLeL5KRzDPb+lViL2WhTMLMPxsRaKU3hoJZVqKsWwB8dp79/lOm5dcYUyDp/na6xVYGMVdr6BLKGZzgnAHZ2Yo7OvklGx+c5v3mJ2zdu8vqNLT5+6wHvP7zD5x++wdeff6CuQ3j/9UcCH30CRb64BboKSJ3EyOZVTiqgpUCWs8H3o1mGWHgeU/OvrMVh2ukM1bsGlaR2JYFdF3oSH2VxZgEoBaICYkxVuAoWqIpMs5Wg7aSuiReeYqO+7iMg5hl8DGc/ATS9IZ6hR4jKMJaAe1oCvQU9E05MrQlYXfTh0s1Art4NYetOCFdvhsnzMNauBktQCKB7TEdNh4bcGhfi8+yIyLQlMttaAMtBAMtdvUtKybNq7fencziQ3vEwgasY+sQaB6QPNgdKn/QmRqnblOSOb7gzTloTzB0NBXSV3CtlAdsTmLucwsL1NDbKCJOAk0eQtQCWBBYVsJRlZ+wEsBxUwAqMcRLn7YA+UCAryA4vgScnj1M4ugs0eVrg6mGJk7sprhoTtdK7o8CXumahj7J+oRKwbOW5cheikjxsRUiEFwVlOeQU5VHf1EhTezMl5QVU15UxuzjHw3c+5LeffcVvf/9Hrt99jYa2dgGtbIrLUmloLqOptZyzU2Pi2C9y4fpVNi9fZHxhnOq2IhWuUkX05VYlC2TliV+KJDhZzkWaRi23kFgQTmSKnvB4DaHxOkITlRGmaPl8LimF8SRmR1Hb0SC+thzfWB36cE8y8lIlEGcRlxkvoO1LeGqUwG8WEWnhAkA5dI6NUdFUJfv1J7UolUIl6bunX4SwHHdNA0UtXZR19pFd20xWTQsdU+e498EfuPvuHxhcvU3b5GVmLj1kfP2BQMoDSjuniZW+l1Ulvq+skczqDpJKa8TXdzG+8YA7733JvQ+/ZlMgaunaB6zc/IiJiw/ZuPsR733xV94RyNp8/bd0LN6ge+UGi7feZu7G2wydvytw9Qkbr31E7cQyA+tXmb/5JuWDvcQVB5HTlCWvnRdwuqfa0PoNWgTEOufPq1DVu3qFvuUrtM9fYP7WI/UzPUsXGL0osHVxk56FFgaXapjbGmHj3gWBq2Xmr/RKbMxh8WKstO8IiQtaxuYFrs7FMb2WyNx6vEBWAFNLWgEvrQCTD91nI2kdFnHZ6iPge4zY7N1y7faQWb5Lhavixheo7NhB08Buzsy8ytzGCYkzFqxcsWB+04qJJVuBLmeWz2tYEptZ0zOxGMCZ6SC6x4Ok34TQ1h9KQ2c4uSWhxKcGEBXrR2Cwl3o3oVYAy9NbYonPcTEjNH4nxIzw1B/DTQSYs/tBAZ99mJnvFXDa/bhMw+FnMTq+A+PTuzAWwDohcHXC+HmMBJqMjJ7hqJFSy+oZ9h/4NS/veVK9i3DXjl8KbD2J4bFnH9fNOvWcmtxu57ADB6ddIlp24yhma/8iJmZPcfT4L9kvkPXSSz9l954fiUD/GabWv8Le82k0QTsJiN5HRPIr0k73k5p3gMyiw2QWG5BRIMCVd5CU/CPkVyhgZE5rty3dQ47qKJaShzU55y6Q5SmQpYxgeTEx78nAqCttXfZUNJoLUJ0iJfsYcSlHSUw/THapIVVtJgLFdmxuadi+pefGPX9+8NXv2/jqj718KWD15R/6xIb4vdinn43wyaeDPHqvhdfebePh+8q2gdferuX1d5p5+6NRPvrdNJ/87iwfftrP2x82CTCUsXU3n+Ur2QJW2erSNr2zOQzPlXFmvoKxFQGsjTb1LsGZzXbGV1oZXW5ndLFRPqOATYM6etQ7VUHXRIkKWK3KnX1DuTSKNQxmUd2TroJVXn2sON1Y8moTpJGlCGQlkFMXRnZdBNmNEeS2Cmh1xIgpRULjqepPlO+n0DqWJpZK+3i6AFY2XZM5dIudWSyVY64R0KtRYatn6vvfH82R7yZT3p0kaitMnSKMLfGRDh5AmgBWWrmSzB6sJrSnl4WJRaiAlVkeJfAXK0o9VV1EdWxeSXJvEmXRLEq9hat3BkVxjonz3OCzL97hvY9u8/Z79/jk40d889mH/P6Tt3lTguXNWzd58OA+b9y/xqW1Wc4vzzI51ECSUq/Ew4pAb1sC9M4CGp74apwIC1LWGxRIitSrJRpsrY2JDNMSHuAlgKQlIkRLVLAb7o6n8XIyJcDDAm9HE1wtpdM4maB1tSDU1xE3h9Pq9xKi5f9G+qhThXpPO1xszdV8LjsbC2ysLXBzccBHnjtYmePqZIetrSVarZIcn0hefgFRUTH4BwQTFBxBcnIycXGxnDp1WjWlMvtTz+/m2RdfYt/+w9jb2uDmIYE6JoqE5CRi4+OpqauhRFl7LCddLI2ExBiKS/KoqRHYbigiKkwnUOVOnIBTeVE6+enx8h99yEgKIz8rHh+dh4BYuABaDmFhEQT6a/FwscbC9IScG/kvOjd1WSCluKmLq7ta1FTvo8fXP4RYOV5PnT9uXkEERCSiC4nFUS/7iM+jsX+S/qllactXGZ1epatHwKull5qGHpIziolNzCYiIgUvbZDAlJ+ATASmbvF4p47gHt2IjVcSVm7RHDzhhIHBSbRursRGBFNZXkNtc6+oKVHF44uiLucEMlbpHV1iYmaZvv5xtdBob/8IfYOjrK6eZ25umetbl7grkPXp+2/wpz98wp+/+j3ffP0Fn33+OfPLKwL/xWRVlBCbHo6l+wlOOh5SyxKYOB7B3M1QwEqBKyOslJpV3sdUsHLxO67WttKGnBBAO01ArNk/R61UU+Aq3Y6kfBcJys7/BKzQZGsCEy3UJHi3YENcxcJTjckoNRUoMqe225rhBRfpC95cvR3E9fvhXLsXztYtBbBCZRvK2nYIE6t+dI7qqGjzlD7lKGBlS0SWPVE5dgIGDmRVuokv0Ehw8aahx4+W/iDahkSRD4fTciaScgkYGVV+xORoCU5yVXONvMNdcNTZYOZghJmtIab2SkV3YyzdBK68zAWwLNQirN7hDmjD7cSs0Efb4Rtt/xiuYh3wjRQLlXYfaI93sD1eAbYScGSrd5D2Yo+7xpbAaA311an0tpaSWxpHcJQGb187vAWufPwd8Q10wi9Y+qscT1y8L3nFmaRlpZCTlylOvIvq2mrSMxOob6ng/NY13v3oMz794mt+98VXPHr3E1HV56isKZT+UUR7p/jM/kZR3yMSCCZZ2txg5cKGBOlJatvKySqOIb04UgBLoKwhneisAAEsLwGoEApqk8mpSCQ2I4iIJDlXaaGi9OPlOmXJ+c0iJiucAulrtZ0NAtFRBIQLiMUEkp6TSVVzjVp6IUraVGJ+Jgl50j8LshiaXaJnZFiCWZaAWhmVXQM09I9R0NRJZkUDuXVtFDR3CWC1UNw6IOJXROSbv+PBB1+xfvs9zl54naXr77N240NWb31E9dAqMXmV8vluAaxWkkubiM4tprRjlMXtd3j942+4/f4fufDgE/neB8xtv8v4xTe4LPt8/w9/593P/sbWo88YufCQWXlv497HzF9/h8Wb77L91mdsPPiIljkRNDcfsXL7HerHzpDbnCgCvYapS9eYuXqXhRtvCjTdZWjjBiPnbzGwdlO9M3F44zbTVx+ycuddxi7eZvj8Taav3aV/aYrWiRrGzo+wdFMAbHuOyYv9TJ2vldiXKLFGI3Blz8hiCFPr+cxu5jOxEs3ZZR8mlz2ZXA1ifClR4ma2AFaaiDo92eWGxGW9KNfvOeLznyWr/FmBq+cpaXpO4uJztAy/wPD8LhFmx1i9Ysq5LVMWzpsxtWzJ9IoNi+ddBbI8WNj0YGpFJzDmK77Fj/bBYNXqO0MEOEIFGAKIiPcnOFSDXkkX8RHA8jmNu84IVwEqJ80hHD0PqKsUKMV07V33YWm3j9Omu9XkduUuwiMHlaVxnhfR+iLHTj6v2lGBJoPjT4mwVtYoVJbSeZJ9rzzJS7ufZPdOBbCeYM+eJwS+FMB6PHplY7dDhSoX9724er2Ms+teEcY71WT3EyefxODYE7KPnwhkKYD1EyzsnsRZ+yxaASz/qH1Ep+wnKfcAGQJXeeVGKghlFB4iNfcgyXmHyJHXKhpNaVCmCfvt6DnjJCDlzMikK9MLj/Owphc8xcd70jvsREuHDRUN5hRUnFSnGxOUJXXSjkifOSx97TSjM1asXnTlyg0t125784Pff9LAZ7/r5He/G+CLz3vF+vjkt5188HEfH30yIB27hQfvdHL/nTZuvdnI1ft1bN2r5/rrTdx8WMetR1XcfKNcnGQZF28Ws3Qln7NrOdKAcsWJKsvZFKqLFg/MVkpjqmdkSRzBahtTmx2cPdchz9sZmmtgYFLgaqqe/slK+gSweqbK6TxbTNMZZQRLGbnKk0aURll7CvkCLpnKHTFVUQJZ8fI8gby6KIGuSPIao8lqiCSnOZrC9lgKO2Mp64mndiBJIC1FBau28TQxZRRL4GpaAaw0BmcEsuYLGVssURPk28ZyaR7OUnO6avtTKBdIy64PIaVKnEtNCGlVIeo6hKnlgeoIVkpJ8P8BLIGrrAqBu4Z46nsz6BrN5exiOcsXlBINDaxvNbN1u4cbD8Z554NLvPZohXffv8tXX/+O30iAfOPmJhuLUwyJkmptbaG7d4T5pXX6e7spzEuhsb6U7NRIEkK9SY4NIMTflZyUUEIDPFX4SYkPRK9M/fm4Eh+tw9vdhogADZFBXmJakpV8KwErvbsZAV5WaByMcbc2Uks8mBsfROcmQcXNhiC9I7FhXgTqXEiNCyIqSCOvufH/E/WW0XFkW75nf5yZ7vfmdfd6fQtuV91Cl8t2mdmSLFssWcwspSCVmWKlUszMzIyWbdmWLTPJzMzMXHZVuej2m1nrNztC9635sFdEZkBmRsbZ+/c/Z8c+hqgAAn1diNKI8o0QpRPsjbuLvVonS6mlpZR8CA0Nxd3dk+DgMGJi9Gpyuoe7p5qcbmlpwaKFi5gzez6zZs9j+bJlaoHM6Ohw4uN1AkLR6PWxpBiTyRGHnWFKprg4m0JRyTk52QJuORQV5tDaWkWaqOfIMG/8PR0I9HQkO0VLYoyo8Jgg9VpVVuZiSo4mX2ArT15nZaXI+TWEhvipQ50lhZniREJEpYlq0+vw9fPD2s4BG4d1uHoH4B0URZQhlfi0fAIjY/EMiECfkCEOJ1ogI1Puzy1yrx+hf2wrWwR2Bke30t01wMDgKG2i0vPzSwgN1xEYGo+Nkz9OQZl4a4uwsHLD1imYxRYufPntXL7+egZmK1aoBV5DgzQYTYXkFDdSXj9AZfMQzT2baWkfkXthjMERcdabJtm8ZTf7RGFPHTzC+bNnOH54Pw+unuXZ/Rv88vYxf/z2jp9+esu9e7epaG3BMcgTnwgPvDQOmAtgKT1Ya1yVuQaXYecr/78yJ6AyOXOoqFWNhdhqvMKVpwTN1CHBsLjpHqv/DVjaZDviM11JzHEjIcsZQ7qj2pulWFSyjTp06K8VODOslGBuTW6FvQR4B1oHXdm405P9xwIFrCI5fSmGUxd1nDivFeDSMnU6gm1TYRKog2ns96egwYPkQkf1qUFtupOAliNxWU4YC13JqvKgsNGb4tYAKjtCqe6JpLZPS0VHlAiccBJyBcBTvAhLcMdHoMhLoMY5wIE1AlUKXFm5mGPtthobD0vsfaxx8LfF0c8G30h3gUVpJ7FuAooiYvTrxGE7EWxwITDGWWB7GrCUXqyAMCUny1Nee0wHJIEojc6bmqpMJrcPcfDULgl022hTep8zDIRHeQhgORCj9cCUKHCVHUNheTa5BZkY4jQUlhbS3tVDWWUR+UVGRkaH1KK0N+895vGLN7x++zPPXr3jwJHjtHW20d5Rz8BAkyjvHsYFqrbs2srk3h2yXeB751YJClWi3mMprs+kpqOMtFIlMT1AAkwoWSIGS+qyJfAY5R6PEROBWpRIbnkqhbWFpBWmyDYT1W218r4RrT6IcBEwUTHyPSsLae5rIL86S66zicwyOXdRnvjxbUzsP0BlSwOlTa30CkA1D22msKWfHBEgZR3rqezdJIK4Xf63QWoHtnFE4OjinTccv/JUIOsh+88/4cCFJ0xdfk7vtlMiZFvJru4is6qLjKoOdJmFFEi72HvuIVcf/8yp2685cuWFHPeULUfvsGHqBifkvfsKYL36gzN337LzzCP2y+ccuvxMjnukFiE9fuM5h648FiA7x96L99h99hb1YwMUtBppGe9k+8mL7Dh1mb0XbrHt+BW2n7rBrvMCfxfuq6bA1eSZOwJrsl0AbfuZG0ycuMjQnkl6d21g/PiUAONOBna2MbS7lZ7NqXRvcpd46MTIjtDpZHexsZ3x6tN9o9ujGd+byqbdmRIvTXRtMFDd4Ux+7WJSC77FYPobUSmfEZP2VxILPyKv7lMRGZ9T1fMlrWN/Y2jr52ze/T27p5ax85CZ/A+WjO+yYuOkLVv3OLN9rxvbxDZu92Rw3J/OkSDaBsNoFnFS0RQugKUhOSOc6MQQwgWw/IOdBLDWih80F8Bappqb/2Lc/Bbj7rsQF8/5OLr8gLX9LCzXzBTA+ppli79g0YLP1aG+Jcu/YLGYUpF90bLPWLDkU+YtVKa5+YQf5iuA9THff/cJM7/9eBqyvvsPFi3+RB1GXLP2bzg6fyPC93tcvcR8vsfJQ+nJ+gZr288xM/+U5Ss+Ye68f5U48i8sWvJvrLX9SPb7An/NDEJiZglgzSNVYCqjaAnZ5StUwEoVwErNmSeQNVfExyKKqleIWFhNXbsNTd22tPU7ikAQyNrkzYatfuqw4eBGbzoHnGhosxbAsiS3dCXGrKUkpS0VIa4kzi+gpMaMgY1Wcn3tOXDMmcMnnfmnF0+qeSQQ9fBhJ8+etglotQtgtUrg7+XOg36u363h/K02LoidvFLH4XM1HD4vdq6MqbNlHBI7eLqMPSfL2HakSGg8h/U7shjankn/FoGs7eX0T1TQNV5K/7YaBrfXCWC1s2FPJ6M7O2R7q+zXRP+GBoa3NAuUibPYVkvfRBUdGxTAylbhqq4vi/L2FPLrk0QBxZNWrnRHxwhkCWxVxZBaHikNVqsWdssUwMpuVKa1UXqv4qQBp8jxydTJsmXMJDeiSQWttg2Zai2tzo0mesfT6d6QTv94Bq0jaeKoU8RRp8jnp6pgVtkdL85AR36TlpK2WGncBtLl81LLBbSKQ8U0pJfrMJXpBf4MAnyxcvPHidM30j6aw4YdZWw/WMeeYy0cONkpCr2Vfaf7uf3gFM9fXuXx08s8eXKVB9eOs3t9M7WFApPitBrK88hJT1UTu6tFDdaJmlSeJDTGh5Mp4FBVmiogYSAsyIV4gQp9hC9pCSEEB0w/BRgX7U+YrAf7OKDTeBMd7EmIvJ+k88XbxQJPJwmiTtJ47FcR7GaN1zoLrC3ms856Oa52q3B3sEQrAGOSBhejEWDyc0YfHUpiXDQJsRGECKhoIkTtaMIFnkT56HTqxM4xujii9QkY07JkWxQB/oGsW+fCgkWLmTlzLt/NmMvKleZq/SozM3NCgoPUXK1cgaekJFHV2TmUlheRbIwVQIojLy+LvKJ8yivKyC/MJjVZT2ZGkoBWBlERAkUWy+S3rCHIS+BOfmuE/GblacLM9ARycyR46MPl/DoJYjlk5eUSrY0kOSWRmrpqYhPjSUpNRSMQqE9IJTo2hXVuAqN6Jfk9hqDQCCytXfEP1aFNMKE35rDOMwzfUC3uARpS8ioFGrbQu2mnOLRjbNuxj1EJMn2jm+noGqKkqBxjcjqacD32Tl7MnmvOsiVmLJy/WJTXPL6dMZsZ383mb59/w/cz57ByuTmr1yhPrcl3LaiVhlxJcbmo/ZIGqmo7aekapaN7hNHRcSa37WKn2LGpQ1w8c4obF8/z+NZVXj26yfuXD/ivPz9w5+5NhsZGiBW4dAp2xMxFwMpj0T/AaiVOgWa4h60WqFiLT/QafLVrCdTZEBRjTaCsB8VYEmKwVIHpf8OVJt4KnVGZisZVtdgMJ9UMaQIOqXYqYCkwFha7hogkC0xFNgJYjhTXrqNj2EOcvjf7BLCOKj1YF6IEsPQcPx/DsTMxHDwZLX4kTIRWEI0D/tKm3YnNdSRKmZPP6EhkqhPRJvmsbGcSC1xJr/QWYRUoATxMTENRU5T4CAkUhcESiAIErnwJ1HvgG+WMR6gTjr42Apbmas+Vjetq7DzXYu8tcOVri1OAHevE3EPWyW8IJy5T6bH0Eme9jnCDB9HJcq8nBBEgcOQXvk6gSqAr3FnMlZAwd2mXIrQSwtHrvIiLCyA9I1rUcQmTh7aKCD3BoVOH6ehrl/stishIV5ISAigoTKC6rojy6hKMKXrSUmOob6ylu6+Xzs5aRke62LN/H2cuXuPKzXs8fvaaH3/6jTfvP3Dx6i1G1o/R09vCrl1Dcv32M3XymATYPeyUwL7n0CE2b91KTatShkREY18Tpc0FJOWFqbWzUnNCyC5OpLiqkCxpS6YcZeqUBLnPsimpLSC/IktAKpeq5hoKSjOJS4wgMjpMtShtOGk5JvlPiyltqBRrpKCqlg4RGTuOnqNj/bj40q2MbJ+iaWRC/LMIxMY+6vonRODuFX86Qkn7sAjYzew7c48zN19w/OpTDpx9xKFLzwWAnnPwwjO2Hr5DeeeEgMSg+NQBCpuHMRbXyfFj7JF9T91+w9HrLzkmdkiAbPzwLbYevc3Zu294+Obv3H/1d87ffyfne8GRay84KIA1JSCnwNWx6885eu0Z+wSWpq4+luUd2iZGBbJqWX9wFwcu3ha7y8FL9+SYB5y++4oTN19yWPbdKTC24+wdWX+mVotXhhsn5b2xQ6cY3LOT0QN7GT96hN7tIoy2tNM+Xi2xLJrmwQB6xiPZsE+ZmSSH0clkxnbnsmFvORt2Tb8e2ZYkAiOKxkEHylp/oKBuBqaCrwSwPidY96nA/icCWn+RWPOlxMVFNI/Ml1j2FUMTn7Nxx5cC2bPYum+JmDmbd1ozts2OsQl7Nu9wZtN2V0bV/C4/FbBaB0Op64iQ/ztC/u9IuSfC0Qr4h0f74i/twDtA/ELQanyCzaeHB0OUIcIV8t5yPHyX4OQyDxsBrDVrvsds5bfi275k0aLPVVNysZYs+5KFS6bhar7A09wFHzNn7kf88IPYHOXpwekhQgWwZsz8ixz3sQDWf2Jp9ZkKWM5KvS8vMe/vcXT/Fgc3ASw7JQH+Y1asVKq+/xuz5vwLC5f9O6vX/kV88xf4hv3/gKX0VqUXLSa7bBnZpUswFij5V/MxiWUULCZH3i+uMaeycQ11bWtp6rITMeRE94A7/aPeDG/0EV/uQUufPdUta2VfC2kzK0jLXSkwugx94gJ1Muj0/OUiONYyvNmGLbsd2DXlpAwRdvDymYDVk3ZZtvPqeacE+naBqwHuPOzl2h2ll6qJM9cbVKg6eLqEqTMKXFUIXFVy8Ewl+09VsvNYiQBWodwoeQJJWfRtzVDzm/q2TvdGtY4Vy7oA1mSjClajOzqF0DsY2NpC3+Yx2bdLAAAgAElEQVQmCU7yvsDW2M4m2S6QJVDWtr5ATXJXcrBqetIpaVGGBuPIKDeQVBRFolhyYQRJAjdJxZGYqqLIqtWS3aAXwDKogFXcGU+9QFKtAJZSl6Rx1CiNfboHq2V9uoBWKu1jKXQq+VnDyeIQUuSzkqjoTBTIShLASlH3bxxOpaorXt6PEweRrPZqFTcnyvfRk1oWKQ0+UqBPR2pFvCiseGkQYg1xlLXJOQWwlOHH7VON7DjSztS5Ma7d2svxC9sEVie5fuccP757wts397l1+bBahbu+KJnyAiMVBQJX+gjitSEUZCTSUC3OriSF3LQoEmL8MUT6qzlX0WHuavmF8EBXgSo/PN3s8fJwJDzIDZ0AiDEuCF2kF7GR3mhD1xEZ5CgwZUmA61r8JMi426/A096MEE9rbC3mYm8+l3WW8zFfPFMFLY0o8zBlCMRVAm+AJ6bUBNJT40V9ZxAZFUFGupEUAZYYnQFtjBajyURCQiImUzKOTvZqb9Wi+Uv44stv+fyLGcwUsFi8eKmoHvk8Ozs1sd1oyiSvoIDYWAGhHIGo1GR1PS9PYKusAFOaUYJRHmnpJvLy8wSYogQukyjMSyUmzEd+gyX6cG8xL8J8JUAGe5GfmUBqUowErXjSM01yfBbFJTlkZKWTmGykqLRcgCufjNxcAkPDWWlpg6PAlY+/Bk8BxYAQcTgZ2dg6eoqKCsDa0Y2Y+BTs13liYeWIX7BG1JKO6JQcjEX11HaPMrRxGzv2HxEnd5AN4xOMrd9EVVUdBn2igKRGFN1aZsxaKlA1j5mz5jN/4VJmz5rL118JaM2Yg9kqC2zt3fAPSyJSl0JsfBqZothz8qrk+zaK2hqksX2I9u4xtmyZZP+uXeyY3M+xg/u4ef4Ubx7f5cGNizy8cprnd67w4afX3Lx7C0NWovq0oIPfStaJs3QNscArQv5/rQ3+OjsCDfYExdoRHGdHiCzD9DaE6qzFUVkRLJAVpLMkWL+GUGXuv7i1xCTbC1A5oTMpPVcOaP/RexVttFPhSgUsgTJN4moJ6FbiyBwpqnGiud9NAogPkweDBAZCOHZWw9HTURw6GcX+Y5HsPBwl6j6CtrEQETZ+pFW5oc9ahyZFvlOSPZpkJ4EsAdC0dRiU3rNCT4xlftL+gzCWB4kvCCY+XyA/M5iIFH+CDKLEtd5qr5Sr3PcOvtZYu69mjYs5Nh5rsPOyUgHLyc8OZ38HnAPtBTidBMg80Ek7ixfIChW4Co+V9iNgZFDgKD6UMBEvIRECXxp3QsLdCRMBYkrSiDBKIDMrFmNSiIC9F4Y4d9JzQ8VxF7Bt3xYOHjvChi0bKSjKIF4CWVaunrqmYlq7mikvyxVBJX6rIIP2jnY2bRpmfHyI7ZPbOXbqPFdu3ObG7QcqZL19/ytv3n3gxt1HTEzuYvPmEfZMTXLi7GnOXjwjCvqw3Id72LX/EOMTW2kVCGvpExtoJKc8npScIAGqCIwZkeSXZVNeW05huYmcfB2lFWlUNJRTLeBUJ3DV2t1KSUUBKaY4omLC0UQqTxWLkAvzJy41lurmBmrbOsgsFn+/fkJixA22TZ1jdNdRerccpKxrDGNJjQjQevGlO8R2T/dkdW8S/zzJxOFrAjpPmbr0RAWs/ecfy+tXHLn6igPnn9Gx6SilAlRFzeup6NpKWbvydOFBgR8Fkt6oQHbokoDS2ccCV3fUOQgvP/6Z+wJY917/XV0/eeu1wNALAamnAkpvOX3nNafElEKkx24o0PVYtt0TsNpBz84hJk+dEQh7KlD2iJO3X3Dx8TsuP33PiVsKYD1Rgeziw/dcfCTnvv1aPX7ytIiZfcfp27WHsamjdO/YTO1ILT3bBmjb1CzfXURxbxh923IZ3VfBwI5sRvZUsn5vpdzzCayX+37jnmTG95okjjrTvWkWbYPfUdvxNcV1n5OQ9TH+Uf+Bd/hnRCYvJavKgapOAYOBWXSMfS7HfMbY5AxGJ+aILWRsu5nYGobGbegbs2dwozO9Y250r/ehaySQtoEwGro0VDZHUlITrc5hmV6gwWAMJVwnbUfEg3+IHQFh9gQr00RpLNUE98Dw1fKeBX4hShmSZQJCC1hrNYfVZt+zcpkyJ+EXaqX2pYu/UJPeFy7+z38A1l+Zt+g/+WH+p8wRwJoz+6N/ANbHqs387i8sXvYJqyw+w3zNf2Ln/DX2rt8KWM0QcPoOJ48ZKmBZ2X2uAtay5R8xd97/EH/6f7Jo2b9hYfmxbP8Mz6Bv1PpXUfGzScgQ+ClaRFa5XK+yJWQULyRN4ErJycoQ8MosWSpguYrianPK6y2pabKmocWB9i5XOnvd6Rv2pHvQTdqvo1ozq6R2NVlFK0T4LiMhbRHauPlEGn4gLmWBbDOXa2pL30Z7AVkBrN/ej/HhXR+/vO3lp9c9vH3VzfPn3Tx6Msz9x23SeOs5e62Jk5drBAyKBazKOXKummMXGzh6sV4tjLnvVAWTR0vYOqXUucqnZ0umwFUm7RtyBV6K6NhQKs6ylK6NSvFQpZeqTQWr/i3N6rJ3vIHezY2M7GyW4wW0dlQJ4RfK8cqTgzk0DuVQP5BJQXMcadXRxBeFoRcFps0KEQslNj+CuEJlbsBwtQhoRr1OBaycZj2F7XFU9SVNA5ZYvQBT/aBRQMskjdwo60k0DSs9VcnU9CpQlUh5hxzTPT2k2CYg1rkxTSDLJNunz6H0ajUOp8t6ujR4peJxjDpnl7FMYKtCAFDJC2uIl20Joi6M6lDj4GQpmw/Ws+VQPduPtHLi0mYePrnA7XtnuCNB8OXjqzy/e5rb5/azebCeupJkspVhQF04ibFRan5OokFDdGSAAIOWorwkDFH+BHs7kyyAlagPVHuYfF1tBbQ8CQlww0+26SL98HazxtfDFq3GA0OEO2lx/oQH2OLpaEaEnzK0Zk2guw2BbmtxsV6K/eolWJstZs3KuVhbLMR93Rr1KT1NmB/R4lTjY6NJMyVg0EURoVFKJ+hVkEpMildrXAUGB+G0zh4Ls+VYrFjGvHnzmDNnLj8IRPzwwzx5vQB7ezs1Qd7Tww1fXw88ZJmSmkZlXT3GtHRSBaZ0OoFWOW9NdSlNzbWUV5aI888V2CqitkEUdVEOhUWZNDaUkJuhJyXKB12IB5pAT1Liw9Xeuxj5/fGxotbjQuXa+VOQm0K8QXlCMpK4OB0JifESHMNJSErC1dUDKxt71qx1wMnJHQdnbzx9gzAkmqQRJallJSK0scSnmAjWRLHOzVPeC8TOxQd79wBcfMPQGFIkWNXRMbhJlONBduw5wLbtO+ns7CIrM5eE2ETMzO2Yt3A1389aJIptvlpUdeaseXwzYy4LF65greVa7BxcxXkZBPqU4qjxYgJb+jRyCuvFEfZR3zYiTmCQjWNb2Dg8xr7dezm4c5JDO8a5c/kUL+9d4f7lk7y4dY7f3jzi0JGDZJSaBA781IRtfwWc4u0IT3Ik2uSKNk3gPNmRsETF7AlXLNZWTCBLb0VglOW0RQuUR5ur+ViRSTZoBXq0RgErowBWijI0aEtE0nTvlZKjFRS7mtA4S+KzbeTzHcivXkdtlzisjQGM7w4RoApj6pSGfcfCBazCmTykYdOecGn/YTSOhEob8iOlzF0gyhVDrjOG7HXyXeW+NolwSFfmxlOqjnuiz/FGV+CPXiw62w9NmphRfmuiN4E6pUimJ26ixl0CnHGUe97O2w4rERdWrgJYnlZqr5YCWC4B6wTC1qn7eoa7SjDzJD5LT2KegZA4OacIFb1AlC4+QsREBFFaua/0ypBZAJooX2KUp3yTwyksTqWiPJX0tDCSEv1FLAgAmrwEpjS0dFQxvnUTEzsmaemqF2g20dxWzqjAVE9fB9XluZTkGWmoq2B4ZIANY0Ns3TLOiRNnuPfgEfceP+Puo6c8fv6Gt+9+4ecPf/D89XuOnTzH+GY57/ZxTp05ycWLFzh+6iR7Dx1h94EjbN62jZENwwyM9VHTVkJqrgTT7GhMApBp2QlU1JVTVaMMSyaSV5hMZUM1bd1douZbaettpVIALCMrTYBR7snoSHR6rQpZWl0YRZVlAlldouwraOzbyJGL9zh07g5j+86oQ4BFrUOklzcQm1UkfnQL7ZsOiI8dp1JAqW39fiaP3xKYesZegauDF56y/9wTAaYXnLr9VuDnpZzniojaHZS0bhChu43q7p0M7b6kAtjhS6+YuizgJPtvP3afbcfvqjlXV578osLV3dd/cP3ZbwJDP3H85itO33vLxSc/q0VIlRpZV57+ok6pc/T6E4Gpe0wcP8zoge3sv3xV9vlRAEoBq3dcf/Ez18QuPn7PJbEbL36Vc/8p23/i5J1Xaj7X/gv3GT10mv69h+nfs5uSnhKaN7UztHdCBH6OiHI/OjYrT7V3MrxXbE+LQFYBg9ti2LDTny0HkjhwupLdhzVM7Jkr9hVj2/5GU6+Sb/WxCPnP5b6XoJ4mbc3oLNdzNXmN31Ld/4nA2EcMb/+cke3fsX5yrgDWYgY2WjKwyZaeMUc6hlzEL3nQ3Ocj5wsS2A6nuUdLXbsybY6e0lodBeUxAh1aYk3iy2KDCI12JzTShfBoVxEUjmpZkbBIsShljk6JG2GrRWQKZHmtws5+kQhmEYgrZ7BcIGvZ0m+m5yZc9iVLV37FcrNvZPk1S1Z8JTD0hToX4ew5n07nYKlT5XzMrO8/VvO0Vqz+jFVrPsfG6Wvxr99i7/at2nulmL3bl6yx/4wV5p+o9bBmz/nvfPO9UgPr37FY/Sn2Tp/h4f81gRECWHFziM/4gbTixQJYy6cBq2g+pjyBrrz5ZApgZZUuE8BaSWGVGUVVlgJaVlTW29Lcvo7mLme5953oGlxHS48LdR2OlDcoSe6rSM1eRpxxARG6HwjXzibKME8Ey3KBMGuBYjv6NzjwT7//vIU/fhnl959G+fB+lJ/eDfPjj+t5+XpIGnATt+83cP56Iycu13L8Uo2AgZKHVcvJqwJdV5o5fLZKAKtcAKuYTftyBCSy6RzPVMskNA9niynV0YtoHSkWwq6hT6BK7bEab5RlIwMTTQJetQxOKD1bDQwpcLVZqdauFP+UYzZm07I+S1RAGsVdsaRWa9DmBRCVLQoqPUg1Xa4EzHwJkspQXYVGzcHKrNOR2TCd6F4pgKXkYFV2TwNUdW8SNerrOFkmUDck673xlHUaBK5k/844gacEmkeM9G7KZnBrtoCiiZaRdBoH06jrT50udDqSJ+dKJ6vBQGKpluTSacBKrYglpy5OGlOCOAMBObkWPco8insq2Hygjj3Hu6URDXP60g5u3DjN1csneHL7PM9vTHHt6Cid1RnUiJNLNQQSHx2gKuJIgRtddCgJAgdB/i4CU/6kJ0aSmRIp7wWp9a18PRzU/KNwP2d1uDBWF0yKIZhYcfwRsj0qeB2aADt0YS7EKrAlqjsp2otQP1t8nS2I9LMnyH0tq5fNwXLFAsyXz2Ot+SKcrJfj6WyDj5czDrYWuDqsUQuW+rg74WS3FjdXR3x9PFUgCgkNws7ODlsba2lgy/huxhwWLFjImjWWLF20GPNVK1i2eAmWFpZqcVIfD2c8nB0l+KRQVFZCWVUlzR2dlFaWUllVQnZmipqwrkz5U5SfSnV1CZWVxeoUOAX5GZRX5JGeqqOmJpfsNJ36FGSgp50KmelJ0ZQWpWE0xpJhiiUrLZZYfZgEvXhiDRGkZ6SQZEyU7xxMYmICAQE+uCrTATk6qiUl1lo74Oou39HHD7/AEGLikonSxWFh7YS1gzuJqRkCWL7SmAPxCgrH0sZF1JwoPwEibWIaNY2dar5Ue88wbR291Dd2kGLKE2cUxorl1nJdVvD1t3NZvsqGJUtXq7A1a5Zcq9VrsbFxwN03SpSYHo02mYjIOEKjkojWpZKUWirXqoXSqk5GhjZwZO9uDu/Yxf6JrVwWkLpy4iCPb17i8e2rAllneCH31ruXjzh8dDfVbdkkKjCS7oo+y434PA+Si71IKfYRiPAUx+2iDsNpBJYiEu3QxE8DVlC0MvGxhQCWhTpcqOZgCVwpE9HGp68TxetITJIdkYnWKlhplKVYQKwFwQJYujQrCQ4CWDVu1HV60zkaxMi2MLbui2THlJZtByOZ2K9hy14No5PhAmAR1IrSL24NJKvOm6wab0yVbhjLXUkt8iAp1xt9hocAlhf6bO9py/FFl+1DdIY3YUZfAUgvArSu+ES44qlxxT3UBbdgD5xFfDj5ueLg7YSthx12Xna4CVR5BMv/F+yOV5g33uFe+EV44hOu1IjyJa0khcTcOIL1IjJig4mJDRWoUobJwohP0BKvAlcQxlQtWRmxcm8m0lBfSH19LoUFermPg8nM8CUrK4CCgigamgsYHutnctdu1q8fpnegkx37d7Fp6xaaasuoLDRRK/d2b287o6N9jAhobZ+Y5JIE/UfPX4u94tHTVzx/+SPv3//KL7/+yYs3v3Dx8m127d7Fnj27OHP2PBcuXeH0uUtMHT+tVvfftnMH49u30jkkMFRmwpQeQ3qmUldOvnNJLtUNVdL2cikqTqO8qpT2vl56h/to722jSXm6saSM+KRkDIZ4kpKMxMbFqukLGZmZ1Db1CGT10NA7zs7j1wWw7jIweZJCZWivtouc+i4ScsvkdY/EiEMirk9Q1TFB8+h+th5Ryioo+VfTPVf7zj1lUmDp1K036hOCO048lFhwnMKGEYob1wuk7WTr4bsCYS/ZKzCmHHP67o/sOP1ATZA/K+tXn3zg/qs/efT279yT5Y1nv3Lm7hvOP/xRgOkXrj37wA3Z58bTD5x/oPRiiRCR67fvwmV2ybU7c+8Ft179wdWn77kpYHXn9W/cf/M79wXYlOWDt39y7fmvaqX4q2Kn775m15lbjBw8wcC+KZo3DNE41sL6g3vp3tZJRVeIgGU+W49vYcvRTWyaGhPAqlGHAicOxrHreAknrnVw/HIKR06t5vCJeQJas5nYPY++Dd9T3mpOUaM/mdXi23MdRMjMlXb4n6RV/EWux0f0bv6IoYmvBLBmMbx1LsNbltM/biOAtY7+je50DXvR2udNY1cg9Z3BNPZoaOgSwOrQU9UigFWnJ79ST1pBDLGp4aqYCIvxQRPjTpTeg8gYN7UGXJTOnkitvfglWxWylLpYvv6WODsvx9pqHuZmM1mxYoYKWCsFtsxWz8J8zSzMLL8XKJqh2nKzb1m24hsWLPya72f+dXp4UGz27E8EsP7Kcov/ZOWav7HG7ktsBbAcPWaovVeO7t/I689ZbfdXlpkJjC3+n3z//X9nxnf/zNyF/6pC11r7T3Hz+RuBmhlExc8jMWsRmWXLyBOAyqlcTnblUhF7C0kvmCewtUgFrBwFsspXUlCxWkBrLSW1VlQ12lLb5kBTjxPtAliNSg9Wsx0VtWvJKTFTe7AUwIrU/yAQOofwqHnEJi+msMKChnY7mnttBbB+2cKfamX2bfz2yyS/ftjNh5828e7dIM9e9PDocTfX7jRz9loDF292cO56C6evNXL2Rjtnr7cLdNVx6GyN3BylbN6XS/92AauxFAGPVIGXdGr6s2Q9U26AbJqGigVUqoW0G+jZ1Cg3RIPAVQ2tw5UCVZUMbKuib6KMbiF8pbJ674QCWdPT4tSMpIoaiCOtVkNscQiReQJXyhBAWgAxAluxBaEklWkwVUeSXhstcKUjq1FHXmsMFd3xVHaJdSpDfMr6dC9VeUcsVb0J1AzI6y4Dxe1KfpWWmm4DTYOxdG5MVhP1Ryfz6Vd65TZkCDCmq4BV22tS88OUIqQ5rQny2VoSS7TTPVg1yWTVJktwUIYmM+Q356m/ZXiXUvS0gZ0nejl4ehM3b57i3s1z3L1ykkfXTnHtyAbGOwRIxZm3l6fRWmkkIzFEhaQUga0ErS+VRaloIwNxXWczPdVNhJfAlaNagDRYAka4nxtZ4uSjwzzwdVd6s5zVCu9GCQqxEW4Eea4VCPEkWR9EdqwPxanBaIMdcLJZLBBlgZ/zanWYMNDVClfblbhaL8NZtjnbLsHBcjE+zpZE+DvhbmeG1cqFLJv3HcsWzWbpkvksWjRfGsx85s6eyRJZX21uxuJFC/hhzg/SAGbi6miFo+0arCwt8XRzJSREqdmlQxMWpFZdL1fByUheXho5Yg2NtbS0N6mlGYyJMWpZhoS4SFpa6unp7aBClL4pNZZ4gabk2HAqyrLITjcISIojCHAlSQBTyVUzJUeRaAgTAItXE97TUnQkxUcRExlMlgBcVXUp6ekmtDHRRMdE4eQk1ywwDEcXF6xslQmkVwts2YoycsPF0xfv4EhsHV0JDosUx5OAu4+vqLoobJ08CQiNYo3tOly8QwjXpwiAFEkQTiE9u5yCqg7Sc6tEBcZjZ+OBvZ0zi5eaq/MvLl1hxey5K0SNLWXlitVqfa7wyAR8A7VY2bliY+eOm3sIQSGx6BIkAOaVUV5UTU5OJbXVrYwPDLJpcJC9mzdy6fghnjy4yb0rZ7l97jh3Lx7l6c0LvH/5kMPi1BNyvUgvE3ApDyKvJpTcOrk24rTTy3xIKHDDkO06ne8kAKURyAoz2BEco+RirVZ7ppSeq+gUGzXfKinLmeQcZ+IynNT3/3fphohkW0ITrKdhLE7uuTRbjIXO5FV7UdPhS0u/KPmRIAkAkQxt1UpQ0LJxMkagK1L8QqQIsmiquyMkKIVK2wyhpDmQ7CpvUks9MJUqS18SC3yJFajSZ/mophTPjDZ5EZXqjSZJmQrGC3+tAJPAldIb5Sltwj3UE5dABbJccQlywVmEh4e0o+BIPzTRwWKhArIhotxD0eo1ElQC1FwUfbLyhFUOKTkJGBJCMcSFy/YIERURcg9HkxivCJ0ICnNTqK3Mo6OtQh3a2y/QtH1yA22thWRniPhLDyMvR0NlRQr9A02yfS8nT5xm7949nL5wiUPHTlNVUUh5fgrFeUZqqsvp6++jt6+HrvZmOed6zl28wsMnL3n0TEBLlo+fvubF65/VIcNnb37m+p2HHDl+imNHT3Hu7EUunL/C2bOXOHb8DHv3H2L3vv1smthGXXsdmTnJ5OSayM5NI78wi/qmeuqaaiiT31pWXkh3fw/rxzYwOCrCr7eXxpYuCosqMBkzMaakC1CmkWpKJzk5iaLSCjqGtopwPsiW/efZdewK/RMnBIqGSS9torRtlNwqAbvKNgGrjYzvvSgidr/40F0SN86y+/Rj9p19ovZKKctN+69z9OoLbgoYKblYG/ZfE8E6SV7dMB3jx9l58qG8/4Jdpx6pyfBKT9J0ovsTLj5QoOg3Hr75g2fv/uTpj39wS15fePhe7B1Xnv7MXYGkW89/57pA1pVHP3P85lOOXH/IydtPOPvgJfde/8rtVx+4/PhH7r76lacCVM/e/sETAaynct4HslQ+496r37ny5CcOXHrItpNXGT5wnJ6de+mamGDkwF7WH5ikdWMBnVvKmDy9m+0nxtl8eISJ46OMqU8QxnHgQjvn7k5w6XYDZ6/4ceGKLeeuenDqkj9HTruz/VCQiI5YylqCSCszF2HxV2LSPkJr+oz0is8pa/2K5r6ZdA7Pom+jAmSLZLmannF7ibfOdI1509ofIBYkYBVCfVeYCJ0IuQdEnLYaqGzSUVRnILfCQEq2Fn2KBm1cMJE6fxEUviIuvUVUeBET7ybvO6E1rBNB4YhWLCLSjsCANbi6rhRxLQLRcg6rVghMLf+G1bK+1mYBq63mTEOWxXesMv+OFRYCWmYCYStmMmfO30Rofsw3yhDh7I9YuPxjlpoJZK3+DHPrz7Fy+hIHFa6+xd71K2ycP8fC5lOWrPwL8xf+OzO+/298893/xffz/m8Wr/wPLO0/wcXnSwIjvyM6ab4A1mKyS5apPVT5YrmVyqTMy8ksXUxasYBW8WI1RyujYImaW5VTJvuUm1NSYylAZUtjpwPNPfbUtltTUb+WonIzMvOVJwgXii+ep/ZchWjmEhQ6D138EjLyV1JUuUauqTX/9PefN/DHz4MCWOP89usufv/1oFql/cP7jbx8PcqTp4PSgIe5db+fG2JX7vZw/mYXF272qstT15TpXlo4eKaWySOlDE3m0DCSRFVPMiWdKeoUM/ktCeQ2JFDUkkplT66AVglNwyW0jCqFRPNp6J+uc6XUvhqarGBwolitwt69JZuuzdmiBDKoHU6luFuHSQAroUJDTGEQ4ZmBhGcEEp0dKoAVNt171RAlYBVNXsv08GC5wFVVd4KaO1UmQFXSGk9hcxxFzQb1tfJ+abtB3osWi5LvGCWAFUPbaII4eqPAVTZjO5W8skx6lQR4ddqedOoHpuGpoiedHPl98UURxCpTRZQayKhNIbvBRH5rJnWD8lu21DO8o4mxPS1sOtDGbmlYe45uFIV5gEe3LvDizlkuHt7Evo1N1OQbSNMHk2eMFCcbpw7nRQlAGTSeJGm9MeoD1ER2JecoOsRTrWul5Ef5e9jgameOp5NSRsGJCNmmk/3iRYGEBTgS5C3Q5GlDsJc1OlHrOWlRZMSHkBjpRUKEuxxnjr8oeXdbM9ztV+FitQRXm5X4OMi6zRL0ov6j/GzxtF+Ow5oF2JgvxHzxbCyW/sCKpQtZOH8us76fyazZs1m2eJG8nsOC+T+o8xu6uzqIqlmBk50l3m72srRSe75Cg3wwJhuI0YaQaYpXwSdBIMpk1JGYFENpeRl5+ZkUFmbQ1FJLc3Md7a311NaWU1tfSUGBgLusK8nuqYnRAh1GqsoyyU4R8Alch5PtKtaaLyUi2B2jUssrRoAiK4FiCSQ11UUkxmnUoc90+WylXlZkpBatNk6AKJbouBQi4014B4SJUjOIevJlta0TfmERLF25VhSYMtG0k1oJ3tXDB5+gUJx9wsUJBBAYHom1QJaXXyS+IQb8QmKISczDkFIgyrCY6PgsnN2C1HkYl6ywZM6i1cxeYCkOwpLv5iwXx2ROUKAoyKOqPmgAACAASURBVKhEAawI5iww54vvl2EtkOXu7iv/kyf+PgLGMSZSU4vIyiihqqSGnuYmepsb2TW+hcd3rvDu6S1e3LvCrQvHuXR4Lw8F5N88vMjo+nLyq8MoaYoSi6RYrLBBI8rYn5QSd+Jy3YjJUHqyHASw7AnR2xKgs1SH/qKNtmiNdsSY7NALYMVmOhKf40RcthNRKbbTcJVopfZehcZZExZnI+ewRZ/uRHKeOzlVvpQ2+anFQZv6giUgR9MzZhCFbaBrvZb2US0tw1oaB6NoHtRR3xtNTU80lR2RFNQLFFb6YhIQTC72IanQl7gcfwyZAegyfNXimdFGAaVEX8ITpgHLT+um9l55hLngpQCWtAuXAHcVsFyDXfGP9CVCGySgpCEuPgZ9nFagSiNQFabmGkXrQuS9MAyJ4lfyRejV11BSmo8pLQ6TKZGMDBNpaUZiDZEkybH5WYmUlWTQ0lrGnj2buXThHHfu3uHBw7scP36U8c0jAkn9bBY7OLWDc7L9+vVbXBO7c/8JV2/ep6enm9qyXKqL0qkWcdHR1s7w8Hr6e3rolDawcf0I589f5f6T1zx89ooHAln3H73kyYv3vPzxA68Esh49fsmlSzc4dfI8JwSszp+7LLB1idOnzjN16Aj7Dx5heMNGiksLBJhy5TcVUFFZoj613NLSRHlZvpqr2NvXzfbtO9i0eTvdA2O0tffTUNdMhgBWvEHanTGd9LRsgaxUCsvK1emdJg9eYtuB84xuPyFQcETurxFyylup6dxEWdOQQFYHORXtjO48LcL6hPy/O8TXn2SHANPhy6+YuvSKQxdfMn7gBrtPPeD28984f+8nAanHDOy4IH57m8DKSfadeyb7vxYYe6r2fp1/8I7j119x8NIzgSJlePBPHr+dBizF7rychqmrT37h9otfeSLQpexz/ZkCWO85f1+pp/VWHRK8+uwnHr//g9uvf+Hmy1949PZ3noi9+OnvvHj/p6z/wX3l/HKOB/L+eYG2I9efsuf8Lfp3HmB03yH5PZfYMHWQgd2DDO3pY/upKXaf2c+GvW1MHBlm56kRdpyo5rBSA/HRES4/3MTle/lcu6vl+l0d1++ncPWukct38jl5JZ0tu31p6LGhtMWS/PpVAlorRWisFoG0moqOVdKeVtA5uoTejYvp2bBSBIw5Hett6BhzpXO9L50jYWrOVX13qEBWJPWd0QINOoEIHaX1OgEPvTq1UWKGtIOUCAGpIGkb0q4EsAwJfupUTYYEAa04F4EtN/Q6F2k3zuIznQgOshZRKIDlsBgrqwWYrZzNqlUzxQ/KaxHnq9fOxXytvGcxk5UCWYqtMPuO5au+Y+6CL/lmxid8PeMjvpv1MfOXfswSs09Zav5XVlj+VYDpc6ydv8RmncDVui+wclR6t/5D9vs35sz/V76dLYA181+YMftfWLD831gr2938ZxCsDNslzCcufSEZhYvJKV1KVslS0kuWiAlUlSxSE96TcxeSkLWQ+PQFJGUuJjl7pUDmKrKKV8l1sVIrvVcJLCn5WSXVFgJiS0lOXyQ+YYHA1VwiYuaK2BYLnifXZTGpWWbklQqIVSmA9fte/uvDEH982CiAtZPfPwhgfdjDz+828PbHUZ6/GOHZs83SeCe5+3g91+8NcvFWP5dvD3Pp1iBnrnVw7GI7h8+3sfNYpQBStgBW6jRgtSeR12ggu14vFi+QJSqnNU2gR0zgq6w9mfIOUWkCKm2jSq9ViYBVkcCMAlj50ujSadtkpHG9kbpRI6Xd0aTWaEgs16ArEGWZ4U+YClhhJBZrSKuJJK8tRhRvgvr5tf2p1A+a1JwpJXdKmUqnUMAqp05PrnJDNYhDFMutE3UqAaa4NUq+Uwz1fQba1ytPcaSzcUcem3cVqJA1siNXvpPy5GGOOh1P7UA6xZ1ppNfGE5UbhjZPFG2uWEEkpppkcQSFos5KxYk0MDDRwvpdfeyc2sXUicOcOyd25iB3rp7k1vkptq1vpbUun5LseAEeHxKjAyjNTSQzWUOKIYjQQHcMorCrC9MoFJDQRgRhjI8mJzUGg+yfbAgh3M+JSFHjSl2syHBvwgS+lOruaaK+9RovfN1s1GlwdGKGMFdS5bwpAnP6CC88HS2wWj5HBSw3q2V4263AUSDK12k1kX52slyJVpYaH3vWWS/FSyAs1GMNDhbzWTBnBmtWyb7r1mCxYhHmK6RBmS3FbNUSrC2W4+pgiauTFcE+AoLyHfzcbbFavYwALydio4LQSzCrEufe0dkigSuJSE0wJcX5akmGvNxUMkwGEhMiidWHki/XpKo8XbYbJQhk0tRUQmVVsQS6FLEkCvJSKMlLJikmkABPe2ws5XssXYCdjRkagdLwIE8MunBKKopJy0gl2agk0htIz8ojISlV1hMxZecTrInGV6DJxd1bHE0CXv5B0pDnM2/hCqzW2rB8hZk4E4E4ZzcBphSikzPw9I8kKNJAgMaAV1A04TGJuPprpKEnERgRL7AVR0pOLcb8OgEyPW6+GtZaO2Nm6SjOwkqcgz0z563ERik+KmAXqtFhbe/OqrUeLDNzwdLSBjcXZ6xXr8HJfh0hIdFEhMcSHyvXKE2uV1ouFQWFDHf3M7VrBzdOH+X5/es8uX2Zq0f2ce/SSd7ev8hbAfqewWxKRVCUi4MtaouWez9a2kQoqQIvyrChLtNZAMtOzdMKjLEiUL+G8GRrASt7dGJaAS1dmqOAkwJZDsRlybq8Vnqx1DwsNSHdTo6xJyLVUT1fcoG3AFYA5S2hNHRF0NIfTedQDL3r4yQgxEkgMIiAMdA2Eiv+IJb2kThZjxMxE0dVb6z4ChFBDcFkVQdMD2nm+wlg+aHPCBC4CiA6VcRIij+RyQJNiT4qZAXpvPDSuAlMOeIW7IKbtAlXaUvr/FzUoULvEG/8Q3xEgco5BKy0AlXhmjDCNOFiIUREhaGLjSQlPZn0nFwK5b5sa2+lvq6GgpwsCvMLqKlpJC9bICPBIEIhTtbFr5WYaKrPpqOlmK2bhrl48SKPnzznxYvnAj+PuH3nFleuX+DshbOcPHmcs+fO8vDxc56/esehIyfp7+6luaKE7upSOhpqGB4cZePYOF1tLbQJ5E1OTHLtxn0RwG95+vKdgNY77j1+I+vveffjL7z/6VeePnvD1esPBeKuqb1YFwXKLgt0nT1zgaNHT7FbIKC1rVUEjAJXVQKFrXR399DV1UNVRRllxbmy3srkjp1s3jpJV+8w7R0DNDa0kpqcpgKW0otlSs0kzZQlSn+QHQJW2/adZ3zPaYHmQxLAt5BX0UVmUTM1XZsFDkbJrekR4Gqnd8sxRnddEn+7l46NR9mw/7oKTceuvuXUzfdqD9XEkTsCHgI5Alknbr4VQHkkfn2v+N/Dsu9zpgSw9p9TAOs5Z++9m87ZEsi68vSDANB/qb1OzxXAEih68OYPbimQ9ew3Hrz6nec//qlC1q2XAliP36sFSW+/+pWLj3+SfQRSf/xNoOwDDwWgFJB6/v7vvPnw//Ly57/LuX5XAUs57y055oIco/SM7Tx1naHdU0xducexm4/ZJMJm4vh+pq5dFfC7wJbDm9m8v5P9Z3bJd97N8Wv7uPTgtPy+A9x+0sydJzliJu4/K+HB8zbuPuvi9qNGrt5J4eh5A1sPZEo8UaaE86G4xYHsSgtyqpdQ0jyfpn4LujdY0rfZnJ6NawSwrOhe7yDrXnRtCJA2FqFO8Nw5pKetP46Gjnhq2hIorYsnp0wEQ16MAEYEscYotPFh4r/8CBUBHhnjSWyCP7GJIu7jfQSw3InRu6FV4ErnRIyAVmi4Ix6e5tg7LsZ67ULx/XOxMJ8rr1cKYC3D0mq+2BzxdbMEsmb9A7CU4cKZLFj0jQpY36iA9QlzF3/MohUfs3jVpyyz+BRzm7+yxvFvrHH4HEu7v4rQ/au8/z+Zv+RfmT3vf/DtrH/hqxn/LID1z3KcAlif4ur3tYin2YTqf0BnXEhSjsBU4UIBKlnPm0dCzlwSsxcQn7kAvWk++lSBpcS5Ygtl/2XoUpeRkLGC7BILuT4CS9UCtaWW5BSaYRQIMyTP/8fQ4GyJFT8QFDKPkNCFcl2WkJS+ipyi1RSWC2D91x+n+a/fp/jzN2US510CWQf55Zc9vHu/kR8Fsl69XM/T5+M8eikK+MU2btwTsLo5NA1YYqevdXPkYj+Hzvew7XA5A9uz1SfuahTAak0gXwBLKZuQXhNDZq2enIZYgZlYCpuUHq1EKrpM6lOCLSN5tG/MpXM8j56tedO9V1vSaBsXwBpLoXYkSQUsZYjQWCE3QWEgUZl+RGYHEZMXjFGgq1A+q1otKJr8j6cGU9QnCFtGlbkMM1XQKmrRq+UcsmsFrBqVPC0tWbXh8j0jKGmLku8j6nkols4NyXKjprFhMofxXYVs2VvE2O58eidy5fsVCmTlUTOYTn5LMvFFUQJ6wWiyQojODSe2KFp+cwqDm1vlt5VI0CgXYGxhYv8mDhw+yK0bN3hw6zIvH17hzsVD7N7Sy2hvPa01hbRUZ1GQFo1JVHNRtp6WmgzKCk2kJMj1M2pprRUAHexQi21mpCVQkp+CNswLnQBUgIedLH3F8cfh7+NAiKh0P0+BomBvDAJcyvQ4aQnyW1OjKMkUCJTgU2AKIVHrRUSgAz7OFrgIXPk6mAtQCRTZrMDNdrlAlQ0pUV4Yo72JixQFE+ZObJgbCRK4lF6tAPc1BApshXmtJVwATHlqUasRMInyFeBzI0zATxm+DBFT5jqMDPYkMsidDIGmDKOOHFMiuRLAiguyaFaKFxZmk5udSV5eNuUCQpXV5eTkZ6lDiOnpiWp5iAKBqKw0PU0NRdTUFZOXn05MTBBxhjC1OGqGgKk2RAG61bjZrcTJdiVuzlasEeBzd5OgH+5PZla6KLJYfHx8xFHo1QmoQ8PCpLEE4+HtQ0BwCM5u7tjaO6iv3T2UHC1P/AMD1MR4F3cfXOQ9v8BQAgLDMVttg42zL6ts3HEJ0ODmF8paJx9xDEpOTyzBukxpyIV4BmjxjzAKiKUKkCWLKvPHfI07y8wdWbR0tdpLpYlOJNGYhZ9fCNY2LmrBUjtrcWLOrjjb2uFoZYWXuyshgQIVQcoTopGkS5BLNQqUZhUw0D3CialD3Dx/glcPrvPy9kVunZ3ilkD9O4GsBzemRMkmiqAQ9SqiQhkaz28MJ63Cj4R8TxWINEblyUIb/AWwQhNsiE63VWEqNtOe+Gw7EnMdSMhVSjU4igp0k6WL+jShYjql6Gia8rSfg7qMzXYTePOnqCGKBvnctsEUukZTGdhkYkja2cCWDGlv6fRJm+8eT6ZnXLZvTKJtLJHm0SQahpJpHIhXc0ZKlF7qyhBxmAHyHfyJyxDIMvkL9AUIXPkRkeSjLmOMgaLEpV3qAvDXeOAd6oZPqACXQJVbgPxH/q64y9LDzx0ff0/CRbQYDNFqAndU1PRDEMlJSk+V+KyCbPKLS0lJFYgvEvHX0UFbbT2FuQVUl9fR0STQVVUmcJ9BcXYqpXki7ioz6WgWX9FcQWNdlUDSCFNHjnL81GnOnpX/4/ZdgaTbnD5zigklif3YaV69+Ymb956zZ+8J2htaaC6voKGoSPxAPRvWb2FkeD1NNZX0t3dw8MBRbt9+zONnP4oA/knA7a1qLxTIev9BhawXr9/z8MlrAbpH3Lh+l7t3HnLz5l0VuE6eOMf4pi001jfI9xMRODDExo1bGBrZRGNjC1VlRXR2NLJ1+3ax3XT3jAiQ9dDa2iWiJ5vYmHjSjZnk5hRSUFxDz4hAw/GbKmApcNXZt5Oi8m7ScutJTisXoF8vfn6fQHYX+ZUd8v9OsWn/NfonztC2/gjDAlvbjgmYXHvDhXu/cPTKa3affsKJG2/U4b1rTz6otbF6tpyS+HBK7fE6dOmV2uulQJbSe3VOIOvig58FjH5Tc6UeKoAlEKT0PCnDhApk3XzxOw/fKL1R0/Cl9HLdffUb92TbjecfBJZ+5O6b39TjlGMeK4Al9uqX/8XrD/+PQNXf5dy/q3Cm7HNLjlGA7sy9N+w5e4cj1x5z+cmPHLh8g/GpAxy+cpUj12+y7+xxth/fJr/hAKfE/194eEfA7jY3nhzi3otuHjwt4dGLMh6+bOfxm+3yOft4+m6zrPdw73krF+80s/9kLMMT9jQPzKeo9Suya74kr34mtT1LpT3ZSsxxYnibM0NbPKVd+TI0HkD/eBj9m2MYGE+U/yWV3rF0ETUC/8q8vm3plNamkFuWSHJWDPrkMKJjRaxr/UV0eBIY6kpYhMCUXvy5QeJMnBfRBlei9C5ECVwpFhG9jqBQezy8LFjntEzE7DLWrF4ogvAHHNaZYWO/krU2iwSw5mKuDB9azBa4mqX2Xq0wE8BarADWx3wtNmPWx8xa8DHzFn/K/GUfsdT8E1au/QQzm0/VYUEL648xs/pI4OvfVcCas+Bf5Zj/xlff/h98p5RqWP7vWNh+jJPXF9LeZxEUM4foxEXEpi0iIXORANVCWZ8nfnge2pR5RItFJgtYKflssXPFR88hPE7eT14ikLWC5JyVZJVakFFqjqlgFYmZywSuFqtPDQZpZoo4myPxYC6+Yj4B8wiLWoBB4EyZSidPgOyf/tefZ/nzzxP8/Y/j/PnrPn7/7bAA1l5+/HEjb9+O8fLFeh4+3ShEvUdugAmu3Bnk4o1RAaz1XLozxMnL3UxdGODguQ627FN6nnLEGRqp7k4SVaxAVLwKWMaqSFIro0irlKBaES0qNEYUs0Gce4o6t6BShkEp7tm5OU8gS+BqPFOdK7B1o5FacbDVgwkUtmsxVUcIYIWjVwFLnGpOEImlYWTXa0XhJqqFQRVTqrYrw3gKXHVsyKZdTBnaK2k1SBCJlP11FLTEkdGgwFA4Bc0KYEVS1hEh398gajpJ1EAyw1uNbNqdx+Y9Ali78tSetb4JJfk+h5o+kwqM+nwNoemBAnvhaHMjSCyOIaMmib4NtYxub5LfVM/QdgHRk8rkzWd58/QuP7+8y/O7ZzgvimZjfwOt9YV0NRXSWGmiJCuWlJgADAIzeZk6clNFuacbqCxOpau1hJLiDOL1GlJjw0hLjqKsIIlkXSAaUeVhPs5Eh3qqTxUalYlVRYW42Juhj3RHF+ZKZkIopZnRFKRKoJJz56eGkmbwFTCyUwHNw24FzpYLsF+1CAfLJSqkBAtAhXnaYhBYMoS7kZ0ULMd4Evb/EfWW0XFkyaL1vPfWxZk71DDdfaenaZrNzCDJlkmSxcyMJSixVGKVoMTMzGDJMoPMzCBbZma7Dc09c9d+kel+3/cjVmZlZWUlnYgdceLEsTYmJsCOSH8bYsKciPC2QOO5mhClAOPa+diZLcBPGmigCn+rsDBdhKtAlo+LtRwjgPy0GDKUwqn5GVRVGEjVxZKnT6GoMFsdORir1ZCekUF1fb0o6jyyxaMvLcsnMV6DtaWpwIU1YUEe6JI1FIgx0yWGExTgjp0yYtLLmpS4ILV0hYcAoof9MlYsnsWCWVOYO3sy8+dMZe6MCRgtnc/qVctYbmrM3LmzmTFjBmZmK3F1sxePzJw58+YIVFkI6NgSExdDUEiIeHTB6uhCk2WmAmAWokBWY2vvwqIlRqI8jNWJrc1sXDC395AGrSc+pxJnf614RunSqNPwDUuRRpyKq0+MQFYktq4hmKx2YcFSC2zt3PDxDUIbn05EbDr+AeG4uXjj4x2Im5tybdasWb4cM5Ol2FsoZTPkXlubY6uco5yTh6fSJamUd8ikrLKH3nVbOX1oPyd3beTY1gFO793GrbFDvLhxmuOHBylu1IhTESxtNUDNxdJm26o5WP4Ja/D6FbBcQkzVpPew1FXyvRmxuWtINpiRKpKcby7Xt1Y8w7VyrUo1dzNCEswJS7FSQS1Ut5YQkch0e1IKvdQSKHWi3DuGsujbmC/GuISNo8XixOjp3JhJ10aBw5Ek6gdjBLKixQhHi1GOorJDS3mrtO8m8d5rQ8mvCCSj0Ju4DDciksSzjreX/1YiWI54h9vhrRHPO9KBwCgXAkJd5Lm5EipeeagmAP8gP7z8PHHxdMLB1U4Uo608M2u8vd2I1IQSp41BGxmFLilB2lw6RfoMiooKKCwsIiMtmUyBrdLCPOqr66guqyYrVY8hTU9zZRX1ZeWyfzYZSXHSLuOpKs2irCBd2q+WpAgNFQIyPT199HR309s7yOiuA2pX3qGDJ2X9EOcv3WRs/A7nx26zbftBgalKCtP1lOhz6WjpZWhoGy11zZTnF9Pd0s3BfUdVgLojgHX3ngJTAgc3HopT/Ewc5Fe8ePkdT56+4s6dJ1y9cotL49e4dvWWrN8UOLvOnj2HaK5vpr6ylubGVgGu9XJ+w9RUN0mbMrwGrKEhBgc30dbaT0VFLZVVDaTpsokIjSQpPoXszDxy8irpGtzD7sOXGN56jPqOrRRV9ZGSUUG8rpgIbTY6fTWNg/upbNtMVmEz1e3bRS+eUHOtGgYOiRwRALnOjhP3OH7pOSevvODA+acCXE/Vau2XBYwOX3ws0HKRvp1jKoztPHlPvn/CrlP3BcQecUb2G7/7nUCJgNHTH7km8KTAlRJ9uv0rTCl5VwpgPVC3/8AdBaAev86lunj3FWNyH+8IOD148bPaNXhDgS2BsSff/cKDlz8L9AiYyW+V75Wux2uyz5hA1sFLDzhy+eFrSLvxiK3Hz7Lt+Cm5hnE5v5NsP75Xlvs5cukc5+7cFmiU53xrL2M367lyt5abD+sE2jrl+Du5/+Iwj77dy5NXQzx+3sXtx3VcuKph37GFDG+bJ+A0h+LmL8XOTqe8fTl1fStpGVpD32Zb1u/wZGRHsDyHUAY3h0o7i6J3Y5K0sUx6RzIFwtJo78+gpUfsWFMmBZVJpOZpiU0NJjBSgStH3H0dcBZH2sFFmXVgrTqS0MPPQtqSlQCGFZpoG6Ji7cQJtJVt4uh5r8HO3ggLs7kqYBkvFaBaMkmNYCmQpXQTLlUS4JdOYP6ir1SwUmS+GsH6RI1eKfL51+/wxdR3VZk0SwGpd5hr9A6LBK4WLXtPhav5Jm8JeL3J1Nl/YvLMP6iTPH/6+X/y+YT/ZPLs3zPP5M1f5yP8Aie/r0TXTiVQO00crqnqRNkqWEVOEagSuIqYimf4VLxk6S1LDwEnTwEt3/BpKmSFxM0hInkhkcnzCYufLTp8ptrt6OY/EXvXr7ATcXSZhJX9BKxsJ4hjPA2t7KsTKMsqMOI3P/90gh9/2C+AdYQfvtvF99/u48XzzTx63MXDR53SaLu5cnOAK7e2cOnGAKfG2zkx1sWpiz0cv9DB/pPN7D7ezNZDlfRsy6JhUKmALsDUFCnwFKGWVogt8EMrUKPNEzjKV+pF+ZGQHyD0LQa+JIys8giBrFjK2pLVSFN1TwLVvQlU9cZS0S3H6ohC3yCgVupLdKEPUbmeBKWKh5rijCbTnfh8b/G+gzHIf5a1K12CsSpMKceqVaJi/akCWEkqbOXXK4VKA9EVy3/LuSWVBQps+fwKWH5qnZKy9jCa+qOE9rVC/ZF0jsTTvVFH67BS9V0nwKajWCBOqRSvFBsNzfDGLdYZlxhXvOM9CEv3I6YgQgAsi017Otm4u5f9x7ayfe8mLo6d5Omdqzy7e4GLsm1DTzXtjYUUZMfS3ZxHe10aRdlR5KWHoxMIKs1LID7cXR0FqEwHk5GudIWFExLsI0ChoSg/GYOAl5eTJW72YhRdLPF1s1LrYvm6Wch2cxwsl+HptJowPztSon0wpIfJ8UPlfwRuM+U56YJJj/UhSeNEkLMpy+dOxNx4Np4OK1U48RTxshVDa7YIL8vF+NoYofEwIybIkaRwAVyBt/hge+KCbIgUoEtJiFDn/wsNDSYsNABvd1tWGguorFzEGpN5eDtbyXnI88oQqK5QcqtKqagsJT0tkbjoEFHaGrWbRZ+dQk1dFbkCYOmZyWrOlTJVTlCwHxGyVPbXBHmKeJAQLe9UtD/B/mJcnVdibjJdAG+pOidjqJ81EQKCThZGmMyfyhKBR/PVRqyQc5k3dzrz5k1jyZJ5mCydJ0phHsbGRtjb22JuYYaNraUYXheMjBZjZLwc87U22Dq7Ym3vxOrV5pittRYl5Imrl48ok1UsW74Mk+WmeAaE4RkYgWdwFLGZJcRnlaFNycfGJZSc0nZRZqWEJ+SLt5OJrXuIbA/G1ikAN+8wIqMSiE3MIi5ZT0hoFAlixEKDQwkMCMLawgJ7KzPsLFaxdO5MTBcKyMrnFaZybmZWrFzjgMnaQMzc03CKqMQxtJiUzCraGxppKctlqLGEiwc2cnpbD+dHN9DfbyCrLkAcIX9pk+6Epljjn2iGT8wK3DTLcA5ejqtAlgJb0XpzUoutSS+1EbEis9SS9BJL2WYpvxWo1wnwKiMT5RjaLAfZ316AzE5dxuc5i3MTTEVHAm3DmQxuKWTzriq27a1lVBlVe7BOrRPXu0XJ40wTuEp47eT0R1PTqRWjHE1pUxSGmlAVsIprgtXckTTRJ1qdQFaiiyxdiEqTa4h3IyDCUZSkPT6hjoSEi6Mhnnl8Qog6cjQ6OoZobRRarZJ7F4SPny++vn6EBQcSExFKcmIyWRkC9AI2hbm51JSXUF/fQE1VDeUFuVSWSHvNySJLJ7qgvIaW5h5y0/NJjdNRaSimpqRMACtBPotzmCW6IjMVQ0oyOYlxZETLNej1dLS20tncQXV5tcBMA9t2HOTEmctcuHKbYycvcuLUFS5fecCOnUeoKWukpqiS5upm1gtgDQ9spEnW60trGOoe4MLYVe4p+VePXqqRrCvXHnP1mkDX3aeix5+Lo/xSdPkLbguInT93SY1i3bv7iIcPngps3WH9us1Uy7Ga6ltpa+uhq6Of1uZuSksrKSkuEeAaEBjcQHt7v5xrIwWGKrk/BSTGpZKakk1OTjF5hnrq2jayadcZ1m2RcxaIyhfAD3aa1wAAIABJREFUzzE0kFvYQExiIWFRWRQ3DNO96bQ8z20UN22S53uA7i2n6dt+XnTrEQZ3XWLbsbscGHvK8csvOHntFceuvlSjUuN3vuPcrVcCLXcY3neFjYeus/XYHfade6JC1pHLT9Vk9asPflBh6s4zJWr1M/cFrhQgeg1YP3Ll4Y+vAeuFAkm/qPlUNx+/zrH6f9GqBy9/Ubv/lO0KUD169YsA1j/VKJYCVo++/ae6TQUs2ef07W/UCJYysbTS5Xj82kMOXb7NvgtX2Xf+InvOKCUlTnN4/Lxcw22BuUeM3TnDuevtjN/u4MajLQJzm7j9zQH5jxM8+faA/N9mAaxuHr1o4/ajci5cT+HwqTB2HHJncJu5OB8rqO+3kbZiQ8cGM/q3W4i9cWXHwTC279NK24pn8x4dI6MZDO/QS3srERtUzabRCjbsqGZ4SxVdA6XUt+ZTVJlGSm4EwTHeePg7ivNnj6OHAJazmTghq0QviWMcaCagbEVyhiNZ+a7o89xI0zuRkGaPJspGjWKZm89j5fK5mBgJUC2aIo7rTNFJ81m2YjZLjAWwlkxUuwjnLvhSjWDNWfQpX0/7Gx9/+Rc++eotPp3wNp9P/QtfTn+XCTP/wvR5bzN36TssMX0fo5WvuwgXL/sL85a+xcz5bzJzzp+YMvUPfPHFb/niy/+Q3/yHANkfMFrzDhZOn+Lk8xVugRMEsiarQOUfNVWWCjzNELiaJlAlEjEdT8003AXE3EMEruSzj7Jdo+w7Q+0u1CTOk3szB1/Zzyt4sgDWBGzdvmCt42dYO36NlY0Al/MkQiKUHKz5pOYsJrtYAOunH47x43f7+eH7g3z/3V6+fTnK0ydDPHjQxf1H3Vy72yvkPMiFayOcu9zF8bFWjp/v5thYDwdPd7L/RDs7jtQzJF5o+6ZMavqSKG5RIlhacuuiSakIJTrPT0SUl0BVjEHgI8eHGL0viQUCNwXBpBaFo1dG3DUmCpXHqV17xYpC7RBYEmDKa4ggQxRrnICQtsCbCL07IekCV1nuxBkENIr8SK8Mkt+IIu6OUwuIVnYpU+EkC/ClqZBV3ZOkziuYXy/nVBysFghNKVWKkQYJYCmA5q0CVn7ja8Bq6BPAGhDA6o+guT+S5kElGqalRK6tSBR9Tp2GpNJAIrK9CU71wDtBEW984l+PaIwx+Ms5KV0bSvmKFrbu62fX/o2cO72PC8dHObF7kIHmAvpbSkRx5pCeEEZqrABVrpbkSE/0CYFU5ss9TAkjMzmEWI0PoQJYkeFBxGoVLzuc7KwkoiN8CQ1wxc/THnd7CyKDXQkPcCFRK/cp0F6tbG69eiHu1suJD3EkXpn3LNZX4M2DRI2zwJsXOakh4mH7khbrjbftYixNpmG5YhaW4nXYmM4l1MMcL4Eqx1UCRzbGRHibEx9oQ5hAVlqMr/xewLYkn8LSCnJLqsjIylW792KjggiTc/Fxt8Z+rRhpJyu0Yb5yjl6k66JFoVfRUFtBUXE+ObkCwfXFFBfrSUqMVkcwlZUXUltXLuvKnGs5NLbVUiDLLH2qCpnR2gB17sWYMHcClUiVwxoCvSxxsTLCeP4EVRzXLsZZzjkuwl0Mnh/xcm8DPCzwcVqJr/NqIoKc5Dc2uDutVUdXKstVK41YbmLMggULmDtvLnPmzGHhEmOWLluuVp+fOmUm9g7OuHm4sXLVCpYaLWXJ0qUsXGTEGnNRSq5emK61kwapU6u+e4Uq79428YRKiEouIDqlgKgkA7Fp5QIAKVg6BuHgId5jWKLAQALRsekCV1lEx6UTESmfYxLxFIALDAjGS5nWx8ocy5UmrDZaIIA1mzXLlrJ62RJMTUxYYmLLKtsIVrqlYeSWjVOwgQNHz3Lz1lW2jQxSnp1Jc0k6e/sb6auvp6wwn4K6MJKLPYnIkHuRaI139GrcI0zV6JVr6ErcNab4x60gMX8tWQJX+gp7cYpsyCgTyKoQ2Cq2IjHPlqgMG4ErK8JTrYlMtyMq87UoeV2ppR7SvsOp6U6iZ1OeKP1ytu6pE0Mgsr+B3Ydb2XW4SfRICZ0b86Tt6aiR9lajTM6uFAVui6esKZ78qnAM1aHidQeRV+JHrjhKKRn+JKb4kZrtjy7bD12WwKJ8joz3JDzWi0itFzEx/sTGBaON1ai1z6KjlOhLDPEi2uhoYmITSUtNFWcjiezkZIpzi2mqaaGxqoF6AaD29i7qqmsp0edQlicGKUdPUWYGhRl6mupaVUhpqm+jMMcggFVBRUGxOC0xZMXEkJuQQE5CPJnyPxmREaSGazCkpdHdMcDIxh1qqY2m+k527znB7QfPGL92hy07jnDq7HUuXr3Prr2npZ10UCDQ11rXwY7tB9m6YVScsRbKcw0Mdq9jbOw6t+89497jl9y695zrtx5z48ZDgarXXYaPBLAey3cKUJ0/f5kb1+/Jtm8Evp5zUSCgtVmur6ZJzqWPxsY2GhtaRdopKqwSB6iZ1tZBWlr6aWrqprioDkNeJZkZRehSDBQWN1FdO0hhRS9d6/aK8T5JXftm8kq7yMypI7+omaKKAaLi5Z1PKaW0ZQst64/RMHCQ6u49NA8fpmvLGRrXnVBlZP91dp64z8GLSuL5C07ffMnZWy+5eOdbTt94KfD1jK1Hb7P77GNG1RpYj9TE+D1nH8n+z9XEdaUbTwGj+89/fh3BElFg6PbT11PnXH/8OmFdASYVsB59/2sy/A8qWL2OTv2gJrQ//vYXnglcPfn2Hzx+9Q9Z/lO2/VPd547sc/WBgN+dF2opByXh/bzcf6WLUIGsA+O3ODh+nYNjlzh6+Ypcx135/8eM37vGyasbOX9jQNb3cvnBQW48OcHdFxd4+OosT7/dKf+zXiBui5z7qJzfRsZu9nP0fDW7jyeybX+EOCNBdIx4C1zZM7zTjm0HXNh/OpxDZxM4eCpVbHMWe44VCZBVsPtoA4dP9nLs9CAHjg+wc38bW0YbWLe5ls7eSuqa8jCUiM5OCMYnwAkXbzscPW2wdxHAchFdGWSBJlacKWnLhjJnSqucKa52FifHkewCRxJ0dgSEmmNjZ8yqFQJURjNZtHAyi42mYrRsBkbLp6uApZRsUKJWcxd8LvD0CRNnf8BnU97ho6/f4uMJb/KRyOdT32bCrHflu3eZNv8vAkzvsnTl+5is/lDkbxibvivHfYv5C99k1rw/MXX6H/ny69+pEayJvwKWsfm7rLL/GFuPz3Dx/1og63XXnxKxUuDJR8DJSwDLQzMFN4EvN/nOReDKKXASPgJYvlEz8QidrP7GR/ZT4Cokdh5+4TPwVgFrIlbOn7HK6iO1dISVQJZH4BSCo6YRlTibVMMi8iqM+c2P3x3j+28P8+2rPbx4sZOnz9bz4GG3NMpu7jwY4OKNPk5f7OfUxV6Onmvh0OkWDp/pkofYxf6T7ew61sLGA9X0bzPQNJwmcBJHYZMWQ0MM+lqtAFYYcfnBxOQGEZ0biDZXPE6Bkli9H0kFIaSVRIgnrFRFjyGvNkadzDlPIEgRQ0Osehyl6y+lMoDoQi81ehWeKRCTJt5qtgdJhYFq4rq+OlhgRpRxv3i+/fHUyLJxXYo03jRqenVi4JQJo0V5VirV14PQFYeQoEwMXSpGt+D1UPXMKh85Z18KmgIo7wiltjdaXuAUujcky7qGwuYQteRDXl2oOmWONl8ZveiGb6IT7jFOxAsQKbWwYgUk82qiKW9JoqpTGR0pILW1QbyHdVwe28/ZA4PsHKihv9FAe1U2rTW5VBiS0UUFkK8LJT3Ki7zEALrrMinWa9Uh2801heRkxpKTFa/mZCmVyTMzkwRi5H6Ge4s3GUxUiAchvvZEBjrg62qOt9MqgYm1eDiuwl8aijbQjiCvtQR6WgtouREf6kpUoC3pWk8K08NIDHMi0mslAfZLcBCPw2LpVFYtnISX1RLZvlrgaiF2pjNwMJ1NQqib2p2XnJBKZW0TLe1NlBamkRkfQEasPJNYAcEIHxKiQzAIPGWmxZEQE05piZ72thrqK/Npa5H3Zl0fLfK5pEB+qwsX+AshMzWczPQouUYBCjdbXB0tRZlHU1dfoHaPxsk+QT5O+HvYi9jiYrtGnQ7I09VKneDaYuUCjBZMYdbkz1ixZDruDqvVAqtJkR5kpYSTlijvo9yztPhgMhN81CiXj4c1CbHBZGXGiTHWYGWxipUrjFkm0LJq1WrmzBXYmr8EE5NlAlWrcPHwVMszWFpZsWqNbFu9nOXLTWXfNXh4BWDn4oVrgIbknHJCE/SklrSQV9VOSeMgWl0xbn7RBEemoYnLEo8oFt/ACAKCIoiN15GRW0KMAJZG4EyXbiBUo8XG2gY7G3scrNdia7Yai+UmOFquxnzZIpbOmcWKpYtYbmSMkakDpjahGNlFsNoxBk83DWXZRezduo2rx/dwbFSZ53IjV86c5daVcY4fOExdc4a8t86EpjjiHbMWN81KXMNW4hxsqlZ29xDYCktZQ4IAVlqxNRmlIiUiAlbKUmewIl5vJYBlhUZno9bZUkpBhKfZEplhS1yuExnlfpS3xdDYn07PRgMbRivFw65XAWvbwWa2H2hl9FA7w3vK6d4sILEui/qeVHWi9LquFGo6UilvTqagWtpAeSj55cFiEILJEUcpLTuAhGR/tWhmRm6IKPwQsgwaYnWyLSOIeFkmSPtISBSwigsnLDwETVgw0ZEatbxAjIBPcnIq2fpc9JmZ5GYqU1IV0yAA09XZR1trNx2yrCqtRp+YQX5qNtUFhbQLcDWU1lCoLxJA6mBk/Q42bRBgau4Wp6mJ5ooqKgXE8hMTyFJhS4s+OorMiAhyk5XIcy7dXYPs23tYzafas+eoQNJjHj17JcZwnEPHL3Lp+kNu3HnKwcPnqCqpJy8tj+F129m//xRbRnZQJkCXl5LJUN9mzp2/JnD1jLsPXnBDwOqa/PbWrUcqSD14+Jx7D55z//43XLhwgzNnLnH5yk3u3n+syqFDp+jpWkdP54CAVjMVZTWybKWyvJlceYcLC2ul7TaqsFVc3IA+u4z83ErSM8spKm2jvWsrlfXrRUZo6d5BSc0gmfntJKVXERmTIYZZflPYQXpOEym5AlyNm+nbNibP+gzdAlddW86LY3yYss5D9I+Oq1GqvWefcuzSc4GmlwIwr7h8/0d1/cilFypU7T3/lD3nnsi6Usn9ETtOPuDAxcdcevA66qRAlgJYSree0jV459cIllIP6/qvOVbKPgpg/X8jBAWaHr76RQUvBbAevPqZp9/9gxff/SLQ87MKWc9+BS3luMo+yrGuPvpO7U5Uol8X7r8UyHohgPWII5fvCWDd4NDF65y5cU+u4ZkA2SPO3jzDias7OHfzCOdvn2L8/hluPhuX8xkXqDok/6MA1lEefXtBzukcNx7tZex6L8fHMgScAtm82551223p2+LC4BYPASZvAadAsdOpnB7XM3bVwLmrlZy90s1Jsd8nLw5xblz+7+IoJ89tZf/RPnbubWPDtiZ6B2pp6SilpDKbtMwY/MM9cfVzwEmcV3tXC1w9zQiJtFLhqqjGiYoGO2qa7alucVSlqFocqBxxuLVrcPdaziozZSDQDBYtmiRANVlkEvMWfa12Cc5d+Dmz5n/C9DkfMWH2+3wx/T0+m/w2H371Bh98/Wc+mPAGn059iy9nvinfv82UBX9htvE7Alj/LXD1gTpC0HjVf7PY+G0BtTdUwJoy4498Nfl3fDn5P5k867+Ya/wmxmbvih78m+jAj1TIcg34GtfgSbgETxSQmiR67TVQucq6c8hE+fwashTxjZxOcPxcArQz8VY+h08nMGq2CldeIVMEpMRx9/iaNWs/Zvma91lp+RF27l8SEDmV8PhZxGfORl8+X3T9Yn7zgwpYJwSwDvHN8808fTLMw4fruXuvl0s3lIfTzdEznRw608S+Y43sOdrMvpNt7DnewuiRJrYeamBAvM72DdkCNcmUiqdZ1BQngBRDelUkujINcQYx/uJdRopoc0QZ5geRViRgVaZVJas8muyKaPRVUWpXofLbXIGzvNpocmoiRTkr8/55E2PwViu1R+UIaOk9ic31VhPWMytE0daEyP9GUtOXqE7gXL9OJ3CVStvI6whWebtOwCmOVAGrxIJg4gqC1O5Kba54uNkCGwY3Usq9BJx81UhWbp0/xS2RtI8Y2LKvUQApn4qOGHWOQkXy6rTq6MhIvRLB8iJAvOWQZG+BSQ0FDTrKW1MoqI8TQIyjeaCAs+d3cuq0vOCnRjk82sVgSwHDHUW0VYkRyYunIlfAsFBgrCydytxoClOCxZsOE/BIIiM1QhR+CvnZ8ZQWpVGYm0RSbBhFeQnoUzWkJ4apye2Oa5fhYb9GIEopsulOqEBFsKx7OZnhZSeG0mElod6Wak0tRdKivQXo/MlJ8hZgciZWYCsp1I4Ql2WEuZrivHoea42F5C2X4G+7FB/b5Xi5OOIXEEFBSTVVVTWkyHnoIpzJjxfgSvAWYx5NV0s51aU5FOanUmJIpyA7gYzkSIr0CaTE+JGlk+csIJOnFGPMS5TvY0iJDyIyxBOtRiBXKXKYmyxGMZSwEC91RKSHo5k6wXV0uA8uDgIxLpY42azByd4Md2db7KxMWabAlOxnt9YEZ0sjLEznCnxMwHT+RJYt+IqVS2YSrfEjMyVKPPAU0lOjVdjShLgREuQihjaQnBxlpJhOQEeLf4CXiB/+Qf5YWio5BjY4OtliZWOGyTIj5s6bI9vNsFi7RrypRaxcY67WzVpmugpLWxe8Q2OI1OWLM1EhyzyS9OUkyrpGgEuryyUwPI7IxDQS0/XiIUYQFhVHVGwSEZExApEphGuiiIpJISYhA42suzo4EOIn5+ThJs96NW62FtiZLcdk7kwWzpnJ3Fmi1JasYMpcU6YvWI2jnQ9+DvJ+OvsQ4xtMe0U5PQ0dNJQ001Hbzob2Tu5fGmdoUwtBKdb4xlnjGGKKY9ByHAJNsA+Q+xi8TB0NGJ5mJu1WIDXfEl3hWlKK1pJcYE6ywZykPAWwLIlWamglWhGRbI821VGAy5GIdDtic5ylDfsLYMXROpgjgFXC+p01YiTq2SZta/vBVvG+29i0p5GhXRV0b8yV/bKp686itiuT5r5cmnrzqG7LorQ2mbyySAor5R0q0ZAtuiUrN5ikFNErOgF7QyTZxZGkKvXoMqWdZ4Siy4oUzzxEREN8UowAdCyRUXJvlamctNFkpCQLUJRSV1tLeWmFQEUtbY0ddIgo3XgDfcNs3rKThupG9EmZFKTlUlNYTFNlOV2yT5vAlSErn9ryejZv3MnevUcZGtjIcPcQ69p7qSsoxpCUpEaukoMC0AWHSLtLlbYm5xYeRWVxJRsEzk6eusSDR8958OQFx05f4YBA1YkzV7klUHRH4OjoiXGa67qorxIY3XWMXbuP0iIQmBIlOjNVz+aRbYxdvClA9oTrAlhXrj5g/OId7tx+KA7zU27cfMi9u8+4fesxp09d4OyZi4xfusXNWw+5fPkue/edpKu9X86nmooSpeuylaqKNnLlndVnlZGeVqRKcWE9hYY6qqo7KK/spLCkndau7TQrNa0qBzGU9qAv6iYpo1bufT3J6ZXEJhWTkFZHbskgWQU9pBi65H3YTc/Ws2zYf5WRfddoWndSnPPdNA0p+Ur3GRVgOnTxG4GU52rk6po65c0rDlx4zp4zT9h39okKWluO3mGbyM4TD1QwU/ZRKqwrclOA6sHzH7mk1MR6+pOAyo9qsryaBK/UsnqsJLK/jlwpUS4FrpRo1WOBKAWylEjVc4GrVz/8IpD1D7559U+++VaJYildhv/zGsS+eT2a8P6vUbJLD76V/3jJqZvfcOzaE/ZfvM3BS7c5d1vg6uFLFbDOXL8s13SJ87eucPHuOFcf3+T6kxvcenpazuOwClaPvrvJw28vCxju49q9fq7eKufCFS1HT5mxff9SNo6a07fRni17fNh/zJdj57SM3Sjk0s1yrtxukN8McePhKNfubuLKLXGwbu3j8vWDnL+4S44xzJ6D3Wzd0Unfujo6equpbigiMy+ZsLgQPIPdcfN1EpCwxifUiphUawqqXKlocRGnx4GaNjtqWxXQsqWq0YacMmtxaNYQGLwcS+sFLBW7sWDRZIGqCQJVE5g19zNmzFbmJPyQSTP+ylcz/psvpr3LZ1P+wseT3uJ9gav3v/oTf5v4Jz5ValvNeoMvRCbNf5tZxn9hsUCVidn7mKz5qzpKcMmKvzB/6ZvMWfgG02b9gckz/osJ03+rAtZso7dZsvI9llv+leV2HwhkfYi1x9+x8f0KM49PsfL+DMeACTj4TxD9pgDXRNwFpLwjpuEVMR3/6FmEJ88TmUtI7GxCYhTYmoWPRuxLgECa91fYOnzJavOPWWXxMWbWn+Ds9SURCVNJyp5Jav5c8qsWUtqsANb3J/nu1TG+fXmEVy8P8uLFLp5+s5/7D3cxfq2LI2dr2X+yhn3Ha9l1qI5N+6rYsLuK9bsqGdhZRt/2EoEYZRocMaZtSSLJAjoJAilRpIgiTC4OF8AKJVpRgkXhpJYJSFXHkV+bSF5NAjlV8QJZ4t2VRwlgiYdXqSVfwCSvLlqd60/J4VJrV5Ur1dEDSSgKVCErWsAoweCHTklWF8BSktcNjeHiBcWoEaz6oRQahtOksaZS0Z1EQat4kZURYiQCReEHCej5ESWAFp7pLsbDmRi9m4CXh1qyQekuzFDmZqr2F0AKFKAKobwrTp3LMLM8kNTSQPVc4uU8glPd8Yl1wT/eg2ABFa3el9h8T7luH4FEDYUtWvX/N442sHN3F4f2rKO7uYCKgmRqS1NEMWoEdHwpzgynLCuKAgWqsiIwJPuREulFbrqW1hbxLooyVOBQakVVFKUTGxGoliNIipF7ImCg5GfFKYnjWWLUQz0EsJQuQjscrIwxXTpdHU1nb2GMpwCIXudHXJgYvThfMkUSIj3EKw8mReNGmIcF/o6meNuKcV0zB2ezubharyDYL5C07GKKKuuI1AThsGYhAQ7GJIfaog2wISHMlQI5fyWvq7ZMT2dbNeUlWdTVlZObFa9GjvLEOyoScCrSp5Am11Ks5o/FqnWrkrTKdEBKvpQjOgFGbx8HoqL80YlRTBFRkuNXL5uPu0Cikk/maCMgYL0Mo4UzWbNyES4ClkpZBjeH1fiI1+XpYIqV2SIsVggEmc7GbNl01ppMwUtA0clqKTbmJixdNANH25VqFfwgfxfcBUT9RKEE+DgSHxtORHgQEdoogjVh2NisJTQ0gLgkrTpViK29g5qjZWYmgGVth7mlNWYW1tg5u+LuG4K9RzC+EUl4hmrxDtbiGSLvX2mTeEJJ+IZE4eEfSlScjoycIvmPBKLjU0gVI52ebSA6Nlkkibh4HcEhkXh6+uLt6UlooIBSWCCRyig3Z2usV5mwxtQYs+UmTJ+iFHSdzOTJM/nw04nMnj4DuxWmApcLmPjxh9gsX4LG0w99Yj55ujJyUsrQRabRWt4g71cBfonWuEcJnPobY+tnJMpoKdY+S7ALNMJLu5Lg5NXSRiwEsJTuwLUk5puTkLuGuBxz4nOtiJPvolItCVSmr0mwIybDncRsd7QCWdHZDnLtvqJw4mjozqZrpJT1OwRG9rSI89LGtv3tYjC6GNkujsyWcjqGc2nuVwArk6b+PNVBaR8soaknj7qWDCpr0yitSiK/VBy03DD0+aIn9AL6GSGk6iNVScoMIz5d2kt6OBnisGTrBaalvWRmp5Kt3OeMPNLTc8hOyyI7PUvexWKqigWuCiuoq6ylva6Vrro2kSY6ZX3HllG2bt5Bo0BWsb6AogxxIDKyqS6uYrh/MyU5JeSnKCUV6ujv38CO7Qfo6xyip7mP/tYeGuXYufKMY/2DSA7XkpucSbyAltbHh5TwWOrKmjlw6LQ65c3t+085dHycQ0cvsH//GTUfS8mtuvdIjPa5a/T1bmLDhj3s3HWKvp7NFGcZxMmJozyvhJ3b93Nu7BZXrz9i/PJ9Tp65xqUrd7l79ynXrj0QUboNnzJ2/gbHjoxxXo53/coDrsv24ycuC0xupKygXBy6MspK6inIqyY7U96X7ApSU4pJTMinsKCO5tYR+of3Ud8yQk5+CxU1g1Q1bBS46iWvuIvswm7Sc9uJ11UJVA2Qom8hMaORrKI+Mop60eV0kFo0QGXXQdo3nad76wUa150S6NovenYvvTsvsf3EPfacfczBsWccuvCNmn915sa3HBl/oY4e3HfuKfvOP2Vo73XaNo+x4dBtOrZdYPe5h5y/+z2nb33LWfmN0mV47OoLxu58x5X7Pwj8fKfOH3ji+ku1+/GGGsH6QR1R+Ojl64iV2g34SolW/ZOX3//Cyx9/EdD6H55/+z/qNgXAlBGF/6+r8OFLJfL1M7eeKaMKv1MrxJ9R5yhUui6V4qmv63SN3X3Oyet3OHblJieuXOHs9YuM3b7OhTs3uHD3BJcfHuD60zHuvLguoHVegG0f1x+s5/LtZq7dMohNTuP4GV92H7VgxwFHRnZ6iH2O4uj5JM5fy+H6/QquPGgRsNrEvadix5/u5t7jHdx7sps7j/dy4+5+LlwWZ//8CIePr2PH7l7WjTTS1VtPbXMpmQWpRCZHCEx44xHkquZjhcU7oCuwp7hB4KrNnao2J1naUtNqLYBlTVWTlTg8Sm6WGaEa0csOizA2ns68BZOYu+Br5sz/SuDqE6bO+IBJ0/7Kl1Pe4fOp76hw9cmUt/lw0psCWH/i/Ql/5m+TBLBmvMlnM9/k05l/5qu5f2b2sndYav4+yy0EmMzfY5nZuxiteoeFJm8zd9FbAm9/ZvrcPzJp5u9UwJq19G0Wr/gry9a+j6nth6yw/4g1zp9g5vopK53/zlr3vwtgTVQBS4lmKd2EPuHTCRCw8oueSXD8bCKViZxTF8i9WEB4wkJC4uYRECWQFTRV9PsE7J2/Ev3/d4FUptKtAAAgAElEQVTJz7Cx/wwPgbcY3RQyC2eQW7aAotolAqNL+c2PP17g++/PvgasF4cFsHbz5Nkotx8e5NaD3Zw4V8rOw8WMHq6QZRUDOwro2lREp4hSeb1lOI+a3lRKWxMpELDKq4tVu/kyKkTRlWvVAqO64ggBpDgM9akUNaZR1pZJdYdeHpSesuYMChuSyK2KEdiKEeiKo7AxSY4TRUZZGJmV4eTUildardTQEkArVQp5+hOX70NSQYBaBiKtLEi+DyWvUSONU0N5RyzVA8nUDCZR1ZOIoVVLWo0AWmmwAJkCR/6kicJXugVjc93QZrkKdLkRn+dBcqEnuiIvdZlS7C1Q5q8OYdfX+KvdHCklPgJ23kRmuBKYZIdHjL0YJjvcouzVuc/C0+RYeZ4Cff7k1YcI8EWrtbOGtxZyWDz1g7vbGOjMJzcllHKBkdJsjayH0F6VRq0hisQQRzReVuSnRandg1WFyXQ0lVNZlo0uSYyFGImS4nQKDDpCAt0FBtzFCw8iNMibED9PIjR+RIb5Exks64Eu2JovxU5Aw93WFF+XVfg6W5Cq9SIzXq4j3IM8+e/0+CBK5b9q82LFy3YiynOFAJYRQV6OhAaHEaxNJyu3gMQIAUqXFfjLd/YCLg5m84n0WkWIHDfC20aO6UdJRhgN5SkU5ES/jlalRKggqIx0LMpLJCNJQ0F2Ek01BVSV54jiTqK6ykBWRhzZGfHk58pvDekCVeF4OFsRIMATEyrPIzaE4ABnNadMGRW5TODIdPFMWU7HbMVCga95an0tH3cLtXK9n689IcpkpXYrsFu7BG+nZfjZLybQaTERPsqIyKUCjzNxsVogACbHEWWwaPZXmCycytL507C1WMGaNaYsN17M6pUm2FiZ4ehohbunKz4+vmoSvJOzo+yzkjmzZzBnrtwPJ3usrSyxdnSVe5aAVpdJVFIaWfkV+ASGq1PouAosJaemExYeQZQ2Gp0Y+DQx9v6Bodg7OmNt44SvXwjhkXGECFwlp2QSrhGF5+6DNixEnqkvAW72BDpaYDx3Bu/89wd88cUEvhT54IOP+ev7H/LFZ39n5sRP+eT9d/jd737P//rf/8qML/6OxtmZ2JAkee4ppCeWEB2WhNdaG8Ll3Q3SWeOiWanClZX3YhWurH0X4xBsogJWYMJqojItBKbWClRZEpMl69myrl8rAGWBVr4LVUYfxloRrABWujgs2Z7EZbmpVeMzS/0paYijtiOD5t5c+jfXMDKq5CZ2Cmi1s3FXB0MCWH2by+neUEz7kOiWASWSJcshAayhIrrXFdHeW0BTu56a+gyKKpLJFJjKEtHnx5CZEyOAqkxWLHonI5qE1HBiEjXoUsVxk7amlzalFNAsL61Uo1Ed9S201tQIVBXL+2qgNLeIprJqeps7GeroYrBN2mpbB+3VTQz1DjMyvInhdSNs3LiR+vI6suJTyYpLoqdjmPrqNmkfMWp0q0IApbujn+GhbfS29quA1d3QSXNVE/npuRRk5km705Mozzg2LIq44EhxUKLVkXp3BbAu37jP4PAutm07LHB1mf0Hz3LizBW1q/De41diIO9w4MhZ9h08z5Ytx2it76RAgC8rMYPqslr27T3BpUv3uCKQde7iLZHb3Lj5WAUrVe4848LYbY4evsApgbex8ze5cOEmp09flePtp6qkQXRPMSWGKnKyygSsijAYBLYMTaToitX17t4dDG88Qlv3Drn/9fIOV5GZJwCV3y5A206WoYvc8hEB3HoyCrpF54+iy+8gS2Aru3SYpJxO4rLbxHAPiF0YFfuxjxIBq8LGPeLQ7iKvdgfN68+w+ehdNc9q85F77BtTSh88luUzRg7cUCNXW47eo2P7ZfQNu6joO0Z+8y5aN53h8KUXAl/POHDxOfvHnzF84BajZx8IdL1SwerI5W/YduI+m47e5vj151x5+P3rSJSSr6Ukv7/8hYeyVCJVz7//By++/ydPBLyeCmQpkSsFrh78GvF6oOZl/YM78vn605+4JBB36Z4A3nWluvtdtp28zcbDNxg9c0fg76ZsuyzXdZqdx49y8uo4J67e5Oj4OQGy4wJnYwKCYwJJx7hydxfjt7cydmOQc9cauXyrhjMXDRw7k8G+E/GMHo1jx5EUjowZOHNV4OtWgcBYvcgItx/v5sE3+3j4fAdPvtnB4+d7VMi6fneUyzd3cOHKFk6cXc/egwOMbGqns6dOnJdyMgpTRW9pCRCb4i2Q5RXiQnSqtN8SF0qaXKT9ulPT4UxNuwBWizXVIjWtVpTVWZKmNyMkaiV29gsxMZ7KvPmTBH6+ZOacz5k282MmTf8rX019jy+m/P9w9dHkt/hw4pv8beIbrwFr8p/4+/Q/i7yhQtZX895gzvL3MLH8kJVWH7BCiUpZyOdV77JYAEtJdp+14A1mql2Ff2Dq7D8yx+gvLFn1PsbmH7DM6iOWWX/AaoePMXf/gtUun2Lh9pnA1UScAqfgETYN78jp+EVNJzh2poDU6+iVAlfa1IVEpyyU+7GEyKRFhMbMxS90hkDnZBxcv8LS6lNs7b7CyeNr/MMmEJs2hZzS6RRVL6S8cRn1nab85uef7/DDj5f4/ofTfPfdSV59u4/nz3dy/8le7jw6zsXrrew5WsCuw2XsPFjG+tF8mof1atX1hoFsanrSqexMUaeMKWxMIL8mXoUkJSKVVSEepiyzK5RcqlR1Spz6HlGSQ5V0D1fTvb5GpEq81Vx5eInkVguc1cZT0CDHqBfFWRkmcBOhApa+Ro5XK8er0gj4+JFc4K92D6aUBJNWIYBVEyKApUgQBc0hFHdGUNAeLg0vhIzaQHLqfClrDaa601/OwYuWfg8ae5Vwp5P8nws51a6klYjXbfAU8VJHVCUa3FTQShWoUro4kgq81BGLsbleaNKc8UuwxTPaHk+tIx5aB1XC5GWMy/WQcw/AIOdS2xfHwJYCRvfXi4fYzbYNpQy3pVObH0ZOrDvVejnfZG/0cQIjCf7kJASQmyTnnx0nEKIX5ZlDW0MBuRkxpCRHoksII0lEgar8vBTxKDVEavxxc7Ej0NudzJQY4iID1aljlMmgAzxsifR3VgEr0HU18UGO+LlaECXwESdiSFX+z5/0aC9KBbBy0zQkxmhITVWiKwaCg4Pxc1iBm8V8nMzF4FoY4+MgIGNrgv3KeVibzsPD2kQM/iqiA2zJiHGjIEWeS4wPeRlKCYZkqoozqCjLo6+vncL8NDF00WLQEkSSKClIp6I8l+KCNIoKMyko1FNclCdKPU4AwBuNv5OaZxXiY4efmznmyxewcO4UvvxMPKKJX7Bo3hSWLZnFmuXzBIpMsF5rzBoBsCA/RxJi/QkPFRD2tSE+yhWNjxlBbsvwdVpEkPNCwtwXERuwnCgvY4KdF7HWZBJmRnIsRZbNZ/bUL1i+aBpuyrVF+eHhYs7KZTOxsVyOne1q7B0sMTYxwmS5CbYOdmhjtfgG+BOkTUSnLxHDUkyCLk2AKoNwbSz+wRo1YT0yJk7gKp74BJ06p5u1jR2ffTGVSZPns3q1Da5uPnj5hBAWGqWCVpgmEi93d4ErP9LiookN9RdIdMFq5RLee/8D/uXf/8Cbb73N73//R/71X/6T//rt7/n3f/8d/+tf/kOWv+Xf/u23LJ0+iQgPT8K8NQR5BBMRFMuKJUswXz1bjTIFJKzFKWyFANZSLL0WYS2QpUSxnEKWq3MTBiWukXfbjCgBK61IrMCV0i0YJ8uotDXi/Qm8R5gTGG2JJsGeKJ2bwJU3SXlKW5V3W5ybfGnDNR3pandf22Ap/ZsaxANvZ9PeLoZH2xna0cDGPUpkq15gq4KBraX0biqmZ1Oh7FvEuo0ldA/l09qjp6kti/KaNHLyY0mRdzYrJxZ9XoJAVjzpWbGkZcaRmh6vjhqMi4sgXRdDVrI4ednyvhUaqC6qoKGiVsCnieFWAakmJVLVKJ9bWN85wK4NW9i/ZSs7htcLbHWzrnudWuizqkh0V3svfV2D1FcIdGTo6e8bYsMmMfAFlWQnZVKRV0qJPP/mmk4G+zbS1zFIT+sA3QJbZYYyqgsrBbTyiA+LITVGR1GmQe167Gjr5fa9J1y58ZiO9mFyMovZsvUAZy/c4tjJSxw+fpFrtx7z8Nm33Lr/hPPjN9Uo1/DQdtEVTRRl5ZOjy6anfYjjx8bVcg9jl+5y+vwNzglAKRGsW7eecP3GIy4KdJ05fYUzAnCKjI1dY3z8FoePjNHW3E99aT1tLb3SbpvRZ1VTVt1DQ+N60TlN6HSlFBa30zu0l86+nRSVdBAdrcy6UP4asHLaSUyrRV82RLZIdHIVhfXbKW8/QIVIQcNOYjLbiBVJMvSTnD9AWvEQybKeWrJe7Md2gfhe0aO9oj+P0rrhHJUDJ9h64gE9O6/QsvkiXTuu0irLjq3jVPUfJ7l4RKBfoC2ni7TyDbQJdHWOXmXd/lv07L5OUfdR6tefY/PxewwfvMnWk/fp3nGFmnWn6Nt3TaDrhTop9LjAkVLxXamfdfvZT2qe1WM15+oXddSgClYvfv41X+sX7nzzs4DV632UshBKja2xe9+p0bKjl5/TN3pFjao1rD9F+9bTAoMnadt2hKaNe9lw+DQHLwlwnbrIpiPHBPrGOXb5ogDTfs7cGOXg2Bb2nRnh8IV1HL88xOmr6zl0foADp/vZdbyVjQer2Ha8mpOXGzh7vY7xu21cvT/CtQe7uPV4VM5RwOrFVh59s0Hs+Sa1luXVO9sE1LZy8do2Tl+Q450YZP2Wdjq6a6loKCKtMA1tSjSh8RqCo0Pwi/AmOt1dwMGN0gZnarvcqesS0Gp/HcGqVqJYbdaUCGCl5JjhF2aChfUcjIymMHf+RGbN+ZKpMz5j8vSPmTj9dc7V36e+w8cCWErk6m8KVE38M++LvKfIpD/w0bQ/8OmMP/OpClh/Zq7pf2Ns+ZEA1kessn4NWSar38No2TssMn6b2YveYMa8N5k2V0SAbJ6JwJeSr2XxESZWHwtgfYSZ06dYenyJhUCWAljWnl/gHDQZD81UfJRRhdppKmBpEufI9SvRq/kClguITV8sS5HkRUQmzCcofCY+AdNwcpuAtd2n2Dt9jqffBEK1UwXIJpNZPFPu0xKqmoxpaFcKjf7jOT/9cp+ff7nFTz9f4acfTgho7eXpcyHgZyfU2ldHThWx/0QZu46Ui/ITBTeSTduwLNfl0tifTX1vJuVtOoqbk6TxJIn3ES9wFfU6t0rEUJsiIKMo1XI61lWqYNW3sZ7eDXX0yLJvSyNN/TkU1MdSJKClTEGTWxchMBWqwtVr0b4WUdJpShSqQIx4UaCAj4BGQ4D8zoeSVl+K2/wpavEnT7Zl1wUJ5ARSO+BN9yZlYll3tu5xZvchF3YfdGD7Xls277Zjw0578ZodxGN2o6TZm/RybzV6pSv2ft1lWOqrSpLBR6DLl5gcTzSZSgV5e3ziBKwEsjy09rhG2uKbaC8A5qFWhS9R5jPsj6R7SzKb9uTJvStm3Ugu29YXiRJPpUIMkDIXYG1eBNUF8aIg5Z7FBIiSFJCMDyMjPpji/HjKxatITgoTwAqnME+nRnlyspPJ0SdTWWUQ4x9MZJgPIb6uZEvjyMmOJyzIjcQofwGdYMJ8nfFxEcPn74CL1TL8BBRiQ90J97IlO86X+oIodNE+pIsBKhTjk5aaJHDjToj7CmwEKNwtFuMuv7MwFciyWEaopxUJAmdOqxdgYTRNwGQ6ntbL1EKksSGOJIa5qMnuhtQQyvK05Mt15WZpBa7kfEszBKziSdWFEhPhoZaJqCpOoTRHS5i/PYE+jmodL3dnc9wd1mC+cr5AziwWz5zM8gUz1arwpsZzWWGykDWyvmLZPGZN+gxbZQ5F5zU4263Az9NSrX/l7riSYD9LXAUGQ71WE+C5HC+7Rfg7LJbznU2Aw3xCBKw0rotIDDRFF7SCpKBVhDotJsRNuU5zokKc0IbJtVobyf21ws1BoGTFfEyN5qiV8teuXYmNrTUu7h4CUCF4+So1loLIK6shq6iMEIGjsEgtHgI3kbKMjU3Az9uPqIgowsIEnLyUuQ+tMDZdy1pbd9w8BI6jEwkI0uDq7E5AoAaNJpyIsDABaA8BY3+B70yRdHTaYLycbVmyYA6ffvIxb7/9Dv/+H//F//k//86//etv+cPv3+C3v/sT7735Bp5mK4n2DSHAPRBPOzd83V1x8VhMfLajOtmzX5w5jqHLsfVfqkaxrH2XqEvnEKUa+yr8Ys3wjV2DX/wqgpNXESGwFZ25luiMtQTJdncBMWe/ZeL1mhOe6EBkiqt870dCrjJKWENuhVJiIYaypiTxgnNo6Sulc7hW2n8Tgzs6WL+zQ2CrRZy4DvYe6WDHwRY27K5n3fZKBrdVMDJaxcbRMoa2GOhaJ79XJo9vFBgvyyAjS96ntFiBrWRy81PJN6Sj16fKe5xIZoaOgtxsSvMLBKyKaK6opK2mior8UiqLquioa2G4XSCvs5N1bZ10NSjdgq2M9AwyOrKNLQMjKmBt37CdffuP0NrYiSEtn6LsYtb3DLN9ZDOHjh0XnXKWzRtH2bx+K0M962mr76SysFqcoy56u0fo6drA4LottDV1SJsoJz0ujbhgpTZWPAaBraK8MnoFxpQaVhevPWLb6HEKDdUYBNT27jnB5asPOXJinBMCRbfufqNO7Hz3/jeMX77H1h3HaG7ooa64mpLsAsoNFWzcsJuDR8Y5fvoWJ87c4LxA2uVLdxgXuTB+m3Pnb8qxrnHq5GVOC7yNX7zBlat3OHfuOps37xcgHGbD+u0CfevJza6lrLybyuo+ipV5BeMLiIzIFmeolea2TeQXNBMelkJCnDhG2Y1k5XWRkFpDUqZAX+0WUuVzkkh5+16xFccpa9tPcl6vvCdVAuGtxOm7RbcOEpZUiya5jgTDgMBSB56heYQkVKMrXEdiwTpym3ZRM3Ca1KqdZDfsFcd5lJKuwxha9hGV2YGftgT30GyC4itJLhkhs34PhV3HZP8dxBmGxEEeorDzEKV9xyjuPixO+FF0ZZtJr91G395r7B17yuiZRwI9zzl6RRm9qORp/SSw9RPXFVGnxvmJW89+Vj9fefQTF+79wFUlj+vZj1yR5ckbL9TuSGUE5Mjh25T2HCNb4DJL7kNe86jIdnKat8r2PQwdvMCm41fo3HqMzm2H2HL8PBsOHmXXiUPsPnWQ4X07GD25W2Qnu05uYN8ped+OrGfrwSH6t3fQubmDUXHaj4w3ibRx8uo6LtzZIZC1RQBrHY+er+fZy63clfWLN/u4cHNAlsOcubyeM5cGOXupn8Nnhujb3Ex9RzkFNXmkGNKISY8lQpz58PgIAiMDBDrcxFl0Jb/akYpWF+q7nKjrsFMhS5GKJivyKy2ISzfF2WseK9ZMZ9HiicyZN0EA6ysBrE+ZOPUjJkz5G19MeY9PJr/DR5PeVhPalcjVe5P+xDsT/sg7ExX5PX+bIoA16w0+m/UmExe+xfyVAlhrP2al5SesUqNYSqL7uyxd/rqbUAGs6XP+zNR5vwKW8bssWf0hxuYfsdz6E1YICJk7fYal2+e/QtbnAlwfY+n+qUDWRDwjpsq7M40QAayI5DkCVPOIzVigSkKW2IZs0ZNpi4lMnCvQORP/kJm4ek7C2v5T7Jw/xztgAuGxU2W/qehL5gpgLaW21ZimjuX85pd/vuKXf3zDP0R++YeA1s/j/PjTKV59d4SnL5Vhw5s4d7GKI2fL2XeyVCChiIEtxeJdKh5mJf2by8XLLKVrRJRXXx61nXrKW3TqKLqsciWJPYrihnT5roSuwUp619cysKmRkW1tjGxtYXBzkxyng/6t1VS1JVPYEE+x2tUYQZbS7dcQKbAVpY4qVMo+KKMKM8uDVbjKrgwSIAqmos2XihZvqjt8qOkV6fGnqtOPul5/eXm82X7Qjb3HXDhyxlGuxZnzF13EK7TnwmUnLl5xFYXjxrHTnuw57MP6UV+aBwIpaw5AXxkgsBhCfl0IOdXBZFQGCvQFkVYW8H+pus/wKK5s4ffn273vezxzZs4kp/E4Y5NzEkJCGeWcc2i1ck6tnHPOOSeEkIRAIHLOYLIJtgkGg40DNsY2xnP+d1UxZ57nflhPVVeXqlXVXbt+a9euvUkt9ycs25WAFGd8El3xinPBO84V/xQXOdm9yGvUUDcYRe/WJDbvyWTboUK2CbJ2Hmhkz64qJgZS6K2NpqUiXiKVtupMyWzT1XZYadH+ZKdECJC05KRFoUsMJSM9Wi7QGnXYmMa6IgGLTr1l2NysjMmn9HwumbqslxwVrN5OU2p/lJ7SowKc0Xrbo5NMJDlWafjuTE6KRsVbepxgLidOCvgo2moz6KxJoTjFiyhfE0GICRG+VgS5maL1sSHA3UIdmzDU0xpdpJdgSi7KLsaCrLXYGy3BSk4ouw0LMVs9B+v184gPsCEzxpvsRF+SwlxJCHUmPUZOzJp0KmQfo8M8ZN/CBFhx5KeHkRzhSUSwm9pHlo+TOeYbVmNirIfJhlWsX7kQ/WXzWTb/PfRWzFX71LK2MMDeeoPa3srCeBVLFr0l8FmNt5MJ2kB7/D2t1CGDtBr5PmJ9SJTPjo90JdTXnGg/M6J9jUkINCLOT7YhGVe0jwEJQSYkBZuSGGhKrL8xMQEWJIU7EqtxJMjdCB/7tWq/YK726wVaArFwP/z8nLG1tSA2WUdOSRlRcfGEhIajjYolNbOAjKx8omIVSClj3cWSmJhCZmYeaenZRMYmE5uQQWx8Jhl5FehyS4mJ1cl7RSSkZMp8Iu5uHrg6O6ENCZFjFkqIj5t8x1pyk6JpKhOsFgpOq4rl+w7FzcVBCjYjXlNqtf6fl3jpd4Krv72Kld5q4n19SdDEovHR4O8u+C6QZKRbkoZKd2LznFQ8uUWZ4BZhgmeUBR7K+IOCK+/ojfjGWuIvERBnLWGlPlWodDyqTbVRIyhOAdZGPENN8QmXZUlyzPN85CIZSEpRKPnViVQ2Z0rBky2FcY5kvGV0jzTQN97O4JQkWtv7mZgdknKll5n9PRw9O8rxc5s5eGqEmX1dbNndxtTeNvYc7WD2QIOUHZWMTkjCNlxBS7tgp7ZErflsbamlq6NF7VutvKyYspJCGmur6W5po6O1m57uHiaHBpgeHmSgtYOO+jZ6m7oYbO1ic1evWnvV3dBJc2kdjaVVtFU10lXfIsuaJSnaofYfde36Lc4cP62+np3azqlDx7jx6Sdc/eQ2J4+f4eNLl7l+7QYXL17hwL4jbJ/ew9TEHjaNzrBlyy5mdx5iuH+ShIgk+U35yLkuCUheifzPXczIezdvPeDclc85cvJjtm0/TI0gq6GqmaNHz6u3+pT2VTc+fcjte9/w8KsfeCDQOnvxNqOjuyR5aaNKgFWZX67espzZeYKjJ29y6tynXLx8S70NePrsda4IsG5+cp/TH91k976zHDhwVqB1jRs37nLu3McqsLZu2ac22FfaeFVV9JCbKygsaKW0tIMMXSWJ8cWkJJVRVtpFcWErKcmFZGfXk1vUQ05BH3klwyTqmskUQGWXjQioRihpnqF+8JgaJc27iBU8aaJLiU5tkot4O9qEWkLiq4nJ7iUooQ6PoCzc/XX4hxcSn9OFJrlJfquDJJdtQavrQJvWRnzRCNnNszLfgqcmC5eAJHUaklhHbOEIua17JRkexC+mnMDYKqLyeklv2E5U/jCxRcOEpncQmtpKQfsuGsfP0TxxnrHDt5g6fo8tx+5y8Oo3nLjxmI9uP+Xwx99x7vYTrtx7KpB6okLs6LX/bYD/M5c+f8KpTx+z69wDtp++R/eOq+S17iMmt48I+Zwk+byEwgH5v/rIaZqma+YjWecjKvr3UdW7i7bxQ4zsPi6wOsvIriOMzO5h+vABNu/dybbDM+w+tYst+3bI8q20jI7SuWWUmeNTzJ6YZM/pGY5e3sv5z3Zz4bPN3P16G48ez/Do+2nOXOtTR1o5caWf/aeH2X2ij9NXhjl1dQvTB/vp31JLY08ZhXWStJXlkFagIyFbyiZdAmEJYYTG+5KS40ZejQvlzY7UddvT1Oco2HKkvsuWyiYzMkuMCY7Rx95tBUZmi1m3bgGr1sxnxSqlI9H3WbzkHeYu/gfvL3yddxb8jX8s+LMA68+8Pu+PvCK4emXB/yLrd7y26Pe8tewPvLviDyqw1m58nQ2CJeWWn9IOy8T6lRdPEpq+jJ7xnwVYgqs1/80CWV9B1hqTVzGw+DsmNm9h7vSuAOtdbNznYOX+PhYe72Lp+Y76dOFGtzew830Xd+1cfKMWqH1eRaYsJz5LkJW/Fl3xOvIqDcivMlAHf9bl6xGfsYKIuKX4BS/AxeN93L0/JDh8EUmyPLd8BeWNetS06dPUZUhHv7ECrB959ttjnsv019++EWTdEmTdFGRd58nTS3z19U4+/3xcTvwxPrrSwb5jDczsbVUbbU/JdOueFsk826Rg7JbCsEOy0goRbj4NkqlWtL24VdjYU8To1lbGpzskA+1hm3JbYP+wbGNI5iX2jwtsuukazVOBVdWVSnlHnCArlqqeRHVMwYquFMo7U/8FrEi15qqqM5Smfo182cG0DCgwCmFku0Yy3mB2Hwnm8JkATl3w4txVHy7d8JN9COD2nQDu3A3g/v0QvniglWk49+9FcutOBJdvRAi0wtl/PI6ZAwkMTMYJDOPo3BSrjpHWMBAm0yhahiKp79OSVy/QKHGRk14Qo3MmSLAVmOJKRIY7GdVBVPeFC7Di2bRLx8SBXHUw7J0Ha9m1p5Ktm9LpFGC11aXS1ZhHX7Myhly52vC9oy6XspxYspJCiQvzQxcfTHNDsdpeKTUxWjLKdPIyo0kScJWUZpAkJ4E2yIP0xAhKcpNJT44gVisnRUwgGbH+5CWGqD24Z0poBR0aHwfJnAMp0YWSHuVFuoCpNieEcp0PNTkBZEQ5CUDMCfPYQJYyjfkAACAASURBVKDTeiz15uFivgo/R0MCXIxULCVoXdRhcrSe5oKsNZivnYvFmrkYLnsPO8Ml+NoZEOBqRlyoKzqBVqzWSZBmSkyIC7mpGhKjPYjRuBLkaYGX3Xo8rddhuWEZjubr8LY3xc5kDRaGK7A208fVzgR/D2vcHU2w27ga03WLcLM3wd3BBC+lRi7IDR8fgZmnHWHBrkRrPYgK9SDY1x53e0MCPTcSH+4muLQlK1GOU4zSh5cJsQHGRHobEOtnQorGjEiPNUS6ryHcZTka51WEuekLFM3Qeqwn2EWfYFcDgj2M8HI2I1jpO8vPEU9XK3y8XSmtaqC6qZOUjGy8/YLQhEWRrbS1igonOjIcTbAvYdpQdXDc4NBIXNz9sbR3l/konF288fbXEhAUhqWlA3YOTmp3D9a2LhgammJpZil/qxGABhAe4Cf7F0RhhmA4W0dzfS1tbW0CiRJqlN7Ga5tJyCpklZElf/jj31i/ZDERrm4kBkcQERCOjYmlwDuagaFYSRz8JFnwIqHIUS5QVv8eN1CTYifgshVE2RKoRLyNXKAEWUoIpvxjrfGNtnyxLNaK4FhbNLH2cnF0ICTWWS5u8nn5PmSXB5FTKYlQTbIAK4tqSbSaeovpGKqjd6yNgfFORqf72LxzmIkdw5J89aq12/uOD3Hy/DhHT42x6/AQU3v6mNjVyfb9Xew81MH07ho2T1fSN1RKR2clNXWl6gDgXe1NDPR00NYo2Xh5FbU19fR29DDYPcSAxPjIKNOjm9SaqoGWLroaOmivbaWlslESnAbaq2VaUUNDYTkVgmClUXpFZi6V2UXUFpQJqma5cfMWN69f58u7t3jw5Rfcvf05d27J/INHfPXwS757dI9vHj3g8eNv+P6H7/n6m+948PARN2/e4cKFm3x08YYg6VN2zeynrKiauHBJjOIy1Nqq3XtO8OnnXwnWvuD0OaXt1SWmBVmd7cOCw80cOnJBoHRbcPSF2qbq09uPePj1jzx89APnL95i28w+Otr7aapqFXhXSZnRJ2XuEQ6dvCGY+oRLV+9y7ORljp++wvUb9zl/5TYHDl/k4KHznJZll+X/+uj8daanD9AvCNw8toMt47tlm+Pk5NSTnFJJfn6zJHM1AqwiYqLzSIgrkPl8KYMK5f1yEtOq5RxokYShjyjBUkRcpQqt1Oxu+V22S8IqEBw6SX7jTiLSmgkKUwY/L8dXk4tnQCY+IXkEx9fJ76oaR68kbJyjsLDV4B6Uin9UEV6hBYRntOOqycMlKF0wVUCkbDtAtmHnEoW9Em5ROPgkSpJQKL/fOkkKqvEIzsXFJw1P+bygxAY8w0vxiSrHI7wYd/nMkKR6YgRAieWyr427yG/bT0HvUZqnrjC07xZbT33B8P5bTAi6Dl39lh2nHzApCJs6cY/d5x+qTy6eu/WjwOoLunZ+TP++m1QNnJJrw6gkHeW4B+cTIPvkLZ/pE1lBdG4vRZ17KOreR2rFFmLyBshsnKR14pA6kHXr+F46J3bQMb6D1rGdDAu2+rftoWl0lsq+aUngN1HXP0Hf9llGdx9i+ugxdp44zJFL+7h8dzf3v9nFl48nOXm1k+GZFnWAaWXavqmRqf2N7Doh596Odoa21qpNdKrb88mvySajJItUAVZSjo4YAZZWri2BEVJ2xbuSnGtHRqkVeVWmgjFjWX8D2RX6pBauEYitEQyvwMpxKQZGAiz9hSqwVq6Z9wJYS99l3pI3mbPodd6a/zJ/n/8nFVevzRNUzfsv/va/MV8B1n/xxhJB1tLfMX/dX1guYNKzfB19ifUb/46hhTJsjjKEzsusUTocXf8nFq78A3OX/IF5q/7Eyg0vq8DaYP0WJg7vYKrUYrnMwcx5DiZOb2Hq/IaEvO/0Gqauf8fe723cQj/AL2qR2tN7Ys5K0orXkFu5nuI6E4prDSmpEWiVrSOjQJLV5BVSbss1yHsunn5z0UYvIT59GTnlK6lqWieJpACr15D2PgHW899+4rf/+VHiqSDrMb89f8Tz518ItL7k52ef8vj7A3z79SG+fHSQO/f38tGlEXbsbxEYtattJfYe7WH/sQH2Hx1R+9bYtr+BIcku2wbzRLhZVLWn0jpQwviMgGxWcLWrX/5+iNmDw+w6NMrsESlEj0yxTTLVtuEs9RZhpSCqojNeIk59cq+qN4mq7hfwKmqOUmuvCps01PWECOT8aekPYGAiiMldQVI4B3PmUjA3P9Nw+24on9/XcP9BmEQ4D7+M5utHMXzzdTzffZvGd98okS6RwaOvdFJAZvDF/VxufprLhau5nDiXL/uWLvuYLGBLEHRFqrHrcBR7j0ey41AAm3e4MjjhROugIyUtzqRWuhFX6KHWcJV2aWgfj2F0Np3J/Qqw8tl9tIL9R5rZPVvJxFAuHdVJNJXHMyoI3bqpjpLsCArTw6jIiqQ4PZzEqEBSYwNobSiipiqXjLQ4SgszSBE0ZWe8aIsVHx1IfJSAriKPuqp8EmJD8Pe0xUNgEubrRFF6NGmCrVgBTXqkJ/lJSkemGgqSfEkLdycr1pvqHC3l6UG0lsRSnCKZdbgTYZ7GgowNuJkvw85AflAbV+Fvp0+I83qCHGTqYigQMyNbwOLvsB5Xs5U4mSxTw9t2LY4mK/AXFMULshSU+LqZCe7s8XexxFuWh3haEeFrQ4y/HV6Wa9W+t0xWfMCG5fOwN16Nn7Mhvs5GOG1ch7XRMuzN1+BouQ4b0zXYb9Qj1N9e7eFeGeA6KsKb+LhgtMFOat9ffh4W+LuZE+ppiYftepwsV+NmtVb2aSMpkXIcYjzQRTiptVnhnhtI1ViQEWaOTqCVGmJCVvhG4jzXEWSzVN43ITnUhux4N9kXG4LdN2JtrvT4rk92bq7a23yWUiAlJpCUKoDSBGNra4OTgzN2tvborTPE0toJZ1cfgaAfFhttWbR0LX9++R3en7eSxSsM0FtvQVBImHrL0MnJlVUr17J06SosLOxwdfFAK8BKT4xXG7pHhQZTkKmjrCCbqtJ8urvaaWmuY+v2nfRumqZ9dIbi1jFWb7Bn7eLlhDgoY0dq5Zi742DlxM6pKc5/1Edpq6ecTwLxUie5ENgRlWMr4aAOcxOdLccm24WoLDfC0gRNSXYExAvCEu0IirdHk+RAsMwrtVqaeDu08U6EJ3sQmepJVKY36WXBlNQL+BtjKW2UxKg1VxKiQhp7y2gfbqBvczdD44Ns2T7O9J6tTM6OM759iNGpLiZmuzh0YpSDJ7aoHfRu3zsq7w8wtr2bzdt7mNjezqbJGnoHy6mT86Kioki9DdhQKdturKOtuZmW+laaa5rpbR3g6K6D7JuZZWpoXHA1xpb+zYx0DdHb3C3JTBstVfU0lJXTXFpOd0017ZWVNBYXS7KRT2NBiSxrFXg10Fpdz4F9B+nv6qO5vJLtk1Mc33+Mi6fOc+3qTS5eusql8+e5dOESl2X+88/v893j7/nuhyf89MuvPPv1n/z08zOJX3n60y98/vBrDh69xOjYLGObZzl45CM+u/cVt5UnzS58qjZu377jCIMjW+kf3Mq2Hco4hpcFaZ9wQ5D18bX7fHb7ax598yNffPk9H9+4w8nT59k6uYOa0kYpD1pobhlh89ajHDz+MWfOf8bJM9fZte8UBw9f4PylWyq8jh2/zOHDH3Hm7DV5/2N27T5Nb+8kTQ39ArtJujonqC7vIl5QlZZeLb/5RjLSa4iJypPEIVGN+NgCUpMFDtH5JKbWkpzRhiayWLL7QiJiKolLbSAqoYaEzE4yyjeTWDRIVHorAQImv+Ac3HxSsHbUCpLCcPSIxzUwC9eADHkdg5GFL8aW3ti5RmHrEi2wysTeNwVz2yDMbYJw9k3HLTAHCzutYCwU443+mMhya7cY7D0S5P00XLzTsHaKwcEzGUdfHbYeybKNDJz8M3HwSMLFT4e7IM8nslR+600qwrRZvaQ37qVk4AyFfScoHzpLYfdROmZv0LLtGi1br9IyfZn+PTfYc+Ehx248pn/2JgUdR6gZPUta1U5JTprl8zKw907BKSAbB/8cHHwz5dxpID5/kNjcPjm/2vGKqiI8v4/KgYMUC7xKu3ZS3rNDpnIud8zQPLZfXu8kvXYTcUU9JBT0UDswIxg7QOfkProE/z3TWzh4YYZLd3by6cMdHLsyTNNwM6VSNlS21QmIKmkarGbTbD0tQ9W0jVQIsMpo7pfzp62Y3KocwVI6aYWZguFUIpOjBVjh+Ef6ERDhRqgkUZGpZuqTdQnZypN2q4hOXylJ1Qo8g5bh4L4UC5vFGCrAWr+YNesWqrcJl6/8gCWSeM9b/BbvLXyNtxa8wt8X/IXX5guw5v6BVwRZCq7+Ou/3AqyXeHXh79TbhG8u+R0frvkTSza8yirTV1ht+jJrzV5Dz1RwZfIKKw3/wsr1AjC9/2be0v9ijqDsgxV/ZJnBK+iZv46B9ZtssH0bI7t3VGiZOLyNseObGDsIruxfwcDhVUycX8PO9028wucJ0hcTl7mC9OLV5FfrU9ZoRE2rGbXtJtS0GFNWZ0heuSArdzVRcUvxDpgnv935hMcsIyZ5KWn5yymvF2B1rZNjaiTAMuc/fvvnU377589qPP/tieDqMb/+9p3EY549u8PTH0/x/XfHBSRHpEA4wPXbhzl3cZjDJ9rkhB2RrGia85e3cPLsGMfOTAg8eqVAFC1PV9AykEtDT5baf82mbW1SkHYze2CAvYeHOXBk9EWcGBdgbWZid72ASWDVkUxdXxo1vcnqgM2VXbESgqxu5SnEJHJqtWRVaSlp0wjgQgRyAQxNKm2rgjl5LkgKmSBBVThfPUrkWwVQ36bzw/fZEjqJNH78IYenPxTz05NSmZbJtEqiRpbX8OT7Or5/3CIIq+P+F5UCtGpu3anm9ueVki0WcP2TLK7eSOXap0l8dieZ23fipKALlOPgzN5j1kzutqd9zI2Sdm+yan0pbA+hcTSavm0pbNmr3CbME1AWs+tgObt2FrN9vEAK+izJopMY7S6Uwr+QlvIktYF4arQPBWmh1JZkUFmcSlaShphwH8keEyiSkyBXpjmZcvEq1pGeHEZmSgR5WYmkJUaoNVg6gVdeWgxxWl8StN4kh3sTJ8BSbu3F+NmQEGRLfoIP+YkCOEFWdkIA9cXR1BeEq1GTE0pSiD1Bjkp3DEZY6s3F0XgZ7uYr0Qq6lBquUDcDgp30ZT1rUrT2uAuSQgU2fo4GgrGV6piGTmarCHY1xtt+PTbGKwQ7xjhZ6KsY87czxExvEeuWvYuZZDo+tvo4ma7Ezmg5LhZrcbXWx8vJFA8HUzztjeVvDQgTTEUEuwqsBB62hsRHeBCrdcPVwUAKfG8iQpzwcTLB2lg+33w1IV6COSdjAacFqRHuJGicBFjK1Jlc2f862dfaggjBpo/sgy25sc7kxLiSFe1GVpwHVbkRcrGNJifOXVAaSk1ZEt6ullhamBIZEUW6LonwsEBcPVzw8PbDztGVteuMWbhoFWYW1piY26GnZ8riJXoYGW/E1y9YQivz1ixfpYxdaI3+Bit8ZFlWdjGRkXFERkXj4xuojkkYogkjLCyW3Jxc0pLiCA/yJzMpnqzkWMrzMwTdlXS0tzGyeZucR+eZPXGV7Ucvs3n/RziHZvLW+4vlOApqXb2xNRbE+Ydz8eZDufifpH1IS2GrLxnVbiSVOBJXIFHo/KL39SJBUmUgGZUhpJYEEZ/nQ7jORWDlRGiyG5E6D6J0yoDKCqwciUxxJjbdiyRlFINCf7LKg6TQjqW6I43qzlyJUmo6K2jqE8AMN9I10kbPUBdjE1uY2rGNqZ0KssYEUP2SjPUICLZw9NRWdh+elKRsM2NTQwxt7mPz5ACT2/oZ3tRGR1eNAKuEyvISAUApteWy/fIaddgXpQF6Z307PU1dHJyd5er1G5w6eZltE7NsGdrCeP8mRruGGWofoLuhjbriCqpzC2gpkwtOaSmNRcU0FBbSVVFJX00d9UUlFKXpGOjsZd/+Iwz0dLOprZUJwdbs+BQnjp7iyNHT7N8n5aMy/tyRkxw9fIJz5y4Jlq5JOfkZdz//ksc/POXp02c8efKzJK8/qTVQdx885ubtr6RcecD9rx7z4NEPXPvkgXoLb3xiH8X5lZQV1zC2aaeKriMnLqmN3q9evcuVa/fUmiylCwel9/YLl2+we/cRWut76Gobob93jOraXjZPH5ME+CbHTwoG9p5jcuqQ2gXEOfmMEyeusGf3CfbuPsWhQx+xc+cxRkZ3UVc7QGV1L1XV/TTUDZKZXUtUTD6pgqu8wjZ0mfWEhaYRodWREF8oUUpERDbh0YKt7HaSM1sJjSzCX0AUHl1GSESRQLxGfltDhCbUEpHchK+2EEe3BFy8kgRPURiae2Fm7Y+VQwR27omCKA0GZl6sMXQUaPkInvwwtQ/GxjNWXnujb+jEehNPzP4FK2NLH9mGp7rMyNwHo42+WDiGYecci4llEBay3Y2usVi7xmPlEoutc5xELDbO0VhL2LrFCboEbCHZuIbk4JvYSEz5FJrsIcLyR9FkDhBdMk5awz5SambJbN5H+eBJenZfZ/L45zRuuUhk4WZSqrcTrOvGTVuKpVsiVvJ5Np4p8tnxmDhF4hKSh094BV7aMjzDynAMyCMotYXkygkS5fNymraT17yD1KotxBUPkVY+JslPD5pUwV9CA4mFPRS1jJPfOE5xyxYKmgZpHOxj14kJ9p+dYvuRcap7O8mqaCK1oJq4rDLyqqqp7a6loK6c3MpyGvuraBstl/OyjNKmcrLL88koFWQVKMBKI0aXTJgkdb5afwGUAz4aS/xCN+AXpodv2DJ8whbhGbIIV/9FOHovlO9vEWaWS1Rg6RssRU9/Eav1BFj/aug+f+nbvKvUYC16lTcEWErDdgVZry74479qr37PX+f/Jy8vfIm/L/49/1j8Eu+v/G8WG7zKig2vsMLor6w1UcYm/Jskj39Va66WCq4Wrvwv3pd135X4UNZfJMBaKQhTGrob2bytIktpw2UqyDJ2fAsjewGW3asYObyGhfsbOAe/S6DgKjxpCSmCpJzKtZQ1GdDQbULHgAU9o1a0D1rQ2GEuyDIgv3QVSenLCY5YQFD4AsJjlxMZv4LolOVkFOlR1rCeug4TmrrN+I/n//ye54Ks5yq0vuefgqvnEr8ptwt//Zyff7mG0lfW0ydnBCvHuf/gGF88OMS9+7v58stTgpGLPJK4e++44GYHx88NsvNgO+O7lKrHAilQs2nqzWV0upHZQ73sPdqn1ngdODok2dsI+46OsvvoAOOzhaLrFFqHdOrQGC0SzaMp1A8mqP1bFbVEUtAYSWalljTJjgubA2kVXG2a9mPPET8uXgkX8ETx5cM4tWbqyfcFKqBURP1YzS9Pa9V49rSBX39qlejil5+7Zdoty3rlvQF+/mlQ9rVfwNXNk8edsp0uHn/bLejq5/HjLtn/Gr55VMSjr/L59lGxzOfJMUjkzh2NfL4TR047sO2gC13jnpJ1+JHfHExlXyRt47GMzqYxtT+bmUMFgtAKDhwsZf9MLhMDGSqsJockm2jLlII8mrxUDSnRcuET/JRkx9DXWU1DTQGRWj90qXKxzU4mOzWS/IwIUuOCKctLorYsk9gQTwkvyvNSqCnPUbtESAxX2kD5kRjqRUFqqMDNm+hAe3ISvMiI8iBNcJKp9OAe4kx+aoCAQktjaQJNEuVKv15BNsT6WRPpZYaz8XKcjJbhb29IpK8lGuWWn78tIW6mxAbaqP1nKeMVetuul4v5cqyV/rds9AlwFlRZ6mFjqo+DxXpcrNYLlgyxNFyB2bqlGK6ci5WckIGORiqy3C3X4GW1Dn8HI4KcDQlwMlSH6wlyN8PL3oA4AaHS4NxJ1vN0NBRwCapcTXG3W4+rhI+LMW7W6/AVWHlYribCz4rEMBdiZV+UeeUWZ3mGhuaSaGrywmipTFShVZMVSFtppMxHUZUTTnm2RF4sVSU6Sot0JCbG4uYhhbqRDS7uGsFPHM7u/pJZ+2Fm48qaDXbMXbqBt99biLNrAKUV9XR19TA8OERtVRXlpUWUVdXSqDzxVSsFd3wa4eFx1NQ0UFZeTXZ2ARnp2epYeWlyMc/PyyFbCrnIMK18djzpaYkU5WbRWldDQW4Gw0PDjGyaZHzLdiZn9rNl52Em9p5mcOYII7tOCpgaePuDZVhvdMTa3BxrU3Ni04r45MEPfPnVDUam5Dvu8JVzy4ecek/Sq9xJL/eQc8xPfWq2oCni3+0ddWUhJOT7EZ7miTbFUzJZLzWidfKbyxCw5nijKwgiUxmqpjSYvOoQyprlWHZnUNdbSE23FORdlZIU1ct520JHfzvt3Z0MDo8wOb2NbTu2s212m+BKkLV1kP0Cq6OnZjh4bDs7dm9mdPMQ/QMCq5FBNo8PMjDYRWurZOJNcjyrK6gXaNZV1FBfVi/Iks+oblbH6lPaWHU2dKhP8J0Q+Fz65A4H9p1mbEC22T2kdrza3dBOo8CsPKtQfhfKbcFMqpXhcrKyqPnXtCI7S97LkPMjj8MHDnHs6FGmeiWZlO92c2c7/W2djI/Psm3rDvbt2csRwdWRQ8fZPXtQ5j9i/6Ez7Dlwgo9v3uWLr77jq29/5NvvnvL14x959PgH7j38mtv3Hqm4+vLbJ+qQN7c+/4azFz6jp2+citIGaqu75Dgd5cjxK5w6fU3tVuHylTsqtO7c+4YHD77j8tVb7Jg9Sm/nJno7RhgVTFZXtFJbN8DW2TPsO3yF/QcvsnXbMbZuP86+A/K/HTjHgQNn2L7tENMSIyM7GRyapalpE9lZdRL18vvsJiuvkWgBVqgmnaioPOKSywkTUGlDBVhxhUSEZ6PR6AgK1hEQmk1weL5chAQS/sl4+UpiEpiGu18agRGlsrwUP00RXsFKzVMoVvZaNtpp2SAoWi2Y0jdxw9QqEANTL/Q2OLNyrRWr9W3l3HNhraBqnak7hhJr1juwTN5brmcry51Za+DIWmV9fXvWGSp/Z4OBgGujbTAGgi4T62DM7CKwsI9kg41G0BUsEPOV8zeEjQ5hWCrhHIOtVzLWnonY+qTiHF6Ga3glrmHluGiK5YJcgH9SGwEp7YRk9RFbNo2uaS8VI2fIbD+Id1wTnpFVuMv6tl46jG3DMbaS/ZPtGtuHyYU/mI3uCdh667D1zcLOLxdLD52sX0ZE5hDhgrnEss1E5fYRmNhAQHwDmsRm/GPr8IqswC9WcJreTmxOBzE5bSTlt6MraaOstYOWwV7q+zvJrqojKqMUbWIRQQLesLRidPIbj88oJi69hMyyCirbKyhuqBRYVZIryUmRnEMFFfJeSZ4gK5/o1AxCouPwCfHHK8gZ9wALPAKMcfZdi6PvMux9FuLgtRhHryUSiwWpizG3WoahyULWG0nibKDUYi1g+ZoPBUHvM3f527y3RIC1+GX+sfAFsJQG7kr7KwVXSgN35RahMn19oQBr0Uu8s/y/mLv2zyxc/1eB019YJrHC8C8s1/8TS/T+yPyVf5Bt/o53Fv2nGnNUkAnGjF9FT7mdaCugUmuxFFgJthRgOb4hwHoNU6c3sPN+F4+weYQkLCVG0JQueCprXE9DjzGdmywYnbRlbKsdfeMWgi1TmjqMqKhdR0beSqISF6ONVYC1RKbLiExeTkreOvLK1lNWb0xNi5lSg/WDwOpHCaUd1pf8z/Ov+efzb/jt1695/usXgqy7/PrsMs9++kigclagdYkfn34mWdgnPP3xthpPJL5/cl8yspt89tk4B463MbWnheGtkgn2ptPSl8WY2iN6u3pLcd/RfllngEPHhzh6ejPHz/ex+0gxm3fksGkmi+HpFIamUhiY1tG+OYmq3mi1gXlOnRTe1Urv7f5SaAcysVNpmO7J5WvBfHE/RtCTyg+P8wRICqgEUU87BVBtLyD18yC//dTL81/6+fWXcZ4/m5LYIq8lfp6UZVMSkzz7+UX88tOEbGOSn59uFnRN8vSnrbLPQ7K/XXIMWvjx+3pBXAXffJPBw4fxfHbbl4tXnTh+1oWt+72oG/IjqymQvPZg6ocj6ZtOYtOuDLbszmTbgSL2HipjdiaTyUFZ3i3Hp7dAgJVFlVzUC5MDyEwIpq48g86mAlobCqmukh98WKAgK4D66gKKlVuIEhlJwQKpWDKTwigtSKOiOJ2S3BTy02PUbWh97AnzdZZ1o9TbjjqBW7zWh8x4DbnyvvI0YISXcqvOmqwYD8GYCyU50TQowMoKJinUnjh/S8LdNxBgv5Zg5/VYr5+Pl/VSAhwFLz4WRPtbEeZpRmKwHbHBNoI1O0GXBdaGy9RarxAnI1l/Jc6mK3EzX4nHxtW4mK7CdeNaXCzXopF1U8OciQl2ROttS6QAUPk/Qr0sBEV2AitjXK3W4i+IChTEuVjpo/GxFUwqQ+U4EhrkRGigA14uRlgZL8F83TzsTZbjqPTVJVDzczCQYyAg9BQQepsQ4bFe4GirAqs2XyvHIYCyrAgqcmMozpZjqTzan5IoF5MEdOmZJMbFo9GGY27pJNmZNQHBGqIiI0hMiCNNAJQs6zo6OuMfEES4YCgvK5uG+gYamhspKyugpaWetuZ66mvKaG1rplwKsioBV39/P1kZ6VSUl8rnpartsxKTEvD2ErxEhBHo74mfrycZqYmEaYKIjwkjPloSjIQYAV8eTQ1NtHconT6OMrR5htGpWWYOnpX4iK2HL1LaO8OcpQYsWLoOvfWmrDe1p7hNaQD7lE8/OcamiTBJaoKp7vGnqtuPSsFWeXsA1d0R1Mg5V9kZTUmLgL/2xW351NIQKdADBFk+kq35EKfzJzE7WArjEHJKQ6WAjpbMOIL86kjKW2Iob4uhrC1eHWO0siNXCvRSqjtqaOpspbmzU6KXnv4hgckUW6e3Mz2zjYntAsapMaa3j7Fr3wR79k/K8mGGRgbo7uljQNYfHRxluH+Q/7Xy4AAAIABJREFULtlGf1cnQ7K9nqZmtfuDpgqlPVUzXUrtVWOnRJc6ba1sprulkz17DnL9xm0+OneBLcObGWjpo7+lh666RhoLy6nMzKYkLY3S5BQq09OpSs+gNDWJMl0adXn51MqFZ7i/l1OnTsp52Sy/9XASQoKIke++saaD1qY+qgR5bW19TE3tUhu5b53aI1A8z4Xrt/n0zpdc/+wLzl2+xYWP73Lj9kPB1bc8/Pp7FV4Pv1aA9ZQvBV9ffPUD9798zPnrd9ix9wQDw9NMTB1k36GLavcMly59ymXZzsWLn8n0tpSB30ri+4jzl26yc+YgXQKsnq4RWhp7BesC0ZZNDI/tY8eec0zvOMWWrcfYMnmYzRJT00fYtfO4vD4ocN1Cc+s4jY2j5Oc2qQ3a01IrSdZVEh2bR2BgEqEhqUSEpePjF4+HdwxBgQmyTCe/2WRZloCvrOPmE4eLVwIuHnE4uUXJNAZH10hsHLS4eSeptwXt3aIxtwlWbwOaWAagb+yh4mjpKktW69mxfoMLy9ZYsWTlRgkzlq0yZ6WeNcsFTivWWMsyc5as2ci8JSYyb8Hy1dYsW23FwuVmgi4bFsmyVesd5bfvoQJsnbErRgIcUwHWKmNPgZyXulzfxF3+B78XNWTWGswdojC2C8fMKRoztwSsvDOw9s7C3C0JC9ckQVahGgqiAgVamqxeNLkDhOVtwjGwSGCWgY2vDnNBlb55IBssQjCXz9QX0CmvTWT7G91TsHBLlmkqpi6J2AXk4JfQgldMM16xjXiEl+MUVCAAKMMnqgpP+Sxl3je6moC4OoLiawVODSQVdpCQ10RGZRulHf2klDYRHFeEd0gufqH5eGqy8RL8BsQWESgwjkzKJl7KqLicfBKySkjJLSWnvJzimhqKqqvIqaySc7qUxEyBWUIiAWEavIPccJNrhJO3AQ7eejj4rhIgLpZ5BVeLcPBcJMBagpn1MkHyIgyMF8pxXSTHfiHL9OayYPUcPlz5Lu8t+ztvLfkbby7+K68tUp4g/G+1cbtaezXvJRVYSrwy7z8FYP/Jm0t+z3tK+6o1f2b+2r+xcN3fWKz3JxatFlyt+gPvC8AUWL254P+oNVhzV8l7619mmdGrrLJ4DX3rf2Bo87ZA60022Mu8cnvQ8XU5/v+Q7+ZN2Y8P8A5bRJjgKDl/Nfk162nsMqdvzEYSUHsmZuwlMXFkyzY7BsY20t5vpPZzlVO6WsrAJWiiFxCmDAodvRRN7FIpD9fKe+vlWBpT3mCq1GD9qLbBev7PbwVYDwRXX6u1V89lqoDr2fN7AqwrApVzAo+PePbLHYHXI8HIPZm/K3i5y88/3RZ03eXJ0694/PgcF690sn1fswCrjOa+ZHo3pTM5W8TM/koOnGzj6Nkejp/r59SFQc5dGhKY9Ml8DfuOl7DrSLasl822fTls3Zsr6MqgZSheCvsoytRuF0Ko7g1gaDqQU+f9ufmJN198Ea62qfrx+0J++bFBrZH69ecR+R83C6CUGFcx9duzf8Hq190Se1/Esz2yXF5L/KouOyDTfbLPe9V49ssuCeX1fpnukP3dIvgaEnT1CDibBVklfPt1NvcfaLj5mQvnr3hw8IwXPdNe5DUHoKsOUNtiNW2KoWtrMkMzOjbvlP3bVSCFfQk7tuYyIln+xGARkwPFDLfl0F2bTElmiDqMS3F+Cs21uXS1lZEYoyEs2Jv68mwqC9Noq8unMCOCyCAP8jLj1Mbv1aXpgi0tBRkxJEX4CaY8iQ/1JDc1jKy4ANLjA0mMCBKUxZOvi6ZAIlpOnsRQN0p1IWTH+ZKXEkxVXji5iZ6UpgeTHemKv90qgdFyfOz08LZZhY9EkLOBCiylkbuL+RKCXdYJtpSaLRNiBDzKNlO1AiAPM+KCHUiPUZ5kc8Hf0YggQZdy69DefAUeNvqEeW+U9wRW4e7Ea5Q2QzYEOJsQ7mONn0ztjFarTzNGhSiN5S2JDXUlKcqPtMQQysvSSIoPwFm24+duhpvNOrW9mI+dPt4SCYI3Zdig5Ag32Z4dMbK/+anKE4yJZCZHEqUNlOMhqKxUHunPICc9jrLcJCryE+hsKKBNGb6oIpNsXQLFeSk0VshFNzeZ1KQoQoIFrNFhZGekqtCqLCujpamGwuxUWSdNHX+xqCCTnnbBVmEWRYWZgqI2qiRTLC3OERz64upij7O9IFUTTHJCNIF+nthZmeFgZYr+qqXYWW4gyNsFbYA7JnpLcbY0IiM+irBAL6prauXk3ycJzB4pEARY+04wufsos2euU9a/k0XrbHhjzlLeXmwgmXUJM6dvcvmzr7h6dYhds1r6NmtpGlaevg2layyCzrEXA523jyTRMZpCXU8ixc1xAqxwdKVakovCSMwPJT47hOQ8DeklkeRXCkDqUyhtSKOkKYuylkxJgDIlkxZYdSm3/QUr7dnUdJbT3N1EW3c7LYKjxrYu2nsG6B8aY3jTBJu3TDI2Ps6mzeOMjGySGGZ4eIChoV76BFfdHT30dfYz2DXAYE8//d0Crq5eSU4G2dwty5r7GGwdkNejkrQMM9I5yKBARwFWryBquHuQTV1DTI1Ncvb0aT6+dJ5d0zvUdXrr6umUi0tLaalAKo8SAW9ufII6WLMyQHNebCwlqSn0t7XTWt8on93DoX2HKc0pIFrpZd/Pn5KsQoZ6xigrqCE/p5QqQd3Q0FY6O0cpLWuiq3ecY6eucO3mF2rfVKfOXefcxU+5qnQKeutLbn0hQPryB/W24bff/8RX3z7h0XdPBFw/qrcPDx+7JOA8K8A6x/7D5zh77ho3b3yu1mSdOHGZC5c+UwF35/7Xsuym+tTi5MQMA3I8lD618vPrqW0aY1xgNSXAmtx2nPEtBxkRdCnRNyDHYnSPOlWGv8kvaKagoInU5DL5nScRH19InGArMCgeX59wggPj8fKIxs01TBKBKLw8I/H1S8TTOw43zyhBVTiOSpsq5zCcXCOwdwjF0sYfCysfbB00ckHWstEhBCNzPxVAGyy8WWPowhIB0gIB0/xFG9QaqMWrNvLhYiMWrTBX4bRCli1aZs7iZabMm6/P3EWGfLDQkA/nrmPRUlN5T5Yv3MC8xcbMX2bCynW2LFtrzVIBmYIuA/k8pRZplaGbiq/lco4owFpn5IGekRsGZr6YWmoxttRgKNgytA/HRLnF6ByPkSDJ2CGajR6pmDvFYybL7fwzcI8oxzW0FJ+YJqy80uQCHomZo+BRwmCjBj1jfwxlqm8RzBqZ32AViqlDjAotY1nX0C4KU8GbvaDNMagEu8B87HyzBTGZ6u1Dp6B8AV4Gdn7ZKuxcQwvxiS5XgZVS3ENEVgNxBW1EZTfhFVGIhyYXt6DMF+3YvJKx90vFKywf71BBcFSyOspEcFwOCZlFpOaWkF6sDOVVRWZpLbrCKlLk95ss8ApPSiVAq8HD3wVXXxscvEwkBFk+q7ERWNkJrJx8lkksxdZVklv7pbJvS9A3W8Rqo8UsN1gkIBJgrZnDByve5t2lfxdcvczfF/3l38B6RemeYf7/tsN6SY2XJV5boCDrJQHZ73lXIDVn5R+Zu/JPany44o+SPP6et5e8xD8W/l/eWPD/8p6sN1fvLyze8DdWmL6C3sZXMbJ7Q76Ht7BwVp4afAtz1zcFyG9h6fImtu5v4xY4l+CY5cRn6pFVrkdlizHtg9YvcLXdQXBlL2WqC9v2ODM2ZUXPiDENnYYUVK4lQbeU4IgPCYleRGj8CoKjlxCZvErAqk92qRF5lUZKDdaLW4LPf3vEb8+/lPhGrc36TW2H9aXadcPzZ58IUgRZzz77d5cOau3WM6V2694LZD29zQ8/PhBofc6du2PsPtLIpm1FdI8mMrY9nd2HCjl0okZg1cCZiy18dLWby9f7+PiTfq5/2s/lGw2CrEqOny3j2JlSDp0qY++JcnYeKmJgKlV9eq9zLJLucQ39k37sOODHlRuBPHgQyePvMnn6Q4Xgql4QKLj6ZUz+X6WGaqcKqH/+KohSUbVHYp/8/wckDsm+Hlbj+a8HJZT5E7LeSZmelNfHX8SzYwKuE/+aF3z9MisxLfs8JtDq52cB3fffVfDVo3ju3vOXgtCHs5d9mTnkS91QAAWtQZR2aqjqD6NRuXhNJNIn+9M/pZNCroC9u8vYPVPO9Khkxq0pcqHIZqAxkbrcUGqLYgVMSZRmRdJUl0NFSZpc5ONobyqju71ULvYJ5GbEqr28F2RGkZEQQk6yMragwCwjnFAvWzIEVbmJAYIaC1JjA1V8ZcQGUKQLF1xFUFmcQlFWnFywQwRLgg9/B1IjvUiNcic90pFMidwYV2J8TfFRG64vwctqKR4WS3EyXkaomzERHkZqe6xIX3OifCwlm3dAF+1FYaq/RACp0Z5kCYBKMrTyuRq0npb4C7CiQxzVJxOj/GyJFYBFB9kLGpRG8MZ4WOvha6uPneFSPG0MBW8bCRNYBbia4+VkTKCXlfqUYLTWlUxdGJFhnoQHOePjYkSgh6kKurRIX2I0ngR4OaAJ9kMT5IOPmx1ZyWH0d1TS0VRIa0UibeVx1Mmx7qjJpLkqgw4BbY/AqqoggdpSHQ1l6eSlCvCLMmlrKJTjphXgeeLrZoWL/G9rli3E18Wa6EB33OxMsDBezdIFc2TeHA+lU1JnW2ysLbDcaIGxkaGAyQwvZxs8XOzQW72MeR++x8L572OqvwYnSwv8vFwxMdJn8YK5zP9wDk6Cray0FNLTE+XzzIkO9qEwK5WEaEF4diadfZsYUtoW7TwkCclBxvccZfzAeVq3nWGFXDj+8o85WHjHMLz/CrOnb8i5d4k718o5f0orv8FIRqZj2DSTwNiMnKszyYxO6+ibSKNvi07QpVPH+MyriyStNJT0sggyK2W+REtacSh5VQL7Oh2VzYL+5nyqWyuo7aqiYaCUJmW0hsFy6ntKBFdFNPRW09rTTEdPJ83tndS3dtDU3kNbx6AgZIi+vlEGB8fkAj9Ct8Crq6NPEotuuiU6WgVjjR201yvRRVdTNz2CJmVIm00CiLHeTYwNTLF18w5mt+5kcmSSvhbZRkO7OiBzf0sHo519jArORroGmRrazOHZnZw7cZo9O/bS19xGR1UFXdXyPwqyStPTyU5IICcxnoKkJIoS5BjExdDR2EK1XIzSo+MY3zTJocNnyEnJRuPhQVSgli5BXl/3KHkZhejiU6mvaWRoeJr62m7SknJpbOxlz75T7NxznL0Hz3JWcHTj5gM+vvY5nwiy7j34XkWWgquvv/tRrc169N1PPBJk3b33iMsf3+XU2escP/0xJ05dVTsLVfquOnLkPAf2n+G0LLt166Fs8x7TM0dpaR1WOw6trWghJ6tcrclq6RTIbj3CxLZjgrD9dHZNCnJn6R/eTWv7BO0SjY0jpOkqBFV5pCSXEOCXQHRkFgkJRfj5J+LnEy3L4vFwjcTVKRRvr0hcnENxEjS5uEVi76TB2i4QC0tfLKz9MLP2/ReufDEwkt+3uScmFl4Ymnqx3sSH1QZOrN3gxJr1ToIocxVIcxcaCJKM1NosBVCLVljwoaBribxeLOt8KLh678NVvDtnOW+99yIWLBGILTXhvQ/WMGeePnMWGLJgmRkLBGbzZLkSK9Y5CHg8WWvkKfCyY9EqC4Gds1p7tsbARbDlIeDzk6lAzDKIdRuD5GIdhIGtlvVWIehvDFbnldoovY2Bgq5wLNwSMXdLkAt4HBvswtX3DK1DJbRssAxlraBqrak/ehZBgg4v9bXy/gYrrRrrLcNkm4I31wQsBVVKWHtlqLHRLRkTp1hMXZT30rHxzcIhMAfPiFLCdA0EJdTgG1WKf3QJLv6Z2LknyTQDR99UbD0SsPVMUtuV2fkkYe0eg3NAIu6hqQKtDMLi0olIzCYquUBgUEt6kYAtV773jAKJQsIS0/DThOAd5CXAchRcmWHvbYCj3zpB2xqcA/XxCDGU7a/ExnOpwGUZpoIsQ4slso8KsBayVH8eC9fOERS9zdvLXueNpa/wugKsf+Hq/wesuQqwfsfLH77Eq/P+L6/Pf0nw9HtB1u94R0A1R+mEVKZKvL34JcGavL9IgLXw//D+it+z0OAvrDZ/Vb6z1zCw/rsA9g2s3d7GyfcDnP3nScyV4zIHR+93BZ/v4Rc2j5i01QJMQ4rqTWjqsRKz2DIuuJqedWa7wGrnfjd2CLImZmzoHzOlscOAouq1JGctJzh8LoERC1RgKRGVslpgqk9mkSE5ZQb8xz9/eyCg+EpA9ZUgS0J5ilCpwfrtW3X+t+cPJe4LMG6pqHqBMeVpw6//jaxnv3zOzz/d4smP93jy0xd8fn9agFTLyNZU+sZjmd6TwaGTRZw+X8/Fq61cvdbJtU/6+OT2EHc+H+Xze6N8elsBVzMXPm6SC0ADJy/WcuSjOg6ermPmYD4j2xLlIhDLxM4gZg96cOaCp0AulG+/0fH0SRXPfurk15/7BVaCq2fT/KbUTP2qIOqIxFEVUL8KpH5TYKUuP8o/VVAd/1eclNcf8T+/XpD587LvZ2Sd0xJn1Pjn87Oy/Ni/arj2CrJmXtxS/KmXn57U8fj7bEFWBPfuB3PzdjCnL/sxtT+AnkkNneNamke11A1qqe0XLA3F0TIi0NqSzOT2XEFWFUcktg9n0l8bRU91NPXFcTRWZTLUXUV3SxnlhWlUFekozk6guaaAlvo8dAlBVJWk09tdSVOlTnAVovYtpfRzlZcUJBm4DwGCkWStB7oob7KTgilMDyc/WSPL3IjXuFCZF0dzbQ6VBUnkJASToHFVxxbUem8kNlAwEu1CrJ+FwMmMcC9z4v2tcTaaj+Xq93EzX4qv9So8TBfjumEe7mYL8di4lEhvc4mNpGpsBGhOpGid0EV6Up0fK1l+FIkCn9T4INmXeEpy4gUM7kSFuBIX7kFMqBtRQY4EupoJ+Kxxs1qHrclaApwtCFXGIXQxw8fZGC8HE1xtjWR9V/zczNTbhKkJgcRH+xMR5kNMZAAJUUGkxsg+Z8RQIVjKTgkmOzFQjm2sQLaEgZYCmqqyqC+Jpzg9SP6/CDb3VTA+UEttSaoAN5mWinTBVwqVuQmU5MbLcc6kVr6LxJgwYqMiBD3phGhjSUzJwD8gEH29dcx77z0+mDOXhYsWsmjhAt56+wP++N8v87e/vcobb7zOO2++jtF62SdvN6wsJMNesZzlS5cR5OVBfEQYAf7eONhZYW+9EVc7S0IDfcnNLSAvL5e8HB0lRYUMj45SW1tDb2+v/IZmmZzZrT5BOL7rGL1Tu+mY2k/V0D48InJZpG9Fw6Z97Dh1ky37z3Hr0wN890k+965nceJEAjsPKJHO5G4dE7MZTO3KE6hlMyRJwMBEFo0DaZQ2xZElsMqsiCanRjBfEUpGeSgF1TEU1aZQ3phJVUshTR31Ukg109TfQMtgHW3DjTT216hPKVW2lcg6ldQ11lHT0EJtUycNApJmgVBH2zBdnZvo6hIQ9A0z3D8qv/0hNQYERT3tvYKXLrobBVeNL6a9jZ2CqF56WgU1bYMM9m5hbGSarVtm2DI8Ie/101bTTGtlI331jQw3NtNdV89Aaycjgi1lWBzltuK2yR2CkyN0NrXSkF9EXXYeJbp0qrOzZZpGUUoqpalpkvTkCeJGqCuvoiItU5KYHE6eusDe/ceJC40hzNtfhdWUHPu2pj4K0uQcjRGgpWfR1NhHQ0MvpcX1alut/oFJurs3s2v3CY4dv8KJ09f4SKCkNG6/fvsRdx5+x8NH3/Pgq8dqNwxfffOE75RarUdPJCl9wFEB1vETVzh27AKHBVfKU4Az2w5w8MApzp79mI8/ftEre0fnmGCph9amHjLTitAl5pObU0Nr2xjjk4cZGpmlpWWUykpZp30LrS3j1NUMUFnRQ1Z2HRHhOsK1OvlNxuLnG41Gk4yvbwz+vgn4esUJqsKwtvbByTEYe9tASSJ8sLT2V3FlYxeszhsYuaBn4IiRmQcmEqv0bNVaqJUyXaMv2NngqdYkLV1jxbI11sxbZMQHAqM58w3UUMClTN8XMM1XkLTEhMUrzPlAXr/93gre/WA5/3hnkcQS5i42Vmu73v1wDe/MWcN789cLqkyZu+QFruYuMWahQG3FOgV0XqzQc2TBCjO1hmvtBhcMzP4/qu4yvo2j/Rf+eX3OKXPDnDiOY2ZmZmYGmWVmkNmyZWZmZortMDXQNE1Tbpq2KWPYsZ30d64Z+b7/z/NiPrvaXa1W0krznZlrr/Xm2FInBKroe0CbkKVh7MtxpEFF2yyIprTMyJeW+1MDxofQFEiVeRiVUOhaBEvXmfpxjGmb0vunZZq0raqRD3+ukpYL1Ok9G9hFQIfApWUayPerbU5wswmHiVMizF2TCVcZMHdJgiEhzcghGibOCbwnzdxdCBufVHhEFMI3phRuYYVw9Cd0eafw+DEbV4IUC6x3i4cNAcua4GdLxdxRQACKhlNAAlyDCcnhhKdw+j4JWxEE59hMMeKzxIhOLSZ0iBCXLkK4MIW2CYcXNVDdgtwJZ/ZwpUawd7gLfAUu8I6wg0ewHpx9VQleqoQ7dVg4qcHYRgV65sr0GR6HovZRHNM8DBnVfdinsoOA9S62HX9zq/fqtf+maOB5sGj6nswreJ/Ke4dfwvajLxOwXsEuOdZb9TIOKrzCe6r2Ebj2sqFBKjvl/jd2EbIOa7wMBYO3oMHSOFjv5FncLT32wclPBl6hx+ETLg/vMDmaP0rvR5belyyhSJ5AqU3/Y6aoarVCe58dhiadMLvsjqWTXlg+643V8744ccYTk4v26B+3QkOHHgorNZGYpYSwaDkERR5HSDSLw1JGVJIaEnK0kF6oh9xyAwas3/Hi+a98eHDz+c8ErV+l0Hr+mzQWi89LkfV882ceBP/ixT/4d1OKrPX1O3i29jWert3Boye/4MGTn/DdvRGcuZSLgYk4DEwl0EHm4YOPyvHxF9X44utW3P2un1pjg/jp5yH88us4fv19glA2gDt3evD1nV58/nU3bn3RgauftOLyx604e7Ucy5dysPJBCs5fD8GHt1xw5643/vhDyIcF1540YX1tkHA1SbiaIwCtEIYu8p6o58+vcSi9YD1TGwSqzcv0vi5L5zdoOUPU1roXBKt/12/Tsk9ou1v0+GOap+kmLafyYuMqf/7zjfO8J2xjfZFQN0qv3UnHUMWvVvznnyT6E4zD3XssXYQfli4EYXw1BP3zEeicDEVVbwhKmglanQloHkzB0LQIF8934ur5DixNFmOiIw1TVJrLI1EnTkd/pxi1kjw0VFHrtyKHKpNyNFUXoiw/GaJUASQFiQQIAcqzYwgPQSii+eRwV8T42KA4LQQZBCsWd5WfGk7bRfEemQSBD+/Jyk0NQ1qUD0oJOSV58cgioKRFulPrnZ4X6YYoHwukhdsj1s+U5k0Q7WuCSE9WTOFnrw0/Wy14WarC00wJflYqCLTVhI+VOnysNRDoYEDIMkdevDcyCXoFmdF0/FTRVOejjLBTJ8lFV0cVerpq0NZUirysGI6hmGA3RPjb8Szzkf5OiKJpgJs1fO2N6PV0YakjB0cTFTiaqUtzYHlbEVTsEBLohYiQAMREBCE7Iwo59N4rCoWoZDfOzotERW4UWiUZ9Lkm8SHYdkkKJLS+tS6PKt90dNUko74sAT0NBIvmfPTU0/HV5PObcrc3V/D8SmXiSnQNTWBs/gzGqDIbJMjUdPUjs7QJYbEiuHmHUIvcBmZWbtSK94ONrQMcHeyoYvKjFr8PvNzdqFJyR3ZKIrJSkuDnTRCMjCQcBsDTyR4ZSUlITUmAgJCVlpxA7yMFqUnxyMnORGlJAXp7h9DR2YVWwkFH9yCmZ1Ywe/IyZqmCH56YQn1rOzqGp1BYXY/a/kmUds0grqQNSSUdGFq9juHVqzh15QYe3uvD2r1MPPq+DL98WYoPr2fj9MVczJ3MocZQDk2LCFlFGJ3PR/9kHloHc1DZmoLCungU1ggJWLHIrhQQuCKQVxWHoro0AlY2xPUi1LRUorGjATUErfqOOjT30rG0SwhWpQSxIuSXF6GotBzl7IbCNR0cHs0ErJZGKk39aG3tR3d7H0a7hjDRO4oZgtJE/ziGOgcx3DGA0Z5hPmXDf2y4b7B9AL2Es/62QQx0DBHIRjDSO0UQGsdIFyGN1nfXt6Krqgbt5fTbKSpCi7gCHTUNaK6sRVF6PuE6FxPD4zixcAqNdFyFqVkQUcVSmpaOakJWlagQJbRNTUEZFmYXIBYRduOESAwKRR5DFoFmdnYVKTGpSBLEoamOPu/BWYgLJShKy0RGVBTShfEoEFWgvKwRrW0j6OmdRmFeOcGyi6CzirmlS1g9fQ2nz97AlZt3qJH2B08iev/BE/zxpzTg/ZffHtL8Q/q/vM9vmXPj429w7dpnOHfuQ5w+dQ0To0uYGFvE6ZNXcZXFaN36BhcvfITWlgHUVrfT61UiLTEPqckiZGayRK2LGB0/jc72CQJWG+GviSA2jJrqXuTn1SEtjfVgUSUbloTAgFh4ekTA1SUIzk4BNA2haQhs7YNgZOZBkPKDtU0AzM28YWrqDiMTF5iYe/OiZ+TKUaWt7wQdA2doaNtBUdUCyoQpFmelrGnHhwVllUxwSE6f9zrtOaSJXQfUCVb6fIhQRtEIuw+qEaa0cETOgGNr/yE1HDisjt37FbBzrxwBSx4HZXWw57AmbauOw8cNeDmuYsmBxeYZwI7TaytpOhDonKCk7gAFDRs+TKhCRcPYFar6jlDRI2SxnjVCmLqeJ019oGbkB03TAMJQIFR0vaBMy48R0JT03Dmc1AlWmgQyZV032p8rNOmxmq4HtBjIqKjRYxV9L3o/9J51nKBtGQw12q+qgbcUcLR/BjRDm0gY20fx+C0j2wgYsKFKWwH07SJhQJAztA2DlTvhNiCTsJQJS89kglgcDGhbM6cY2BCurN0TeFC9jTvNu8bDyDqAuWeiAAAgAElEQVQYJjZBsCJgWblH0XoBXH2EcPaOg0dgCoLi8+EXk4Xg6GxEJhYgOkUaqyVITEVIZDQCw8IRIAiHf0Q4QqNjERofh6CYUHiFO8DFXwtOPmpw9NOEvYcWrJw0YGJHwLJQgYqBPOS1ZSBLwDqithd7VbZjlxLrwfr/A+u9ozQlVL0r8zLeP/w/ZTst20nb7JZ7BfvlpcA6qPgKj7diZQ8DFuFqj8L/gYzWq1A2fgeaZttgaL8bFm77ec+VV/Bx+AkUEBTNijwCIuX4VJCoyPNXZRRoQlxniuZOK/SPumBm0ZdwFYjl00FYPRdE/41BOHk+CAurPhiddkVHnxXKagyRnKHCA9yDoo4jMFwOwRHHER6jhLhUdrsdHWQUM2C9uM+BxXuqNn6WQuoFg9YvtPw36boXbP09bG5+S8v/xL/P73N8bWz+gfWN7wgYd/Bk7Ts8XvsNfz/8FLe/KMP8aiJGppMwsZSKU5dFuHm7Gl9+04hvv28nTPXTn8Uwfv9zDH/+NU1/GlMErTFaPowf7g3j7vfD+Orbfnz8VSeuf8aQVY4rnxTg1pciwlc8vvk2AD//HIEH/2Rj7VEN1p/28t6kzWeLBCwWR3VhC1OEp+fS3icGqRebBCSOpKtbj/+z7qoUWJsfUblN74+QtUGFsPXvxqdUbnFg/bt5Q/q8DTaEeFEaq7Uxj/Vno9KrEp/U4umjEty/n07vLQ7f/RiIW5/74fJNfyxfDqaKUIDhxTi0jyShsj0G4tZYqrwyML8kwfkzLVicrsCJGQmWqEIbbRSiqzqJKosSdNRloFGcisbyNNRXZqNGnIPyghQU5yWiv6eaxwjlp0SiQZzJb7dTkBKEXKEfYckTwmBniBKCkRrhhcocdmuOEMSEeCI7KQIl+fFU2YchPdKLnhNC67wRH2SPNIEzCpL8EONriQgPQ96DFetrStAyQ3KoHQ9mT2IB7X6WiPe3QBRtE8TBpQZfWw24mqrAx0YXIW5GvBeMDVMWZQhQIYolEMaiODUIlUVUUaeFIodeV5QRjuzUCJTmJSAzIQixIc78XoexAXYI87RCsIclvxLR01IDNtQiCnA2gberNTzdneHiaE/AckS4rx0duyO9nj1yU8KpQsnnt+SpLUtGF2GppjgZrVWZGGjKQ1M54Vacht4mEfpqUzHQkIG+hly0EWKnR9owOtCJuflpzCycoB/XFZw8exYjU1Po6u9F/0APqquqkJ+fDx8fb6hraENfzxKCkDDERwYg0MeJsJiM5tpKtLfUo7GxGp0dXWhqbEV9XTPa27rR0dGJfFEu6qqpwi0uQKEoDyUFWairLKfKLw6JCUKCRwMKCkQoKy1EVnoSCnIyCFklqOOB7Z1oIkw1t3ahm8DXOzZHLa8h1Da3ELBm0D02j5KWEaRVDSA8qxqSnlnMX/oUgyeu4POvbhKsCvD0biwe3hHgj69i8eUnWbh8tQArFwqxeEaE+VMlVMowsViKwalCdI7korY7HZUtKRA3JqGoXkjYiqNC09pkFNelE7ByUFqTB0ljGepaalDdVEPHU4u6VoJWWw0a2mshbpCgoKwMJSViVIjrIJG0UmXezu93x4DVSRDobOlFdzMLPO/GcDu76fI4pvrGeEzVRO8I5kenMD00iXFaNkllom+Elo9jdnialwlaNtbLyjhtM4qJoWHeY9VWIUF7hRhtZSVoE4sJ0A1or60hQIvRQJ9rLeud6uzBmZVT6Gyl7ycxBXmEIklGJu+5EgmTUZiRjbmZOWrYpFHjwRfhnv4I8fCFuKQGNz/9AlNTS8hIyER6fBL6CbjtbQMozM5DdJAAAe7e8PfwR0x0KorL6DzonkMjgbIwu4C+ezH6B2dwYukiFglaF658Rv9zvxCi/uTZ2hmqvv/xT3x/72/8To//JHD9+fdDQtcf+PSz7whTn+LypU8wzxKEdo9jmsB26tRVXGPpHK7extDQHH3eLWil12uoaafzswwJcVkoKqhBL50bA/3zqK3tpW3aUVzQiPycGqSnliI+NgdRURkIC0uGv18sXJyD4GBPkLL0gL2tN837E7ACYWrhDSNTDz4EaEagMjJyhp6uNfQMnPhVf3rGbtCmeXmCjbyKOTR17Kk4EG6sCVaWPBCd9SwxXO05QrDar4o9hKn3diti2y4F3lulqGmDw3KG2LFXmeClhj1Udu1VwO59Stix5zi275bFzj3HaJ0qduxTxS56PoPWUSVT2r81jhCsDh3Tw/4j2jimZAZVXRfIqdjSvAWOKVtydClqWEJJxxaadMwqLDZL343w407YcociQ5OBJ0HIDyqGXjiu7QZFPQ8c03SEvDqBTNcVilrOBCsWlO9E78sBcvS6xwlTDF6K+p5QYEXHHbL0uqwXS5OgpqxD+9FyIoh5QVWPMMcx5g89QpWhVTgMLcN4DBd7rG8TDgMqZi6xsPVJg71fBiy9UvnwoTEtZ1crmjpG85QQpg7RPKjexjUBRjZh0Db2ggFPcREOUycB4U0Ac8dw2LoI4OKTALegZCoJ8A1PQ3h8HuEjC5F0LgsS0miagehUWpaUi0jCeWRyLsLp9+BDDXXXYFPClQYcvFRg703/z26aBDotmNqrEhZVoGooDzkClozGQRxS24O9ytuwQ/EdbJeXxmD9N4P7EcIVgerdwzQ99BLeo7KNAevIq9hN2+w/TrjaAtZ++Zf4lYP/AdZu+f+DfUovQ1bnNQ4sbYsdBKw9sHLbBzf/o/AOYahSQFi8Eh23CiKESvy2OEk56sguUEehWAfVjabo7LPH+KwfFpaDcOJkCE6eCyVgheDU+TCcvRhDjyMxtxiEwVEPNLY5ISffENGJqghkwCJc+YfKIjxaEfEpmrRvXWSXmrAYrAe8h0qKrO+ofCstz38gWFF5foce03TzLpXPCVk/gaOMxWE9Z8OE32N9/S4er/9IwPoFP/86gnNXEzE8l4SxxTQsncvGpRvFuP1VPb79rgP3fu6nP40x/PX3DP65P4v7/8zj77/m8Psfk7z89uc0fvx9Bvd+ncGdH0Zw+5tu3PqqkVp0dfQnU4uffymi7TJw/+8cadwVHxoclw7ZbeGKg+n5Nd7j9OK/Q3xbvVX/nyE//vj5h9JlHF5s3YdbKLu51YP1MQHrNu/Z+nfjE75+k/d4XeSxWxvrq9J4r7VBQlY7TwPx5FEBHj3MIWgl4s8/ovHTzwJ8/m0YbnyajKu3Svhn0jYUjqqOUDQOJKB/PBerqw2EqwrMDRZgYTgfI82J1NoOR3tlElUwRWgoZakE4lFNUKitzEJPexVa60vRUldCre9GqizyqaUdQ4iKQnl2FGryhShLD6dKIgA5Mb4ELE/eW5XCsvL6ulBrOxjZyeHITQ7l8Vr5aRFIjQ1CTnIEKnJjCVjB1EJ3RICdHsdShJc5cuNdCFRmSA23QWakA78dTri7Ee/hYrFYLCdWlJchX+Znp4MgJ124mCggkObDXLRRmhmEirwo5CcHIi3Gh8d6VZYko7osDUXZMSgVxaGyWIh6gqS4QIjsxCA6Xk+eGDQ20AYR3tbwd7OCINgXUcE+CHS3gKetNg+2d7XQQBBBLD7Mnd9mSJQVhxpJDrpaSzDQUYqmsgQUJ7lDnBmMmsI4dNbmYWaoA0szw5idm8ToxCROn6fK7YPLmJgchqS8CO2N5eisTkMFfZ71VcXo7ulBP+FlcGIe5VU1iImLR4BvAKLDg1BVmosMYQTyMxLQWluGHkLGYG8bKitESE1NwNDwKAaHR9DV3YuGuiqUiLKock0jlAUhzM8Vfh6OiArzR2w4oTMrDQWELpamIdjfiwe7u9qaIikmHOUErjYCWh6tLyzIR1fPAL9asbisFFX1zeidWEbL6CKKmiYQV9iO3MYRdM+fx9ipG5g+fQX37t7C5l/DePRdMh7ficH9O7H44ctsfHKLGjEfVuPcpQosnS7FwqlyzKxUYGSuFJ3DhMGuDFR3pKOqPQ3VnWmo6UqnaTpqOrMgac2BuCkfJXV5qGwuRXWLBBV1YkiqKlFVU0MQbEJzWystq0OJuArl5TVU6jmwqipbUVvVitbmAfR3jRFyhnmM1CiBiiUGnR2cxGT3KAYIXUNt/fRbGKfvjZBFyxmkhruGMdYzwmE1SRgbp/nxnlHeezVMYBqh76yHcMsSiHZLKtBeXkZFjO7qWrRWVqKpooLOjXI0F5egU1KDWYLqmZPnMD8xhbbycpQkJaE4MZEHupdmZtB32gtRWjr9niIQHRBIDY8AxASGEaTbcev2FxgcmkVkaBSd15U8t1RtTQcS4xIR4OkDb0cXeLh4oKy8Dt19s+gfWoK4rIHO2WjkpGajq2uIYH+Gp2G4xXJcffkjTyR6l6DFAte//vY3Dq2ffr2P73/+Cz/+8jd+pMfsasIrVz7FhXMfEQBPY3JiCYtsP+c+xKVLN7G8fAltbUMQlzeho6mXUNmCvJxSiPIqCPJ96O+bo+kAz3slyqun4xUhLjoHEQQrP98ouLmGwstTAEd7X1hZuMHczAUW5q5U3GBp5c2HAU3MPGFAkGIxVqxHS1PLmooNNBim9Bx5vioNXXscIUSxIUBFgpWCmgXvtfpPfNRBBqCjOhxXO3cTnvYqYdc+ZRym5fIqhDNVS4KTOt4nZO0gWG3feQw79x7He9sP4/0dRwhactixXwnv71HE+/T8nQdVCTmEJzVr7DuqhZ0HVDjgDskZcPjIqzngiKIZ4c6UXlufwGVGx2EEDT2CkqY9wYe2IUCxHilFgpO8tjMfNmRDfXI6rjiq6Qx5AtIxNXvIKlsQ0izpfdnS+7Kjx5Y4woYy1e0Ic25Q0CRg6kpRJqvG4r4coGHqT6jy5BhTJXip6HoQ3rw55PQsQ3hPmS4VLTY0aR5IuGKB8ZGwdBfCmiVO9crgVyCyOC8WuM96u4ztIvkVkCzuy8Q2EiZ2UbSfAKjTvnXNg2BsH0H4ioCeeQBMrINh7RQOBx8hnPyFcPCNhn9UqjQmK4UaBsn5hBFWRIhIKUZUWhkVMSIS8xAWF0fbesMvwhYewfpwDzKEi58x7KixbeOuDysXQxhYaULDWBFyWkdwTPsIIWs/DijvxC4Wg0XAev/463hPloAl8xrePvIy3iZUvX3gZbxz8CW8T9B6n9C1XYaAJfcq9m8ND0oLzW/FYe3ZisPar/wSjum+DiXjd6FtuR3Gjrtg73kArgGy8AqVAitcqIzoJDXEpaoiNUcTOaXaKKnWR0W9AepbTOn36IbJ+SDMngjA0ioDVhjOXIjF2QsJVITU0I7B/FI4BkZ80djiisJSayRnGSBKqIbQKEWECOQRGa+MuBQNJOfpQ1RpyTK5PyJQ/AFpLNZXBIcvCBZfEKS+kiLr+fccWC827+DfzS+ofEXbst4sBrK/aft7eMYSkj77Dn/fP4XPvsrH4mkhhmZTsXA2C5euF+Lm7Up88U0TfvixD7/+Nkm4WsCDByeoLOHB/UVe/vmboEXl/oOT+Ov+KrXQFmnbCfpzGcB39/rwy+89+P2vLlpeh3/+EePxw1o8fdKOZ2v9WwHtJ/iVfrwn6jkD1lXp0CAfApT2XL14LgXWi+c3qBCwNti6D6UI29jablMa5M6HEfn0Qz5M+HxruPD55o3/WU+YY4HvLJj+OetBWxsh7PXwPFvrj+uw9riSsFVE0MrAb38I6c8xFl98G4srH9MXdTYQXZN+aBgMR994ClZOVePEYhkme7Mx05+L6V4RRtpF6KGKa7inAlVFiehuKsdgdxUkZeno7aI/6dYK1JZloLEsGZVZAjSWpqC7oQjNkmwCkj9y43yQLnCn1ngQMuNCkJcajZKcOCRF+yM9KRIScR7KClKo4vanZSzTuycSCWJlObEozopGaqQXsmL8kBnPbvxsi+JU2mesMyHKCGmRLsiOdUOIozYiPYyREmaHaG/ClrcRj8FKDrVHoLMBrHVl4GujiGBHDcT5W/EhyGSBJ0ry4lBGkGuuyUNTdQ5BL4j3PuWnBkBSHEfoSkISSwjK4reE/shIJZhlJyM3NRYZCV5UqVlA4G2MqABbhHtb8bQOMTQv8DHjPXDJAhfkpwehQZxElXM2v+djR7MYw6PjmDuxhNMXL+Hi5Us4uTqPqYleTA23YW6onirhBEiyQ9FGxzQ/3oOZ0W7Mzc3hzOUb6BseR0UFVcbN9egdHEXXwCRio+NgqqMEOyM12Jrqw83ZHtGEv/TYQIR42cDSWBNO9pYI8vOCj5sN3BzM4OFqBxsLY3jYm8PXyRIOdnZw9w2Gqak5nG1M4ePuiHCCVV5eHoJDQuBub4HsJAFPHyEuL0ZRSQHihTGoa25B5+AYOhja2trR2DWApv4J1A0uIr9hEn5xBcipIhTOncPoymUsnrmCnz6bwIvfSrH+cz7WvidgfRODX77KwjeflePGhxJcu0rIOl+OlZNlmF0SY3SG4DGUi8buDDQQquq7M9Hal4e2/nx0jxTQuVuMjv5S1LYWQtxQQMAqQ2WLGOU1pRBXiFHFhitrG2m+BqKCEiqlKC2tJWA1Ej6b0VzdTgDqwlD3BKbGFrE4fQLLU4tYmV7A6vQ8VqfmsTg6hwmC02BzN/0mBjA3OoMlFmdFwBpsG+QYG+8ZwlB7H4ZaezDQ0kXLe9DX3EGQrkdHdQ0GGhvQSaCqzctFfX4O2stK0FhUjOq8AoizclGamoOq3EJqXOSguqAYCxPTOLW0SgCrRkVWJqqyM9EhqaTGzAj9NrLo3I9BSng4YvwDEB8ciNSYBH613kc3v0BX5whCvEPQ0jyIkZGTKMqvQEJUPLyd3OBoYQNBaCTq6zrR2TNDZRrZ6QUIo+8/hqBVX9uCU2dv4vpH3/KbMbP7Dn5N5c7d3/Dtt3/g1id3eUJRdtXhnW9/xS+//IU7d37G5Q9u44MPPsalCzewuHCap4eYn17B6omLWFpmOa/OQyxuR2lhNeqq2jhq83PK6JwqQllJPaqrOgm7XSgpbUNaeiWSE0sQGiyEn3cEnB39YW/nAxtrDw4sM1NnKi4wNXaBubkXD1g3MPWAtr4UUgbG7nxYUIceq2vb8XQKyqoWUKN5FmN18Kguh9QRghab50N+hKh9R7V5r9NeGS3s2q+CHbvkeRyVDG0nq2DEg9wPHjPAtl0MUHJ4Z5sMtu2WxbvbD+Gt9/ZzQO2j/W7fR8+l5x9kQfJs2FHeEDtYj9iu47wHjGHqmDK7OtERh5QIQvLGBD1TPgx5+Lg+h5KGviuhyhlyBCw1QpGCljNHEuupYkN6DEqHCUnHtV1xTMMBhwlqRxRNCU82OKZih0PHzQhzWgQ8G3q+CxQ07KDAkeZK+6R9aThDzdiXXsOVY4/1fh2n1zpOYFMlZGkRvnQIVboWQVDUdYcWIYld0WhoF8GvUDRzioWpYxyM7KP5NtpmhFxabuIUy3uy2LAii/1iMFMxcIe6oRf0rKRXReqaBkLH2IfARd+dXQDMHUPg4B0NX0ESQuIyEJaUh8jkIoQJi+AfmYdQ+h8JTyxDeBLhKqkEgkQ2dJiCqJR42sYPQbGeCIzygG+YM9wC7eDkYw87dysY2egQsFTotZXpPSnjqNZhAtZu7FJ4H9sIWDsV2FDh27z36p3DL+HNgwxYr+Dtgy9LcUVll8zr2Cf/On1Pr+GI8us4rPwqzb/CC+vF2ktlt8L/xT6l/wtZndf5bXV0rLbBzHkXvadDBD85+AgUEBqvRGBUQ0KaBpKyNZBdpMOH+SRNJqhrM0VrtzWGxjwwvRiIed6DFYbVswKcvZiA85dS6TeZgBOrMZieDaf/fh/UNjijtNwOeYWWEKbpErCUEErAihKq0mNNpObqobTKhgHr4RawWKzVXWwQpDY3Wa/VNzS9i+cvCF7Pf+Lg+nfzM/z7/FMen7S++TVt+wPWNz7F02c3cf/hAs98fv1WMuZPx2P2VCYuXC/Gx5+W4ctvGnD3h078+NMg/vhzFv/cX8HDh6fw8NEKL48ensAjwtbDByt4/PgcHj86gwcPlwli04Sscfzy2xD+oFb3P/cHaXknbd9CcGG4GuQ5rTbWZ6gsY2ODsLNxjo71Mh3bJWw8v8TnpfFV0qHB/was8ymVjetbPVsf8CB2Fvwu7Z06w3vDNrd6w6TDjTekOGPPYUHxHG60zcZpvKDXf76+SGWWwDdM2BrA87Venotr7XEVT3z64O9c/PprNP05CnDzs0isXg5C30woWgfCMD6TSpV9GVUwBZjqyeZXFE4OSjDcW02oEqOtPgutNVmoF6ehpkiIotRASHJYxvVIlOdGIy85FJ31pZgcokpLkoWyjDDkEoyyY3341XTRAU6IDXREWVYkKkVJSI0LRgqhKksYhnJRCsT5qXx4jsVhseSaeUkhyE4IRkGG9IrEdAG7tYw7vS7hTOCIhCBrJARYINrLgIClR8UAQYSoGG9DBNqowddKBU4GcvCzUoKPtRKsdY7AWvswj88KdmOxUxZIjnAi/HlR8Uee0B1JoWaID7FEQbIHSlK8kUGAy0+LhignFUW5MShK8UFRegAayhNQSu85PzMK2WmhSBSweyPaIi3aGTlCb1TkRPHEobVliRjobsbE5AQWT53DyoVrmFuYQ3dHFQbbizDYmIrxzhxM0+c80VNOn3sJRrqrMTk2hMmpKZz74DpB7AOcvXyVfnAr6O7vxdjcIuZXltHdVksVbyBCnbXgYmeBOKpgC6hyNtJWg7Lsbtiba0JZUQ7vvfsuXn/1f+PIvu08/iohOQtB4dTC1NdBREQUcguqUFLTA7/gSNhYmiIqgr6TtERUVtVD0tCF9IxUngKC9ajV1tWjraMbHX1jhLsB9AxP8OHAoaWLaBmZh6RjGHVDCyjtWkRoZh3ii9pQ0zeN4ROXMXXqGpbPnMVf31AD4KdMbP6cgvV7Qjy6G4efv0jGV58U4MPr5VRJi3HhYgWdi+WYWyzF2HQxeofyCFE56BoU0VSElp58tA2UYmhKgvH5GvSPSdDYXoq6RjGhrwp1rdWobayGpLqKJ1GtktShsLAUuQSYAlEZSktqUVXRSrDuRFd9F0/2OdU/Tef+SZxaPo1zy+ewOrOEhZEJLE/M4PTcMlamFjA/MISZ7gHMjkxibmSGGiNjfBhxhGA5OzSO+ZEx+h77MNrWhsGWFvQ3tKC7ugFdNTXorq1Fe0UFJISlosQEiIQJKE9L53muKjKykBefROd3DPLj4pEfE4s8aqH3tXfhJLvPGx0Hw1l3bQ1Wl09So6AewiDCVUAohCFBSCVoZdH+KkrpvOqfwZVrn6KuqQ9h4UJMTS4T4JdRXlAJQZAArrbOvCdLGBmHutpeDA2voFLSgVhBIoLcfPk2g8MncO2juzzr+sef3qX/z594MtFvvv4V1298hatXb+OzL77nt7r5lqB170cGL5aq4SauXvmE91ydOnkJizMnMTU6j346BwaHVtDUPIoiOt+KRdUoK65HEU3T43OowZLN47NEuVXIF9UjObWCp2SIiUqHp3sIIcoZxsZ2sCZgWVq6wpyAZWLoAAsLTz4syIYIWdJPdR17KKtbQV3Llge267OcU7Rcmw23sTxWaoQsPQcepL5zvxrvjWIY2kOIYrDayXquDqhhGy3buV8V2/co8CG/vYe1eJD70a1A9d20zfu7j+O1dw/gnR2HOa7e3SGD3Yc1CFUG2E7P3X9Uj2BmyuOuDhC02D7f36NEyFLgr8t6l2SUzCBDAJIhYMmrWXOMsaHKwwqGUGe9WIQdBiw2nKdiQMjSduLYYfFXijruOEbLjxCmZFTtIEfIYvs6rEyAVDCnfVhgr6wBvS9tApQF70U7pu5A29tDXsuVDxsq0b5Yz5eKNgu0t4KsqhXtnwBH61QJRAxHLOaLxW1pmQVCjwXC01Sb4KTPU0iEQYeWqRP4GJxMnRMIYLHQsw7nQfPKBCt5LSfIUdGzCePA0iS4adD2DH0aJq4wsPGFpWMQPIPi4RuZAs+wFHhHZNF8PoFLhICoEgJUGQJjCNxCMSLTJIhMLUJkShaiUtMRSY2+yJRIAlcIBAkhCIoJg1dwABx9XGDl5gBjG0vomRpAWU8ZMhqHcEhlH4FoO+HqfexW3IH3jr6FtwlSbx1+GW8eehlv73+NkPUq78HaxoAl+wb2KxCslF6HjPIbkFF5jcrr9Dm+TssJWOxqQioMWDJaBCwDApblezBz3cVzXPmEKiA4RgmCJDXEZ6gTrrSRXqCLggp9VDQaorbNhHBlRf+n9hie8sDMYhD9vzNghWL1TCQBKxFnL6Rg9VQCZuejMDIeio4eL1TVOKOo2BaiIhukZlFDP14TYVHKvDcrIU0LGXkGKJFYszxY97eA9RtNWezVPZr/kaZ3ObhYLBbryeI9WpufEkY+5dPNzc+xvn4ea2vLhKIZ/P5nM774pgwffpKLqx/n4PKNQnx0uwpf3qnHd/c68dOvLO5qhIA1g3/+WcSDByfpeaeprOLRoyU8JmQ9fiQF1pMn5zi82BDiX39P4c9/xvH3/UnC1RitH8azp4NYe9pD0xGsP5vBMxZsvrFMx7NC0GJX+bErBk/zPFfS6cUtIF2h477ChwD5UODGf+KyLm+lamC5r05Jy8YKj7HaZFcgbl7iAGPb8p6v5zc5tPgw5PMrW4HvF7dSPpzC82cELTquTT50OYj1pywIvgFrj6rx8J88/PJrLL7+LhbXP43A/KlAjM7EkowzMD2VhdnJAswPF2FuIA+zA2WYGqjGWJ+YWvl5qCtLRW2xEMUpvshP8ENteTZV9GVoqMpGS20hhrsq0V6dAUleJC91RWxYMZEqAHfCB4ElxgelObHITYlFWkIEEqOD6c81AlmJEagsTEdTTQGP6yrMiUdRZhxy6AdTkhlDlU8w7cMDpekRqBFR5RPvzmOyUsPtkCVwQLbAHnHeRrzEeBoSOgwQ5WkOfxtNgpYyXIwVYatzDK4mSvAwl4ez4RHY6x6GDRUfK1V4WSrD11EfiQS42LurwrkAACAASURBVFAHwmIQHRfBSRiHlIRYhPraISHCA1X02o3lSWiqSKP3nIO2xmK01lPlkO6DmGArFGYL0EGVe/8Au5XKKFbOXiYkXeVZwsdH2zHcI8bMaB2mRuow2FWCOZqfo/nJ4QasLE1heWWRflBXeNzV7PwCPW8ZZy5cxLlzJ9DRUgVJSSZa6HXZrYSqcwLRXpOLzs5OVDZ2IlUYgRAHPdjRn0lmega8Pb2wb99eaGtqIjQikn5sLRibPYu8ghJ4urlQy6cSvZOnUE4AYVckBvm5IT46ArlZhMmSclQ19RJKCqilVIfa+kY09w6ioaMfjW3dGF86i6G5E+idWkLv9Cq/GWz90BxKOyYgaptBsmQQoRnVyKodRM/CRYycvI7R5Uu4dpUaAvS7e/pzLdbuZWHzx1Q8+S4Jv36Vgs9vpOGjKwW4fLEEZ84UY/lEIWbmizA2UYTR0SL6YymnFl4V+kZrCFcStPdXYXS6ERNzzegbqUYznXst7XXo6mpFd2cX2ts60NjQhPraJjRQaalroe+sAQ2SRh4H1N7Qi66GPrRWtaGzth39rf10no9hbmwGKzOLWBqfwVjXMMa7R7AwOovFsTn6TYxgor2XUNyDie5ujBI2x7p6eA6siZ5BQtYwprppfWsbhhsa0UNI7ZTUo0NSg66qKrSLxahn8W7JiciMiubIKqIiTk3j2MqOjUdurJAvK06MQwFBrLWS8M3iu0anqNHTQufJCmZnFpBK22USxtKppEXHUCMmipBSipKyJtTU91FD81v00XfSTOfGufPXMELzeZml8HT1hZO1AyHLk35r5RgYnENn/xIKCmoRFRwFPw8/iCVtuPLhHVy6+hVPxXD78+8IU9/y2+J8StC6cvljwvBtfrucK9c+wxeErbsErZsffY3zZ6/jzKmrVD4g2K1gaeE0Tp+6iM6uSVRUdEJcUo/i/CrkZItRXFCNgqxSZCTmITu5ENkpxUhJLOY3bw6mCtfPJ5IHtJuaOEFLyxRGhvYwMXbgUyMDOx5rZWblCxNzLxiZefJYKxbfpKBiDjVN6fAgQ5amrgO/EpDlodIieGkbufFhwfd2K+Dd3fJ4d9dxbNurjL0y2thN2GJDgAxC7247ivd3HsdeWrb7kDoOHNWCjKIh9svqEKJU8MZ7B/DGO3vwzrZD2LZLnmNtn4wuQY22ldWHrCJB57ghYcoQuwhf7+9TJsCp4p2dcnyocC/B6wihhvWKydJxy6qY4piqGQ7J6/OYLHV9dxzXcsRxTQc+PCir7sh7n1hgugLh64gaQ5UD9stb4ACBSkbVFgcVLXBIyQL7j5thH+/F0uHxX3KEsEOK9FpKVnxYkcVkyarZ02sbQk7JkpBniqP0GR3XIKTSOjUClqahNx2DJ1Roex3zABgQmtT0vKBAQGNDiAYEKQY+dWM/np/LzC0F+rYxhKtggoYXHSthltCnQSjTIWCpm/lDlbCmquNK78GNIBYIY9tA2LqHwyUwnkoyXAPT4RqQznNoeQTnwDeiCN5hIsJWAYLjywhX1QhLKiFUEbJSRYhOz0QcNQLj0tMQnZqBMGEafMIFcA8MhJWrMwytzaFjrMuBJaspg0Oq+7FfcRchayfek3sHbx99He9QeevIq3jj4Ct4c/8rUmDR453HXsduuTexT/FNHN5C1SHlV/ntcI6ovcFzY+1VfAV75Nn0VRxWfw3yum9Cw+JdmBKwHP2OwCdCjvdeRSVrICFbA6kFOsgu00NRjSEqW8zQ2GOOjgEL9A7bYXjSDTNLQVQCMbccgOXTApw8m4xTZ1KxtJSIqakoahCFoqnVC2ViZ+Tl2yJHZEOYskRsog7Co1QQGa8KYaoW0nMNUFxhg//F8l292GRXDjJEMVj9iBcvfqHyIx8eZMOBz9nyze9pmzvY4D1b32CdcPJsfRVPn53Ao8fT+PPvHtz9oQlf323FvZ+78P0P7bj7fSt++KkbP/86iN/+kAa1//HnNP7+Z56wtEpYOvNfYPFerIfLHFdPn56n5Sfx4BHbbpYwNkvbLNKyaTx5OoZna2M8D9X6GgPWJB3HEuFqGc+eLdH8ChU2v8jLOh86JDyxHipeLkmRReDa3Nga5ts8IwXaBm2/sUTzrCzQc5e2ko6e5j1j0uHHD/Hvi4+lVxpuxWi92Ap+l/aCXcSLddajdQLP1+d4pvgNdpxrA3j2pAmPHhThzz+T6TNKwGffROL0ByFYXEnCubMSLMyUY2KgAIujpVSZlGJ2sAbz480YH6wnGFBrvKUYkuJEqphEkIiSUFWSg4GOCjRVUsVPlX2LOAXNpTFoFSegMisI4uwwiBL9kSFwQXKYK/JTI6j1XYiKokxkCAVIJ1hlp0UgXuBNLdlgSErT6Q83HkkxASjMYgHpKRClRSEj2o8qHn8IWaZ1L0valzNVKC5USTkhJcQa8b4mSA60RKK/KYS+xnAlUDkZK/DiZaWBADsteJorw9NKDa7mivCmZV7W6vC3V4e7tRp8PRyRnJSIxJhQCPwcEOjlDDc7U9ibqsHGSBGOZipIpNcsTAngVziyWLOSzGDkCt1QmOxFn0kqmlua0N7Vh7nV85iYmUR3Vy36OkrRVZeJrhaCwkANZscasTDVThVPM4YH6zA61oPVk0s4c/4CTp+/jBPLy/RjOk3IOoe5mWH0NorQJ4nHdEsqeiRxaC0TUolGVV4M+rtoPzOEGgJpYogtEqOC0djYgcVTlyAhRIQH+qOwWIzhuVP0w12AKDebf54FednUYppEVW0DoqOCkJ1Jn3F+NkSF2QQs6S1xKpsGIKaKvbV3AA2tBLjqWjR2DqGtfwT17Z3omVxB3xShb2IBkp5JtI2voLRvDlmNE7AJSIFDQBJyagdQ1j6KzunT6F+8hMHZU7j79Sf4d+N7bDy+iGe/9+DpvRI8+z4Tf36Vji8/SsU1aqldu1iIcycLsDCXQ+DPxdiICMNDeQQsei8TdRgYbUD3UB26++vRP9aCgclW9AzVoqWjCq1tDejoaKHSjjY2ZFnfjIa6ZnQ0d6K3uYffXJmlWOhq7kdf6yD6W/rQWd+OVkkzrevASBchq4eQRJCaGxnHVP/EVkzVMA9wHyZgDrURqNraMN5CiGppwQhhaqKtFWMtjXz5JMFurLUVI7S+j1DXKWlAc0kl/V6KUF9cgm6JGB0VZdRQyIMkOwtFCYlIixDwK/0KhNS4SExGJUvNIIxFUlAIMgVRyIolaNF7mR6fw+mVc7hy5SNICkshSkpCgiAOUUHhdN4GQeAfilRq3Qui8ghZA/iE4DMwcgKVFa0YH1vG4PASUtMKYGvpAAdzO0SHx6KstA69A3PoG5hHSVEtoiMSUF7RhovXCEsffIkz527h4gef4vrNb3Dz1l0OrBsffo6LFz/CNZYLi9adO30Vl859iCuXPuJpGlYJ06uL5wiGizxtxZmTF7A0dxJFeVUoyqlAeWENcjLLkZqUj4KMUuRRSYrNQnoCQSu9GLFR6Qjyj4G3VwQBKxCmRo7Q1bWGjo41DPSsoadnA21tS+jo2kFTx473UrEhQlbU9Z35UB7LvC6naAoFggvr1WLxTccIEOyWNgrq1lAjdLH0CW8ToN4iSL35rgxHFetpYsu271HE2+8dxhtv78f7u+Sw75Aa9h1Q5UOLB47p8Z6ud3bK4NW3dtE2e/D2tiPYvleRD8vt3K+JHfvUOGxkFc0IZnrYQ3jbQVDbQftg8Vl7ZXSwix6zGKx9R/UJbiY4dFyfI2v/MV1CmRHktWwIQ/aQUbPk0JJlvV3svem4EGw8cJDQxHqxGK52y9JrqROYCFGHVWxwWNGalhljx2FtHFYwwxElhitrWk+YIqjxAHkNR3ovBEYZfYKWEQ4eN8JRlkBV3QZKmvZQ13Pn6SSUNJ2gbkjoosfH6THr3WJ5tthViAxjuhZhMHFOhLFTAtRMAyFP+2aAO8qC7HUJuFahUCJwKeqzgH1P3mOmYegGbZa5npBl6hgMC1cB7LyTYeOZADuvJDj5pfNcWq4B2XALzIF3eD7vzQqJFROiJAgRlkGQKiZkFRO28vlUkCSidem0nRCewQI4+fjB1s0dlvZ20Dc3gqqBGo5pHiMcHcIepd0cWO/IMGC9hrdlXsMbh17Fm1TeOfgatsu+sQWsNziwDii/hQMqr9H0VRwiaB1We50Di+Fq9/HXsJelb1B9hQe6q5q/DWPnnbD3OUDYO/bf/FQsy3pGsTbyKnVQWGOEiiYTApYZOofMqeFojaFJR0wv+HJgTS/4Y345DCunE7FyMhXzi0JqbArQ3RMESa07CoodkZtri+xca2TkWiBGqImwCEUIYlQQn6KBtBxCnJgDi2Vs/4n3Ur2g6Qvei0XlxU98aJA95ss2GbS+5j1XDBYs+eaz9fOEGALRk5OErCX8c38Of/09i7/+mcWff00SqsYIVRNUJglVc3z9P/dZ/NUygek0PY9h6iyh6hQeP1nBw8esN+wsLbtA62g5e/xogZYt0WOGLwasUawRstYJLutrkxxba8+msbY+S2WKwDeDJ4SuxwSwJ2tTtG6ejnGZI0naO0VY2iRUPf/PMOAZnoB0fX2GyhStn9qK6SIYrU8SuBa2esHOSYPbGaaeE6qeS3vz2JDpv5u3+RWIfChx4xrPufVia9iQ5eRiQfjrTwc5sJ48EuP+33n8nolf3w3hVxjOn4zH/HwupicKMNpPwBqrxMKwhCqcCsyOt9CfZD3Gh5oxRpXaQFcND3BneZpGehsx2ilBZ1UmD9wuSwtFdW4Emkri0VaRQpVIFL/nXklKIMSZIchnKRNivBEbTDgiUFUXJSI33guhHqZIjfNDeb4QWbQ8IcyTZ1NPYekeAu2RGuGK9EgPZAv96bEDov3tIAyxp/15oIKgkxfrhjgfE8R6GkLgqokIFy24m8nDUvMwLDSPINBBE742arA3UuC32fG10YKHuQI8aSoUJqFAlItIf3u42JjAw8kCYd7mhDpPxBPoWDb2uEArpITZIjPSBTmxHsiMdkOW0BeV5XmokLDKnkDV3YUGcQbqCgRUaWdSZVyEwQ4ROhiuRtqxMD+E6clOzM/2YOnENKaXTuD0JaqYLl7G/MIiTl+4iDNnVtDbWozummSqwDMw0ZCAoep4zHbkUsWdhYGqWHTVijA9t4iZ8W5I0n3QVJomvdqQnt9cX0mVpg+qJZW0/7NopErey80OwX5uPPC+proCzQSinMwMRId4QRgfScBKhDCWEJuRAkFEGJLTCyEqKUNxSQGSM7KRRqW0sgY1BK2a9j70TC+hvncSdT1jBKsTaJo4g7K+E/BNLoO+QyC1pjXh4BsFUf0gGkcW0DyyhO6Z0xifO4Gf7lykc/UenZO/Y/PRKWxSo+fJjx3468sMfP9xOj6+nIKr5zLwwalcrMxlECgyMDKUg77eDPT25qN3qBx9w1XoGahCe08NWnrr0MHuK9jZQLisQ31DHerq6lFbU0+fQR2qK+pQK6lHY3ULmqpaqbRwUA229/PS19LD0y2wMtrNeqAmMNk7iuGuIYzRdJYFsw+MY7p/GPODI7wHa47m5/r6Md3TS5Bqx0hjE8fVOAF7gmA109lJj1sx1NSMnppmtJTXoqGwDKVZeShOy0ZtrggtxcVoKi5AQZIQ6YJIJISEIj4kBOlRkShITERDXgHqC0pRLiql429AeyPtd3ICyycu4Mb12/jmzj2MDMwgLT4Z4X4hEASEIcQ7AEHu3oiLiEN2VgWi40Ro6pjAx5/TtoQrsbgFE+PstjmnCdYZMDUwhberF80nIl9Ev2E6Lwb6Z+kc6qVzeQqXrn2Dc5e+wskzn2B59QbOXfwEH936Fp9++gNuE7QuX7qFkyc/wMULt3Du1AfUcFjC3PgC/U/MYozK9Pgi/T9MYrhvCoOdo5ifWEI7wbYouwJVxXWEqhJEhdK5J0hFdkYRNbRKkCrMQVaKCEnCXIQEUSXpHgo7W1+YmLjAxiEIZpaeBCxb6BOwjI2coW/gBDV1S6hpWPMcVzpGrtAycIOypjXPK8USfLL4KhZDxYb35HgMlR6hQncrH5UlQUkTb7wvg9ffPkRYOoB3d8njtXcP4c33DuEdWv7mO/tp3R68R4DaTYBiQ4fs+Qxa2/cr4eU3d9L63Xj93YN4c5ss76nae0QX2/aoErhUeM8U68XacUh6VSKDGe/hYschq0/4MsShYya0P33eg7ZPVpdvv48AdljBAEeVTXFcg0HLBbJq1pBRMiZsOUBJ3wuH1Bwgp+2KQwSvnazHTF3ao3VAiSBG63Yc0cN7+9UIXNaECnuCmBUO0bpDKnaQ13aDvKYrZJRtCZ7W9JqmdCxGHHpHGUzV2BWOVlBUZ2ksHOnzJJTpuEJWy4kPHaqZ+kPZ0BsqBCddyzAYOQqhYRECeV13Hsd1lI7lkLI5lIy8qPhATssVasY+PI5MgSCorOcMDRNP6FsHwMA2hKd/YMXIjqV6iIa1uxAOPqk8calHcD6BSUQln8BShIDIUgQStiKTqwlVEkQklROw6Jxn4GLIis+FnyCZtmc37PYmxFlAy1iHUEnfh6Y8ZDRksEd5D7Yffw/vHn2VcPUyFZZklIB1mKa89+oN7KLCgLVX4Q2C1RsE2td4OUS4OsSB9Sr2KDBgEbQUX8JB9VdxXP9tqFm8z2+HY+u1B74RxxCeqARhlgrSijSQXa4NURXrwdKHmAW3d5qiY9CM/tesMDRhh9EpF0zO+VIj3Y9KMOaX4rCwmobJ+XhqLIWhpdUPFZWu1Ci2R1aWFTKzLJGYZozwaHWECpQRGaMMYbIWMvONUFBuzoD1w1av1c+EBdZz9as0q/u/v9P8b9Lgdw6w77dwdZMAwa6k+4iXjfUbhJ0rBJ1LBCMqTy4TiC4QoE7h4cMVXh48PIEHj04Sos5IhwWfXCQkXaXnsMKeexlra+c5qhi61tbY+gtUaNnT04SqVZpfpflZKmMcWE8JV0+fThC6hghTw3j8dAiP1gbxiCDz4EkvHjzuwMMnfbR8nLYlfD2bI2jN8d4tnsOKCh9S3FjhiFp/NoKNZ0O8t0ma22qQyhAtn6L1q9IhxM0PqLCeqptSWP2nbBC2Nm5JrzDcvCodkqTtX/Bb8CxIe9me9vP7Iz55VIUHf4vw+2/s/oWhuPyxO2ZXAjA1lYDpKREmRoox3k8o6C7BaG8Vlmb7MTPRi8G+Rgx2SwgApQSjeDSUpaG3rQpd9QXoqMlHX1s5VSapyI3xIExFcFxJsoLRWBSD0vRA5MW5UWvcEZkR9kgKMEGktynykoKQQ1AJcjZESoQHcuIDeBb2aG8bJIYRZuL9UFkQT9hyQ6C7NSJDPCCMDoSkLJPfrzA92gtJoc4QBtki1t8MOdFOSA+xQHKgGb+iMNBeGy5G8rA3kIWHmQJcTBVgrikDO10ZeNnoQRiXQK3maH7VoY+LNXzdbAhTtkiM8Ob3TmTJSZPoOApSfJAYbMlzalUXZ/Chp47+CbR3DSA3LYbA5USvaY5GUTg6KhIw3F2J2bEGLBOqxsb7cGJ5Fosn5rB69gzOX/sYFz/6HBdv3MLpy9dw/vpNTMzNEMTK0VSRgZbKVAJrCurzQ9FeHIY+cQz6KyPRLvKl76QBU6PjaCxOxGBLIRYIaWxIsa+5BNV54WhrqMLIzCpqGlrhaKoObfldUJI7DDmZnbC1d6EWXzUMdHXg52QJP3dbRAoCEEkgEwT7IC4yFCnZJSgqr0OCMAZ5RWW8iAkrDW09aCdYNA1OoWPqJNrHT6J2cBG1I6eR1TAFP2EF9O38IKduAlllfXiGJ6OwsR8NwwtoImS1DtP7n5/Fw18J/k/oHH76FTUivsPGQ2o03D+HB9+14ZfbefjqejZunk/HtVMZOLeYgcXpTMJpDgb6ctDZnomOrhx0D5QSsCrR3l2NxrZq1DfWoLGpDs3sRrNN7aitbYCkoobOkWpISmtRVUbgqmhGfWUL6sWNHFh9Ld3oauhAT1OXNJ8VgWq6fwwnRqcxNzKFKUIVy381NzyFid4hzPQPYWloHLM0P9szhPmhEZwYG8Pi0BDGW1vQX1eDvupqDNbXE65aMNxIv5WGRvTXN6FTwmKvqqnBUUX4LqZGSBYKhSwzezIyWX6qCAGKE5NQmJyIrNgYgn0MipJSIckToTCDpVxIhDi/EMO9Axhj9wIcm8e1G7cJQJ+hoaGPQJUAX1dvONo4wcXOCf4e9F3GpiE9owJZ+Y30572M65/cxdDYKioruzE+toKuvgX4+ETC1twGAX4RiI1JR04OuyCAPr/qDnR2TuDs5c9x+cNvcfHqlzhLiFpauoILlz7hua+uXv38v/mvTq5ewZnTVzE7eQIzI/Pobh5Eg6QNXY3d/D6Lk73jGGgdQmdTP3o6RtBQ1Y6izApkJIsQESxEMGE8IiQBsVE5vOcqNiKFfucJCPGPgZd7CEzMnGDrFAIzKx9oaVlCQ4OKugX0DBxhau4JXV0HaGrbQV3Hjt+EWUNfmppBl92UWddRmnFdTpqPSpbmWU/WPgYZBhg5QpeyBfbL6uGtHXJ4mTD12rtH8Oo7B/Dy23vxBiHr9bf2E7x2E7T2YvuuY9i+Rwl7D2nyPFlsP29vP0rI2oXXCWCvvSvD46/2EbC275eCiiUdPUD7331Ei/CmsBXzpYn9MnrYe1iXl0PHjAleGnybPTJa/CpDFizPECenYgEFDVs+TCinbsvjtGTVrXFc2wVHVO34sKG8njsBy5APFR5UlPZUyRK89imY4/196tJAegIXA5aMqj3Bh/an5QI5ws4hBTOeF0uGpuyYjmzl6WIwlCOYKRGoWI+WnCo9R8edD/2xOCqVLVyx4UF22x0Wq6Vq6INjtM8D9LpsePIIHa8qLVc0JGTpe9B7cIIM7ZOlndAwZEHuLJ6LxXn5QcskAHpmwdC3CoWJUwxsPRNh75UMJ98MuATkwNEnA86+mXD2y4RnUC78I4oQHCtGUEw5gaoS4QkVECSLIRAWIigyjXAVBRefANg4u8HA0hLqRrrQYEOFBvR5qB3GDvnt2EbAeofnwXqVFwYsNlTIgLVjC1i7CFh7FBim/gdXHFpqr2G/yqvYJf8Sdh5/CbuVXsIR7dc4rnTstsHcfRecgw8gKE4O0emKSMpXQnqxGnLE2sivYj1YOihv1Edtuwna+8zQOWCJniEb9I3YoX/MGYNjHhgc9cTIBNXNc3EYm4pGV28gNSK9UFHhgjwCVkqaGYRJxoiM1UVwuAqCwpUgIGAlpesiv8RcGoO1sXW14AuOK8LUiz/Bbp/Dyr9s+JDfQudnHpe1+Zz1YH2BDYLWxuaXhJPPCR9fUPmMoHWLyseEmFsEpI8JP1cJRhepXCAEEbieXsaTtQ9o3RWa3iD03CT00LbPbtJzblD5kNZd5+ufPfuAUPIBTQlaawStNYLX2gkOpadrY7RPghXB6THh6uGTTo6pB4+68PejNvz1sAV/PKjF7/cb8fvDNtx/3ItHtN2jJ9RaXxun12MxWwt8+HDtmbTXa41wtfasj/bdRaWHjr2bSicVeszWrc/y4ccN3ot1iUPqBe+1ui1NRPrfKwyvb91m5wJHHOvBerG+SJXZFD1/AGtPWvDkoQT//J2NX36JxZ3vw3HtEz8snPLHJMsZNiqilmcZRvpEaKvNQE9LKU7MDaCvU4Ka8jSebmCsqxzDHYUEgUzUlGWhsTwdtf+PqrcMjyLr9r7fT+97rnPuewyGAQbXQAjBEgKBBIi7u7u7e7qTdNJx1467uxEkwd3dGdwHBgad+b9r787c53k+rGtXV1VXVVdX9/7ttdb+L1EMjVJz0ViWitqCJDSXC1GY7IH8OFcUJnggPcIe+YmeCCcICXPThTDUmcDIAt62evBzMkJMoBPESaF89mCIlzlczJj2lTFyEwNRJI6ijjIBgvgonmxdnC9CUgx1Ct42SIl2g7+TPszUN8HfQZvnZgmCLAjkTOBuooQA213wZ0WijZTgaqTIZxMaKC+Hua4a4hPT4edswusYOlkZwlRrK12PDnVYzgjxtKbOzwqx3haI9rFAQoQXMjPFqKVOuGdwApWVpcihz1wijkR+sjeK0wJQkh5CnbeA7lU2WugedbURDPW3oYcB1v49OHDyEo5duINDZ67gxPmrOHHpJkb3T6KzoxXVNaUoKBJDnBoLQbQvBHR/UsJckBxkB1GoNYGjBR1XQqCQg6KUQPqOujB58BjdZzGKEj3ofJU4d+MZjp+5jPK8BES7qCOe7qmbsy3UFJfBWFMZwTFZ0NDYCWW5xdBRkYOlmR7Cw6LhZmcCVyt9RMYmIbeiDZFRMcgrzEceQVV+bRtqukdQ2z2Our59kPTsQ3HLKIrb9kJU0YMwkQR2AWnQsQuEuVcs1Exc6M9TFw7+MRBLOmnfYVR1T6CmrQ/XLxDwf3qMrx8u4suHk/j6/hi+faDf8bvT+PysC2/v5ODRxSxcO5aKs/sFODoWjwMjiRjpExLcp6C6OgkSsromAqxmAix63opKc2g0l428PHo+S6pQXFKDksIKFOaUoDC7hJ6bEuRmlnK4qilhCe0sVFg/7cFqQqukER01zfRMt2C0vRv7egewu59gsHsI4z1DmOgfwERPD0Za2wmuWtFb24SumjoMtLdhLwHj3sF+gi86TmkJaum7aSos4pDVVkLffV0tumsJ5spK0cyAq1yClvIKlIszkBmViIKkFJSmpHG4EoWHIzGQ4MrPD5FeXghwcSagd0eEuxs8LC0R4+ODgrR0FGbk0m9EhKL8cowS2DQTwKal5MPHKwg2lg7Q1dKDpqomjI3sYGvrjbCoTKTnd6K6bRL7jl5HV/9BVEr6CVB3o7iyG87OwTA2sCTQCUJSAkv+L0FSYhayxGUYGD2OM5cf4urtxzh3+R72Tp7DyOhh7J86jYNHL2BiH4HV5EnsoesYGzuM1uZBXhKnq20YZYU1qMgtp/+GYtQUS1BZUEXAW4b8nEoU5lfxIXydZAAAIABJREFUJPfggFh4e4bBzckffl5RHLD8/GLh6REKZ4I/LwIsVybRYEGdpJ4V1NVNsH2bLhQ2a2HzFj1sVzXBNoKqLVv1sWmzLg8DrlPU5mrsituYNIMZtrHyMzstsF5RD2s2aGDFmh1c8JN5j5i3aCFPbt+G1Ru0sUxuB8/H+mnOanxPgPXTXBmCp9U8RPjDzEVkC/DLrzKYt2AtFi7eRBC1FQtXMG/Vdv6eWQRozIP1y0J5nuDOQGs+Qdaq9Zr89dJVOzjA/MLkG5YrEWSpYOHyrVhEsLVSbheWEEzNl2EhRAWsmA4RLqX9N20zITMm6NGD/GYD3soQ/MgSFK1SMOBJ7vIq1ljOQ4IaWCRLMLlBB3IMwLaYYfZygjY5NZ7cLkNgxYx5t9bQtlUETUvWKBNgqvD7MW+pIleel1fU4rMZ1zPJhy0mkCPI47ClasMFS5nnis1eZK/ZTEQGVxtVbLB2izkPQS6SI0CU1+RSEut32mLNVlNpMj+dj4UUNxFssVwupR0EafT6n+Oo6Hpgl6E3dC1CpErwlhHQtQyHlnkItEyDaH0wrWeerShYuSRIzTURtq4EXP4ieISmwyMoCe70/+PqF8Y9WKb2rtAwMoW6oTFU9ehzqND93bIaK7eswqJNCzFXfiZmr/lfyGKAxexXWrdg7T+ANQPLNv6I5Zt//I8XaznZko3fEVx9RzD2HcHWd9io+TO2G8+DuuV8GDsvhL3/cnhFr0ZosjwiU/4BLGUI8pSRUrAV6cXbUViljop6HVQ266Oq1QB1bcaobzVBTZMhqhulVttsRQN6R5RI7JBbYIn0DBNEx2nDL1iVwEoZbp6b4UGA5R2wGYFhSogXqhNcGSK3zFQKWF+5/tUjfOWA9ZrDFU9+/+stQddL7tn6xpXep2UbWAL8Vzbj8C7Py/r67ZYUuMg+k336fJ2g5DI+fDpLgHKatx8JwD5+vsihisHVh0/n+T4fP1+Srp/e9pGvJ1D7fE7qGft0iPafJKAaJVBjHqsOAqsevP+zleBKgtfvS/Hyjxy8IHB5+iYbj16K8eCZCPefZeO3l8W0rgIv31XgzR8EYe+bCPTaCLS66LqYF6yT2mZ85EBVR8esICsnGCvGH+9LqK3E+4/1dK1tHLKkSfQsGf6YVCeL7Nt/Suqc4B6uL1zlfZLLRnxlie5shuMnArs/CeDoWt/9no5nL6Lw4JE/rt9xx9FzTuidcEFtBwFCYyz6urMxMliEejbLraEQw30S7o3pqGeJ7snobMpHV3MhqooEyE6Npg5dgNpSEWqLhVzVvTo3FhnhBDoBJkgPs0ah0A8FQh/kJ3ki0deSRueuyIjxgiDcB5HBXogJdoc4hUbpadHISApBkJsxQY8SbDQ3I9zTEn6OhvCw0pGW1mF5XDG+iAlw5CV1isURyIj1QLCjHld392Iq7w46CHHR5SVyYr2M4GysCD+bHYj2MEKgjSoC3GyRIsqBo8kuArMNcDE3gKu5KnztdGj07MYLO7ubbKWOTQ0xYQEoq2xAU9cYahtakZ4cSR2cL7KTfAg+RairEKKqIIY67TTuwWuqJriqzUFXSxF1NNSptlZjz9QhHDxzE4eY6vXV2zhy5hImjx7Fnsl9GNu7lzrKvahrqEdxcT5ys0VIFcQih8A1i+5tTLAHwvw9UFTZjJy8IhQUFGB08gjyszMQ4qyH0pxk7D58EZPnHhH0VRC4miMnyhwtDZWYPHYGWfHeyEgOw+DkeSTHRsHfTp3PxAxxt0AWdXoCQSIyRHHIKSA4GNiHjEwGKqWo6x5GYW0rciTNKO8cQ0HTIBIKGyEs6URycQeExZ0ISiqErXc0ApPK4BgkQpCoGo7B6dimYQrPmDTk1Pcir64Tpc3d6B0dw/u3t/D3l9/oWaTf8qdr+Paente3e6SQ9WYSH+/n482NHNw7S5B1OIMgS4ypIQEmeoXco1peJiSAEqK8Mg2lFSIUFosgzhLSSC6ZPkcK3bcMZKTloCCzgAYDhchPZ2HsYu7BKqPOvpHVDWTioQRUPQ2d6G3oILBqRGtVHboJsMbaOzDR3Y29HKr6MdJBEEsQdXJiAoeGCLY6uzBQ30CQVYPBlibs7u3mNkiA1VFRDok4E5LMLFRmZqJKLEZbRRl66mrQzJLdi4pRm1uA6pxclGaIIYpKQGZsIkqFaciLo+WYGBochCA1LJSgOoAGDY7ws7dDGAFWoLMzvO1tEejmhoTQaIKsPAKVYhQW1qG4tBV5xQ0IjUpHRHQGHAhWNHboQHOXPoyM7aClZY7giCwIctsgaZ0gYLqHazcf4MSpS9g9dZb+sPtgY+8DQ30LeLgGIioyDQkJuUgRFNBoeQQHTtzChauPcObifRw6dgWjI4fQ1bkbBw6exSjBVk/3XuweP4zhgf1obxlETXUbGuo6UFFUi0xBJkTxqUgKT6ZnMAsiYR6E8Vm8XE5mRiHCQhPgQ4AV6B2BEJ9YhPomItAnBgG+0QRYvrC38YKJEUGjtiU3IwM76OpYQ0XViEsvMLFQZWWWj2XMldkZZG3YRICloA3F7YZQoO1rFXVo2QiqGvbYomqFFWvVCG6UsUiGoEJuOxYQIM1auA6zl2zkHq3ZizbgJ4Kk72et4DbzV1n88PNinmP1r+9n4/ufF3DNq/lsduGKLTwhfsm0Z2rmr3J8/5nzZLkHa/FKBiybsUKWlc7R4mFDBmP8fSu2k23jcDd7wToOekuYTAQDPzoek4tgocFVBCksh4vNAmSzDPlMP6YKT7ZqkwFBEoHSVjOehyVHwLR8nS7PxVpG75PdbIxVm00xh0BuAYEaCwsupe0r6H0yisbcGPCwnDGW88VCm8y7xkKo/yjaMy+W3CaCNXZ+Otd6LnZqxxPsmeeMtUyTawNBFA9V0jlYPtiStRoEgSwsaUTn08HytVo8wZ6FMOWUjOlzGGIt0+6i5bXK5jysyDS5mIo8K/fDyvWo6HlCeXrWopq+NzQMfXn4UMciiJfg0SMIM7WLhrVLotSj5Z8G95B0uAcL4RGQBCcfAiw3fxhZOxGUOULfms2EVKfrV4aiBn3G7RuxaCMBltwMDlj/QBYHLBnprEImRLqA5VdNw9VKpRmQIWNerOUKP2AxAdb8tT9g3pr/waqtP2Cr/jxsN5oHHZvFMHdbCkf/FfCLkSXAWoeo1E2IF2/hlpi9hSBrC9IKtiO7fAcKa1gNQi1e5Lmq2QAVjQYor9dDSY0O/Ua1UFihhexiHYhyqF8TaiM8Sg1e/ltg57IR1g7r4eAszz1YfkHK9D+wA8lpuvT/boqiCgsCLO6Vujc9g5AJjkqLPX9lAqRc5f0VAdZzWvechw+lsw2lZXOY6Og3PuOQ6WLd59D19ds93n7+cmManphdkXq6Pl8lcLpGEHWFWrZ8g9Zd5+s+c7vEvV8fCa4+fT5LgHVyGrD2EfgMEvS08VmEzBv17n0t3rzLx/PfRXjyOgEPXsTh7tN43HyUgGsPE3H9oZCWRbj1hIDrZQ6evs7Hi99L8ep9ldTj9aGGA9r7D2VkDKpK6Jh5ePtHLh03iyybXheQFdK2arqGHrqmIbrGPQRZB6WhwK//SD8c57MNeZ4XCzkSXH1iocWPbfhE9vHPRrr2cvz+NhMvX8bh4ZNA3L7niXPXnLD/pDNqetyQVRWEyqZ4VNXGo7EpHd3tBejrLCFYoBE5gVZHUwF13Pn0R1qAzoZcFIqYWngGmuqK0VqTTSPzKAKpIGREOUMQbIlUskKBDyS5cShKDaAOxQXxfgQ9PmY8pyol3B0xfvZcjkEQ7oqEYDv4uZkjOtAViSEefBZfCsFBakIQAQ0reuvO6wMmhHlBGOGJrDhv5CT4IDOOIMRND14WqgRFO+FotA2hLsZICbNHkJMufKzV6HymCLTXQnJ0KNdF8rbShqe1NpzNdWG2ax1sDHbA2coU+js3wHinPII8HZFGsFFW14vs3EL687dEMJ0jnI4jiHSHMNwBOUnuKEgJ5HDVWJWB2op0tNTlorerCt2dlZDUlWPfics4c+M5jl28gwPHTmLfgSlMTh2kzuoEpo6cwL5DBFqHjqCdOvXm9nbUNbegobkZtXXVyM5JQ7o4Dc09Y2gf3IfhyROoa+lAqLctIvxdUd/Sg9GjN9HcP4loAjEXs23881dVVeHA8XPIS/ZHM4HWvpM3UF7dSN+FL8oyo/nsTwZzpVU1ENB9FWWJUNk+ClF2AdJEKSgmWChv7UZZ+zDKu/Ygr3EIkeIyeIQnIjKtAMKiZmTX9PMcq7C0Uggrh5AqGYWwZpjAqhDaFq4ITctHXkMfCuu7UN3SjIuXTuD396/p+XxKdp8g6wW+fryJb+/24esbGgS8P48/X+zDH7dz8eSiCDeOi3DzWCHOTRZhrJuFqtNQVpKCzKxk5OQKCKySkZKaiMSkeMREkxGwCGKFyEjIJOjPQa4oFwWiPBRnFtIAoBSSwgpUF1bRIECC+lIJmirqUMeKMBcw75IEXZIm9Nc2YaC2HiN0/3d3dGCwqQl7untxnADryNgowVcX+hsb0FlZhV6JBJ1VlWgtL+cJ7iwkyMrglKak8vqBxQR9FelpBFVZqM/N4d4tiVgqJlqZkYkiYSqyY+PJ4lCYLEBZWhryExOQExeNtOgoesZikJ2SwfPH6ghyuzr60ds9SL/JPnS09aKmtoug9Qg6+ifQ1NyBMglBr7gK8WnlCItKg42tB4zNqGMi2FVXM6Q/42QkZ0hQVtOHY6ev4fHjp7h88z4On7qBhvZxBIWlwIUAy9c7kudv5WRVQVLVzb1YR0/exoVLD3Dk+DWM7T6Bto7d6Ovdi/6+fait6UF3xwiGeifQ1z4CSVkTqoppsCAuRVpcGuLDEhDmHU6/6RgIY1MhFuTQs5pAA5cEhAbFwsXBD64EU57s3O7h8PWMgL93FA8dejgHwcXeDyaG9tDRtoChgQ0HLDV1Ky7DoLhFH1u3GUJzumjzFhUTKG414CVwNm7Rw2YuMGrBk9pZPhZL1t5E+zCvDJ8tyPSuZFQwd4kCZi6U5zP85hBozWKwNF8O/5q5BN/NWobvfl6InwiyvvvpV/yb5VvNZnlacjyPisEQC+Mxj9SMubL4ac4q/DxPbhpUdhJMKfME8tXrtOl80nMuXL6Fgx5LcmehybmLNmI+XQN7vXztTqyU34VFq7ZyuQem8r5mI5NYkEIVC70xsGJQIsu8UFupJbBiSeurt5hyzxTzaK1l8g7brHhIb5G8NuYT5DHNrIVrNAmsCHrYPlstOOAsk5eGI1l4kl0fD6VywGI1GLWxegPBmpIuBzYW/mNq8Mx7JcsByYSHJ5m3bMUGfSxbpwcZur6Vm/S5dASbzbh03S6CKwJCAq6VLNGeJdkrGGA5XRdbJ0efZQNB2yYucGoHRba8056HIHl5H3UHHpLkxasNPKFCLfNyGViEwsw2CpaOcRyw2CxD10Ax3INS4OaXAEcv5sEKgI27P8ydPKFtaoFt2lrYrq1Dx1bFMsWVBFezMVt2xrT36nueh/XzdB4Ws7lyP2LxBhYe/Il7rFZulnqulk+HCNkMwvlyPxCE/Qtyqj9hs848qBgvgJ7dUlh4LIdz4CoExKxFSKI8B6y4jC3cpJC1FYKc7RAVE2RVMcjSJMjSQXmDHsrqdVFar4Oiam3klWkhq0gDwixVxAqUERC+Ga4+62DntAYmFstgaikDB5e19BtXgl/gdkTEqCEhVQfiPCOUVVkzD9ZNDkcsRPj3txf4m4mHMrj6+x2HLF578NtLDljf+PZXkNYvfIK/WOiQ2xNpiZ0vUvBisPb1i7S0DgOtz19u0es7ZLf58ufPN8lu4dMXtv02Qck9MrbtqjTE+OksgclpApRTPFz458f9+PBhEO/+aCcwauNhv9/fleDl2yw8fpWMe0/DceNhGC7fD8XFu5G4eC8K5+9E4ezdGJy7n4CrBFv3nqbg4QsxHr/OwfM3BFtvC/CSIOrNuwy8eSvG67civCJ7/jYdT9+kE4yl89ev6fW7Pwro/Cxk2M7Dip8+jU8nzR+gz7GfQxebvcgS6lnCPQtFfvizlWCwhkxC7y+mc2Th+SsBHj4Nwa37njh5yRnjR+xR1+eM6ExHxGf7obxZgPq2XDR31qKrtwXtbRKM9Nehs4k6isoU9HZUoqedRuPFyShMi6DOKh1ttbnUgSWjKjcBTVXZ1JEloCjZFbkxdihN9aNR+z9hNF+IIxyQ5G+GMCcNxHoZIz7ADiHuZgj1sEJWSjgigtyRHOWDXGE4sgQhvMQNy79KJggLIfjytzeAu6UGIrytqXNMRZEoDNkEEoJIH/g4GiEx1AXCaE967Q0/Wy3EeFuQWcNouxzsrc2Ql19E8KUPVzN1BDhbEmhpwtfJCPbm2jDdtRY2xpoIjhQis7gFIaHhBGFaCHLUgRvBWJifDdfwivSxQkyABUTRDhy0CjLCUS8RobU+B3UVIrQ0lWN4z34cu/qAwOompo4fx8hYLwYGOrFn/wSmDh7A/sOHCbiOYWTPHvSNjKBnaAhD43vR1NGFlo4edHR2oaapDeMHL+Lg6es4fPYKautrkBwbjPKqCowevojRg1fQ0DWAOPqsbva6sDZUQVZuETqH93A1+Y6eLozvmUB+djqSIj3p3tgjzMMElYWp6OobRUJcMCIj/ZFfSvDR0on4pAQaMdWgsrEd4somCIrqICjpRGRGOQKSMhGWmo2Uomrk1fUhu64fFV0HkFM9irzWA5AMn0fJ0Cl4J5bAizr49IpW5Nb10PZmHNjXjC8vx/Dpz8f0TH6iQQsNiD7/hq+fX+DbhzMEWP349noAn96exNvHE3h2KRNXjwhxZn8aTu7NwHBvDqrpvublCgkABUhNEyI1JQUJCYmIjUlEVGQCoiISkBSTirT4LKTGi5GeJCZAyUFBegEqckvRVCLhQFVXUk3Pbjmq8wvpeS2gdRXoqiG4qm8hWKpGC92L3moJwVYdBurqMdjYhNHWVoy0tHC46qmvRTfdo97qanRWVKC1uBTt5aXoou+kvbSUg1RpaioXE81PSEBuQizyk2JpnZCvz4tPQl6iAKVp6TToEPKZhGxWYTltKyHIaqBjdra0c5BqI5iukTSgpJjVS6xBeWk9qquaaF0jsrPLUU9QvI9A+snDe3jx4jnOXL2Fxp59SBI30h9wHJw9I2FhH4jtKtowMLBFeEwO4oUlBNTVmDp0Gg8fP8fla7/h6KnrBGtHkSqWwJ86pphoEVJTi1FIAN07dBQHj1zFmQt3cfrcLRw8dB79QwfR3DSIhlqC8CICKoKqmpIG9LYMorSgBqKEXBTnVCBLmIvYoDhE+kUgxDOUBi1BiA6KQphXKLyc/eHvGQJv9xC4u/jD0z0QHk4B8HYLgZ2tD1wc/fiym2MALfuTBcHU1BlaWhbYyXKrCJ6Yp0p+gwYUlPS4QruqhhVXcv8n74qJi27cYgTF7Uyl3BhKKubYTMba9UoEGXLqWLxSlXuZmBdrxry1vJ05fy1+XaaAXxYwnSsZfP/zEvz7e4KrGb/ih9lLOWCx0CETI2UJ68yLxXSt5tPyD7+s4pD1y4J1HL6Yx2qJDBM0VePeql+XKXKQWiqrQjC1gwPW4lXbuCaXVCZCmhfG9v1H5mH1eh3IKepi/TZzAhR9DkVsBqG8siX3GjG4Yp4jWQKVNSwJXcWSt6uZyvsuJ75tlZI5QZcNlq/T4TlYDMaY3AODpNWbdLGUQHMpT/5XxZr16nS9O3kolU0KYHpd8pv1uAipHEEZAyx2TgZSLEy5erMUpBZPhwWXrNWiZU2CLW1q1Xle2DKWk8XCpGvUeJL9Erad9ltN18ZChnxGI8sJY2FHHkKUGquxuH5a+JTXWuSw5cTV4PXNg2BkGQazf7xYXgI4sJmGXnFw8aXn3ycWjn6xsPMKgbG9C3QsbKBhYoYtmgSZWwiQ18/HnDW/cMCatZrJNPw4bf8LWPPk2CxBAql1P2Hphh+412qpwvdYQrZ00/c8bLhg7fdYtOHfdN9/hILmHGw3WgAdmyUwd1sOpwAZeEbIwj92HSIECgRXSogWKdJAlWBL/E/C+3ZklqshV6KJglptFHO40uOwVVyjg7wKXWSWaEKQtQOR8UrwDl5LQLkSZlZLYGCygABrBeyd1sHDZzP8grYhIlYd8QItiHKMUFxlxYRG70zPFJR6r75y79U7AioCrL9/52Vx/v72mtcgZKD191dqOWw9kXqx6L1f/noiDS8ysOK1C59Jaxt+fSj1bHHYYmKlDwikfpt+/RBfaN2XL7QPgRlb9/nLTe7xYsKlHz8yyDpJxgBrikBlCG//6MSb96149a4aL99k4dFLAe4/i8eNB8G4cNcHZ27749RNH5y64YuT1wJx/EYIjl+PoNdhtD0S1x4m4dZjAe49E+LBCyEBVyIev4zHk1ex1EbT8aJpPbNYWo7D09cJBGMpBFpivCHIevu+Cu8/NhNA9dD1jRBMjUqh6uMQXeMA3hOA/fFnM/740IC3b8vw6vdMus50PH+diid0rt+eROHq3UAcveCKgUk7VPfZIL7AAl7xFogSuyG1OBANnVXoHp7E2MFzGJyYQlt7PRoInLpby9DdzPKsBAQ3iTzfqrlSTH+spagpiEeBMBitldloLotHcYIDUoIs0FgihCQ7Cg2FsTRyD0BOtCMP2wlC7JCd6IdoX1vEELgIw13haqGJuCBHRPtZI8rXCrHBDkgOcyGgsebyDikxPjw0GOJhSaN8H+QlB/PaiKXiaIQThIV6WiDYzYRraqUmhiAxyBpJQbYEVIbwcbJCUVEVBEH2iKVjh3vZIsBeB372enAy3QVXczVEhQUjh5UVCY2Ajd42mOyQhY+tJhyNVOjaCAgD7ZFK502KdEd2kj+XpijLS0JlUQrqCQDqJTkY2T2KqZNXMHnsNHr6u2ik34yxsW50EZgOD3dhbGIYh44cwtSRo5g8fAg9gwMYHBvH+L4p9A2PobWrB10D/RjcexjHrz7EiSv3+UzD9u421NdXobN/EAfO3cHuY1fQPTSCgtxkJET6wtnGCAUllegcm4KDDd337iFIGlsR42uHktwsCCIcIYii7zfCFs3NtSgtzUd+XjqEwli0DuyBpKEe6UVlEFfUISCeudqTESLIR1JxE7IknRCXEzDVdKOkYQD5NR3Ioc61qnMSxS37IRk4ie6Dt9G49yqSynoRmyNBVlUHDys2dHbi+c1q4HUzvr5nOY4v6dl9jy8f6ff26Sm1NBj6fT/+etWOz09b8PK3CTy+NYZzk2JMDgmxp5/JW2SgpFCE9IwUpBGEpItEEInESBGmIy5WgMjwRESExyMuKhnC2DRkJGTQ95/OQStLkIXKvGI0lVahqbwGjWT1xWWQZOVxaymvRHdDA/rJOiXVaGWAU1WJgXqCK7L+2lr0E1CxloNVXS2Gmpsw1NREUCUhwCpBY2ER6goK0VREbV4eWQ4962nII8BKD49EWlg40qOiadAhQBGBIVNtz4pPRnpsElKi4nkye2VOIRormZp8M2oI2rKTkhEXEABfRwdYGRrDWt8UtkYWMNPWh5mOHpkBNFW14BcQh+a+KXT1j2Pi4AlcukHPzPk7qG2jZ6O8FpFxWXBwj4C+vhWMzNzoD5q+U4KspJRS7D9wisDsd9x/8Bynz99F9+ARFFV0Q5xTh6ysGhQUt6KmmZ7NyYv0DF7BgSOXcPjgeeweP0aANYDG+l4CqnrkZ9D1CvNooFGEyoJq5BCcxUekQhiTjoSQeMQERiLQPQjeBFXhPgRabgHwcvCBu5MfBys3Z1+4EWS5OfjCxd6XC4uy5HYPF9pG5mjvRxAWBEcHP+jo2XHRUBYSZGC1cbO03A2rJ8gKN6vsMIUyq9/HBEe3GBBgMe+VAU98Z6VnmBdLaTtbZjPZzAhwNDBvuVT3ioEVsxnz5Hi4b9Z8ecyYS8tz1xBkLcV//XsW/v3TAsyctQK//LqGAxYv6jwtvcBCbAysWJL87Gkx0ZUEHYtWKvMcrJVyajzxnXmJFssoc8iSIfBavk6Nh/XmLlXgeVur12lh6SpVghyp+CgrCr1R2RhrORRJQ4Es34nNAGQaVLIEOys4YFlgNTMCp41qzpBXtccmTTee8L5xpyM27nLFGno/83yx9zCQYcurN+hyLxvznLHwIFet36jJ866Yfhebtbie7uGmnVY8KZ7lSq2he8cASyoHocM/y0ICxbkEmfOpXSS3CwvpM89frYJ59JobmzlJn2kxbWPgtVhOgyfkM9BbzUCPwE+WjOWV8fDiBn2eFM+9WmoO3FiuFxM33cXqIRr5Qtc0EEbWYbByioWNZxKBRyLs3GPg7B8PJxos2BFk2XlHwoqeP0N7dyhrMW+cHIHScizcsJAD1qxVM/CzzE+YufJHzFzxI29nsLI5TGR07Y9YtI5aeelMQSbFwPSulhBQsfwrNotw0brvOGDJbv8RG9R+gbIBS3BfAlPnlbD2koFT8Gp4RMjT/+omRKZsRWiSAsKECohOV0J8xjYIc1WRWaqFfIkuSup0Ud6gT3DFvFj6KK8zQJHEAHmVesgo0kB82lYERW8igFwDM5tlMDRdBHMrGdg4rIOL+2b4+G/nMwrjkrSRJqb3lZoxwHooLe7MAen/DA++48sMrv5mYcKvL6UtEyX9+znB11PpezhcPeX27e9n3LvFPF3fpgtF/zWdv/WF4OszBy4GWiy8yCDs+XSR6WcEWE8JsH6bzt+6KM3ZYonvfx7jMwn/eD+AN+/a8fJtA569KcPD5wLcfhyBa78F4+Jdb5y84YJjV91w9Aq1l33I/HDgojemLvhQ64PDVwJpn1Ccux1KsBVCFojL931x7YE/rpPdehxIxwvAzUe+tBzA7f6zCDxiEPYqmWBLjBdvC/H6jwq8/VBHENVCMNUuNZZE/76Zhy3fvmeJ9iW0vwhPnsfhwbMY3HkSjRu/0Xmv++LgGQ/07XNGbY8zsus8olpAAAAgAElEQVTtEZltg+A0e8Rke6CwJgodoy0YPngBvXvPoLV7AMWFGaivzMVgtwQdjfloqclEZX4CGspF6G4pwVBHKUpS/SGOc6cOxBv5cbbIjbFFRUYQJDnRKGOimInuyI13QUVmMDJjXSGKckaMuwGiPM3pDzoKwV5mCCZIyiRoCnI1QWKgK6IDnJCVHAQPO33EhXtS5+mDEHdzOBrvQKibKbLjfVGTn4iSjHCkRBCI0THCXI3g76CP9HgfpNE5wtyMkRDsgtKiCho52xNMqcHH3gC+BE7+dtrwsdagP3yCy7AQhFGHZq23HdqKy6C9dRV0t6+hc6nAicDPxVoPUUEuiA11RVK4Gwqz4lGUJ0BJNoGlOApNzTUY2HMCJ268xO7J/ejprEFbSxlam4vQ1lSI7o5yjO/uw97JCUzsG8fhE6e49tXQSD+BVT/G9+9H78gAOvr6MXHkLB3nGcHVHfQMDKCb4Kq7px0DY3tx4toTgq8z9J4RlFcUoLIiF1niJEjqmnkuVmKiEF3De9Hc0Qk/F1OCxUBkUGdfRN8hU8QXJ/mhmHlqOtuRV5CN3KJitI4cQHhCErwi0+DgGw4LBw/EZpYip7oDJc2DqGRhQgkt1/ehpmcvarv3onHwIJqGTkAyeBKte69g8Nh9NO65BnHtMFJKmpFX24WG3nGcOzOKr09r8fVlGb6+3Y2vfxzB5z9/w/sPL/Hpzxf4/PEVvny4iS+vBvHlcQ2eXS3BnUuduHKGwLNdhEZJCiQV6cjOSiEYZCZCdkYucrMKIM7IQVKiCGEhCQgNiUNUaBySIxLomclAXmoOCjMKeZJ1PYFnU3k1Dw/WlUrQUFqOysw8bvWFxeisriagqsVAnYQgSoLOmmr0EVCNNDZxsGovL0NnZTl6q6vQW1OBvrpq9LL1FeVoLipEQ34B6nILeB1BNluwMkOMwuRELhwqjoxGWmgYgW0kilMJpMQZKBQKCbDikRoVg3S675lkeQSLDLrEkZEQhQcjIzKUwCwIUT5e8CHIcra0gaOZLawMzGBCkGWiZQCtHdrQVtNHcEIBUsTVEAjz4e4ThcHdh3D7yRuC/IsoLOtAVEI+fIPiYW3jDl0jB0TE5SM4TIwEQRFB/kXcfvAK9x++xrXbT3nIsKljH8H8ENrbdkNSO0pQfwR7Dl3G3qnL2L3nFAYG6Lsn0G5t6ENTdRfy00qQEZeOZALdjPgMFKSXIjZMSJAlQFxwDMK8g+Ht5AUHC0e4WLmQOcGdOjsXOw+4EWTZWbnDzMQRVuYuMNKzga6WOfT1rKCnawUNTVo2sIWZqROMDe1gzMqqsPIqGlYctJgnS0HZ4D+SDKzGIAOujQy+CAqYDAMrjbNF1ZTX91NQNiFoMeC195i2kyx15kupo18quxNzlmzGdyzBnQBpBkHV//y0FN/9vILPDJxJ0PXdzMX494/z8f1PC/EdGVNyZ0Wf5y9TlHqwlm3m5XF+nCPDBUzZ+uWyO3hZHCY+KrNWk+tdMZ0tLma6eCNBjDbWbjbiXp7Fa1hIcSsHrGV0PQyw5On6N2+3xCamRaVqxb1WDLC4UCiDrG0EWaq2XIJhFQMwWscAS0HDHet3uEBJy5N7sNYTYK3f6Yx1BF1raD8GWEytXZaF8dZq0bWpEVRp07k16JxaUNhpRnBjQHClQTBnhq1q9tii5UznInhVd+ChyBVc8kEPy+g6FxFA/bqEfX6CTPp8s+nz/UL3YwbzDNK9WCyvwfOyFq3ZRQCmjF8JMBlUSsOJhlhBtph7vtS4ydBxeY7WZpb3ZcM1tHgyPAGlIp+56AhVPQ+oG7GC0X4wsAiAmV0ELB2iCLLiCKzi4OSfQJbEWyvXUGga22C7jjbdNwJfxVVYvGExfpWbzQFrJte/+gkzyGYSbM2Q+Td+WUVwJf8TwZXUWD3CRfI/cN2rpVy9nWBrI4HXegKs9f8muP0B63cxiYY50LBYBAP7FTB1XQVb35VwCiHIiloLv7iNCIzbxCErKlUJcQRYqfk7kVumw0GqssEQ1S3GqG42Qi21NU1GNFA2JOBikKWD1DxVRCZvgU/YOti5ycDEcgnMrVfBylEe9u6b4OFDABe5E7EEWMI0fWQVmrBizy/w918vuSQD81KxmYNfmf39lie7//V12mvFPFhfp41B1l//t/EcLR5ClIYTOYD9LfVmMa/WFwKuL19pvy+0jdovzFv2bbpg9NdXHLI+f3nEC0d/4nlZV/Dnp7N4//E43v+5D2/f9eL57014+qqK4KoAtx8Jce1+BM7f8qCOzwlHLrng0AVnHLroTMteOEJQtf+sB3afdsXEGTfsO+eJqfNeOHzJA4cvuuDgRSeCLkd6ryNO3XDAuVsuuHCHmSMu3XGjY/vgxgMGXeG4+yQKD54nE2ilEzhlT4NWKVklWRXe/CHB63elePM7rf89n/ZJJziLw92Hkbj1IBSX7wbhzDUfHDztjuFDrugY90RVlzsyGlwgqHCEoNQF6RXeKG8mWOgqRVt3NxpaGpCfK0Z9TQF62qvQ0VSEoc58NJXFoCI7lIcC68sEaK5IInAK5d6RzGh7pEfYoTDFDy2lLMfEGcJAM2THOKEmJxw5cS4Ic9JEoK0qoly0uMRCcpgDbHUUEOBkjFh/ewS6GEMUyzxWnrTNFe62ugj0sICHLYGRoxG8bbQR5GSEYBcTns+VEeWIGC9DXjIn3M0Q6QQShalhyBcG0XWEobqqBpkpCXAx2UmwZoQIDxNeu9DFdCfBnBWi/d1go68KK82NMFVTwC6l1TDZuQG2esow1thEHRtBmIc1/D0sEeRpi7T4QOSKIqn1RX6WkIt4jhKQdk8cR129BFXFQoKrUlSUpqKuUozurmq0tldjfLwPXbTc3FyJ4ZFe7N47jpHxfozuHsGefXswODGGg+dv4MzdVxg/chrj+yYxOTmFQQKvsb1T9Fy8xMSxKyivrkVbWwvaWlvR19eLnpHdOHrxDldZnzx+CUMT4yjISUGmKBYikQBl1fUoryxDamIQ0oRx9P2OorapHYH+7kjJrUJ6cT3cfAPhGylCUmYJwVQzytuHIGkfQV3PBKraBmlk1UntGFrGjqBl9ARahk+hd/Iqmnafx/DJ3zB6+iFqRs4ht3EMxU3U+Q6OEkwO4+m9EXx7M4yvL0qoHcHXVz348maChwv//PAEf358h48f7uHT6zP440EjnlwuxPn9IhybasCeiV7k5aYgXZTIE9mZtyoxPhWi1ExkpechVZhJ69IQFpqIYP9IRARGQhCViBxhBnLSslEozkch7VeRXYT6ojLUEWTXlxAUlTGjZ5zuSUdVFS9r00dQxQCqh2ygvg5DDbUYa67n4MVqCDaXlKC9rASdFSXoKC9BW2kJWoqL0VhQgEYCrIb8fDQUFqEqK5fXFywmiMpNSOBerMzYGGTGx9EzmYrCJAFZEsGdGJU52SgT075pqfS+DJSl0XviY5EZFcFzsfITYpDg74sIb1/4uLoT6NvBwcQaNoZmMNQwxC5lDWxTogGBgSUiEwuRmFLCpRf0jezQNTSFoxfu0oDqEfYcOIMiAq3Y+GxoaphC35AGHpFZiKX3iPMa0TF4DOevPcS9317i6p1nOHDyJobGTmB05Bj2HziPiclzmNh/HoeOXUf/yHEaTLCqAh2QFDMl/GYabNHvKzEdgsgkxBHIJYQkIYxALzY4gX5b0QhyD4KPsw+BlSuBojNcrZzhTMv2lk6wJ+iyMbWHqZENdAis1NWMobbLCLt2GvJr1dAwwy51U6iqGvLwINO+UlezgKamFZRVpHUGNykbSD1Y1CoqG/JSNmsJtthsQpZ/tY62yW3S4BC2Q8sGmwkY1m025NIHawm0lm/Qw8LVu3iH/wsB0/dzZTlgfT9rJUHWMmqlwMVmCf7AZxQuxn9/N5vPKmSQ9euSjTy8x2bgMdBimloz5sjydUzGgam+M8jigLVa5T+K7kxvi+ldyRPsrCLAYOG15QQ4spt0uSYVA611inpQUrHERlbQeasJgY8th6w1yubcA6W404GXsWH6VKuUzLB2ux23Ldq+2KTmTlDkiY1qTlhHgLVJzY2gy1EaViRwYe+TJxiTWa9L0EX3iY7PQpIb6D7tNPKEMgGMkpYT1C2CsYtAhpW52U7GcrtYzpUsgdqy9VpYKKeKeau2Yr7MVsxbuZUD1WwmwrpEAT+xvDS6b/NkVLkm11wmwsq8XWtUCSq1eFmf5XT+xWu16TiaWCKvxUOLbD0LPzKPGfNurVLUh4yCDtcBW7fNlMPmZnV7npfF8rE0THygbxMGc8doWDvHwto9HvbeiWTJsPaIoPX+MLZzh5apBbaqq2Grxi6CtG1YrSSHReuWYv6aOZgrNwezZGcRcM3ELJkZ+GUlm0E4k0BsFhaun0X7zcQSJtewkYULf+Qtk25YTKC1gOBrpdKPkN8xEwpac7HdeCE0rBdD33ElTAmErH1l4BK6Bm4R8vCO2oDgREVECJW46GgaAVZhuS4qa41R32xGg19LtHdYobPLmvphMzR3GaKmzZAGuPrILlFDMkFZcMxGuPmtgaXjCpjbr4KF4xoCrg1w81JCUJgqouM1kSTUQWa+Kf4fqVfqrdRTxfKrOEC94aHBr0yuYdp79Rf3ZL3mAMZa+scm+136+uv/vvcbT4gnqPqPSb1bX74+40D11xe232seivxC7/3Cge611Iv19TG+8OLRt3gS/J+fzuDDx6N4934v3rztxtOXdXjwtAx3Hmfhxn0hLt+Jwskrvjh0zh0Hzjlh6qwDtY4EWq7/AazxU64YO+mMcbLRE44YOe6A/iNWGDhqheHjlhg7ZYl95y0IuCxw5IopTly3xPnbzgRFnrh6zxdX7vngyv0A3CRYuvMkiUBLhCcvs/iMxecEU8/fFBJQ5eDxy3Q8epGKB8+EtF8s91hdJbC6cNMXxy56Yeq0J8GVB/onvdEx5o2aXi9UdHujoscPld1+kPQEoWkoBgWVEQgO9kBFeT6aW+rR0VmH+upcAodk9DSkor44FHWFEWgojuKJ6+112eiqz+QhwGIhHTc3Bl0NeWirTkNuojvSoxyoExOhOjOERugONDK3QpK3PsKddRHiashn+wU7G3HdqwAHfYQQOMUHOREgBfPQYLifA8IJvBLCPODnYIIwdwsEOpvwfCsGVCyZPTmU1Ty0556tSNq/MisODUUJqCjKQ1GeGFGephyOUmN9kRrlQcf1R3pSFHUE9vCw0OAJ8AH2uvC00oKFthKMVdfDSmcLvGy14W6hCXcrbbhY68PL2Rw+jrqICHBEU3svhvafRHVTM/0I+lFRUUCdejgXG80SBKOuOh8T+wbR2VlLPxgJ2luKUV2Zga7OGvT01mBouBNju4dw4PAkh6iDZ67g6oO3mDx6Cl19XdS57ef5WiN79uHsrWc4ff0BOnp7MDQ0gIGhPgwM9BKEHcS5Gw/RNTpJHeotDO1mSc/VaGmrQU1tMTp7OtE5NIHq2lI0NEhQXVeHvt1HUVBcyPOZatpHkVlcjYySSlR1jKJr4hAahvagvnsUnaNT1A7TiKoHLYN70bn7BDr3nMLwkWvo2XcR/VPXMXTsHnafeYSJc0/Qtf8S6nvGCQaHcflcPx5dyccf92vx8e1Zgqr9+PS8C5+e1uLT4zJ8eHMJH95extvfH+Pt22f4/dkpvHp0CLdO5eLomBBdTQK0thBIdvYjKSkVsTECxESlIDlBhJQkEZKpQ0+MFyM+Nh3REckI8YlEkHcoYoKjpR19eBziQmMRF0Jwk5jGAaipmECrsADtlWx2XzWGCKBGW5oxzEJ+jY0EWRL0EyDv62jCVG8bpnpasbutAd2SKjQXFfFQYFMBgVpuPuoK8nltQIlYjKrMTA5abJ+qrEyU07rmkiK0lRCA0XlZsntRWgqKWA5WQhJKU1PoevK4dlYpQZUgLAx5giQUEUSmR0XS78EPcb7eSAsPRTwBVpC7JyKDw+gzBsLb3o0gxR4mumbYoawGFeWd2LVDA3bOAQiJyUFIeAaMjWxh4+CJrNIWZJR24eSFO3jy/A0OnbiEPIJpUwsPOHrE0Oi2FTlFncgu6idIP4lrt57i1j2CrJvPuDfr4pX7uHL1Ac+/YkruJ85cx8HDl9DXM4nywkaIBXkQp+QhKyWHAxbzYIV7hyDYIxB+THrBmaDd2Q9+rgHwdfOHr6s/nG3cYGFoC0tDG5iT6WgYQW2HDtR36EF9pxG2bdOGkpI6tlOroWaCbco6fJ3qdj2okO3YYUzr9GkbK+RszgGLe67Ws3CaDsGTMcGUNoGCJteLkl2vwWcSyilocfBi5XG2sBp4qpYEYNSBKxlxcGGeGDb7bcHqHfh58Ub8tFAeMwmAfiBQ+tfM5fiJWpaP9cOsFZjxqwy+m7EQ//X9L5i1cDUv8PwrwcTP89Zy3SsWHpzx6xrMZmrtPAl+m3RG3gad6XqHLF9LiYchl65iswX1+GxAnhAup441rK6ggiGBjgmvH7iRgEJZx5WrrjNxUIUd9jwvielgsfqAigRPG+j1akVTyCpbYa2KLbbqEGDtcscGFTso7CIIU6f91Fy412odCw2yUN8uRx5qZGE4JqWgqOmEtXRPNCyCYOAcDzWrCNgGF8A+ogxaNjHQMA/FVl0PDlZbdD0hR+dcsYnNWlTFbKZcT5A6e6Uy5q7cgtkrFDGLwPOHX2W5R2vOCubRUsR8WWUeQlzIim0TYC1crYpfV26n96pjCQNQAiyWyM/zttayUj+0noVR6btbzpTuCbLkttB3TDDJtLSUNV24d20HgSCDLB2CQRPrMJjas5I7UTB3DoWVSwgsnYI4ZJk5esPEzhU6plYEWjvpvilhxUZZLJYnWCbImrVqFgetubKz8YvMz1ggT2C1cTYWbfoFSxR+wXKFWViuOJPamVim8CO3hQRdbLbhIgIu2e0zsUF9Ft2f+dhmNJ/gdBm07VbC0HUlLLxWw5qgyCF4HUGWAq9LGC9URkb2LpSW66ChzhAdHebo7rZGf781hgat6X/eGj0D5mjrNUJtmz6KqzUhyt+BSIECvEPXw859Faxd6LgucgSW6+h3TeuDtiE8Vg0JKTpIzTaUlsqRSjL8Ew58+b8ANb3ur6+vOEjhL+k6DlZ/TRtPgpdCGAv5ff0nZPhV6qn6RvYX91wxsHojhauvb/4DV1/o+My+fnlB658QYD0iuLqLj5+u4cOfp7my++9vx/DidQ8eP2/EvUclBC8iXLmTSJ1bBI4SSE2dccP+03bcGGQdvujKvViHLnpgP8HX7tMuBFhOGD1uj56DVmjYa4zGPSZo32eEjkkD9B82xsRJI0xeMCLQssSpa7Y4e9MJ528548JtL1y5G4hr9yNx40EcwV0SfnuejgcvxARbWXj4XIz7T5Nx51E8bj2Mw83fYujagnHxVgDOXPfCscsedH2emDjmgeHD3hg6GICRA4EYJhs9FEIWipGDERiYjKTrSEVyni8MTC2RW96A8vomFJbmo7hIBElpKspyotFak4zuxjQ0lUagpigOIz0SdNQKUSJ05+HA3ERvNFSkc22o9HB7SHJiaHTPpqI7oTwjCNXZgUjyN0Kogyb8bTSQHGzLZ/u5W+2Et81OuJpuR6irCXKS/QmqnBEb6IiMxECe8O5FoONopobs1CikxQcgM8kPeSkBEEa60kjfkmtWhbmbQxTpjJKMOJSXlSA+2BHxYX5IjfNFcogjkqN8IUpJQF5mEqK9rXhBam9bLfjb6yDK2wReNjqwN9oBD0sN2GhvgbmGIi1rIs7PCkEu+vD390ZpwyAaO3shTI7iM/2KinOQnxOPprpC1Ery0FRfiI7WcpQWpqC2NhfN9TloaS7B+J4h7N0/RJBEnfpoJ0bHezE4Oohjl27h1NW7BCd70D/YhYHhbkwe2IuRsX4cPnUFF+++IJiawBjtu//AFMYnxrH34BFcuPUQYwdO4siF2zyPq6u7FSO0DwO2kfFB7Dl8HMPjuzE4PEg/1n6MsAK8U2cJBkvR1tWHiUPn0dA5iLaRvRicPIWe3QfRMT6F9sExNBFctfXvRfvAfu6h6xw7hoEDF7H75G1uw0du04DhPqYuvcT+888wfuwKjp44gOtX9uLJnRG8uZ2N9/fi8f5xNd79fgOvH3TgxbV4vLoRhxd3W/Dm2WU8f3IGz189x/Pn1/Hb3WO4cWEQwx3JaK5hU/mFKCqvR7mklQArjSwdCXHpSKHOPInaBAKsxIRMxEcKEBUQjcjAKPpuE5ERR89wVBIi/MMQ7htKMJ2ASnEmgX8OKnOy0FjMIKsc3SzkxzxWDXU8p6q/tpqHCcfbGzHZ006Q1YE97U0YrKtFK8FSXX4BQVURKjKzUJouQoU4gwNWaTq12VloIZhvKswlkGJlpNJQLJJ6p7Lj4yEICaU2gWtglWeICKaEBFep3GuVSlCVHBGJuMBQ+Du7wcvOnsyWyzOEe3jA084O3o7uNBgIhoedG4y0jaG1UxNqqhrYSaa+Uwsq2zR4vlVsahnsHQLh7xtBz2QdfMNT4eqfgJGJI3j++j39f/2BQ0fOQcKf332obt2Pqvo9aOuZwuSRKzhz6SHOXn6C05cf4vyVh7h87QFOnr2JY6du0HN3AYfoORgdPUEDrl4UZ1chhb6DJAIrQUQiDWzCEUggFeoVRNfsTXAVAG8nH7jauMDdzh1udh6wIqgy0jKl1grWJrbQ0zHHDlU96Gqa8dDgrh0G2KGihy2b1TlUKW/Vhpy8Ctav3wlFRTUobNKAAgHVVmUDntC+Q90Sm5UNIUedr9xGqZeK6V0xeYH1Snq8NA6bCcfERJkna+1mLR6WY2E3BWUzWtaFDJvVpiiVPFgkp4WfCZa+I0D61+yV+H4282Itwf/8uBDf/yKDf81Yih9o3S/z5fH9rOX4cc5KzF28gc8a/HmePPdyzVqwDv/+eTnBmQwWyihNJ66rQV5Bj0wfiwgqFjJPDkHHghVstuAuXgKHe9PkNLBKXpdgUJ8AkICKlZrZaohtem48F4mJgzKldqlIqDkPE25Wl4b+ZGk9AyfZrRbYxGBKw5UDGfN4KdI+TGKBQckmAq6N6ixh3BmbtklzuRis7TIPwkZNRwICAhOfTJj6ZCGmaDfC8kZh5p0JDatIyLEkdAKabYYB2EDHX7PdHPNWqxAg7cAiWXXMZbIXSzfhe7oP/54rS7aaXm8kuFLg4DV3pRLfPpcV2SbYnLNcEfOY6v1KVSyR0+CQNW/VTtq2HfMI1hawckJyKlhAYLZo9TauKcZKBXFP1mZDgmd9bFI2wVYVVl/SBuqG7tAx94eRfQjMXEJh4RxM8BEKS+cQ2LmFw5pgX9fcBkpqO+leqGLd9i2Yv24xZq+aiTmycwiWlmLe2nm0PItD1nz52Vi8aQ6Wbp6DZVvINhNkKf1M7QxaNwNLNv2EBetnYt76n7Fw4ywspW2rVX6m+zsXiloLoKy/FCrGS7DDagm07VdC32kNzDzl4RKwESGRWyAQbKN+Qw1VBFitDUbo6zTHUK8lxoatMTFmh4ndNhgbs6T+wIKrvFc16yC3Sh2JWcoIid8Mt0B52HnIwdZ1HQcsFiZ09VdCYJQKIhJ3ITZNk4UI3+Hb339INa+4d4qBE/NgSe3vv6bXfft9ep10+f8GsJfcg8W8YXyGIcGVFLhegdc6/CfsOG1fvkm9V5+/vv4PZHHA+vKUe7E+ffptGrDO4N0fBFi/j+Hlm2E8fdGK+4/LcedBDkFWGi7fiSHICsaJq77USbpyO37ZDSeueOLkNZaH5Unr3Am43LHvrDNGj9qhe8oCrftM0TBuiNpRXTTu1kfnlAFGjxliz1ljTJ4zx4nLtjh93Z4gywUX7/gQXIXh5oMEAqgkAiyWWJ+G355l4O7jVNx+KMStB4m0PZYsBjcJsq7dj8aFm2E4eSkAx68Ek4Xi5OVwOm4Mjl+Mo1FtLP2JxuPc1WScvZTMC2QfvZCAIxfz0NiTD1evAPhHxiE0KgaBQX7w8XVFVIQnxMJAFIsDUZjmhdr8UDQWRVLnEkQdhhviffWQFeuMjCgnVGaGoCI7BG1VYrRWipCd4IrkQAuIQm1QJHCDMMyeOh1bGqmbIMh+Fxx018LTTIHgajNBjwXyBQGI8TVFnL818kRxyE0Jpw7IEV62uvB1MUdMqCvcrbWREGCPpFBnJATZIyXMiWDNHoEO2nR8V+Tm5FIHEEydlTFEcYEQRrhRR+BJsOWJADcbBLpbIDXCA2kEgT522ggnMIv1t0SAuwki/GwR4mYKTytNAjYzuJupwNfegEb81ajp2o3wEF/4OOkhOioYguQYZKaGcCHW6nIRSgviUVUsoFF+AtKSA1BRlo66+iI0NJSgtaUCvb0NvGROf18dOrqaMHnsPKaOn0bfQC8m9g2jp7+Zw9XE3hHsP3yMnq+n2HdgP8Z292Fyci+mDk5i4sAB+o6fYe/RUzhz4wEmjx4jMOuh901i3+QeTOxnADaFPYeOY8/eCepgx7GH3nPk7A109vaipaUWI3v2Y+rEeb7PyNQJ7D58ltrjBFkEWP0EV70j6Bzej90Hz2HviesE4pcxfvw6ho5cx8Ch6xg5dht7zjzE/gvPMHWRhZbO4s7VHvx2TYKb14bw4FoZnt8swZvHA3jy6ByeEUTdvlyMm6eTceN0Cu7dPooHDy/h6rXD9Nt6hd8e3MLVq2e4sG1+rgDpBCiRBE/5RbUoKqlHYryIAEuE5IR0CBKyEB/DQEuMtCRWNDgLeRm5qMwrQ01hFUqyiyFOSocoIQ1ZKZkoFGWhOD0bpeJsgh4RPb9p9Hxmc09Ua1kZz6nqkVSio7wM3VVV6OOJ7dXoIhDtqqB1kgoaUJSgOi+Pe6O4DAPBUTGbLZgoQJ5AQECVSiCXjoIUIQ0IUuiZzUB2cipSohMJ+OKRkyZGTUkpClLTkBmfiNzkJBSz2YWZGSgkYEsKjyIoYTpstrA2tISDqQV87N8+7ZgAACAASURBVO3gbGEFWxMrOJjZwsbICrpqetDaoQltNR1s37YTW5RUsHGtElc8r2zqgzC9AuKscnT1jGFwaIrLNngHJiG3rJ2+ywt49Pwt7j58Sd//aRRWDSKvrBtdA4fo9Vl6ri7jxPkHOHXpEY6fu4fzbKIFtaN7z9Jg4CQmJk7Q6HoKne3jKCtuRLowl+AwEQmhsQS5EQj1CUJMYAR8XHzgToAVFy6Eu703LI3tYaJjBWMCKh01A1joW8DR0g425o4EWSz0ZwRNdWNoE2ip7zLGdmUdbkpbtLGKiW4SkKyR3UagtQObNu3COgKuDQyoFLR4orvSdC4WDwlu1uWhN2ZMEZ3JJbCZectkVbj0gcw6dchu1OadswKBxZqN+jzRfCltk6VO+1cZFfwwby3+68cF+H+/m43/nrEQ/9+/ZuG/We7VzyvwLwKuH2bLYOa8NdyrxeQZmDQDg6sZv8pyD9YPBGNMR2sO08siqFhGoLBqvQadl66NKcfL78SyNTs4XMmwsKC8BjZtt8I6ZSvax4CHClfTfus3G/AE960aDmTOfLbdaibLsNmE52LxmoIsP0nTjQDRQppjtdUa8iq22LDj/2frLePruq597fPhnvee09OkSQMOmmJmlAUWMzMzMzMzM6Ml2zLIbMuyZVu2ZVuGmONAA01DbUpJmyZpwJTnHXNJTtLe82H85ly4115r7T2fOeaY/xGgJYhW8VprFIiZB2rpdVTC5Q1KLFSW1ecpSYRl8r1N3eOxCcrDOaKc0Jx+wgu2U73tEjW7rhNeshv7wGIBLG/0nRPRsY/FJrScxXpeLFJxbPK9XhYw+vWcDfxS4PS/Zi3SIFUNtz7x8kqeW7SJpwVEfz17tQZYs8R+PWeVVn9W4HSWgNYr8p3nrLRg1iIDnlOzOOU+Km+iOlZ5vuavUvfMVAuoV89xkZrpuM6C1boCWZvdMLTww1IBlmcCTv5JuAYm4xacLGUS7gJarsFx2HkHYuXqKZDlg5mD8l5uYO7aBcwTsFqst4qFm5YJMM1h3vo5Wq7Cl9e9yNyNL7BQ/2UWGr7MAv2XBLRe4BX955ivO4u5G55h9rpneFkAa+66WczXeU62P8cSw+dZavICK81fZq3VXHSdX8HUYzHWPstxDVWAtYHUTAVYhrQJYA312LN7qxOH9rgzfsSLUwJY5yb8OXfGj3OnvTk74cPYcXdGDjjRN2xNTacJBdUGJORsIihmPYER6/AX84tYQ2j8RmLTDUjKMRQIM+I/Hv7wHcoePPznj54sLdD9h2l78MPP1s2Yqj+c8WA91GYY/l0DqWkF+C+l/qUGY2r53oMvtaD5aaiatvsP1PJX08sPZ9Zpnq3PtGD4e3c/4e737/Ht978RyLrGP78+p6Xa+eIfh/ns7yP85fMh+aPqEmvk4z9X8dGfKvjwT+UCOwUCOfnTMPT7At79OJt3PsrgnQ8zufVuPFN3Qjl7M4SJm8EcvezO3rMOHJx05cQVLy7c9hbACeLG2zECR0m8+bsEfvNxgjY0+OGfSjSg+vjPtfzhsyb++HmzlOqz6wW2GmVbi1izWD2f/LlBwKtGG8J850NpzH5fw+8+lXWfNvHxH1rFmqQxa+IPUv/DH9v5+Pet/O7DZtm3W/bbys49iRhZWODqF4aLlx/+AUFkpCfQVFtAV1MxFXnR0ojEM9CURn9DAlub46jPdKQ6xZnSBEctDmtrSyZj+3q0WYRtZTE0FYcLfIXRXBInxyZLAxNBbaY3OWHGRLqsxst0IZGu6wl3NaA4yZcITwOCnQ2oLUqmpTJDGqFMigSaEsI8CHCzJNzblszYAIoyBPR6Ghlor6AqJ5pobwvSY/wpyCuks62JgZYiitIiBcDCqC7MoKeljMxEPyL9rKThiyA30V9623KueH9y432oy4skJ86bcB8LkkOcSAiyJ8RtM1lJkfRIr7+jd4ggD3MCXDaTEBtKUWEutRX5tNTl0tWcT3dbkVghfZ0VtNbn0FKfRV1VGjXlqRTmRLF9qJmDh4bZu7ePE2fPCBx9yonJCfbsGeTExBijR3cxOraXkxNHBYqOclu2n714jjOTRwWUxrl05TznL03x1sef8uprb3DjHaVl9BonTx0TsJrg7PkJJsWmrlwQcLvOuIDVuYuTXLp+gysCQFdeF1A6NSb7nWXy1ZuaGOm5qzc4K5B3+tJr0gBfZ+zsRQ4dn+DQ0ZOMnb7IyambnLrypqanNXbxTY5deZejF9/h2OUPpEPwqQDWnzj/+kfcuH2G9+7U8+Hrubz75i7ef+cAb1wJ4/23Brh6qYULU528/e5NTo+XcPpoPK9e3sq777/BG2+c58atKf7x5bdcf+0ON19/jfaONgHXSg2qykrqGOgfoaNjiOrKFqoqWqgsk7K0WeCqUVMFb2zspaOll61dQ2zv2kpvUzftda10NnXSr/IBtvTQ19pDf4tAUmMLPbV1sk8jW1rb2CnQo6Bqb3cnwwJcuzpUyhtZ365mBNaxpb6GHW2t7OjooLe+npaSEhoLCzXPVHlaBhXpWZqmVW1uHpVZ2QLzxdQUltNa1UCzAr+qJtrbumlubKeutILagmLqi8oEvorlXMUaaFXn5lCSmirvagqpkTEaSHnZu+EvYOXt6KrNJPS0d8XFygkbExssjKywEsAy2GTC6pUbBT42smCB9GBDkjlz4QYHTp7nyMlLvHr7Xa7Is913aJy69p0UVg1y8PglfvvxX3nnd3/h1Pk32bJzQt7rI+zcd579R29wePwGk1feE2D+kKsCW+cFpI+evMOew1fkPFMcPniafSPHaW8dokLgVgFWUZp0xmKkMxMYqXmrIgIjCPKJJCUulyIB4bycSsKD4vF2DsDRzhsPKX0Ernzcg7EWsNLTs2STjiW6ulaa10pf3xozUwec7D3ZvNkWHV2BKH071q43Z8FSPRYv0RPIMmfdBitND2uTisWScp2SM1BJnmW9yjWo0r4oU4ClgsbVTD5lSp9qnpJPWGstgGXPOn1nDbyWCLSpxMovLNATgFrD/zw1T4Os//vEC/znL57ksWde0aQYHnt6Ab8SiFBDhk9IqaQZnn5xmSYyqoDrSbVt1kKeEbh4ScGDwKHSy1KzBrVg8nU2rBCA0uBqvbXAghkrVAoZQ19tNt2cVSYs1KQSLAUc3dAz92eTwJGCJKV9pWbfKXBSdZVYeYNFsKbMrsBqhUCQ8mKtkfoGLcFyoMBUMCbOsRg5RWEspZ51pJaMWU+lqbGLYLWxD9b+2bjE1BBfdYC0ulEiS/fQcfB1+o+/Q17PRTwSOlhtEYahexom3rk4RDeywiSIDTaRzF5jI2BqxlNzdfnlc8s1wHpMvvuvBLKeEshUQ4RPKhFXAaZn52/QhmCfEHtmwSZZ3sizKq3Q4s3afk/Lfk+q4wRalUaZ8vbNU0Kocv+UF+xlbRbmZk0gVUHWCl17dMy8MLYOwNIxDHv3aBy9YnHxicM1KBGPsBSxNK30ikjGPyoDv9AUHKQjY+pgL+aAib293Ctj1pnps8ZMhxXGa1igu4i5uvOZrz+PBZvnsMBoLgsMZ/PK5peYv/kF5gpkzdN9ToOqORueY67O87yi9zyL9cUMX2CxANYysxdZYz0HXcdXMHZdiIXnUlyCVxMSu57UDAGsEgGsegvpkNuwY9CeQ7uEBQ66MXFUAOu0Pxcm/bl4LpALZ/3kP95TOtFu7BhxoGvImqp2YzLLdYlK0yEwWuAqaj3+0esJjtMhPM2AyMzNROfoK8D6XkBImQKtbzR78MM/xb6ZNgEvzWTdwx+Xp2cZ3p+J01IB8T/NPPxGs/s/fD2zj/KQTZf3H8wc90C2Pfjp3Pc04FJDlX+fGV5Usg0fabIN33//libXoPISfvPP01pS6a+/HuWrrw7xj6/28MWXO/ni61384+vd/P3L4Rnbzuf/GORvYp990c1f/t7Op5838PGfKvmd8jZ9UsDbH+bwxm9TufNuIm9K+d5HaqZfLh98WiGg1Cjw1sSnn9VNC5R+qWYGbuPzL7dJuVM+ayd/15a3ymepa9gn5T75vD2aff6FCsbv40+f9/LXvw/K5w+JbRU43M7fv9jOl/8YFpNz/GM3n/1tpwDjbv7wl71ajNnxEwmYWZrLi5hEZEIaYVHxhIZHUF6aR01lDmV5cQy0FtBRl0ZlbhRb6mIYqvUXwLKmQUBrsDaSkd5idnVL77wsnP66VHZ15lCZ7kFOjL1ATDDdVZGUJztRFmdLQaQ5kU7y0jmsJdbHhMwwS7wsl5MQ6S2fkUtdfpQAWYz0kkOI9LHCy0aPDIGo+uJk8pMCKUr0IV/gKDnElZggN6JDAigpLKaxNJX60kxNskEFfbc3lsg55M9fzlGRo+KwokmL8yUzOZyUKF9qiuLJivPBx9GQ6GBngbJAwr0syS8uo3fkNNnpSUS4y0sr8JWWGEJyfKQAn7t8piOFKQFUFcbSUCUNbkEsRdlh1AlI1pQlU16oAvYjBLZy6GkvpV+AcOzsFNff/j0nBZr2jHQzMtKrBbwfPLyTw6O7OXF6lFdff4uTk2c5Pr6X02dHBVAmuHD5HHd++zFTAkzX3/xAGtA7mqfr7LlTnBGwunBpkitXlQzEZS7dvC3rTwhYvcrVG9fFbvHqnbc4N3VG237x5pucvnCZcbmW8XNXGBM7eeE6xycvcfL8q4yePMeEANepS/IZV99i8uZvOXj2NntP35QOwoecuvYJE7cEsO58wtTNa9KQD3F1KpcrZwI4cSyVqasnuXKlj+vXd7N7dxL9g0ECbr3cfn2KncNp7N9bxp3Xb3P12qucmjjO2++9z+8++pRzV25pEgJ1tW001LcLmHTT0TbItl2jdPUM09LUT11NJ401HTQriYBqqdf30NOqhES3sLVzUEBKlpu6pOylu7mbzpZueju72dLVyda2Nra1tbC9p1vAvIOhlhZ298oz6Olie0sTWxsb2dbcxGBjPUONddrMv56qaulMNNAn1lFVRWNxKRVZueSnCDinpFORkkZ+TBxZUUpKJIXsxFTyxEpS0ynOzKMkt4hCKQtknTquUs0gzBM4z8ujIjNT3rVEUsLCyYiOISEkEj9XHzzs3DSgcrKwx8HCDhdrZ5ysHLEwtMBI3xRDFYO12RKd9YYsX7qRRQvXMmfuCjwDE9lz7ILA0w15Bm9y/eY77Bs9y66Dk2zddYKDx87L873Ftdc+4cYbcr9ffY/DJ64ysv88oyducmD0KoeOiR2/Ief4DRPn3+LA2A1Zd5Nd+y5oiaN3DO5nR/9eGkqbyIibHop9BFhhPqHarMHIwGgCfKNIScinrLBF/ju6iQlLJTI4nkDfMDzcgrSUPh5ugbi5BODkFICFpRumpk4YGNiwSdcSIyM7LC09MDJ20xTbLS3cMbf0FuCyZdlqIy2ljNK80ma+6dlpQ4c6+gJaajhwo7UGNC8t3MRzc9bNpKQx14brXpqvw6zZa7VYKCUAunClmebVWrTOShpsJ2122wvzNzNr3gb+64mX+c9fzuL//M9TGmg98fwyHn96oTZc+PgzCwS25mmeLKXirjxZahbhL5+aq0k6vKA8WAIEr2hwZcbC5casEqBTiuxLVAqdFSbyuVZajNEiAbw1Ok6s0VP5AS3lmkw0KFRJlk3sw9lkNg1ZKsB7rtKUku+xzshbC3ZXsLVU07dyZ62hD0s3uLLB2B9Du2iBqGh0baKwE4Cy8k7D1i8HC69MzaulYMvCO0sa/ySCc7cQVjxMWss42R1niKs7wuD4uxy8+Clth97BJ2MQq8BizP0LcYptwD60js2eWWx0iGWB8mJtdOLpVwz4xawl/EIp4AtAPS7Q+Wu5B0/OXiXbdHhWAEoNGz6uvH0LNvCMPJun5m5gljwHbWj2pRVa7JumSaZSCi3W056bmnn5nBqKFRCbI8tq/QJNcd5am+243tSDzdb+WDqEYusaiZOnAJZvAi6BSXiHZeAbXYhPZIFASCG+kXn4hqUTEJWOd3gyTn5hWLt5YOLoiKGDHest9Vm4eTmLDJayyFDMeAmLjBaw0Ehgy0AB1rQtMJzDQrEFUp+r96LYS8wzeFGOfYGlRi+x3Hw2q6xms9Z6LpsEsIycF2DmvgiHoGXy2WtJSNGVDvpmmmpM6W23YscWWw4MO3NsnwsTo55MnvDh4vlAsQDOn/GVTrcXR8bc2b3PiYFhO5r6zSmq1ycxT5/AlE34xm/EL24jgQkbCU7VIyzTgIgs3WnAeuTFmq7/76YA7Cf7dtrr9cM/Z6BqGsimAe3bmXN9+yNsParfnwGq6eVvp6Hu4SPv2Zfa8KGmt6WkG5Sm1v2PuXf/fe7e/w33vp9OnXP3+8sCXVNSXhA7J/VzfCd1LW+hrJ82Wffd2Rk7zTffHeef3x7my3/uExjaJRC0XWwrf/1CwU8/f/1bv0CRArIhAScFUHv56p+H+fqbUf75zZgcf4Jvv5vgm28nBPTOSF3s+wkxVV7QPvPb7y5oKX2UZtc3Un4t+379jcDgN8fkXEelHJtO9/OtnOvbk9p1ffeNXNs30/v946tRTa3+2rVybO1N5UVUeZzCpUfgj6dvsIBWFFGxAhXxUSQnS0MQ5UdtUTS9dQn0VQbTmO1AbboNHeUh7O0voa0wgI6SQAGtAnoFqCqS7CiJt5Xevh/1ud7UZHpSmeJKWYIDuWFmRLltIN7HkNxIO7IiXchJ8CMxxIncOG/aK1MoSPKVRsiDyqI0qouSSIvwEKhypDglUNPHSgz1wN/FRGDJn6ribCrzk6XMpCQrgcq8eC35c6CDnqaxVZ4TQ21JBtsHWijIisZFoE3NsosJcyUlPpRC2Z6aGEr31n3Udm0jSQAs3N1I4MqMQBdDgrxs8Xc3I9TbgogAK3xdDQkV8IoLdiAr0Z+GCrnGkiSqS5Opl3pbfTYN5Un0djdw+vLrXHztfQ4e2MnBvb2M7Oplx3Anhw7uYPeuAY4e3cP5K9e4JoB16PA2Tp7cJz+ug4yfPMhr777PlVu3mbpxm4sCTMdO7BaIOs7J00eYODvGxSvnOHvhFBevXefMhdOcElC7fOUiFy6e5fKNm9KovqHB2DkNsF5nYnKKQ2PH2LtvhKPjpzh96RZnL7+mlWNnrzA++SonL97m2MXXGb1wh72nrrJn4gYnb3zAiau/48ydP3D+zntMXjrGkeOV7NyfzcjBdGnI49h/oo+pa6fYMlJGY08cbf0ptHTFc+bSOS7fnKKjp5CLKsB/bFSOPcEpuZYvvviaq7ffkWt7h70HTwlkddHU2C/WR1vrEL39uzVvlUq10lzfQUttB40VTZoG05b2rQx2DApYCUw1dbKlpYveetmvsoGa0hqaqhtoqqwVKKigo6aWgeZmBtvb6amr04b+lAaWCk7fprSsGps0TastjQ3yftfQqWYAlpbSWl6uzQZsLCkV8C8WOMrVEjPXZmZTEJ9EtgBWVlwCqVFxZEfHCVAlUZxdQFVROaVZ+ZpV5hQKeKVRlpGuAVhufCJpkZEC/v7EBwcTFxROgKsvgfK7C3Dzw9XGGQ9Hd0J9A3CxdRS4MmGzngkG+tLArjNg3drNrF4pjYIA1mwBrFmzXsE/NFmgSp7t8Su89d7vef2tDwRaXxNgusmlq29wUd7B8VM3BKAFnK+8L+D9Cdduvs/Upd8IZF1ncNsxmtoP0Ts0IUD2KsN7pqTnLJC2e4Ktgwelo7BdgHaQ1up2+U4FJIbHERsaowFWjFhyRAKxwXFEB8VKZySXpPhCUpPL5XdVQ0ZsJhECX35eofh6huAqkOXmGoiHRzA+XuGEBCXg6xuLm1sktrZ+mJi5YmXthY2VJzY2Xjg6h+LgFIaZlS+6RspzZT+j4G6NiaUPRuZebBYgU8melTyDCnpXulPTM/02aSlqlqyyZM5CAy01jtJnemGBrsCaGYvWWjBHysVKPmC1Lc8t1OPZeeu1uKv/fOxZ/s9js3jsmUU8PmuRBli/fPoV/vvJF3jsqdk89dwintUC3QUoZH8l5fCMgIYaxpqvIEtTbjfVBDeVxpTyYC1caarZKgGu5etUfJgDy9eqbQJ7AofKg6WU3HVMPNAzl+9mGYKOkQ9LBARfWLCRhXI+XdNpBXSl4L5UIEcFry9b7yLg4YWRfTSb7WMwckrCIbgY++ASHIOKsfbNQc8mXMosnMIr8UlsIbpiDzldE1TtuEZK43GyOyfYf/Ejxm//hf6JD/FI6iM4bxt2kY3452zDOa4Nu/A6jFzS2Wgbx1qrCB6fs57/T82+lO+t4rB++fxSHntuKU+qmZkCXBpcqXRC89drw4VPvrxSwGodTwk8qSHFx9WswzlrNYkHTUNLBcwLHCtvloIsBVcvyvNSHkEFrWoIeIkCbKV7ZuyOjqkXBlYCWo6RWLvEYe2qUuVk4h6ch1doIV7hRXhHFBEYV05IfAWBMXm4hcTj4BOMmaur3BNLVpuuZ435RtZZ67LMfBVLTJexxGSJ2GKpLxDgms9ik/lSf0Wgay6vGD6CLgEuo9my/mVWWs1lpYDVGtv5AqCvoOv6CobuCzHxXIRdwFICotcSnbSBXIGj+ioTutss2NZry96tzozucWH8oBunjnly7qwfk6d9mJzw4eQpHw4fdWP3fgf6dtjS0m9BRasZqSVGhGXp45+mh5+AVoCAW0iaPuHZBkTm6inAuivAc2/G7vLIo/UTWD2Cq+9/tJ/A67sfQekRLP3r+mm4+oFvf4Sqh4/g7Eev2XcznrGvp4cTVczW/en0PEpHSyWi1vId3ntP7Dc8uPemlG8IfL0mpUqw/NZ00un77/2YD1HZfVl3X/a9d++OlLe5e1eBmYCYgNB3300K5AgcfXNWgGcamKZhTMHaRb67e0n2vcr3d69z994NOcdNOf7WdH5ElcZHzvm9fP7d+6+LvaEB4N37KvH1W7JN2Rta2p+7d2X73Zty3KtSXuWenO/+XTnf3de076Cu7d73avlVAbdLcvwlfvtej/yBGQpcRUgvIAgbZ29s3Xxw8AzEJyiKeOmFK49Wbl4mleVZ5KYFU5rmTUOOBw3ZTrSVhLKnr5i2In8G6uMY7sxkqCGGgcogyuItKE10ZECgrLM8gpbCQFl2IMFHh2gPXcIcVxPtsoHsCFsCbdcT7GxEaqg9uTGORHoYkBnpKX/qOWREOlOcHERbeZpAnhIw9CPK35HMxBCKcjNIigygLDdB08RKDLIjMdCKMFddEvytpFGVhrJOGsaCRLZ2VZGbEExytDfFeUnSCEjjEOtDbU0FAyPjdPb3yTZ3ilKCSIv2lIbTjZRoD/zcLXC105NGz1YaQVPc7eTFdjchToBQebCq5brqa/IolmuoEtBS92hoeBunr78v0HKZXcO97NrawqFDO9l/cIjdu3uk0SpjsL9JeikHuCYN4pnJ4xw6oARKd3L40BCnp84LdL0h5UWu3Hmbgwf7OXpsG+PjIxw+skV+gPs5feYQk+fHuSBQNSbHnZyYBq/zFwSwbr7BmYuXNMCauiylQNzpcxcYP3GMw6MHmZD65JVbnLp4kyOnzgtgXWL8wjVOXrrNobM32D1+iV3jFzkweZvRi29z+uYHnLz2FmevXuLk1H5691fTsiOP6u5EyvtSGRPoOnfrCjmNURQ2RVPVnkpjeyadvVWcefUaJyYFAM9OcE6uqaWrR5Zf5fab7/HBJ3/i6KlXee03HzM0dJDy8hZKixooKaijqryRyrI6inNKqMgvl2dYLiBdJhCl4q/66W3uo75E9pNttUWVAkKVdFYKIFVW01RSqsVHtVWU01JeqXmjFGT11TawRVlDvexXroFUd0UV/bV19Nc30FWjjhfAKimhPq+AVtneXFZCVU6eAFImeUlp5CWkSpksnYJkeU+SSI9JFuhPpygjj+bqRnb2D7Gteyv9AusTZy4xdetVAdrjlAl85WfkUCywlhabIsenk5WQQXxYPCHypx/sG0J2ShYFGfmkxiXj7+GJsaEZhgZmuDm4YGpswfp1RqxZvZl581bxjFIaf3Yey1frExqTxbadY7z15u/46JPPeO+3H/PRh7/n44/+yG9/+ynnL93h4PgVdhy+ys6jtxg9/QYnz72tDRMODp2io3Mfza076eo7KKB1nPbeI/RIvb9nL7Xl7ZTl11BVWEdhag6ZsalEyv9FoEeAdDz88VXxYi5+BLkHkRCeSHqyQFh0DiW5tVJmCnglEeYfjY9nMK6O/tNxV0ZqdqALdtae2Nr54eQchqd7OD4+MfiKeXuG4+oSjG9AIs7u0Zhb+2PvFI6pgJZK7LxGxw59Uw/0Tdw1faxNAl0qpY6+sYeWHmfZGgsWrTBj9gJ9TchzlZoBt3gzs+au57kFGzSRzDlLDTUZgXnLFAQ5amldtOErOeYZaej/75Mv8V+/ns/jAg6/mrVUi7X6xa9fEph6mSefns+TsxZrswmV4KgaHnxGoEHNFFTDlEqeYZ4K3F6kI+c30DxXy9ZZatINS1dbCgg6aKrqSotqpTZ8aK7NPlwkpmZBbtjshIGpD3omPlr8mPJ+PT9fh1V6rmyyCtHkDJS8gdKMWqoJdjprMVuGDhGYuiXjHlOLV0IDHrG1WHplYeGZjld8A2EF24mvPkxWx2nqR25Rv+c26c0nKB+6zKk7nzN+6zP6TrxPYsNJYqrH8EztI7BgF94523FP6cHIPQeX2DY22CVpgPXfSuJCvvuvHwGWikcTyFL37HEBLOXNUqZ5qwRGlazDrx6tl3v8zLxN8jymg+UVWP1ajlXnemGhrpbGSD2rlxdv0mZjavFYKqZOAHWVriNrDT0FNn0wsAzG2DoMCyXh4JyArVJ998vCNShHQCsf34higqLK5DdSQkhcPgFRWfhHyf0IjcXG20fulx2b7AxZZbmO1darBZhWscJyBcstFku5lBUWSzTAWmQqsGX2CotV3XgeyyzmscpGwMp+vtgrrBW42uC0EF23hWz2FMDyWYJN4FJ8vkIXUgAAIABJREFUolYTk6JDRo4e5WXGNDWY091hw/CAPXuHVSyWK2NHXDl10oNTJ7w5fkx5rzzYc9iJ4X129Azb0KgAq92M9EpjInI3E5iuT0CqLkFShmQYEJKpR1iOLv/xww/3+eGhsgf8IJD1Az8Hrp+g619B7OfrH4HSv3u5vpuBsUferJl9fvjux/rDHx7t940WaH9fIGt6OFHFfqkYrr9poqUP/yXR9MdSn0k4/eCDmfWfzqjR/3E6hY9WfqrB2T3Z757sd+/eO2IKxgR+HsHNXWWq/rq2XtsmwKZg6Z5mAm0PlL3LdFLs6cTW0+UHcv6PZq7no5kcjNP1R8mwp+2DaeCT892//44AoTrP+9rxKk3RA7kuBYP3BMjuCah9+ukuXFwNsHHzxysoDCf5s3QV0AqIiMM/LJbgyBgCwyJxdvOUP0FnMWviIr2oyQukpTiYzppkumoTacr3Zbg9g+HGGEba4wWwAiiJNaG1KJRdXYUUxNnRWRZCT0U4lamu5EbYEO+zmfQQM+K89Qh31SEpxI7sKBfiBYyiPI0EuHRICXMh1teGLR0ldFVn0lCWKo1pEsHu5sRF+ZOSGE1pbiK1BfFUZ4dTmOQvYGVNhIcp1XkxtNfkkB3nRqSPhTQOYVoAfU1xIhkJvsRGeFPX3M7w/lMUlxaQlxEspoY8HEmOdCc+VCzERYMpH1cT6bE7EuRqTFSQG7FRviTHeJGVFERBTiwFuTGkxHqRnxlNz9YRRidvsmXbIAMdZXQ1F7BzqJmxozvYu3cLhw9vZ0tfFa2tRRw/e5Ebb77L6KFBhvqq2bOzmf2HdnDltbc5NLqHi3feETDbxt6djeze0cTu4RoO7G3T9h873MfpyRMcG9/L2OiArOvl6NGdAl2nBbpuCURNcubcSS5enuL81VtMXbnCuakLAlpTnJo8x9lL1zg1dVMa2ykNssYvXOeYLB85rwBripHxyxy99CZHpt4QgHqDfadPMHCwU8oRtp8YpGwgn8KuPCq3lLHn5F4OXZyke18fFd15FDWlUt6cRU1rLv27trB3dIyLV28KWE0xOLybhtZ+JqXRf//DP7BrZIwzF25x4dU3qa/rpjC7ktz0YjJT8slOLyQ1PovkuFS511kUZhTI86umraZF4LtZ4KqCvBR5xgIqhWm5AlTVDLe1sq2lieGONkb6+hhq72SwWda1tck72qYFtyvZBOWpasjPoyEvl8aCfFoFpBSQdVdXCnBV0ltTxY72Zkb6u+lvbWGgsYH2qjo6m9rZ2jeglT2tffS0dFCaU0BlQQXNtS20yDWU58p1J2ZTLNfYvXsngzt2kxSbzNbtu7n42hsMDO4hJ62EjKQ80hKyiI9MJiYiUToKZRRnFVGQnU11gXQuYmLIiE8U2I8hKSJGYN8bE0NL1q3ZzJz5y3n6uQUsWaGHrqEtBptt2TG8n7fe/YTfvPcht+/8hstXX+e4gNXw3tM0CyxVt+ykY2CMod1T7Bm7w5GTb7P7wHUGBo7S07Vbetjd1JR10ta0jQ4BrsbGQRpquijMrCBbrrU4vUB+Gwmax83Dzh17SwccbZxwd/DEzc4HJys3ArxC5XnlkBaXR0ZiIdnJhfIdcwkPTiDcX2AyMJ5A/1j8fKLw9gjD3TUER8fgaWFRuwAsbf014HIW8w/KJEAaSTfvJGzsQ6QzGIqTWxT2zhGYWQpQmE/PLFQ5CddusEbP0InNZp7obPZgtUCTghmViHneYiNWKg0sKV+SBl3FZKkZfvPU8NtypWxuwRItcbEFz71ioNmvpMH/xbOLeez5JTz23GKeeG4Zjz2zgF/86kUef0oASyBCSTSoGKzn56/TAuGfFyiYr2KwVqjP2cgcAQWllzV7sa4GT2rI8pVlJixdqwLvHVmzyV4gS+lgmWsyD0vWmLFig6WmT7VB31lL/6PEUpdvdGCWXPei9bbo20awTNeVBSvNWGngzsINTlp8lpptqGcdjIFdJP6pbQRn9RFduhtLnxx8BLbC8ofI7j5L5Y7rFG+5SM/Y2/Qdf5e6kddpPfAGk2/9nVO3P6P/+Ps0H3yHtLazAld7CS7eR5CYW3IPFgFlRFUeZbVlDE/M28AvBYa0IUDlsXpxuYDUcu1e/Y+alam0xNTQoQp2V/FXr6zX4OoJua+zFqpZhQbaUKGKw1IB8ip1kfI8qtmGT8u+6pzPzF0j+6pZiZt4ZYWxwKsVK3WcWK3rIvfFlbWbPTUvn76JH4YWwZjaRmHhEo+NexIOYu6+6fiG5OEXli+QVUh4fBExGZWEpZbiHZmGg28gFu7OmLvZYOxiziYnPVbbrmGV9SrW2q9ljZ0Al+UyAa0lLLdczFKLRSy3UuC1UKBqAescF7DeeREbxFSp47oYPc9FGHovxsRvGdZBy3GLWE1Y0ibi0nXJLNpMeZUZDU2W8nuzYWu/Izu3OrFvr4t0nF3lP9+dPYfc2HXQhR37VDJoO1pVDFaPBSUtZmRUmRKRb4h/hj6+qZsITNPTICtAzu2fsYn/ePjwoYDOAzEpH0GWwJMCrWm79zO7+282DVrTIHX332Ds371fP4eun7xXP22b8XBpQ4wz8V8q7uvhVwJLSvRUxWd99qNpuRE1+5u27aFmj2Y/qvrfxD6fTtvzUKDroUDYw9/LuT6eAbWPpgHt/gwY3f9Eswf3f68lsFapfB78LJn1tH36Y1qhnyvVP5xJD3Rfu54/a8r19x9MpxF6oG1XORo/1j7n0Tmn1/1++vMfTOdiVAH+n/5lHG9fI6ycvPEODsPa2Q0LW0fMreywcXTB2sEZE1MrTE0tBcRc8PB0IDzIlaQYT8qLUulsLacux4+G3EB6qmI42JvGcFMk3SWe9Jb70pTnT1mqF2lBxtLwpUqDlU5XeTgD9SmUJbtSnOBIkr8+MdqsQj0KErxJ8LMhLcyR+AAL3M1XER/koCUtLkmPYkt3IxWZESSEuhIfHUpTfZk0snECeekUJvuTEy/QFe4hwBUtFkeMvwPRvpYkhjpKoxVDQWowycHWFGRE0bvjMLUtfeRkxpIj66ODnbTvlZHoR3yYKyG+9oR7WwvMmeBquR4fBwNiQ91IS40lOsyd8AAb6ZnbkRQtYCVglifnOXD8vDReo5TmJ9DRkEV/Uw7DfUr2ooyd25rZvUsa951ddLYU0NJSKQD1MceOH2Cgu5StA7Xs2NnGhet32Lt/J+PnL3Pw6AFGdtYIWFUyvLWUwd589o8IhO1uYc/uVk6cPcXx0S0cO9IrADfAxOnDnD57TEs2ffHqNc5MjnPu0hSXbtzh/KUrnL92m4vXX+P0+SkBrJscO3uZIxOTjJ65yJGzV9h59Ax7T15g38Rldp+8wsFztzh68Q32Tpxmy+EeGncVUbW9gP5jQ3Ts76S8v5T9k4fp2t9P275BWkb6aNhaQ+f2Mkqb0ihvzaGpt46dhw4ytGsPJ86/ytSrtyitbKR7YI8GA9flemprezh35U26OrdTmFVBfmoJ6fG5AiVZpMRnkpMu0JZdSll+JXUVTXQ2dtJZ10Z9WY2ASJlAt7yHxZW0VTcw3NXF3t4eRnp7GRkcZGTLACM9Pewf6NdS4xwa3ML+Lf1sbWuht7ZKmyXYqnIzVpZp6W26q5QnrFjTqxpobGRkaJi+jj76BKj6GgXUerdK73NYSzKtric7OZNgv0CCvIMJ0+KSfAn18MbTwQMPR2cCPfwI9Q3G191XOgWp5OZXER2dhaeX7BueRnxstqZy7ucZJO9ciObJigqOoiI3n57aanZ2NgnsVWpq8Ulh4YT7BeDh6o2ZiQ1Ll25g9oI1WNh5MUdKJ7cgjk9c4tqt9wSo32LqvDzXwyfp7RW4qu6jtKydto7t9Awekfd/ku2H7zB89HWGD1xl+87TmuZVc2WrNhxYUdRAcUE11cV1Ao/VJEanUJRZRGZcJr7Ovng7euFq44qFXMdmfTOMN1tjY+GCnZUrnu6h+HvHyP1IIEzAKiYiRUvuHB6YhK9XOLY2XliYuWFt7YWdnR/WtgG4qVgalwgsBZwsrPwwldLc0gdDE3fNc2Vh5Y+xuQ8G5gISJm7aTMJ1+o4CUrYziu52WmyWmZmHwJefNLpebBRIWb3BlhVqSE4lUtZRau7mmgSAaqxnLzUUyFJB5paahMNiBWHLLTSY+dXstTw9X4dn5ikIEDh4aRW/VrIMakhw1oLpWYXPr9A8Wwq0np+zjlkvzSi+i6lk0mqWocphqOQbVKnS06hgdzX8tWStgikrbZac8s7MW6rixkwEIKxZvUldq60GYOv0nVgrQDF3uRlzVpqy0cSbdYYezBeIW6bryAKVgsZAAZYH6838BLDCcfDPI6ZkBzEV+wnIGCCscJjoqgM073+NHZMf0bTvNiMXP2bXuY9oH32HXoGtC29/wXEBrP2X/0Tn6LuUb7tBROUYaR1niKweIyB/F1Gle4mrHWexQQAvr7biuaXGPCug9LJc96/kHv3Pi8v4xdPzeezlFTw+dy3//fwyLeB91nw9nnx5rQZXzwhcvbDERO7ltEdLDRs+J0ClUhipGLpnZP+nZZ3S1lJSDy/L95y7Us38tBKotNDAcv4yuWdSLt1gL/fKVUDUAz1Tf3k3AjGwCBTYElC3j8DOLR43nxQ8AtIIjMwhPK6Q0LgCfKNTcQ2JxN7XHzsfH6y9pJ1zt2KT/MdvcNiIjrOu2CYBrDWarbVfw0prAS3rpbK8nLV2y1jvtFgzHdel6LovE1uOrscyDLyWYOi3FNPAlVgFrcI+fA1esesJTdEhPkef9GIjiivNpHNvTXuHHd3ddvQP2rN9xFE6Qk5s3ePCwG5neoYdaBuyo7bXipJ2U/IajUkqNyI0z4CATH18BLB803S10idVB5+UTcqD9YOAxw+ocrr+CLhmPFXc/Rk8/dzu8XOv1k8A9lP9371bP8V5/XyI8Kehx38Zgnw4bT9B2bc/Bc0rT5fm7VKxX4+g7FFc2AysKa+Zigl7+CU8/PuPaX5+0HIqzgw/PnwEQH+agaU/a4Ckyh8Eln5QKvfqmIczpo7VVO//Nq1yP5NG6KEWO/aPmVmUX2jbNT2xmeOUwr06730NylT9kfL9o1gzBVufaKmC3n7/FJ6+Fhha2uLpH4S5rT2mZpYYm5ihu9lQzAh9PWMMDIxknRGGRgaYmOgRGBhEdl6hNIbx5MQ4ScMUT09FBDvbUugRsGrJtWeg0p9dLVHkhZtQlujASKcAR00M/dUx0mAkkB9pSX2WF4UxNppsQ6CTDiGu+trwXnaUs5RC/X7mxPlYUpAUREt1ljZc6GuzFj9XSxKig8nPiqOmIJJt7Sqo2IuUUAcNojprZd/YAG0GYoCLvNDZkdRWZBDhbUZ6glzngZMUlpZIo+FFaZ40BH6WhMjneNsLRAU7ECsAlRQfonmzQjwtSI5wlwY/kIgAh2nzs5KGU84lMJYrYJcp0LXzyDmaOntIinSlXACrqTqTxvJUqgtjBQSS2DFQTb+A1kB3NZ1NBVrwu0qVU12WTJ+sb23IYe+RQ5w6r2KljnB4/BhbB+vYvb2a7YOl9HfnM9CTz8iOWm3d3n0DHDs1yqEDrRw+0MP4+D4NribOHufSzdcFsq5xYeoc5y5OcV7Vr17nzNXbnL50jXOXb3DszBQHxk8JyF1lVOBq/+mLDO4/yvDoBDsFFHedvMy+M9cYOSX18cMMjfbSdbiOhpE8sVKpdzByeoT95w5QMVjM0NgIw8f2kNcSQ0VPMtW9mdT05FHVWsDgnl20CPSU1jZrWl9jE1MkpRQJQJ7ns799RWfHVvmj2aWlc6mu7CA3VRrypAJtZpry8hRml1CUV0l+dgUleZWa4GVNsYKrchoErBrL6zTYapKyq65B07EabG6iq76Wzpoq+qQcbGnW8ggqFfZtSihU4EnFXHVXTSdsbsrPpyYrm4qMLAH6dMqlrMnOo6awkPy0bOIjEgj0CiLAI5DooEgiAyPw9wjCSzonLvYCC+Z2AhdOuDl5EOApUOWjoMuXYA9/vJ28cLB0xNbMDmtTW8yN7TRNKHevKIHNXnr791CUX02gTwTucj4FawnhcaREJZAanSSdhQIq5NrC/ULl/QslJiyGIAExM2Mrli9fL50gB+ydBFQEtLp6dzN26lWOT97h4MkpzoyfZs/wKAODo/T07Wf70H651yO0DRylf+8VDpx4jf1iwweu09t3VOC1j7aaVkqzVQqcQnkWuVTmlsl7XqjlEIz0jybIQ4DRyQdvBy/c7DxwtnXHztJVG/ZTswG9PELw8Y7SkjeHBycR4ButDfspr1WAXwxubqFYCTwZCzzpCCgpL5SxqaeYwJQqzby0uCoVe2UusKXyEZqae+PoGoG9Szh2jqGYWfuxUdav0VF5CF1Yvk5gRRrjVxarFDTy/2WoNJNc5Bx+WryWvpErBiYebDRSufXsNeHLFxarxt5gugFfI8Cq46TJBzy3wIgXl5sza5E+z76iw4sCBM8uMNBihp7QlN7XalpYahbhsy+v0YYJZ6lSIGz2Ah3NW6UESVWOQwVZKi5MAZZSglczGFUAvBo+XLzaVPNaqXQ6c9Uw2LLNmkjqivWWmlCq0vbSlXu0coMdC1dZCBAasEoAbI2eK8s3OGm5/FZschbQcNBS4azZ7I6ZawK2PpmEZnWS33OOlIZx8nrPk9p2gqHTv2P0+h/ZeeYDxm78hSNX/0Tv8fdk3Z8588bfOfHa57L+M7ad/YjusfeJbzhJ0bbLZHRNyfGTNBx4m7iGUxh756NjE828dQ7MWWPNMgNXnhDAfOzFlTw+Zw3/88JSgavlPKGC2hfo8+TsDTwxez3Pyv18Tu7l069s0uDq15o8w1ot5kqTalBwNW+d9lxeFvh9adm0mKnKb/i8knRYqKt5uOavMmPxRjstGbZKTL3eyAtdM38NspQZC4zbOEfi4J6Ak2cCXoHp+Idm4ReWgY90ajzCk3APT8AjNBa3kGjs/P2x8nETc8U2wBNLqZt62qLvasJGJz3WOWxgg9M61tivEMBawVqH5Wx0EbByW46ex7Tpe65gs/dKDL1XYOi7DFOBK6vg1diGrcU5eiM+8RsJS9cjOteQ1GITsissKKyxoqzehppWW1oHbGkbtKN9qwMtQ/Y09NvK/6cNxR2W5DSbklxlSEiBPv45evhm6OEpUOWWrINL4gbcksQS1z8CrIcCV9P2UAOth9qQ4cMfhwyn7cc6d38Cr5/VH3m2ftr354D0/f+y/Kh+9189Yf8CdT+L+fq3+K9/Wf4RyGYg7cfyUSD91zNDj/+YVo5/MJ3y54GW4Ppv2rJK2/Pgh7/95BXT5Ca+mvGiTZeabpjSDNN0w/4p9o0cq8qvteUHmn2lyVg8/OHvM9A1LWXxw8NpJfxp2YtpgVYtzdD9P3L37m/57CvptVw/hrefDWv1DOWPy0t6iNYYGpuz2dQKI0sH+TOyQGezuayzwly2GRmZYGxtT1hCBgkJyYQEugl4+FNfkkBevDdZsc5UpDnRWejB9vpwjg2m0JDhRFuhLz1V0dTnh9BbFU5DtjPNOS40ZXtQm+5BbpQN0Z76BNiu0Up/u7UESM/B03IVfnabKEwOITfeHX+HdTgbLSLISZcgVzMCxWryQulryJBzR0gjFEhOnAd1ZdmU5KYT6Cb7uFtSmhtHUVY4OVkZ9O48Sn5OMvGhLpQWJpMW7yeNuB+pcv1JUW7ER3qTl51IYowfPq5GhPtaacKmKq1PUpiTHOdAeow70YH2AlrWAldJ7D56hbKKaml47YgJcSQpJlBTgI+P9CQ3PZz6ylQBriRa6zJorc6gp6uWs7c+oKW9UeAhlLqKZEpLc5i89rrA1SinL19ncKCW4aF6AasSGmtT6O0sFNCqYOtAKTsFsHbv28rInl6BrUp27KhnbHwvJ0/uYeLMGJOXr3L20iUtH+Kp0+NaEukT5y9yYvIcZy6qGYTSsI6f5OjZswJXF9h3cpIDAj1DB48LYJ1k57GzjIxfYrsAUN+BMbaPHmL3yQNsGdtKz+F22g9UMTTew8U3zrP9RAuDYyWyrZ7RC0fYcbyLrr1FdO7Ko2NnMU0DFbT0d7DjwEEKyqsorWjnyq336O7dSUZ6BW+88wkXLt6QZ1PBrn2n2LF3grraTrJSCsiURj1TyuxUKdOm67mp06rtWQmZmuBldnK2ljonPT6dHKnnp+VoAeYKSkrVrL3UVCqzc2gpLqGrrJx+lZewvYPB1mYt5qq1pJTanBzK09IpiBfwT0oiPzGVHLHCpFRKkpMoTEwkLyGRtKhYwv1DNdAJ9g4RkArGzz1QwCuYaAGihLgkoiOi8fXww9PRHScbRxxmZgbaWdrh7OCOp7v8+Vs5YGZkiYmRDa6uQfLsm6QXe4DWtt10d26nq7FHrr+MkvQsbdZeVnIy9YX51CnQysslLzmTuLBYXO1ccbB2JDgggsqaNgKC48krbaW1dy/7j11m9NRt+oeOa96rhqZBOnv30dgwREFOLcXFbdIh2M+Bo+fYroRIh8/QM3CcpoYBOuo6qBOALc0sJiEiniSxlAj5boECTT4hmkcuTCAw0i9cfmMBeDj44ukSjKergJeYsyw72fvi4xEuEBpBmIBWVFgKgQJXIcGJBAcl4ucbL9AVi6eHNHLu0dg7hGBp4Y2ZmIIqLXhd6sYCWXoqsFnXXgMxJdOgb6wSPbtpKXJUfNWKtTbacKDyBKm8gC8pzaUXVwi0bBCAsxMQc2Stjh3rNikRUgc2Wfiz1kB5gUyYvURfYMtQGx5cKLCweJ2d1K01EczZy8x4YZGhNPobtVghNaylAuFVLr4X5unw7Oy1GkSpoS0FT8/NXaOlxVmo4oVWmPHc7LUzulkrtcD3WbNXazkMlSdLDR0qsFL1uYsFvgQ05i7RY6FA4iMlerVNeenWbXaZznO4wpAVG21YY6CGx7y0pNArBTAWrLRi8Vo7Vm/2wNAxGlu/bHyTW2jYfYPSLVdo3HOHqh3X2X72Q07c/qsGV+fe+oKjUiqP1tQ7X3HmzS+YEMA6dvOvTNz5nF3n/0B6xyQ9x9+lbOsNanbdpO/kh5RsvY1HYg+rjAK1hNNrzANYZezDHLn/zy824fHZ6/jFrAUCS/IclpsKmOoJXG0U2FIaWHo8NW+9NvyqYrKeEVNDg88o0VYB1OcFSl9UCbNXW2sq8L+WbSo+S8XKqdyGSul90XqVONqWZRunwXKZjr2ApnquTgJXPhhZBWDtHIGTVyKuPmm4+WfgFZKDd3CWWCZewel4h6XjG5klsJWOlwKusHhcg2Pwkc6Mb3QyriGhOAb4Y+nrgomXNQYexmySDv8G5zWsd1rNBpdV6HoIUHmtxsBzlWaG3qvZ7COl70qMfJdj4r8K86A1WAhk2USuxzF2PZ5JOvilGRCSbUhkvhGxRabEl5iTWmlObqMZJW0CXO02lHXYUiz1/BYLUutln0pDwgr18c7QFbDSxT15Ey4JG3GK18EhdiN2MRuwiV4/PUT4c+/VDzOA9VDFZc14sB55pabB6d7MMOK9fxs+vPdvIPZzr9VPcVn/Gnv13b8MNf50/L+f81+3/7/wdfdnXrOftv17LNj0rMcZyBLYuffw82lpiB9U/W9iM5ITM9pfCqoe/AhRM7ISD76egayvp+va9n9O76t51v45s10B1heaJpgGXI/SCj2cFmx9oAm0Tou0Prj/J76/9x5vfvCq9Fr3ExrhxXoDQzyC5aWUP0xHn1Dspadu7xWInZuv9AQ8cXTxxsnFA3NbZ3wik7XZhpEJ8Tg72xAXE4y3uz3erpbECHRUZfvSXxXKvq4U9nXE017gRU+5H015PrSVRdMn21ryXBiqC2dLTQw729NoLwklO8KCtCAzUgM2E2izggAxs3Uv42G+mkgPQzIjHShN89FkHcLcDXE0WSuQZUpzcZTAVSi1uaFUZQVTWRBLVWWxlhrH19GQIDdzooMdqa5vYteRM1QWS4MV70VGYiCxAkOpsT7Ehjppnqe68lTKCtOIDnUnPMgeP08z4mS9r7sxSdGe5GeGU5AVKhZOhK8tWZk5DB+ZIiMtkZykAJKjvUiR/eLD3KUhsiU6xIWspGByUoIErrJoa8ihtjxJGrOdjJ2/QV5mGHXVqWQkB7L/+Bn2HDnM6Us36e5upKenhu3bmuhqL6C5PoOtvVVs6SqnqT6J3t5ytmzfKvBVyLbBYnaPdHHkyDZOHN/NxORxzkxdEJg6y/FThwW89jN6fIwjJ08ydnKMiamLHJ04xZ7DBzl04iT7xyfYIzYkIDUoduDEOQ5NXGbPMQGsIwJYKiHw6KTYaXoPjorto+vQAAcvHuG4APrIhT72nqnnwLkqTl7bxuStvZy/tYOpG8PsP1XPlv11NPUKKA6PUN/aT3ZmGbUNg9x640Ma6nvo7R/hz59/RXfXMHV13fQNKA/LHnmGbQJZReRllIoVk5NWIKCRS4GUOclZpMUkkyh/iPGRCcRJTzQuJIZUWZeVmKLBUYVAk4Ks8qwsTR6hVQBLBbU3l5TR39jE9o52+uobaC+vpCFf9svIID8hSQA9gczYJDlnFIlhUdrswErZViNw3pibS1lKqmyPF8gWS0iVdyUOf/cQgnzCKMrOo7O1he1DA7TWN1JRXkN+XjGh0ksOV2lkEgvJLWzGW35j1qbW2FvaYymdF/1NRmw2ssXFM5rmlq1MXbjJqWNnGNmyjbqSCnLkc0oEAJVURG2Bmp2YQ3ZiuoBPAhnxqSTGplJV1U5icgl+wcmU1PQzuPMYk5cE2MevyT3eR2FeOZWlzbS0bJd3rpfiwlZKy3toaR2hqmZYOgh9VFbJ+oI6+ZwiitKLKMkoEOBMJzEkloSQeOKCVELqKPncRIGsMHzcAjUF91DfCDydg/B2CSHEK4rwgHiCvCMFMoNwsfPF1cFPgy0vzzBt9qCnRxguTsHYWEtjaBuIk3O4/JeE4+QUjp1TGJZ2gVjY+GNm6cMmQ1eTaLOFAAAgAElEQVT5f3JklY6NQIsxL0kjrCBKealWr7dmwTIjZi/UnR5qk7ryJv36hRUa9MxdtJGlK3S12Yfr9BxZukbpY5kJwNiga+Qp4OXKsnXWWgLjeXKsGi5UquLz1kgjvt6RlxaZ8vyi6dx6sxYYaLD1nFIkV/IBsjx3iaEGBk/L56mYq9lKKFPFGwl0LRR4my/nfealFTz1wlLtup5XgpsvLtO8WSqVjgKsn2Y9rmfuwo3T2l9KG0tAa4FSNJfvuV7AUg1zKgHVJWsFvgQS1xp5aHkJFWDNWybgsdqG5bou6NqE4BJSjEd0A+VDlxg+8xHDEx+w+/zHGlhdePtLrvz2K669/7UGU0ev/UmrX3nvKybf+ILTr3/BZakfuvpXmg+8zcErf2TbxEcMnpTzTH5M/b7fYBNazxqLYPQd4tG3jWGFlh/RjbmrbPjvWYt5Sr7LfDXcKqD6tIDor15aw5NzN2ppdtSQ4eMvreJJuUdPi82S5WfUbMK563lJ7sXi9XYCujZajkPlsXppyTRcvSIAt2DNtC1cp9LsWIlZa1IbKsWQrqkvxrZhWNhFYSWQaeUQhaVDpFgUNi5RuHgn4OaXIpCVjl9YJp5K9T0sTYBKwCsyVSArDrewCBwDgzRvlqmnDZtc9FnvuE7AagOb3HTY6LxOyvUYeG0SmNLB0GcjRj4bBKjWCVit0Wyz72pMAlZrgGXsvwLT4JVYRazHNnojzgk6uKfo4pGmJ7BkgH/WZoLyjAktMCMs34SoUmNiy0yJE4uvMiO20oyIUkMCcgWsMnRwS9HBNVEPpzg9HGJ0sY/ZhG2UDtZyfsuw/w2wZoYIf/jZ0N/Pwef/9S79PNhdBbH/5F2aXp4Zqns0hPdvgfD/O1D93CP2U+zXI2/Zv+777/ISPwesR16vR8OG016se8pr9OAzzWN174fPtdip6ZyJf52J7/p8xov1txnv01cznqkvf7ZuWmxVLU/Hhc0co6nhT8eBTceG/WPaEzazXtt2/+/aMOE9lbfxwZ+5++D3fH33bW6+e4XO7bsIi4lho4kDdtILt3RyxdjSnI2b1rF2vdD5Zn3549fD2MQQc1Nd7OzssLGxwNraCncPV9wcLQVEvKVxcRVA8ZWef5CWL7CzIpKh+ngGamNoKfClt8Kftjw3eqrj2dYkvfEMR4Eqfw715wpkRVCd6qrNMCyKdyA7zIxk701Eu6zBxWQxAfZrCJcXOz/WmVwxT/NlhLgZY6e3jEgvM0qTPciJciAt1JacaHe6mkupK00n1s+a1Ch3kqO8KK5oYNehU2QmRxIdYE11cYo0ku6khDuSEuNBmgCXgqa6mgJyM2KIDHYiTo7LzIwhwMeKmBAnCrMiyUsPo7kmS+rRNLX3snv8OslJkfLdXchPCyE6zIUIPxti1dCiSlQtsFWUEUJFfjzNtTk0ihUXpgp4XGdw1w4qSpLlXOEMbB1idOIC23bvYt/oOA1VaWwZambrlhqaapNpa8zQRE2Vp6uqNILWtiL6tw9qgLV9RzvDO1rZv7+H/QcGGD22l2OnTnD42CGOHt/L6Oh29uzt0zxj+w8OC3SNafkN9x7ay879e9glkL1rdIw9Y6c4enpK4OwaZy7eZvzcLQGwa+wce5Xdx66y6/hVBkbP077vOP1Hxjl25Qo9R3bTP7aVg1O7OH65l8nbW7j45i7O3+jg+pvy+ee72bKnnsaeempae2js3kVmdhUpqZUM7TrGjdd/S3ffHm7d+S133vwdFWWtDAwdJDunksbmrVSUtpCbViJwVUR2qoBVigIsMc2DlS5wkSKWRlpcMklRCQJXGRRnZlGTn0d3bS3bWts0TatWgaj2mjp6G6VeIZBaVEZrWaUm29DX0Kips1flZAvAZ1GUlEFGTKKARIRYpIBUkgBHpkBOErlxAlWRMWRExVCXl0WDwFpOSra8Y0kkRsRrqWNiBT4qy9RwcB8HDh3m9mt3eOutt7g4dYndw/vp6tqpJa329wzBz81PS4dja+6AhYklehv12bTBmMTEHHbvPMy5U5Nclfs8ceIM/W19lOaWUpCcTmFqmgB9BplxGcSEJ+HvJWATGEVuTpXASgDFld30Dh1h6urr7DkwSVv3PprF6hq309w0yODgYXp699PevouujhHKq7dSWDpAfd0WyoqatID2VIG2uPB4EsTSpFOVHJ5IjMCVMj/PUFydAnAScHK09/7/+XoLaDuq5V/3jnfvOwYHCwFCQtzdtru7u7u7u7vGd9w9RIkhCSEQkhDiLgSJ4A7xcL5bc64dzjnvP8bbY9SY3b16dffu1WvNb1bV/BXBfjKY8Y3S6z5e4QTKayH+MQT6xuHsHIa9nT8O9r7SeuHo4C2/IUG4OAdgbemLuZjyTBkpEVFpdT6VuafOsVKzA6eomnRGBjFRFQJUwDFWIEMBlwoRTpSOduJ0VS7HS2tLjZ3qJiAicCPw02/IdA02AwV6VK6WkYUfE9TrY20YL53zVFNvPetwgpE3g2T/UdNcGTrBTgPUECVYOtWLQWOd6T/GnoHjHKSzt2TwOEtdc2/QKCsxS0aMs9PhQQ10o820nMCrSmRzwCQNUEr1/cX+43ttHK8OnER/eV1dk4KsQSoEpsvvjGfYaAFFNQNR4GLA8OkMGaVmQVoIHHrq0jtjpjhqTaixalaikQuTrQy5V6MFZgYLZKlwoYljNO5hJQSldVK/Sr6379/g3bPfs+f4dxw4/xMfX/+NC7fucuKzu7x/8WcOX/mNU5/f46SsH7n8Gx9eFvi6foftR79h06Hbel15s9YeuMnrH35F5bITuMR34BBegYlHKsbOSUyxjWCKXQSjTHx5UclgmAjMynWpMGu/EeYCp6YCp6pMji0vDjXl+aFTeW7wFJ3grkKwSiJDhQUHT7Cl/1hbDWMDxqhahta6ZqQqGK0gS830HK29Viqx31sXg55uH4a1ewJWTnFYOERjZhOmi2abWAVg6RAi20Oxd4vEzScJn5AMgqNzCYjIwjciXSu+e8v3xkfMV77r7hHyPEfJvuHBOIf54RTqhX2IO9ZBTtiGOGMb5IKD/K47RbriHOWOS4wLjtF22EZJPxkukBUxFYuIKViHi0VMlnYyNpETsYudhHPSdDzTFGCZE5hnKWbRa1YEFdjoNiDfkgDZFqSS2EusCCmS1wtN8c0zxjPbCK9sE9wzpB9OM8UzxRSXJBMcEo2xi5uGdfTUf+dgPcnDMuRg/afn6r9zqf6HNpb2DN0xyC/88WTG4BN9rF/1zMCHvWKjygxaWf+Z4P7fYPTfOVz/AVv/4TX7n16q/5lM/2+piCfCqEqZ/icNV4+eJJ4L2DxUCe3SqpmJD1Wy+R+qVbMBZfsfyr7oTVZX77ttmMH4x41/J7v/8aWeyaiPofbXCezq+N8IrH6j870M+VyGEkJ/PP6+NyH+tpzrS+7J+364c4kLnx9nx7vvs/6NA1R3zsMpKAFLFxkRGZswevQwhgwbwGuDXqFv3xcYPHgIxpMnk+juQHNWLAURSkC0hIUddSyb1cKCjlra6wvoblU14uIpyYimNCtUF2Ve3JVPW3k0nRURAlRhLOgsYJ4AQ36MGS1FvqyckcqcqmDa8v2pTXOlPtONmnQ3OYc5mcFGJPsbkRpkSm26Ow3ZfkS4TiLAbiTeFsPws59MfIAFebGOAlaeJAWaSacbypolneQn+9JQlqRBqmXmQmZIZzejvYrkGF9yBaxmCugo+KosiNI5UOUCQaWlmZSUZJCdHk5JYQIV5TlkJEcSJYBVV5EmHXwCdaVK5b6anpUbWLXjAMVFGRQXxNLVUUF7U5mAWoT2iqUJkCVEuEoHGEJNcRxVRQkCTQWUCIR1zJ7DhrdOsGDZfKoq08Vy2X/4LI0NFazZ9g7VtXmynEXPPAGB9lzqq2IFqpJpFzitKosUKBOIbS5k9oJu5s9vZuGSbnrm17J0aTvLlrexatVM6VTXsnbjSjZuXsUmpbK/eg5rNi5jzYaFbNm+QV5bzbrX17J9xxa2vSHgtWMP7xxQydHnuHrtU65c/VyLVr713ml27TvF7ndP88bBs6x/+wRz1stzI4C4eu9RWldso2vtJpbu2sS2DzfwzrG1HDi5gX3H5wlczRQom82CNV20zO6gpK6NBuncS6pmkp3XSF5Rqw5PHdA6TYd1wvvq1dtobF1ES+t8ctJKaJO2rrKNgsxSgeMKgZlyebYU7BTpMGB7dQ1tVQ00V9TRWFpNfUk1jWU1dFTVaWmGZTMF2Lq6mdvSwZy2dpbo2YCy3tjMTIGjuU1NzGtpkfdXC7gVUZaZS2VmDsVpStspWWA5QQNFVkImOQJQeYlJAl2xJEepSgMJFKRl0FBUxcyGNnraupnX3E51QZkGk6LMQjlmBXXldWxctZrDB/bx8ZH3uX7lPF98ep1TJ06zcuVq8gUKfV38CHL3JUklyweG4uXqQWJYDO0VVQJa63jnnYPs2L6XXW/sY9vru+mZvYyZHfOYPWMxZVWdpKaVEhgQTWF+Df6+4RQU19MxYyW73jrMocPnmLdwIwtX7hbo2q3BdeXanaxYuYMF89czq3sx1VVd5BV0UlQ6g4rqWZQUt5CRKvAWn020wFtcaBzxYfHEy/0I948mwDcCD7dgfD1D8PMMxMtdzCNQA5SFmTNG06yldcTHMxJPjxjsHdVrfrp4s/F0RyzNpWNy9MPOzhc7W3+di6WKORuZeTFJYGm8Vmd3ZNxUJwELV0aOs2bYSDOGj7bQgpwTBZaUJ0qF3cZNchAoc2eKQMhEIy+BLW/GTXcT4LAWwDLi5cG9+VIDJjBsgrXs5yXHdxcwchAQs9HJ7xNUEWZjD4arEi0qzKg0mJSHSeBp4Chr6fwtGTLOnpcVGMlrLw+aqkOEQ+UcYwXwBo+00DA3dKylgJ2lAe6UR2a4kQYvBXkvCVi98Opo+vYfI++fqOsavjbCmP6DJzNI1ewbOoUBcq3DR5kyVM2ck/XXBLwGjzCV++CgywKNm+4k5zDXRa3Hyj2aaOHPNDtDQWgl1TDaxI/pjlE4B+cRlNFJ89pjLHnrKoeu/iww9QuHrvzCmZv3uPz1PS59eZdTn93hzI2HnL91X9tJWT/1+V3t0dp76kcOXvpFw9fGQ1+x8+S3rHjnBqULj+CfOR/3uGaMXZKwcE/F1CVBA9YYswCGCQApxXkTxxjtwXpVQLSfyr0abqkhq4/Ak5ol+NLw6VoDq7/cq1dGGnKt+ikRUvnM+sk9VkrvCrCGqpmXapaltEMnKe+Vm869mmDuyzilMWak6k4KaBv7avkLIwtfzJR8h10QVgJY9u7RuPjE4+qdiFegUn1PwzskhYAogazoTPyURaUQFJdOUGwK/tEJAl0xeEfHCIDFERgvryXI+2Li8Y2NwzcuCp+4YFyjvHGKcsE+0habKEusIs2wjDAWwJqOWegUzEMnC3SJRU7GSuDHNm4qTknT8Mw0xSfbQptXlgUesu6eaYZbhpnAk2pNcZN1D3ndQ2DMXUFVltpHtmeY4CKQ5pJqhnOyOQ4JZtjEGmEdM13O0evB+p8zCR/8l4fIoHH1JL/p7r/tX7/J6711DPWsPTGdw/S9nmVnmFH3oyEJ/I/e7br8zi/6Pf91rD9h6/8nVPjHk1ytf4cbDR6yJ96xO725Vk8U5A3hvkc6/Kc8Rt/xQKDo4aObWsBUySc8eHSZBw8vag0r1d5/ZFhWkgkPH8vyY9Ve15ILDx9fE7skEHVZzCC38FhLLlztlWKQ9cef9Mo3PJl5eKN31qA656fce/AJv9y9ync/X+bG11f45MtLHDt3lgNHz7F73wn27D/J/BUrSc1OxDfYl2nGxgweMoS+L7/IS/3EXu7D2FGjCHK0oyFRIKkgiYXleayc2caauR3MrsqjKy+WGdWpLF5QxdLF9cyaWU5+TgJFBckCJrkyEla5WX6UZ3gLiOVRkC0Pr/0Y6awcmVEbzvrZqSxsSqC1wI2GTAfmVEfJsgBVjgeteX7UZLhRnuJKcZwTKf7GhLuNN+Rh+VnL8gQq0jylw8ygMsNXK7S3y7VUCzg1VRew5vVdNDU3SCcWSUVJDrkpodSXJwrwxFGYGkRJVghp8T46qb26Mo+i3Dhqq/Po6KimTuAsJljOmxtLcV4cOZmR5Mu1bxIoWLt9P6UFiXr2YVFhInPntdMg+1eXJJKTEkhlcbxAQQitcq622ixmdVbQUJ1Jo4Do8s172fbOEVqbS8lMD+L1Pe/RJQDS0FzH4rWvkyn3qbwkVsAvXeAiivLiMAGrGOqr5doqo2VbOM0tpbQIMHZ0VVJVlUaxCo02ZtNQl0FHWxFzF81iwdL5dM/plo62hhmzGpk9r5slyxexaPF8lgvc7XpjI0c+fI9DBz/kwP4POP7xKS5cvMzX33zFTz/+zKfXb/LRiQscOX6J949eYvfB02x+6xSLXz/CxrdP0bl8P3UL99CwbBez1u1gxe5tbHn3dd46spk3Dy9j1weLBLDmsnDNTNrnzqC8ukM68A6qG+aTndtAVm4d1XUz2Sv34sAHpzh87Bynzn4in9c85sxbT4EAVa6AVZOqgVfZSmG2AFZepa6DV5FbSFtNDbNbupnZMkMLjPZ0zGBh92yWzpjLmh6Byp75MgCQ+9DeoYsxz2luNnis2lRJnA6WdHbpWXozaqtpKqmgMqdYe67ykpIpTEojKy5VQCpRhx4z4tOlTZZ9cqkrLBJwKqC1po6OhiZaqtTsxXa66hvltTJqC0t18emcpGwB7iKS5Uc7zD+UYL9gIkOj5Bkrlu/KYk6fOcX3P3zDjz/9yPat20kVKHNz9CTEN5i8LCXQmUxZbgEzOmaydetu9rx9hD0C5pt3HWXVxndYt3Ev619/R3sCl63cyuJFa+nsWkpYVDox0Wny3Wtg9Yr1XLx4nYOHTjNvwSb5/JVC/ibq62eyaP5aVizbpJXxK8qaKcyrIS+vgQIB35ycOpITCoiPydIwFegVQpB3GAFiYSq85xEiEOiHu6MXni7+eLoF4eEaiLdbCM4CTqqQs7mAlomRA7Y2ymvlj4tTMA72wZgKCBkZu2qF9ukmLhiJmfR6r7QXS2taeelyOKYWPphY+Qp8+WFtG4iFjZhdOKa2QUw195NO1V1LLAwdY8sQ6byVHMKrw415RUDoZQGbZ/qN5a/P9+efLw3jn32G6aLNAwReFBQpGQetuD7WjnFTVO6VE6OmORlEQqUz7zfSMBNwgBxPJWEPGG7KoFEWulVhwOfl2Go24AgBr1ETHBkwzFigycgAWwIRCr6Ud0qFMxVgGbxa43hOrkWV2Xl54EQ5rmwfOJ6XXh0ny3KuoQJdcs6ho03o+9pYXh4whkFDJ8k1mmoPniEvy1rnkU229NVK71Plfqg6hRMtg5liG4a5h0FU1D+hhbrFB1n37hccVmD1xe8CS79x7tY9rn37gE+/eyCQJbD15QOuCHBd/eYeF24LeH11jxOf/c77F37l4+t3OPnpPfac+oEdH3/Hwj3Xye7ej3/2ApwjqzFSYUK3JIydE5hsG84kAatRCvJsI7GQ7aMEel6T+6u8gUMmOAlAWQq8WjJYoGvoOLXdib7DzHlhqDH9RpvRX+6nCtH214BlSv8xltqTNXCc0ixTivb2jBYgVrlyQ8bb6pmEoyY76pJE41UelokAvJU/RvLMmAlg2bpE4+CeiKN7EvaucdpcdImdZDxD0vEOS9egFRCdQZCAVnBsJkHxsizf95D4NMKSMglNzhKTbUkpeMdH4RoTgEuMFw6RzjhEO2IbaS1wZS5moSHLPNxYAGsapiGTZVlAK0pMAMsqRiArdioOqUY4ZhjjmG6Co4CSY4oJDimm2Is5p5rikm6KU6YJzgJVTmKuWQJeWea4yv7OKUY4pSjAssAh0Qy7eBMNWArgLCO1B+s/pRkM7X8mnf933tTvOrdIJYk/0iGwH3Si+L/U7Lg/nuhPGdp/PX4icfCNFg39l8DWvx5/bQjBPalx+K9eFXg9I/A/ZwHe47/Dff95Pff/A/h6w35/luoxlO4x5Fj91AtW3/PgDxWGuy12SwDqM+4/vMz9B+cEdk5z9+EJ7jw4KnZYlo+IHdXtvUdHZd9jAmBij8+KKeg6K4B1hvuPz0l7Xu7DBa2bpUFM6WcpTatH1wy6W1oCQulvCVTdv8odBVU/XOTKJyc5ee6kdF4ndQd28PBpdil9I7E9+z5i0xsHWbF+G/UNLaSly8PmLyNKKxOMpozFbPoEPO0tyIjwpzo1ihn5KfTkpbKkspSVHQ0sqchjdXYsS6N8WFCdJh13jYBELjO6c1myrJHurnJaWiu0Cnxmoipt40KJHCMjNRJ3+wkkRdjTLgCxelYWS9vTWNwUQGexu5gfXYUe1Ga6UZfuTnOuBykB04j1HE+OEikNmEpKiBWZsV7EeEykMt2LpsJwWkoiaShOoKEonjkzpOPsWUVXm3Qcqd5kJweKRevEdFXEuqYkgfwkHyryI4gOsic7NYSGykwBmWza2mq04ntteTo5GRECiOFUVeRo7aue5RvYuu8Y5YUpsj2QwpwIWlrKaGooorUuk/KCOLJSAmiuydDnmNlaQHtjAdVlSVSWpdDYUMzqHQeZKx1sRrxcS1cbb+w/TH5uJMs3bqOuvkzALUiOGyIwF0xFqWoDSEvyEMgLEEgMp6I4mPrmCmrqiykWUExL9iMt1Ze83Ahys8NlWzw1DVXUtTRQ19hIYVEWZWW5NCjRzTlz5f9r4a3t0vEePcCVc6f49JOrnD9/nnPnLnDp/Dm+vPU5t2/f4sqVTzh7+iKXLl3j0uXPeP/IBba9fZLX3zzJmjeO0bZkH7U9u6mYu5OGhQJZa3eyYPPrbHh7Czve2yT3aSlrd81n0do5dMyZRWVNN7l5jVRUzqCkvIOCwgaKihp1ztGRYxfYuesDTp//jO2735PnZjGVVZ3kpBdTkFVOTWUH5aWNlBZWUVtaQ4NSSBcoaqttob22jc76VhZ0zWL5vPmsXbCQzctWsmXVGrasXsGahfN1vtXyWTN02HBBSyuLOzsEvmayoLWZ5pISKrNzZQCQRVFKKtmxCeTGJJMVnURhWg7NVc0CsU1kyY9tZU4RzWWqIHk9m9asYVFPD62VNSzramdWYz3FWQVkxquZdvFEBobj5RVMWFiSgFUc8eHxpAmsRcuyn0ewfNdCSIxLEzhfyqkLV+R+f8Hu7Xs4/MFHXDt3lfcPfsSRIx9z5PAJsdPs3vs+a9bvprVzGXVN8+mcuYqepduZJ7ZoxQ42bX2H1a/vo332GpLTKyiR+1VWVsey5evZ98FpVq97k2Z539w561m6aKPcvwZa5f+a19XDrPZ5AowySCiVz0RANjW5SMsrxEQk6TyrICXL4BeBv4CVn0egBkEPJx+cbN2wtzGIhtrbemNj5YG1mAIsDVmmzkyf7oCJiTM2Nn7YCWBZ9aquW9oFYmrlw6RpzkyYbC+w5aZzrpTWVUBQCn6Bybh4xOLoFomDWwzWjqGY2wQJYIVhZhsiHWiIwFcQE6d7Cii5CNDY6xweNTvtxdcm60RqlSD9XP/R/P2F1/j7c/352zP9BLaGaK+SShofM8VBhxNHKtV1lXg+xlKXaxk42lIvK2DSQqJKokGA6lWBH6UqPlTlZA2apvOvVJhPyTCoHLDhY221DR1tLbBkKmBkrUOBA3UJnykasvr2H0vfV8fSTwDrpVdH03/IJDnHBH38/nLtAwYJeA2dzCsCXn3kWvv2G6E9XKNU/pVcswpBjp/uwjSlk2UZgKlzLBMtghhnFchIY0+svFKxD8glIke+Z3MFxA9+wUfXfuPirbtc/uqu9lx99v0jbn7/mE+/f8Dn393nugDXdQGu69/e5+rXDwwhw8/vcPamCh3+rvOy3vj4G+btvERq616iSlfiFlWLmVuyBixz91QsPNOZJJA13swfG89UrMXGGPtpza7xAoDDJ7kyYqo7Y018GDHJjVFTPHlNhRBH22gldw20AlUqZPia3M9+Alr9lFdL4PZVeU1B1mAlDjvSUu6ZmQCajUCxM2OmuejSR6okkZK0mGbpIwAerJ8REzFT5U2zUs9cEJYOodg6R+DsGY+7bwqegQJNIal4BCbi5h+Pd2gy/pGpBEYnC2xJm5CsvVbe0dG4R4TiFOEtYOmFU7SbQJY7rgkeOMQLaMXbYxdrI6BjhbmAlkW4iQGuxMyipmIeMw2LmCnYKMhKMsYuzRiHDBPskgWQEk2xTpA2yUzgyQLnNGkzDZDlki2AlWMmrZn2XDkmTcdeoMwp3Rp72d9WAMs2zljgTY4fMfWJkvv/N3fpSc7Sf9Qk1AKgP+rQ179FPZ/YrV5dqc8FLFS47DNZv64FOZ94cB4/Aa5HXwkQfa/DdX8Wj9ZA9MufXqd/g9fd3nqI/1aGf6KV9WfC+hNNLLkuJYOg8qiUp0rlNz364ysdsrv/+KYAk4DOo08Ens4LTJ3i9/uH+e3+QbH3+PXeO/xy7y1+vf+WrL/Nbw/e4feHB2S/d3nw4D2xIwJPR3mo1OAfHpPjnBT4OqXV3O8/OqOV27V6u1aUF8C6f4p7v37I3XsXBKyu8NPPl7h584J0mmc49vFZ9h88yc53jrJ97yF2vfkhb+zaz4YN21i3fivLVqxl7txF9MxdyuLFK5k3dyGdra0CGHlU5KZRnZtKbU4qrUXZzG2oYJN0JPuXLGLvjGZ2l2TyZmwYr7s7s642mzlzyohxs6As1IeO0lTqytNYsqSDWTOL5Zh5cswY8nIEWtKjCfQ0xcfNlKgAe2Y0ZrFuQTUrO6PpLvOmpcCZthxHmrMc6KkOZOOsJGpS7SmOMac8wZq0gCmkh1tRJ3CUHmhCvM9UskNNqRHQqhbgaW0S+Fv7hsBRIuEe06gvCNOzCRPDvUiMcKWiMJbq4jiKMgMErPyJEMCqLo4nM8mXrm7pTCuypDP1156rJIG4rJQwstOiaejsYbUAaZ/20EkAACAASURBVHVlBjkpPuRnhAjwJNNYl0OTAFV3ayFlBUqNO0rgKp66skTamgr0bEKVGF9flUxTawPrdh+hqbFIQCmRrW8fprW5hOaGErbseY+C7BAxgSWBqrzsQAGKIBJiHKSDtpDtcs4cX7kWd2qaqyksSSJaIDU20lU6ak8S4n3ISg8mNSWY/II0KurrKamsJi5OADcjnSIBiZqmJpYtXsjx9/fw/eeX+P7mJ3z91Rd8+fUtjh3+mFPHjnHt8nkBrTOcO32Ki+cv8Mn1T/nssxvyPF3VZVc+/PgSO/edYNGG92ld9Cb183ZRN3untG/QtGAzs1a/zpqdr7N25zJWbV3MwtULaJ81j6rabkqK2ygqbKWqfraAYBOlAlgFuQIrm97kwHsneWPPB5wSyFq6eAuNjfPIyyylLLtGd/o1Ss1dgEoJelblV5CXkkNFTil1JdW0VjfS097Ngs6ZzBdbOnuBgJWCq6UsmT2PxTNns6hbAKu9nfnyfC+UdnG3ChW20FhYQkVWjjw7udQV5FGVJ8fNzKAsNY0iASwlblqUU0hugjyHuXm0l5cK0OdTkJ4pA4cUyrIEystKaKko0+FBlXSemaD0sKLwc/PH1SUIb68wEqMTycvIJT42hQC/KF2Hz8rKDVNTJ9w8QunoXsSV65/z9U+/cOHsFTau38XM7gUsmr2EBTMXMrdrNt0dc+X7ulKgaSubNr8lA6UPWL52F8vW7OH17e8xZ9k2uhdtpal7NQ3ty2hqWUBleRvLVu1ky+Z9zJu3ktpqNWNxBzNmrSAhKoU0GbFXF6t72KrbkqxSPXuzWNrIoFhCfELxdvMh0CcYd0dv3J198PEMwtnRBxtLVzE3HRa0MHPRZmbsiLFA1fRp9kyZYsM0IyemTHXSQqBTjZTnykPP5lM1BJUKuwItZ7cI7JxCcHSPwdEjBicxZ91G4+AaibVTuBYPHTdNdczOjJYOddRElZPloIs4Ky/WKCUqOsGOfgIzz706jqdeGsHTL47gOaUqrsrdvDiEp54foIVCVf1ANbNv4EhzBokpL5WqfTdYOnZVs1CVbNEq7QJQKodKLT/7ykgNQQNHGAvQOenSNQOk4x88xlB/UHmzhgoAKDHRceoaJzoyTIULR1poXSzlyVKANUjV6ZPjvPTKGAGsMRquXhGo6ttvNC/3G8crAoT9Bko7aALPvzhYW395fdDQqQwfY6HzukbJ/2nIH/PCyD6CabYRAjehWi7BVIDHNaoS//QWstq3s/ydKxy+9qsGK+W1+uSbB3z23SNu/fCY2z894JbY5wJcNxR0/fhQA9aZGwZP1sXbhjDi/rM/s/vEd8zfeY382e8RVbwK57BKbLyzsPRIxtYnW8Aum4lWIRjZCcD452DmEs9IIx9dmHqieSCjp3tr2FKhxAkChKqI9eDxjoyc5qHzrvoIvPYV8FVwNWCslc7JGiCfRX+5X0ofSyXDvzJ4Gq8NM2XgMEMh6MFjBYhVaaLxNrqQ9iQTDybLPZlk7K1LEinPlmqnmXsJbPlh6RSMvWsULl4JeAWmClyl4xOWJkCVhl9kAr7hcfjLwMo/WloBq8DEBIGsePxiY/GOlwFTXLC0IXjE++ES74lzogdOCS7SOgn8OGGTYI+VgJaNgJaN9FdWsSZYxk4XuBIAklZ5m2wFkuwyjLFPFzhKni5wZSyQZYa9wJVTugUuWdJmmApUmeOaayGAZS7bzPU2hzQTAS+BsEwbvb+Gs3h5v0CWdbSRAqwneUqGuoEGqOqdCdcbznsCQlo/6tGXvdD0qaGETW+r1c51qOyqVi1//Oii2Pne0Nk1g3q5QI4W19RCnN8Y8poUHP3r+95ZfT8ZwKsXuB7/8VMvgD0J+/3yH94q2V9D1c1e4dBbvSKhN3rzqb7oFRBVRaOvc/fBRe7eP8Od+ycEqI7yy90D/HLnLX4W++nObn68s4Offt8m27aLvcFvd/cIhO2V/fdy7/5+sX1i73D/wftih3U5nXsPPxZgO6NNecTuyzmUd+zu74f4/cf9/PjjCb64cYxPr57mxPGj7N//Hu/LaPiDD4+z/72P2LbrXTZseYs39r7Ltu272bhJIGvdJpYLZC1atIKZM3o0bM3qlh/y9i4aqmqoKiggPz2VkrQUWkoKWDezi7c72nlXAGx/VDTvBgbzpp8fr9fmMGdmEYVebuxJK2Z1YAhl3j60q7ptyRFUCtTU1CbQ1FZKW2s+ZYWhxEe54elopPOWupuKqM7wIM5nOkVxdjRlO9NZ5CLni2NzTxqrOyPpKvagLMFKXrelOS+Immx/ShPsSPSZLNBlTHdpuHTAJTKqf522+iKyoxxJDXekOi+EANfp+IqpvKji3EhdVzA11pMwPws8HMaTmxYoIBRIV2edFhstyo6gsDCRFPkSJcb6U9PazcJ1b5IhsJUW60xiiBUVAlPKY5Wd6qdhqaUhnQKBtpb6LIGrBMqLYqgqTyY7wZuyvEgaatKYNX8J63bso7IoikUrVrJ++x5KcvyYs3Ah3XPnCEzZkp7sRkK0I2lJLsSGmxMRbExqghO5Ge6ky7a4aAHC+koyBKbCA61IivEkOdab6EhPUpMCSUwIJDLcl7T0bHILy0hIjCEtI5PcvEKy8/LZvnkdn178mG9vXOGbz6/wxfXLfHb9EhdPHefc8Y84+/FHnPnoMJfOnOKrm1/w7TdfCWR9xsmTZzlz5goXL13n+KnL7N5/klVbPmTe6gO09OyisnMLJa0bqJ65QSBrAz2rlzN/1TJmLl6i4bSidial5V0CVu2UlHZQXNxKZnoFSfGF1NfN5t2DJ3hr3zF2vnmYQx+eZcmCNVQW1FGSWUZlbik1RRU0lNXSWFqr25qCchqLyynPLaFMrK60hvqyOu2V6emco4tBL5kpg4eOecxpU+KZncxubmZWfQNdNQ1017cwo66J9rIKWkvkuSwto00gqa22kq7qclqKcilMy9LlcHLik0gICSMlMpqchBTSo1Qx8jByBbByktKJCY4UgI8nIzaNZPmhTo6KIy40mmCvYJwdvHBx8dMerITwWEL9IwjwCRPoCsXTMxQPtyCcHP0wMbbTiepv7zvE19/8KN/bk5SVKs9Zlvy/1czqmsnsWQuZN1OgVQZDCxauYsOKTaxeu52Fy7exa88hgfQjzF6yl6bOtZRVz6SmcQENTQvlXr7O1nW7WbtyG7O7l1JZ0UF71wqa67tIS5DrD5drlmvPSMgkK17NyswgLzWPhMhkspKzdQ6Wu/wPPnK9bq6B+HhF4O8brZPa3VwCcXEMxMHWH2sLdyzNXQWsbBktMDBshBGjx5oxbZqTwJUbUwSwlE02dtUSC9OVUKipG1YOgQJXkRhZ+Ah8eejwoLGljw73WKiwl/JYqWLHAhDjjN0ZLIDx8lAj+qn8JhWC601mV3Xwnu9nsGdeGsnfnh/E358fyFN9BvGPFwbxjEDW0y8M5O/PvirANZC+Cm4GT6H/cCNekPeq0F0/FV5U+VICPM+9PIJn+w6X5ZECaiO1F+qlAWN1YWcVSlTFnVVoUM1ifG2kqQ4p6jp6Kl9MhbQUsOmQogGudMK97K9mQ74yYJIGrf4CDsqb9Xzfwbzy2ngBrVG8qqFrAs+9OIjn+8h1vjJcg9fgYdME2gQsBOwmGQuwWnhj7BjFVFUE2lqFC0Ow9EkjNK+HyMJFxJfLd3D7aQ5e/lEDlgKpzwWubghcKZi6/dN9vvrlITd/END64RFf/iivf/+QywJX2gSwznx+j/fO/8ybp35k7htXqFlxnNCCFXjHNuAeWoaN8ph5Z2DunsJE6zABq1gcfDOwcktklFKZN/FnqnWoDmFOtArWOWLjzPy11MLQiQKixr4MneIukGXDEAHlIRPttQDsIIEnBVQq3PuiQK7OpRs0mVeVR0tBqrrXWsTVUuDagdGTVfjUUYdmB4+2YLiCLgF7VVZpuqUfZnbBWDuHY+8WLc9aNM7esXgEJfR6rZIJiUslKCaR0OQkghITCUpIICQliZA0aVMT8U+OxE/6sqD0GALSwgnMCsVX+gyPdE88MgS20l1xTHUUc8Ip1Vkv26fYYpcsIJRkKmBlhp2yVIP3ylGAyV6W7VJMtUfKNdMOt1w7PApspbWW1gaPfGnzrGTdCqdsZZY4ZyvYssIxzVqOb66PawAtE/7Xk4LNj/7VaxqsekvWaLkCw3aDgOY3BpVyrXp+XZd6MeQfqbIy53UpmkfSPn54jj/EHj88KdtOG7Y/vKLrCT7W3q0bf6qnG7xbXwpcfavDeQa5hB/1rDwlYaCSwg0erx96ZRVUfte3vWrrnxpK1zy+pltDXtU1Q27Vw8u9dlVg6IIGq98FrH67d4Rf7x4SwHqPX35/RwDrbYGrPfz4+3Z+/m2rbNvGr7+J/b5F9tsm++/kd4GtO/fe0gWfVWHpew9UGFHg6sEJsdOyrmoOyrkeXBXIusKduxf47rtTXP/kGKdOHOajo0c5cuQo7777AW+9dYD163aI7WL9hp2sWrOVNeu2sGH9Fja/vp21q9ezfNkaFi5YxmIx5cGa0TmLuTPnMVs6qVktHXSpWVcNDcxtamChtK8Xl7A/OYV3/UP4wNOfD9x9eKMunzldJcyRB/R4cSOnC/LYGBHN1sQ02qaZUGdhRoqTBZlJUZQpb05tNFWVkeRm+hIZ7C4/5PKgWkxgwsC+uJqNoTDemcI4e7YuKmBNVyILG8NpK/KmIsWK0lQPls/IpqM8iPZiL5pz3KhJcZbOs5Bla3fSUlNEUZIreQleFCR4UpTsja/jBJwsRxIfKfvXZBIbZKtrC/q6TibcdzoZcS50NeTQ3ixgluJNZUmy9mSlJvjRPrNHIGETyXGepMU4khJlLx2lna5bmJ7gRmaiN6X5sQKKvhRk+OmCz4WZIRrOCnNCyUvykfUAKgrjmbt0M3N6erTkw5a3j9LYVEZudgxzlm8hOzOaxDBLOb4DId6mxISYE+o9We6NDdEhFtJxWxMbakNcpDN5RflkZUaQFOtBSqI/QUHOBAY4Ex0TQGpqJNFRAlpJSWQXlJKdm0eGKreSXyL3vZZ3d2/kxuWT3Lx2lhsCVpcvXeDalYv89M0X/PrtZ3zz2SVuXD3HZ1cv8f23X/Hl7VucPXORc+fO8+n1T7h94wZXr3zGR8cv8fa7pwQYDzN71T7qZu2grG0j5R3rqJu9jpoZK6mbsZzqjiVUNS+grGY2JQJYhQWt5GTVCyBWCRAWER+bRUV5K7N7NrBu6z72vHWYrTve5539RyjOryQ1OkWXZ8lJyqA4PZcmLf5pqEvYWtlIfUmN3Pt8MlOy5H4XaY9TR3078+T5XThjPotmLWCBDB5mtXbJ++p0TcC64irq5H1VRZU6rKdmCuYlC4QmpVGZk0V9Xq48N2rGaSzJMqqNDYok2DOIADd/Aj0C8HXxwcfJm1CfIC0iqjShFGDFBEcTFRRFfFgcqQJZscFhBHgF4Sj7uguYeLoF4C/rAd6heHmG4B8Qg52DDyYmjhhPs2L6RBnVWrmxaMkmrl2/zb5DZwS+NzGzW76XAor11a3M6pgvA4F5lJU1UVvRIgOWucxdsNkwU3DWOhYs3cXyze/Rs2wbLZ0ryCvuIr94Bt3dK5k3bx0rlm2nZ/Yq2hpms6BrodyLGvn/YnTx5oLUXHnOEuU5T9E6W/ERCQLwKTIYySA0MI5IVd4mOFGLhgYr2YXAeDzcQ3GwUzMCvTE3c2PaVDsmTbZl/ETp4MZbC2BZMnqcFZOnOWu4mmrqwbiJdowQUBg/1VGDlrG5tw4d2jgEa+/WRCMXxk120FIFKpSn9KB0qRnZpmr9qZynURMddVhJ1Q18STriPgInqiDzMwJEWhqh/1ie7jOUfzz/Gn8ToPrrP1/hKVXmRgDr6WeVJ+tVnn15OH0EmF58bax+j4Kv5/oOoU+/EQJVY+RYI/invP9plcf1wms88/Iw2W8cr6l8KZVzpeCoF6oGDDXWsNZX4EyZ0rlS3iwVLvy30Oh0XXRahRVVEv8rAyYKOAlM9R9Hn1dGaK/a8y/J9b8sMKdq88l1PNPnNZ4TQHxJQdaAUQJZ0xkyfDoTptgx0UTup3UgJi4xAljBWLrGY+ubTVrjBgrn7COqZBnLdl/kiAoRfnlPA5YCKWW3f3rIlz8/4Guxr35Wy4b1Wz+qcOF9PvnaYGe+uKvzsXYf+44lb35K48rjBGcvxFcAKzi5HZegQuw8UjB3ie/NAUuU60jE3DFG4MqPaTbhTLEK1XUTp9iFC4SF6LqJ481UonqAQGEEo418GTHFg1HTPAxq+so7ONpMTyZQtQ0VYKl7qjyTLwiM9lHhVQVbSn9suJH2QL6qtM/0ZILJepuqAakkLcYqL5axJ5PlfJMF6Kdb+WCrJEDcIrF1C8PZJwrPoHh8QuPxi0rEN0Z5q6LxT4khJDuWoJxIAvMjxMLxzQ3GPz8MPxng++XJ70C+P95FPngUCmQViOV741ngg1eBL+657gJGLmKOuObY45pth3OmLU5ZVrjkCChlmUtrJfvZ45nvhGehM16lzniXGcyzzFHW5bUiWzm+wJeyfFtcBb6c9TGsccm21nDmmGYlsGXJ/zJ4iH4xJIfrfCbDzL8nuVGP/gSsn3uT17/igfYOfdILWJ8ISF0QU0WVzxjgqheyHj08Ifax2HEeqbp/D8/rwsgPVWK5Tia/pKHIUC5GAdOXhlCiLmvzZW848tvesjO3DXD3x1e94cbPews7X+ptr2mYeiggpwou33tgCNvdF/i5e/+kANYxAawPBZY+0KYh684BfrvzDr/dfUeAarfA1Q7twfpVQZYA1293d8m+bwkw7ePevYPcv/+BmCoafbw3h+t8r+fqrIDXOe7cucAvv13im6/PcO3SR5z6+BD7336b3TvfZu+efWzZvJstW3azfv12Vq/ZyNatO9i8aTPLlq5g+ZIVrFy6kqWLlrJg9gJ6BCIWqHIg85fKj/BCGS3PYUb7TNqb2pnZ0U13c6uAViOtZWXMKSlme1Q87/uF8WFABId9QtndVM687gp64pM5lJTNpbwCPhK4OpOTwzYLC9aZmlI6ahS1JhaUm06nOMaD4tIIgQp/AQhfIvxcsB/5Gt4DXyHd0ZRYq8nE205jSVuh9laVySihLteX6gxXEkJtpWONZVV3KktbouipDmBZZzbr1q6nra6YpoIwanKCqEj3pTDRk1zlhQq2wttxkkBSMKVZwdKh2FAoI5DUaAcyBeayEtx1rlRJbhhJkXYUFySRmxFGU0cXi9Zuk47GmfhQa7lWR+lALYgLtiEiyI7EWIHDcCdy08KIDraTUX8wBQqUQh3JkHOXFaiyPl6kCZQV5yYJqG3X9RPLqmpZunqz1uAqq6hg/qqtFKR5kxPvSk6iOzGB1mKWxAUJcMW4EuBpRJSfnDfUSc7jSFpGKokJQQKMPsRG+REZHUhYmC/x8ZHk5GaQnZ1GQlIcGbmFpGbmER2bSGJyGp0dbXx8YCfffnaB729e45ubV7ly8RxXLl/m5s1b/PLz99z95Tt++PY2n12/JtB+jYtnTmu7/cWnfH37C7659TlXLl3lmMrp+/Cc9mSt2XaI+Wv3y/+3i5a5W6ntXE9J43IK65ZSULeYqqZFlNXOpqJuNoWFrWSkVZKeUkpKUgFREakUFjXSOWsFiSnFvLX/GEtX7eLt907S1DSLcP9I+UySSY1LE1DNp7W8iubyWqoLKmgoraWlooFagaVsJdeQXUhxTokurdNc3cSMxi56Omczr2M2s1tm0FbdTElmkRbvVLMRc1JytIaWyptSpiQfKnIKBeLTyYqLIyFMPteAYII8/AV2g8SCCRFACvcNJUBAy8PFU4fPYkKjxWII9AomUPYJ9g0SWEnRocI4NRNRvhMBfjJ6tvfC2z0AP28lU+CHk6Mvzk7+ODoG4eoajJOdO/Zm8kMq29vbFrDljQMcPfsZP/56n++//4VPv/iam7e+5auvvuerr7/n2mc3eP/Dj3nzrSNs2rqfuob5JGcIRHatYOe+k+zZf4I169+msmEJ1U0raO5aR0vbSpYs3UZrq8BVeQu1Amrp8dnyHMfLoCOWWIHFnCQlyZBEmF8kXi5yfTZumJnaYWnurL1tjg5q9p8XNtYeWJi7YmykClHbMnmSNZMErCYLQI1S6uRDpvGaQMdggYuxk+x1DtHoSXZMELAaOdZKg4aSIRgxxpLhYipsqMBKzRocK8dQid3Dx1syeIyZLqQ8VEBliJq+P8JMi1Iq1e8+0vE+L2CiCgqr9p8CTU+9MIhn+w7j6ZeG8Q8Bo6dUDtYL/fnrs6/w93++ZACs5wbw9z4DeKH/SP75otp/CM+9ooBqgNirGqqellatP6NCiwJo/xTYebbvYAaMmCIduCUvChz1E2BSHb1KaO83xABcfV9TKu/jtddqhKp1OMFee7FUx69gTC2r/32EgGd/JbTZbyzPyrX2GzyJFwSkFMz16TdK52s9++JAMbm+PgO1vdx/lCFcOFYgbbojUwRszZyjmOYQgZFtOMbOAvdN62ndcJrM9p0s2HmBY9d/4/ztu3zxw0Nu/3hfAOuBDg9+qeFK7Jfe9ueHGrxuCIB9+u3DPwHrwPmf2XHkaxbsui7g9q4GN7eoGiLy5uIeVoqZUwymTrECUWFYeiVjItBkYqdK+gToeoG6MLPA1ySBK+VxM5H9x5v7M8kqmGn2kYww8taerJHT3LWW1wgBLRUCVOruL/QfbygELa1elnuuPJV6WanqD1RaWpN5ZcgU7X1U91zNzhwgpkRkB8vzNlKBlrGAu5maHOAl8BeMrUs4du6RuPnH4B0iA4XQWDwiYvCKjMEvMRb/jCj8FFiVRBJUGo5/cZBYIAElAlkl0pYJZFUE4lflj2+lH/6VgWLBBFQZzK9Mtpf74lPqqc271B3PYhc8ip3EHHArssNDAZVs9ynzxK/ak4AadwLrPAhokPVaN3yrXfCuMsCWp8CWAi73QntcBLTcCmxxyRPLsRPQssU5w0Z5sH7VYbcnnqqHvbD1R6/EwX96tR6pcjACQQ97iygbIEsASQPWWV1AWYHWH4/O9gKW8l4dk/YkDx+cEDsu+58RuDqr7f6jc39C1uPeYs4q3PjvWXiGGn86LClmCE9+afCgqSLOGqqu/OmpMthlAavzGnru31fgc4q79473AtZhAaZD2u7c/VCg6RB37x4Qe09D1O939ggk7RV7U7YpqHpf7AM5xjGdEH9f/Y8Cio9k+YGCKgEsBXJ37p0WUDvBdz8c44svTnD+9IccPfQeR48oj9XbvP32Pt577wMBrDdYvWoDmza+zooVy9i0bh3r165m1aplrF21XABrCUvmL2J29yxmdnYzb3YPSxevlBHuahYtWEaXdEptzd10ts1kRtdcmuqaKM7OFstknnTY73tG8JGQ/yHvMHbVl7N4dj2z5QH9QDqt88lZ8loYJ1NT2Wtvx25rCxZOm8JCC0uax42l2NqIitIY8gRo4kLdiXKzIW7CSFosprDNy4GFdqY0WUxna20e3VEe5FmNJ9ZkNJl2E/AY9Qp+phMFsIroqYmgsyxCwPF1Vi9uZXaZH93lkSxqy6KrPIrMCEdyE73IS3Il1NeG8EAnnfSeFOVKXnogBene5Kf7k57gR2yEJ2H+1oT62xAT7UdmbhEtPRsJ8rXGx20q4QFW0qka4+86lWhfM4EbbyL9HQQObUhLDCUiwI5cAawIfydiAmyoyI2kvEiJM7rJNbiTn5tCdftiYmPC6Vm5nbLifIozI2gXAJg1fwF5ia6U5YZTkhdBcVYQSREuxIQ4ynnciQy0k/vkSE5aCDFBjqQmxBId5kd0uA+hwZ6kpsaTlZNORoZYppwzJ5uYhARCI+MIF3CIjEsiKyubNSsXcP38R3z32UV+/fpTfvn+Jl98epWrly5z7uxFPv/8c7758hZXzp/h5NHDnD12lMunjnP1/Gk+uXxRQP4Cn1y5xKnjp/n42GmOnbjAwSNneed9NbvtMMvX72Pmkj3SwW+ksnU1ZU3LKaldREX9QoqrZpJb2CLXWCPAUUJyYj6pyYVER6aRV9BA16xV+PtG0jZjETvePMLqjftYs3EvEfLjlygjy0zlYcoqoKq0mpriKgGlfIpSs3WosK22lbqqFgGrKkrzymWfGlqrW+isbae7voOu+nZdTqezrlUXhlYzA3OTVBHlbAHgNC3YqdrMpEwtXJoUkSBwFSmQEU1WbDxRAeEarEK8Ag2tgihZDvZW3qgggtUsQf8QArwUXIXi6+kn8OWFn4cfvi7epMtgY8m8uRTnlRDoG0agnwCatEpDSimg56aVkplRKJ93JCmRESTKuZVqentzD/WNPbzx9gf8/Ps9+Z14KL8Rj7j38DG/3bsvvxF/oP7u3X/IL7/e4eLVL1i9ZT8rNh9g1eb3Wbv1Qy2zsW3nR6xYd4C2mZtpaV9Jc8siauvmkJVRJQOJMl2SKDMxmxCfQDwcpTNw9ZbnORR/j0Bc7Dywt3TG2sIBEyNbpk+zYeoUK6ZMsmTKFGtZd2CiqrEnndnI0SaMGG3E6FGmjFX5McrDoLw50tmpPCQFFGOUiKYA1JipDoyb5sSoifZ6XcHXuMn2jBov4DXCVAOZKh2jOkyVXD5ktACMwJoS7XxOh+xGCxgJQD0/kL8JAP1N2qdVSO/lMTz1/CD+33/04S8KphRkvfiaTnB/6plX+fszLwlk9eUfz/bT0PSMQMszfYfyl6f7CtgMoM/LAmbPy2vPqv1e5G9iTz0n68+o/fvJOQfS57VRDBToGymdt7o25T3pp0yWtWdFJbPrxPhxWnRUhRCVLMOT2oQKylRul7onA+Qe9e0/TuBO1TdU3rcx0o7QMx+fl2tRocM+/YbzQl8V4hysw4b9B01g2CgTho+zZJzKa7MPZ6p9FNMdIjFzjSe2bCntm84wY8t5DVgff3ZHA9bNHx/x1U8PDN6rnwxQcnzGkwAAIABJREFU9fUvD7WpUOGXvZ6sWz891rla176+x5kbdzl48Vd2HvuWeTuuktqyi7SmzfintGvAsvNOx8guWM4bi4ljJEYOIUyx8GGKqSeTjD0YO9VZz/acaOanZxoquFL6XaON3AW4BL4EulSSvsrXUvlYU+3DGDbZjSHjrXWRZ3U/FUC9oNTfVehWwOqZV8bokK6qBamKbj8vIKq2q3uuTL1HwZb6TFSenILf4RMMz9wEE1cmmbljbO1jyMnyDMcjSIGVQYYhID4BvzgBrJR4QooSCK+KJlT6lJDyCMIqIwmriiSiNorQevnON4US0hJBSHMEoc2RhlYG/WGyHNoQJhZCcF2AWCBBtQJhVd74Vsn3q9oVnxpX/Oq98ZftgQ1+hDT5ynt9CWv3F5P3yHJgk7xe745XtUBWhSNeysodBLjs8SyxF8gSuMoTy7HBOddWebB6w4F/GNTLde7Tv3rzsZ54r3pzoB5qwLqldZ/UjLwHuljxE2/WFS1toPKuDLlXl3U+lmF23UUBLVlXMNVrDx71mtouoKST5B9d1+G+xxrebhlqAup6fbdln1sGT9aj272SCVf1vgrOHmiv1SVDq/KglGfp/hmBn1OGmYL3T+tw3r37R2T7h712hAf3j3L/3ocGu6+A670/ocqwTe3zkcDUBYN37IEAnT7+WYPnSsDyrkDcnXvn+PmX09y8+THXrxzn9EcH2b1jG2/u3cXevXvYs2cPGzduZsXyNaxfv1l7djauX8/mDetZtXwZG9atZsvGdaxduYxFPXNYNG8OPTO6mdHRTkdbJ3Nmz2fenIV0ts+ks3Mu7TLyry6vp1x1annF1JSXUV9WwuzAaD7wieJYQCzb6ytY1F3LgvBYTqTmc146poPeXhyMjeZ1M1PetLVliZEx801N6Zg0kXKBp4ayRIrz5WH0ssF/8ngqTKaxwGgyG01N2OFkxQ57Mw6V5fBOpAfLTMdQPX4Is83H0Wg8irixI+jMiaO5MJ7uDrk+PdU+hpVdMbQXeDC/OYvqbH8KEp0oy/AlJ9aB+FB7gR9LXQ4nLc6DhFAbMmJdSI10IypQRgDmY7A1Go69xXjiBRCru9fhaGeBo8VozKYOwcdlOg4WY3G2HouXszEJMSEEuhjh7WhMfIQ3ceGupMf7ExngQGKoE+V5cRRkxkln6UxmgoBcfgbl9Z2UlJez4vU35TpCKEwPZsGytVTJPc1L9JF7nEJeZpiWmchK9Cc5xpvCrGjp/AIF4gJIjQsgIyGQhMRo4mNDBFRCyUyPJSUlmvyibLnuZMKiE/ANDMfHP5hA6bA9vPzxDwyloDCft7av5ublY/z01Sfc+eEGd368ye0b1/jqyxvcunWL777/nm8FsK4LSKmcrEunT3L13GlOHfmQYx8c5OTHH3H27GmOHz3O8Y9Oce70BS6cu8yli5c58P4p1m9/n2Vr36FzwU7qZm6iumMtda0rqGpaQGF5F0kplcTE5BMfk0dCbI5AVoGsZ5GVX09D60LcXIOIT8qjZ+lmFqx4g617D1NW1Yq3wEx4eBwRUSmkJOeQl1FAfkquAFIOlfmldAn8z2wUmGpoo6OujebaZgGsZtqqlMZVo1gDbTUtsq2J6sIynVelVOCVQKgKh8UGxwpERWiwUmrlKkym8qqiAsPkGUkiUZ7rcN9w2UcJairw8NderHjluQqKIE6VjYmIIyMuVdcojAqWka93AA7WjjhaOWBubEV0VALz5yyivrJBA6O/TwgmxvZMmmhKgCy3tXbKa1VyvjjSo8Ri4igtbtCyFskpRezZe4Dvfv5dvv8PNFDdvf9IBnOPZLAm0KWWxR49fiy/PY+5+e3vnLj0FRv2nmXxlo9ZtukwS9e8y3xVf3DRFgGsJZSVdcj3r478zCpSEvLISs4nOSpVBhC++Lr7a/FTZ4ErZ1sBLCtn7G1cBLJcsLJwxWianTblsZooYDRFwGjKZFsmTrLSyunjJ1oycbIdE6fYM05AaeI0Z8arfJjphhysCbKuysFMN/fB2CKAaWbeOiyotJ4mm7oycoKddM7uWgldiW2+rDxCA0Zre7rPIIGll3jmeYNX6i//UBD0Mn995hX+/mx/nnphME8LlCi4+t9/eZr/5y9P8X/+8Sx/eeoF/iEQ9dd/PCfw9Yy87zm9/vfe0OHfnu7D//nbM/L68/z16ecFsF7RcPWXp9R7++j9NJQ9L+cQyHr+1ZE6wVrNRFRCoQqklMelz2sTdBhQzR5UQKWKQSuPloIq5fFSeV8vDxzPC6+M1vurfC8VGuzzqgpTjqVPf4FHAT71Pzwj5/m7XOOzAlcvCmQ9o7xsLw2hzyvDtLxD/2FTBPJsmG4TqL1HZk6RmLvFEZItv4lLDrHkrWvs+vhrPrr+Gxdv3+PGDw80YH2lAOvHf8PVE8B64tVSAPbZt48EsO5z6os7HLr0K3tPfkfPziukN71BUs16wrLn4ZfQgoNfDubOUdh6JjDdypdJ8hmqWooT9eesZve5ahX6cUYeTLIKYqptqC7xM87YW4cUJ1uFMsEsQEs6qBmIY4xUXUVfRk93F9BSyvqWDJvoRH81Q3TIFIEreQZeHslTfRVMj9LWRwBVebWeE/BSppb7DpyoTZUrUrIaKmQ7dIyFQKkVY+W5nGLmJtfrjblDAPZeYXiGxRGYkERAQjzBaQmEye91REkaUZXJRNcmEt0QR3SzfN+b5LeiOYbw1kjC28OJ7IgmSvqdmG4Z9M6IEZN9VNsZS0S79G+tAlqtoYS1hQpACXA1BRHY6ENQszchrQGEt4UR0SED9K5gIruDiZ4VSsysMCJnhBDeJWDW4iMg5oF3jYuAmYv2avlWOuOlQohlDto8igS2Ch2VB8ugY2XwYv03YD3SIcLf/vRiPVQQpoU5VRL57d6Q3peG8J6CIu196k1811pTX8l+X4t99acZRD1vaE0o7f3qhSQFTSpx3pA8/4UOCeoCzL0hQSUI+lALed7WUGfItVIerGsCO5c1WClv2H2BIQVY9wSw7j44qRPb7z0Qeyiwdf+4hqqHD44KKB3T6w/vfywgdUy2HzfA1BPT+6h9VR6ZCj1e45EAlmoNIHdZ3n9Be65++vkkNz87Jh3gIc6dOsoHB95hx9ZtvPHGTnbt2sv6dRtZtWqNANYSgak1rFm9kk0b1rJh7UqWLpjL0vmzBa4WsXpJD4tmt7Ni/kxW9Mxg2dxuZnW2ClDJaF/gqqO1m66uubTUd1AnnVRNRR21pdV0NzaSEa9CCZGsklH2+56hbKutZF1zM6tCYvkoPpWzERECX17sDw9nh4UFb9rYsGjadJYLaDWNHkXRtLE0lidSVBCNh/lkfCeNo3L6VBZNnsguZ3t22lvwtq0Z7+UkssNuOrssp7DWdCLtowZRMX4YScP7k2JpQ0vTTOnQ4vDzdBCzYk5dJI35HtQVxZCb4EFyuD2FqQIuAlvJkfbEBdsS7GUhHaolfk6TifK1JNzLXCDPhCgxV9OheLq70tyzmbAgb+zMxuJmO00gazxudlOxk2twsp6Cl4ezbDfHU+DK09mG6GAvUmICBa5ciQl0IT7YlYLseAGkIIE6B6IDnSguyqdernfm/FXU1jaSHulOVnwwy9a9QUVxNoWZ4Vo3rCg7Tjo6T3KTQ8lOD5NONo3stChSE4JIiVXSEDHkyZc/Pl6+yLHBZGYmkJgcTXRMJK6ePngHR+Pm6Y+jk4yQBKyiYhIICY2gorKMd7au5tMzH/DDzYv89u3n/PrlJ9y4dJJLZ05y4/Pr3Lp5m0+ufspHh49y4exJfv7ha769dYNjB9/l4N7dAlnvcVmA68Lp05z46ISeaajyt65evsjx46d59+DHbN91iEWr3qJl7jZqujdQ1byU8roeCko7SM+qIy4un8jwNCLC04mKzCIkJJXUrCrKa2bg5hyAj28kze2LyBboUjXyNm49gH9ANHa2SpzSFx/vYKLkOVO5WQXp+TSU1zKnsYGFra3MbWnRkKU8Ve0CWY1ltdQWVWoB0oayOp17VVNYQVluqTzDGTp5W9XWiwmKkmcimoSweB0qiw2JJjxQRqECqsnRSaRGJQmQx4nJj2hQNBHBUcTLiDctJkkDWqp8D9R7FVypfLG8JFW7L5XMGHkO4+PJT0omMy6O7tpatqxYSbV8j6IE4NzsnJkwwUggywx3F3/KiqtpqW2lXHvn5D2xMTQ3L6S6fhGJibksXLKWL7/+gZ9/u8u3P/3O9wJcv/1+n98Fsn74Rbb98Bu3v/mV67d/5NrNnzkmkPXW0c9Zteccc1YcYNnqd1iz9k3m9sjnUtWtPVhZWZUC6SUCkckCirEaHEN9gglQAqICW14ufrg7++Kiijnb+2opBiW/oABLhQYnTRLAEliysPDQelduLsHY2wViYx+IlX0olvbh2Ck9IqVD5BKLjUCAklowsvDH2DrAMIVeTauX91g5hmLlIJ2wUgKf6KLLzSixzuekU31WoOOffQby9IsCWE+/yF//+gx/E/D5qwDI//7LP/k/f31atj3NX/7+rMDJazzz0lABqef53/+XrPeOi+ra3v/vvTHR2Bv2gqAU6b333mEYhgFmmGGG3gVEQUVUEBWwotiNxjSTmBg1sXeNvaJiL1ix95rP81trDyb3fn9/rNc5c+a0OefM2e+91trPatdB2BcdOqFDhy5o/2UXWqcrPqf5dh0Injr2FMaAxdt+TkDG37Wnz10Ipjik2JEBriNDVl9q0A3QjQCnO1lXgh0+P84L48TqvsNsdZA1wFx4r9ib0qv/SPQgIGC44lBi70HmBEkj0Luvqc6rNcxK6GOxR4shi5Pb2YvFelnsverUtS9ZP3Tn386AR9aTflv/IbTuMHMYjHSChWMQzAls7L3i4BqshjRjOkrnbcXyrVex7fQjHL7yEmdvEWA9fq/zWj19rwMtmr///IOwT+HBO0/eCtC63voel+6+FTINBy++xOaTjzBv3XmklH8jEugVRYsgy5gBP0ke3ENZqFpFcMweK3+hvM+hYAYta2cGrkCCZwIq11gCrVCYsrCrS5TwYNn7JwuwsqTnwIK1zVwjyGLomobQeiEY6RyNkQ7R0DN0RmcCqW4DTAiuDNCpF98HE/ToN1Lom3XvZ4QuNO2kZ4gufQ1196i/kbgXegMtBMhyjUoOM5va+NA5+sHGOURUA/AIkMInTI6Q+BREUnsizUpFYnEmVBVZSKnOhGZ6OjS1qdDU0ftiOr0valOgnpVKpkbKbJqfQx3p+anQLqD3RGMa0sg08zKgmpv2D3TNVkE9Ww1FXRKBWTyS6uJpWRKto4C6gd4985VImZuIlEYl7YM60PMVArbYoxU/PQqxVWGQTAmDdEo4JBNDEVsZRrDFFoKoCcEILwslwPrreduovaf/jN5rU2b/u/7e/734W539fVui+8cP94S+lS5P6r4OhoTpys0IrayPT3QjA/kYH1+2fW5tU1NvFWE/MaqQc7CEJ+yW8JAxvL1niQVWPBfHuiO8VwKy2Gh9Bh2R1P7+ivAucXK5CA+KZPNmHWxxqFCIiDYLb5MuJ+sEfU9GwPWWQ5gMXyyr8Pa4gK93BFzv6PP7d0cIvgi63nEYk8OgBJDvdSMmdVB3nl6iJ/Dg4UFcubyfGsQDOLJ3K37/bR1+W7cRa9f+hu++W4OlS5dj/vwG/Pjd1/hm2QI01NagcXYd5tJ02qTxmFdbhSXzZqBxZjUWz5mOJQRYC2i+oXYyFtbXYMn82VjSuBCLG5eKUYV10+egbmo9plDPf3LFFEwoGUuNCZG7RIKirFEYn1+EZekl+L26Fj9WTCTAUuJgei5OaTNwSBaPPzVa7AgKxjZ/XywjwGq0sMJ0I2OMd7DG5PI0lIxSQk4wFWNqglKzkVjq4oR1ngRkId7Y6OaMnZkp2BzsiZ+drfCDkwXmmw1H5bBB0A4aiHHqMpSPGgeJqw1c7G1ga2UsQmu5Gn8U5SnFKD91vB9USZHIy5AgLsIZCQRUkUG2CPOzpAbEXeQzxYY6UeNIvQJ/KwR52WJC3SqoNKnwdh4JF1tTeDiMJKiyg7nJENiMNKCGNxqJMRFwMe4LHwczhHo7IzLAG75uDgj2c0OwrwvC/J0hiw1DiL83bE2H07F8kZuTiSm1y7ByzWakJSdCIw9BTGgAGlb8hunTKpGtkSIrhYCqKItALYga61gCLBWyMpOQmaGCNMoPGgKs3CwFcvNzESuTIygoAPEK9lYReMTEwsraFvYuXoghQPAPCEB0jATajCzkFebTva3Dnk2/4BoB1b0b5/Hk3lU8bGlGy7ljOHV4Py5dPIcbVy+L/Ko9O/bjxJGjePToLq5eaMLRfduxf/NGHNm1DRdPHRNerTMnjuE8TZubTtP8SZw8dlpA1t59R7CeC0X/sB2zF61D5dSvUDB6JnIKq5HHCu5Fk5CXOxZqdT4S5JmIjCR4zJ2AkvJa0Yj7eEVgzPhapKQWQaUdjXVbjmJmw0q4uwXA3SOEGu9wBPpSjy40Gkn0vGWmZmNsfiHmTq4UgDW3phZzptZhVtUMTK+oEpDFUg5cILoos5BAthhlo8eJ53dURqGArZLcQnpu0um5TkA0AVxMhAzxEnrBKbRIIVNKk0UiuIILO0tV0BJwpSg0YmRgfkY+ptJ/o75qOv0/SgmaM4Qni0vtVIwahZryMkwvr8C08ZMxv7YWv69Zg+2//oZfV63ElOJRBP1caioRYUFhCPALQZo2jwBsCopzCgjU6X6n5mLi1CUYO2kRIiJZd60BR05dxuUbrWi5/xQPnrwQsNVy7zkuXH+IUxcf4GLLE5y/9hBHmu5g76kW/HHgGn7YeBpffbcX8xevw7zFv6Kq5isUFlahIH8C8nMIONMKkaZIQ0KUHBH+EQjyDhFCon409XQPEPlXzo4EVBZuwizZrNzh5hoCV5dgmobCwyOCOh9KhIelICiEoJgaXQ8/BUGWAs5e8XBkDwY1mFygeaRNEIysdSKhQ4zchO4UJ4WPZLPxE6PBhpm4iwRmlkfowp6rzgQ6BFdffNkDX7TvooMhmvJ8u3Zfot3nX9J8JwFQ3fuxF0gHY+2+oO8Istp36IwOBFgdBGQxlNE+OnYXMMXTzxm4aJ8dOnbT5Wp1Hyi8SXxsTopniYcvu/ZH556DRe5WzwEj0GeIhUjEN3cIEnIBrNvUh3OHCLDYOBGek9W79dYnKKJGfpg9+g+1Ri/2vPQ3Rn9RINpKCI9262MsPF78WYxiJIDrxqMeCez4fDp17yN+T8fO/dCn/3ACM2PanyWMCWYMLb3h4C2Fi38CQhJLkV75Deb9ehp/HG/F8RuvhagojxDk0OC9Zx/acq50gNX6XPf51uO3Ysrr8GjDi3ffCHX3Py++wPpDrZj/6wWkln2LzInfIaVsBcKTx8MrIgMeBM+OnnxvI2BhHyy8k+wp4rJGZnb+MOIBDwRbHC5kGDUhcDJizxbLKtAzweKhVi4RGEnLTek6jrClde3DYU5AZuERD33zQPQcao9eXFbH2B296PoNNHZCdwLTznq6nLsuesMIrEagK123rnRdu9H90ROwaiE8iQMJrjgk+8mLZUznxF5TrnPp5iuBd5AcAZzwrkhBLHWO4rMzoRhNkDU+EylTM6GdmY3UmQRRM9XQzqH//lwttA3UuW2kKVn64jRksC3JJMtC5qJspC2kbdqgS9NInbcGapPmMEgpkDJPAc2CZAIqep8sUtO2BGmLVEhdrJtPW6hCSkMSFLPikFgfDXltFIFWNOKnxSCuKgayqRLIamIROyUGMZPo/V8RxYD1SfTzqc6LJUKC/62M/t+lbV7+o131UafG/ldbYeS/7eOzv4shfwo//qNl9WkfbUn0tC5Dly6v6lYbcOnKzIiRgh8e6BThRf7VXREefN/mQWMoey/AjKdX2rxK7F26SnaNjL1c1wjArulytt7f1MHYh/NtmlU6xXbOq3rLOVUCrDhkeIhgi3OsjguvFnvDBGC9u46P76/rxEM/XBSesgePD+Py5SM4e+YIjhzYgZ9/WI0VBFSrv/6GwGoJ6munYXpVJepqJlFjOgMNMyZjZvVE1FZVYNa0KjTUEWzVz6CXfA1mTJmAGQRc9VPoxV85DjUTx2H2jKlYNH8u5s6ahbpp9ZgwfhKmVE7F7Lo5mE4ANaZ4DDQJHBaRixFdBdSIFGcUYyb1hNfOXYrF48ZiMTVQBxIzcUyThYMKNQ6labHdPwB/+Pligbk1VhAA1JqYoszeHpVlqRhdmAyJpz28+/dHha0NlhBk/eTlio2hvvjN3Qnb5BJsCfTGb7TOj67WWGxtjCn6gzA+RIUx8VnQ+vojKdgHRkMGYvCgfoiL8YU6wR852UkYU5qJsEAnJCRJIZMGwMPVDIH+NgjytYWDvRlSkmOp8bBHdKgnQoPdYWQ4AFpqcNLzx8PZwgAjhvaBO60XGegGHxcb+LrawtfDkSCHzpn2Ee40FAGOIxBoZ4gQFwt4OZrB1c4cNgRiJkN6wNqIpkP7YUC3jnB3toWWdZTmrEP1nJWICPWHJMofDg4uKJq8GCpVMmKjAuDmYEHQIEGAlxtCfNygSlZARp+TaRoa7AV/ArjEJDnCo2Pg6RsIOxt7ePr4w8svCH7+wXB2dsewYcMQRPAhS0hERHg44uLikJ2Xg+9XLsCZQ9tx/fxh3Gg+iQe3LuPJncu4deE4zh7/k8DqNB7ev4WnD+/j4oVLOH+2GVcvN+Pk4T9xYt9OnDywDWeP7sWZw/vQRMvOH6NnkWDr7KmTOH38OAHWSTSdaUJz83mcbmrG1l3HsOSr3zGxagVyi+qRnjMFGdkTkZc/Efn55UhLK4JSkYuYGDXyi6Zg1OipBBhRQlMpQZlHUDaVGu4gjBo7Deu3HyU4mwhPj0CEhsQiOoxH40kIOmMRH5sovEnjC0tQTRAznToDLNXA0zrWzSqfhHEEUQxUnMien5aH4jwuA5MlRsilECzFxyUiIZbAIjACPh7BOl0n1wCCvRABcwE+YQRA9CILj28T3UwUEMYwJomMp+OnoaK4nCBqgihCPXl0Ocqo85GlTqXj5WJcQRmqx1Vj6Zy52LNlK/Zt34nDO/fh+P7d2P/7WvzxzTIsq5uCXFWSqEno6xOKJEUWRhdNQEqSGpKYZBRPXIi80pmQSjUiX23fkWZcvHEPdx48wd0HL3D7wStcu/sMzdcfo+nKA1y+/RTHz9/DjsPX8duuC1i7pQk//n4KC7/eignVSzCmohG5xbVIyyyHUpkNtTKDoD6DACseMcExiAqNpf+PBGHBsXTNJYiJSkJkeBL9Z6JE2Ru/wHh4+3FyfiIk0WrESdMhj8+BPC4bMZJMhISp4O0rg7tXLBxcY2DtEIaR1gEwZb0qauR4FN5AAych2NmTE5dFeGckevYzR1cCja4EICy1wKP5+Dv2SHXsMQjtu+ihXYfuwmv1efvOOqgicPqyY1d8/nlHgq6OOk8VLevYVQ/dCI6+ZMii7z4B2N+Q1b6T2Ed7ArL2nXrQfDexHu+DQ4ifd+ouwnLseeo5kM6hH4fpDIUXrdcgI5EU32eIma4GIUEOG8sL9OZcsYHmumTstmT3rr30CZAG0e8zot9sJZb1G8KFokcK7wp7uHgEZKdew0TNQoYsHuXYiSCvU7f+BFZ9RJJ7F9pH5y4D0JOArc+A4QRt5nRcbwylc+DQKxeG9pXmIlJD7+/lu7DmQAuOXnshwn0sLHr7iS6ZXZfc/l54s+4/+zSC8C3BlS58eOPhB1xp/YAT119h28mHWHfwHmZ+dxIZ5d8gq/I7KEYtgFdkJsGVmuAqGlbOwQRQAbBwCBK5YZwzxyAjilbTdJipq1ChZ+gy5FGkBNGsX2Zk6UtTXyGpwKDK8+YcMnaX6lTqCbKGmvlBj8C0t4Ej+o5gZXe6xnR9OtI1/ZKuR0e+LvR8dKNr2WOITmC2n0hw94O+qadQ4Gd9s0FGulxAHljB3jUrlgtxD4OzTxQ8g+LgF5mAQJkSkfS/lWVmILEoE8ljsqEcl43kydTe1KUhjeFqjhqaBg3SFmgJhGi6WIuMRWkEVQRYS7OQsSwXmctykL6UIGsxvWeWpCN9UQrSFxJEETgxPKWyl2phMrQEVOlLNchelor05bS/ZRpkLWVgS4F2gQKqufECspJmSkXIMKmegKtWhsQ6tjjIp1H7NjUW0moJ/iXK2Hxs05sSYPTqv+oNvm4T9vyk6P5GV5rmr9d/z39aR+fpetUmDvpPrcG//garT6Vw2kRDP75q84g9E4rrulGCbWFBVof/8IiMiyW3ipp9H9sS3XV1Ae+K8OS7D5wHdlvY2w8tBEK3CaR4+X363Err3BfAprPbuu2FkvsZXc6YyN06LWQW3orQ4J94/WY/XhFsvXlzjGDrqAg16rxil4QMw/s3F/Hy9Wnce7CXGq0/sHvHRuwj27L+J/zy0/eYNXMWqqZUoa6uFhUEONOrJmB+fTVqxpegfuIYNNRWYfb0KVi1qBHfrFyGpYvnY860alSOLkF5USGqJ5TTi78MNZUVqKXlM6bXEExRr3/iZJRTr7+mqh6V1GjlZOQiIyVFJLiPzi8RoZE0OUEM9XxnT5qFJfWzUVteghnU2ByQ5xBgpWOXRIZDtM0GXz+s9fRGI8HVEmsL1AwZirG21pg0gQAtLwmBDqYIN9DHBIPhWEBwsNHXE1u93bDVwxlbQ4KwOcAHG/xc8LOnIxYYGRDEpWCiNAuyzt0hH2kOdUQozIcNQt/ePeHtYYPk+AAClhio1VJ4OJsjWS2Hn68DLCwNEBTgAAcrQ4IsFyTJwqnBCKDGMgQWw/shUZmOCVUN8HUmEKNjBXk6CSX7qEBPRPi5IybIC4mxMdSgR1HjGkTbRSAqPJAaIn9EhwdBHhOK2CB3hLuawt9GH57mg+Fk2AMW/T6Hm80IBPuHombJdjpOGjwdreBoZYDA4DBkja6nhtwPAf6BsDE3ga2lGXx9fWEPNwqZAAAgAElEQVQ0WA8e7q4ICIqED8OUgyNMTE3g5u6FoOBQ2NjYws7OnpaNRHScHC4envAPCIKjoxM8aF4anwh5YiJU6iSUFGZj05qlOHvgD1w9vRutV07gScsFPLh2Gi0XT+DqueNoudqM+/du4smDO7h39x5u3LxB0HQMJ48ew/VLZ9B88jBO/rkHh3ZtJ9jahwsnj6HpxBE0EWRdOHtG2NUrV4Ssw6XL17B19wks/moDJk5dhtzSWUjNqYI6tQwqTSkSFIUEgFnUIKeJhrugaDJSM0fTfQqFj2cwQsPkGDNuJkFjNNw9w5A3toYA4SAS5CmQhFBvLjoeqtgEZCSpkKHSYlRWrgCciWMqUVlagYrREzCRpqyNNbFkvCgOzSMHM1MykJuag9E5xUKvShpB8BAQjnACK05cl4ZLEE6fPV39YW/nBic7D7g6+YraeZ50Hv4+4WL9EL8Iul8RSIhTEFCxblQ6RhPA1U2cRFBXhRWz52BlwxxMLisjuCpCeUEJKorG4quZtVi3ahn++OVX7Nu9B3/uP4QrFy7gStMpHN27Hd8vXoCxBbnUSUiCi6MnwsISkZ5dRr87HQmJWSgon40cgqJkzSgsXLEOW/eewblLt3D51gMBV9fvPCXoeoKTFx7i8Lm7BFuPcPjsPazdfRFrtpzFuq2nsPrnPzGhZgWKi6airKweOXmTkJkxGjm0z0xlLmQRcsQSXCXGqURZHFlUMuIlasjiUiHlaawGcnkWNOlj6b9VgqTEfEik2YiTFUKZXEw2ClExGQiLTEVwaAp8/RVw8ZTB0Z3L20TByVNKDVsIRlBjO5QaPU5yZ72oPoMs0b2vKbr0HkEgpY+OPcl6DCWgGoAvOvfDF+zF6dYXHbsPQPuOvYXnij1Y7HHiEGCHjl3QtWtP/Oez9gKkOhEcfdmlJ4FTb3ToNhDtu/ZFOw4Ntu8otvlCeL46t4FWRwFaDFUMY1906EbH6oPO1HCzxEPvQaYwYDFRI2f045GLHOYjUOqnbynyf9hLwmV6WJOJR65xcjYnWbO0QA9q9HsNsBBhzi8FIPYTIxz59+rRMjYGLVaF79zbQJxrZ4I6sf1gSzFykeGKvXfszepJ23bqOhC9+xqgVx999OhjCENzdwGt7JWxcY+Ca6gWocrRyJy8Go0bz+PABXou7r/F5QdvhbDovU+A9fS/E90/iAR3BrDbBFjXHr7H1QcfhOjohsP38evBu6hZeRhp5SuRPLoRktSp8ApLh4u/HLZu4Rhp5y/Cg+yt4tywvoPNoT/CHkMMOR/NXiT6f/IecaL/CAsCUg6tmrrqtKwsvUUxayNaZsb1Il0lMHOT6jSyjLxFzUJDa38CsxDoGTqh+0C6rv1N0IEAq5PeUHTrbyxKI7FXqxeP5qR7pTfCEX2GO2HAcGdxPfuJkKytSHxncVgTax9YUUfKxS8MnmES+EgSEJygRrAiGWEpSsjHaKGcnIHkmgyoalKhmUE2k0OCap33igGrkT1OGgIsLTIXpyJtaToyl2cTZGUTOGUgleAqbUkqMpfwOgRZi9TCUhckC9gSgLUkhYCM9kWgxZZO8xparlmohHqenCBLDuVsOYGWLkeLTTk7HspZiVDM5PwtOcGXnAGrVQc4wjP1/L9A6dU/9f7a4Op/ij1DV4BZFIb+tOyvt3/XLPz/rf9fSvEfPr7WGcHV+48sGPpEKK+/f9+iEwtlLxYXRibI+sg6WAxUBE88ilCU4vnQBlkfP+V4PSR7RND0AB/f36fpI7wT4UgOUz5qU3b/FMK8IzxQnGj/QYw+PC1ytV69+VOMLGR7QZD1gqYvadnLN4fFKEHW0nr99gxevDqFR8/O4c7d4zhzfBv27tqCbX9sILj6AWt++AazZs3GuLLxGDe2FNOmVGBpQz3m1U/B1AnFqBqbj5lTylE3qQx11ZMwf+4szK2digklBRhXXIgSepFPHFtC646jhqgU4wi6JldOJMCqxrSqaaiqnIqxJeOQpqYHR6Ol+SIUZmUSXEQiLDQcysQUTCitxJQxUzB90mTMrqReukyN32QZ+DMlDftlSdgrl+NHNzf86O6ORnMLrCYoaDAxQYWbE6oqslCUI4fU3Q4RBEilQ4Zg0RADbLS3wVZHW+xyc8YmT4ItP0+s9XDAansrfEMv/rXpZcjrNwDyzt0QRL3WODdXuFiOhMGQfvD2dEBkqDuSE8Ihl0UgJNAVkVFh1FCORLifAyRBjshNDsfoNCm00gCU5WuQq6YeQXw8qmd/jWRZJILpWPKoECRFhxCsRUISSVO5FNLIULIQRAX5Cw+TPwGYn4cTggM8ERIaQA1gArQaBdKTo6EOd4AmxBIJnkaI87ZEHIFXgjQBM+f/jGA3OkcfJ9gP+jcUEgkKCifB194MUQF+8Hc0g92wrnSubnA06QcH496IDAqhRt4F9g52sLKyEWDlHxAKLy9vuLk5wtPDgyAsAJEEtLb2DggOCRaAFRgULJLetRo1ykdlYs9vq9B8cBPunTuAlrP7cffSUdy/eAiXju3BhWP7ce/6Rdy/cx337tzAwwd38exJK+7euokLFy/i3NlzOHviGA7v3I7dm37HiT/34crZ07h05iSunD9FAHYeNy5fwLWr13HzRgvONF3A1p1H8eO6PZi7+FeUVy1FfulMgqiJSE4pRZQsC0ERKrpucrpHUqRljUOsLBW+XsEEv+wxCkdR6TQCsWwCLFb8DsXkaYuw8pvfRY5QQhRLJcRBKYmHWqZAnjZbeKlEGJDgiRPYWaE8W5svPFfjRuk8WOnqTOG10qrSoUhIFmHGMF8C5SAJWTRi6HNKPNfckyEsOJrgOQZ+PiHwcg+iaQTC6fmL5+NLFFDQsx5HL+SijCxMLRuDSgK8huppWDl3LhbW1mFO9QxRi3BMXiEmlY7BpJJSLJ9Zh/XLG/HHd6uxd8cW7Nm2E7u37MDRAwdwiq7v8T+PYse2zdiw9kdMpQ5TWGAoomMUkCnzkKQahaSU0SgqbyDImgptdgUWr96MXQeacPDERRw/30JA9QDNNx6i6doj7DtzB/tP38G5aw+w/VgLvttyAavXn0Tj1zsxo+FXjB07C5Vjq1FeOhkFOeUoTCfISiFIkmmhkqdBlZhO/3F6fpJzoaXjS2O1iIpQQBqTClVSAdI0Y5BKsJymJWBOLIRCVUrQnIeEJJpPLqH5AkjlhYiQ5CEkMgs+QRq4+6tg7y6Dg4cUzl4yoU/EngtTK19RbmYwFwUeqksG59FhHDLr2suQ4EIHWO2+7IHPCH7atSdQatdRwBQbe5zYvuzUDZ26dEHHjuyh6irCiSwq+mWPgTrvV9c+Im9LeKra6/KwPm3LkNWufScBWB076tEx9US+VV99OpdBI4XQJReCFjA41JrOjfN/TP4u5sxhqOGs+2XpQ9DgJsq7cLI7SwxwnpBIwO5jhN4DjEV+VS/OD+priJ6sxTXARCTB99O3Jsg0Qsdeg2gbI5GX1ZWhi6CMZSMYFnlEIyfc9+7PulkmIk9rgKEVAaA79Fng1NwVriEqBMkIdDUTMPXr/dh86gGabr/ClfvvhKjo3f9HnoEB6/5zHXRxHhZD1g1a73LrO5xpeYOtJx7jq81XUfP1YSQXNkJZ0ABZ1gx4ityrBJg5BAqtMoangTySkhPMCTyHDrPBYH0rUdB68HCWT9BJVHARa76Ww809/la5Z90qvn6GfA3tgmHmFA0TxygMMqdnwzpYFJK29YyHgWWQrkD0cAeCV3N0pmvala5Vdx6JyV5DHjTAHiwBV7QO3Sv+rjfdB76HA2hZHwO6L3ReDMUMp+aOvgSKkXCj/7u/LBHhKSpEpSdDVqxFIie5T00jsFJBNUOFpGn0368n8JlLcLSAPVEqAUoc1ssk0Erl8B7BVNoSrYAnDv+ltkEVm3YRbdeooG2VwoulZcjiZUvYkoWlLlUjZaECqsYEqBt0Se8CqubE65Lg5yXSlJdRB3qOkkyB5NkK/Et4dz4+ECDz8cNDEbLTqaa/avNS/VOP8P8IqhisRCHm/3vXVsPwQxtk/QNQYl1R2/Dd39/9Uzya9vfxDe3/tUiaZ7B6R8d+R3DE4T0O430aQcgeqPd8Th/uETjpvFO6EGJbXtb720LN/f1fOkjjvK+PH+631UrkUY/PhLQE54G9Y8j6q1UHZR+u/i1E+vb9KeGx+gRVT1/uwZMX2/Ho+VY8erENT16yIOkBssN4+Hw/rt7ejJNNf+D48b3YuuV3/LDmR3z3zbdYu/YHzJs3BxUTKlFTNQW1NZNQUzkedVMnYerEMsyi6eyayZg3YwoW1FWhceYMLF3YgLn10zB98gTUTp2M+mnVmD+7XixvoBd/ZVk5SkfRCzyXCzIXIYcajow0DTK1ZKlp1MvNRHQENzKh9ILlmnslKM4rg0aZiYkTK1E7bRLyohPxgzQd+xNTsVOpxYboCHxPoPQLQcB8E3MssbLFNMMRKHd2RPWEXFGOJtjZBp799DBaXx/LTE2w3toSW22tsZ2AYoO9HTZ5ueMnRxv8GBGDX7IqscjeHvl9+yGhey8EftYBPiNM4O/qBJPhg2FlMQIBvo5QJoQiLMQH0ZHB1Eh5IDUhGJMKZMhJ8EZWvA9NfTFKE4VMeRDiIwMxqW45xhQXUy+eGuxEAiRZFLSJEqQmcwgqAolyCfy9CXrsLAiqXODn7oSIEG/EhAXQNQlCVCRZeBDipFGIl8dCk5IEeYwfNBI6ntQHo7UyTKuZh2Vfr0eKNFIMxY91NoEyOgoFuaMRaDUE4a6WCHU0QqBZDwSO7IFoNzP4mnRBbKAblCmZsKHrYTrSGNZW5gRPQZARCHh7u8ORltvbWSEsLAzhERI4OTkSfHkgKDiQziUeaWlpmDa5DCd2r8e9S8fx/P4l3GqiZ+vIFrQ2H8TlI7txZv82XDh9FLeuXcSNa5fxhADr+eN7ePLwLlrv3sXVy1dxqfkcwVQTgf4RnD56CFdYP+vUcVw4eRg3LjSh5Spte/0abtxsEcrvx46fw+79J7B2/V4sXrGe4PJbFIytR5KmXABWYLgKXn7x8POLgyp1DPwDZfByCxL17dxdfajBLoQ6rRS2Dj4iVMe2ZOVvmD1vJUEODyigexWnFMnnaYlaAoQCgpkSFOYUIj2Fep2xyUiKSUISrZOSqIGS1osnWImLSEBUWCxCg6MI5kIR6huOIG8CO+9QRAREQy6h3iBtE8WiopFxkITH0L2MI8hQQ0pgFx4YCYU8GSW5BBkK6pmq0zAmJx+q+GSoZCqRl5VGz36mOov+OwXITclBSWahCBnOrJiI1XPqsXJWPdYsXEDQ+zOOH9iFM3QduUwRhw2P7DuM08eO4OSenfjlx7VYveoHTJo8E+UT61E98ytMmL4CdQt+QVX9t2hY9it+/m0f/th+HHuOXMKhphacutSKY813ceTcPRxtbhWerCPn7mD74av4fnMT5qzajemNf6CgfAEysiqQTh0WJQGUOjkHqep8JMWnQhqthEyaIkr6yAl8s9JLkZM9DhkZ45CdOQFaAj1FQj7k8jyo1EWIk2UjNjEPYQRfsfE5UKpKCAzTERubAUlsNiSyHIREZSAgLA2e/krYu8aSSWHtGi3EQ9mDwdpWHMph0Bpk6CS8PqzIzt6iL7uyF6s3Pv+yGz5jMCJA+pym7b7gsF8H/Jsg69//+UJY+w6d0KkTQVbnriIhnOUZGLQYmNj7JaQauvQXowpF/hVZOwFZXwqP2GefcTJ8T4K1PgQ0eujESuoEWSwL0YOME6UHtiWrd+w1FJ30hhDo6BTgdV4kHwEKXMZlCAEPq5FzmJC9cx27DxXJ+n0HjxSSDAP0/xlB2F+AJdc7tEFXgi6Gqi4EVz0GjECnHoMFXPH5ssRE556DaF1TDBlhL0RIe/U3xCACGH1jFjf1gJ13LEISR8M3Jgs51avx3S76P157jov33oo6hCwmKgDrybu2nKx/PFqskcXfCy9W63tRLmfXmadY8ftlzFh9DIn586Ec1YD47OlwC06GR6hCSCAYjnSl4zuKnDIOebJXzoDOb9AwCwIscwwcOlJ4tThnTehUGTjQcjsMHGavK6jNUh50/sMsPGBiHyTytIaY+0HfOgAjXaOEWr2RTRj0zViE1B3dCZhYrqGzHl2f3pxvZyigXG+YLfQI8hiwBrGqu4U/9M19aN9u6EnXulO/EehJ59Df0E7oknF4dwTBIY8GtXUJgSN7p2UJiMtORWJJBhLLUqEYn0aQpUFKfTKSaxVIqiOgmaWEZh4B0TxdgjqDVtpCtQj/iRAgmXqBgkApGWoCKk5a1y5IomVygqYEkV+lW5YsQoGaRfSeWqSAmsAqZTEBXGMirScVIULVXIIpMuVcHWipOAG+QSlMPY9hT2f/ei/yk27pQmg8Qo89RgQnn0DpH+/VJ6DS2V9/fST7P7K/dJCFNoj627P1/9Y4fPd3yFDAFcEPw9N7Eeq7h7dsIlm9WeRNCYAStQQZru7QshtkN9tCfbd1wPXuFi1j2HpEEPZEwCGrv78XgPVCdwwBWA/bvFwEcazj9V4HWOyV4hDgqzdH8Pz1bgKr3Wh9shm3HvyK22S3Hq3D7Ufrcf/RZtxu3Yrr9zej+dpGHD/1K7Zt+wm/rP0ZX6/+GssXz0Pd9IkEPBqMys9GXc1UUV9uyZJGAqwpqJtcSUBVhyUEYIvIVixZjJUrlmLhgnlobJiDhfNmY3btNIKtGZhbNwMNddMxs3oyyggw0jQZonHKTs2EVq1FRno6srUqRIYHIzQkCNFREiQrNMjPGoXs9DxoqBEZW0pQV1ODullTUUnAt0iVhw1SBdbFJ+GH4CAs93DD994+mGtpg8U2dqjWN0ApAdaUinyUFKjhYWcGx57dMdHYGN9ZWmCjtQ122Nlhj7MDNtL0N3dXrPELwtaCyVjq5oEGMyMUDxmK5N59IOmlBz9DY3gQdAw36AeDof3hYGsGRWIY4uNCqNGLwJj0GNSNU2N6eSrG5SlRWaBCnjIMJWmxkIW4Qks99/SMYgQR4CRLQhAf6gMvezN4OJjBz8UGIT4ukMSEQRYVTI2/MzWwPoiLDqOG2RVhfu4EXu7wJfiKCPJDCH0njQmnBkuOgEB/xEijER8fhyS5FNWzlmPZd9tQoIhARb4W4zOVmFRShOqKKqSF2iJb4gVNuDMyJH5IjwtHuiIemapkpCSrEC1NgoenFyzMTWBlbQEPDzpugD/CwyPovnDOkCPcPZwQFRUpwoT+Ab4EW8GIig5FWroa86ZX4vDW73H5xHY8fXAFz1uv4uLhHbhwdA+O79qKg9s348Sfe3DuxBHcuHgejx7cwvNnD/Dy6SOaPsTT54+FhMP1G9dx9lwTmk6dQBOB1p87t2Pn5t9x5ugB4cG6ef0qWm5ex7Vr13GmqRmHDp/Gpm2H8dPG/Vj63RZMmrkaFdXUsOdWIDBCDTdqCLwD4iFNyoOjSxBsrAkYHb3g4uiB0DCCw+wy+l2B8PQIhoODN8KjFPj6xx0YXTYVMdTbZAX1PE2OUCAvKxiDcaPGoIRzn1KzkUrQpZGrEC/RFSqWkUUGxyI6WEqgFI/woGiEBkQiMiQaXq4B8HYLRCQti4uWI04ST9+F0ecopNDLtrygEPUTxiKb7kd0SCSiw6IJsKOEXpQsIg4KiQKZSVoUp2cjXZNJUE7Hi5IjXpqIjGR6OcexrpUaFXn5qJs4Gavmz8fyulpsWLUMO3/7CVvXb8Cp4wSvp5sJtE7R9TwsPIP7jx7B9l0HsGHDTvz080Zs3n0Ye5quYPuR8/h502Es/m475i1bjx/XH8T2/eex79gVHDh1EwfO3Mau47dw7Pw9eoc8xZmLrTjZ3IIdB5ox/7t9KKtbi8KyhdBmTYYms4L+K5lQJmZBpcwhaEqjjoIWMVEEWbEElTFqSKJTqLNC74HIFOpMaCFPyIJMlkbPnpKetQSEEiwHhioFNHsHyIUiu4ePFD6BcmHudJ9d3LnuoAwuXjJYO4bDgkeI2bDnw1eAFdcCFOKhPPKOrCvn0xBgdWE19d7D0LXnYDFisH2X3kKjqkPXXujQqbsI8f2nXQf869+ft9kXBEid8EWHDmI5w9d/RJ5WFxECFF6srn0JYPREcjtLMHwuRhJ2F6FBhrjPv+yh8xr14iLRA+g8hlNjbC8AqweBUu+B5sLjxCDRmYCpfZc+6MEj+wiOOOzJXi4GRUMzTwGOfdrkGkTok6Cvq54+/S4DMfpNb7BZW1I7azsRMPTWRz9Dgq3BpkJqomvfYaJAdYe2ECd74FhCgj1hDAfsDeszxBRDjQhSCBo4cZvVyoOTSuAfmwvVmHlY9McF7L3wBOfuvsbl+29x4+FbUSbnzpP3fwOWgKwnOhHSlkdvRT7W1QcEWHff4MCFZ/hxdwumLDkA1dil0I5fAY/wLHiGa2DnJYGBqQsGE6z0G2ZJ500QSteKz6fPIFP0p8+sQN93AKvTmwqJiv76lvRbTeg3mApgHWBgK/LS+Brrm7sJjbEhxu4YbhMk9LJMnSJh5hAJY5sQmNgGYaiZB7oPttTVnNQbLhLdu9G9YdX3bgS+XQezJ4ueI/YKDvcQRaWHWQUKGzzSC30NCQTpeeO8Lj1OgB/hQPfLVYQMbVzDYEUdPdfAGIQlKpAwSouUiixopmRCVa2BaloyFDOSoKxXQkmgpZpFcDSXQGm+zivFsKUheFKzl6khEUq2tjBf8lwpQVMsVPMInObJCLISkTKfYStBbKNakEBG29FUOT+e1ueQoM5rpRSAJRewpZpP+29UE6xpoJ6fQp9VZMn4F4+Iey88R5wEfktAiC4J/Z+wIIOTgCgBVWwfBFj99X9/6eYZutAGX9B5t3RA9UbkY338r4R59owJLxkB1TvOlyJQekeg9IbO4c3b83j7Vpfv9P7dDV1SO3up3l8Xiebv3l2j5TrFd3Gu71oIsgiw3j8ke6SbfnjQFnZ83gZYTwTIvRN2X4CabtRhE16Los8n8OzNYTx9tQsPnm+nh3kjLt/9AZfv/IAr937C9Xtr0dK6AS0PtuHm/R24dGMbjp3YhN27NmD9hrX4+usVmDtrGsGNBhqVgnqVmZg5s57gahEWNjZg5owa1NZUY86sOjQumIuvVizHmjU/YtnyZVjQMBeL58/FHAKqupopYlpfzfpAFageNw6j6OWfps1AYX4xgVsx5PGJiIuLgjqRevERBCyxcVARXBXm8vejoValorCgDGVjxyMvNx9l5aWYNasa86dNwaq8XPwWHY01vt5Y5OCERS4umDhiBBaZW2L6UH2MIeiaXFlI26vg42iJgAGDMGGEMb4aORI/GY3EJktr7HZywiZbO6wnONucVoINUXFYbGWK5daWKB8yDOpe/RCv1x8xBG4Bjg6wNDfCcMOBGDZ0AEKD3QgWYzEqNRoLa3LQOC0flUUqFKiiUayVoiQjAZkJochJS8WYytlwsDARie3RgZ5IiAyAPCqAGlJvMn9Iw/3h62aPBEk4Nbh+8CaY8XK0hzTED/7uDrC3MoO/lzNC/Tzg6+WKcFru6eqI4AAfeHq6wtvbUySij5m+Elll9ZDI46BMkCImwInuoRrT6huQleCDfBY/VUdCFeOF5NhgxIb6IojgzZ/26ebmCn+/YOGdsrKyov26k9F+PQlEQoPh6+MFZyd7uLo6wcfXFy7OzggLDUVQcACyM1X4eeUcXDq8CSd3/oxTO38lsNohktuvNx3Fke1bcGDzH7hw4qCw1hvn8fLJXbx40orXBFavXzzFi5dsj3Hvzk2cPsHitkfRfPYEDu3fgz9378QpTno/fRyXL54TifG3b93A3bt3CLIuYu+Bk9i68wi++Xk3Fq7ahJWrfkXZhHoEtAFWUEgiJFINQWOoACwrK1f4uPsgIjQKefnjEEuA5O0TCge3YLi6+SK3cAKWfr2RnrkSyGPk0CZphHBofmoOCtJzUZBZgGJ6RoupE5CXlgMtAY5SpkZirJLgKV4kp7OqekSElK5bGLw9Q+Hm5AdnB0+4OurMxsYFpqa2GDnSmgDaFxn0rI9Ky0JuipKeKS1Ks3OQpqYXm1yJMvovTBpTTqCXhSxlGhQJaigJ7NhzFi9NEKMD3RzdEeAZhKSYOOSo1eL/toLDhcsWYMWcmWJ+9fwG7Ni8DZcv3cSOHfuxc/s2/HnkALbs2IUN2/bQb16HiTXzMXXWCvy4cR+2HzyPCzdasedwM5av2YXlP+3Bum10rf9sxtbDV7HtyHXsOHwN+0/ewInmuwRYd3Dk5DWs3XwctYv+QMn4RcjikkW5k1BaUEkdqwJkaguRJKMeO0FWIpk8Tkv3IYlMiSiCp6iwZISRRUtSkRCfQdClpvuTCmlsKi1LIwDWCtjyI6hi0HL0iBZJzeZkljb+MLfRjRAcbOSEIQQHAwwcRQK5Hid7c5I3QQgXaGbPzZc9hxCEDBceJIYLTvRmTxZrQHVj/SuCK05O53wqlmfgMN9n7dpChu0IqNi79V/gxXlZYj0Crc/ECEIOEXZFO5HMznIPfcRoPdbUYlkGBis+fncWHu09BL1F3UKdgGg/MfLPWifDIMrymBI89RejBTlExgn87JVh6QYuAj3EyFmEp3oQUHTh38VK81yMmqac59WT4KPHQGNRtofBo2uf4Rhq4iSApVs/TnQfIH7/5x11AMjeNy75M5ghhgtF0zlwXhPXSNQ3doJzYBKCEqjTGF+IuJxpqPn2ELaefIBTN1/hwr3XuEbgdPNhm+7Vk39Chjx/Syi96wDryoN3tP4bHLz0DL8dvoeJC3chu2ottGXLhXBosDxP1JI0GOksoKrXYCO6l+xZI2DSNyfAItgaaoZeBJ969BvZk8Wg1UuM8KTfTeDKeWw9ROI/fUfQxJ7AoeaeMCOoMrYPhAHXGXSMECKkw60DCLCCYWjuhyEEr1zYe6CxC/rR88QjC7txWJk1sbi2I33uTfvqpU/XaJgLretO4OYLfYsg6FSNpgkAACAASURBVBOosRnYhsPAPgxDab8GNgEiKd7CLRL2XtGw84yGk78EwYkqJBRmEWQRrI7PgGpCGtRVWqinp0BdxzINSiG3oJ6XJCBLQ1M1h+84Z2q2DEmzqQM2WwLFzGiaxpBFCUueG0MmEaaaFwv1XGpfCaiUYpkMiQRgiXNkIu+K860UnHM1RwdYyfN0gKVZSJ3IhRoxr1pAgPX6LXtxzpFdIIDhkXf3BZz8M+rvTZsH6oOArP+1//Jo8Tp/tXmrRB7W67acLpZoeC6KM38U3qWndIxWAUdv3t4ku46Xr5vw7OVBmp7C67dNArTevGHJhStiZKDu/D6dI48YvEnLr+mAi71brLf1/o4IIfK8AKkPjwRovaNjiUR4/u7ddV0x5nen8YrA6uXrI3j+6k88ebEPD1/spId5K663bkRzyzc4d2M1zt/4DmdvfkP2PS62bMKFa9tw8swObNu+Dj+v/QE//vQtZs2egYpxY1CYk4HiglxMm1qNeuoJ19XOxNerviGYWoNFixZi4cJGLF++FMuXLMSqxQuwaF495tVOQX3laEwsyUEN9cZrpkwUeVdFeQXISM1EsoIaIVkSNCn08pTHIySIICMynF60MmhVWhQRdJUWj0VFWSWtk4G01GwU5hUiS0u93dAwAWEl+amYMDYXDeUl+CYnFXNjglDr74Z5Hs6otbRElbUVsvsPRLa3Byor8oW+U4AjwcgwY0w0s8RXpmZYZ26FLZa22EmQsNHWHruScrE+OgHrfTywnKBrtZMDqoaPQEafAUjo2hu+egNhPXAQ7O2sqSF2h5eXE6LDvZGaFIWxaeGYVhyPmuJElGhCUaKVIC85ChnxIdBIAlFbvxBji4sQ5u0EDwdzBHo6IdDNTkgvONuZIZxHEDpZw8fZGsG0zMfFAa4O1rAxNYKVyXDaxgoutpYEWSYEXrZwtreCnY05XJ3s4OPlBgdHO9jb28IviGChYhHC4jSIpgbYztaGgMgBkbEKjK5aiNCwEJE7FR4RThaKiPAI+PkGwMnVHS5untRohSE8Mgq+vv4iB8uJrkOcNA5JiiTEy6U6yPL1ot/vAX9/P0RGRUESK6Xv5EjVKvHTqnk4vvMXHNu+Fud2/0qQtRaXju3GnXNH0bR3Mw5v/Q3NRzmv6ihuXTqL1usX8eDudZGH9erpY7x89ojsIR7dv41LzWdx8dxpXG5uEiMMm44cxBmaHt+3G5ebTuDGtYt48oT+E29f4eoVatyPncbpU2fx56GT2LL9IL7+fhPKKxcgQV2CsBgNpHHUkMtTqeGOh6t7MF0zH4QEhiCWfm9WVhG0mhx6LhMIihLg5R2GAN9ITK5pRN3sr5BN3yvilaLEC+tXZadkYlRWIUrzSoRie356HtKTM6GVa5GqoJdiYgqBMgFCZCICAiRwp+P5+7CcRiiC6Xr7e/sj0CeQ4DhMlMHx8fQn2COQ9g5EoF8opBExSJEnIFejRRb9T9KTU5FL/538jExk0rxCqkB8lBwJBHDsKQsPjEJEcBTCCY6DPWg/Hr6QhoVBKYlDddkEbPnhG6wjyFo2rRIzxhSgtqwAv61cjotnm9Fy/TaaThMsbT+A7fuO4tiZC/h14w6s+vZXLFzyA8oq5xB47UfL/Ue4cPMhNu87R4B1Cht2nsHm/edx4MR1HG1uwZaDV7B+zyVsO3QFe45fx6bdTfhh3SFMmv4NsnIqkK4ZhTEFFcikaaJMS1CYAmmUkq53MuRSLZLiqXFJLoQiKQ8pqgLh5VIoqLFJzoc6uQCSGC0SZBlITMxDCMGVj388PH3j4OQeAzObYFjYB4nRbWycWMwlYliUs6ueMTr1MCB4GoAvurC+0xB05sLMtKxHP2P06G+kk2foMwydCCa43A3nUXXk8jUEWJ27928b+ccjBlnfqrOQY+CEdxEu/Nfn+OyzLwRY/acthMjzAlDYc8Whwc87ikT3dl/ojHWwviTQYjkGFhTtoqdP58FJ6mZCu4pDUJxTJYb8D9dBFOf2dGNl+QEjBCiwArtOz8pG5GqxR45HDLJeFtfJ69F3hPg9rB7P6u0sL8BFqLv3JZhrExPtRlDXa5CZyBdi2QceVcig16FLHzrvXiLcycYjGAfyOQy0FAn4gwly+g+zwkhHet4SihCdOglxWdNRvnArfvrzFoHSCzTdeoVL99/haus73Hyk071iu/v0rU5klKUanuimvM4lUS7nJbafeYT6b4+iYskeKIob4RGZCX9pDoxt3Al4nOmacMkgKwwwJJDsb0iwpPNe6dFv6k7XUW/gCLouI9CHQLJHX/rtffVF2R89ulZ8n/n6sIYYF/A2cwoXhaAHj3TDCHp+jBzCYWgTSsAVBjPnSAw188Uw8wCMsCXoIlAaZOqB3rQde7V6sgQGgWYvAxsx7cnXfDAbzQ+2JfiyRXeWzuBBBAYEscZuGGDsjqEWBF/WgbTPYJhxbqBTGMFWOBx8pHAPVcCP/hdh1FmTZmVAMSYDqVXUBtamQjtLhdR5SqQ2KKBtMwYsxUx6P/Oov5kxSJwZicT6CCSQ8XzSrEiCpaj/AazkOWwEU3MIxmbHElzFCUBTzooX3i/huaKpZj6HFlnegfO0UoQJb1YjAdaLVyeEWCaPjHv79gpBCEPKkzaZhZf/BVr/G+77X9OFEj/89Sk5/nWbF+yJLlFdhAJvC1mFN+/YLguAevmKwOrFAbQ+3oB7Dzfg8dP99Pkonr88Rnaceui6EjQMX89fcbI5AdgbBi3e/gJNm9tA67qArXdv2a4LL5fwyInllwmoLohjviZIe/7mCJ69Pohnrw7gKYHVg+d7cO/ZDtx+tAU37v+Ocy1rceLqahy59BUOX15Jtormv8axi2twuGktDh75DRs2foPFBEqrV6/ErPrpGEVwlZ+eQnCShvppVZhTPwOTKukFPa0WC+bNxqL5XKy5Dovn0/zcesydXo0lBFjz66Zi7owq1E2txJwZU1FdUU4NgwYaaqS1ShVUCgWCgwIRGR6CsGA/6r3GQZlIvXFFCrRqzsPIQVFxGdIJrFKoMUlPSUOmWoVESTSig4KRl5GO6vFjMTo7BeNyVJhcpMH4YjWqijWYnqnA1HQlSrOIuGVxKM7VYvy4XORlJsPFwQa2g/URP3w4cvSHoHjEMFSZGGOVlSU2RyVie2I6frR3wApXF8yys8PXzi6oG2mOzP6DkdSzD3x79YV+x47o3rUrLMxMCEzcUVqkxtQxaagtVaG+NBFj1YEYrQ7CaAKsiYUpSJV4oSAzE1VTpiMzMQLRAe4IIYCK8HeHm60pXG3N4GJnDidLYzhbGcPBYjjszA3gwQBlZiwAy2ToIIKsEbAYaYR+er0wfNhg2FqZwtx0OEyNDDCSAMzKygzOBFkygsTC8bPhSw23Iq0EFhamcHN1gB817Jmja+DiYidGJLq5OsGfQCmMYCs4OATh0RLExCUSgEUhMiYW/gGBBFcucHXxgLe3L9w9PODh6QFHRwd4erohOioUsVLqISl59KAGWbm5qJgwBpvWfYdzh7fhyNYfcOC3xTi6eQ2aj+/Dif1bsfOX1di4ZhWO7tqMlgsn0HKxCVcIlG5dbcZjAqpXzx/h9YtHNH2Mp49a8bD1Dq5dvoBzp07g1MH9OLZnF+1nrxAjZfmGSwRfVwmyWm614MTJszh5ognN5y8JO3L4NH76ZQfmNa5Byfh6JGsLIeGK9tSYh4TJ4OEdDhfnALi5+MHD1QcSCfXMNPkE8RnITstEYKAEURFyFBaMQ8PinzBu3DQU5BQhNZleeIp0Ah4ydRbSCLRSVbRMlS5qASbKCBbidPlYSqkaMokCUQRZYcESESqMpmlyXAIyU7TIIHgqyszBlDGjUZSVhwxlKuJZwiEkGlEES2F+YYgJjoBKJseYvDxMLB6FkowMlGdTh4O2zUvNwqhMAjvaTkXwx2HIRIkMhakaaBOSoIyVISFKCjV9N6V8AlYsWIAZ48swrSQXU4tzMY7+1zPKxuP3dZtw6eJV3Gt9gOst93GKAGvvoWM4cKwJh46exeofN2FCzSLUL/sZ3/2+HyfO3sSp87ew5+gVHGq6jtOX7uD4uRbsPnYdG3ZfwC/bz2P97mZs2duM33eeRsOyPzCqtA5JidRQaPOFtyomIgkxkfwekIoQYYKMPVWpAqTUqiIkK4uQoi6GWj0KGnU+WQEiIgla5dl0PTVw8YyBPRfUdYsUYMVJz5z8zCEzLnvDidiG5rrReOz96d3fDL257AlBR08CCNZ96kywwaVvOvYcSpBjiPbdBhOA6SDsi456IheJk7w7dx9AwNFLeKLatY0kZNmF9mSfoOpf/2onQOs/BFc604HWZwxWDFos0dChc5tcQxeR2/VZu460Pw7FcSixn8iz6jXYTNQQFB6rgea6UFRfE/Qk8OEEdx7tx6HCTnTu3QYYoSsLX/Y1Fl4rNlEyh2GLRwX2Ga6rg8ihQto3w1TX3kN18/0YRgxFbcTuA4zpsxF6DDIRYcReA00IxobSdv3ENWjfqSe6cf4Xe2v666QehnKYbqgFDAhM7OhexOfMgGrMEmTX/Ijv9lzHzjMPcfzaC+GVYnBiXay7Tz4IWQYOD4qcrMf/eLKuPyDAuvsaZ1pe07aPsPSPC6heeRCyggaEJk+ApbsEwy1cYGTtKcJ7LM/A9RRZwoK9VX0G8H0dhp59dNalz1CCUEOR3M/J+SyYyveeS+HwdeJ6gjy6cLiFHwaZuMHA2hcWnvEwcYrEEBN3DDRxwVBLbxhaB0GfAMzAOgz9RngSPNmhM4eT6Tp00jNCB9bFIojrTPYFXa92nbrjM+Gp7CnCrhzS5WoAHG7mkDFXBGBPadd+BH4DTUUxaR6gMNDIiUDPC+YsSOotgWeEEuFq6hCOyoJqYga006gNnJOF0hVjUbg0B5mNKjIeYZhEcMTSCqxhJSGoiiKoihJgpZgd/TdYcY6VuiFOhAnV8xJEvhVDFocFxShBMjXtK1XkaRHIkYlRi408epG9VynCg6VdpBGJ9P96+PwAHj7fhycvj+LV63MEWewV4gTzB22J4y/aRvy1ySsIeHol8qj+/swer4/P8BdrYH14KmQfhIbV+7vCq8Q5Xpxb9epNE4HcMQE2T57vJrDaRL29b3C5ZTku3V6Na3fX4vb9TUTqW3DvyXbcf7ydpttwh+Dn3sPNePh0J217mCCMAOzFcYIwArCXp8TIPgGK4jMXXebjnMGL1ycIzo7QNkfwmKatz3dRr2AL7j/dilayu0+30UO7RXitLt5Zh7MtP+PI5W+xv/kr7LuwBHsuLMLe84ux5/xS7Dm7FAfOfI0DR3/A+g0r8fXqFWhsnIWpk8tRUkC99GwtcjK0qK6agq9WLCP4WiVCgEsWcM7VApG4/tXSBfh2ta40zprvVmEN9YwXzpmF+TNrMauGh7PnY3QOgVpaMvXIldQYxCA2PAiy6HCokoiaVQrExcmp50qQJSwFmRl51NjRQ6VSUW89BurEeOoBazGFeuOza6aJ0MfUirGorxiNMWkyqGP9kaeUoihbieKxOaiYNAZVUyswYXIpSssLkJWlhqurIwb36wO9Hu3RX68Thg7oAluDngi3sUBxRCxSLE2QR+CywMkGq1wcMNfZHuNHGiOt/wAk6/VDlPEI2JobE8xYI9DPg84rCCWZ8aguVmLJtFFonJyF8rRQlGrCUZ4ei1HqcKTGh2Na7SJq9BRIivCELMSboMoYbnZmiAzwhLuDNfw8XUVCuycBoD2BlpmxPmzMjKA/qD8Mhw6EJQGUu7Md7G3MYUPHH0lg6GBtBjtLMxgZDoGttSmcaT/W5oZIyhyH9MJxcHN2hDJ9LJxdnGFG+/L28UX26Knw8XGHp4czvAiSfNyd4eftLvSuUlNTaBovvFJ+/gEICw+Hn58vvLw94eXlRWDlCGsbaxFCDAr2R2BwoMjDYlX31LRU5OZlE4RXYNWSBuzc/CM2ftuIrd/Pw771K3Bs7+84fWg39vzxK379fjU2//ozju/biZsXmnDtfJMYIXj76iW8eNqKl0/u4yknvj+6j2cP7qHlxlVcvHBOhAsP7NqGY/t30LY7cHDbZpw4uBtnTh7G2TMncOb0cRw/dhLHj5/ByZNnCLBOYdfuQ/h13VbMnP8NckdVIUqSSr8nRsggsJCoqwtBpIMfXJz8ERIUC5k8HT6+kUL/igsNS6Uq5OSMQvGYasya9RXGl0xAcV4pCrKKUJDB+Vd5BAy5SNUwAOQSFKRBJlNCGpsEuSxF5BXFSRi4WLw1AeG838AoyKSJ1EnIRRq9QFnOoTQvn56PDAIyGSKCIwnEohAXFQV5TAwigkLovxKN/LxCjBs/joAsHVOKSlBZUobK0aMxvpBtDMbkj0YGhxazC1CaX0wgloNRmlQkx8YhNjQCwV7+kMcmiNGNY7NzMLGgABWFRShOS0cm/d9KaPvfCLTOX7yJhw8f4/Hzl7h+q1UA1+17j9B8+RaOnr2E4+cv427rU3pvPcPdB8/w+MVrPHz2CtdvP8bZq/fx55mb+H5TE5atPYpvN57EkjV7UTN/HTIKpiE0lK+Niq5LMmIFdMpEySKWZEhR5SMvuwxZaaUozJ2A7Ixx1BFj/bICpKSMQqwsm+A4FTGSNEREa+HuFyfCgg4EWCzFYEsNk7VDsE7Y0cpbJyfAoMXJ4OaesHEKFaMIOZeIi/NyQ9udGsmOvQ3acq90ulAMW+0FUDFc9MKXnQkuevRB56490aVrD3Tq3F1AEkMWw5Vu2vEf79W/vxCwJezfn+sg67MvRFiRk+Q/ZyPA6tRdBy8MbRyGY6D7/EvO0+ot6gCy5633IDPoDbUS58meF4YrPneuR8ggxg203mBzAV59ueZgG1iJ8GdfI3Sj7zv1HCZGKHJeGYcIu/Y1EJ6sHiw10EtfKNZ37DmIgESffv9gEaJkzxYnu4vyOV36ivPrpjdYwBd7w3jKSfN6tH/2BpnQ9faIoIZ44koUzliHFX+cx4ajd7Cv+TFOt7zC2dscKuSE9/ciof1TuPB2mzFgcS7Wpbtv0HTrJbacbMUPe25i8rIDkOcvgCRjOhz8EmHuFIQRlt4iyX6EpacQVh0wzBJ9WOiTxVDZs0cwxV6sbgxbDDFcvJp+u4CsgSPoGunqDHItRx4cwJ67ASbOGGbtD0O7UIIpX1HzcSgn0hOwG9kFk4VgsJm/AKw+w5zRx9AJvQnQOvXjECuLtBoLD2QHEVruKzTRhNeyQzdRQonhmqU62nOouXsf4SEVuXF8frSP/kNsdAWjTXV1DC3sA2HvHQ2P8ESEJGkgH52OrBnUcZ6Xh9IlRSj7qhRFy+m/zlILCxXQNCQI7xN7spSzJWTRwlOVMj8OmgUyaBvltB7BU2MSTZNFkjwnvac06MKNPFKQxUhZOyuLNbYWptE0HdmLM5G1OBvZS7ORuYQ6R4vThQZX1pJU/OvW46249WgTUfJOPH52EC9fncGbN1dECO/9+1a8e6/LZ/rwdz7TU11CuUgsf9hmrWL03keeMpy1JaW/e8d5VVeEt+r5q6P0MjqAB/8fVW8dXlWWxO3ONz3djbu7O03jJEDc3d3dlThxggQNDsHdgrtLcA3B3aWBVtpmvvu8t9YKM8+9f9Szzz77nK3rnPWuqlq/+lGg5oc9PH+/g8evN1DzcD5X71Vw7f58bjyo5NbTVdx9vpZ7zzdw99lGbj3bQO3j9bK+lUevq3jxfj8vPxwQMDvAmw/HePvxKG8/yUj/h/08e7uP1z8c4v1HgahPx3gt2159OiWAdoKn73dx7+VG7r/ewaN3O3jyfo+8t4+Hb3YLWO2g5kUVV55sErhaQ/XdFQJWlZy5v5RTdxZx4vZiTt5cypnrazlxdg1V25eyZs0SFi8oZ2qx/EknhpOeFCtwVcbK1evYuGkT69aupHJRBQtnTdFSDGtWVrJ5w2pWr1jChrXL2bZpFUvnzWBWWQGzBXCmFGRRMCFRhwsLMxLIToqUUXcIqdGhRIcEyMhVCDswkHDV2UTFEyEdTrSMzJPiEqXzCSHE11s6jViy0zPJy8yjJCePgoxMppWUsHD2DKYVTmSCwFOUtz0B9ia4mo3Aw8aAIC9b2Y8viUkRpMiI3V/gy3DkYEYM6EK/bq0Y0LOdwEwn7E0G4eZkRf9+nRncsy1j+rcjwrgvUSO742vcj0h3UyJtTAi2sxEwdJMOwE+ff7C3M7nxfswvjGNGZjDLpsYzPSOA4nh30oIcyBbAivcy1R6R3Nx8YgIcCXAyxdF0NKaG3+NoaylgNRZzYwPGGozAxcmeEYP6y/n1o1/3rvTs1olunTvIUs5rYH++/24AQ/r3ZtT3gxnavy+D+/SkU4c2DOzfi4EDemE8dqRA1lDicufhIx3mYIEyc2f5gTrKD3XsCIGq0cSmFRIo99rO3hIHBxtiE+KZkJtDQlIi6ekp0oknaFhKTE4gOTWVqNh4vH0DdK6Vra2tgJeFAJgFHj4+eAUECrC4ERUTLZ9NJjU1kYUzS1m/ZCZrF09j+ewSNi6azIkdq6g5c4CH16u5efYwl47u4vLxfVw6dZAbZ49pzatb165wp7aGX3+Swc8fv/DbpzcCWmKf3vH+9QtdJPqugNjVyxe4dPIwF47t4/zRvdw4d4T7189qfa1nD25w7+5tbt+5w8MH8vnb97l6/RYXLlxj997jlM9ajr901Ebm7piaqLCok4CjPePHWWNhYqtlFEIFkiwtBLAEgpwEuIyMHLCwdMbCzJHs7OlMKZlFTEQME1IymZhRSH5ukS72nJ6eT2RkOgF+UXgqeHBVM+NCxMLw942QNh6Mva0n1hbOsk87nZOVrGYGhoYLfPlp762qM+gpIGVrZoudHM/T2Q1vVzfsrWyxMVcaaG4a0txVrUSPIGmDyZTnZrFoShmziifLACZNfk+R0u5lBOofTFywjD4Dggjx9ibcT4DPyVUgyxwHUxv5Tamiz8laoys7QX7ncSny+4umvLyCXbsOcOHSdW4/fM6zFwK4r3/gxdsf+eHDbzIA/EPXJvz9r7/4+z//loHn/yP/o/9XBph/yf/gH/Lf9CtPXn7k1JUnbNh/jcqt51i07hT55RtJzJgug6gYrK298FLQKfCqZg2qhHflmVLQ5OIRja9PAgG+iQQIWPn5J+Pjl4CreyTGZl6MNXbDwMiNcaYejB7nwjADB4aOsaurQTfKioFDzXV4cMhoW/qqHKzhFlqWQYUKVQ0/5XlRITUFI6rUTCvlEVIhnE6DdRJzk/b9BbiUoGRHLVXQoLFKblczCRvqWX8NGzelacs2NGvRhgYNm1KvXp346L++lMjRYcEv0KVh6ys12/D/L+/wPyhTuliNBbAaNNfejm+1/pSSdmglnXNzmrbqrhPRtadK1RjUxYUH65p3uuizWJO2vbUQaTNZtlKz5lTIquN3OrTYqGVPGmjrqgGqoVgjnevVhXrN2muYUuClQErVXGzQ8suyeSft4WqiQqgCDK079qtLlm/VmTZdBunPqBCims2o1lU5GDUzs7/cf4fQiSRP38XCHbVsqX7G/qtvufrkVw1ZD3WY8G9e/lSnj/Xy0596BuF/oev5x7+5qwDr5WeO3fzAppPPmLj4NKF5a/FLnasBq99wc7r0UwWVR+r8L13+RyWxqzDhF8hq3rprHUwJYDVXniy5noZKX0yp4XfsW5ff1msEnQVm1CzANj1G0E0AUWlYdewzRmuLqYLN/QS4FGz1GWZNv1Hy32wbSa8RznQdZEaXgWZ0GmBGm77jad5tqH4O9QVKG7WtU3pv0KRdXa6dmo2pcu9UO1HL+k35V+MW2quo77ucY8uOA7ROmQK9bjIo6Pu9qVbqHzpOjmnqjKG1B9Y+QXjEhhFeEE3GkiQmrk0nZ3USmasiBLRCSF4mv3XleZqvVNt9xbyIWRpI3PJQ4iplkCjbE5bLIHhZhMCS9LMCSNFLw4laorxTYYQpdXiBqsRlsSSviCdpRQKJy+PldSLJq6RfWJVM0spkYpfFC1zFEi/b/vH47UGeCJg8fr1P4OUoH366wC+fb/P7H4/460+V6/SGPwWa/v7rjay/4g+x3/98zh9/PBV7qGFM2V8qbPfXQ9l+X7bf5tfPtWI3+fnXq/wo+3z74TjPX+/l4Ytt1DxazZW7yzh3awEnr8/k6OWpHL1SzvFrM6muncep2jkckvVDV6aLzeTI1TmcqlnIpXuV3Hy8gtonq6l9up67LzfpXKmbz2R/D1Zx8e5qbjzeyO1nm2X7Zm493sadZ7uoFUi7cH8JZ+8u5dLDNdQ8WSvgto5bL7ZQ+7yKmmfbuSHLq483cP7+Gi4+WMtFOccLjxVkLeTUrYUasKprlnP8XCUHjqygatsyNq9byIJZBWSnxpKZmsKksnKtgzVPgGbOjMmUFmQwKS+NRTNKWb10DssXzqRyfgU7tq1lw5pFzCjNY4lsm1WcRX5KNCVZSZTmJNfBVXQIiZHBhPh44O7sopXFkxNSCA0MJSQgQEb1IQJXMeSmpzKzrFiOlceEVGlQAleZaVmU5k4UeCsTeFNFdicyvbiQKfmZMmoXsg70IcTDHm/bsXhZjsTDehRWYwdgbfwdTqYD8bQcgLvFIAGUbowc3B9na2Pc7c1wshzPmCF9MBTzNBtJkocBIdYDcTfsKZ3SEBllG2Fna0xSuCdJQc5MiPAgwsuaouQgFk9KZGZOBCVJgUzPiWTyhBCKEgOJ97HC18GKtMxSAlxtCHK2wNvGUDq4kZiPGyGdiCeD+/YWUOpOnx5dGCTQ1KtrR4aqsKBYd4Gszh06Mlqg6XuBqubNGjFkQG/GDB2EscFIxo0ahpmRAc42Zoz4fhCWRoaEBQczac5G7B2csLaywMnLj4iULA2xAf4+ZBSWM7F0KgkJMdKB+Qs8eREZE467uxuRUWHExsfi5euDt58vYVGRePsHahFRL28fwiKjCQoLx1fAKigkAr/wKHwjoohPSSMmrFN8tAAAIABJREFULp7MzDQmF2bJs8hgiYDW1EmFTJ8yhWN7qqi9cJyas0eoPrKfqycPcPviCS6c2Mepfds5d2Qvl8+d5f6tGt6+eChw9ZKfP77g5x9e8tMPb/j04Q3v377k9asXPHn8SGDsIkd272DrGhksHNjG7fPHeVx7kRcPa3n1/CGvXj/l1cuX3L3zgCuXb3L1Sg3nz11ky5a9FJTMxzckWa43RDr1QCzkz8tgjJX2YJkJZIUIYNk7eGIy3hJLEzvGGFoxdqwFRgbGAlkOuoZheGgSob5hJEYLVCZkkJWWQ2LcBPz9o/H0CNVK6HZ2XjrEaC9LF2elcu8trz3x9w7G3ysAP+9ADd5pArBKODQ6OEqAPRhXB3dcHd2lTXrpnCoTI4E/U9v/ebVUiNFZ9uPi6E2wQJK7o6eWd4gJjiBJwC9OifIGhGo483f1EJDxxNPFQxeSdrN3xNhwHJbjjXC3syPQ3ZMEGczky/lPnJBLatIE4qITKJ8yk+MnBIbvPeFq7RPOX7nL7oPntZjry9cf+OXXP/jh59949f4nfhCgUjUK3334VXuw7j39IMufeP7mR6qvPmLTrvPMW36EoulbyC5aLu0nQ+DSV4cElc6Vg10Attb+8hz8sLYLwsY+CEvbAEzMfDAx9cbU0kfPEFRgpWcHGrky2siFkarQ7yg7Xe6m72AzHRpUU+/VVHiVn9PiSwFeNU1fJYKrHCYld6B1pLrWJXM30h6bHtRv1VOHBP8lneFXAjYqP0olsKsZgV/Xa0h9Aaz6DZrWKbI3aKxV3BuINawvS+k0tXio6kC/5FepsN//+aqenk341f8HvHRZHeXFaNCChk3a63I4Ks9JdcY66V0gRsGLUlhXocuGrbrq2X+NW/ekfnPlZerCt/IZJWKqvEzNpWNu3qFOUPQbLXDaVq6nq8DiQO3pUtvrNa/zTn2r9Kya1NUWVDpdykOljte4RWedCK9U35UHRuliqXUNYrJNJfwrmGrbdbCe5diq0wCdv6XES1vrkOUQnfCu8t16DzVlnGM4QVmLmbjkBGuOPWTLmaece/gzV5/+wt13f2jAUkntr3+q08hSye8vP4l9VHlaSqbhM7WvPnP67ie2n3tJ6arzRBRvxCWiVGDDj94Cy10ErDr1GakT3dt2GawT3Zu27qST2ZvLM23SvANNWqjz76DV6BVcKYV6XTNSgKatQKhK2FeewZaqnJACLWkzbaXtKGX87v3H6RmZqpxSr6EW9PjOks4DzOk5ypmeQ+3p/r2NmK28Z0bbvmMFsgx1XlXbvmNo1XOELrat8ucaqnw+eTb1GrWQdtToS6mkpnwt60rOo2HTTjpUqMK9Kg+whYB/m25DdTvuOnAsfUeYMsrcHmP5jTsEyGAkPpyQrEiiJsUxYWkipVuTmFIVT+mWWAo2RZK1NpIJq6MFosKJrwwjfU3MF4sgY42A2doEMsUy1iaRslqBU5JAk7xemUDqqgTSVst/+PokstanymfSmKBs3QQy1mfK6yzZT5YAV5qAV6oAWCr/qH2+T0DjADef7OXu8/08fXOM1x/O88NP1/nxl9v89Os9fvz1IT/+fI9PP93hw4+1vPt0XYDpEm9+OMNbsfefzmow+/TTRX748RxvP53i3cfTvHp3Qv5IjvDw5X5qH2/hsgDQmRtLOHCxgm2np7PheBmbT05my8kytp0SO13GltMlrDmey4ojWaw8OpG1J4qE0ovZcqqIveenceLGXE7fXsS5O0u4IMB19u5iDtfM4+DVJRy9LgB0U0yOcbJmBadrV3LmViXHBdiO1sziWO1cTt1ZwEWBrauPlnHtySquP91EjcBV7fNtAmobxDbrPKy7r7Zx41klV57MFShbIOC1lIu3l3D68nKOnNzA9m0rWFU5i6nFE8jNSiEna4JYNjOnK49VKZMnZlCancaMokwBrBKWz5/OkrkzWLt8kUBWOfOn5VMxKY/F00uoKMthrtjMkiwZLQttC4WrnK4Ab0/p9MW8/YmNjpGlHw6OLvKeDwkxUeRlpFJeWkyFHHNyUYGs51KQrTrsGUwpKaMoN08ALI2KqVNYJNBXmJlOUVa6jOqj8HcXaPNxIcjbAX83GzytDfAw+44wZ0NSQ+wJchqL4dABjB8xTDoZV3wcrPFztMDB3Ag3KzNSA13JC3Mgyt0Mf9tx2BuPws5oND72pmRF+jA5PZz8+AAyBLLyE/wFqmIoSw8iI8ydlEBHOYYLqcHuBDmMIywkmoDAcIyGCKgZDMHNfAzO5ob4uNhqb1Xvrh3o070zvXt0o2+fHgzp34cuHdowbFA/+vbsTvu2bRgssGUybjQjBazGqfwpO3MszY0xNR7HuDEjMDEYIZ2og9w7RxIFQGcs3oyfn5dAkHTmgYEkTsgmNCxITDr15DSmzl9GVlamAFYgwaHBTJiQRHKKKoTsJZDgT1h4iC7uHBkZQkxsNJHyfOJSUknNnkhodBzBYZEEBQlIeHjj5ulDYGgo7vLd7IwUls2bxoKZRSyQNjBd5eMtnMvRXVu4dekEl47uYNOKZRzfvZNrp47Ieye5eOwgV+S1mhmowoQfXz3mx7dP+fXjO355L3D1+jkf3r7iw8cf+PDhncDWO968esKJo8fZtmETR/Zs4+qZo9y7cVHPNrxbe50H9+9qwdLbt29ruLp48SrVZy6wZ+9RFizdSFrWNOno07BzCcXM1hNTU0fsbOq0qgICIgSQAhg/1hJbCwddH8/NwQN72WZjak1kaDLl0xbrkjdh/uFEBMUSE5ZEVEiingnn7RUu8BSGp3uAhiwHBx+BCG/tvVI5Ryp3K1y+56tztAKIC4shM1F5kORPKyKW2NBIvc1BgMrSxEZAzxbj8dZi5hiOMZKlFWbGDhgZ2+HkoLxbLljIerD8AceEhOJs68zUwiKm5uayoKSYtQsrKM3L1zUQw32CdajQw8ERdwe5NlML7MysSI1NJis+Tn5T+UybPJWKmfNYv66K/ftOce7MNW7UyL188Exg6wGXa+5Te/cZ9x69kfde8/DpO4GpTzx+/lHg6gduPHjL7Ufvufv4HVdqnnLw+HXWbjnG9AVVAljLCI3KFdD0Flh1wUzMxNRd2rEHpkZujBeIMjH30jMCx5moSQHOjBEzsfDGUiDM1NxHQMuTsSZeGJp46LpuqhxOj37GWt9IzQzUApsCFk2VN0rNnGvZXSeNq5BQR1X6pHOdB0uJbSp4aSRw1aBFd75WgFW/Jf/8pjFfqRyrb5TsQl0Olcqn+lrPCmz4v1mE9b4Ue66n1dmb6HqF/9JFoJvrMJ+aLfjPb5Q4aZ0nS0GW8oD96+tGsr1JXV5X824antT5qZI9Sky0Wfu+tOpcl6yucnPaKw+LChV2/E6ura/2Mn2jks7V7MPmneV7/XTie6M2PXRoSnm+lLyE0r9q1XmwwNYgGiuvSiulUt9WQ5VKqG8gHXxjvWynayA20rUP29OybW+Bkp5ybp31+41bCrwJEDTr0Ecn3qvEcSWN0OyL5IMCLiWRoIQ8+w01EyDwxjdxBonlu5i17TrLD97lyM130sf8pDWunn/4S3uulGyDAqyXXwDrxcf/8Oj939wVwLrx7DPn7v3CrguvmLz2spZqcAgr4nsjLwYZ2NOtn6EA0kg6K10ulaDfUZ1bF9p37UdDNSGhaTu5F23k+tqJddDXqt5vrGcS9tV1GFt06quLM7ftOZx2cv7txVQ4sFN/Qw1XWsZDoLyLgGOnfuPpNsiC7gPN6TPMln4jHOkywITWAustpU216T2Wlt1H0lh5QTt/p0O0zdoP1IKkCqAaCNxq06FWaSf1G+mySAqW1fPU4cI2PTTcKo9lW63dNZoeg8bxvYElY2SgNc7ZA9eYULmvCWQtSSatIolpWzJYejiVRfuTmL8/mZl75L99ZypTtqdQUpVEwZZE8jclMHFzHPlbEyiukn5brGRrhmzLJF+sZEcmRVUTZD2dwm3pTNou71VlU7glm/zNOeRtyiVvs/S1mwvIXl9I2qo8UldmC4xl8o/L97dy+eEurjyqkuVmah7v0KD18NUpga1qnr25IMtLPH19mSevrwgsneX2s+PUPjvCjUc7ufpwI9cfbxJA2ybf28X957u582wrt57Ivh5u4OrdzVy4vZbj1xez7+I8qk7PYu2xaXLBpczbXci8XYUs2lvC0gMlLN5bSMXODGZXpTB35wQW7slhyf6JLDuQz7L9uaw7Usz26unsvSxAdW0uB65WyOu5bL8wlx0XlrDn0nJ2X1zCzgsL5VjLOHB5kdgMDlyZxqHrM6URVwhgzeXCg/lcfrREAGslN19sEpiq4vGbHTx5V8VTsWfv9+i8rEfv1nPn1SIB0KXUPl3BjYeruHKripOnd7J+7XwqF0xmwYwiZk8rJjM1UQAnjfycCZTkpVOQkcR0AaZK6UzXL1/AqqVzWV25kOWLZ7F4VhnzJudTXpDO9IJMZpXkMG9qAYXSiadFy0g9JFBG8N74eLrj5e5GgE8g0dJhB0tnHxkRSV52NpNLJlE0MZfEmDiSYuJJik0kNjKeCamZWqYhJSGNjOR0cibI+eQXMnfWDKZPKiYhPBQfDxcCvNxJiAiVDtCTQE8nksK8SQv1JFWWWfEhRHjaYinAZGdiTICbC562Fvi72OFhZ0l8gCd5McEUJQpcyPcz4mOZXprPwqlFVM4qlmtKZ05RBsXpkcQHuhDhZk15djTzi+Mpz40iJ8abQLtxhLtZEOnrSWHJXAI8nDAf/Z3WuzIZ1h9ni3EYjfyOXp3b0adnZwGprnRq34ZWLZsJWPWnZ5eO9OraHvOxIzEcNZSh3w3A2sKIsAD5kQkM2sv5OtrJ0sYSO0sTIkN8yREgTU6MJbNwFvmTK/D38xY4ipJ7GkyqwJNSfle5VUbGxiTllpFbMJH4hFg8PT0EqnwJDPTVWlbucq7p8qxSUuNlH+7a6+Xn5yff98M/WDpwN08cHd1wd/fCUwDZ2ckRZ2d7OR8reY5+TJPnPbk4mxlTC5k5rZRjB3dw+fQhTu6v4ti2layvnM+RnVu5cGgXz2vOU1N9lAvHDvBAAOnZnRpd2Pn+vdsCU0p89L3A1kveK8iS9d8//8Svv37i9euX3BF4enTvLheqT3Pu5DGuyvL8saNcrj7F1UsXqLl+jVu3arlx/SaXBLBOHK9m67YDzFuymQl5M/ENzcDGJZhxpk7YWLvg5uIjwOKOq4svXp6B+HoEECEgpAopK1mGCN9QeR1LWpy062kLmJg3RdpxCEF+kYQGxxEelkyoQFZQQKzchwQ9o9DPW+6Xgz9O9j46tOfh5E+QTygRgRHSRoMI9w2W9hhDibTj7IRkYoLCyU6bQGpCCt5u3rou4fjRpgz7fjTfDR7ByGGGGIw2Z9xYG6zkT9fVxQsrc0eMDC1xEtBysnLUEg3G48zw8/Bn/owKGQDNYbHYuiUrqZw5l7z4BOIFxALl2dlIWzAcNRYPd1+S4pKlXbng5RFEYnw6xUXT2LH1AEcOneH4yUucvXhT7BZHTlxlc9UJjpyu5fyVh1yreczNuy+09+rZy088fP6BWw/fcuPOK85fe8ruQ5dZteEI5XPXEZdYIm0tCXfXYJxsvXG09dLJ/65OSpYhEAsrXyxtArC08teeLFf3KGxdIrByCMHOMVRvM7IQyDL1YegYJ/p8Z07/IaqgrxU9BhhLx2tM1wFmekZY/+G2DBxhS8/vjHXIpfdgE3oNMqaHdJ7dlLehx0jtvWgmMNOi0xAaC9zUb9lNQKsN/2rYgn/Vq1Nnb9CgKd+oeoFiX6lQ3//5ps4jpeDpX99qT9dXKvSnFN+1SQdar4VWgP+nANU/1ffUbEMBtP+j6w421vpXWiW9SXvtIfq2SQetvaVycRQoNdWq6XWFg3WNwXYD9CzI5jrZvS+NVFkfNfNQq6y30eHMpu166zBVY9mmRFK/adRW77Ox7EslXzeQz6jQ47f1mtGgUUsBkNZaELUOPjoJUHXS4UmledW0VQ8d5lICqXVyFa00sCiPlZqJ2LrLAK0q367bYF3Wp0P37+nSe5Tc27ECQHa4RBQRVbiO7PkHmLvjhoDSC6q/ANZTFSb88UvO1ce/BLj+5ukXU8Kkt1/9rgHr5K2PVFW/oHBFNZFFa3EILWaIkbtOAO/Qc5iWlejQ43udx9S++yDtverYtb+cb1s941OBVXMBqgZNlASGmjzQQaCnh9zPvlpMtUm77tqL2UbJXPRXuVamdBo0nvZ9VQ3BMbrUjko6VzMLu0q7UZ6sntLW+g6zF8hypOtgK/mOlQCYJW37jKdZt++1qns7lZvVSdqUPDedSN9tOO171JXMUTl+dc9GIFiVVVIJ8EqQ9otyvs6DU+He9j1p03WQXOMYPVFDhblHmjhg4uSBZ1woSdOjKV2bTfnmQpYdzGbbhXQ2nMlk9YlcVp7IYc2pPJYez6HiQAZTd6cyaafA2J50Kg7lMfewmCznHMhhwZEcFp3Ik/dzmL4vjxn785m5byIz9k5k2q48AbUCyrYVCJgVUFBVJJBVSva6IjLXFpK5roB/XLizjov3t3HxwWrO310sr1dzSUDr6qPd1Dw5LCB1Suy0wJT8QT84xsV7+6i+s51TtwU0bm3hWO0KjtQs4fCNhRy/uZjTNUs5dWMxx64t4sjlBRy6sojd5+ez6dRsVh+bQeXhqQJXZczdW0rFriLm7Chkxo4CZm7PZ45YxfZcZm+fIK/Tmb8ri4V75UYcKqDywETWHCli3fEytp6pYMf5eWw7O1tei52dx+azC9lSvYiqswtkfb5e7jk/l70Xy9l/ZarA1VSBq1kCVwu49nghN58tFXBax8M323n+wy5ef9zFhx/3a1Niox9+OcH7nw/LyGEzzz5s4vG7LTqH69pt6fgu7eLAnpUsWzSNBbMns2jOZGaWFZGfkU5WagKluek6/Ld47mQq505lwfRi5ghAKU/FuuVLmF2WzzyBMhUyrJheKkAmtJwlo/OoMOKCA6WD8dKaQ97u3gT7hRAZHEVCdCLxUQlkpsm+p5UxtayY7MwskhLTSFI6WckZxMYoodFIAgPkOzLqT4lXwqGpFAhwTS2bJDAWgZtAR5BATVKMwE9YCOEBPiSHBzAxPoz0cF9SQn2ICfYh3NsZd1tLgr09CfFxx9fJHj9HB2J8PYj3dyMj0o/JmTJKiPAnPzGIVXOKqZxRyPI5hSyYksm03AQivR2IC3AlLyGEReWqRmIKUyamkxkfSrSPE+GednL+6aSkF+Lnboe54QjMDIbiZmNMdJCHFjxVeljDB/dn8IDeDOjTk0EDBjFgQB+6dukgUNUPL1dbnVdlb2uOk8CPk70l7i72WFua4u3phoerI/HRgYTJNSUoIdjEaGYt20Jmfime7u5ERUUIZIXj6+tFYFAgrm7uhISGE5NegFdgqBY0DQryF8hyIzQ0kKTkeMIi5L4JCCvPl7WVJbZ2trjI91xkfwqobGyssbFzwNPbR7bZ4Cj3ztHJlvBQX+2dTAgPZMakPKZNLmb+vLns2SMDlXNHdeHnfZvWsHiODAa2rmbXmqVUH9qt7cTeHVw/e5Rn92u4UyNgJPbu5VM+vXnBz18U3t8+f8zPP8j6x9e8ff1Uhw0///YTN65d4eg++d0eOSQgd5JLYtfOVXPn2mVqb9zg/LnLnKu+yMmT1ezYcZBFSzZSVr6E9JxpePnHCnDWzSQcM8aC4SOMZSnQKsAV6B1CauwEUhInkCBwnxKZyATlaUrJIjEug/yCGaSk5BPkH0l4SAJx8dkkJOVqyIqKSCE9PouQgBjt0VL5WB5KUNTRCy9nbw0/nk7eeDq4EeLhSbD8FrydPQWobLE2t8fJzhUXWzeslMr8yPGMHDqG4UMVZA0XwDLDzNSR8eNtGTXSRNrMKIYMGkX/vsPo3m0g/fsMwWK8BREhYTrZPXtCvjyXdKID5U85r4S8tBwNdgnSDpIjYwjxFXixcSVJBi1FRcVYWTszWkbNlhYueHiEMGfeKlat2qbFR4+fvMKBwxeZWbGepav2cEhg68z5Wq7ffMKbd594//FnXr37kbuP3nC59gVHz9xhz9EaVmw+RdHk5SQmFBHoF4etjYeAoQu2Vu7Str0E7AOwtvMXyAqVNhWMg3OUWCR2ThGY24ZhbBHAeHMfxpl5YyLwNdbER6uzDxP7bpQLQw086DfSiQGjXekv632HO9JtoDmdtFq7oa5ZN3C4pS76q2v39RyuBSIbKVgR+1ag5OsmHXWIUOfI1GukQ4EqDNikaQttzZq3okmT5tSv31hgqS6p/Zt6Tfi6fjMtFKrBqkFL7SX6tkFrvvq2mQBYAw1WX33Ju/qnDhfWl9cN/6cvpQBJhfe+bS4QIEBQXyWVt6wLHbUQoFJSCy20N07gq2UP6YC76ULDqn6gTlZv0VlLKdSFGDtqqGrYStVV7PIlJNiBhs076nwrta5mM6qZjN82aKplJ+o1bK09V42ULIWaxfjFlPdKAaBKcG8ksPJNgxa6kLXyAKnjNlEz9doLbHXqR8eeQ+jcuy4nTAGQoWM4fulziSndSPmmS9oTdbz2B2pfftblc9RswVc6PPgnTz78qUvkKEHSuwJgN1985vrT39lz+Q2rj9ynZHk1iVO3Y+WXzaCxzvKcBWwGGMqzHE+HXkN1vlWbLn1p2kZJM/TSINikpQCn3ENlCrAaNpfrEMBqosKHAmRq2bBVZ11Mu7XAYYc+owSMRuhajm26DqkDI4Gi9moygar5OMS0DrC+N9faWD2GWNNtiKXOw2rf21gDVof+xnQcaEIn9V6fcbRTNQnVTFCV8yewrOo+1m/aST8n1cZ02SR5DlotX6BWQW6dLEgnmnVQshl95fqG0UsNEIaa8d0YG8aYO2PlIf1mhgzEFqUwc6v0w/snsvtKHgdv5rL/WgEHbhSy71oh2y/ls746l0XHMph9MI3FAl9rzhWz5mwxG86XsOliPluu5MuyiDXVhSw6rqyEhccKmX+kgFkHZIC8d5K28j3FlO4qIb9qEvmbZHC+oYTcjSX84/KjLVx9vI3L91dw6d5SLj9ayfkHYvfXCnRVCWwd4MrjEwJW+zldu50TNVs4eH2NnOgKDlxbKSe6WE5+FjsuTmW32N5L5ey5MINd52ex8+wstgsMbT4pcHV0BksOTGbBvkksELiav7eEebuKNWTN3lWoQWv+rlIW7Slj0b4SFglYLd6XT+XBEpYflos+WsL6Y6WsPzmFLafnsq16HlurBa6q5whQLWRT9WI2n1mk399WPZ+d1cqLNZ8DV2Zw+NoUqm9P5urD6dx6spC7L5YLWK0WaFovo4PtvPtpP59+Psgvvxzlt99O8uvvJ/nl9zNiZ/n463He/3qEHz5X88Ovp3n8Zi+Xa3awdUsla1YsZPnS2cyfXUZZQTYTJ6QypSiP6aUCiZPzmD+tgCl5acyclMO86ZPYsKqSlYsXCHjNZPXKSiqXzhfwKtb5OEWZCaTHBhMV6EOQty9ebr5aODQsTDpyvyDCAsMJ9Q/F38ufiIho4uJiycstYFLJZLKycokTuAqSTkF5u2IFxsJDoogOjyUrPZvM5BSiggMI8fYg0t+XiKAAQv38CPf3I1qALj9VPhcTQkKYn3SSQQS6uRDk6kSgqzPBXu4auKL8PQjzcmWCAFVqqBe5sQGUpoYzLTuamRPjmCvwVJLsT1l6APOK4yhODaU8J555pZmsEAidUZJFbko4OcnS2brb425uIPuW/WVNJTo6DkcrI4YP6MWYIf1xsDDC3d4cezMDRg/tz6B+3RncTwCrdw/pKGV94AAsTMdKR2uEvZ0VFuYm0kE74uqokrCt5N454StAFBLgi4+nK74CiK6uNtJ5RZCSmsTcVTvILy4hPCKIoGC5D5HBxMbGkJCYiLuHO06uLiRk5hMusGBpbYGTixM+Pj64ubnh5CSvfX0JDovA2d1TOj5nfPwDiJV7nJNfQFrGBAGvAFw8POS9VA1dHh6ueMh5BAd5skRgfN7MKWSkpzJt2hS2btrArp1b2Ll5DWuWLWbJokppHxUc2ryMAxuWc2DLRnZv2sjRvdu5cHQPF08dpubadR7cu8ebF0/46d1zfv34gk9vn/Hq8T0+vn7A54+v5L1Xukj0px9e8fROLZdPndCyDRfPnOT6hXPaC6ZmJt67fZOLF64IXJ3TOUUHDx1n05ZdLFmyjvIZi+WeZcm99ReQdNZFn43GWmFiYo+zo4eWW0iLzxGAVyHxSUwuKCMjLZvkhHSSBLDSBVKnz1gmEJNFVHgKqQJbaan5RIQlC7TGExQYh6tLIM5iTg6+AsUuWMgo1NrCCVdnL1wEohzN7QSilFCsmZg5hqOMGT3CiNGjTHXRZ2N533isKebGlpgZW2FoYIyxsY1OzFdK84MGGTCw3wjGGoxl6NDh9Owp0D7UAHcnT+Jjk/RvTHmjkhKziYlJJTExk4L8aQKJOUSHxMlvMZRA9wCdPG9pZkOBXGN2diH2jtJOBAT9/YMFyOW3WDCdTZv2sO9gNcdOXWPLjuMsXLaVVWt3c+DIOWpvP+fqjUfcuPdc7BWXbz7lzMUH7DpYw7odl1iw5ii5hZUkp5TKbzdZ14M0MbLHzMxZYNEFM3NPDMa7YDBOnoOlHxZ2YYwzF5Ay82e0kQ8GAlTjTP0YNd6T4YZuYrIc780IE18GKqgaKR3vCCf6DLOnS3+lnD2att1VEvR4egw0pktfA+nkBgnA9OIbAamvm7blX40Egr7UGvzqi+yCgp9/au9UPeoLYDVu3FSgqgnNmzWjVavWtG7TkZZtO9O8bTft8WmovUid60wXeG6vwz71v5TLUaCmk93/m/yuQoRqxmCD5jrsphTdFeBowdGGdR6lbxu10F4NVdNQeZ1UyZy2Ai4qIb+5gJbuqFt0FGDorFXY1WxDNatPhZnqN2mnw4TKM6I9XDrPp24/DbV1op6a3abqJn6Ri1DM2rVCAAAgAElEQVTq9A0at5LPyXdV6LFpGy1i2kBApZEKYSnNMNlvvQYt9Xkr6YMmWuqhm55h2Kpz37q6fzof6jv6Dzej/whrrHzSCEibR86CAyzbf5ujN34QcPqVB+//1F4slXP137wrFRpUswdvv/rMjee/cenRb2w/94Il+2qZMHMPiZO3YuaRTl/Zb99hZvKMDek1zFyeaV+BwNY0FqBSyexNlKxEi/YaqNT1KP0y5clSHi0FWo3lHjRROU8aYDtpSG3esT+tug6mmfJste+r1fO1uKvcbwVeyrvV/TsT7cVSgqTqdWdVH1LgSc0kVIKirXqMoXWvcbQfYKoBq5O0wc4DjQTAxtFFlWXqO5aOPUbSXsBNeSVbdOxH09Z1szeVp1BPUmhXB1WtZZCkwp9dZHDQbeBYuglI9httySBDK4ab2WMiAzHP6GBKV0xg3dGJrDuZy+5LeVx8WMqVJ5M5/3AS1ffKOHqziP0CW9su5rLhbBZbLuax53oRB2tLOXZ7Eqfvl3H8/iSO3J7CvpppbL0k/HG2gNVnillxupSlJ4Rjjk6h4lAZcw6UMn1PKWU7SyneKpC1pVRMAKv2ZRU3nm3i2uNV3Hy6ipqny7nyqFIga5VA1kYBrN0CYMe5/PAgZ+/sEsiq4mjNGoGsVey9upRdlwWuLk0RAp/M7vPKpghYTWNH9XR2nJ7J9lOz2XxiNquOTmfpgSnSIMoEnCYJQInJCS0UoFq4Z6q8LmfZwRmsOFzOiiPlrD4udqyMNcemsO7EFIEnAasz06g6N4uqsxXSuBaw6+JCdl5cwPaLi6k6X8l2bfPZIbbnwiIOX1koQFjB6VvlApDl3Ho2m0evFvL03RppuJt48+M23v+yl58Eqn77fJLffz/Nn3+c468/z/GHLvR8WayWz0o/669bfPp8mWfvjnC8eh0rV82XznEtWzcukw6ziBIBqazkWOLDA0mJCSB/QiTTJiYzZ/JEllSUs2nlQipmT2VG+VRdHmdOeRlTi7KYVpjF7JJsynKSyEmKFgjyFEBwx1dAKigwjNiYWMJlJK2SfsNkPS4iTjqEFOmgM6QTSCMsOAw/30DiouO1DlZ4aISeZRgbmUhedj45GRkkxcp+/X1IiowgOSaKmLAwkqKjZV0oPymG9JhwEsMCKcpIITkslCAXR4LdnIkPEVgTMAsWOEiW65qUEUdRaiSTJkQJPCUwNTuBnNhAMsI9KE4LoUIga0l5HgsnT6CiSNV5S2V6XgqFAlWxqtizjSHBTib4O5oT5OGglelTMspwsbeiX48O9OrYllGD+uHpYMnIQX0Y+V1v7MzHYTDiO/r17sbg/r0YOqAP9hYmhAb44GhjyTjDkTg42ApIeeBoa0WQnyfREcEkxUfLfYomNETNBlRCoVbScflSMnkKc1Zsxz8gSIOVEgVVtQrDw8Oko5TONikFVzcPQlRi+oRMQmLiCI+NwtnVFXsnV8YYGGBuYU5wZCShCYmExSWQkJpBZEIyodGxRCUlkpCRTURiEoHymfTcPBJUqZj4ONLSEimfVsaBPdtYtmwRFXPnUlW1jTWrVzC3fLLA9lSKJhZTuWARO9ZUcmr7Go7s2kj1scMCSde5c+UcF04c5PaVaoGrhzy5f4uPb57w1+8ftdL7m0d3eff8Pr//8kHrZP366Z0A13Oe362lVqCq5ly11sl6eKuG54/u8VSA7NatWxqwLpw7z8VzF6k+c579+4/IOVUxe/ZSUtIKCQ1LINAvDDcHT4EgJxwENnw8pH36hQosxZKRlMEkAayy0nKBD2lzmRMpzisR2MqX9clMUPsITtBgpUArWMBKJbo7OvpgZe2OiUCEqbED5rK0EsiytnAQqLDTgqOutk5E+Hjj4+iKnYUd4w1MBPQUVNtjbmKDnaWjhh9VXsfB1ln264+XVxBWVq4YG9kxbqw1poY2hAb6CUCF4u0dRGh4ojznLIxl/6ME1kaNVAr8dcn7CQk5xIulCgiGBsRgZ+WE2TgLfNz8ZXs00TECiqm5uLsFCHj6MCEjn0mTZpMzsZysidOZNXcNm7Ye5sz525y9coczF2rYfaCaqj2nOHLqBmcv3+PgyRr2HrvBhp3nWbLuBJXrT1G+cDf5patITJsm7TEKS1Nn7AWyrCzc5V64YmrqLrDvi61jGFYOkRhbBjPeIhBD0zrAGjHWixHjPBgy0pGhY9wYbRLAMGNfhgpkKbhSBXmVVlEHAap2vcfo0iTtug/XxYuVgvk3TTrxdaO21G/emXpi9RWMNO/CvwRq/inA85VKTv+qng4FfvtNQ12IuVGjxjRv3pxmTZvStGkTmjVpQctWHWnVtqsAVp3+lJp52EI6Y1WnrnF7VQi4tz6G8mJ9820zndD+tU58byiQpWYafqs9Wt/qJOe2deFBFSL6AkL1dLK7gEx9JQ3RViuqq9lmTbSkQj+dOK0SoZu27aXDgkppXguUtulRF0Zs00fPTKvf+L/aVXXwpnK2VOhPH0P2q17X08dpor0oDRo1FwhpqyFECYoq0Gr6X3kGBYGN6mY1/uuLx06pojdpWwdYutZh14E6p0mdW69B4xg40pohxu7YBGSSVr6NspUnOXLjPdee/cat15958v4vXn74mxcf/uKxvFbeq3tv/tDyDNcEws7e/4UNJx8zfdMlUmftIrpoLaNtoukmgKMSv1WSe3cBDwVS9Rq30BDVTOBK55Q1rwubKqhq1qqzNgWKygvXVIGMmjigQqICqApqWnUeKJDVm8btBNDa9KSF3MeOSqhVAKp975E6AV5BljKl5t5riA1dlXe033g69jUWCDOW1wqozOg82JwugyzoKkudHP+9ubRLCy3z0E/lbg1VoWsbBooNGKZC25b0VWHuoeb0/d6MHqqmZH9DXXlASV/oYw80pMcQIwaPtWS0/B+Mc3DHytOH8LwodpzN54IA1ZVHk7n1YiYP3lVw59UMbj6fKmwzWUCrlJN3ijh+u0CgqoDTD0q4+KSU6y+mcu3FNK48E3syQ4B2DmfuzuZAzWQBshI2XihmXfUklp2czGLhlAVHSpm9v1h7ssp2FlNcVUjBtnz+cf/VZjmwwNWzFdx5sZLbL5ZR86SSK4/XcPnxRtn5DqHqwwJgB7lwfzfn727nTO1GTtau43CNynuaxk6Bq72y3HtxmgDWVHafK2dP9Uyx2eyunsfO6vmsOzablUfmsOzQNDEFU+VUHhCYOjyTlUeVh2s+G08tZKv2TM1l27l5AlMz2SawVnV+OjsvzWL35QqBunlCowvYe6WS/cqDdrWSPVeWsO/KclmXEf/VRRy6tkAa62Kqaxdz6W4F1x/M4M7TCp6+WcybDyt5+2krP/y8h0+/HeDn34/z+Y8r/P7nJf78U8HVef7+6xL/+esGf/99lz/+fiyA9Zjf/rzDj5+v8+DZMY6e2MzWrQKYuzazaf1SppflUCowlRbjS3SAE+G+NqRF+ZCfFk5eehyrly9m9ZLZ5GckUZybRtnELGZOKtRhRCXPUJydTnZKvHw/gggBIV/l8XB2xlkVC7azxtXBQcxFoCmG/Jx8UuJTCfYLwt/bB3cXVwL8g8iV99OTZT8TssmQDj8nI5ekmBgig/yJj4rU6u5qNlZKbJzAWBThAX6kx0aSlRhFZnws04ryKcsSGAtRpUcCSIsO0jMZY0ODiRErzc1mhRJMnTGZmYUCTxMTKUoOJznEnRkTE9iyfAZLpmczLSuS4iQBmbRQChODKEgMobwgg4zYINwsxxLm5SjH9hCossbNWyWKhzN++AD6duvAgB6dcLQ0JjLYCyODIfQQ4HKxNtMAZjreAEvjsbjb2eIq98TT1VHP+rO2MiHQ15OosGC5F46EBPqQKNcVGxlKTnaGdKrRWFvbECgdbF5eOsmZhZRWrCRcQDJEoEp5plSOVVhYCBHhkUTHxhKXnERkVAQuAlWqWHNktACBXwDmVlb/07qysbHDxsEZ36BggsPls16+OqToK8CRlFNC5qSZRKUVyOtCUjNzKSwpZuO65cyZO4eiksms27SZbbt2snbDJmbNnsPUMvmRzlbSDRWsXDiPY7s3c3rfVubPm03lwvlcOX2Ux7VXeX7vJm8f3uDds9vcu3GFN88f88cfv/D5Z4Gplw95+/QBn96/4defP2jQUhIOv7x7xsuHt3hyu5bHAlf3a2/w+N4t7sryyuXL3Lp5jReP7vDk4R2uXr3GqZPn2LP7EKtXbya/qILA0HScXIIxNXNh3HgbARs7HGxc8PUOEHAK15pRsQJhCTHJxEYnk5Sgio5nSZtLJcg/Rnuq/H0j5fOhGqxcXOqS25UEhKHsb9gYc0aONGO0gdxfEwctBWE03krgyIoxo8cLRBvrnKkxowS2xaxMbeT4rjqx3kMltjq64+fhi7ebD65OvlodXpmqP2gjoDVyhBmDBxswfJgqX2Su4StYIMvRxU+2u2Fp4YihoTljx5rh4RYkQFhEnlx3aGSm1udytHVj3BgjIqJTSS6YjpGAoH9grHzfS4uxxsXnkpMziYSUQmlDE8jNncGUGatYu/kI+49dYcf+86zaeJCjp2rEbrLz0BW27TnPyk0nmbv6CFPmbidv8moyJy4kIqZYBgP+2Fq46RChiYkTJsYuutyNg0uk9lyNF7gyNA1g5FhPDVPDDd0ZOtpFXrsyysgbAxN/xpj4MVS2Dx6jvFeO9B5qQ/fB0sH1N6LLAOn4ZPTfrP1gLdCpIEupnKuZXU06DqShdKJKWFQBl9Yo+rqh1qZS9o1Y48ZNaNKkKS1btqRNu3Y0b9FSXreiRYu2NGnRToCiI42Ul0R5cJTWVOveWgrh2xbd+UY6cpXc/tW3TQWqmupZY0pkVIcdVUhQhRO/aaST35UQZT0FA6pAtArvKaD6kg+lyuYoj5NKZFcgVF/nSrXTINZAoKqRmvWnPFjyuW+bKnCUz7fspvO3FGwpCQYVdlL7/uZL0eb/mg5Lyr5UEWoFWxqe5NzqCUA1alEnTfFt/Rb62PocGrXRIqN1emAt5fybaGmJhi07aJhRulqqdmLb7oM0YKnZhn2HmjJUSWnYyf9O7iLyFhyg6sxT6W9/pebFb1/qE6rE9r90yPDBuz+5LeB18+VvWpj06M0PLNt3h4IlJ0ibs5eg7KUCbL507jeWgePs6P69qdYw0+E/uf7/eqm0x02tt+ykYaupvkftdQK/kmpQpsroqHuswpttuymNscE6UV9ZS6059r2u5ahlPDRgCVgpsVrlwRKIUsnurZQiu7SxzspTNUABlhEdFWQJWHXVxZ7N6DrASJfVUSFGdd7tlUq+Kmc0YKwWv+3Wb4yui9iu63d1x+88SKC9Lw1ad+Nb1S5UBQEVBu7QW743hJ6DxzDazA4zF/lNy3+6XUAAxZWpHKvN5/bLUp5+mMvLT4vkns7j8dvZ3H05k5qnU7RdfzpZ7qsCqxKB2Ence1vO/bfTePB2ltgc7r6uoObZbC48mMbR2knsulrKFoGsDWdLWXW6VCCriDkHC5i5r4Dpe6Uv3ZlHYVUe/3jwepUcfLG2u6+XceflMm4/X82d55sEuLaL7RHaOyCAtYfLD3Zw6UEV5+9tpvr2Wk7dWiwwM5N9l6fLcpaWVDh0WZaX53DoYgUHzldw6FIlBy4tZ8uZJQJQi1l/UmDrxHxZLmDT6UVsP7tMPruCU9fWcfbGBrE1nLyxnMNXF7P/yjwBqdkCUXM4eGOhAF2dHblZKbaco7dWii3X68dkeULWT91awelbSwQEK7n2sJK7Txby5MVCXr1bxQcBq19+3suvvx3jl88n+fWPs3wWsPrjj+sCVwJUf13j339d5z9/1/Dvv2/z738/5O9/P60r5/PXfQGsazx8fpya24c5frKK3TvXykh/LjOnZpMW50tSlBupkR7kJQaQnyyQEuFCTmo0c2cWMrM4jUnZSWSlxDBrahmLpKOtFGBZMGMaxVkTmJAQJ/ATqXOjokOCCfVVoUJPQoKCCAsJl9F0MGmJSoMpkQjp1KIjogUSIggPDSM+Jp6o8Biiw5S6djQJ0THSwfhIp+NCXES4lnNIlf1PSIgnMjCAcNmWlRxHZmIc8aFBsoyXc8ggU46dnxxPfmoChWkx2qM2UeBvSmkRayqXaMCaI1A4OTOBqVnxzJ6YxKQJEZSmRbBkah7zyzJkPZjJWeHMLU2Tz8VQkBqlvXvh/u64WxvjZDUOk1HfM6hvP+wcvbE1VetDGTN0sBYNHTt6GMEB7hgM78+4kd8x+vuBjDc0xNnBDhcnOwFLH/w93XQYMMDPg8AAb4L8vAgU85LrjYoIxsfbnWC5zkB/b0yMxuPn50tBQb6AlAupeVPJKi4nPDwQ/4BAHARix44dK2Ygnb4tFpbm2NpZyfYQHB3tMbe2xjc0kpDIBPxk6ekfgpt/GP5hMTi6+2Lj5Iynjz+B4VH4yHMKS0gnIbuYhJxiSuevImvyPDnmFLLyS6iYV8HixQvJLyilaNI0JhZN1vlnsYkyik1J03IbW5bPZ5mAVtXqSnZtWM38mdOZX17OxuWLOHdsL7cun9WQ9dObR7x6dEvnUT2+fZ2f3z3m08tHGrA+vn7Km8cP+fD6Cb//9pE/Pv+kxUnfvnzKw7u13BGgenz/NvdvXhfYusbLp3d48/IJTx7d59qNG1w4f4UzZ86xd98hZs5aTkRUNvYuoYw0cBBAsRD4sRVIcRJo8idZADYpOpFEMVVzMD4qWdpstDybUJ2jFewroOMpIOsVRoCvLL3DcHYR8LHxEHhw1LMTTUwdGD/WmuECWUOGmQjAmjB6tIku+Gwvf5gOFrbSLowYZ2CMo7mNDgeaGFvpPDAbK5Wn5KI9ahqqXINxE8hS29TswpEjjBkwaAx9+skoV8kTdB1IG1WDrWM/enb/jq7dBtGnz/eMkv1byzU527vp2ZDevlFExBXiGZCGs2e0XH8grs7+xCUV4SrrIw1s8PSNwNYxAHfPSFzcg7Cw9iQpReAsdyplZfOZkF3OlDmrBbKu6mT3U2drqdp3njVVp1mx8Rirt55i/rrjFE7bQFruQuJSphISlinX4yVt3hpjIweMjJzl/nhgbhfEeAt/xpsHMGq8gig/DKRDHTnWi2EGzgw3cGKMkR/GVqGMswhklIkPg0Y50V06vC7SwSmwatfXkObdh9H0S124lp2GaKhSteZ0UePWvfhagEFB1Tf/aliXnP6vb/5X1uarf31Nw4b1adaszmPVpKlAVqvWAlet5XVzGjRUKuwNtWBk/YbNBYKkM1cyBhpiWutw31f1mvB/VK6VCgUKTKmE5q8bt+YbARoVilQzyBScfK0LPjev8w7JdhXOUiV8tAeraV1dwv9BVpM2esaZCil+qwpGy7EUJKnPqZBYg1Z1EPRN/br3tByDwEV95aWRzrphC+mwG7f7sp/mAn0NNUz9F+gUZDXUau3NtHxAQ/m+KvCsEvEVfClQUXlN6r7VV+euzluOr0KF9ZoJqLXsKIDQVyeat2jfh1Zd+gnsjqXvSBsMbPzxSZpGzoJ9rD58h7P3f+L6s8/cfvNZF3ZWyu5PxO6//YM7r36j5uWvun7hwWvvqdhyg/RZ+4ksXItD+CS+N/VjgIEto22DaNPHUJcKatiig/bGKVFPFdJUS5W836iFSnBXau7d6rxZStdL7pWeFdmqq65hqM6zeac+GtSUdEeHbsMFhAw0VLXuPlRro7XtM5qOAwy1onuHfuN06K9N71G07DWcVr2G0azzYFqqfK1eBnTsI2Av7bBD37F6dqEuuK2AXpVg6jhAS4aoMG9rnY+lILq1Tnb/Ssk3KJmPBk01nKvn/E2zNhq+G6gQZ5susq/+9BxiyECVf6mkVyKDCUwIJjw3guX7kgWicnn6w3Te/7KU9z8v5c2PC3n6fhaP3k0VE5h6M0XucZmAVSn335Xx+OMUufdTBcZmi1Xw5Ic53H89g1svpnDxURmHbhay83I+VSqP69xEKk/lsuBoDrMP5DBrfzYz9mYxdVc2/3j0fhl3X1UIYM3m3qslPHi1gidvtvH8zW7evDvEu/fHePr6sJ5deO1BnV2+t4Vzd1ZzRkDmeO1cjt+cyymx07XzOX1jPqeuL+TUjaWcvKZsFYevrGHfxTXsPr+cXWcXs+vcMvZfXsORq2u4dKuKJ0+O8uLZEZ49Pcijx3u586iKq/fXU32rkhM3lQ7VUs7cFnC6s4zTd5dSfW+lNMTVslwt6yupvr+KcypJ//4aIUyVpF9JzZMl3HuxghcCkO/fr+enH3dLZ3OSP38/z99/XObvPwWq/ropdpu//74jQHVLwOom//ffd/jPv+8KXN3n3/95IvaCv/7zmj8FtD7/eZufBLJevq8WwNrIps3L2LJ5McsXljCjMIH8lABy4pUGlCWxfmakxwYxceJEsnNzKS4s0DX28nLzmD1zHgsXLGbe/PmUS+c5Z9YsDQBZAlqpyYmE+PgS7OUlnZOfzqdKjJdOyz+QYLHQkCAiwyNISEhiQkY2+RMLBaASiI2M0J6qkAA/Gcm7ECb0npeRSXFeLskCbtECUpGB/joEmRwZRpLS2PJyJ0rey0lLJjsxlonJMVomYmJqEgtmlrNuxVJ2blrOioopTM9NZVZJNlOLclgyZwarFs5m+axJ5MQFEBvozuxJeSyYmsvcydKw8uKYkpuoYSzKzxV/B1OczMZiOmYoTrYW0oFY4ejkjZubB0N6dWLUd30wFJAaNrA3VgJcIQFeuDhYkRAfg6urKyNHDsdBAMvTzRE7CxP5zHjsrMxwkH25ONnopPbIcAHFjHRystJxdnXCw9tH1/3zlutV8gtW1uaMHjOMhKxSIuOScJPP+PsHECKA6urmLKBlrWcQenl7SIfpjJNz3T7CExIJioojQOA1ODJW1lNJyi0hNrOAiJRsvIMj8JNtQRGxBEXG4RkYgbNXIN5BEbj6BBCZkkV4UhaxKZlMl+c8b/4CZlbMZeO2KqbNnk9oRCK+/jEkJqYxb2oJp/ZtZNuaFcyZVs6mVUvYsXIR6xfNZ8OyxVw6cYCnd6/w+NYVHtRc4smtGzy/c0sD14+vH/LbD8/58Ooxb54+5NndW7x5cpefP70XuPrA72Jvnj3mwe0anghcPb13m5uXL3DxXDWXzp/l6iVl57l69Sq1N2u5JyB25sxJFi9cQXJSHh5eEYwe68jQ4UaMGGnKKANLHabz9ZCBgABneFgkCXJfE2OTiQyJE/CtK7KszMczVCxMwCtSoDcSd7dgLK3cMDFzwtFenrW9h9auMjNzFNC1ludtKuuyb3kGTrK0NrNinKGaGWiKyTgTxowS2DK0wFDOYexYG/09K0tXeYY+WKt6hgInowTWRg03FcAyZeBgQ/r1N6izAaNlOZKePYfQTeDqu+8NcXFxx9PdW35r0WSlppObkUtOXjFJqUVMmbmG1av2MG9ZFbPmrqeycjOrVlaRlT0FN49ggoPiCQhKJLdwFrEJeYRHZTJ12gJWrq5i5oL1zF60nrKZq6hct0/A6gQLVh6gbO42ZizaRcXSfRTP2kLh1HWkZc4jKqGUYDVz08oDMxMHLC29BUC9tOaVqbU/hjrPyh8ji2AdGhwyypmBwxwZYeAqwOXFKFNfvh/npZPYu31nQ6/vxYZY01MV0R1qQ7v/l6yzAKsjWd7+7s3GAyS4BA3u7u4W3N3dIUiQoIEAEUKIECHu7u7u7u4JcdmN7vtV9yF7938/nqeeGebM9JkzZ870r6uq31K3oQ7PAMKsfImUBoZIUgcsoYbBYipcC2qAiKygAxsoCAH+EvwcMGAQhgkLQUZWBrJy0mSykJOVhbKyEuTl5SEqStAxZDCEhg6l5RCekzVMiACFeaAGC/Nkd5b0/qu9X7IMLCTIvVfMc8TKpAwV1PVj4TqWq8XgSSAsKiEI6Q0RlFQZxpTVCQ4GCQvCc0OE+0J3vC7gCD67ccAQpgguwmcRDuDeKlnuHWMlWljocBDB2QCCLSYBICTOrsOvxHd5LifBvFD9BwpzzxgDNuadGiIiwQGx/2AB9DEYZErkrDwQq8fI4Ksfy91isEfbmafoH+2uPo+QIIdIlyDDFIp0Pxrb+cE3oRJlUzdh4e7r2HH+GY7feosrTz5zL9Ydln/18gsvj3OVtp1/8IHnYG078wLNi04ib+J6xI2dAxvfDKiZ+0DP3g96DiG85h8rSTNUggGuNAc/dv4sXMiWLNdquKgCRMiGM1V6MabvpQIRugYsZ4zlbomOVIOMigEvucNU8ZkxkJLSYPUCLTFS1xEyWrYQY8nuBHRMloFBFnudQRbTuxIjYBJTNoWMhh1/jYH9CDkC/L7Zn6zWoSTtw3LomGo802hjoT8xeS0IS8ljKJ0v+954yJiu5wARib4ZhnRPiI/koVg285Gds6ymMUbp20KfBj+e1IemEVxVTclAx/J0nLxTige9jQRXk/D641y8fDcLT161kzWTTcDD3vF4+LIJj1814sGrejx804An75oJxNrx9HUrHr9pISAjAHtcj3N3a3D4WhV2XqzA5jOlWHGsBD0HSzB7bymmbi8jyGJWigkbS/Db0zcrcb93EW49nU42E/ee9eDpizV4+WIrXr/ajXdvDuL9m8N4/Gw7rt1bg4u3VuLc7WU4fW0RTl6di2NXp+PYldm0nMOFQE9dnY3jl+eSLSJbjqNXluPQpeU4cGEZ9p5bjN0EVXvPLcWRi9TWtQ14/HAvXj45jN7nR/Dy2UG8eLoPz54S1D1cz2URTt2cgzO3mTgok4JYjjN35uME2am7y3Dqzkq6cItx5u4iXLy/DBfuLyZSncc9cHceL8SjZ0vxsnc1Przfib8+HSawOovvfxFIfSGI+nqTIOo2vn65TnB1naDqBhktv98mu4vvPwTLHz+e4MuPl2TPePHp1++O49KVdVi7biZPdF/cMxHT2srQ2VyAhrI4lGcGojDVD0UFqahqmoqGGetQ2bUdJe1rkdu4GP+TEOIAACAASURBVHWtc1DfMg3tnT2YPHUOJnfMQvOEiaioqEZt7TgU5ecjOyWFh/Dio6MRGxlNnVQEMpITkJ2ajOT4WKSx/B+WGxUVjuS4KOSkJ3O4ymalWNJSUJSdjYKsTNrOproHIdTHC0kRYchNTkJKVASBVQiig/2RGBHK87CqS/JQnJaIypxU1BZmYeqE8ZjZNQuLemZjzZKZmD25CZMbajCltQWzOicTRJWjs2kspjSWcBHRppI0dDaWYmZ7LTonVKO5IgsNYzKRFx+GEHdb+Llaw86UAEpbiYuHWpvow9bKCh4uDnCwMoWXgzl8yVgB59SEKKSnJiCJlikpSQgOCSPoCcPo0d7Izk6Dr7crnzGYlpKAhNhIhAX7IZbNcgxhuTgeCCHYYhINjg420NPT5IWVIyJDYGFhRh2WC9KLxiEoNAQeHu4ICaFrQ0AVER2KyIgQ/j5RdM0Tk5IQTvCVlJ2LjKISpGXnITkjm4NZflk1yuuaMWZcE6pbOtAweSYqmicjPDGTF40OS0qDT1AEXDz94OEdwL1cSVmFyMwvRVVtLdonTUBWXjEamtsJslZjbs98VFbVob62DpOaG3DxyBac2rsZi7u7sGBGBw5uosHG7i3YvW4FTu7dgmvnjuDN89t4/uAaLp04jHuXz3Gx0dePb+PDi/t4//Ih7l67gHNHDuLxnat4/vge7t+4hA+9j7lmFsu/unLuNK6SnTlyCFu3bMb2zRt4CPLi8cO4ePoEbhGAPbp/C0cOH0TXtNnIya2Ah08kjMzdoW9kB20aKWrqWMDMxJGH3IyNHQiK7OHm4o1A31AE+hPoeAUT1AbB0ysE3kwQ1C8KQcEJXLyUaV65uATCwVlgNnbeXLPKxcWPzJ/P/nN1IAhn6uxu7tSmIBfLy4m2O3nz4tLurv48VOnI9K8cfHhCuCuvm+jK4YrBFzs3C4I1WyvaZuoII0NWI9IZOgRZamrGBFt0L9q4ITCY1V2MgKtHMFyo3YjwOETF0+8nZyza26dj/rxl6O5Zh1Ubj2L99jNYteUYFq/dj665q1E/vgtjayaisXUeNu84he07T2PanA1YvGI7du07hSWrdqNp0nyCqsVon70Bc1bsx/RFuzF59hZM6tqAhtYlKB/XjcKyTqRk1cEvKIUr49vb+cLVPQo+o5Ph4h4NW0eCLvdYOLrH8dCgvtlo6Jn68BChoTlBll0IDHmNuABokGlaBELD1A/K+m6Q0bSDuLIFgZWuoC6cuCq3IQRZIrLatF2TJ4azsjdDmOdpiLBAfmGoEIcnJSUFGBkZ0HdsDlNTE1hbW8HQ0AAqKsoYPnw4mRAkxEQgOnwYhhBgDRnKpBuYBpag5A3Twvrtt/5kvwmKPv/en9cgZJAlUHgXFHxmMMJsAFn/IeKCHCwGR8OkBSV5mJeIQRLrcIUlBPlZfeE97rFi6u4EVQxuBvblT/UbNJTAR4x3yGwmIPOWceAQleXeJebJYonwTMmdQ5aYEk+GH0Dt/wpfsnb+YODEk+tF+fsP4sn2IzjQCd5fjAMey79igMcgi0k+cFkH5mkjkBshx4RbBbUOpVX0oKhhAjMCIufgLBRNpGfBjuvYcOIRDlx5hYsPP+LG0z+53Xz2F19yeYYHn3Dq/gesPvoYVbMPIKN5KQIyxsPGJxX6dmGw8Iwj0PLmul5cMJUlq4vL83MbysKeLI9MRJJ73YRHjORq7mIEViMkRkGUjvml4TVCVhAeVFA35iE6GVZiSIUVZKalujnkdO0hpW4FUSUjiI0yIaBiHizmmTLBcCbtoWQIUdo+nF4XUTSm/Z0IvKwIsPQgSW3JMEV4dgxTZifQVCBgY5ILAiNAUzHihbYHM6AaLITBwqJcCoPBNtc4Yx5MVqZIguWIaXEhVQlVQ6gZOkLb2A3G9l4ITolF87w8zNmci+2nc3HlUQ0ev56AVx9n4uX7mXj2ZjJZC1kbgVULGcHWm3oCqxo8I3vxvhHP37XSejOevR2PRwRoNx7X4eK9sTh1qwyHrxYRZOVjxYlcAqx89BwoRPfuMejYXoLJW4owYUMBfnvzfit632/Ds9cr8fh5D56/WI5Xvevw/vVOGvUexZ8fTuGvjxdoeZaAaz/uP16HGw9W4dLdpTh/ez7OEQCdo+XZm4sJiBbxbedvLcEFArErdzfjxsNduP3oAO48PISb9/bgyu3tuEx28+4egqnDeNd7Cu9fnSWIo47i7WkacR8lO07nsB+Pnm7A/SercO/JCjxkdQqfb8GD5+txk/6/8mgtrj/ZiBv0+s0ny3H72QrcfbEUd54uon1W4Dl9htevthBc7SO4OimAKwKrn18Inr7eI5h6KDCCJgZarBD1d7Kf3x/gx/fHAvvxiEDrCb5+f4ZvBFh/EZS9er0X164vxf6907F0YSu6p9Vh3rRqTKxLR3leEMZmB6O0IBZZxVkorK5BbXs7mrqWobJzE7Ja1iN//BJU0kO5bfpCNLR0om3aHIynjrq5eRLq65swprgY+bnZSIyNQVZ6JnJz8pBOYJSREIvS/FyUFxUgN43laoUTKAUhKzGBF7hlRZ7zMlJQkJGGUvY/gVhUgB+iA/2RGhON4uwMroHFNa18PZHNPGHRkchPS0ZmfCRqCjLRPq4cHQ2VmFhfjYbKMixdMBOrl3TT55yPJQsXoIvgoHtyA2a21mDmhLHobChCR30JuifSNZjajFntjWgdV4L60hyEedrDw0ofPvb0UNZWgb2JDmyMNGipxeUYPJztYGGoC386x7rKMXR+ibAz16OO1QaxBDwejjYEW+G0Hkydogl8R/siOiYMHq42SEmIRDr9eBJighHo5wV3JxuCzRBEEjSO9nHn8MQ6gpTkeJQUZROQxhNMBSM6IQkF1RMREBSE7Lx8lJRXIjUzC1FxsQglkE1IyeDlc+KS0xGbnIHQmGQEhBPgpqQhJikV4fR/7tgGjKlvRVpRGcFXGRIyCpCcV47E3BJEZ+QhtbgSORX1PESYkl+GnJIqHgqsbRqPyrpGlNSMR355PZLSi5GRXU7vX4z6xmYsmz8bq+fPwv5NK3B4+xr0dDJ9pglYNKMLi2fPwb6Na3By90bs3rAcJw/vxMOb53Hr0nHcPHsEz+9ewpund/D22QN8fPsULx/dwOXj+3HxxH5cPnUQdxmUPbmN3qcP8OD2TVw9fwbXL53Hw9vXcfzwAZw6tJ/A7SSuniE7fxqP79/Gk0d3cPTIYczvWY6iMfUEiokwtfGGAQGKGQGLgbE9gZU99zbp6llDnR7EWlpmMDCwgakZgZelC3XEfWEuJz8CgxACmEg4u4TAySkALgRWdvYBMLH0go6hM7Toga2tZwdDUycYmzpDn9rRpvb09M3hYOcIbxdPjHb1hZ+XoLi0PwFc0OgQ+Lr5wcHWi87DhcDKiTp+Wxga2PLjDY3sYULnaG/jSnBlDTUNU6hrGMPS0QOuPiFw8whEEJOHCE6G2+gYuPvHwycgHpGxGQgOI5gPTEZgZDq8CQrt3cIREJGHrDGT6fufi/HTCaLWH8ai1YfQ3LkKmUVtSM6tRkVtByZ3r8KcxZuxbvMBbNl1Atv2ncHKTUcxuWcbWmZsxJQ5W9HWtQ7jxvegtmE2HdON3JLJiEksh7d/EpycCfTcI+HlG8+V251dI+HoEsFlGEz5DMEAmNoGwdgqhNaZmGgQddQR3Hulz4w6WnWCKwVdd0ir2UFIRgdDxNWpo9Xg68IjDSGmakWdnxlE5LQxRFKZAGMk93L0GzSEe3+ERcQgLSMHZRUV+k716PdkSt+vNpSVlaGgoMBNSUEeKkryUFOWh4wE82INwtChgyAsPIQvfwHWb7/9DhlFJYTHJ3OvFqs9+EtYlM1K5DXo2LT8oSP65BxEBJpZtM6SyIV4GFCKoEfqn5p/DHgGDBThobqBPMFcjOdBDWBhPJYLxaQThGR4e9zrxPeT4N4rNs2fgdsAli/FwIwBkLgCzw9jquJMgZ15s9j7sTAgU6BnSf79CLj47EJ+noJwJs/bYnljg4QF50Hb+ISAvv/ZZxooQnAgIimYvUeAJSarDmklXUjIa8CAfiP2o5OQM34R2ledxOoj97H3wgucv/8e159+4mB1jcHV0888N+v8g884eus9Fu65i8o5BxBeOBlOQdkEWMnUTgZMXKL5zDyugM4+j7gcgYgMDwsOEREXmLAgwZ1JNfwCLDEZNfqOtCFJcCVNS3lVA4wcZUBgpQs5FSNeaFlazQyyBEPy9DtloUEmGCqhagrxPhMlABOR04UwQftwBX0IMQFXeYItZVPIG7vTMUyawRKy6pZ8pqEGr11oAwUOVdZQpXZH6VlglLYZVLQIwhTonpWQpu+JeQSFCQ4lMEyC7lNxOe65YvDIjCXej5DThCjBG6urqWvuAWsaKNm6ByI2PwXdGwuw+UQejt0oJlitxfO37ej9MJ1D1ov3HdyevZ1E1oanb+vx9P1YPHlbTGBVhefvx9P2BtreSHDWgNtPq3DtYRnO3SnGkWsF2HExA2tO5mDF0TFk1GceqsKcPWMxfWcJpmzJw2+fPh/Ehw878O7DNrx8tQZv3mwlsNqPrwRW3z5fIruK759v4tufN/Dl8xV8fHcSvS/34MGzDbjxaAkB1FLceryclgQ9D1bSm6+k9XW4+2QnHr3Yh2cvD+PN67N4+/oi2RW8fXOe/j+HN69O4cPb8/jrwzV8/XQdXz5dI7tCMHQOf348S+9zBO/f7qN99tFyJ9l2wfq7vXj9bgeevt6GJ6924vmbnXjxZguev16PF2/XoPftWvS+3oC3b7cRXO3Fn5+OE1xdILi6hh9fbuPnVwKnr0/x89tT/Pj2RGDfnxBcseWzvpqKLwisesle9G1n9hBfv93CX19O4MWLldi5qw2T2ssxqaUY3R1laKtlEgQhyEzxRWpGMHWimUgvzEVWSQZ11nGomjIXY6bvRGTxHBSMX4rmLvpBdS1A24wFGN82Dc0TpqCsrArFJaXIzspEUUEusjMykEFQlBgWjqSIUAKhcGQlRCEtJpLP7mNldNLj45BCABUfGoKMuBiCqUjEhgZypfZ0NnMqLprLLiSEByItNoy2hRKURRN4+dF2f1QWZKOuKBNT6yvQPLYQ4ysK0FJDn6u9FWvWb8TateuxeEEPZndNRvfUViyY3oquCVXoaKYbqbMNixfOxszOdkxtHkeQloK4QA8kBBH0WBsQTGnDwVQPXrYmcGQCoqbasNJX5+rsvp4uCPXz4HUGy8tYPcdU+Lk7wNfDFZmJcQgd7YHczGSkJkXBysIYXl7u8PRyRRABVVZ6PMICveHv64Ig+gx21EYofeYEgtCQUNZxuiE0jHXkToiMDEd5RQlSUpIRl5qDsU3TUFRaisLSCoKbAnj4BlJHGoLisTWoHt+OpOxiZBIUJeaMQSoBUnxmPtIKS5HI6tDljUFUah6yx9YhPqcIKQRVmcVjUVbXhtL6NpQQeBVWNSIhuxBRKdlIp3aSckuRU1SK1ontmDa9CxXVtbQ+GW1kOQRmSSn5yCsowaTWVsyY1IYFszqxZUUPAetkzOlox6Tm8WipayC42oL754/gwoFNOHdgG+5eOokbJ/fi0uG9uEVw9PbZbbx+fBMvH9zAk9uXcY9eP7F3G1eGf379FN49IwDrfcQh6+61i7h56Rzu3ryC08eP4cThg7jMcrkuX8C1i+dw/+513L51BceOHMO6NZvRMmEqwWkeLAiWjK3cYG3vDX0jJ6gQsLD8JkOCGHMCKq6TZeIAYzJWS9DVNYDPDHQgs3cKhL1DABwcAuHlGQlPj3BY2/hAx8ABappWGEUPXRUNayipWUKJHtbqmsbQ0TWDiakTz6MyMbalTt6BzA6ujp7wcvbhyu32dq5wdfEjqCaAcwnghanZedhYu8LUyAYamiYEaubUngkUWVhQ1Qg61JahqT0MTexh5+RLABMAJxcmf+AHWweCNStvWNgFkPnD2TMKUYklyCltQUxGDVJLaCDUsQrlLctRP3Udlm08gq6ezShvmof8qilIza5BfmkzJk1fholdy7F0zQEcPHEdKzYfw4wlezFx3naMbV6ExokrUN+6CFVNcwmu2pGYXIGomHz4BbM6jSkI8E/kpXFYeNDNIwbWDsEEuH6wcgiBrUskLBwiYGYXAgf3OFg50+vuCbB0i4eeTShUTUdDxcALcprOEFOyhAgBlbiKGUbqukBW1w1SOs6QULeGkCxLaFfhwqH9Bglh8FARiEtKEVSpQlNDC6pqo6CgKAsZGTGIiQ/HCFFhSEqJElzJ0usqdH11oK+tBnlZCUiKCUFGUgjiosM4aA0Y8AcB1kACrIEYJjICaQU5cHZ3J9jqxz1Wv4o+9+snkGcQaGAN4TDE4Kkf09Li68O5Z4rJKHAhUCaHwDxVBC/9uIdpGAcyQSK6wHvEtrOEebYfS1Yf1Fe/kAEPXxeSFoAWk40YIo7/9CdYY7INonKC2Y2DxQWK7sOlee4Y807xWnkETv15+HG4IBmfg5Yw3zaQlrzcC1sOESTvc2/WYIGW1kCChH60XUhcHuJyGpBR0cdIghh1fTtYEUznNi1E29IjWLLvFg5cfcUB68KDj9xrde3JZ14e58LDD7yczp5LrzB3xw1UzNqLoMxmWHklwJjAysIjnud1MVkFNquSJbIzKGEhTBYaHDqcPr/QCA5ZQqJMOV0aolJKkFXQhJK6AZTVjKCgogNFVX0oaxhCYZQebWcFlo0gS/DEJBEYvEmpm0Gc5UoRcElpWgiWGhYYoWyIoUzGgaBqmIw2B6zhSiYQJjhTMnGHjKY9QZAR11cTktHkoWqmsSU9ygQKGuYEV1bQMLSClpE1jKydYOnkCSNbV4IvA4JTCfxnAN0jLHzNwpxiDFYFkCUsrcYT71k78nQeWjRAs/bwg3doKDxDwpBZlYgZawuw/1IZHhMs3XveRJA1Ga8/zEbv+1lk0wiyJnJ7/r4Rz95X0X45ePg2k0CrglijBk/eVONRbxXuPSvDzUeFuHgvB0evZ2DL2WRsPF2ITSeqseFYDVYdrcWiAzVYuK8Ss3YU4bcvX2/g85+H8eefB/Dp4x58/shylC7j+183CEjukj3Azy8EJV8e0rZ7+Pr5NgHQBXz8cBgvCWSev9pEYLYZT3tZAWey56ym4XaCnsN4++44Pn04TeB0mY5jgHaX2r5H0HaH/r9D/1+n9bv4+ecjeo8HBEH3yO4QzDHQOoW/Ph/Hlz8J9P48T3aSjjnB86e+0Prnz0fwieDp86fTtN8JWh7Cp88HaPs+nmv1+RN9ps8nBXD113Vq/z7B1UMCKoKob734SRD19/fnvED19x9v8OPne7KPZJ/I3vH/v5P9/PGa7JkgbPjtJtl5Asx12L1nApYsrEF3ZxGmNGeioiAIeZkEV+lByC2Oo5GoLczNtRAU4ITiwnTUNNYgvXoyArMmI75mJRJKO9HcMQuTuuagqW0KmlraUFvbhJKScmSkpyEtNZHPjCvKzkAmgQMTIc1JjEFadARXYM9JSeL5U+kxUUglkIoNDUZyVDjty/SugpAYGYr0uCgkEHgkhoxGRlQAsqIDUZgUyUErJng0aoqy0VFbgvFl+RiXn4G6wkzuyWprrMeKFWuxYf0mzJsxBXOmthFETcQsBlnTpqCzYxIWLZ6PhQu6MXtaG1rrxmBCVSHXxwp2tkSYhz2CvBzhZGEIL0crgi1DOJnrEmDpQm/USFgZ6cHbyQqO5vqICgnEWAKgwsxEAsVgxEeHIDEiDIlRoVyVPT4mHGEh/ggPDUBMDFPutkUSgWawHwsX2fNZgqwgc1hYIJ8pGBQUzMGKJaj7+vogNTUV8QkJKCgsRF5ZDRKzxyA9JxepOXkIiYxFZGIKIuOS4B8YigD6MUYmpCC1sIwgqRjhCRk8vJeaV4qwuBREJ2cSOGUiPCkLWdRWTFo2XH2DEJ2SyxPbozMLEZaYibisIh4yzCypQWVjG6ZMm47OrhloaZ1IcDUF4+rHY0pXN6prWzCmZCyaW8ajjUBqWlsLB6w1i+bgwv5NWDuvE9VjxqChqgZbVy/GjVN7sW/TUmxY1oPzR3bh4oEtOLlrE25ePodnD67hxYMr3FP14eV9not19ewJnCcYe3D5MN4/v4svH17i7fOHuHv1Ei6fPol927Zh0+rVOLBjKy6x0CBB19mTx3DyxDEcOXQIu3fsxNaNG9Azez7Kyhsx2p919N4wtaKHnqohV6hWVjeBvqENrK3deR4UC/E5OvgSQIXA2zsUHu5BcHFl5V2CeMK2h1c4QsNTaBsBg5kLdKiD0aBRp5qWDbVlRQ91MygoG0FXzxwGhpYEbq6wMCNoowevkbENLM3t4GDN8vDcYW/jxMvi2Fi58JCgFZmFhQv3nrHahK6O7gR8tlwLi3mulKhDU1AxhLyyHhSV9Xmyu6jUKMjIa0GOPouMrBoUFXXoXEwJbCIRl1aBlJx6+v7r6d5pRUUT/Va71mL2ysOYvfwgxk/fjAVrD+PAqZvYcfAKVm09iYXL9mLxin3oXrgZEzqXYmrPFtp+Ghv2nsPcVYcxc9F+NHSsR/WEpahqWYTKloX0vGjlye1h4dnw8Y7kswhdXUJ5bUEb+0BY2wXCxHo0jC0JcC18yHxhZBVAwBUCS+domDhGwdQxWgBXxr5Q0HOHlJYThitbQ1rTESrG3pDVdoG0hh2GKxhjsJQaBokroj8Lvw2XwggxacjKKkJLU4fg2BBmZsbQ1laFqDgLEw7E8BFCPBzIPMnsNWsrFio0hKaaIpQIrkZKi0JORhQjRIZhIIFV/wH9MHjQHzwhvn//fjwRXlRSmocIueZV/0H/1B9kMwZ5gV/uteoTJeWFncX6StqIc0/T4L4ZeyxpnuVJ8RqFIgRAwoKwHMuTGsRlHCT58b9ATTAjUJwnzjNgYvIDLGTHktqZvANrj80mZLMa+zPZhuGsjqF0X94VHTdCWpATxrxjrEbe4D5jIph9cMWS4gcwVftBw3h4lUlO/ANkAwX19QR5WaJ8pqOotAok6J6TV6d7kmDFyJYGw7WzUTtnF2ZvvYQDV3o5SDGPFas5yAo7s/wrBlwn777DVpbgvvYsAdZ+jE6uh6V7LEycwqHNinebuEBCSR9DxBV4gvtgYTHBxAGenC/BIWuICK2LSGCEBMGe9Ega2GhDXceQoEqfvneCPlpq6hrRNmMuUCpBAKaoaQo5dVMORCPk9QjYBYAloWZO95gl914Not/SMPoNDad9eIiQoEdITgdDZLT4fkr6LhyuhAnsh8tqQ1SGqd0LikuLympCkn57ijQYUjWy46ZBAzV9+i1buY2GhasPvWaIAcPF+P3Tf/AwDCBIFKJrKUxQx9pluWJMwoHpgOnR88jZPxBRWVEorE9F5eQctC/OxaErBEjPa3CndwKev+vEy/dT8PLdFIKryXj5oQO9H9lyAp6+q8DDN/l48Dofj14TmL2uxsPeCtx9Voxbj3Jx6V46jt5IoO8iCVtPl2HziXpsPN6AdWQrD9VjOYOsPRX47ds35pm5gi9fCGTYLLqvBD0EI98ZiHxncPGW7A0BCbPXHE6+fn2Er19uEMAcI8hhYHYQHz8ewLsPB/H6HT3MPxwiwGEwdJHg5hpB0238+Hqfjn1E9rjPi0Rww8HtMfcmcWMeJLYPy4n6eomWl8lu0v4Mju6Q0fo3Wn67x3Oovn+ltr+ytgkEv92lc78lmP335SL3WDFY+85eY2D1lXmsntN7vMQPBlQ/3hFYEUARVP38+RcB1RduP/9mS/r/78/c+Ot8f+bVYiHFKwRxh9D7Yh3u35qBk4fqsHJRPqZPTUXH5Cxk50bBxdOCRsMWKCkuxJT2OtRV5aA4LxHF1U3IbVlJkNUB7/jxyBvXicbmCaiorMK42kZMnNiBoqISJCUmIy42Bnk56QQeaUiJjkRmYjTBUwTiQ4MQHx6CFIInpsSeR6CVGB6KEB8vXjMwNiQAYf7e3MuVQ4CWTccVJUcjNy4Y2TGByIsLIygLRm1RJroaxqK9Kh+lKTFcxb02Lw31Ywowa+Y8bNqyExvWrcSc6R3omTMbC+bNwdSJE9A1tQPd06dibmcrOhpZ/cRSNFRko7o4Bcmhngj3toePszVsTXS5ppWdmT5cbc1gR3DlbmsCO3MDBPm48VmFualxqCorQVN9BYpzU1BKgNdQVYrCrGREBvnB19UBfizniszLwwlBIX5clT0jLQ4RBFQsIT2OrsFoAqlYgk02+8/Hx5cAy5kAyw9u7p40+vdCenomIpnuVcFYHraLSc1ASHQ8AUMQAkIjCKqSEUNg5eMfjKSMPA5imWMqkVFQBp/gSARERCEgKBRB4VHw9Asi8EpDegFrJwvBMfEIjU2Gq08wEnLHIKdsHEFYDpLyypBdXotCamfJkkU4cfIo5vX0oLK6UeDJqqpHQmYpUrJLMI3JM3RPQ880JtPQyW32pAnoaKhBCSuFlJ2HubRt+ZzpqCXYahnfhAPb1uLU7s04vGUVju/ewjWyHty8gN4nNHB59wyfXgvysq6fOoibJ3ej9/41/PX2KT72PsaLx/dw+9oF7Nu+FWtXLsPRXVtx7thBnD9+CEf37MSOLZuwc+tmHNi1HfsJvjatXY9pnbORmlYAW0cfaOtbQ13bjB7IJhilaQ49AxsONo6OvlxPyt7eg+dTufUBl6cHgZZnKFwItty9mLRBOMGDD0wJnozNXWBAD0RNVmqDIIt5s1Q1LKl9GonqmMOYHrT6ehYEW7ZcRd7C3BbWlg7UybP8L0fYWrvB1sYFpsa2PDzJwpZGdIyujiVUaSSupmbAQ5faOhYEVrpQHKUPDVo3MLInsDPn20Yq6UJmpCYHMDePIASHJ9K5hkBVxxqu/nRf5zWgoX0+elbuQQ9B0pQeWq45icVbzqFn7Rks2XQSBwmyjl94gD1HrmPDzrNYvuEoNu45i4VrDmD64p2Yvmw3Zq0gKOvajHGTT5YirgAAIABJREFU1qCxcwNqJq6iZ8JMAqw2JKdX0kAihe7zEDg4jqZrGMhrDrLcKyMCKnPqhE2s/WBInaixla9A+8o+Cpqm/jB3iaUOKA4a5gEEVx6QVHfggDWSlSnRd+fq2cJyehgioUIAIcfrCw6XVaVOfhRdCwIlHV3o6+sRJBvD0EgXyqMUoaA4kmBTkeBUl2DPGb4+3ryElI0twbSlCcGYCgGWPFRoP2ERIfz++3/IfifAGIIR4pIQlZCCEAuNDWWq6EP4jETmueLJ7axANCudw2cSinAQEuRgiQpymVge1hBxDk7MW/THP4ruUlyglGlbCWBKjgBIlhd2HtgXOmRwxXOxhoj+40FiYbx/wnr0Hrx8DktyZ2FDAkwRCWWu+cTek8Mcy08SF5SQYTlbgpmJYrx0Cwu1sTAkn1HI2ue1Ewf/MzGA5QsJPhsr/8MAS0jwGqutKCxIMh8qIgmxkepQoN8PK6FjYO2D0Ow6VM3cihmbzuPQ1Tc4ffsDB6qLDz/zmYOXntA6gdbRm2+w+uhDTN90EWUz98A3qQ5OARnQNPeEtrkHgXYgRAhYWN4VA6yBXKxVhHvQho34BVgSPEQoRoClpKxG37EhDZKMoamlBy1tffoNmULXwBBy9JoU3SOKqjoQkx3Fy9OIyBNwEUxJspDgKBOei6VkQPeXgj7Bux4kCbrEafswVshZQg1CtBRmFQEItGRpACUsT4Alr01gNIrfh0y7TJKOlZDT5fUJhWn/YZIEajJqfD8pZQPu3dI0dab7ne5/ex+M1DAS5OOxmZ5sliTfX5Mny4/SZmVzXGBo4wUzJz+EZ0ahYVY2Fm4rxNLd+Vi0Mxun75Xgxgsm2zCBhwZfvJ9GYNWNN5978O7TIrz9vBCvPs7g+VdP39Tj8ZtqPCHAevSqAvdfjMGdJ4W49iALJ26m4sDlfOw6Ow5bTo7HtuNtZBOx5Vg71h5qxNK9NfiNhcW+fb/HZ819J3D58f0p9+r8ILD6/oN5dAg0fv7ZZ7RO2xiYfPvR25ckfong7Aq+/nURXwio/iSwYaDzg9m3+wKPEfcSvehr9yVf/vz+il77ta2XG99G5/OTjvv7+12eD/Wzz8vEAEew3yt8//6OoOedoC36X+BlesPXf/D9Gcg97Wuf7d9L9oqD1c8fzFP1oe9zMaD6RvaVg5XAvgq2/fzvdvbZv9P+3+m4nz/Z+z2i87pOn/0oPrzfiof35+PQ/kp0dWUgKMoDgWGhmNDegTk9C2nbFDQ3VqKqKB1lY4qQVz8TMWXzkdGwAv45UxGXXo7W5no01NeiuDAfhWQ5WdlkWagoK0JhdiqSIsOQEBmKqNDRCA3w4dINFaWlKMrJQKiPJ0FXMEFXMPzdnLnHyNvJEmnRQSjNTkJZXgrSowKRFOrN6wxWE8jUFmVgWnM1JozNQ0NJKgrjQjE2KwF1xVmYUFOKro7JWLV0AZbM6cCsiQ2Y1dGGmR2taGuoRGdrPSbWFPPC1GW5rA5dCApSIzCuOB1JIR7wdjCHq50ZbIy14WptAEsjLTjSA9nezIAnrhcW5qG2uhoZqUkI9PMk8Ezj3quc1BiUldDnJnjKSIxAdHgQUuOjYGthSMdFIyDAD4HBwYiOCoENtefh5ojoaFbeJhJeXh4ICQtDRGQEHBycuLm5exHsFiImMQVhBEixSZkorZ/KpRbi0tKRwAsypyCCQCs9l+ljVWFMZT1yimtQNX4K6qd2o6xxIiobJ6G0rgVJmYXILK5EUWUjwVU58qqbkVc3Ef4EVzFpefCPJNALi0NiZjGyiqsIsEqRkFWMnIIKTJ7ShcXLV+Lc6ZMYN64ZRaU1BF2LUVNbj+CwBGRn5WHpnGlYMWcSpjfXYO6UJrTWjEVLVRk6astRW5yP+bOmYe60KaiuqERN2ViC0nEEXR3YuGQeDm9bh9vnj+M5QdSTO1fx7tldPqPwJf1/5+JJPLhwBL33ruFD70P8+fYJDYhe4fPHl7h/8xIO7d6B0/t3EaRtx7E927Fv6ybsWL8ah3Zswtkj+3GWoOvYof1Yv3YDqmqa4eIVDhNLN4IjFw4qI2m0PFJJD2oaxgQ1FjA0sISZmTXBjzPsbL14AjoL3bk4B8DBmUFXMP0fBFt6UJpbecLM0hMm5m7QYbXwtG2os6cHpJ4DwY8NVNXNoaFlQSNqU+gbO/CZi2z2n7yyDociFeqgdPWtYG7mAEtzJz4DkYclXZhelzeBnzXU1I0JHqxgaupI8GYKBRV9qKibUGdizhP1lUYZQVnNGEZmrjClh7KNC0Gix2hYuXjD2SsA0Um5SCYQTsqvw+iIQvpeWzBm/EKMaVqCuQRZy7ZfxPaj17Dv1G3sPXEPJy4+wqmrj3CG7PzVpzh14R62HbyIBRuOY9aqQ+hasg8d8xlsHUXzjC0oGzcLWYWtCI/OJYgJ5549azs/WFqNhqVdIAzMvWFg5s0hS8/ME0aW3oKlhT+0zXxh6hwNI4dIjDL2gbyuGwGVB1RMRkPB0AMSarYYJmuAoawAMnVmg0TlISSpDMmRapCUU4KKqip0dLSoQ9Wj70yfrrs2lNQ0CT5NOFQFBATwWbz29g4wMbOAvpEhzEwFdT+VlRQhLCSE337vh99++w8GDxoMUVFxiPH6daMEdfqYxAErrcOESlmtQea1YuFADh+sjM5wLp3A8qe4sruQDA/Vcc2rX8DEE8oleAhQIPApxfWnBvDZfYIagwyyWNIz386T3vtyq4TEuQmKBws8T8ybxDxjLOl7MAMnAqpf0gQs/4qdC1OMZ+fA1MwZbDFvGvOycS0soV9yB1JcdoKV0xHA1VAeJuQzGJlXi6vSD+H5W79eHyTEZhaKcakElt+kTPefnKoR9Czc4BGTh9zmpehYfQL7Lvbi+PV3XNWdzRhkdu6+YP0wbV9x6AG6t19D2fRd8E9phEdYIbQsfaBv4w1Lr1gOHMNlmGq7Av98/ftmOrJEcRYeFBEfCTEpBYxUVIMOAbSTow2cXRxgZGwCM3Mznr+qoa0HGUVVyCmOgqiMIoRofybbIK3BZgRaQJIgiiW3s1mBDKyYB4vNLByhZIDB9P6DJVi9SA0MH6mDQRKqdA9qYjjB1VBpVT6ZgOlZMVkGcXkDXipHnHm2JFUxhL4HLu0hOpLnxTHNK2EZVZ4rKKVowotMG9n5Q8vMDfL0uxWSUkI/UWk+UUOUFSvXtISOuSvsPf3h4BsMB39/xBcnYOL8PGw5UYDNJ3Ox61wRrr9owt1XLXjydiqevJ9OgDUb7z8vwYfPK/Hu8zK8+bgQve/m4OXb6Xj+tgNPXjXhYW81Hryswp1npbj5uAjn75bg1M1KHLzQhL1npmDX6S7sOtmFHSemYsuRiVh1oAG//c2hg4DnBwOTXu7ZEYTK/hR4df4XPH55eBhw0HHfWW4SGU8SJzD69u0RwddzghGCmp8Met5zKOOhN7bk6wQqPz4I3ot5kX58FPzPwnQMlOg8fv74BV7vBPv/E777dV7My/Rnn5eJ7O8+AGTrPNz3lo799A8U/nMOdPy/P8/ff//4l/387/rPX9u+931uBl1fBdeGgE4Abgweb1NntQcHD41HZU0qwmPjMGHiVHR0zkRLWzu6Z0zBlNZxGFeWg/LcJNRUj0VETiNCcrsQXtAFx8BMtE5oQH1NOcFGFtLSklBSkI9xlRUEHAXIykgl6EhFemoygUYsMjJSkJmWgpjQQJ6wzvKr4iNC4ePuCAdLY3iyJPEgXySF+SE9NgTlOQRZGVGoyUvC9An16KT36mpvRkdjGWpyYpAY6ILq/DS015QQOJWivqwQPbO7sHD2VHRTR79i4TysX7UC3Z3tmNw4FpPqSqnjL0JpTiJyk8P5ZyojOMtNDIa9sTqcWKK6lQHMdEbBxUoPQaPdeD5VQoQfwoI84OPhgPzMFAT7uSE5JpgXmo4P90dxVhLKi7KQkhSLUH8veDnbIsibRszm9ACws4CtlSl1Pk5wdbbh+Vv+1KYb/e/oaMdL0TBF9ugYVqzZA7Y2DvDzC0RqahYSUwh6g8MRmZiO9pkLkZyeicT0bGSXVCE1pwj+UcmIzSgmeKpGSs4YFI1tQGbRWKTllyMmNQ+hsRlILa1HVEYJvILp3OIzeX5VWDxtLxmHeDomPCkHSUUVyK2up/9LkEbHh9Pr6bReOrYOUzu6sHLlKuzcSQCzfRs6p07j4cJVq9Zi5Yrl6OqciobqKi4+W0nf+RS6zitntWHq+Gq0VDA1/DLMntyCxd0dqK+tRVRMOrKyC9FK+48fV42Vs6fj+vE9eHLrIp7evoCnt86j99F1vHx4E49vX8Wja2fw+slNrpXF5Bx4eZ3XT3D72nns2b4VezdvxLY1K7BpxTKsW7oYG1cuwe6Nq3CCwOvCqSM4e+Iwdu/ag2nT5iG/oAq+fpEwIYAaqaSD4WJKEKWHqSyNmlVHGUKLHsB6euYwNbGDtaUTrK1cCBbcCKRcYWXtzpPebW0JYGx8YWE9GqYWNNK08ISxmTu09Ow5WGno2GCUphUBkSXBEPMyGZPpQ15Rh7+PrLwmgZEhRrEcMB0COoInps3FYM6ZIM6JCZjaCgDOkF4zNnOEniELQ5oTxJnTcWY8tMlgS1HZiMDCnkDGneDCiKDNCPbu3giJS0NqbgXaO7oxb/ESVLV0oaS6HaXjpqJ+yjLkVXWjevIGjJu6GV3LjmHuuvOYu/Y0lu+4gE2HbuDA2Qc4fPY+dh27ibV7LmPp1vNYvPkcVuy8iNmrjqGleyuK6ucjraAVUXFFNEgIgzebXekWAWfXCO69MjTzgo4Rg08X6Jl6kLnzeoF65j609OXhQXOXOJ5zxWYOqtFS0cATkuqOEFW1pk7PjIdpmBK3DIGwnLIWXUM1yMkpQEWZJa/rw9jEmL4vPSiPGgUdfQIrTx94eAnMjgYqRibsGusQBJvBwtIMGurqGDJ4GP7D9LH+8wcGDx4McYkRkJSWgwQLucpq8byugbymnyB36T8DhuH3vlmD3BhkDRLqgx6W1D4cfxCs/DFEkMP0S0eqP/deCXPNrH48zCbG5RoGCcn0wZvAu8TK4vA6gqKCpOeBItIcfni5nSEiPDzGjmU6W9ybxWCNjmPimkzTaigBGteAElMUyDcwbxX3NkkJvF2svYEiPKmea2xxCBPvm1EoxL1WbLYh81YJ6ucJvFjMoyXQBSO4on0GDvk1u1AMSnT/KWqacC+WjpkL7EbHIrKgDW1LDxIAPMPRa29w6s5b7rU6e+89ztz9wO3glbdYc+wxOtdfQPHkrQhIaYBvbDm0CcB1abBi6hZNoKEDSUV17oVjivN/0DX4J8FdRJIXeJZX0YSiijofrAbQs9jFxY5+Q5ZwdLLiM65V1TW5B0tOYRRGqmhBWkkTMqP0ITXKmO4pA4gpGvRpXBlCWs0CUmrWECEAEpJlie26EFc1I+CywlCmryarKdiXzS5U1IMIrY+g41ne1AiZvlAh7SfMw30qPKdKmCWtMwCjfZjmlhiBm5AUfSZJNUgQjClpWUKfniPa5l6QVDbg4MbeQ0LVEkpGzjBx8oFbcAg8wyIQSoP2nJocTJibha3H8rD33Bi6ptW49rwRD18TPL2bRYA1D+/+XI33f67Hu0+r0PthEV5+WEDL+Xj5fgEev55BcNVK1oT7L2px91kNrj6oxfk79Th5rQ1Hz0/HwXNzsO/0XOw+OQM7j03DxsOt+O0HD5H1wU2fZ+cnwcu/PTp/42vfUuDV+W8o7TPPV/pOwPGdw9BLQQju+xvu7flvW3Q8ActPBiscUv4SANLPv/7nvX7Bm8Bj9vOX1+wXFP38ytv4+xfw/H8mOE8GhT9+ve//8U6xNph95/D08ycDqr/B/tiCrf/8+TdfCmCLlmyfPtgStPXXP4Ap8MY9wp+fD+P0mU40jC/GzFlzsHbNRnTP7kFr20RMmdKO1qZxqKssRlN1IapLczGmvgOxYxfCK7keFp6JXDpgYnsbGutrUUFgVVlRhtrKUhTm5aCqph6N49sxprQMWZmpPGcpPjIIceEEVyH+8HN1hpONBS/i7OVgBzcbK6TFhqMgNQZFqbEYV5iB9qoSzJjUhGlt9QRKkzBn+kRMqMpDXnQAMqKDMb4iD/Ul2SghyCktyML6jZuwdvUqzOueip450wm0xnMNrE7q8OtLs1FXkoVxxVlorB6D5nFlyE0I4YnstsaasDXRho+DBbxdbeHr5Yzy4lw01FbzAtUTxtegvDSPhwXHEWg21FagsWYMwWchAVYKMhIiMNrFFn5u9nC0MISJngbsbcy4lIODtRk8PJzg6elMAGUJWztzWNPS3t6O4IrlZ4VxlfVA+lFlZ+cgIjwGZRU1yCkohr9/EHx8A5BbVIrS8mpU1rUiu7gK8WnZiEvPRWZBOfJpO8vHYrMHEzLy+Oy/orGNKB8/mXuriuomwi86BSlFlcgvq0N2WS1yqpoRn1VM0JWB0KQs5FY28FmGqYVjkVFYhbKqBvT09GD9ulUEUyuxmiBry5atWLd2A2ZMn8FV2jevX4Fjh/dg/ZqlmEUQm5OVg7y8QiyZORE9UyegODMHrTVVOLB5GTatWogpBGfxaYUYHRSF5vo6LJnVieUzJuPcvnW4c+koHl4/i2c3z+L5nYvofXIbT25exKWje3H9/Em8uH8db57ew+vHt2j9Go4fOYA1q1Zh2YIerF66APu2rsOezWsFtmkN9m5Zj6N7duDwnm3YsX0zFswn0KiqQ3BoAvSMbSElrwUxGq2yWUgSMmoYRcCix4CHgMaO1QZ0doe9rTuNkH257pWbWwAvHG1p40dw5QcjejhqGzpDg4EVmbqeLbSN7GFh5wl7N3+CLxeoa1lARdWEAMAACgRWDOI0GMTpW0PfgIyWbOYgS6w3M3eBNYEWew9bay8akTtCx8CWz07UYuVJ9G0ItOz4DEh1TYIsNRNo6lpzL5YEjbbllXQhTQA3TJjBgho06TN6+oejuKoGhfWtGD9lLmbPX4/O7jVYvOYgZi3dje5l+9G98jiWbbuI3SfuYPP+y1hNELX18A3sOXkHh849xOlrz7D35F2s2XMVCzacwfRlR9DcvQ1VbSuRUdACv4BEeHmG0/0dCTunEIJXOnczT+gbE0yZuNO1duNwpW0kKBmiTduY5pWZSwx0rYKhZx0CFWNfyGq78pwrcTUbgitziCuzIrraEJdRhbSsMiSlRkJSUhYqKqNgYEgwrK1LsKoEDS192Nm5wMnNG7YOLvS+ZtDSJ9B0dIEHAZe1jS1GKigTKAzG77/9wT1WQ4YMJdiVg5LSSGpbFuKyqrzgMgv7ML0iBkv9BogQiA3F7/2Gcs8R18P6Y/A/oUKBkOlAwTaCMF7vkIHKYEHSOtOb4iE/YTH8QVDyH5bPxJPGRQVeLQKgPwiU+tE619EieOjfJ1LKIYmHBYV4u1yviuVQDRTkRwnCZqLci8WEOJnCOZMEYOrgAk0tCe7V4jlazMNF4MV0sfoPEiTdD2SzBAexxPYRHKjYe/TnJggP8mLRHKyEuWeL5WKxHC0mg8FETGWVdSFDgwZlbQuo0z1p6RyEgOSxGNe9GdvOPMGBy69wggDrwsNPHKxO3CTIuvMB+6+8wcJ9tzFx3SUUTdqE4PRGeESVQIVA3Mozkns0RRU0IaWoiWGsTE5f7UZBWFAaImJykKPXVNR1YG5uDH8vB4QFutHSHgGe9nB1soS5hRH9pvToN6MDXT1DKKhpEqSrQ4TDD/Mm6QjAigZBzKTUrclsIK3lQOYIMVYlQMUUYqrmEGX1CGkpNlKf614JEyQxaRCWm8WWon25WAychFj9RiYZIc3ei6BMjqm363GY42FJAjRep3CkBoZLK3NJiZH0LNAyc4WKgSNk1C0hpmIJOT1XaJiPhq1XIPxio5BUkoyG6cUYN60A89YXYN/5Mpy7X43Lj8bhQe8kPH03E68+LSPA2oS3f24mwFqL1x+WEXStxKuPqwmwVuD5u8V41DsTT3qn4vHLybjPxEkfTsDFOxNw7lYH/cZn4eTVRTh2cTH95nuw59QsbD0yBb/915vz5X/sl4dHADR///0Lbhho/OiDnK//AqLPgpymPo/Vz77wm+D47xywOKz83QdafNu3/6732d99XrL/L2T3q61/gKcPfv7++1/2o2/ff7f5re/8v//3XP7+8S+wYstfhv9Z/wVdPwXn/y+4E3zuj/hOMPn3z6s4d74H02d0Ys3aTVi/fhPmzF2A8S2taGlpwvi6KoyrLOJlc0qzE5DDwn5FzXAKHwvXqAaE5k1FCnXUhTnpGFdVjrLiPBTkZaO5eQKaWgiuykqRn5+JuJgIxIQHIzY8EN5uNvB0tEagpwdC/X0R4T8aAe6uCBntzSUcWgjoanJTUJGZiCkERx2NYzGPOuzujhY0VhQQIKWhOCkCVTmJqMyKRw7Lz0pJxOTOhVi7aTcWdE/HjPYGLJrThYmNlWivK+clb8pzUjCpqRqTGSwV5KI8PxWBrlYIcLNDgIcDDwU60ahotLcXSkoK4e/hjOyMdEydMgkz6b1L81Mwdkwe2gk6q4oz0TA2HwXpichgies+bgSPIQSRfoiKCIb/aDZTzAo+1IYdjZ79/b3g6+MCN2crWNL/Pj7eiIoKRUZGGkaPHs1DGaNH+yMtLQ0xsfEoGlPGw4MJyamIjIpFWkYO0rPyEJOUgdTMPJRVNyC/dCxKqxpR1zYZJeMaUd3cQcBbicjkHMSm5tE6gVhmMTKKqxGTOQZJ+ZVILqhBQV07ymnfvPJ6eq0KPiHxCEukY7JKkFVei5q2TjRN7ERF9Ti0TZqMNStWYMWSRVhNoLV7x1ZMnzYdTU3NaGpsQkl5DXrmdePiyX1Yv2I+igsK0VJbhdriAmSmZKGjeTwv9Hxq/1Z0dkxDGr2HXwBL/o9EQ1kR5k9txcUDm/Di+kk8uHICN84fwv0LB/Ho8jE8vnoMFw5sx+kDe3D/2kWu8v768R28f34Pd64TCGxaj7kzZ2DNyqU4e2wvzpOdObwLezevxpbVS3F411acPrwXB3Ztw+IFC7hmV0xsChycPKCgosfBihWRZZClpKwHfV02AnaGM40g3d384ObiR/AQQt9LJMFxKBwcAzlg6RMwaOg68MT2XyrRI2mprMVmEhFwGdhDiUbB8vRglaMRrJwiC+0Zcy0rTS2B3IKmpilGqRnz2U88cZ0gTFWTjb7NqPNw5SrxTGPL3NID5lYeXMrBxIgpu1vR6N2QzIh74SQIQCTl1CFFpkCQpUSdH5MGYB4OKXqIa+iawck/AiHRaQLl/dKJKJ+wCFMW7MaKHZewZNslrN97DaeuPcSdp2+43Xr4GkcvPMTmQzexevdlzF19jEDsKLoWH8LkeXvQPmcHKurnISKqAN6+cQSgEXBwDuZq+doGznR9PKBvxvKtaJRu6AINNq1dzxG6BFeWDsGwcoqCiW0k9CxDeGK7vJ47ZDQcuSdBWF4fQrIaHBBYbpG0ggpGjlQiGFKFlp4RdA1M6HqqEbRSJ2tpCw8vuk4OrhilSddPi4mvmsLa2gGmJlYYIS6F337/gyeoM+vfvz+kpCSgrKwKRSV1SErLQpQ6OxnqcIVZCZNhYuhHYPEf7tEZzhXQR0jI4Xee0E6w9YegaLRg5uBQnuTOoIfBFxMeZd4uVvuPwxb3cvXNxCPgYeu/8qqY14iVyGHeqoHDpAT5Wlw2QRAO7Me9ScIcrFguFNezGjiMQxEPEzLBUWFxrgvFCzgPE+OwxIBrUF9SOzNWDJnNtmOeH1Z2h3mD+vWVzRnCkusHMXAT5mHBAQzcBgpysvr3CbX+Ez6kz8T+Z4A1lOBTTEaZyzQoqpvwmYRGNqMRlFKJmpmbsObofey68BzHbr7B6bvvcfree5y49Y7WP2H7+ReYu+sG2tdeQEbjckTmtsLSOwny+g5wCc6Eqpk3pOh7ZW2zc2ZhSYGGlBjPwZJVZDlVmjAy0kewvysSokYjLc4PYaOdaGBrCzd7Mzg7WnJvlpkVDW40WOHlUTzsO0JWHcOZyetCYpQxxAiemNwHm52qZOgJBUN3iGsQZGk7QUbHjuDKGMIEREy2QVhaEyPkmJK9FvdasZJMQgRSQmKC+obCUqoczllIlkmGCLFaltJqPBleTFHgOZOhZwErls1ESIVY0Wr6/gYKD6c2pDBSjZ4PdB3VjF2gauoJTatA6FgHwNrTD8EpMaiYmI+WuWMIesbhwLk6nLrFSuI04V5vB5687SaYWkqAtVEAWJ834s3HdQRXa2n7WgKstXjxbgWevlmIp6978OTVLAKsqbjxaBIu351EkMXK8c3A2RtzcfbqApy4uAAHTs/ilWx++1/4+C9QfeMg8wsuOJTw9X8Dzfd/QcfXf3l2PnN4+m/Y7V/H4L/r/7etX9t+/BeK8AvqfkHaz/+vvX///bP95/+1nz8FkPRr/X+P/Tds/W/b//2/7zr8/PEPcP7g3rg3+Pj+CEFVN6ZPn4O1azdi9eq16OjoJEBqRntbCyYQkNRXFSGP4CqfYCY6xB05OUnwjsyHe0IrgrLa6GHpj5KCHDTXj0NTQx0amppQVzcOY4rykUUAUpSXiaT4aKQlxyEmyB8+LnYEWLbw83CDj6crr8+XSGCVGk83U14WOifUorYkiywbcyY384LTLQR5VXkpqCfAKUiLRWFyJPdclWYT9BSXonvOGnRNn4upkyZgTvcsLF+6DEvmz0VLdQnGleWitjQHNSWZvN18Oj4jPgQpEb4I8nZFemIYAgmQPF0d6DxjEE+Ak5YYi7KSfEydPAlNNaXooHNqri1DY1UhxuQygdMsJISP5kn7rEh1eHgMqmqaEB8TBXtbc3i42sPJwQaBQUx40YqHKMLCAhAS4IvAQH8EBfkhIz0FaelZiIqO5YntwcFhSE1NR0ZWNldp9/H1R2JKEkFWOqpqm5CenYfImERkFxAIFZYjLj0faUyOIaMAidlFKK4Zj/TwyUUXAAAgAElEQVSSaqSx19JyUVTVjOzyRkSk5MI/JgNhKUUEVx1IKKxBfm070ksbUTVhKqpbuzCmrg05BFyZZXVobO/C0mUrsXjZcpRX1WPatKnYt28nNq9ejoMELYvmz0dJ8VgU5o8h8CtELlOIzy3GvOlTsXP1fMzvnoGK4jG8tt8EArGOtjbM7ZyEFd2T6D7KRWh4LNdJmzuVhQ6n4OSuDXh5+zye3LmAh1dP4+75w7h1cjcHr4uHduDqif24df4knt29iTfP7uP9iwf48OIerp8/hm1rl2LtsoXYsm4l9m1bj73b1mL9kh6s7JmDnRtX4di+3Ti2fzfW0rm3EPTn0bky5XM9fTPIydNoWU4NsjSqHDVKDzraJgQxdrCxdOX6VM4EOazmIJtJaGvvT9+hDwwJHlS1bP+RZRipbEoQZcoVnBVoFDqSRrxM2FBOicBJxYT2IZjSZQ97M4IFloNlCA0dawImBz6zkOVoKasKcqmYDIOKqil09W157UEugmrhCgNTghN9G67krqZlBiWCKwUlfZ78rqVLo14FbciTqaoacu+YmroRJNisqGHS+GOAKDemyK1I7+vgm4iw9FqUtKxAadtaFLWsQlnrWoKm3ehZfxzLtp7Dim3nMGfNCUxcsB+TevagZdYOTOjeiZYZW1HdthxldfOQkTueBg3x3HPl6BwGO4JPUwsCQls/mFKHa2rjD0NzXwIrByhpWEGLwMvSLgBWbtEwsA6GupEfVAy9oEydGyuqK8QT2VUxlOWyUGclRt+LgpoOdPSMYWhMn5PASVxBla61JgzMbGHv6gMLO2co0j5iUvKQkJaHAoHTKDVNDB4q9A9UcYHQ3/tBSHgElBTlIS+vACkZFQ6m4rLKEB/JhEoVBLP3CGJYCJDJL/zebzD3nIhJKxLkCICHa0Sx1xlIMcV0Lq3AcqP+Jdo5eETfrL0RghI7BCXMeyWYGSgI83GdrEECtXV+HIMqJirKvEV81pwY9xqxMis894qryA/qg59h3Js1iEOWJC9yPJRBFPNoiUjxkCJLSuevE3SJiDIPl6DEzJDhkgLhSzqezRjkS5Z7xaBygEDGQTA7UgBXvH5jH1yxkKEQq1FI5zZcUoGH8KTonlM3tIGelRf8k8eieuZWLN57E1vPPMGh669x8vYHsnc4duMtjt98i+3nnmPh7lsYv+QE0uqXIiJ/AjSs6D4wdoWVN5vo4AUVPWsORQysWHI7WwqJStJASBYjFVWhoaUFbw9HxEf40DM8EAlhNEj3IcByt4GLvTGsLIygo6NDAK5Jgx8dSCppQUxBC8OlBXUAh3DI0oMIC/lxuQYbSKrZE3BZQkjRhLabQErDBtKa1hCngZOUqgVGEIAzrxcL+4myAuNyBEkMoKRYSR5djBhJ/0vSYI0GBiJ0X7F6kayMkRAN3JgNY3lbLBeL3XPUxkgabMmq6HNPsxB9P4NGSEFKWUcAWaYu0LMPgpFzNHRtAmHrE4KwjDg0zSrE1qM1OH65GedvtuLS/TZcf9KGh69m4MX7RXjzeS0ZwdWn9QRX6zhYMXv+bjWevVmOZ2+X4tnrJXj8ej7uv5iNm4+m4eqDDly+34kLt2fizI1unLnW8/9Iew/oKq4s+7u7bZMFEsoZ5ZxzzllCOeccnnLOOeeAEEggksjZGJscbIMJBgwYG3DE2W273T0zPdMG4/2de+uJ1Pb8Z61Pa91VTy9U1atXVfd3z9l3H1z5YA4Xbm7E6XfX4U+PxdD0+BkYEaJEL0aH5iHjaVoNT9Jq8xEtIcXHUnlPokwvQNAzOPRM9Oh5SBJg6Gn0SVj/U7j7Iyh6cd2PX/gO/Ls+A2jPfv75aNXz2/o30OLAR3D16y/0yl9x//6r2Lx1Iw4SXO3auQ9T66bR19ePzs5O1FRXobujAWuG29HRRGBRkolygqx6goukgiq4x1YjMKUZdoFZaGppQW93B0ZHx9DaWIvm+io01bLIViYyEqM4gJUU5aE4L5NbLcSFeCPIwxm+bi7ISIrndQzrywqwpq8dW9ePY/PUEA7u2Yq5LRtQWZzD4Wi4qxFVuQmooxOuvaIQ3c21aG9qQG9nHwb7RrBuagZ79hzFjh17sGV6HFPDnWiqyENJdiwHq6byHN4KspMQER5MYJSC0qJi5Odlwd/LFX5utshNiUEnweFIfzemxgewZqwX68YHMTM5hKk1w6gtz0dWYhiBoj9S4sIQuzoICXHRCCQ48yOgYt5XEWGBMDbUhTtBJLNh8PL2olG+NxLiI5GXlcb1V8yFnUFUJHX2MTFxvKWnpiE9XXBiT0xJR3VNLaKiYxGfmI5aljIsrkBlbSOa27uQwWwWgsKRRzDF0n5ZRVUoqGhCaQNBnqgCOfS4on0UWaXNiMsuQ25tB8pbaP97p1DeuQYFDX3IqmpDZGY5Mis7qAPdhc7xTajrmcQowfbundtw8NBhXLxwHq8fPoy1o6M4un8Xzp46gnfOn8TJo4fQ2NCIAtpWa0sb6qpqEBWVwKH81bkpzE6OYKBvANXVTRgbGsSO2XUclFvoM/FxKcjNzsH68X7spN/6nTf24pNb7+Cr++/hwe0reP/CKdy7eh73Lp3C20f34cKxQ7h58Rwe3L+FH7/6GH/7+lP8/O2n+P7BB/jwxju4fP44zr1xECdf3Y1Xd2/Gvq0bsIfOm0M7t+A07Sfb3327d6Culm07HR4e/jA1s4aOtgn0dMxhaGgNczMH7uhua+3GHdUdnfzg5BQAd7cguLmGwMbWH2bmwoxBBlbqdONVo6auy4wGHfgUa7Zkrs46BDJGJnSzZDMKDWxhZ8tmELrD2sYTlsyM1NYbYcGRdA2Ew8XFD1YEURZW3jChEayxhTsMWHkcgikTWrIZg8zzysjMEVp6VtA1sqfHTgSD9jA2cRKe1yFAoxs2E9GbGDtwPy1HRwIzC2eoMu0Jt3TQ5DoXMyZAd4uCjVssXIOzEJhcj7z6DRygNux8E2vnzqOHYKt34xlM7n4HY3NvY3TuLQzQ/83De1DetA7pBGihYZkEoKHccNXVndVmjISjazhsnVbDyjEYJlZ+0NB3ggYdF30z+s4Ep6wkjql9ODSMPaHFyuCY+xFcOVIHZcpnUjEfIhl1oQPSNrKhz1vQsbSCsbktdE2soE+g5eTtB2tXbyhQ57mElRpRUoe+qTV0Dc2xdIU0/vSXhQRVL4sNQRcQeDB/LCWux5FV0oIcAZWcihFWUIe4jECOucC/zDVOgt6KwdOfxdGoP7PI1F8WPmPLsASvsPI4BEasRM7LLOo0XyhZQl6YsSd2dOeRpCWCl9VCAiDmyM5L4SyQ4AL5J8L1RUIKjs/oY2J6NquPpe+4qF1IO/KIGJvhx6JNTDfF0nXMH4rWyaBpiZQCJKQVBDsHptmifVtGx0JGVhErCU5YWywhieWSBIz0eBk9ZilABllLlgqpR7aNl8X7wb7rosVCdG4BnyUp6LKWSayk5yWxUlGDz/Jj+i9NUzoPHfzgFVeE0v7d2HLyA7x6+QHOvf8jgdXfcfmjn3Hx7s/88bHr32Hu3GdoWH8G2a1bEZbdAi0LH+g7BME+IAXqzPKErsMVzCOKAdZSSbG4XRorZBRpYKEDJ0drxEf6I40GxznxwUiLDkAUAZankwXcHM3gTfdwFycb2NqwiSDmXNwuoWTAmxTB0EoNC24kupwgi80eXElgJaXhCMlVdjxFJ6vJ0oYuUDbyhIqJD9TNAgi2nJ/MLpSQZRAlaPUkZDS4kz4zdmVQJaWoSwMDQ1rq8XSkBF13bGLGcrlVPIrGhPCSijq8PI6chiHk6RyWUdeHlCpBn4oOZAmy1GnQpG8bCAt3IWVqTNdrUGIiOtZU4tD5Vrx7dxAffjFOcDWEj78dxKffjRI0zeC7f2zFD/+xj6cF2fK7v+/lcPXVD9vxxfdz+PrHndR24Ksft+Hz7zbjoy834MMHk7jz+RhufzpN0LaJIGsrLn+4He/c2Y63bm9nEazfnoMOAUKeBY3n21PoEODot3kw4WkzMWDx1N6j3wG0/y1CJF4fh7b5lJyQTnyigXr8x3D0e7D079Gxx88t/zB69SRS9iJczUPmIx69+u23/8D3P7xLnegWrF23kcBkP9epTE6uw+DQCBqoIywuKkB1hYgDVXVxFtITwlBdlIO2ejYrrRWpTdsRkT8Aa58chKTUo39wnGCsD6O9zQRL+SjITCIoy0FhdipqyotRWVaIsqJciHKSUZiZiNz0JAKcfDTVVKCWIGqwsxZrBjuwkUBmx6Z1BFfT6KBtNdG2x/o70FZdgIEGETqqRBjo6UIzAUhLTTU6W1vR3dmLDes3Ydu2fdi9dz82rR9DT2MJOpqr0NpQibrCVJRkxqKY4Co2ajXcnR3gZG2BIF9/pCanIyMlBfW1NdgwvQ5TkxMYH+rF1Eg3Zib60NtUxaNYxSwdSPsdGewJO1MdxIf784s72NcFeSnRiAsPRExUCHJy0hES5AN7G0sE+XlAVJCLgoIcpKTEcfgK9PdFfkEhklOY8D8Dq0OCELp6NQryCf6KRAgPj+KRrbKKShQXs3I3JaioaUBVdQOKSypQWFaJjOwChBLQxKblE2TV8xafLkJuaT13Wy8i6ErNr0ZBdTsyigjUknOQX9uFis4x5Nb0IDA+B9kVLcip6kB0VhnSS1rpvZ1oGZrBxPpZvHPuBC6fex1X3zqJE0eO4NU9uzG3cQabZ6Z5ZPDts8fw8Z1r2LqBALi8Cj1trUhPy0RUZBw2j7Zj15ourB3qJljtxEY6nnPr19B504zG2makpmTRschAKUH1QHM93j15BF/evYrvP34PH7/7Jq6feQ1XT7yKu5fO4NaFkwRgh3Cdbe+9i/j23nv424O7+Pnrj/D1Zx/gzq1ruHnpLVw6cxSnOGBtxWECq33bNmL35g04snc3jh85hOmpKeTmFMHTKxjmNOrWN7CCto4ZgYo1LCyceBkaNntPsGsIhD0BFrNiYLP/bAlYzK28CK5coWngxCNYWgweCA7Y1GodUzcYMEd3AgltIwIrIyfoGDpCTdMaCurmkCdoUNO2gpmVJ6wIrsysPLhZqDVzlie4cnIOhj1BiZVdIAzN3Gn0bckjWtp61tSpmENNwwSauhb8fxb9YjMQVdRMoKBiSI0Jeo2gtopuzurGUFXVh4qKHn03pkMKgad/FDz8IuEeGI/w1GqEJJQQXIVDx9gFBjb+8IstRXBSLYJpoCRq247RrW9ies87GKbl2Ha2fAudU8fQPnYIlc2zSMtqQlh4Fny9o2ngEA0nlzC+/84uq+l7+dH3CoCJbQD0zLygZcC0aW4ws/Ej8AqFhR3bricdQxcCUSfq8Mx5ZyWtagoZXlTXGpqGDnQ8CVoNLOh91hwgLWxcYONEcGvlyM0cWdkWpqvRMLKGk18IDOhYspl5fxEbgDJIYCm1pcuYwag8ZBWUoaltDBVtC0irCZGyJSvVsUBCgcBFiuut/vzKMvyJ+1oJ8POS2N+KR494Y5AhwSHkL4skxDAmIdg08NTeSgIuGW67wApEc1PReU8q7tYuw0GMR71ekRCL1qWENCJLBzLXdeYKL9ZBLeCC82WC9YIkrZOVv2GpPLE/1UKWeuSzA5fxuoVL6XVZeWXIyChASkooYs1KBcnLy0NRQYGel+PPycsrQFlJBVKS0jz1t4ylFrmYXlLQmnFN1hKxAakwy3AR98mS4LDKdFlSBFgSsqzW4gpo0+9hbO8He584JJYNYMPrt/Ha1a9w4vo3OP/BTzw9+A4BFrNvOHj5K6x57X3UrzuNjKZNCM/pgIlrJEzo3NEjkFCm81rbzJl7fjGoEmoPymAZfX95AmlDQxME+LghZrU3MuOCUJQahszE1Qj1dUIU02Ot9kJYABsgWdH1YwhZFZamIyhSNsYKDTPIseLOdH3K07UrpWUDGR0HKOp7QMnAg7btAUU9V4IpNygaenDIWqnpiBVqlljOdFS6zC9LgKxlCvpYrmIkrFtWACdW9maZtIa4jBHTxDHXfSHNvURKmGzAYJF9J6FskRRBlzpWrjKGtIY5lHRYrURrGnS4QsPMDdqWfjBipaRco2FJg5cQGny3TlXh/K0BfPDFGO58MYSPvmEFn4fwybdDePDXcXxO7au/TVObxYMf5/DZd9vxyTdb8DG1T79lVWK28/bpN1tx/6tNtJ4NeP/ztXjv4zW4fm89rtzdQm0Xrt49gEsf7hMA649A5P8CRk8fP3pGpC4IzOejU/+XdNxTwHomfTjfxFDzbATtxe3/XyHr9wDradRM0HE9jZo9hb7nI1yPOEz+8vATnL+wD+Pjk5jZMItdu/Zi69wcent6UFtZhcK8TJSL0iHKSkJ9eR6aCG5qy7J5WZgigoz8rHTkVHcjMLMVnrG1MPFKRVBkOpoJfpqrClGclUBwlY/WxirUV5eirrIMDTVlqKsoQGWpCJUlBWhtrsXYWD/6u1sx3N2GseEB6ggnsG/PDmyenuDANdBKnXdDOYecPgKm5pIs/t7e7nbat3SCphRU0fqam+oIEPdgw8x2rF+3jq9nsL+Hvk8XslNjedQpPswP3s6WcLY2hqe9Bbxp1BPoYYfq0lwM9XVi/doxzKxfi00bZ7F9x05s3rAWve0N6GkqR40oDbnJkfz759D6QkP8EREaRLCYjqyUeLq4/XlK0N3DCQ42xkiOCUNooA9C/D1RX1+Lmppy6sSteeHmkuIC5Ofnwo0J+71deNowJysVycnJCFkdhtTUTLS2NBOUFSArpwDprGBzWhbCI2IRG5/MgSszW4TMrALEJmZys9D03FLEpuQhv7wFLT2jiE+j11LzkVVcjYikbOQQeFV3j6OgoRtppc3Iq+tBeccIipqHUNW9DlnlHYjNKEJlSz8OvHYc7127gpuX3+SeVSeOHsDta5fw5uljOHJgD/oIZkd7u7FjdhqH9+8imJ0kSK5BdFQiPH2CUUMQPdlRg/G2eqwfHcbmdWuxbmgAbXUNBLzNqCorR3JiGp1DOSjKzcX2qTFuPvr1R+/hxwd38MmNt3Hz7Ou4ce4YrtLyXfb4zeO4R/D15d0b+OmLe/jb1/fx1Se3cfPqO7h6/izOvn4Ar+3eTFA1jYPbt+DoXpY63IY9TAQ/twUTI6MEsCUICAqHpY0rwYo5N+bU1TaHrq4VdOjmztJtTHBuR1BlwWbvWbhwM1EjM1deEofprhhQsYiMkaU3jCy8+ZL9zwDLyMKLAwWLaqnp2EFNyxaKahZce6GkYUnP2UNFi6UTaXuGdjwVyCJdhkbOwixEgisGZxr0HuYIr0FNXcscqqtMoK5J0EWfU11lSus0gTKbWadqxHVWbN9NTJ24aN7MlACFQEKWzUyS0YSxhQcCI9LgH5UNj/Ac+ESJ4BORD+8IESKzW5FQPMiXZe0zGNx0BntP3sKrZ+/gwOnbmDtyHWu2X0Dn2jdQ2bYJmXldiI4pQlBwKjw8ouDgtBqOTiF0vAIJrHyhb+IBXQIoXVNvgiR2LDxgZuvPva9Mrf2hR8+tog5OSdsWcnRcZAmqlKmjU9SwgpquA3Spc9Exoe9vaMN1KYoEjvJqejwFJkEdFRvxK2gaQ5nAmIn49ahJKGniJWZbQJ3YUmlFrJRn6SsVbr65lDo0RWV1rn9jqVvma7SAOr5XmLB8mTSHCRatYk3QOgmRHAYYTFP1ysJl4ujOEg5UL89DEWvs80uE2n7zoMQiVgycXmKpQmaxICnPaxOymXtM9L5QbN3wMk83EqTR9v7CHN25AJ2Vz1nOax8y8GGgxdJ6SyUF89FFLO24SJjx97I4VfmyOKq2UFzvTpIgSk5OkUBKDrJyslBVkoc6NQ0VBagrK0BNhZmyytE5v4pH2KVlZbCCRYekpLFcmiCOFYDm0LZcEL6LgW/BAkGHxes8MihbqcCjVwtpm8yuwZDV+aRzIDC1Et3bzmDP25/h1ctf4tTN73D1439wwDpz+wccuvo1xg7eRsXY64grm0BS1Tjsg7Ogbc0sOtygZkTnroUnfWclsYO7DBe3S9C2NLR0aWBkTgNWFyRF+KE4PQLlOXHISQpFUqgvEsP8+cCXabCYqawWs2qgc0VO3YIgxoz7XikQWMkTRCkbe0HNzBfq5gHQsVnNzWzVWN1LA3fI6TD9lSMBmFCOSYLPHjTDCg5ZtlCm61WaQEtC2RDLlfR53UQWrVomo0XQrsXT28tYWlBajY6RKl6RkBfOCfabLhWniNmkBZ7Spd9XVh2Saoa0jwRZBICqzEuPBmLGjquhb02DFtd4mDrFwNE/BnHFeZjaU4dr90dw69MxfPDlCO5+PYJ7X4nb18O4T9B1/9sJ3P1qBne/2IgPv5yl5Rbc+WwLPvhsG+492Mb//+DzWXpuE25/ugHXPlqLy/emcJkD1m5cu3cY1z86ij/hd/7+t9TeH8PWU8B6Mvvwtz+OFD3/+EWQeSwWoos1XE8g6/fB798jYb+f7nv63O+971cxxIltGR4/qx97FrB+FVKgv/6E7/96CYdeY0CyCZNT67F+ZgajBDi1VSW8LmBjTQWmJocxMdqLwe4m9LRWo7lahIqCNOSlxXKRd1NdKeKzy7E6qxt+iXUwdAhFc20ZmisJogoJtqqLUJaXhNrSPDTXV6K2ohiVImbKWYC2RoKnvnZ0tjcShNWhq60J46ODtA99GB3pxvQkgRdts7+1nkCrCe1VBajLT0FFdiKGe5vRVV+KBlpvO8FbZ0sT+npHsXbtHKant2LP3iPYOLuFwK2LACwBsSGeyIoP51EnN1tj+LtYw40gyNxgFQI9nVFdlIXRvhaCuDI0lmWhm4Cqi6CuvUbEi0n3dXeipbGSpwfzUqORHBWEmIgQccmcYMREhsDcUBu+Xo5049KAg7UpYgmaEqNDIcpOQVdXJ4qKCmgEZoyAAH8UF4vg6uYIHx9PGm3ZICoiFBnpySivqEB+XiFWh0UjO1eE+LgkZGRlIT4xCRFRLJWYQB1cIqJik1BYUoGKqjqERsYhPjMfqTnFKK5qR8fwDErr2pFTXIXgyCRkl1SjoLKBWzMUVDYhQ1SJsIQMpNIyOb8SMRklKG0dRfPILCraBlDV3IWjr7+O2zeu4DNWcubcaRzYvhWXCHLOvr4PJ4/uw/bZjTgwN4OjuzZgbnocPXT8W6trUZSfT+DE0n8ZaKPfpbeuHBMEw5MDHVjT14PJ/j5sX78GO6g10b7nZBegtLAMmwiyzx7ezgHrH99+jG/v3cQXty/h81sX8N5bx3HlzBu4cOoo7lw5j89uXcY3n9zhBaN//Poevrx/kxeEvkaAdubV3Ti8fTOOH9yNt068htf278b2DTPYNrMO/T39SEvLhZd3MIyN6UapZgAVFQOoq7ClPlSYO7WqIZ+Np0egZWLuxFNxzAaBpQUNTIXo1DxgGVv5wFgMWTrMsJBujCy6tUrfkeuxVAmwGEzJq5pAQdWci+FXMUdoPTtq9tA3Ihii0bqFBSuh4wUrO1+YWNHS1o8gjx6bMXsGLwIvd2jS51ToBq+sbgxF2kdp2mdJZV0o0HfQ1DKFtq4FtAwsYWvnDDtbgj8TRxgQFJrZ+MDOLQwmtG4D6sQMbfzohh0F59X5iMjuRHxhPyLyepHXvAkjc29h82u3cPDs+zh05n1sI7jadPAq1m47j7aRAyioHkdyZh1CwjLgzErf2AXSPgdxyLK0DYCdUzAX/xtZ+BFkedOxcue+Vyw1aGjuzoXu+pasviDBFR0XaXVz3hhgKesQZBFIKmmaQE3fkgDMBDIqBIhyzLWcQElGSQArZr5q7ggLl0Co69lQ50nvo86JzWiTp6Zlas/h65VlMlgpp0q/nQ0BHUsBWWKJtAafoccBhZe2WcyLN/N04pP2El/OWzLwsjgLlgogxFJo827tvNTMSm6nwLRYCzhorRAiXmJd1nzJG+6kLnZ0FyJZK/gsQF5SZ5HYCZ6B3AJBNL+Aidjp8eIVLL1InfNLCwTtFU8pCtElljrkei+xyzsDI5YSZBEsRSUlqKmpQElRDmoEU0ZaqjDRVIalriqs9NRgoa8OezMdXsDe3sIIGuqqkJNX4PUbWfSLpQaZfmsRs4RggCWGuYViTyyWWly2nKXsVPn3UdOzhLlDEPTMPeAckoySgR1Y//r72P3Wpzh69Ss+g5AB1tnbf8VBgq7+3ddQP30aCRXM6meE+owo6Nr58RqBamZuWGXqKthZMN8wCaHu4EpZNegbGMHG2hKRId7IiA9BcRqrnUv3zOwYpEUFICHcD6lxwQgJ8YGNgxM0CdJl6VqWZ67tdL7J0jWnZOQGZSMv2pYP1C0CoGEVBDVzf6ia0fZpqUGgxSZcyOq6QkrTASs17eizDpDTdoAMrUNGg80qpIGTmTeBmL1Qt1DFCFKqpnQ9GvNoLBO/Mz8sNnmBRzBXCO76LJ38Eku7in9/PlGBO/Qr0np0CNgMIEvnsxKrBmHsBAMamJg6RcLYKQrm7nGwcIuCS3AcyjqKcPr6MK7cm6A2jBsfD+P252tw+7Mx3PpsFO9+PIhLH/Xj8keDBLfDuPnpBG59MoN3P9yEax/O4sa9jTwdyNr1+1tw9d4sgdU0tQ20vjm8e28/btw/Sus9/vsRrD+Cqf8duh49SRHyWYXcJuEhhxTxu55Zz4tRp/l1PMbT9OC8BuvXPwSsF8HtxeXT9z+f4nwenn4TxPxiob4QvXr0QjryN7E4/zGHq0e//hO/PXqALz4/j4Ov7sXmzRsxOjqCxsYGdBDkTIyPYv30NIYHhzDY34W2piqeEmSQ1FhRgOaaItSU5fFZhbUl1GmLiuEWmg/PqCqYuiUgKzsfnXXFKM9LITgRoae5Gr0t1aguFlKLE4MtGKIOd2ioj+u7RLlpqCovxlB/N8FVP4Z6OzDc3ULA04ZGgqqRHgKf5ko00efHuppoH/LQUVfCnxvvbcVIL3Xck5uwYfNhrNu4D7NzhzE9uw2ttSVoKM5Ecb6OS6UAACAASURBVGYiMuNCEehqCUs9VTiZ68PZQh9OFgZwpptMVKAfj5L1NhahPDeFR8uayjJQlBKOka562t9WjA70oigvjwAii7uxJ8cQXPl5Ii8rFXnZ6UhNS4CHuyM8XG0Q4O2EAA9Hgjp/uDlaITk+CkWiXAQF+SM8bDVKSkQoLMxHbGwc4uLjERyyGqmp6aipa0BnRy/CwqMQFBKOvIJCWm8G8kSFSMvIgm9AELx9/BEdm4CouHikE1QVltUis6AM0am5yC2pR13rAFLzS5FdVIPC6haUNnajpKEb5S19KK7vQoqommvn4nLKEZdRCFef1Ty6lZRTgqyievSv2YLJmS04euRVXDxzDNcunsT7Ny7h8tvn8PbJw7h4+hDXNR3dP4fdWzZiy8w4wcwWrOnvIbDZiE1Tw6gsK0ZBfh4GCJznpga52euudYPYMjmI7uZmzK2fxOaJMQy0dfKIUhbtR115KfZsGMEDgqq/f/0R/uu7z/DXz27jyzsX8O3dS7h75RwunjyK25fP4VMCrG8//QA/fPUR/vHXT7k31leffIAPbryDS+eOEQgex/ULZ3Dl/Cm8cXAv9tB+7phdj5GhQRQUFCMkOJIXedY3sOGicDUCKxU2I4qZf1InvUrLjDuxM7E4858ysfDgVgMMsJieSNvImcOCrgmbGedJsOUJbWMXaBBYaRFgccjSo1EogdgqgixFGkEzETyLaLFoF6vJZ+MSCg/vSG4s6uYaKBia+kbA2TmY4IrAjc26o+2wUiQsUqWoYsjBiqUD5ZT1IC2vBUkaJS+X04Sysg7sHDzh7Lca1rbOMKKOhcGbngnz5LKn7ZsRjLDokDtBlj8tvbj/joVrDLxCC1Dcsgld0yfRsuYY2qfOoGfmNI2SL2PjgSuY2HwG/eMHeUHnLFEHVofn0n7HwIGVwHENgy3Bk5mFD8wJtthxYClSAzMfAk4PDp3MqkGPHRsdK+hR56mqQx2VKhMMW2Ali+gZOnHNmjR1LisJqBS1jKlTNMAyWVUeJWEREmkVTchrmUCFwEvPwglWLgEwsvGm72RLsMuOsyNBrT2MrD05nL0iKU/gqcejjyztspy297KkMp/Vx6JUL887lb+0iEPUi5DF///zK3zJZwyKiyXzNN4Sae5xxQxBF/KUn4x4pqAgeP8LWy/Tbb0ibEMQqgtO7gyGmDZrsdh4lLmyv7yM4ExCWnAsJ4D6y/yMQdpX5jwulLURoO7lpcJMQw5q9Bk2y24hj5Cx6NZyLKPXZeUUoaWlARtTQ9iZGUFfk8BEXRkelgZwNdGChxkNAq314GdvghAXG4R72MPVxgSmhvqQlSGQkZblKUOWBhRc7IWU5Mti0TuHrEVL+Wus2DIDICmCA22CIjbBw8I5BMnlA2iaOYbZEx9i/4XP8NadH3Hx3s+4QJD16tWvMXzgBsZfvYPUulnElIzA0isJps5B0DR2hraVNy96LJizynLLCWbNIC2vTtenFszNTRHo7YKEMB9U58ajrTSdICsRoswopMYH0z3ZA5aWFnT9mtKAhkWwzKFIQM8iTvL6zlAycIWCnisUDT0JtryeQNYqq0ComPpyHzZ1i0Bock82PyjpukBB24lgi9mG2NK5SetSt8YKNXPI6zpwyGKC+ZVqJgRaxvSbGWKJrBYWS6sT0DPzV3VuncFMclmEa5GUoqDb4+78K8S1FeW4D9oyRcHElM1IlGaTVrStYGjpBRvPaFh5xsHaIw72PtEIosFxx1QDjlwawOlbA3RsJwimpvD2h2M48/4wjr03iKPXevDGjS4co/bm+3248P44zr63Dm++N42Lt2Zw+f1ZXLi9AeduzlBbj7ffn8aFDzbi0gdzuPzBXoKso9ROPY1g/f/VNs2nzeZThIJB6cM/BLfngOuJ5mnevuHR04jSM5qwZ6NS/++U5TOA9dzsw/l0469PZxcynRee+nw9nbH4fHTtCWAxgHz4AHc/PIvDrx7E7t07+CyxwYFBrF27BuvWrUdbSzPqqsrQXFeJztZ6DPd3op+gp72hDNUlGagszkIds2MoyEVOdi5iRAPwjKuBfVAB3EOzefHj8oJkVOSloTKfWkEqGsrzMNLXjtHBHq5v6mtvQEuFCKX5Geju7sb2XYewf/8Ber6Oa62aKws5dE2ODKClMp8+n4+qwly011dzwOppqcfYGEtvbseatVuxYdN+zGzah+GRtZgYHUYFwVJxOis0HYqYYB/4OljA1kQHjgRWrrYmsDbW4DeX6uI8zEz2Y+vGScyuHUVfC8FWSyXG6DuP9jQRdMUJgvbIACSF+6O8pABlZYXIz83g0akgHzcEBXggMMgbqqqKsLM0QbC3MxIig+Hpaoe42GhER4ZyR3eWBkxKiie4ioa1tS18fLy5bikvr4D7joWGhsLdwwtFJeVITExEYlIKgVYJktNzEBgeg6qGVlQ3tiEiLhXh8QRfFXUorW1DbmENMkVVyCqu4jMHCyqaUVrXgar2AaQTUGWXNqC8uRcJOaUoaxlGcUMfRPR6ZmE1MktqkS6qpM/WEYx1YWBkDU6dfAMf3LqKd84ew7sELRfOn8Hb5whYDuzCoe2zXOt08fRJzK5by8XsQ110rPo6MTXYi97WZuRmZvDIX2lhAerpPBpsrcFr2yaxaz0d3+Z6zI71YOuaPvR1tCAtNY/eV8wnLBznNQvP4afPb+Pnr+7ik5tvE1BdwKc33sZH776F+9fexmcf3iCo+gw/fHkfX9y9hq8/vI47l8/i+lvHcfHUUa4Zu3WZlc45j8tvnsT5Y4dw4tBOzG2eRmd3D0R5xQS6cfDxDoajozuMTexgYGhFzZqaLQyM6X8TB4IUFmVygJGZO0/9sfQggycdWuqbeUGHbtAsUsNAiwvcqYNhYMXTg9q20GF1xQiSNAggVtHN2ITgxi0kDfaeMQQhbnB08qXzJhxOrv4Ecm4wt6J9MXeBJkGBJoGVlp4dlNSNqXPRgJTsKkjTzVdqpRpW0M1aikbIMgRYzHlcRU2ft5WKupCRJeBS0oMMgZekzCrI0Ghai/bX3CUaRg4hNCoOoBt1NGy94uG6Oheipo2o7NmJ6oE96Jg8htLO7Shq28afax7YjfahXSipGUN2QQcSUusQEJgGd+9YwZLBLoDPqDSjZkDHw9DUk2vT9IzdebrUlGDS3NwD2voO1FkQKFInx7RWyux/AisVWipq2vA0oZoufVdNM6xQZGVflLg2RUJaEYoa+tAgiGKidz2CXQevYFg4BUCfrZf5jll7c/0bMzDVpWP68nI5yKjpwsDKEyuYb5GSMe/kmP+TUFx56ROoEqJUC8SeVkueRrb4c2K4YnUHGTQxyOIRJ0nuecXNOJeIZw4yOwY+k1DyCRBxKwUGJ7zen1g0z+0VVj5xdWeRLeb8zsrZvMIfK/ASKgymJFlEQ0Fb0O1IMNd1GT4jkeu56DM8KrZEENcza4klBEVMgL502QooKirAwlgH7jbG8LEzhaXuKlgbqMPX1gBeFtoIsjNAjLcNoj2tEUUt0tsB3o7MNoTOH4IsGWnaJtNcLZHg0ax5i4YF8/5YHLKWcUBkKc+VStoEIZY8gmtk6wPv2CIU9WxH384L2Hj8Dl67wlKF3xMA/ITjN77DnotfYNvZz5FevwXJ1WthF5QNExpwaNDvqEDnPavPx4xQmREri14x53YZRTVoaulAT08XHs62NGAO5GDVVpaGtsosFGbRfT4hFJGrfbmxMxO4axvb0HljA3kdG6670jD1gTpdryxCxcBqvq2yDOSQxQBLmUGWOasmQNBlHshNcDUsA3hacTkzIlUx40WeJRTYhAxDyOra8eiYpKIBnbP6fCbhCiUDgi0TGhgQdCkY0vN6WCGnCwkZHe6jxWYXLuJ6LHluobGIlux3Zp5lzCx2sZQKXQc69Hkjui5sYOwYCAu3GNh4JMDRNwEBMRmIzClEy7oG7L7YhyPX1+LItUkcvDqC/VcGceDyIPZf6sPeC+04cLEdR6924vA7vTh4cQivXR7HCXrv2RvrcJo+d+zKOmozOHZtBiff20QQto2AawcBFw2mPzghRLCejfz8XnTqRbB6XvgujjxxKPrXc75YDLjmQeZ5e4XnU26/PfHh+uVJFOm3J6D1Ilj9O2i9uP9P4Wp+/+bF8vPRsYdP90sMWI/FgPWb2Efr2cjbs1qyxzxS9z/473/exbVrJ3H02BHs3LmFG4q2tbWjsqyUl7wpLipBU1MT1zB1tjXxGYGt9eUoI1BqrC5Ea2M9qsuKeVmYvIw4ZJXWwiWiFKZeWbD0y0NYTArqSrNQwF5PjEBBSjR1uIUESFmoKc5FV2MFj2rVFhcQYGVieHgMs5vn0NNei9aqXJTQOlnEq6O5Bi20XZYeZLBUX1VC2xWhMDUaXe3t2Lr9EEYGJ9DfP4Xp2X0YGRohgBtEYU46UqNDkRkfjkA3ewR5OcPRxhTOtubwcrZDqL8HwoI8UVGYzT2eDuzbjfWTw9SGMNLdgPpKEe1jJQaay1FfkIiUCF8UZcfzGZAN9bVITohFSKA7wgLc4etiS5DlCicHS9jZWsLFwRZxEbTttHhkpyXQscxDbm42oiLCER0Vgdy8bJiamsPSgtk2RCMtIxPZObncoDMoMBjhERFcAB4SHI742CQUFJcjI49ZGyShoroRLR1DSEjJ5TYMSdQyi6qQnFWCjHz6fZo6UVLXhgwCrayyGlR1DqCytQ9RidlIzCxDTesI+tbvxMD67ajrm0RxYz+SRdVIJ7iq6xxB28Akunr6cfyNV/HpRzfx8ftXce3tc7h55QIuc9H7aRzZtxOnDu3CueNHcXjvbkwO9WOQlUtqaUFeVj4KmTi/pJi+fyri4pKRkyPiANlZX4mtE92oKiklOG7A2f2zeH37JNdjFReXore9FXs2TeHKid34/OZ5fHPvOu6/ex43L57C57cv4cEH79LyCj69cxUPCLKY8ej3X97Dd5/fw/2b79D7TuDc64dw7o0jtM9n8MF77+AWAdnFM2/gyIHdmN24HkODw6iprEdyUjoiwmMJcAPhYO8BKwtnmJsSBBkTVBFk6RnRDdrAGjr6dtAzdOFwpU8gxZqOkSu0Dd3E0RpXHrlS5Wk/B94YLKjTqJml9bR0bbmWSo1uwuw5HbrRazONla41bO08YWvrDi0mhtehz9NzukYEVgQTympG3DtLQUXwuZJknlArlLFcSo1gS4NHsGTkV0FXz4T20YoDop2dCyxZ+szCCY6uAQQ+vjAk8DBlKTz3eJg7R8LYIQj6BHrO1KmlV44iPL0eZi7h3LohrWwAhS3TyCofQm7VKHIqRpBTNoQMURfS8zsQGlOMwNUZ8PSNhyOtx8zME8YW3rwZmnqIj48HrB1D4MRG3fa0LTp2qxg8aVhCncEpQZcqARObxcXSdrKrmCO4I+RUjanjIahSoO+nSN+VOlVZdT2sIuhl0TdzB184e4fB0Yu+A0GVroU7zBwJ8KjzYTDF4IppWVgHp6xlS+sxwEJmGiqjwVN5L4m1Sy+JU38MsFhjKcBXXln6xCj0FW6HsETwt2L/s8K8zJaBfXahhNhjSoZHtNg6mSEo6xyXstqCTNe1RCidw+sJcrNQaZ4Kmi/gLACWtFBrcF7gziJYrB7hMsHTikGLoo45lslp8PI7S5ZTE7u/s+LQzER0AS+jIy7Ls1yOd9ZMq7SEtrVMYjlW0UDPyUwXQY4miHA1h7uZFpyM1OBrpY3VBFiRLmZI8LJGgq81EgOcEO7pCHc7M+jrMM8xOo6sNM0SSWoSAlQtleRRrOcAi0ViaCmtqAkFLXP6neygZeLCy93EFfeiqJcga8cF7Dh7H7vO3cfx977F6Vvf49j1b3Dw0jeoXXMSyfUbYBuYDcfVWVBh3lPqQqHnxbwUkJw4gqWKlXLqUF2lBX09fbg42iA50gd1+XHoqslFXXE6clOjkJkYjpAAIYKlrGkMedonFQN7KBkQoBvRIMjcl/tdaRE0aduEEEj585JMDKxUed1LPw5YigYevKnQAErB0JNHtLSsgqHKX3OHpLgINItcsbSePA2m2CxYBk8rlQ2pGUNKyehJk2EmpdSkVIy5mzszJF0mtwpLpdW5TmuZLA2aCFJZ5Ip5Z0nJE7yt1MRyWR1+3WjRcTGha8mCBkm2nnHwikxFZLYI6dXUL862YcPxEWw5N4bpk4OYPjWImdP92HSmG1vOtBDINmPr2XZsOt2JLad7sev8CIHWBIHWWrxKbf8709h/cZZ+j004cnkLjl+dw4mr23Hq2h6ce++IEMF6Cif/b8j6fR3UvIbpoeB0zkrU/PoPPPrtv56IxR+/kKabjywJn/nXv+m3npaxeRasnrdr+D2x+lNo+1WYHflYgKJnPbWeXf8T3y08fA7wnorcn4+ICe//Bb/86xPcvHUWu/dsx8T4IHo6m1BSmIeaihK0tTahq7sXG2c3YniwBy21pWirL0YNAVNeciRqirJRU5iKwrQItNSVEwhlo7IkB6sTSuGZ0AoL7yxYu0VTR5uCRoKq4sx45CWFEziJ0FiSxb2sagsz0Ujbqq+pRF9vPybXTKK6NAO1ZVloKM3lM/LyCKiqy3JQV5KJqrwUgqEs1NdW84hXb3sHRsemCAAHMTyyDutm92Nq/Sz6uzrR3liFxAh/BHi5wt/dCfZmBnCyMYOdjTlCA3wRH7Ua6clxKK+oxszMLA4RXE2P9xEodGGivxUjrVWoyo2HKCEYxamh/HvWVJZh7fQGjI0PIz87EasJ0NwdzOFiY0TNHN6udtxDKyY6HGHB/khNiiEIi0ZMZDgqywuRmBCPtNRU5OflIy4+AeFhUcjKykNmVi66e3tRV19H8BULR0dHHt1KTEgmyEpFSUkZGts6MTK6Bk0t7cjKLUEVAVRlYweyROXIK21EZXMPCkpqkE2AFRqdAhcvf8QkZaKotg2ZxbU8olXZNoCUgirkVXaisHEIBQ0DaB7diqbhWV5GJyI5FxmFVahvH8DGjRvwxsEdOH/sMN45cxzX3jyBB3ffI7C5gbvX38GHNy7h4umjuHD8CLYRtLBCz4fmNmCCzpU8Ar6MTBFPE2cTbLHoXGRkAsoIoMb6e7FupI/OlQo6h0pweMsEdk71o5DgMSM9HwM9vdhJ6zu6fT2unT+Eb+6/i+8/fR+fEFR98zErn3MPX3x0C99/9j6+unsN3xAA/vj1J/jbd1/gi49vcbuGi6dO4PihAzh79AgunDyGY4cP4sCOrdi+ZRabptdjYngEDTWNiItNgZdXCMGVO6wsHTlYGehbQ48ZJ7LUoYEV95vSY5or5nlFN2ktQ2HWIDMXZR5Y5lZucHb2hrmNIHLXI/BSpc5dWpFuqnRjZSajaquYIagVtAiu2FKFbs4q9LyKlhWUxMaDzDOLgZkWdQZ6hnYws3LlLvAGJvZQVKORMY14WSFnewdX2Ni5wZhe1yEQM7dygpObH6KSstHR0Yumxma0tHWhtLgG1VXtiE2vgE9kAdzD8mDrkwg9cy+o0r67hdIAKKMeNt4JcAlIR0hyCTwj0uETU4LKjk0YnzpI59QERDUDSMhpQWR6A6LTahEUQR2hRxSs7QNhZePPdVem3KndmwvZmTWDqY0v9E3daP8cuFUF88DS43o1pgHzI3Cwo45En9eAY4DFBL1yqkbco2sFASOb/i8jrwYJWRXIaxgSuJrD2iUIdm7BsHDwh46ZO8GUKywJrgwsXAkg3anz8eW14JYp6EFKzRKLmNaKCdBZCo5prphpJ9cRLeFRKR65mo9gvfzUgmHeQHReCyWA1mLBeFTs0s7XtVjQXc2XwmGzDhlMcWhaKmzzFV5TUEqAKwIRQXslzZ8TyukIju7seaYXYxodpjtaSO9ZKq3CtTg8WrVUjkdyWJ3BZQTZi1eq8tTTYilVXs5n0QqCEEl5SNBnlrPIppQSJKXkeapPXWklHI1ZSpBAy14PPpba8LPWRrCDAaJdTJHkbo7UABtqDsgIc0NcgDMsjbRgqK8LJSVVrJCUIViT4jDFi0MvXCp2eRfK63CneTpOErT9lco6kFenQYGWBUycghGUUonogi6Uj+zHmoNXsPHY+9SJP8CpW3+l9j0OX/4Kk6/fQenoG3AIzofL6jzo0TklQ9+b1ecTai3Kc2iVkFLmIndFVXXo6enB1cEaKVG+qBUloLE0FeX5SRywUmKD4UmDaT09A7qGLaCkY8kd1Jnmj6Xz5PVdubBdzZTOI7sw6DpEQNt2NQycIqBjE8qrCbBIlioXu3vwWphyui60dBU/puvfwp8L4hWNPCBDYMVNSOncU6CB1AolfciqMk2gGVYqGQsRLUU9bjrKrBoW0wBgqRxLHaryYt+LqS2h77ZQUo7/5gy6JGSZL5sJ9+ySZOamNFBQXGUBTQJXNjgyc4uEhVcMglOzkFlbhoqhFnTPdaNvbz96Dwyg82A/ug/0YPBIN8Zea8fIq80YerUFE0faMXOsm0CrH3PnhrHrrQlqa7Hj/HrsPD+NXW/OYPebG7D/rY149cJmHL00h+OX978YwZqPLv3fZv099ZWa99J6dibhf+ERL8Pz8CkkPfHX+lUcnfrXC9YOvzyxe3j8eN7Jfd7w9Ffx8o9nAz4FuHnB+rxA/mmEar6UzlMh/sNnygG9UBrombSi4BE2vx//ge++vY6Tp45gw8x6gpROtDRUoSAnHXWVJehsb8fk5DSmp8bR1lyFvo566hwb0dFYzIXtjawsDcFOd2sthnrbUV9egFKCqeyMLLhHlcE9phIa5iGITsxDXXku8pOjUJ2fiorcJDTTZ5kTOyuQXEuANTY6hMoyETLigrl9QltDGfJTQlFKQFVelAVRdgKyk0ORnRiBKuYMnpuD7g4CjuEx2ucmTM3sxPjazbxwdHNjLbp7ulGUn01w5QQbK2NYmBjA38sF8eEBiA31h7+nG1ISYlBXW0/r6eDRlzXDHRjqaUFPaz3Gexsx0duA9hr6Thkx6KTj0t/djcGRcdRWlyIpdjWyszNRWlWL2LgYuDhYwtbKFAkxYXxGISsy6+fjjeSkWCTFRyLQzwfxMZFwdnLhMwTj42MIQHJ4+Zv4hBSEhkUgOiYKiYlJBFbstVSeFkxMTEFUZCzi4hJR19iEevquicmZSM8Qoaa2BfnFZcgpKIOovJ72pR5ZBClhtL7gyDhkEyg1dQ2jtKGNi9szCbxSsooRQvCVmluF2s5xFNYQoJW2oKpjDHUD04jKLEJITDqaOlmNwb14i+mYLp7GzbeO49KZ1/Dxnav48uPbeHDvBu5cu0Svnce9a2ewf/tmvLFvDvu2TmO0tws5mQVITctFBcFraUk1gVYRgkIT6FikoI9BMb2nsboWFaIiTA934rXNExhqrUMBjcjKSiqxbf0YXpubwdkjO3H/+jl8ce8mr0fIolY/fHYbf33wIb57cB8fEex9c/8mvqb9efDBVXxy6zJuXX0bV988i9NHDuP4wf04Qe3g9q3Yv3UzdmzZiI1Tk5gcH0FLSxvBaw48vUJha+sBcwtbmBjZQkfHAurMDkHPEtoEW7oEVToEUqyWoIqGBb/RKahb8BSglqGLYNeg7wgDppcydoOuoTO3Q0hOyURURBw3BlVdxWYAWnBXd10CNEOCD02CCiW2LgZXtD6WTmTr1NCn9erZ0vated1BV4KnkoJyRIUnEMh5ITgggM5pe6zSNKFmylOZbDakHi2ZxkmJRv+qrCSPhjnUCOCYXszcORRmjqu5RkyOtmfuGg7vSBEUmXmioj5MHUNh6RELv/gKhGY0IzimGPGZdSiq7EFzxwgyiroQlVqPEAI1H78kOLNSOEwsb+rBy95YO9JNn+CJlwwydSYg1OdlWSRpZK6pb0Pg6QYja19oGjkLKRNWpkTFiDogfQIoC0gp62OBpCK3XJBW0eGu6ixFqKhlAmVdc5gSAGvSb8OmsutZefFolYG1G43qbWj9VjA0c4Eq/W4SMiwqoE1wtQqvrGA6l5VCkeaXlxFILcafX3pFnBIUQOov84WbxcWbuT0Bi2Kx18TRrXm7BzbD74ltwwLBtZ2l8VhqbiEvpCwpRMh4qpDVJhRmFvKUIluvuEAzL1GzVBC6MzjjEbAlzIZAkaeMFq6Qx0v0PyskzGrdLZFexS0AJOR1eP285cpCakqClWGhjn2FrA51wrrUtKkj1uLHTk6RRTbVoaSsCgMtVQ5YAXZGiHS3QIyHJQJs9Xj0KtrZFClelhCFu6AoyhNF0R4QRXvD38mS7pl6NNjQhaycPJ+NyN3cFy19ol3jMysXCV5cDLpYwejFBAkS0sq0TxpQN7CDS1AS3MOzkFIzipbpE+jadh473/oYJ258izc/+BGHrnyNAxe+RvumNwkY0mFL55YGgfpy2v/FMkLh6yUMsLjWTJo71rNySapqq+BIA9qkCB+UZUVxgTubRRgT6oPVAW6wt6PzXlufris6hip0jAh+WONGoVp2glhdh64/Yw8OUwy09B0ioW/PICscWlahPMKlZuJDAOVEn3Hk6UEGWtLsmqFBEksLMoNSOS0bPvNPQkmYASjPUoXyejRQ0MNyOT0+u3CRNCvmzXzQBJjiv/MyGf6bL5ZkPmLKwvPc00woobSUQFpe0xxyrA6niilUCBDVWOTbwhumdP1a+8TDJSQB8aJCVAy0oH59B5o2daF5ay/ad/Wja3cvevZ2E3B1ond/G/qoDR/uwJrXurH+eD82nB7CpjNj2HZuClvPUjszRdBFA+Wz1M6sxRy1XQRd+97awgDr8VON0e9EsX4vevU0tfaMpYI4wvREh8WLL/+DXpsXuz+t/zdfmoe97xG9/yFvD+nxIzz89ZH4///BL9Qecs3TI2oPxctfxe0xvfaYLx/R9p/9/yG9/pCtiy8f83U/pG2ydbF1//KrsO5H7DlxY///8ut/0/JfT97H9uW59f/6UNivh1/h/TtvYOfe7di1ew5bZteir6uROrgC5OVkfGOZsQAAIABJREFUoryymjr1eoKQMjTWVaOvpw29vS0YG+9Ga0M5ykUZKMhKJhgr4HnvdAY/ZbloqClFVEY1vFOaYemfB5ugPCSkJKOmOJtHvUT0mcaqcgK4ZjTUV6K9qRZFBGaxgc7Iig1AWUEagVoCKksyCWZE3EguOz0GCbEhqK6sQHV1Pdo7uzA0NIhW6qzXTm9DW2srctMT0N7ajNnNW5GWmgQ7a3PYWJrB2cUR/oGBSElKQGpiNLVYlJaVYS0zUu1uQ1sdPR7pQW9bIwa7WtFUW46GWjYjsQZdbbUYHhzE+k070NPWRPuWgvTkaOTTd/B2sUNGajJERSXUUSchOiIIYat9kZYUQ51hGD1H76VtxsdGIz09FdHRUfD0DkRyaip9RoTA4NVISslAZFQCVodGIiUtFZ6+/iipKENKejYiY1MQQ0ASG5eEnDwRCgpLkZCYxmcPBodEIDNHhIr6ZqRk5iM5U4T0/FKk5BQSbNUiv7SKe2GFxaYhMDwWngERCAhNQlp+FYrrWfqwC0W17UjILuYzDFPyapBd1YWKjnFkigik127ElSuX8O7lC3jvynncvHoeH92+ygsw3715ldo13L19HffpuTv02hsHd2LPti04vHcnZtdO0PnSioaWTnS0dXDj0dx8AsG8UhSKCKYH+ul4D6CjqZVgMQdFolJ01FajpaoCNQRkIvqeE/1d2LthDTcJvXTmDdy+/CbXU9197xK+uPsePqP24a3ruPzOBXz04U08uP8+Hty9ic/p+QsEhQd378JeVvB5/168fnAfDu6cw87Nm7BmclIo3dRN4NDSTtsqo98ljSAmiADLAQYENBpaTIxuilU61tBiUSpte6gSAMkrG0NOxYTf7OTULKFMN1pVHXsoadoScFlDVoVu3kqmNIK3hJVTIE/jjo2OEGhmwtsnCFYEcZoGztAxIgijGzsTxjN/KE09F+jSYx1jd6jSOtksQ1ZOg4nSZRSNOICZMTd3O3de1keSCWBXqPB00TJJZUjJqFCHqgZl6kyU1Y0gp6TLS/8w/ZW8sh7UdWx4UVnmlcUiZrY08nUJSYU2wZAWNXUjNioOhW9MKfwJsIKSKgm+ihGd1YKMsn5kl/YgiR4HR4jgxHRbTgRjtoE8zanLPmshgJYeE/VrWXJHfEGQrEn7S5Bq6MA1JCz9KcvqsKmbcbBaQR2IHEGBtIIW150wKwZZFV06loY8iiWlok37TceClfyRUeUdlQ5BmpalB/f7klPSoe9rSBBJ6yRAW8R0LEzLtEyOa6RYY87pf35ZqB0oRKrEkSmeDlzKNVMLODBJiB3ZBdNPnvoTR7peEkPYS9zCQYJrqITZfkueQJlguSA2DeXRKUEE/7IYoARwWyoUUl4oNhRl214yHwGT5EWlmb5qEf2ey+l3UzF0hwKdezJqFgQHZljGyrKw9BJLS4nTTqwDZ505a6x8C59VyuBKWZv+V8dKaQUCLHX4O5oj0lPQW+WEuSLO1xphzsZI8bVDpr8dSqLdURrjgdJoT4gi3JG62gOBbtZwoEGjjJwiNypdsoxgcvGyJzUKeSSLzyYUp1FZunC5INRnYKtAgxQbzwiYu4cjNKsJSZWjqB3fj43HP8ThS5/jzTs/4o3r3+L1d78jwLoAj/gamPvEYcUqE54aXqGkSVDCCmArcw8sVi5n+Up5PitUTkmV7u9mCPNzRnpsEHJTIhHq7wxvDzsYGdKxkVEmKF3FqwEsltPFYjo+bLlEQQ/L2Iw/brVgx+0aFOga1LIO5tGrVRaB0LYNhSY9VjVnlg2+UDL04J5YcjTIWkEDoqU0MFhOgxgGa8yygQGWHMGaspkHlOh6UDNyF8royGoT7GtywfpCJnDn5XNUOTixgt6LmE/WCiH1K+iw6HqWUuGFu4XzWIrr25bQZ2VUDbjkQNOEgJCuNXYdMN8we79EBCVmI7WyBGVDjajf0ImWLX3UetC6rQcdO3rQf6AP/fu7MLCvA4OHOjH8ai/G3xjAxDHq106OYfOZ9Zg9vR4bTwlt9uRabDq5BrMnxnjbTI//9Ju4Lt9vgi07ns7o+33bgycpwd9+e+IbNZ9OmxeBP9Fh/foz/f/PJxGj+cjWQ3qNgRV++x9a88MXoI4B3yNqv4jbQ3F7JG6//mEq8/f/fhN/5tdn1vsv8fLRC8//8jvPP36mPRJ/9it8eusQjh3ajVOv7caB2XFMdTeiVpSJ0owUVBfkorWiAGVMWxUTiu7qAjQWpqEgKQQJAY5I9HdCToQXjXh8UBQXgHw60Wtz41CUGIqs3Er4RlfBzisLdn6FiEvKR2NZJhpEKWgtLUBbZTHqi9JRnhmLjvIc1GbEoK04A00EMFWpYShNi8BAax3qaH2tJWloLMlAfWkRels70F7XwCNOPU111DHXopdgqKUwBS0l+ehqrkdJZiICXGzh62wPdxrlOFqYwNvZCcUZiSjPiKV9SMNgQxGGavMx1FSKubW92DHRjvXdNZhoKcd0exk68qJRmxqB7goRNo0PYLyjEiXJ/ihICEMugWQuwV56qDci3CwR7uuASF9HpIZ6IDbIDavdrRFF/6fFRKIgJRbZ8ZHIIbBzs7EUaiwSgCWEByODQE+UlY3o4GBEBASgNC8HdeUFSImNQKifP3xdXZEYEYX89HSkJ8TRe/zps8kIp2ViVBRS4hOQGJcIf+8AiPIKUVZagc6OdowPDSEnp4ALp329AhHLIC0pE5l5Zaht6kZZTROqGtoQR7CWkp5HoFaCwuI61LcPo390BmNj67Bjyxacf2MPvv3kBv71w2f4nx+/ws9f3sE/HtzEP7/9EP9J7fv77+Lnz2/iu4+u4s1D23BgZgx71w3i5I51OLxlEpdPHUQzgXR6QgpK8vJRnp8PUUYmagrzsH1tHw5MD6EyPxvZBJB1eVkozcpASW4+6gns68uKsaG/CYc2juLwpjFcfm0b7r19FB+/ewqfXD+H7z+6ju/vvYvvWPrw3hX89NE1/McXd/CfX76Pr++8jUsn9uPw9lm8sXcrjmzfQL/xCKYGOzHU3oTuxjq0M7BnprPlRUiKjaGbtT201bWhpaYNDVUtqKpoQI2NlOUIXOhmrSirDFkGDdJq1OGwgsM6UCCIUVMzwCp1Az4DkYnKFZVYWkUPcnRzlaWbu7qmEUxMreHs4IoA3yA4OfrAxJj5VDnRc56wtaAlgZOpiT0MacTP3NeNDZipqCGUVbSgqKgBecVVkJFWgjR1LlKSspBcLgOZFbSUWEmPpSEvowgV5VXQ0DCEvoEldPXNoa1vBnVtAj66wSupGnFgZBEOKwIkK7cIAhgNXqhXx8yVQMsDZs4hBFiFCI4vRERqGWKoQwyKr0QgAVcwLUNjK+AdkApbh2AuZtdhOiojVxiauEND25ZAxxwKbHo5de7S1LGtoM5DgjoLFebGzuol6tlwcGRNmmBo2UplDkgyClrcgJGlAeXpODK7iZVKOlyPwv5nnld/XijF4UrN1BVymhZcHMxG+yxdxsq0LFmpKECN2ObgTwyoGMSIXdn5jEFx7UD+eCHTE63g6TyepnsCT4Lfk2AiKsw05M+JjT6ZLQGzTfjLgsWCPcKieX3WYsGUc/GKJ2ajPH3IROwr5AXgmI98iQGO7+siIW3I0ocMsFhHy7Q3zABVimnuCEiZW/gyaR0sZ/BEoM38u5gTuQwDBOrsecFhgqxlsjo8cifJNTyadHxUqYNXJ8hVgZqKCuyMtRHrY4toLytkhrqhIMoLMV62SPS1R3G0HzUvVCf6CYAV6YGcKG9kRfog1MsB6moqkJSSFVzfxdqreasGljp95UlEaykvaM2gYMHS5Ryw9aw8YeIcCN+4IvgnlaG0dxvWHr6OQ+98xh3eT974HseodW57BwHZndAgWF9MAMIE38zlnAEJm0m6RIqlClcSfMjykjJSBHwmxgYI9HSg+6cHQryd4eZsB0NDXUiykjOsNiMz9pSj84uO13K6BpYSXC2ebzTYkNKypWPswIs7q5j5QtchHNoEVloEWIZO0dB3joG2fRj3ylqp6QBJDVtIadpAUtOKR66kafAgw9bBIFjLDtLMdoRFoY1doaznRL+bNhYSLC0g8F/AopNSStx0dPFyJSGCtVyWz/x8mTnyM2d+VrKIrm2e4qXzgKULWfqVgeUygkoZFbqvaDMDUh+6Zn2hbxMMS49IeEXSQLwgH3kd5SifaEHtdDsaNnWhcVM32rf3oXtPP/r296FvXzd6qfUf6MHwkR6MvNaLNW8MYf2JNdh4eprgagYbTsxg47H1mHl9LaZeG8eaI/2YPNLLij0//LcZc8/PnPsDX6nHT0vGPJ0t+PiZmoRMi/UjHhFk/cqf+288/PUnPH70LbHKT9T+E39/9E98+M9/4s2//xeO/vQfOPTj38XtZ2p/w8Effnqm/U1of2Xt77wd+P6F9h1rPz9p+1n79m+0/ImWrP2Ifd/8gL3U9vH245O29+sfXmg/Cu2rH7Dny79i75dsydr32PnpRxi//Daajp5Fw5FTqNxzCAWbdyJlYgPS125G5rptyNuwAynj00gen0H2ulnE9Y8hqnsYUT3DSByeRMLgBDInZ5G1bhNiekcRPzCOhKG1iJ/YAb+eOTg3TsOpcQM8WzcgdmAtvX8drXsOOdM7kDqyDmlraDtrt6JgZidy1+9CxpotSB5k75tGytgsUobWoXDzfuRu2EP7sQNJo9uRNDZH29xJn9uJ+P4p5EzRuoY3IKpzDQIbBuBT043VbePwqOqDUVo5TKg5iJoR1TVB65tG5thmiNbNIWuEvtPEVhRu3AvR1HYkdE8gvnMCeeMbEds2hIjmUeRN7YNoejfi6LNRHWPwqepCcP0gQhuH4VsuPHamdXuWdMIhtw4uoiY45jXCq6wDvtXDiOvdBP8aek9hGxxF7bR/43AsaINXxQBi6TXPskG4l/bCNLkGrkXd9B3WwaO0H27FvbDJaqHXhxDStA5hLdMIqJ2Ae8kgoru20G8wh0A6tq7Fw3D6/9h7C/Cozm7tHwuRSTKZJCNxd3f3EIjiBC3FraWFQrGWthR3Cy7FoWjw4O4Ud3doS6HQUqzv/V/r2XsmQ0pp3/M/3/lOv3Pmuu7r2bPH90zy/PZa67nXh6NR2H8Wan8xG20mlqLe13OQ1m0cMj6ZiJw+09B07BoUj1qJWv1mIqPHJNTsMx1FXy9A3udzUPDlfKR0K0FOrxkoGLAYDYetQFH/OWg5cgUdn2/Ra85WDCk9jBEbT2HEhpMYStujy05i2Nqj+HLBdny1ZDf6k/p9swVth9J38+UsdBm7FD2mrEb74fNRr98MpHYei4wPxiL7I/pOOo9GUc/JeH/wPHxI9yvuNw2ZnUYjl27LIxV+MgX5PaejsNd0tKXP+OGoxWg5YDY6Dl+E7iWr0W3yWnSdsAZ9Zm3DgEX7MGjZIfoHcgBf0/bARQforG03viL1mbUFHUatQtsRy9Hi60Vo0G82aveahvzuJajVdTxqfjQBtT6eiIxOYxDZ7Gu45vaANuMD6DI+hDb9Q9indIZtUgeoEtpBFU9KaA+bhA6kTlAldYEq+UMaP6DHfAyn7O70uI+hTZOkS+sGderH9Bwf03N0pfvR86V2h0NmTzjX6EXqA9ec3vDK6we3nD4Iqfsl3Gp8So/tAcfMT+nxn8AuuSts6TV4tKfHq+K6QBnbEZZRbWER3hqWEW1hRdtW4e/BMqAOFE5x9I/ZEzZKDTzcfREQmgD/4GQCmjD4BPOKx2QEx+UiOr0eHDzC4EggoyVAdHAJhndIKtLzmqFV14HoP3I+Phs6Az0HTEPn3uNQ573eyG/0MTILWiMhqZDAMB3+gdw3ka0oEkV9mUbjI4rvFexczqDA7VmsNVATbHJEy82DAMs7Co5eUbBnjyC6ry1N/iqNO6wJWDUuNHG4+pMI0GgSMbd3lupvCE6qmKvEyiyVWwRM2HGd61XosQwQwluI4UUAkpzy48bLFpIflYm5vZyqI/ARKUIzYZ/AVgpmXCvFESe5qbEkC9G4WawOZIsEEwu5PY2V8J2S3NUZqBguJJgSwCTbPlSpLvldmcotc6SmzioBUVXNy40lpUiZfuWhFMViKOJ0qA0dB1Nu0M3HyDWM4NFTQJQt1/S4h8PGJRTWBAyWBPjmdNytGVbVHAGk40XAyU2jFXT8GFqtbJwJej0R6OuDiABPhPl6oiA1gk6OE9CubgY+bJKHwuRIdGiQSSeTBfiifT180iQH3RvTCTOdNPd4vwBtG+Qg2Jeg2U4HJUGWidz0WUoXWpbDlXCct4Q5R7kIFFjcdFrt5g+/iDSEJhcgvS6dQA2aj0mrj2L1gevYSYC148yPKDtxHyOXfoe89kPgHZUDpYOvtJpOQImDcHNnI072imKjWWs62bCm9+Pq5o6stBhkJIYiKjxQ9B1U6xxRjW0l6Bgq7OnYEfjbeseJxuEqdwajGCjdo6HgSKBLGCz5eJLYmV3DvnVsOhqZD//EevBPaQSf+HoEffnCtoEL3x2DM+m+sSKSpXInyKLnU7lFQskpb45o6Xwla4WwdILgcBFFY0hkcX2hhV4E0zb0+7fRuQvA1teySU3F3aEmILRzDYYFnQgpRG2dA0G3J/0m/KHzjiHIyoJPRE0Ex+chvlZ9FLZpjQ4EWF1H90PXMf3Qc/pX6DtnMPrPG4YBC4cRWI3A8OUjCbJGSLC14muMWDUIY9eNwIQN4zG1bDJmbCawKpuKaRsmE1yVEFyNw9iVwzF6JQEWg49UJ/Uvue1NuSquoKtYfyXql2DkHfUvfaG4FMF69fqeaIYsXM8JtPD7LeD1HRx5chcj7txF28t30OTCLdQ7fxNFZ2+g4Iyk/NOyTl1HHuukpNwT1yQdv4ZarGNXJX13FTVZR1lXkHNE1uErqME6RDp4BdkHLyP7gKz9l5HF2ncJmay9kjJYey4iY/dFpLN2ydp5AWmsHTzSfXZfRfZe0h4eryNn3w3U3H9TjDX2kvbcQM7em2I7ezdv3xKqsYf27b6J7F03kLnzOjK2X0PWTtrewbqOzG30PrfT+91xDTW2X0XWtqtI33KNdBWpmy4jpewy0jbRNo0pGy8jaf0l0kUk05i8nvZtoH3raN+6y0hYfZ50AYlrSDTydnzpecSvOk/XLyFu5XkS7V91EYml9JhSeszKi0Ipq68gefVVJK68hNhl5xHz7XlELTmLyEVnDGPEgtOIWEjXF59D1KJzCF9whvZL26FzTyJkzkmEz6P7zT+LqIXnEUHb4XPpMfPOImzOaUTOOye2eQyfcxYRpLDZZxA66xSCpx8Xo3T9NF0/idCZpxFCY8CUYwiedoJ0EmEzTiNo6kn4lxxD4JQTCBKSrvtN+M4g/4nH4DP2COkwfMcdhd/474R8xhyB95jD8BhxAJ4jD9H1o/AZfQReIw/Dbeh+eAyj/cMPwXPEITG6D9kP96EHaDwAj6EHxeg2aD9cB+6j8QCcBuyF41f7oO2/G/b9dsC+73ZZO2Dbezvs+vC+nWK0603bfXZC+9keaD/fC3Wf3bRvJ+3bDW3fPXD8fB8cPtsLXT9Jmj57YPfpLqg+ocd9uhua3nug7rVbEu2377kLdj12wqbbDlh/vB02H9P40XZYfrgVlh9sIW2FRedNMO9YBrMOstqXwbT9RhKN7fj6Jlh02Cyp4xYohOjxsnhb0UGSVUd6jc47YNOFXrOzkTrthFKvjix6Hx1I7bfDqp0ky7bboGgjqzWL3hurlZHe3wrzlltg9t5mmLYgNd+E6s02waRpGWkTqjbeCJMmtI+2TRrTviZl4rpJ402oVvx2VW1EaliGqg02omq9NahaewWq5c6BaVwvKD3ToWaAsXWGilcZErTo3ENFkbmbD5116zzh7huJoEh2mufefbGoww7vddqjoLibgKqCpp+iUZuvCKw6IC33fSSlN0BIeAYCQ1Phx82tPaKgdaGJX+sNW15WThOgBYGFJYGFSuUg9jvShMMpQg8u5KfXZ48rFdcJ0XtSMlzZOkLj5AE7R3doXbkw2E+cvXP0woTO7k0IsLhgmJfBC7giKQgsTAiyFNaSAWVlud9gZe43yIAkCsolsJJW6NnSfktUrcLRJ7nFDbenqcp1VgopNcgRLXNr0cRYFLtXN5dWx4mIlUV5/ZWZUjYOtZYiVEbpPxNRt2VZ/ny8QlAGK2ELwXAmVhHqzSVVAva4Z6E916LRhG9u60pw6Q6F2lNYS9jTMeZCaXt2H+f78IpLggFLrS/dxwtmNBFX5+PFXkvsGq7xgopbthCscRG8tR0dY7UzPNxckZMUify0aMQH+6F+VgLeK0pH95ZFaFU3G+/Tdp/36+KLdvXxZfsG6NEsDz2b5qJvm9ro0CgHGXGhcHHmyK2LbDchWU+YmVuVm47KUS1hTipGK4IIO1F0z0XvOvoM2XXb4qMh81BCJ2kbv7uDHSd/EK7uW07ex5wtV9CETqois5vA0S9OWjFJvwPuc8gWDRb0W+DUmb7QnVvmOLp4ICQkGIEBfrTtKhp9i6bQBCNK5wDo6HfKNgvesXXgE8s1VUVwDMoWbW+sGa64UTOnWp1CCJYiYMfdFvwzxKpCt4ha8IopQkBiffjF1RGrDT1i6fHhOVD7JUmARdDP/lf2ntECpjT0O+cIq5IL2um5LegERkfXtfQ9KtmrTssRRj86YfATvnW8OpSh2FxApEb4YPFKUDMWf2Y6dlY6L4I0XuzhAjsXX3gFxQkrGHc+0aHPFhCdj6CkXNRo3BSt+3VH5xF90YUg66OSfugxcwD6zhuCrxZyFGukgKyhy4YLyBqydAiGrxyGMWtGY/zaiZi0fiKmlU0hTcXUDVMwad0kjCsdizErR2IEgVklyRT0udEqPVlGzZr/mCqU+xfqmzwbisL1Repy/dXrB3j9+gle/f4bPfAervx6BYNu30KDi7dRl8CqmNSY1FRWMx7Pyzp3U6jJWUmNz8gi8GIVn5J18gYa6XXiulDD47KOXUMD1neyjl5DfYKw+kck1WMdllSXIEzooKQ6B2QRhNVm7ZNURADGKiQIKyAAKyD4KiDwyifl7TiPvO2ScrexziF3q6RaW84K1dwsa5OkHFbZGUkbz6AGa8MZZK8/gyzWutPIJmXptZa05hQy9Votq/QUMkpPIn2VrJWyVpxEmtAJpC2XlLqMtPQ4SRpTvj2O5CXHkLxYUtKiY0hc+N0ftUAe53+HBCPFzz1qUNycI4j7hjSHtr85itjZR0iHETOLNFNS9IxDQlHTZU07KBQ51ViHEDHlICImH0D4pAPSWCKLrodNZO1H6ARJYTyO34eQcUYauw/BrDGsvfK4D0Gj9yJo1F4EjtxD2luuEXsRMHwP/Ifvhv+wPdI2jX5Dd8NvSLl8B+8S8hlEGiiLt7/Wa6fY56u/PkCS91esnfD6UtYXO+DZn/T5dnjo9dl2uLP6bYNrn21w67OVRlLvN+XSayucP90iqackpx6bhZx7bBFy+mRzubpvhiOrm5E+3gwH1kesTXDougm6DzdB+2EZtB+UQcPqshHqzqROrA2wZ3XcALsOrPWwbb8eqnbroGoryabNWkmtJSlbyXp/DaxZLSVZ6fXeali1WA1LVnNJClazUklNJVk0kdVYknnxKkmNVsGM1XAlTFkNJFWvv0JSPUkmdZdLqrMc1Vi1eVyBqnVWklajSr0NqFK0EiYxPWnSpX/0NOHwEnANnVXb0D94LUGMh18kfIOTEZWYj9iUIhTVb0kAVQSNSwhC4opQu9UXKO40BCm12iAhozmSc95DTGId4QHGRqu+/nFwdguBxsEb1jTRWRIsKJX2BHQaseLM1t5F1I+5eEbB1SOSJr8QYTPB6UBbggIbrYeITGicPKF19IDWyVuczVsImwOdFAGiSVTpGgIzB3+Y0fs2VbnByjlEQJapjYsAncqVq8mrAKuLYnX2g2KwqswQZWYrVt/xij0RgWJAYnH6sKpCpAzZmoEbOIsmzlXllYMmFoYIjYlsqmkirz4UdVtmUnNnhrjqsv8VRx6qy3VX7NtU3cRKvJbk0i7VZFWRXeD5vUgteCxhRUDEKSUzG1eYWekEGPFqNAYoOwIAjmBxalBFx8/OjQCVFwMQqChdgoWhJffAs9T6i+JqrtFi53BLglcFr1QjwOIGxLzylK0NnJycUJgRiya5qaibFY/G+Wlo36AWurWsh4/fq4N+beujz3tFGNSlKfq1qoM+LQvRs0U+ujTOR4OaqfDyIijmFjpWKlGEzUBqKh8nUxmopG0ZvLhlD7e3Ee/DTdTIJeQ0Rtt+JZi46ghW7LuKLScku4bNx+9j+b5baDfoW0TRb80tJE2spmT7CU4DK+n3a23jLPpOWmpc6TfCtYcE5wzmzvT5CD4YVLm4XmHrJJoxOwWnw5VX+sUWihWD7pG14BFFY1gNgqhkaDlaRffR+SZK4n1sPMrpwuBsgqtCeEbmwyMiT3hksbu7Q1AW7Hg1oW8S1F7x9B1E0ncRKr4ftmSwp2213FPTikDKkkDKRMEGrH4CmtkM1pwAkf2t2IpEYechGkNbO7DjOzfNdhEAac4rTdl6w9ZJpBX5GJrTZ1M5ehGsBiKAToy4R2FIQm0ExxM8RuYgMbcIjTt2ROsvPkHXcZ+ja8ln6Da1P3rNGojP5g/FV4tHYPDSkRhMgDWI4Io1ZBmnDUdi5IoxGFtKkLV2CqZunI4p62egZM0UTFhVgrErx2LEilGo9IpA6LVY7ffCUHxebmPwysiU8/cK0SujGix9JAuS5cKr10+FTcPr3x+L5+a6pbJHD9Di8k3UJbhqduk2mpOa0naTi7dEFItBq/F51k0UE1gVny1XozMsAigCq4asU3pdR4OTsgis6rOOs66h3jFZBFZ1WQRWQgRVdViHJdUmqBI6KKnoAItAiqCqkLWvXAUEVkJ7LiGftZtEgJXH2ikpd4es7ReEarG2Saq59TxqbpGUw9p+HA9MAAAgAElEQVTMOocam2SVnUM2ayPrLLI3nEUWa72sdWeQyVp7BhmsNXqdRvpqWaWS0laxTiF1pawVspafRAprmaTkpbK+PYEk1hJJiYtZx5G46DgS9FooKX7BMUnzJcXNY32H2Lmy5sgiwIphzT6KaNYsWTOPIIo1Q1LkdFnTDiNCr6mHEc6ackjSZElhrEkHEVoia6KsCQcRMuEAQsZLCh4na+wBBI3dL2mMpMDRrH0IHLUPAayRkvwJsISGS/IbJmvoHviyhkjyGSxr0G4h74GSvFgEVEIEVJ6sr1g7hTy+lPXFTrizCK5Ybp/L+kySa7/tcO27HS6sPrJ6bxNy7lUup0+3SuopybGHXlvg8Ims7lugYxFQCRFQaVkfSdIQVAkRWKlZH7DKoO5SBntWZ0l2nVgbYddRki2rw0ao2m+Q1G4DbFhtWeuhbCOrtaxW62HNen8drFgtjfTeWliyWkhSNGetEbJoRmoqq8kamDdZDfPGksyKZTUqhSmrYbmqN1glqf4qmLDqSapWd6WkOpI4giVUtIwAawWBVhmq1pwNM5c0CYBo8uYaLGevMPhHcFF9CgIjuIVNLSTRxJdQszmy6nVGcYdByG/aC+l1uiA9tx3SizogMbsJYpPqIja5DvyCkuDg4i9AyZYmA3b7tra2g60tp5C0sFbpYKfzhJNnpPC90rkGC68uDU0iXJPD4jSPDU2U7LLOqUIrpROBiJ2IUFjwxEKQoqCzfwuaqExoEqqqIgAh6DARXlYaqWdgFRMBRcJtnbar0OTOTZorV7eBCT+H6GGnExMvQxEXpnOqTtRCmSpF/RT37xORLyPHdrFi0KS8roijWtX1aUS6v0gRMjRx/RY367VSS9EWXm5vJflU8Tb7VDGECad2rgUzt5btGWxFf0KVk59I+1WzUIuifLFUn0BCpJJULlAKY0p/2DgFwp4glVOD3KiYIy4cHbF14/SRL03ArsJHyYJG7nXHx5HTj6bCZ0uKhvD7s9c4ISrEH3XS41EvMwG1sxLRun4ePmhRHx2Lc9GrTT2RJuz7fh183p62W9dFz/cKBWDVzyHAcvcQESkza17tqBYpLYOjOzeBNi+PaOnFUTsrLlYn4LN39EF8Vj207DEag+buwKKdl1F27C7B1V3sPPMDAdd1fD1/H7Ka9oaTX6IAEZEetJXq7ARksWcUt+VRakUNnkrnLhoqczqUrRxM6X2xOalDUKqw/zAlKOM6uGp03KvQd16Ffgdsk+AcyEAVDzXBrdorToIr/xRouDdhUKYEY9EF8GDAYqPRmAK4CEuGbKnY3TsO9t5S6xw7tyjRGocXHXC00Y49sfh7IShS8sILS40AbWsHD+HrxX5mDFKWBL1iZajGm+CYU8D0/arphIV97gisOIJrrtSK6JalbOvANWlqV39ovULhGZYCH/a2S25AoFUXwQk5qN26NVp/1g1dRvRF9ylf4NNZX6PX7IHoO28wPls0BANFFGsUBn07FAOXDBHjkKXDSEMJosZjzCqCqjXTMZE0vnSq0BiCrJEEWZW4Tur164ei+FwfeXr1+omhYbPBuuB3Y+dzuRbLyBvqX8L+4IV4nt9fPxZeWFzgjn89w7TvH6IOw9TlO2h+mcDqEoOVDFcXZbjSA9a5WxJgnftrwDLA1UkZrt4JWBJk1TEGLD1cyYBVZARYhUaAVaCXDFj5xoBFyjOCrFwBWReEar0NsLZWBKzz5YD1FsjKMoKszPUyYOkhywiwMv4EsNIqAFYKywiykg2QJQOWDFmJeshaZARZArCOvQFYcUaAZYCsOeWK+RPI+iNgHZZkBFgRFQBLgiu93oSsEJYMWcHjZRFgBY2rAFfvBKx9BsDy00tAlgxYMmT5CMiS4UovPWS9FbB2vQFXArD661URsLZLgKWHLCPActbLAFjbDIDlaARYDu8ALK0RYGn+g4BlawxYb4Ws9X+ALGtWq3WSKkCWpRFgKQyARWomA5YMWeZNV0uAJUOWmQxZpsUyYMmQVV0AVumfAFY5ZInoVe1yyBKAVbAUlWuvRpXaa2Hm1wgKC2uanFwFaLn6xyAwnG0iYhEQlSXa9YQm5SOxZgvEpDVCUFQ2gqNrIi69GCm0L4J9d2JzERJdA84eIaJNjx2DEU24XPxsxykZGw0BlqNYPcgtfFy4ryC7z+u8YMNNbNWuwonemiYPS5oU7ehs3FrrThOwq0i5ccSKz+y5rsqcoEpBYMGFwSZKF1TXMFx5EpjYoXJVAqnKUr2VcSsbTg9ycbupDafZPETfNxO5DqqyKFaXVgVWkw1Ejf2uqlYt978ydnfX386QZXAxN5VqsKrKqxClJtCWsnmo3GuQJkdT0QDZga6rJUNRNg4lCODb2KbCSudD0GUnmYraOImIk8LeXdRSsbjeSuebIOp7OIplSbJ28BcTNK84M7GyEyajCnosR8JUdLxUDtJqQguVp4ALTjMJR3hLWwJfDXw9PZEVGyYc23OSItC0MBsfvNcInZsWoXuruvi8TW30b1MHX3ZqhF6t66Fvhwbo3LgW6tdKQ4CfrxS5UqhkwLI2QFW5lEbQZSkg1szaXgCCJX3P/lGpqNumN3pNXIVZZaex/uhtbD5xD3vP/4j1h29h4e4bKOowHFqPaBmmnMViBxany0TKjMCcG2dbciNvnasoIFeoXST/KDt3uIZmQusbQ8ef67c4xcjpNz72KtGShr8nK3o/Go8I4Yml9ooVx9jOO54AKwVavzQ4hWSJ9KBHZAEcg2qI6JUbARY7vTNg2XnGQOMbL4rjHYMy4B5RQzjEW7MdBMGvgn9/9Du2UHvAjE4e2DvMlE5E2JVfQScm5qLGzl3YOKg4+sjfG412TqGwVvvS9+wHa0df8ZnMxOdzFf1GrQkeNR5BULoGQesdAc8I+l4S6yAspRHCE4uQXrcJWvTshg+Gf4ZPSr4msBqB/gtHkWhcPAIDl4/B0FUTMHTFOAxZNhoDCbY4qjWE9g9bMQEjl0/CqJWTMKZ0CsatmYaxq6di9KrJBF9jUOnlqwd49eoO6XuCIgKjVz+I6zwKw1ABXc9kPyq935XemkGOaOn7+bFFA68c5OJ2Ebl6gTk/PETtS7fQ4sptNJPhSq+3AVaxPoJ1zhiubpbDlQxYDQRg3TBErxoY4Oo66v0HI1hFfxnBuvzHCFYFwKoYxdLDlQRYF94KWDlGgJVtAKyzbwGsswbAelcEK+0dEayUFeVwlUpK420CLANcvRHFensEK+FPAKtiBCvGCLCijQArapYcwTKCrGhZfwCsqYfehCw9YJW8DbAOGKJYwUZRrP9wBOudgFUBsgRc7TbAVcUI1h+jV+URLHcjwHLVR7D6yREsA2S9CVhOFSJYjn8SwdIZAGvLWyNYnCLU0VgOV5LsjQDLzgiwjOHqjQhWexmu3hHF+kvAegOy1pQDVtNyvQ2wzCoAluk7AatiBEuSgCu9CpahcuEKAq11qO5TJOpjuNaHHdC17D/lSttxNREUWxOJtZogLC4HgWGpCKEzY/as4p6BPkHJoqm1d1Cq8OjyYbd5XkZPk5y1jT1UNHHbKO1ha8fGlg6wIcBydg+Fi0e4SCFyKx87mhR52bzKTqqdUTlyNM1TtFbh1jDs+cQrA0UzXK4lcgwRxewmDChqH5jYuaGymQqV2MeK4KYKARlbLwgYYsASMGQujD3NbAkulK4CzrgGS9gqEFBV5gJ3EwImNgytVg5R5a1yTA3F8hX362FLb09gZianDKvLaUPxnsqNR7n4vTqbhio0UprSSuqnx/0HbZwDRC86LkbniJW5WLbvIYEVAQKvBuSia51/KpTuMbClyZxTUKYEn9VETz6GWI5yuEp1PAy69HgtPYYd1H2FAStN+L5S+yF7eiyvJrQgIONIo4+Hm0j51c9KRmpUEFrUrolOTWqjY6Nc9G5VhD4EWb3bNMAnLWqjZ+u6aFaQhlrpCQgLCYJCaSegycLKVtRgcTqQU4XcYFqMoo5NYWirwxDGNVE2BEMcefEKT0Jh6x7oPnIhZmw8jtKD17D9zPcEWA+x9eQ9rD3+Ixp3nyR6+Vlr3QQIifojAnEGJgYuKw1bHDgJQ1MzW2mfhcYZCoIXNX1ev8T6dLzYKd2NbtdJbYr4u+L3wo70Vlw7Z42qBDzsI6b1iRXeYqKjAFsveMRAS+DEjZ85euUdXSTsG1zDpTShc3AWnIIzhdkorxx0DmTz0XgBa/aeBMOOflKDZ26Bw070dLLAkK2w0olehFwbZq5yFRFLhfgOOYIVRO/FR6wMZad3KcUYJBYzWOu8RfTKWksQrfOn4xgMDdfkEVC7hSbBMzoPAXF1EJXeEAm5xWjStRs+GjUI3cYNwZeLJuKrpZMwcOkUgqtJGLRqEoavmY6Ra2diBMHT0FUlGLpyMoaQhq2cghF0n5HLJ2LkihKCrGkEWdMJuEowbBmnCF/cxMsX5/Hy+QXSNbx6QbD14hpeP7+K3189Irh6IiJSHI3SN29+U+WgJXytCNhevLoP/OsJtv38E+oRSLW4cgfNCLCaXpb1DsASkGUMWGfl6JUxZOlThEbpQWPA+ssI1uF/H7CKSPlG0au83bIIrHJ3yZErUi2OXJFqyilCoW3lqkWQlfNnEayyd0ewsowA64004eo3I1hpb4tgGUMWQRWnCuMJpiK43orGZGPI+osI1p8BVtzcNyEr5h0RrGgjuGIFTD6IgEkHRRTrb0Ww/iZgGeBq7B8jWAF/FsEaUTGCtfftEazBfz+C5fnWCNbbAKtCBMsIsFz+VgSLwIqjWO+KYBmlBy0IjKwJmLRdjQGr7A3AeiOCpY9iyYBl2/7vpQn/IxEsiwqAZRzBMnsbYDX8NyJYdeQIllEUS8BVoaTKArJW0rgcFi5JcPAIgM47DFUJBpy512FwCiJTa8ODHdcJroRnlm80fLhpL/uAiYbWGQRYKULudLuKz77ZJZwjBBZKKDlFaKeFFU1eao07HFwC4OjiL2wYOCWoUjuLJr3WdDbORc/cnJpXDNoQIPCKPgtbV+FKLkwYNX4wsyeosnKSolc2rlLkysSKpBAF45U5WqVvzKyPYNEkamrtRGf8bqhuzasPrSXvKwFK5iJdZSJHoaQ+g+Vtct4GWxUBq0pVfTRL3+jYygAVXN8lGjlzexzRAFolt8mR+gVKtg0EGs6B4nMyiLG5JH9edvJW2LOJqJ9IC7KBqD07jvulwtY1nADKU4p8MVxxSpagzJb7S9LEbUOTs7N3lGje7UEQzO78br6JcPGKhgNNwvxdOXpE0G1JcPOKIUDSwMpaheSIYDQtrIGc+EjUzopHvaxENK2ZjHb1MtGtRQE+bl4kIliftKqLgvRYZCRFCUsEC2tbqXidm0BbSP5h5gqVbIxJ8KKwof28T4pombOHk7BW0Inv2zcqDbktu+GDod9gzLL9WH34OradfYC9537EwYuPRduc5n1mwo0+iw3BOaf+xGpIAiwFQZpSJ6UIORomLA8IujiiZUG/OW6t4+CXAL+EumJhBEcTq7F5q5U9gZ4NwbkZQbm0WIGbbTN8mdNvkR3j7YXtAhe500jHTRuQBNewmnAOqSHc2v1i6xJo1RZpQ15lqAtIEREvG/dIKAnMbFy4XU4wgV0QvbYvAbUUveRFC5YETrwKUri22zqKFbJKZ/qN033MrXVitSgDlb0LwZVrGDT0Xnhxgx09N9d1cQ9Day5013gIXy17eh0Heq+2LmzjEQmPsCz40nsM5RR+VkMUvd8R3UcNw6cTRmPgwmkET7MwrJS0ehaGk8asn4dxG+ZjzIa5GL1ulgRba2ZjeOlsjFhF8LViEoFWCY2TMXrlVNqeiKHLRqLSy+cMV2fw27MjePbLITx/dpmA6wpePT+H1y/vCauF31//gFevfxJNjqVaLX2d1pu1Wdx/8MWrW/S4i7j72wO0vX4XjQmsmhNgGeBKnyL8swjWuT+vwWr4N1OExhGsum+LYOnh6u/UYJHyCKyyd18UkFW0V1LhnkuSCLIKWLsuyQXvF5G/UxprbCN42noe2aRUAqg0UgbJEMGSIavG5grpwb8bwVr7H4hgLeeC91OIJZCqv/4c+u27jmy6PZ6AKtk4evWOCNafpQhj574livWWCFZ0hQhWKIFU2zXnhUIJpv66BusQQt9Sh/XWCNa/VYP1ZhTrLyNYFeHqHTVY74pgub0rgvUnNVhO/z9ShBzFUnNBO0FW86nHkDlsP5QETpo/SRHavTNF+PYIlvKtESwJsqwq1mH9VQ1Ws78ZwWr470WwjAGrSkXAYuUvQ6XCNTDJmkhnwNxyxw12jt6ib593SBrs6R882yzwqkCf4EQCrCi4EYS5eUXA0z9RgJWrd5yAL04Psg+Y2p7OxnnypInWihsMKwi0bNRQq92hpQlB5+QreiequbDd3kGq0aIJ3pYmSzsnHxGBMOUaKUsdFA6+MLV1Fk7lbD1QlSYnE2uepFzEZMWpvsrVFdIkKacFDXAlb1elSVRh60WPcRRF7lWEUaiZFNmS/bGEsSiPBElVjeDJGLD0wFYRtozrs8rTYFLK0FSsKpRWBrJthFT8LpmGcssbfn1OzXLtjbBl4PY53EOQi/pFuxsPut2foCJQ9LVj80tbt0jJld5OioYIwCIgEy1UdH7CX8zVJ0pqgO1F9yXwEqsmhaGplArlKJsFvR9ededIE7PGKUCkK22UNshMiEJ6XChqJEWiIC0a9TOi8X5eEjo1yET7BjXQtUURWhRloIj2x0YEwNnVTUAUpwEZrkS0Si7yZ8DitCEDHN/OhqQcMePr1rYOwo7DjkCDnd1jc4rRqu9EjFy0B2sP38SOs99j3/kfcfTqE6w4cAfNe89GeFpDeEdmCbCwc/YW0SwGE2t29+eIFkMVpw81nD50FlEeR26uHpyOkNQG9HsKgJ1nHDyj6yIk4z34JzWB1ideHMPKHP2k74PruNhCgb8XHZ1IcGG8Dbe2cSPA4ibtBFfu3ABabgTtHFoTLrSPI1jOIdnCnJRfg6NWnBbk6JeNazCBoDd9j74CnBkCrZz8hJkop/osBFBrRbSW6+uEFYWNi2iFw83PRZG8e4QAPnsCOB09v8YtQnjAmfPiEF2A8EfTeIXD1jOM7hMBt5B0Aqx8+ETnISa7IfKatkeH/v3Rb1oJBi+eg9FrlmDs+sUYtW4eRhFUjds4H5M2LcGkzUswhcaJGxZgPAHXaAKvEWu/wfA10wjIpmBE6WSRLuRo1vAVY1Hp2bO9+PXZSdIJPHq0GY9/Poznv50lwDpNoHWaYOkyfmdoEmnDBwRZj0iPDTVaUquZl/LqwSf49TeCtSdbMe7uFdS7chfvXb0tolcVI1h/Blj/nWqwGLK49qoB7Su9+wiXf3ku6elzXKmgywb9hktPfsNV2j7441MU77mMRrsvY93tR9h+/2e0239NQFat/0s1WAxX8UsluLr36wuxMnTfvZ9FFOu/ugYrhkaOXA3Ydc1gC/vlzmvwnXgA0dOP/G8N1v+BGiyGK4duW6AkaJqz55Y45q9e/4664w9DQZAkRbL+B9dgFekjWLLyl6JS7Q0wC2gGGwIBNh/1p0mM04A6jji5BcLDNxwBkcmISckXFg7so8WF6q4EVl50Vs+eV1xXpXGgs2mCKnMzK5jTRGtBYshSqXQyYHmKlKANwYGd2gW2bFJpaS3SiWq6zYYmTAsCKo7uWDJ4OEgNmc3ZmFHlLmwYqqucUM3aGdXtPUU/wcoCrsohyABCPFYjmCBYMxEwppYNRpVitZ5YOWimEsXlwlZBGIdK7uP6dKC+1urNiFV5arC8N6HF28VF8PJqQV7dyCainJISfQnpupL9qmjS5fsIGwn2dRJRO1dRnG6jkXrNidWCXtGwdA6lY+EpJmk2qjQVFgVOUNJjlBpPqDm9y4sGCEAUNhpDuk5EjQyF5goRTbJQWMswaC3StRp6DEOYWqdDXHgI4kMDkJUQgdyEUDRhI9IacWhUKwHNC9JoOxYNaDskxA82Ko1IrUmvYy2l/+h3ZM5pWfp+LFUOAqZ49aCC665sJZsFXhXn6hEiVpDq3IMRmpSL5h8PwfiVhwiwbmDPOQKsCw9x8PJjrDv2PT4avZogrBX8Y2oScATBllsnEfhba6UicSvRw0+qx1I6+0BBvzOGJLewbATEFyEkpR5cIxsiqngY0jvMQVaX+SjougR1us5DTEFPVLd2Fyk6bUCsIUqmJvjkXpgq11Bhj6EmwHHw5ebQyfCIrEWgVggPEqcGGXzsPSVjUY1IL4bCUucLC423MDK11PnQb9pbRNHYMNWKC925WJ0XXnBfRa4xpONi7cQrB91FrRbX3rENB6dz2YqDV4/aeURDS6/h6Jco2uNYc22X2ptALkTI1iMMGv8Ygr0UgtGa8KL3GZxSBzUatkH7vv3RY+w4fL3gG4xZsxRjN3yL8RsXY8LGhZhUthjTtizFjC3LMWPrCkzfvAyTNy5BycZFBFoLMHrtbIwgyBq+ejJGrCzBiOUTaByPSk9/2UpQtQc/P/kOD35cj1sP1uPx49347dl+PHu2Cy+fH8XvLy8JvX5B4EXjq5e38FK2X3gl12gJr6tXP+Dp4404cGclml+9I9TsiqSKEax/Qg0W2zSwB9aUqz/8G87xb17Gn7+P9XceG64zeOVu/b9Xg5VO2xGLj2PBhe8NTvePnr9CNt2WUDGK9X+wBotThJEzjiCB9t198txwfJacfgCvCfvLAet/a7D+82qw9HBF4JQ0eK8cdZbsV/qvuIBqrdfBoevm/5k1WG8FrOVyFKsUVbJnwIomb6XKBXaOAWKFl3dQLHzDEhAWnYn0mo2Qmd+C1Bxx6fUQGp+L6OQihMfniWiWV0AcbGy0qE7AwYBlIQOWtZUtwZQT7NVuYnUhpxDtNHSmzgaRdD92AVdrCSbUzjCnx5ty8S5NmKJexsFP1FxVV3IaxQumLBt30dakqpWDVITONVRVq/8huiQ8rkSjZAYArnXSCsPPytXYKkFJICAZjoqVg8Kvqtx+wRigjEFKL349Yd/AUbDq5m+HLBHNUkjO7GwsyvU9wu1dcoHnVKCSvbsI/DhiwsXNnC5icKpGYMKQxW7tSieCK48oKOg7MSdxo2pRqC77JClUUu2Vk2sgHUcCXGtbsXCBI4cMuSbV+X3S56ligmqiaJ/tJ0xEajY6Lg0B/iFQKOyh1XrBkcBEOK3bqeHj4Y6EsGDEBfmgVmIIaiaGITspHLkpUWhWmIrcjAT4+gfA2oaOrTDElH2weNvCRqws5OiVMP+0dRTF3Ax9Ko0rrDkdRnIgSLKk79ve2RsJOQ1Q3OkrjFq8C5tP3MXhyw+x9+KPOHTlEXad/wk9J65HQkF7+MXWhJq7D3DElEY7TsM5+gnQ4jSpSBWqObqnod+PFzyi8hCZ3QLh2e8juNEIJHVYivQPVyC/10Y0HrATLYbtQ4exxxCT9ykqW3sju/WXCE6rK6KilvR75RQ5R80YmBh07UVz6Bg4+SfBLTQH7lH58IgpFK10XAIzhMu+Na8YdPAXnmQstlrgWioFQRb7kqncQwUYibQx91K0ZRsJZ/Gb4FSxkpubswUDfRZup2PrHEBQFSl8wKx1ASKixa/vGZoN95AasOWUpBN9/+wiz3VY3JbKP07YWniF1SDArI343MZo9uEn6PzVIHw2fQpGrlyE0aUEVgRRUxiuNn+L6VuXYebW5Zi1dRWNDFkr6LZvUbJhISasW4Ax62Zi2GquzZqIoQRXw1ZOQKXHP28hsNqMuw+3E1wtxfmbc3Hn+9V4+stOAVjPfzuMVy/OkY4QdG3Gs1930HgMz1/cw8tXP5OeEGw9Jbj6GU+eX8Dt+zMw7OoONLj6I1qI6NWdt0aw/gk1WLX3X0HOnov49NRtPHn1WvQkfGmk3/9VLp6sKt5245fnaHPgGi4++c0AEL9xtGDHRWRvllOF/8U1WMnLTyJr5WnceloONdtuPUYMwVTK0v+iGqyZRxFLo//kg/io7JIURZEn+p6bL8Pn70Sw/rcG6z9Ug+VE22YEQ4PXSsedAYsjWKmD90m1WB/+D6/BKjJKEQrAIuUtRaWi9TDxrgszUws6o6aJm8BGpfVEcHwO0nKbEVTVQWRiLSRl1qXtuohNq4O4tHoIjKR/8n4JUPOZN0/qRnDFEoXuakfhgaUmgLClidWGl6ITeJmZWhKU2RF8SX3WTNlAku7HEQR2aWffJlP2/9H6CbCqzn0Wtf60zxWV2K+qavkKP+HGLnoK8rYFqpnxajodTfYaklpquFydC5rtBWxxgbEEOxJc6f2tRGsco4L2NwHLTAIxkVa0EPYM+gJ4PXxV9MriaFF1sVrMVhLbJFiroaTPWE1OC5qxnQMbgNLnZKi0Ys8qnS+UNGHaElxZqH1FnzwLpyDRrJpXoLFdAUf7GAK4t6QTHX9OtyroO7Bgk9Oq0nvnOidbmtTtCFr5u7DmPoh0jFQuEWjbbya+HDgN+flN4UAw4uoWKPzLqtNxMbewgouTA/w8XBEW4ImYUB9Eh/khKSoIdWumISE2AvZaAgMGBP58InIlfU5OiUqtXeg3RHCt4hV/dk7C3NTB2Q9aF384e4dB7egNJcGFi3cIwhNqom7rXhi9eCc2H7+DEzcf48hV0rVH2HPxJ3wxbTsyirsjubA13MKyBFxxHz47l2BRf2QpIlhOYmTbAoW9gzjGPrGFCEpqgJja3ZDZvRR59L8mp/cW5H2+HY0G7UPr0Ufw+fzr+GD4HjrmkUhu1AefTtsGS/ouzOi34hYQi6jMBtD5xYpIFqcK1QRZWu9oOAQkwzU8Wzi6e4TnwjEoDbae0QKwFDp/KXLl4CvAis1D1QTBClsuxneDlr5bC7GalI4Z/S1Y2jpL9Vj0d6DQeYuid47KWWrdBTCqHP3F6/IqR5UukD6jP1yDkoV/l09kHoFVFN0eAbVXBAFWNOx9pEibJ70/HwLA8PT6og7rg68HowlBiBUAACAASURBVN/UEoxasRDj1yxCybr5BFELMWPLtwRVBFjbVtBYimmblgnAmrZpKUEYg9gCTNjwDYavniIBVmkJjQRYd39cjev3V+H8rUU4dbWENAXnbi3ED48345enHMk6QJB1BL/+tgePn5Tix0el+OnhZvz8hPY9u4pnL+6T7uLpb+fw/eMNOHh9PNpeuYCm1+6juQGw7qDp30wR/nerweKx1p5LaHH4GroevynU5sg1rLsrRaVeymCw6vYjtDp4DR8evYEuh6+j46HrqLPrEpI2ncWwM3cN95t1+Qek61OEFb2w/qwGa/1fANbfjGBx9CpqyXF0333NMLnyZcDBmwgjYErlQvclf4xgGSDrP7EGK1akBw9h9YUfDaD3w68vkfrNd6IOi1cT/revwRr8pg+WkFEU640IllEUy1MfyTKGq7+KYP0n1mCxTtz82XDcD1x+BFuCKeMarLdHsCqkCd9Sg8WQZauvw/on1mBVBKwCPWCtQ9WEr2lyNZfMPt384eQTjuDkAmTV7YTMuh1Ro0EnUmfkNf4I6QWtEZFIZ+7+idDRGbQNTSCWNIFzStCC644IRHiit7FRw54tGjTu0NBEa88NqXmFnKUSVgQDdmotLG0kGwM+i7eyd4cdTcJcZ8OtXtjBnGuNeFWhJZuL2nugkolCas4s2ypwGxsGn6p60GJrBDakpAlMFDWz1xG3sbGwk+FKK6XlTBSiLU51uW7KODVYMf1nKtdXca0Wr1YU6T7ZB6vctqEcrIx9n7gfIfeVE/0NLWxEbRBPpGZcZ2bjJIraTZVS0192XVfY+4h0EDcMttQFCPDifoLmatnhmz6XFcGLjYbb3jjAydFLwBW7y5tUsyDIVcCBJlrvlMYIKeqJkNyeCEtrh+iU5giIrgO1dxpcYpug+4TtmE0no2OmbEeTZj3g6cnO7L4CmNi6woSOicLKCkqVDT2/DXRae/j7uCE00B8+3lK0jFcGilZBXNjPBe0EVuZWahGZUqpdSASA9HnZjV/j5gdH9yB4BETBLzwRjh4hcCTo8A9NRGJ6bTRs0xOjF27HBpq3ztz5BWfvPMOxG4+x58JPKFl9BrU7DEHt9l8iIquZiOZw9MqFQEcrIkL0e9G6iVosrslS0janEP0S6iM4tSH84urSZ26J9FYj0XjQVrSg/3vtxh5B7+lnMOCbU6jfcaTwrYqu1QEztt5FeM0uqGqqhn90HjIadENoan3ofGNhK9oShRDEEGD6REMXkCQ8shwD02BPJxp23jEEOxGwcQ6BBacIHQiuHP1EhIktM+zZ/82ZYMkjXHieiRosaw397TjAmqNvKqmdkcotmADRH0quVXSWXN45gsbScNE7jWqXULj6J8E3qhb8YvLgHpopCvq5L6LaJxEa30S4crF7XB3x/nObtUO7z/rjs6kTMGr5YoxbvRiT1i3A1A3zMWvzYszc/K2IYE3fskKkBydvXCQAa+pm2t60AOPL5mLE+ukYTnA1bNUkfLVoPCqdvTETJwmsjpwfhv1nBuHQ+Yk4fHEWrt5bQzC1DT892YEnT3fi0dMduPvwW9o/B5dvz8PN+ytx7+FO/PDzCTx8ehR3Hm3HrXsLsOTyfBRfvYcW+hThVTmC9TeL3P871WAZryLMJcjK2X0RNUjZuy7izM/PxOSkj2B1IKhK2UqQtP0CsradRybbMdB2wY6LotC95b4raLv/KjIJpnKMzEZrEWDlyiMrxxC9Ko9gseFoDqmGDFs1WOtoPynzHTVY6aRMUgaL4CpDBqzSqw8NkyunBwtKzxiK3FNIqd+eJNE2g9ZiSQxYSYveDVjvqsGKI3AyiEArfMYRZMw7jofPXhrey6rzP8CPgClKjl5FkqIJtKKmSop8I03492qwguUaLAat0HGSggmyQmhfyBhJgTJkBY2SNVKS/58AFsuP5E/X/YdI8iXQYnmzc7scyTJEr+QaLH0Uy5EBioDKkyDL7fM/r8Fyp+serH4EYn23vzOC5ULbrrSPRxfa56yPYsnpQR5daZ8NQVPemENS1PD17xJgl16Eebv1wtFdv5KQHd310vI+giwWw5WaQMuQItSnCQmq7NpvhDUBlXnLtWJUMWS1/ofWYBlFsCoJrUSlmgtoQg+Cg3sgvCPSEJFShLjsJojKaIrk/DbI4d6D9bsit+knSKzVEj7hmdB5RsGRztpttD6iaJqd202rW4p+fZwetFEyYDmIUcU+VwRMNlwzRPfj6JVSRdBjJUV32P9K5eAp+rDxMnw2BeU6KzOlBgqtrzDQrMItbqrq03IK0Y5GNGAWUGQhGWpaOwp7A+F1RfetVLm6iFRxtIjhilODXFRuSo9jEDSGJL37uJm+ibPwt1IYbuNIjYlI+amkeiOjvnvGacRyyOK6JKnQnUGOPYx4ub7kj2VrMBnl6B2LVzqyiaitc6ho1myl8xN2DZZqDxGxUnDkiu5jTxBhp3ETCwUcHVxFtJABi6OCtjb2iMvvgKwPFyK61TTEkNJblKBhlzkobDcFMfUGIbHlNExedxPr993Ht5tuYNysgyio0xnu7kGiHk7fIojhydTMHAoF13FZQq2xJ1jWCWd+cwvp8wvfL+P6KwIGaYVgoDAStXfwFasaNa5B8ApOQGhsJmJTCxCWmAtP/xhEJ+WhoH47NG3fGxO/3Y2yI9dx+vYTXL7/HBfuPcP+S48wY8N5tP9iPgpa90d28SeIzGwi0mEOXtHQeHCNFPtEeQlvKK7Dsta4ilZCvgn1CJraQkv341ZMYalJSK/TEEXvtULjLj3Qtnt/et3OqFGYR88TjNCMlli47yHyOk1AdZUv4nLbo1arwUiv9xG8o3Pl+qowAqlIOAWnwDk4U7i86wiwtAEpUDNkceTRLZwAOVSkA+08JJd9Bi+noES4BSeL92xD75ejcBbcK5J90azsRVSLzVH5d2LjHESjVF8nOcKHiVosNQGWltvxOIfR318kPV8S/CKzERRXG97htaBlqwgGLL9kuIZmwT+hLsLSG6JGw/fxfp++6D1pFEYun4MxpQsxbtUsTFnzDaaXLcL0TQRUZQRTZYsxcf1cTFg7A5M2zqfrCzCpbB4mkMasn4UhK6eg96xR6Dj0c1Tae+YL7DrVC7tP9sDeU59j1+mR2HFmEg5emI9L98pw8/stuPPjdlIZzt2ajSMXJ+PQxWk4enkGTl5biku31+Dq/fX0RW/C2avTMOLiRjS8LqUH/+k1WBV9sLhVDkNWt+M3DXDFl1OPn6EWrx7cJa0gzCOoyiexyWjypnOks0gnsGK4qiX7YOmL3JMJmuLXnTYonWGq7E24Slt3BjGlpxBLSiaYill5EtGsFQRCBFUMWRWd3DNICctPIpyAKoIUSYpfdgJ5dN8fjKBm041HiFp0THhiMWBFEDgFzzuKENbco4im6xEMTwuPIZzgKY6uGwrd/6oG6xt2c5cc3QOnHYLP5INCwQRNfjT22371jfTgRxsvGQrco+g+QQRRngRILPex++Azfr+IYDFkhf4bKUIefQmcnIbshgvJg4DJafAuIcdBu+A3ci/8Caicadvh653QDdgJB5L3UG6Xs/etcOX81U7YEwxpPt8uRhcCJ4f+BEMD6DkJlty5JY5RBMuLRhe63ZWUPu4QQgbvgUPfbfDov/MPLu7u8mhLgGT58SZYfbQJSho5auXa+00nd2cCKmcabel2884bYdFlI8w7bYTywzI4GkWx1B9xb8ENqNRyDSZtuy5V39Hv9ykBtn+fHaj0/loRweIUoR1BWPXW61CV9rGqExRZEoBZcDSKYMqcbrOr4ORuR9vm/BwdyxDVbyfB1gZYtOS2Of/QGizjFCEDVt4ygqxSKEMbwsHJE56h6fCJzIRbULpYhRWcSLCV8x4i0hrAJyILnoFJcPeLF3DF//DZHJGtFiw59UcTLkeyGLB4VCpVIipiQ4Cg5CgVTSg2Ki1UNElzDZY5QZQVN+vl9CCnELkJLk2U+sgON3Fmg85qlrbCu0rAEEONgB2ViBCZmqtEZIdruEysOUJlK1k2cO2RqTVNWjqxaosL6KVVdYo3gIhXEIoaIgEKVuJ2vWO7ieyXJBWNW4qC7aqykWi5U7nsq2Rwei9PFUrwZUaPU4oWKFzkbipgj46VlVpMruzOzZFDS5233OrGS6S4FPTZuaid63QYrLgomiUKxbnvno5TrzppYQFJpeR6KhckNB2Kgk/XILN4MJI6LkNG5+Wo8/FKNO21BjU7fYs6fbag9PDP2HXiZ2w98iOWb72FvkNWIiI2B67uwVBYacXKP1NRn2Yuiv9N5Zo5S7ZdMC2P0EmfUyH8pFgM2uzIryWgsnNij6Yg+IWlIzAiG5FJhQiPy0VsSgGyi1oiLC4LqTn1UNS4I8HOEIyeuxVlR2+ICNaV75/j0oNnOHHzKVYfvIOB3+xC7baDUbNZHwKeDwke0uHgGwePkGRx3Niwk2ux2GZB6eBBMBSD0MzmiM/rAG/6LTv6x8ElLAmRablIyalFr1+IjPxCpGbUQHRyGoFSJJIb9sS8PT8iu/UYgpRk1GjxNXLeG4Skgk4ISW0E15B0aNiIlEDKgf42nHgFYWiOaPis9k2BrVe8aJej8YyTmj5zus6bIJCAzD0kAY4BMfS+k+ERHA8tncio3TjN6QdzW7l5NX+3/B1zv036/s3os3C63poAW+UQIP7WdB4RcKATGx2vLCTYcw1IgD+d7ARF5ZEKhT2DY0A6vW6SiKz5xhWIFZgZtZuj6Ydd0atkCIYtnYqRK2dg7KqpKCmdgWkbFmDqRtK6RQTe8zFu9TSMWTURY9dMxvj10wm2ZpLmYOi3M9Fjyji0+LwXHZumqLT5+EBsOfEZNn/3ETYd64GN3w3E+u/GYd2xmdh/YQ3O3tyCMzc34fSNVTh6cSp2nhiPrccm0mMmYOvJqdh3fgoOXpxJWoSdp0vw6YUDKL7+vVR/ZQCsf2YNVkUndwYsbvq8+KYUAXrxuxQBmHble6QSOLFVQ64MWBy9yttxAZMvPsD8qz+iId2WQ/epJXRBrCSsQYD12Xe3MPfyD1h6/SEmnruPpju5UfMZqR5r4zkBV8XbLmL+pR8w8cw9tNxxWYzL6Dknn7mP2mXnkbjqVDlkyYAVS8DUYstFTKX7LKHHjjtxV9Rj9d53/Q2oYZuGSAIsdnKPXXwc3XZexTdnHmDR+e8x/Mgt1Ft9FlPosWd//BWTj9+VAOtv1mCxImcfRcSsI/h482XMPnEPc07ex8ebLsF/yiFsufqTAfTuPn2ORI5sTZPc3P0ItPIXnsCQPTfwzbG7mH70DjqvvYBgAqoggqnwSYf+FmCFkPxG70PWjKOYfug2hu+8jiaLTmHCvpuYc/Quvth8BRFjDwjA+mDVeUw7eBvTDtxGn/WXEE373Qbugr9cg8Utc7wJjFwIvornnMD4XTcwi+47aPNVZJQcxuf0mON0Zjl93y34DiSQ+0pKEzJcuX6xA2FD9mLHpYcCbH54+gKNZx2HloDJU4Ysrr/ilKEj7WM1n30CY7dew8Qd1/HB4jPwJOjS9NgiIlkMWy4kLV23+3gz8scfxoA1lzB5xw2MLLuCuiVHYduVgKnbZmjodt++O/D1mouYtfsmHvxcXn/3I72P2bSv+6Iz0HXdDOsOG+BEMNbxm5OYsPkaxm+6ivenHUdM/12Yu+eWKKptPvk7KAic9JDFoxnBVeqAvbh47xfxvEevPoJf961QvL9OQNY/tgZLH8XK/RaVapehkk9T4VekcgoQPfIq0QRr7xQEJy86K3cMFKkJNgLlRr3sq6Tl5rbcSFjtB0t7T5qA6SycV4wplMKqget+LC2VolbHhtMf3LZEJZmPKq1tRUsdXl1mxXDBrXLYdJRboQjAchKr6ky4rQs9hn2uOIUnAIZbsnD0x8xWtLphs0ZejWVCz8eeRpUrm6JyVQsRKTLhtjUcJeCVhIbUHt2mTwGyPQNDkN4Ty1RKBUpWCwoBRtXps5iaSyvlxHVzvd+VvEpPXklnaAb9Ri0WQ2F1kQYVPQn5Nr4vwQivtOO6LAY7jlooOW1k7wYFyYKLnG1doKLJ1cbeVUSFpAlYK2Rnq0OATxCcXXxgZa0W/SUZtpzcvdH84wGIzmwF24Bc5HZfguKvD6DFwL0o7rEatT5chTYjj2LbiafYe+YJ9pz6BVuPPsSEhYdR2PAjeBM4q9XSd2kuIMuo/yL3ZOQifa61UyiNPqulsGAQEGnjAI2rv4jSaNlzyzdWrEoNjMwSRrWpuU1EXV9KzcZIz2uMrLymKCzugA8+L8GAiSux6ehNGbB+w2WCrGsPf8Pe8z9h1vqL6DJoGbKa9EZq7U6Iq9kSPtE14UHwZuMeAnt39ofyETVLGq9QApkMxOW3R3LtLohMronAuAx4hycjOqEm4pPzEBOfgYjIBAI/Bp9oWLuGoN6nszFy9W2E1PgYqQ16o6jLZGQ07o/43M6IyGoB//giOIdkEqhlQ+2fBl1ApvDFYshiN3dbrzixmlDrlUAgFiciVs7+CfAOS0RofDoikrIRkZoL37BkOHkGC8ji1KktdzBgiwmVTiwOYG8xS7ULrOlvjc1IuRcn12Tx51MRtDJgOYi/v3Ax+oVnIDi6FgIIsjzDasI1KBNqAiwNQZ9vbAGdGNVHUs2GaNC6LfqWDMCwJezQTvBUOgWTCJ6mbpiHyRvmY8ra+Zi8di7GCCsG7jc4VhiNDl48Bf2/KUG3sSNQ3O0TpNQvJnjNQKV1R4Zi7eGBWH2kF1Yf/gSrD/XHyoOjsOrwTAKtRdh+din2nVuGvWcX0Q9tCtH8OGz9bgJR9BiUHhpJ9xmGsuMjCc7GYt3REnS5dBZNrt2vAFj/3Bos4whWvmj0fBnXf3lhmKAYstocuoYaOy5I0SvZByt9y3ksuFZeX7T85k9I2XQW+dsuiBqsVnuv4tzjZ6h4efbqdww+cQfJ686ISFYqjfsfPDHc/puc1tFfHjx7iVbbLyFxJTd9Pi0Uv/wkRh6/g9dyhE1/ufT4N5wiUNJfOJJVi2CM04MZy09hy81Hf3g/z1+9+XqtNl5AxFxu+vzuGqw4gquob44iiW7bfv2Pz7vrxiM8fv6KFzGKyxKCOk4Pxsw4gqDJBzH+4K0/vDZf9tx4jCS+DwGVqMWa+Nc1WIFj9+P43fJj+HuF43Li7lMcvvVzxZfCvSfPUTzvJFwJsgJkyPIavBtzDt/5w31/q/BeOy05Aw0Bkb4BtLrPNiyQH/dS/g53X/4Jjn23G6waPEgOBE9hg/Zg16Wf/vAaJwneoug2hiy33tuh/WQLAgjO1p588If78mXVsfvwIAhTdNqIeftuv3GbvgOD8SVuwB4EE4idvfP0j5/v5WvD9n0CNN0Hm2AjR66kcQNO35KO8Qv5WAxedRGVGq2CXbsN/+garEp6wCraiGphnWgyd5CsBXiFHNfYKOyg1HjRJBAAV5p8PWnSsHcOhKNHJLSu4QRXvrC08xF+U1ZsscBwxf5XNEmw2aglt87huhJeGceF1rbs7O5AE4cNLAi+uFUJR3N4lZmVrRYKldTQllf4sfEp2xdw7RIXnUvpN0up8TOvEOT+euwnRBNTNdmCgSNXVaopRCrQVKEVvkPCM4o+U1UTuZDdRI5MVX+zSN1Ebplj3KxY721l3FePi8ClRsZsLiqtGDTcLoOZmZml7DtlIeDMgj43b+sjQsKUUxhzWonaJSuOWBBUcrE2Fzyz0aqK65ecfAS0KOSm1wquwaLP7KJzQ1BYKhxoErVzDIadyh6ebl7wD/BFvy71MbRTc3zQvD4aNm+I5p+MQFHzL+HoGguHgLroO+s0Dl4kcDn1iOa8h9h58jHmrj2Pdt0mIoqgxc09DHa8KIHesyVH2sSKRCkNKkxFFUoxGmrOhA2DHYGBvVgNqnYLJDAPgRPBlXNAAjwC4gmyUgky8pBW2ErU8dUq7oKcOq2RXdgCDVp9go69xmDYjLXYcPAaTt98IgDrEgHW7Z9+w4Xvn2HDsXuYWHoWTbtPRlJhRyQSPIVnNoUXgYWGG40Hp8DeI0yAiJpgyzMyR6T4EvI7IjgmE1HJWYiMzUB0XBai6XpEeBL8CKxcfKJg4xYAXXAWWo/ZixodZyKx/peo/8l81Go1Aon1etDrvI+IzGaIznkPgckN4BldAEcCGW1QFjyiCuCXWA/eMWzZkAXHwAw4BKbCNSQDvtE14BGSCr/INAKgFEQSYMVnFiAmJRtBUQRewfR9eAUJyFJpGKQJqgiSLVVqOo4aqOg3YcVRX/oelNz5gH4LKkdfAqsw+ltMgAtBnL1HhPDsCuROC/QevMJz4Eh/p06BSVKKMCYfoUlFSMypj7ziJug9qi9GLxuHkaQJq6cRYM3AxNXTBWiVkMaumonhSwl2F47E57OGomfJIHQe+iXe69MHBW07I6ZmAcJrJCO7ZTYqlR4YTlA1CisPDcSKg/2w6sAXWLp/OJbtn4rSw3NRevQbrDs2C5uOT8e2YzOx5XAJtpLKDo/FanrsqgNfYfn+L7HiwBAsOTAWbS9fQdPr98rrr/4fqMEqkJ3cufbq05PSRKWHlyM//SLBlVGrnJztF9Bg9yU8fvFaTGR8WXv7EVIJsGoQeBXvuowHv700THT6i/GE13nfNcStOY1WdN9X8qpEfaG8/vJCnqhPPfxVFLZzFCt+xUl03HnFcJ/XFR7DF/3zrLn6ENGLjyNq0XHMOydN0q/kFkjGl9fyZPycXq94zTlEEkAlLDj+5zVYpHhS4PTDmH9aet6Xb4DhHz9zx3UXECi7uTNcve2ij7qtu/AjfMftR/ikd9Rgcb0VjZ4j9qLZktOGx7+sAKgVr1c8tlcePkMgF70TYDl+tRNfbLwsve/f//WHY8ufRf8emxOY6T7bLiJZDjTWmnxE3F+sNpWfe8nRe9D0ltKEHLlyISDz/mInvpML0I3fmx5ays78IABLny48fE1abFHxO9O/j7kEVlXbradROqYMSnpjYOPLrvM/wunjzdh7UYrOPn9Z/tr6+76U38MpAilN5zIBVppOZahCINR17inDffS1XR/MPolKjUth23bDP7cGSw9YXOheuB7mcZ/CTKEw1BExbFQjKOBGs2o6e1bau8PBPQQu3jFw9oqCnVMg/eMPgJW9rzDGNOdiXSt70Y9QRZOCFacCdV6w52JfAiVOIVrT5GHFNTz6XnWWkiklwxdPLBZ0W3UCNU7tcXE798yrYuRJxVBjppCsFxj+uFCYYYlb41SqZCK8sbi43dxScsXm9KLwwGKbBI6C8epB4YMlWSeIInQ5+iTBlNUb6T19lEYPXBytElLYiIicNX1GHs1EikwpxM/FAMU1SVyDZc62FCoCLBH5outsZWAh3Sbaxjj5iQbGIhUo2uS4CusGSxWN3KPOxpHgykFE/xTWjgJ+vD38EZFYGx4Rhahm5Ub7nBHoG4CI0HCkpUWjS8t8TB3cDW071keL94vQJL+QHhMKR/do9B63AYev/Ibd3/2AzYfuY9Ohu1i4+QIGTNmF7NyW8A8kkKbvl5tuW7I5KAGtOX0ePVjxaFx/JiDRikHcXRh+qhwIAlzD4OAZBg+uVSLI4ghWTEY9ZNbrhIL3PkWLj0aiQfsvkZLfAs27fIWuX0zDhMV7sOHANZyiE83LBFUX7v+KOwRYN396iZM3f8H6ow8wnk6YswgWU+t/hIziXoio0VIYf/rH1xMNmjlVqHYLhl9cPoFRC2Q06gHfiBrw9I2Gf0g8vPwj4ekTCnevMHqPbLDrAwuNP/xzuiOmyWgkNBiA4p5LkNdmHNIb9EN8QRcEJjVAIEFUSGoxAVZD+NJrecTVgUtkvtj2SagrehKy+ahTcDacQ7LgEpIJj7BM+EdnI4xX4NaogxpFxShq9D5q1m6E6KQseAVFw87Fl46ZC+xdfMTfGf8N6CHLWsP9FB1FIbxC7q/IBqtKrQccPMIJsOKh84qGkzd3V0il18uBT1gWnQSlQEf7nAlsfSIyEJyQh/icesht2Ahd+n+IofMHY/TSkZggR7AmrJyCcSunY8SSaRgwe5Ko0/pg2AC837sHCtu3RWZxcyTXboC4/FykNMxC3Q/rov3Alqi07MBElB6agJUHhhFUDSB9gW8JsJbsK8HyQ7MJrpZj/YlFWHOEoOoogdbhKdhyqIR+cBOw7uBorNr3JZbs+QILdw3GnD1j0OrqdTS7ZgRY/4/UYHF6MGPXBay8I0Vj9JAy/uIDpG47j8JdlwRcsYN76pZzGHzmrrhdD2KfH78tnNxZpTd/euM5Zl36HqPP3MMLo0l71Y2fELTiBGZekAFFTkdyFKrvoRs49P1Tw6TOtzXcdAEppacEYG2+9dhwG0PRwovf4+rPklXEayOA6rnnGkIXHkPtNWfx5MUrw4T6kODvmzP38UA2ItVP1t89eIqY+X9dg8WpwojZR5G75CSeviiPfJz78VfMO3XfAHH6z3qdPlPCrKMImnwIRYtPvhG5OvvDL+hM8LX7htFnottrzj2GAAKosHekCMNo2234Hsw6IkWO9NC09/ojtF9xFkduSyCjh5eLP/yKjsvPYsulh4Zjxcqb8Z2IYgUN34urD8ujjr/SZ5uy9yYufv/rG8fpGt0nYPAesXKQo1c6Aqc1px688R5O332K8CF74Uy3efTfIdKEKgKnL2X7BP0xWHfqe+y8+PCN1wz/eg8sPijD56UX33j/M3bfRMMpR7HpjOTbxl8z11gFfrYTjt23oM3sE/jleTn0bzn7AwrHHka9CUeEk3t9GsVvTX6+o9cfY+LmawbQ049jNlxB1ffWCMhSttsAxw824eqDX9+4z4I9t0Wxu6EGq9U/tAZLnyIUKwk3oGrEx6hWtYpIlVWX02Rci1ON7Qx4xZ2VVkAUt/KwcwqAvXMQ/bP3JchxQXWVi/D5seQCXZoouIkz9x10dA4W5qIW7JJN4KVU2okIF9fxiGJyc4INAhGOaCkIssztH00CgQAAIABJREFUnISJZhVTug+9Hq8YFF5O1aQok0jNWWro+RxFmpAbNrNlQ2X2w6L7/H/cvXV0VNnW9pvuxkPcveJWcXd3x5KQhAAJrgGCu1uw4O7uEggaJUGCu7s1dANNG93nfe6cq6oiffp89/vjjnFPvzXGHHvXrl27du2qZP1qzrmepwU9xsrtrVUMxPN5xl7zVhoEPprymXxqogH+u9ZqIjg7xo3yMiFQNQE9beRZuDbyUFEjMKTz1tI2gLaOoTCzVmFFcjpXNYIdVQ2ZiTKXMtvQQCgTj9QTXoN8jgxMMnscdVnWjYBFmWePUcigxFL0kLUWzzcWxr/KoqQqExJV0TQRoMXZK1U1Y+gTtFpI7ODhHQO/pAKomngSKJjDxsoRrs6esLJ1hLOHD1w8fOHvF4jQsFhaD4O5pRv8CBSKt1Wi5vYPOH3hNY6efYUDZ55g05FbmLfuHDp2GggHR2/YckM2DeLadO4Mb2oaugKQW9Zn6mTfDwHKdE1FFo6+F5oE05qGNtChz92QIM3cPghmLmEwJRhw9qEBOiEPkR0GIGtgEboWLkF0e1rvPQnDZu3A8r0XaQx+ipsvPuPx+99xTwDWb3j94+94+uE3nL33I9YcuYdRi08jpedMJPacjLiuY+ESlguH4AyYeydBnW1uTJ1g4xUNr+guCO44HP7tBqGtjo3s3LiMyLZOulZoq2cHNTNPSHwz4JUyFuE5c5HUdxWismciInMCQjuNhEdkN9j4pMDejwArqJPwIuTmeWv/jrDyJdjyaSe2CRsd52iZbINbPK2HwsojCq6BSfCLaI+olGwkEVylpXdHUvtMhMcmw5E+HxNrR2gbmdPfkjkBn63I4Cqr6whgVSZ4F1ZA/N1SI+jipZahmASiZWAJfXOCRAsP4ahgYusLDQs3cd+SoNbI0gvaZg6wcAqAA113j9BkJHTKRs/R/TBu2XjM2Twb83YuwVyCqukblmLMskUoKFqAXhOmIbNgFBK690E47e8bl4rAZHpu9wxkD8tGr6ldUbCoL8asKYTSzrMrse/CUuwhwNpVM43gahJ2EGDtPbcBB+p24PClgyi9fhKHrm7FgYvrcbRuIxH9SpSeW4KScwtxoGY6AdYkAqypWFc+G90fPvobwPpn92ApyoPtah7i1a8NDeJfaCDKOfcI0fIGd0V5MOzUHZQ1Kuu9/uUrUsruIZzAK7PyAX76o2GQK3vzCV6Hb8DnyI0mJcNTrz6KMuHdRtve0HE6nLwL252XseuRrPzIR/lIcJR87LYoE6YeuyPuK24b7ryF0foLmH3pRRMIePXld8TsvwHnLZcw7cLzJo9NPfcM2strse7GG9lgrxhY617Acf1FBPKMwq2y8P2bHiw/um+/6gKmVj8Vz2MoYrBov+cGzBbX4ry8XKeAjY1XXwtFd7ul57Dm8qsm55K15ybaTCvHwKP36o/F0JO56wZsF9XAY5lME0uRvVIAFgeXBl1p++MfGq7hfYI814W10JxUhoO35GKrdMyPv/6B6FV1aDHqJIqrGyYx/ERAErj4PPQmlqHrNnkmTH7eC8ufQmngMYw+8hfQqXkOnTGnYTetEobjzqD9msvyl2nIcDFgKUqDknENDe5XXzR8bx6//wWqBccxYMfN+uczMDlNImgrPIXbrxtKeVwObNv/GL7rWYIua640vB6da1RRLZS6H0GX1VeanH9Xuq9EoMQSDa3yS7C5WvYd4ezcb1//hOeECihlHUTFnQbg5FvkjBq0IlAyILD6LucQxuy8I7YzXCmOvfo0XRsCocblQYYsdTls/TN7sI7hG+c+aPaNkjAsFlkcLqd9qzA8pmVLdWjQwKlL/8hNbfxgSP/MeVBlbSaWUFDWtRU6PxoEDLo0mLG6uCpDF8GXGvcVsV0KN4w3V0ZLboxu3kaYJAugocfaqusKUPmWNaloO2tXfVcvnSCfOUggxLDB/UjNWnDpSkWW3eJMEwELK2WLBnlep/1aqOmLZnLOdjHgcFappfAIVBczAlndvXl99klddo6creG+KPl5sW6XhpYejIwkMDMxh8SUAMeCrWKsoKNjInSm+P2pEgxp8ZIgqQ031gsrG/bGk4gZYpyJkmUpaJBksVF6ng7PJFOVwSBLVQhdLFV9MRmgrbqxDKw0jGh/YzEDU0vXHCYmDnQODrCU2CIwvAtcQvOgbugAbRqMzSXWcJZ6IiggDNGRcQgLDEOATzj8ozKEqrl/ykAcqn2GKvpfdLTyCfafeoqth+5j7daLmLv4MPr2GIfg4EQCLF/YSYNhbusNPSNrgkgDuhaaaC2HToViv8jmCVscPQGLXD7WMrYX/XpsBM5G09ZeMZA4BsHWKRSBMVkIS+2NtG4TkD9yObIGzUNewXyMmLsb20/cRsW1NwKsnv/wO/2P+BWvPn7FG4qXdP/Wq19w7OIbbDn1DINn7EenwQvRYeB8+CUPgEdsHjwS+0KTwULiIqQcbH2S4JPYD0FZ02Ab1QttDT2gbRkIc5+OcI7pC4/kYQjImIronsVI7LMScX2WIrDTBAS1H4HAlEHwje0Dz6husCMoNZFGELQlCdiyIJCzIsCyCciElXeqKA+yETRnsCw9kggoY2HkGELLUIKbGHiEJCMouh2ikzPRKbs7MnO6oUN6Dt1Pg39YNNy8Q6EvYWscK4JAAm5NAnhN+hFBoKVuaAFV7sETgGUoAEvMkjS0hi79LTJIWTgGwkLKNj3uUGFFf3NnkT3UtXCAtWc4HPzi4OgTi7CkDOQU9MGQWWMxat4MjCiagyGz56DXxGnIGDyKYHUQQjt0R0BaJl2HTETn5iKtX1f0mNCf4GskxqwYg4nrxmHK5jGYunUslHZULyWoWk5QtQDbqqdgS+VEbK2cif0XtuLIlQM4VLcPpdfKUXqzFLvPbcSBCztw9PxalNQupSjGIXrerrOzBGCtL5+BHvfvoPMTuQbW/5IerBRaRhBAjbv5ssngX/X9T4gouyua2+MrGsqDmWcf4vPXBoja//wHhNAfBvsRFt163eQYnLnyL7mJEXXPBMgoMl4b7r9DTrmsHKXYtuzWG7jvu4aU43fqbW74Vv7qEwIJlrz2XMN0OUjxa3NfUHrpXThvv4wl1143gZrd97+H+/YrwvC56mVD/9Hbn78ieu91uBAw7ZCrvSsyYR0O3oIHbWepBum6i3BgRXYuB25uyGD5yMOVHjv7ouG4px7/AMeV5+G7/hKuv/vS5H11P3hbwJXPmjo8bARD9z78DN/VF+G16iKO3n9f/75+pmsbsf4yrAmgLFgwlGCqvgdLDlfOBFbmc6qRt+dWk+s9/cxj6E4tR9TqS/hMsKL4jDbWvYL+lHK4L6jFg0Z9ajVPPsJ6ZhUMJ5djc92r+uvxC50DN7ZrEkjNPNl0NmT6+qtiJqH1lEpojTqFM/KMmOK16kVV992B5vCTsJ5YAd0RpxC/5GI9QPJt/qnHaNm/FKfuNPTyXX72CWqDjiN1aZ3sXOT75hBUqQ4ohVKPI5h19GH96/1In6d0fLnowzpytaFX6/XH32A14gz0BspMn62GnxbbFLfDV96gDUGXwYDjqHvc4ERw5emneqmG1gRZxgNO4G2j5yluDFq+4yrRggBMI+9o/SzC7xiOaJvqP7EHiwDrW6deaP6tkjDs5RLQtwRXrFouSnDfNEeLtlrQElPMedagOVT1bejXNTfnmkFZj+BK2wot1STQMLQV+ke6hvbCV43hQ40b0bl0xn1I3O8kMlOyUiQDTdu2sllo37EKu+iTUpgyNxL95B4gbhan8+AmfAYs1r3i/quWKiy+aUEDkMxqpAUb+lIwuHCWrIW8ZKfcViaOydkYFRXuEdMWgMAlP2UOPhd+vK1G/WxI1nwyMDCGtaUFhTlsLS1hb2NLIOMMW1tHmJnawNTUHoasMM4zvgiEVDmjx5YnmjILF1HqE8bMJiIjxdeEVbrV6DqpsIEx3efryIrk/DgHA6Iq3VcneGXBUG09S+ib2MFU4gSJmT3MCfCkDp4ISewPaVg+dMzcoE+DrzEN0vbWUni7ecPRzgX2thT2XvCO6Y7xK06h7NIrnKx9jINlD7Gj9CG2HLiBtZurMGvWFowdNgcpcemwtfOAq3skbKQhMKbX02CvPHWZeTd/XqpqmnSfrp+KhvA25MylmiF95hJnGFp6wtjaCybWPrByYUVxghO3GFgTYHmHd0JoWh8k5YxClyELMWDabvQdtx4TlpRgY+kNnLn6Bvc5c/Xj73jx4Te8+fQHxVfRi/Xkw+/CPufUtQ+Yuu4cBsw+gG6jNiCk4zDE5k5EXO/50LL0EXpRVh4RcApqT4DUHcEdx8LQMxNGTnEEo13hEV+AiC7zEZ2/GFHd5yOk8yz4po6GV9JQBKYVIjB1KDxje9Nz8+Ee0RUuIVmwcI+DxCVSaEuZ0nuxCUiHtV86LLyShZm0JUGWlXcyzN3jZd6E9sEwcwqGtVsI3INjERLfHsnpXdG5Wz5y83uLSM/qigja7hUQDXMHN6jpGRGcWtL3WF+UlZXpejNMqdK15ywp/5hhWOc+LF1TJ+jT5819kMZW3rBzixCzKlX0bES5Uc2Avi8EbVYeYXD0T4RrUBICYjogMTMHmf37I71fAdrl90dSLn8WvRHbuTtFLtr1zkPmsJ7IGdcfPacPx6B5ozBhzVRM3zIXs7dT7JqNWTtmYtb2qVDaVlWM7QRZ26rnYUPZRKw7NQGby2dj3/mNKLlymOIITl4vx7HrJ7D34i6CrJ3YW7MSe6sXY//ZpThQswx7ahbTMYqwiSBrwJ1LyHzytgGw/hf0YDFghRNAlbxuKi46+85rhJy5IwyfGbAYtLg8WHTndROAKLz0TMg0RNBj577/qf4xHky5T+vxT7/VD7qKQTib4Gr9/QbAYTDKpW0eBFhjLsgyQ4qBeGrdc3jvvUaQdR3VrxsyIGdpnaUaAuixC29/avKcQRWPRHmwU8lt/NIoo3b40Qe4br6EkF3X8PBjgwJ97avP8Nx8qd4qp+jCc2y88QbRtJ+ALHkWi5euBF9pe2+IMpfiuOMrHsN8aS0y9t1q0ud178MvAqxsCbDY7FlxDf5H/p6f0jm8+UkGk4qyGcOWhMAqbtMVjDv1EJHrLsF+oRyy5IDlQoAlmVOFrVdf119DBs74dZehN7VCzB5sfD26bL8B7UllyNslyxYpPo8JpQ+gO6EMnvNr8bLR7LuqRz/CfEoFJJMrUP6goSH97tsv8hmE5TAeX4bZcvjiG5f33jeaIPGE3rvd5EqRwdIoPIl5BFSKc+L3H7f4AtoSTM09ITsGZ4i6Erw163MUa6qe1R/nOUGp2YjTcCZQm0ODwbNGZcxTt95DpV8pXCdU4NMvjYDy7Au06XUUxqzs3qME3ddcrX8NvhVsuQklAqGAKdVimwLkZhy8j+Zc+ut5FKaDTtD/hwZoe0OgxZkvRV/d7nOv0IzgiHuwVAiuOHsVO6MGdkNOoUWWDLLa/lN6sARgHce3Dl3RTEmJwEXWXyOyR1yWU9aif/aGMLR2F2ULpW++I8Ch7Zx1UeHyhRGUWQiUAId7sVT1rKBFwTPg1DTNaN2C9tMUUNVCbt/STG43wxkiWU+PbDaasLmh12/sLcj2NBzN2FBYyDXIMlYiy8XwxOVAdVPRv8RaUsI4mbYLgU/usWoha2CX9VCxMbEsa8blSi0NXSGIyhDFsx65MZ+XWlq60NU1gI6ePvR09WBhakZwZQY3R1sEerog0NsVgT4ELR4e8HD1hFTqDgcHV9jZuwnrGl0aBPl96xjZ0SBpLkQkVYSWFYEX96ppmUHbTCoU81V54NSmgZMgSp1CTUcimz3IVim6ltA2dIA+Dah6JlIY8MBqZAtziSMszB0obOHi5IvwxL7wTRgCG48kGJq50nnbCPV8fT1TCjpv/1QMLdqN0tqnOHP+OQ6XP8Tu4/ewkeBqx/5LWLfxDKZMWImxg2cgp10OrCxt4UaDs9Q9ClYOATA0dyXIM4eKhj7BlZ6YDKGmoU1Qqir6hZR1jKFh7CAGe+4NMrcPIMgiwHIOh0QaBlvPOIKsSDj6xSOyw0Chq5bRbzoKZh9GvynbMXrRIaw4eBFH6Nzuvf4ZL378Da8Ist5+lgEWlwqf//AVd17/gqvPv2D7mSdYuPc2BkzdjZSes5A9egM6DN8gmsxN7HzgGp5JrxsFB4KfsMxRcAzOhl/SQMR1nQmv+MHwTxmK4E7jEdpxPHyTh8EvuRAh7ccgLH0UfJP4WvaGc0iGaGC3828Pc7dYmBBcGToGw0hK8EQgxYBl6dtOgBUDloAsts5xiYIFvW8L11DYe4bDJzQeUakZSCWIyezWE9169ROA1T6jC0JjUuHuFwYLBw/63GxgaOUIA0upEEvlvzUuGbJGnDr9HbEmFve38cxeffqMGbB0TVyE6CjPJjR2DKQfPbZi9qkyzzo0soS5SwBsvQgsCbB8I1MRkdQB8dnZiOqcgYj0VMRktUNG/zz0GDsIg2cUYtSScRi7YhLGrp6KcetnY8L6IkzfztpZxSjayx6E8zF7z3zM2T0PSpsrFmBLZRHWnhqPVaWjsfYEl/sWYnfNehy9XIIT107h+LWTOEzre+uOURzBtspibClfiO0Vy7Dr7ErsqV2CbTUL6HkTMfLGGaQ/ZR2s5/8rerB4GV99H53ose8bld5+/PoHMmoeIrZCXh6Ua2CxyGjt+4bSzZMvvyHxzF2En7iDvJpH9dIO/6cbZ6/Cjt7Ci0ZZKu65Cjl8E34Hb+DY84ZZeT/89ocoC/oSeGWfuiegRDGIzrn8EtLtl9Hl5D3Rp6XY/uTzb4jcdx0uBFjzLjfNyo09+wS2Gy6i10m5lYr8ObPoj9plQ53Qwpp1vmFwX3DxBezWXIA/QVfj8uD88w2N6lx+i91+DVbLzmFZXdN+qFX0S5GzV9zgvv1vG+JlN8W5M2xFbSCYW3kBL+TAc/7Fp4byYHFDedBr6fkmUFTx+EdYz62GDUV1o5mNd9/9DKd5NUIHa8fVN/Wv94nOO2TpBQFYfeWZMMW5TSdw0hhzWmSxfm40mWFJ5TMxe9BsYjk2nZe9VwVw/PDzV1E+FNdVoaJf8gCaBFeWE8px/WUDHF948hFG7D9IYUjwlLasDqFF56A15ARsxpXTP9IG+F1X/RzqBGJXGqmzK0p1BdtvQSn7IEbtaSjj8S2DjseAZVRwEm1puffi6/r3/YW+Ux7jKwRgjd19p/58GbJCplajRdfDMBt8Etf+0ox/6fFHbK950eT9RU47i5Z0nBbZNDiclEmEvCAAdBx6Gi0VkPVP6sGySkOLb5UIqhp58rVShT4N5sZWrkJEspVoAG+N1sqaooylom6CVmxjQ2DQSt0MbbWtCRbMoaHNMwdNBGjx7Kg2BDXNm3O5kb38movsGPfxMGDJZA6URRM4lwC5YZ0zZgpvQbal4cZxMbuxmdwHkAGKzqGNhoQGFHMos42MuhGaq2gLsBJaVSzoKfcZbDwrUNFb1Ub49qnLgEpbH/oGJjAxMYOFmRkcbCzh7mgnzI/93Jzh5ypFgIcTIgO9ERvsj5ggP8SHBSMqJAgB3n7wdPEmwHKBjZ0rTM0cCbCsoWNAoGloC3XWtyKQEp6DmjJTawFYNFiqczaL1jlTpUn7aDKY6lvKDJyNCKyMpDCUuMLWKQjmdr6wokHU2IwzWI6wsabtNm4iHO09EBCVhaC04fCMK4BjSB60rIOhZ+GD4PYDMGP9aZScfYSTNfdxpOIBtpfcwbq917HlwFVs2VmLObO3YMSAqZg0dAbSQhNhYWwFF7dg+AQkw8k9EqZWXjAgwNPUsxTlQp6cwBk/FVVZeVCTs3cEfwYWbgRXgbDhTI+dH+w9oiEhsLL2iIGDdyxcg1KQmjcR2QPnoV2PyTSwr0evSZsxcMY2LN59jgDrJe6+/ILn738RvVfvvvwLrz7+LuI1xTMCrUff/4rz937CjvJXGFx0GH2m70HPafuRNWYbnIIy4RmTi8C0gUJk09wpAlYEnT5xfRGYOgwRnSchsvM0ROdMQ3jmRASlDkVYh9HwTy5AcLsRtG0cAtoPpWP0gLVPKiQe8bB0j4OZNAJ69H50bLxh5BQKK25uD8iEdSCFdyrtmwJb3zTaN0FoUUlcwoX+lpN3NLxD4hFCIBWb0hntO3cjuOqDLnm9kJ6Vh/jkTvAPJ3izdoaWvgkBk6UALFEa1DEVGnEaBFgikyn0sGwobOlv0hVG9Jnom7sLbSwtYyl02IeQQo0+IxUdAjIDCczdA+HonwbX4DQExRJcdeyM9H7ZyB7RCfmTMjFoTjZGLu2HqevHYc72WSjaWUSxELN2LMDUbQswefMiTNsxB7P3zsO8Q8VYVLIMRQeKMX9/MZQ2lS3AGoKrJYeHYuWxMVh/ciq2VSwlcFqH/ed34lDdXhy8sBf7zu/CztqdBFI7saWCAKtsMe23ArurVmN3bTF2srRDxQjMqNuKjKffiwxW9v+CHiyRvaq8h6m3m5b2Tr79hHAuD8qzVwxZrOLepfYRfmkEOduefBDZK5ZoWNUoI8XHuf7jL0KWQXHjmYVLbr+B16HrGC7PUileb9GN1yJ71e7EXQFVitvRZz8iYP91UR5cfbsBDn6m42YcvwsnAqzlN5qWB9nomcuDgbuvoe5dAwx+lKu6O26sw9objY719U+k0nZucPclKLvzoaGEVlj2CNK1F+HHZUJ5eZDlGa68bTju8Uc/wHn1BeFHeFteflNAR9b+W6L/ijWw3jTK7jz+8Vc8aJSJ4UG8jAApdds16MyqxLLzDbIDZ+j4dgRUijKhi7w82O/gnSbXcMLJh9CdWoGkDVfEtVCcw9Kzz0V50H/xefpn1XAOR259D8m0SqGFtV/epC4+uz//B/Er66A++jTGyPuvFEDRfu1lqI04hX67btVv/1ejmYOzTjxCRaOM1+03PwktrKjiC03OdfbxR1AtOCGU3NkqR2voSSEuyqKjvTZfb7Jv6pKLCJ1bK9tGr6N4LW52b96zBK4TK/D4+4bP7An9YzYdekqUBrX7H4fjmHJ8bCQ+e4qep9b7GNQpym43lCdZA4utclp2O4Li47KsmiJLqej36rmanR0ajrWu7CmU0vYiaGJV/baff/sTTsP+BrD+G3uwEhqpucfvQTMdZ7Ro1rxeiJOtZ1R0jGFq6yaUptk0WE1Nl6BAXwiEtm6rJ7OfUTEUjeVtCLBUte3Qlktcqtpithv3JLWmwVhkrgRctRCGw5wdU2SSuHFaNJvT8ptvW9abN38nhynFTD6ZfhWtt9YQVjNtRHO5qYAWZQ0z0WfFYPWtvF+rRSvlehmBViJzpSFmxClmwnG5q62yBjTUdaCrbQgTYwmsrCzgJrUlYHJEsLcHIv19kBwZiI5xIciID0N6XCg6xYQiLTIMqVHhSImJRGxUBPy9feFg5wIrgh6JRCoAS4tASV2XBztzYerM4Ml+dFwGFJpGFKrqRsJkW4OAimdbaupZywZRQ9ZHooHU2BEGps6woIHd1ModVg5+cHYLhRkBlrGpHSxpMLa04uAyoAfc3cMQntAP4RmT4JU2Ch6pY5E5ejtGLDiC2evLsHT7OSzhLP3qi1iw/jyWbq7B7AUHUDh4JiYPno4B2b3hauMMibkUDo7+cPdJgJdfCmwcg2DMApcEUQzMyhr6oryqwebcBIUG7NFn5gpja2+RxZLYBsDMIQCWrmzXkgxHv1S4B3eEd2QWErtNQteRa9GloBhZgxcit3Ap+kzcgGX7rqC07rVQcuem9jcEVN9/+VOUCV9/+oq3n//EC4KuZ+9/w81nP6P00lssoDGgcNEZDCg6gewxO+EenY+kfvMQlz8LXrHdCa4S4ODfAZ5RefCJ7QXvmDwEJPVHcMeRCE0fBe/YfNqWDy8K17AuFLm0rSekwRkiG2XiHAU920AxQ1HbxldksEyc+T21h1NYV0gjuop9Ga5svAmyCLSsPePofYcLsV6ePenmF43QmHZI6pCLnPx+6F8wHD37DkTHrO5I65Qr4Mtc6gUdQwnU2AZJz0yIpiprGkFdy1hkQtU46HvE6u8Ms2wRZGrrAzOCPpZPYRFSTSP2KbQRJUQ1fQI0AixTF39IAzvAPSQdQQnpSMrKQu7wHAxd3BljN+Zi+tbumLunAPP3TcHiQwuw9NAKFB9Ygbm7izF1+0JM2boIM3cTYO0n8DpSjCWlqzD/8BIsOEiAtblsGVaWEmAdKsSaE+Ow+cxM7GBoOrsBe2u3YweB1nZa3352PTZVrcOmyvXYUr4U28qXYUcl7VezGntqF2Bf7QzsqxqBldXTRPYq+/Grpkru/9AeLAasSAKs0+8+NxnUJt96hTACLEV5kGcRslVO8b2GgZgHnYK6pwKw4k7fxYNGps8//v6HUHPvUvUQ4y4/RwF7F566S3B1A0ElN3Hx+y8NA9IffyLz9H0BWNMuN80QjL/wDJ4EVzFHbuFV44wXAY7LjiuIPNhg7KwAiv7lD+G09RJyCMBEz49iVhnBmjc3sO+4ituNIKryxUdRGuQG95EVj+u3v6DjBtN2L3lpkMNl3UVkHrxVDxZ8m1j5BBrzqlB46kGTa3jj3Rf4ElhZLq7FyFOykp0CAueefSbERnseuoP+JXeRQmDlQAClP6cKuXtvNSk/9jpwR/RiuTYGrLnV2HtTBrS8H/dbsdio/rQKzK9qKLHyOXbYdBVak8ow7PC9Juc3mI7Lze3eC8+JLJziVvf8k7DJMZpYjhONvBS5cd1hRpVocN9zRQaof83Gpa+9gtVyyQSRLfr9T5G92nrhVZP9e229ATUCLOvx5cIqx5JAiyGLs1d33jR8Nx4ROLFcg9uUqvoeKsV34+Ljjyg+9VjoVolrK4f5xbRNhUDJvPC0UHAfuet2k8c5a8XN79zk/mujkt+U/ffQLPewsMx5LJ852Viq4jNdI3s6pkIPS3ynrr8TJcILDxsyhuvLnwmGV1GKAAAgAElEQVR9LHVudv9v78ESgLUbSokH8E3YMiGNIEpxzWV6TZxN0jeXiYsy2DRr1Vbo8ahrG4mZd8I8WcVIZJB42UrNFKqa1rJ+IxW2wzEQfU7N6vupZGAlyoPc2yUySypCqoDLfd/IM1aNvQCFZAQ3t4serDbCvJmhro0crFqrmRCwSETTOwMVq6YrnqsAOKE5xWDFnodtZQKnqups36MvwMrIyBQSMwmBkTmkDnYI8fVERKAf4kKCkRAehE4JYeiRnoweGSno1iEReR2SkNcxFTmpqchISkRSfDQiwsPg7xMENzc/WFk6Ql9fAj1DS5HJU2OVel1zkf1R0aDzJhhliNI1caTHzQRgcWO8JtuiEGBpsmq3iRPBjDMMTaUEWQ6iD8qIoMrJNQBOTn50ztYwNDSHsRE33DvCxs4TNva+sLP3h7NHOPzD0hGa1AehqdxTNBqB7cfDN208gjpMQVjGTERkzEBwhzECOsKS+iI2uS+6ZA1FRGgHkTHTpwFcYuUDF69YOBGk2DoT1NF9BixNei9i9qSWEXQICrlcZWrtIzJX5o4hMKH9OHtl6hBIEQwr91jYs6J4YCc4BbRDRPpQpA9ehqyCpegxmkBrwHz0Hb8W60rvouzGO9x88ROeEWBx1urdT39Q/Fkfit6sx+9+xaWHn3G07nuMWVqNgfOOo92glWg/cBFyJ+xEdLfZCM0YhaC0QQJ+glL7InNQERK6T4J/Sl94x/UgqOohwMozMldAko1PGqw8k8T+3Fdl5hoDPbsg6NoFQN8+CAb2wQRYEaKZ3d6/IxxDusApojucQrPhGNCRQK49AVYqQV0szJyCYOkSAqlHNDz8YxEclYKkjl3QJa8veg8owMChw9Fr4DCkZHQRGSx7N3/omfKPE30xm1ZN30w2S5W+nxpsi0TfF+7V478/TfrsdSWOMLNlfbEwITRqaOFF0G4r/AtbEaSxbZCGiTWM6bvi4J8qZkD6xqSjQ9du6DGmJ8as6IoZO3Mwd18mFhzqTcA0EcUHi7Dy2AqsOroay46swbx9yzFrzwLMOTgbsw/OQ9HRxQKwltDji48th9LWilVYWzoWq46MwMZTE7GtbCa2V60iuNpCoLUWmyuWYWNFMcEVQVXNWmytXoqtFUuxs3oNdlWvJ7hajn01U3Hg7FjsqRqJrSf7oN/tc8h88n2jRvd/Zg+WojzY+fwjfGwktPjut6/owP6EnLkiwEoQ/Vf3EH76Dk68aSjTPCAACSK48iu9hW1y0VHZ4P0/Ygo9N7a7HLwOt0PX4UpLvyM3kFl+H+VvZAOUoter7PUnBB2+AT/a58CThin77375iqADN+Cx5yr2PGp8fODx598wqOoRKl99arL94adfRfbKbdvlemFRBdTMv/QSOitqMbr6cZPnTKp5CgPa3unQLbxrBHFLaH/HtRfhL29y56X96guYdrZp9m3n7XcYfOI+fpDPwFRAxKLzL6AxtwopO67XZ44Uj5U/+RF2S2phUFQFfdrHuKgaTkvPYcSJB02a048/+ACbBTVwketgcXO7Pd33W36Bftk1nOvxex9gMbtamD3feNOQXbv08rPwIjQi8Npw8VX9di4tWs6ohM6EMqyXC4QqesBW1T6HUkEp2q+7IgCjfsLCmSdQGnQM/gvO4ZUcav5H3hB/jV5nwpH7UCs82SSDxWXIw9dlICiO9ad8YgQBmtawk1BhqxwKDYKtkKJaXJELoirO5dTt92jbvxRK+UewvEx+3XmyxF80uhSSE3zru+m6KBu27FGC8Fk19cruCpAKnXEWSh33YcnJx/Xb+ZhuY8vF9q4rZLMiFX1ZrAZfdfcD4mbVCsHRH740ZLCuP/uE6rsN39kv9H6lhWdEDxbPJvxH9GBxeTD1GJQce+JbJSWR/eHGdgaiVmp6BFjOaKvNMGMol09QofsMDdZQ1mJLF0eo6NHAoGUFFW0r+gVOv7xZBZwzRqKpvS1a0DG//aaF6KmSNc63lPVj8TT/NqpCFuIbeVZLMVuwwWamjWz2IMMYgVVrdTO00ZBBlazcRqFuKNTQRd8YgZiiHKjo72rdRkPocKlqGkFDw0DYyejoGhOg8Kw7C5hbmMPFxQkeHm4I8PNGmJ8PogiwGK5So0PQOSkSPQis+mW1x6CumRiUl4OC/C7ol5uF3I5pyGyXhJT4GESEhCE0KAS+Ht6wt5UK8DEwsoIWwRZntLQ5o8X9Vlxa1bGAloEdAZYMVliSgbdzz5UGG/3q2kLLyFH0XXGpkZ9rYGwnMleGNNhaWEhhbeUCEyM7mJjYiZ4sS0snODgGQEqDrqtHBDz94xEU0Rn+Ud0QmNgfwanDEdRuDAIIuAJSRsI7fjDcw/PgGtIVrqHd4RrWjUCoIyydomFiEwADcy/Yu0TAzjlKGHsbmLnDwMSZzkfWX6ZFwKilb0WA5SJkGCycwmDhGg17Ty6T0TEcAmDhwnZLQbSkcwpsD/egDghv3wfdxqxHav4MdB+xAr3GrEG/SRuw+tgdVN75gFsvuET4G8HUb3j3+U/6X/ev+njz+Q9ZyZAee/T2N/px8wWbTz7BpHXnMKz4DHpOO4qk3sWIyZ2GbhO2I6TTKJi5RBNIdUVcziiCzYHwjs6DX1weXEIyRdbJKShdaF1ZeSVDQu/dwpV1tVJF35WuXSD0CBy1rH0JskIIsCJh7BoLS79U2AVmyCArOBsOfnTdPBJh4RYPa69EIU1h6x4Be/dwuPtFISqeAKtDOrK65iOvd38BWXl9BqBTTlekdMhAcARBm4sXtI3NCJB0oKxtKHw6W6tqimZ31r5ieQYV9vZkCRT6Hpja+MDaKQROXjFwcI+CobUXVNliSc9UBJcIjaS+sPGKh0tQBryispCc2R29xwzEyKV9MH1HNuYfTMeiI9lYVFKIpUdnY93pddhcthObz+zC2uMbUXxkIeaXTEdRyVwsOLoES0vXYPnxTVh5cgOUdlUvx44zE7Dl5DhsL5+BbRUzsLWyGNsqV2PjmcXYVLYQG87MxcayudhWNRtbKmYTeK3EHs5c1WzA/tqFBFdjcKB6OHZVFGJbaR4m1ixHxtMPyHn4/B/dg5VK61wenHtPno2QDyiHX32UZa+qCK4q78kb3GWAdebtp/pB6RMNrFwWPPaqQcNJDHbyJWem9j39AQtvv8HKe29R+vKjeI5iX8X+ky+/gP+hGwg41NB/JbIyv/+JxTdeo0w+C1DROP9vQqGNBlc2dy6++gqVLxvAS/FY3dufCLJeEAj9Uf8Y3449pnMkmHrfqIz06OOvCNl+VZa9kgOWnxywJlc3teNpfPujEZDU0jnMOvsMr3/6vck+9T09rz6jiB6fUfkEq+te4oq8gV/x/h798AuC19TJ9LDk2SvOYknmVGNIyb0mxxpx7D50ppQja3vT8tqssscwJZAynV6JbZcbGuI5YzX91CMckmfBGp/3rTdfhODoE3kJU/EabIMzvuQ+Hr5v0IT6H7lu1xTaP5jAa8GZBh/Axp9T43XF67DSO+tiTS15gL2X3+CXRppiiuewbMMU2md26UMBa389VuPzU/Rl3Xr1E4Zuv4XFBFBf5OXmxo3sG6qeY97RR+L+v+QN93xNZh95IEqDf9XFevr+F3ReUgfvcRXYd0F+Df9GsJZv3ZddhhIBkUb3kn+GDla9F+FeaNuFQl1dTRgUNxfmxirQM7YRHmkMWCoUPMOPG8ybtSVg0baEqp69MCRuo2UBHWNXod6tpmkiZpm1kM8WZJkHRTBcfdtMFoq+KF7KmthbCkFRzlIJgVO54vp3bObcQgWtWFRU1Ug00avoWMr6vghMWI6hudDqkmfdWrQSmazWYmailsxGhvtYdIyhzxkfE0uYmlnBytKOwgZOTk7w8vJEWGgwQoICEOTriZiQQKTERCA1JgyZSdHI75iMAVkdMKRrBgbnpqOgWxaG9eyKkf17YkT/Xhic1wU9MtujU2oikuJiEBYUBBcnL9jYuMOMAFVHPquSm8R5Np6YJahlBnUdSzFDUIubl7mpXcNUQIumgS009O2hxdILtC6a5en5ehQGelYwNbGHGffFGdnCQNcchvQcM4Ive1sPSAlmnFwj4OEdC9/gNBq4c+Af3Q0eYVnwiegOv9heCCbYCqIITR4En8jucA/NhldEN3iFd6XIIeDKhLVLPCQ2gbBziYQ9QYeBuac4HzVNOj8da+gS2LEWmpahPQytPGBizSr/PHMuTGRx3MMyCTqSYUeDu5N/GqT+7Qji0uFFrxXfuRC9JmxDctdp6NBrGnIGz0dfAqzF+6+i4vYPuPHiZ/q7+01AFDe4c5nw3RcZaL396U/R+P760x949uF33Hn1C2rvf8Le6pdYcuA+Bs89ifie89C36Aiyx+5BYPtCgsl+cA3PRUD7IQhhcdLwbDgHZ4jSoYWHTLfK3D1BhCXBk4SA0tAxDJae8TCl965t7QdNK4Ifuh4MWBLvJFj4pRFc5cCFrpmU4IX1ryzpWNb0GAc/18EnFk6+UfAKiUVYTDIS22cit0cfDBo2AgXDR9FyOPoPGkrARaCVmYuYhHbwDCHAc/KEvrWTkGxQZpFaVW0os5k6fdY8q1DD0AL6EidZBss1HHbukbCipYljENRNHNCKfkCo0PdczYg9GV0hoe+DLcGja1gGkjv3xICxhZiwYgymbM3B3L2pWHgkHQuP9cGykzOwoXwrsdAB7KzaT8xEkHVyBRaXTsGCY1OxqLQYxcdWYvHRdVhxYh2UDpwrwr7qqQRHU7Gzcja2VzNEFWHDqUUUi7Hx9CIBWZvKirC1nB4vLyKwWoF9tcuwq3oZ9tcU4eDZKTjIAqXlI7H1xDAsLxmEvNvX0JlnE8r7r/6JPVgpNQ8RVXUPZfLyoKJBfcyNFwgvlwFWfEXDDMKQU3fqBUb/042b3v9vborX4lJi8ok7iCi5Bd8D1zH5UkPz+N8NYIrtX+VA8Nd9/tNz/g6G+PZ3SvAsHpp95A5cN9SJ5naf+hmEsv6ruF3XBcjxjZvrOf56/L/atPDtGUHb9z//u8L9390YvliqwZYV3RvpYHF50GreWZTcbZB1YFgKWnER+tMrsPJ8gx4YR8yaS7CZXQ0zgqzee2//f3qd/tM+/5Iryv/1OcdufV9fpvs/HY8zTl8a9eH93a1gxy3krL6C/ltuwHdaNbafa9pw/59uf/zNBIP/t/NR3OoV3+V9YI2fw/d7rbqCbwmKeDbhf70OVqI8uDyYROcTMh1dcrJg7+xKcKImAxRuYlbXlQkeEqB8y1klIdipJQyTebYeZ5SEJY2KLv1atoO6vp0Qw2xD+7TiJnTOXCm1wDdKzUUGq4nBcvPGNjWceWojXkMmKMpw1laUKNnDr2VbfYIrQ1k5kAb41lwe1DCTiXcKQ+IG8+GWbEZM21spa4pslSaXAXUNYGRkAom5OaxtbOHq6gYfH28E+PkgJNCXgIgb1kMQR5EcGYakiFAkhociJSIEOakx6NO5HQpyMzCkWyaGUgzr3lkEg9aA3Gz0TO+I3Hap6JiSiNjISAQFBMHZ2QuWls4wF6U9B+hzEzhDlrBEMYMaZ7CM7WnAtCSAspaBFUGWDme6aDuLdWoZ2gnA4uwVZ7H06DGJuROsrFxhauoIE1N7USo0oMdNTB1gbesJqWMAvXYIHF1C4ekXDz//JAQEtxMlw8DILgiM6orgaIINWvcJSYd3YCd4+LWDs3cipO4xcCM4cgtoD6lnAg3eUXAJaAcz60BRgtKk81HRkkCboErIBFi4yrwqrb1EPxCXCS2decZgAhzpOD4Edo5BHeEWkkUAl4uQtAGI6zwO0R0L0W/KDmQPW43E7HHI6jcL3UesxKyNZ3Hi+gdcePgZj76XNba/I5j6IODqDxlocamQQOv1j1/x+uNX0av14M3vqL7zicbvlyii/88jl1ZgSPFpdCrcgG4TdyJlwGL4pQ0Vmlh+iX1EWZAhkJvguSRo4hwDQymBk2sMJE5RkLgQUBIs6jsEwdAhlJbBArj0HcKh4xAGM78U2Ad3hlNoLpxDu8CF1h3pmnGJ0IaOa+uTBntf2scnBk4+kQRYcQiMTkG7rG7I6zcAfQmq+lEUFI7CkBFjMGBIIfJ7D0Jyh2z6fBLgHxoHN/9ImDtyX5aVmLnZVgCWRPzQYfFR4Qdq7UlAGELwmgR77zjo2/hAjb5nLdnPU9cE6sb0vZI4wJgnSLhFwCEgBVEduyF/+ABMWDYec3cNxaw9qZi7PwVFhzuh+MRIrCvfQIy0iwBrO7ZXbsH606uw7MRELCwZjQWlMzH/6CIsOrIKSwi0lA7XTiXAmkgxBTsqpxGZzcKm8hlYe2IWxXyCrGJwn9b2qhX0eDFB2CLsObsKhy9sxO6ziwnMZmB/5RyCrIXYf7YY28/Mxa6T81FUdxLpj9/UA9Y/sQcrhZaRBFi7XzSUdK5//AWJInOlCFkGq7EO1sbH7/9tIOamc85mxRCELbv7Fu//wwDJQNVYKHTlnbciexV19JaArCBaZ+Pnv97Yk3DOlZeoefP53x7b9eA9Nt1592/bH3/6FcuuvRa9VI1vd3/4BfPqXggx0r/e6t78hPRDt8SMQv+tV+Rw1aCDxX1Y0jUXMfDEfZnXYKMbw9PMs89w/uW/+/6VPfkR4RuvIGXHNVQ/+/i3IMNwwFmrmZVPhA+h3aJaYfrsVO9FKCsRWhNgHbzdcI1WnHsBq7nVkMyqwtKaBkDdduU1zGdWwbHorCgTms+owryKJ/8GIVy+XFjxFNdeNfXoe/rjr5hc+hA3X/+7d9/lF58wZN+dJuXAv7sxlFx4+hHdNl2DVuFJdNlwtUmPVeMbz0LcXPsSLlMqxazCpx/+3cvy7eff0XvTdSj3PSbkGdrKl5Lhp4VdjqIEqbgxBK2veo6J++7+m/fjwUuvMe3g/Xroa/ycVWeeIp8A7v5/OFfFjbNu+86/gs/YCnyTcUDAVRMNrP/WHqxERYlwL5Sit8GdBl13dx+0biWzf+EQ5r0KM2Z1AyHWyYKYbNXSRsVAiGCyWnlrVktvq4sWrE/F2lNsD9NC5tPXTC5UKuDqu0aefwxXQt+qpZBkYGkG9g9UeAUyXLEQKDetc78SN9GzmKmqHvsemgn7HPYv5Gxbq5Yy2xkuNYrmdToHLgeyMKieniEMDQ1hZ2sNOzsb2FpbQOrAgCWFt6cLgn09ER0SiMhAP0QzZEUGI5buxwQFUPgiJTIQ6QkR6JWRiiEEVMN7dcG4/vkY07c7RvfphpG9u2J4n+4EWZ2Rk5aChJhIRIWFw8fTDxIJw48dDAysoasvK/Fp0gDJcMUzCDmDxX01qqworsVyDNbQ0LaQzyg0F4Kd7P+oRdCqR0vOJhoY28LIhNb1rWFCS55JaEgDMGtwGdO6AYWltRtsrN1hTUtHR3cCLm+4uIdSRMDRLRxOHpFw8YqBq3cCPAI6wM23PZy8EuHoHkvbkmFPUGXvTPu6RgqhUP+YXFgwWJi6Qt3QEar02txMrcEzHC3cYGThIcQurVhIlNXL6Xn2fBzvFNh4JSAoqSdCUvshNHWg8A/sPGQ5QdZogqsl6DV5B9r1mYPswfPQa+x6jFhQim3lT3D27ic8ef9V9FtxxuoHAqsP3IslAOsPkcF6++mrKBe+/vS7ECPlrNf5hz/hNAHaVPpfPWnteRQuPYuskduR0Gs+AtsPg3dCXwKsgXAOyYVLeA6cgjNEWY9Lg0ZOkaLPiiHL0D4ERtJQ6Fj7QcvCW8CVoTSK9omCsUsMTLyS4BiSDdeIbnAKy4VrWA7s/dsJwJIGynqx7P1ShcCnW2ACfIITER7fEUmduiAjNw/devYhuBqBoaNGov+QYejRdyAysnugfXpXRMa3h7MHnYctXVcrF2gZWUFV20RmNaVtTNefAN3AApr0fTC0dIFEGiBU66V+CTBx8Ie2OX9OVmijbQQ1AnINM/q+2HsRYIXD2icRISk56D1qEEYWj8DETUMwbVcGJu+MxpQ9EZh9OBsrTs/Fhop12Fq5EZsqVmP16fkEWGOw8NgwzDs6CvNKZmBRyQpRKlTaXzOW4Goc9lRNwK7KyQRTk7HhzDRsPF2ELWXczL6SKG0VdlavFPINW8sXYhfBVsm5LSit24R9VQtwoHIFDtVswKFz22n7YZy+Uoua2zcw+sFTtCewyn7wvAGw7v+zerASqh+gHW0rfvAOqx9/j8xzjxBLUNUYsuIb+RDGld1DKEFU/rnHWHj3DdY//B7zbr9GVtWDei/CoNJbSDlzD6MvPcNSAqj1D77HCoKuyVdeoP3pe+ha+RDbHr7HVLofVnJTgJUiwo/cRMDBG8iveIiF119j9e23mHTxORKP3ha9WOxJOPbcU6yh7YuuvULe6fvw3nUVXjuvotup+6I8uPLGG4ypeYKofTfgtOUSEg/exBwCqlV0vDHVTxC2+xqkG+sQR49PrnmKFQRhcy48R8/j98RMQndh9nxFZpPzN16E7EPoRJAVS7A0q+YZll96KXSwIrdehc2yc/BaW4fBxx9gycUXmFf7HF3234J0+Xk4rzgP6bLzcFh6Du12Xsf4M4+EL2ExxZTyx8jZexPuyy/AYsFZ4UHo2sjs2akRYPGMwqCVF1FU9RSjSh9ASvcd5tfAfl4NPBefF2Kj4+j1pbTNlsDLYe5Z2FPYzTkLs+mVSFhzCROPP8R8gqrCw/fgt+ickGpwLarBCLq/gLYPPXAXHnRfe+wZOM8+iwF7bqPozBNMPvYA2ZuuCoscrVGnhVxD2urLmE7H23juJfZeeYPdl1+LRvdxh+8jbulFYZejNfyUMHvWJsiSjC1Dx1WXMe7QPTGbcPKR++i+8Rpcp1ZBveA49IadhGbBCViOKUM+bZ9x9AGmHnmAHrRuN7ZcCI4aF56C8bBTMOIYehI6g06gbZ9jCJlZg9F77mAG7T9sxy0ETquGSu9jaJlfItYnEGhNPnAPqQsuiFmELbodgffESgzffgtTaXv/DdfhS/dZyZ3tcvT7lqLjoouYTo+tK3+GHTUvsanyOeYdeYjea67CafgZNM+SyTRo5P292fN/VQ9WUqMSYcIufJN6DKq+gxEeGQMLS3sxq07fwAxG9MvXnH75GtGAbm3jLMBAWUWfHjcQulcqBD2c1WpOAMb+hMosj9BaQ2STZD1TMg8/VmnnHixWbW8hyn4ysVDOXHG5kPW2WEn9mxby0mOzNgK42JaneRttobPFhs2teZadgZWYRcWgp/D7aylKgRpCNJSNo2U+gWrQ1NSBvr4BDA0MYWxsAjMznh1oCUd7a/h7uyPEzxvhvt4I8/FAsI+rWI8LCUJCRBCiAn0RHeCLxDA/dIwPQ9d28RiY05FgKhdj+3enyMOEAT0wcWBPjOiVi8F52RjYPQc9OmegfUIcwgjO3F1dYSmxI/ixhYGRLfRZdVvfhpY02Jlw6cdOzCrU4IZ2fXtR8uSyoBotWflei/bVM5KKHiwNAixWxNcztBEZLnWegahpAi16vr6ehQiGLmP+vMwcYEifGcOXtQ2Blq07bOw9YW3nDQtbbyHz4OQZTREDG5dw2LpECjkFS4IJawIIR5cEWNgHC187J69YkaWS2HjC3i0KasZO0Ja4CRFPZZ79yOBI6xbSIFjTsUwJTsydQoTvn6MXyzEQuIWkw9o9jgb13kjrOR2B8T2RkDMO6QMWISq9EAldxqHLiFXIGbIYw+bswYRlp7Hi4HXUPvgsNK9YXPTN56/4kSCL4708kyVbyrJZvHxLwU3xj97/htp7P2HBrlsYs+wsskdsQdaI9UgftgZe8f0QkDZI9Jl5EWh5xPaAayiXCjvB1qcdTN3iYOAQAj3bIFhwc7ttMIylYdDnJnebYHosXMCVxCNBSDTY+mdAGppDkNUd0qDOwi7H1jdVeBZy6VHqnwZH33g4ByQgMLId4lI6o0NOD6GBNXDoCIwcNx4jKArHTcCQUWPRb9Aw5OT1QXKHzggMj4WbXxjBML2uhSMBLUE491/pmhE0WQpdLPYw1JNIYekUBBuCZzZ7tnEPh4GVJ3RMHNFGxwRtaP+2BPYaEkeYOgfBzi+JIDcTvcYNwtgVIzBufT9M2pqFMVviKCIwfU8KFh0txKqyeQRZy7GurJjgajIWl47GwtIhBFdDUFQyEfNL5tF+C6C0p6qAwKoQ28qGY0fZKGwpH4ctlbOwrWIBwdUS7KleQ/C1HLurlmLT6QVYf3IB9hJQldSsxemLu3C6bg+tb0JJ7Q4crytF5c061D28jxtPXuDcs9cY/Pw1Mp+8Qdb9500A65/Qg6UQG004+wChFXcRUn4XcQRW/ymDFVfeYJfDeliBJ27Dn2AqkMAqksCKZxLGEnzFnbqLSJZuOHYLvgRQbJPDwYruYbQt5OhNeHHT+6EbiOTM1VEFXNFSBEEWgZTn3mtwJ6hikdFguh9x6CZCaem1+ypcd16BG4XvnmsI3X8dofuuw4dAy2X7ZThvuywa3QPofugeeh2CL7bMkRIgudLSb/tVBNM2n21X4Eyg5bD+IqQb6uC2USY0ynD1f/Ii9N4gk2twX1cHW4Im6+UEPbR0I+jyoW0etLQnoLJcUgsrCgda91h9ER6rOC7AfeUFOBJkWS6qgWThWUgIqCwWEgwV18KZtruzPY7C6PmvXoRyoVFudDeeVQXT2VVwpHURDFnc0E4QZUxhL89cCbiSQxbDFmeyDCaXQ3dimVBwt6R9HWZXw2p6FfQJtLTHnRFLi6mVsKN9LQim9Gib5ujT0KYwoHWLyRVCcNRiUoUwe9YYcQraBFzsS6hH+7CCuzrBlD5tY6FR9iJkuxyGLJPRZwRosU2O8qDjQmyUm9zZHsds1BmYjJQZPRvQfdWBx9G63zG05kwVgZXekJMCrgwIqgyGyEK/QLZkP0L1fqVo0aMEzfKPiCZ39iDUJ/gyoFAloPqu22F82/WwUHHXoX31+h+HSo+j+C73sNDF4qUygZJ2H5mauzo91hfCqnEAACAASURBVJzgSIngpxk93pIeb05LNnlmqxz2I2SwUsDVP8WL8LvE3VBKOYq2odMhlXoiIDAGPl7+BAX0q9iIrVhshN8dD9AScweZphU3ZjNcqdOvaO6zEl57WmitrIWWrdvKZ/C1Flmpeg0tCoXkgtjGMwfZcLmlrLeqGfsBslho8zbymX/KMiPmNpoyNfa2umjdlsBOkyBOyxgt22oJyQVFEzsrsrMyu6qatvAL1NYxgIGhEcGhOczNJaIkaGFhDkc7W/h4uiIo0AcRQX6IoCXLL0Tx/QBPhPt5IMLfWzS1J0eGIDHEHx1jQ5Gfnor+OZ0wuEsnDMnNwMgeWRhBMbpXV4ztm4dRfbqjsHc3FPTojryMDmgXE0XH84OXmyukdlKYGFtAm/WsDGQ9S7pG9kLbSpOgSV3XCuoEUtqGjlDj7BUBlIG5M7TpcR2CGVboNpC4C4gR5USRBbMQPo+qWobQ0DGDLgGXvr45dHSMhSQG+wbq6JoTGNvBTOIEGwIrWwc2OPaBDcGPtTSYgCqMgCoE5g5BMLP1h5lDIK2HwMIujAAslOAqVNy3ov006NwkNr6w94yFMsGhjqUXDdZuaEvwp2fhCWN6TGLvD0NbP5g7h8OMjs99WFY0mNt7xCI4qS/84vIh9UslyOqH1J4zEJo6GB36zEPGwGLEpg9DRt+56DthG8YUH8Xi3XVYS2NAxa0PePjudwFNnK0SgPXlKz78zHD1B3748i+858zWZ4qfOLslu8/71977jJLz9CPv2GP0nXMCPWccRHTOBASkDkRU7kQk9JqDuF5FCOowTMgycPbKyidFiITy7ECGKWP7UNEYzzMItSz9aBkCE7rPEMYgZcczCAM7wz4gHS5hOXALzyF4aSf8Cp2D02Wm0P4pcPKLhw/BVXRqNtpn5CMztxdye/RFz/4F6DtgKIYMH02QNQGFo8dh+JgJ6F0wAtl5vZHbawA6ZuXDwy8C+gRYugTNGoZso2MpYEuTS3+mtqLR3djaA3ZeUZB6xEDqHQcJfZ66Ele0oR8kLVk/i5Ya9DwdUzvY+UbDN6YTugzJx4TVQzFhUx+M3ZSLoavTMGJ9MiZvz8K8g72x/NQYrCmbhVVnpmP5iXEEUyMJrAZj7uH+mHNoKIqOTKIfmVOhtLN8AHZVDMaWk3nYfLIXtpwpxNbKydhROYfAqxj7q1bg4NnlOFC9GNvOzMOqY7Ow68wigqo1KLu4A1VXD6Ly2hGcqjuAk5dP4Nztm7j69AmuPXuFa89fYNbeHWhfcxlZz98j614jyLr339+D9VezZ47EaoKqKnlw9kqRwapoyGDFld1FPC0TFHHmroArLg+KOCkLlmmIk0fsCdp2/DaiSm8jmiKGl8duywDrLxksDoasSPpDizx8U4BV2MEbCOUgwAqnZQRFOK0zXIUQXAXvk0FWGMde2kYRtPsaAnddQxBFyG5ZBNM6yzT4E2QFUATtkAffJ+BSKLn/HWApvAgVkMXhKw+f9ZeEDpbnWll4U/jIl54EV+4ccrhyWylbejYKjxW0nUDMVcDV+Qa4+huzZ2kjNXcXNn6WAxZnsRiynGndie8zXMkBS5HBsptTDXtaOs6VhQNvm1UNm5lVsKWwp3UOlmmwJuCymlYJawpbWrejsOX7BFaWBF0MWRxWFJzRsiLYspxYDgsKq4l0n9cnlMu8CBV+hARjZgRhnMViDSwLXo4pg4Sgy5SFRwmsWA9LEQxaZgxctG4y/BSMGK6GyQFLDln6ArJOiDAg2DIaIgtDWme40mW7nAHHhW0Og5YBLfXovjYBlnbf0nrQ4tDlbQRXmr0aQputcyi0+H7PoyK0OAi+FGbPqv83Zs//DT1YDFdJ3Hd1BM2CZsLU3AlSRw84OHghODASvu6+cHZ0Ew3a7m6+cHdlyQGp0HUyNrIRatLqXOYS3no6aE0gxIDDkgwsPMr6WUJDq1lrAVVK3zSDktJ3+OYbufRDa1XRV8XipTwbkTWrFBkt2axBZbRooSqU45sry3S2VDSMBMy1ptdrpaIhMlTCu1BFXs5kOxF1bQINQ1hbW8HRwQEuzs5wdHSEPa17ElgF+LjDl5Y+XBp0t0OQtytiQwIQG+qPhLAgpMVFIiM5EZkpCejaqR3yOrZHtw5pyEtvJwBrWHcCq/wcjOqZi9G9u4rl8B45GNwtE31y0pHbqSM6paQiJjwagf4hcKbrJzFjtXU7Aj4bAisboXHFqu0sAMmK7QxaGvqyZnbOUqnpWRFYOcDIwp3AyhVahlK67ywPqcgmsawDSz1wuVGbZ/FpS6ClYwpNbWMCKwn0aTA1kUgF0Bka28PCygOmFmy47Ccaok0IkNg/0tjKS+hVsZWNKUGWuQNBhYUvbfejbX4wsgmAvrk3DehSsY+lNByqJi5QM3aFmokz1FlFnKUYCNRYpd2Yj2EfCAuCNpYNsJaGwtYpDEHR2YjLHIbApJ7wjc4i4OqNkPZD6H5fpPaYjezBS5HZbzZ6j1uPmRtrsXDnJewoe4AzN97jyrOfRR8WlwIZoj7+TID15XcBWKIn66c/8PGLLLP1kYCLy4gsQnr/7S+49ep3bC17gRFLKpA/dSdS8mcigSArPm86skZvRHyfYnglDBDWQW4x3eAcmkUAFQMj52jo2gVDx5oghcLEKQJa1v7QtQ2Gnn0YDJ2iYOGZCFvf9gRUBFJBnYUVj1d0nmia5/Kga0gG3ELT4R7WAe5ByfAKSURYQgcktcsiyMpG15590G/wUAwqGI7ho8dj1PhJGDNxMsUUFI6diP5Dh6Nbn4Fo17krwmKTYefiA32JPcG4OTQNZYBlRH+Txjae9Bl4EGzZwtTOE+7+dF6suu8aBl1LD6gQZLem56jom4vsrxZBmZmDJ5wD45Bb0AvT1hViwvpeGLm6G4aszMGgZRkYtb47Zu3ri+UnhxNcTcLK0+OxpHQ4wVQhwdUwAqsCFB0eioVHJqO4ZCaUdpwaiG2nCrD1RE9sOJ6PjScGiCzWjurZOFC7BEfPLcOxs0txtHoe9lbMxMbSmdh8dBpKKpcRYG1D9dX9qLlZgnN3jqHs6hFaP4+rTx7h0tNHWF6yC5FJKUTFfZB76RrSn74luHouy2YpAOvuf28PVmPASpTDlYhGgPXXHqw4BWQxVFHEcpyWRWO4ilYEgVXUCQIrOVxFcjBYHbslIqJxBqsRYIUdlgfD1SE5XMkBi8uEIfs5ZGAlYq889hBQKYIBSw5ZgbsIoHbKgwFLQNYV+DNUKWKrLHz/A2B5/w1gea2vE+G5Th4CsC6KLJbIWgmwUoQMrkQQULlyMFTJwUrAlQKw/pLBcl7c1OyZIUu6kOGqtkkGi8NhHsfZ/whYImZXw5ZjFkeVACwRMwisZsjgisGKActqqiws5WAlQg5XnMGymFQO84mNgqGKY3xZveFzA2DJTJ85OJPFIqMm8qyVSSO4MuIYziGDKkOOYbIwGHbyPwKW3mB5MFgNkvkQcugMkEd/DhlUKQBLi6NPqRAZZR9CTUUQUGn0OgqNnvJgoOLI5yCwypNH96aQ9dcS4f//PVgEVckcuwVgcVO7YVIxAvzC4eXqQyDiBRcXf1haOcPf0w/RoRHw9Q4SgGVmZg17ezc4udCAQwDAXnjqNKizSTGDjbKaLtqo6AobHQ16jL0Km7VsK4el1kKTSgFPwlxZWQPfiayVqigLftNcGd9x1kpkr2TaVS1byjwDucdKmNuqaMqnq+uIdWU1LahpcSZNl5ay0NbRh6mpGUxMTAgGJbCz4z4rZ3h6uFK4EDz6ICo0ELFhIYiJCkVaUhw6pSYhIy0ZnTu0Q2bHNORnZaJ3l2z0yc1B/265QoJhSI9cFBJIFeZlYVy/PIzvn4/xA3pgFEHWyF70WH4W8jumisxVdHAwAnz96Lp5w87Ghc7DAXpseE0wxBIN+mbOQjxUVcdc9JGxTAM3uKvp2ojJASpi3VLM1OPgzBVnsji0jaSy+wRlWvJ+Lp6NyLMPxedCSwNTe+hzGZHXuU9LlBQtBKwZSDyFpYrwriM4MiDI4mBpBWM7zkD50yAdCCOCK10zd+ha+NHg7Uf7eNL+7jCy8hWK8JpmHgRYrtAjuDIg8DK2J6DyToZTYAe4hXSCW1AHOPskwMUnEZ5BaXD1T4ZfXHeEJ/dGZFp/JHQZg6iMQnhF5SK8/WB0GVKMQTN2oWDmTiyg/9FL9l2jcfkFSuveCsBiWGKZhg8CogiouEwo78liuZSPv8gyWzzD+OPPf9K+X/Hy41fcevkLDl14jVXHHmD8+ovIm7gTmUNXotOwVehYsBJesf3gGpGL4PZD4Z80EJYeyTCSRogyoIalP/Qd/x+2zjuuqiTb9/3uvTPT0ZxFFFBERRFEiQoCZgEJknPOOeecBURBUTHnnHPAnHPOdtu5Z3pmeu7kee/7Vu1jh7nv/fH71E7nnH12qPrWqlVrOWpDhP2NpwpUOcu+GQJYTgwe56yBmNFkN8bZ+2OmZl/OimTSDBXmwl9zdJ8okGUzQ7ZP98HWxZPpc72Z7x1MYGgMcSnppObkk5KRQ3Z+EWU1dRRXVJNTVKL5YoVFxxEQGoG7lx+OLnOwtnfE0noqRibm9NMbqc0eVAFIBwg8DTE0Z5DcwyEqcrsA1Ch5R82s52E4YRqDRk2mrzxvveR5+0SOV0FHld/WIMOxGFtOZWFiKOVrCqhYn0HByljyV8WT3B5EWmcopVuTaT2cQcfxfIGrAtqOFNB4IJ/mg2WyvZzlJ+pYdXIpK48v4b0D5wrZdjqfnd25bDuTzNbubHZfrOHA1SUcv9nFmdudnL3ewamrTRy6WM++7iXsO9PEsfOLuXh7I5fu7ebKo/3cfHKQ66KLD45y4eFZ2nasZLr0WixsZxKdFE/7zi1kXXuO78sv8Hn5pc6K9VQB1mea/J6802OdfgIsAStfzYL1P32w3vxswbr3SwvWa7x+Yb3yvPUKz1/A1c+A9fL/8cHSAdaL/z9g/QKu5r8Lz6CTLg7Wjz5Yc7ufahasnwDrHVypocHZvwQsgaqfdPxnwJpx7BEz3sGVsl79bMHSWa00wDqo049wpeknwLqvgyxluXpnvdIsWGoYUekXcKVJXloFV/bbdVJwZbftDnYKrt4B1o+y2Xxbp18A1o8hGv59iPCmTu/gSlmudNarGz8BluUvAEsbFnxnvbJ4B1fmakhxuU7/BlgduuFBs3+zYKnkzlf+bYjQdPFlnf4HXI1ruaSDq58A66LAlbJaXfw3uDJpuKCBlaaf4Oq8TjXnBbDO/z+ANbLqHCN/AVhGAlY/Qda/AVY3BiU6jSjRWbBGvAOs4e8sWEr6Be+Ur9P/hCw9BVfvAGvoT4B1kiG/gCudTvwEWIPSdFKANTBVWa10UhYsTQqu3gFW/3eApUGWgqt3gKWDrCMCWDpr1Y9wpQGWgJWmyMM/Wa96Rhyi5y+sVz87uR/8H3B14Cew+nmIcL+A1Tv9Aq40CVgpuHr/34YH9/IbBVY/yusdZHnu0eknwNqtk/suTcp69Z77If7LbRcj5xQxf64b06zsmWYznUkTrHB0mIODnQses+YT5hfAjOlzBRLGM3ToCJEBwwUWhgwz0eIwqYCYH/ccIoAzhB4qkXGPgRpgqVQeKqfebz7ur1mmVMLoX2s+WTpw+rWAlfKdUgD2v371sQZY//VBby3lzX/++me/Lc1xXTu2hyblx6USMWtDgx98LJDVW+BimIDFMDkvA4YN18fQ0EhAcBxjx41lgpkZkydPYpqd/C97a2bPcMLTwx0vkb+vDyEhoYQLQMXGRJIQG0NMeDjRAlUKrpTCfRcSLbCVEKYAK5gCAaqStDhqc1Koy0mlMjORstRYSlNiKIiPICMikIQAT4LdZzHb0Q7LieaMNRmP8chxAnyjtfAKWsoc0ScqJ2F/Fb9LX0vtoxJmq9yEfQTE+gkQ9Rs0moF64+ivnNsHm2igpaxbKoBkn0G67xqggkwKsKnZiMqKpc08VNA12EjuycB3QDdSC2CqchYO0Bv7DtLGCWRN0A076psx2MBCg6wBAlEDDCczRMV6MrKWZSt66U2h/0h7gSxr9EfpYKv/KFv6yL6h4xwYPsEZQ/OZjLSYxagJLphaLxDIUrMF/bGfHYLtzDCmeybi4BqD3fxoZgpUzfLJYIZnEn4JDXjF1OAVWYF7cC6JFZtIqd1Ny7ZbHL31HUeuf82Zu99x/+2fefb1X/lOGx783/z+T/+UUlmsZPkHnUXrD3+RbX/+pwDWP6T8u+abpYYU33z3N+4LoJ179HvWnf6MUukMhxRtY2FKB7ODy5kVWITdglSs5sXj4J2OjXs84xz8GGE5TyBqOn1GT2XYxJnoyX/TmzBDNJMRFnM1uFIytFShGDyY4BDAJJcQzKb7Y2rvpVmuLEX2c4Nwdg/D1ScG14VhBITFaLGvIuOTCI1JIFrK7Px88guLyS0oJj03j9TsbJLTMglRkBUSRqA8p3NcF2A9Vd5RWzV0O5GhhiYMMhBwHy4wPcJUi4Oly/k4WZtwYGLupAUd1R9jq9s2woweKvaawFV/fWP6jzBh+Dhz3MJ9KFyeS9m6PCq3FFG+toCM9gTSl0WStyaeih2xNBxIoXF/jgZWTfvLaTlULcDVSlf3cjac28C67tW8d+5mJ8evL2XPuUUcvtTO4SvLOH5jBafurOHsvU1cuL+OK/fXcOF2O6dvLObMjTVcuivbb67k4q3VXHu4m9tPD3Dv+T7uvNjLjSd7WLm3WSjcD1MreaG8g+jcvobVB3dTs+gom2++IPHOY3wErha++hrfV9/g+/xLfJ99ge/Tz/F5Inr8sxY+Ej18i/eDzzR5KQlgKXneU3qjyUst31WS/ffe4iWl5+03LBDIUnK/Kbqhk9t1KTW9we3aa52uvsb16iudrug0X+my0kvmX3rJvB918SVzL4jOv9ByEc4+95w5514w56xOs88+Z1b3M2ad+aWeM/P0s5918ikzfqkTT3E5/kT0FOdjTzQ5HRUdeSx6omn64cc6HXqkyenQu+WDj3AQ2HLYLzrwiGn7Huq09yFTlfY8wF5pt05T9zzULe96gN2ud+WO+9juUP5Y97Ddfl+TzbZ72Gy9h7XSlntYKcf2zXd/1qY7TBHAmrJRObyLNsm2jXeZsuEOlutF8tJarr2tadKaWzoJYFl0/ayJAlaTum7JsmjVTcyVVsq+VbeYuOKGJrNOnSYsu/6zOnQyXXpNt9wuy0uuiq5pGr/0ulaOW3xVk2nbNca2yrJobMtVzeFdJ2XhuvZu21VMFl3BpOkyoxt1Mmm8wuiGyxiLVDmq7hJGamiw5iKjai+JLmJUfQGjqgsYVulKg4rzGFZeFF1ghADVcAVU5ec16SuwKjuvSV+gSk+ASjm5Kw1TaXEKuxkqMKUnYKVKlYfwlxqcI6VokICU8slSy0Nyz8j6KQZny3L2Ga0clKl0ioEZpxiQfpIBaT+rf+o7pZwQnaRf8gn6Jh2nb+Jx+iSq8oRW9lFWqwQpf1T8cXrHHaN37M/qFfP/UfQxekYd/VmRR+kR8aNU4ud3CjvCx0qhP+qwwNZhPlIK1unDoEM6Ber0QYDI/yDvi37jd4D3/aT0VTogkHWAXystfCfv/fxK9F9e7+S5j//02Md/eOzlPz338x+eB3jP47CmXwls9XKq1nrV9lZ2GIwYg4kAgJ30jhd6+gp4BDDTwRE7CxsBEye8XKX3bWmLkcEohg1Vvj5DGTxIF4up1wB9evbXqUdfPT7pPYSPeg7S8tP1EFj4SOBLWZ9+LeD0/ofKZ6qXlnPwv95FY1cBRv9DObO/31NzZn9PC8/wMb9SUPabj36afaizZul8rXTg9bHOgX3AMPRHGGsQYzJ6LCNHjtTCLtja2ImUBWkC9tZTmOXsiMcCVwID/AkQaIyOEpiKiiI6Oor4+Dji46KJjgwnKkxgKyyE2OBADaxUGRcWRGK4AFZkEHnx4QJUcdTnplOfl05dbposC2ilxVKSGKUBVrzfAvznzcBpqvK/msQYY1MMDUwYoT+GfiqC+wBdwmuVY1A5syundpU+R+Uo1LbJPuWjNVjPlKH6pgyXxnLwcDUsaMpAlQJFxcUaaMzAwdKwDjXRwjWo79OGCt8NF/buPZR+/YbSX36rtxoylEa1r/bbBvRVgKbiaam4VZrGaVaxfvJ7g0ZOYYCRQJaaMWdgw8CRdvQ3sKW/kR2DjacxbJSd5tzeS3+CFlR2sNFkzc9H891Sfl0CJOOt5mNu44m1czBWLsECGJFMmxvFtHnRzAssxMkrgzkCWfMDsvEIKyAiZ7k2LBiZuRSfxEZS6/fSsv0Ouy+/1ZzU77z+E0+//BuPv/iLNmvwO83f6p+atUqB1e/fDQ/+8Nd/8ce//ENL9P57bQhRN3yoPqPiZ7385m9cfv5Htl/6gqX7n5Ky6CRBOWvwSlmKR9JiQvLXkbr4GJ7pK7D3zGHS7FgMpyxg8PgZWkgGZdFSQ4ODxrlow4eGAmDDzedqpdEUN8ZN88XcKVBz5h9r54mZCkkx1RtHtxDcAuNYGJJAYEQywdFJBIRGafkHw2OTSMvMITcvn9KyCsrKqyiqqBCVU1JdQ2FFFQVl5WTm5pOYmoFvcCguAlqOc+Yx0cYBA1N5NozGCWyZMUylJDK20dLlDDSahOE4OwFeB4YZT2GIkbmUExkoQKYc4gcZKDgbjcE4C1yDfUhtzKBybS1121uoWVdHyYpiClZmkbMqkoKNwVTuiqFqZxp1uwtp3FspoFXN0pPtrDm/nq2XtrPpwmbeu/l0P5cebuTY5WWcvb2Fs3e2031nBxcf7OTqo+0CTJu59mi9gNQ6zgl0Xb6/nfvPjvHo1RFuPd7B7cc7uftsFw9f7ePh653sOtOOb3wMFk5SUcnD07xqF+fv3OT4xZusWHOEc0cusmvfMVaeuUXxpWuEn71A+O17BD94SsDDFwQ+ekmQKODhMwLUtgfPCJTtQQ9fiV4T+OA1QaKA+68IvC/rd9/gf/c1Prde4CvwtvDGE9wvPmDBlccslHX/26/xu/VK2+dz86Xsfy56gff1p3jIMZ4/6QleV57iefmJSPZdesSCiw9Fj3C/oJPb+Ue4nn2Im9K5B7ifk89deMGCc09x7X6A65kHzDt9T3Rflh9pmndKtp18wJzj95h7Qsqj95h95K6sP2TOsQfMkuVZh+8y8+Bt5h6V9UN3mS2adVCV95hz+AEzD9xh5v7bzFLlvtvM2HeH6Xvu4LjzJo67bjN91y1cZN1l7x2cZNl596135W2tnLFb9smyixzrtPMW07Zex3HbDRyldNhynambruGwVa0r3WTa5uvYb7jKNNk+bZPs33hNk8Nm2bfpBlM3XMN23RU5Ru27id3661ivvsyk5WeZvOI81l2XsV0t+9dex3bNNVm/IqUc03UVm9Xy2TU3ZPkaU1ZeZqqAmPnSc5i3n2NSxwUs2s+LLjJhcTeWyy5hsfSCJvMlF7DsuCzLF7XliW3npbyobTNddAbT5m7ZdgGz1vOYNnUzruE04xrPMKH5HBMWncOk9qRs62ZswxmtNGu+wPgm5aR+CoPSwxiVH2VU5XFGV5/CpOY0Y2vPaMsjy45jXHkK44qTGJYcZUz1GcwaLzC2uptR5ScYWXqC0RVnMKk8zejyUxiVnGBMlfKdOopB0TFMBcYm1AmEFZ+QbScYL0Cmn3cEvexDmJR3YypwpjS28jwji89gVHiSMeXnMC6W7xMwGyewNkZKk9Kzsq1bdAbDfPmNMjlGWbyyjzMk7SCGuSfQSz/C4NSDDE07zLCMo+hnHmV45jEMs08wQsrhsq6ffpjhcpx+uiynHWFo8iGGpx1lhLaudIwhSQcZliTfka58rg4wMP4AA2J1Ghh/iMEJhxkYd4j+sQdl20H6RR+gb9Q+eofvoWeYgErYHnqH7dXUM2Q3PYJ3SblHyt0/6ZOgXfQIkjJQaRcf++/8SR/5iXx3/KQPfURSfrBwu6YPF+7Q9JHPTt732iba/rM8dfqNxzbdsodOv1mgSvkOz518KPrV3LV8OKuDfjPrGGyXwhRnf6ZPdWSqjS129i44TJ8uAOLAbKc5WE2exkSzSTjYOTBtih32IgdbB+ykHGMsDXHfgZoTtd7QUfRROeiUz1Nvlax4mDaTUKWo+bDHAD7WIEtPi0GlYld91GswH/YcrO3TxdbqoQUvVUFBlf+VCs2gJZVW0deVY/u76O3/8c45/keo0nIQynY1PNiv72BttqPxqLGMEhkajmLCBDOsrGywnmTF5IkW8j+scZs/R8BKoCo2jqjomHdAFUVcbAxJSYmEh4URES5wFR1JTEw0sVFhxESEEB8eSkKYKkNIjgrVHNizY0IpTIikOCmSwvgwDapKEiPJCPfV4mNF+XqIvAld4I7LNHumWExi/JjxDNc3YsjgEQKn+vTuM1SbiaksWSpSe68BauhGzQYz0kI1qJyDA4eNY5iBuQCWGUNHTNB8sXRDg2YM0JugWaD6Kw0ZK9+jCz6qhgl7ifqpGFmiQcq6JSDcb6CBll6ll/z2ABVPa8BIOd6Y3io46BAVIHSsljB4oBoyNLSkj/5EgSprkQ29h00RuJrK0LHTGTjKVps9+LGypA03Y5AcqxzjR5u7YDplLmPMZ2FiNgsLe08m2XphZuOFhYMf9jPDmbMwlVleydjPCWWefx7uAXmaP5ZbcIGokJD0xWQIWEXmrSRYlmvXXmDDqTfcePXfPP3mr7z93d95rXywftDNGlRhGv6grFV/+YdWqtRVKhCxKpUUZP3hv3X7lGVLDSt+84d/8ulv/86DL/7KoZvf0Sgd6fTW40RV72Fh1loC8zfhn7cFz5ROLXWPrUDWaPsAhlm6MmKyqxYbq8eIKfRW8DlqKoPGODHcQgBL4MpIBU919NeGO6fMDMXSOQhjK1csXXyY4x2BR3AcvmEJAkjxAlpx+IXHEhGXRGpWHhnZ+eTkmEhaYAAAIABJREFUFlJQWEJJeQXFFZUUl5ZTUFxKnqhQAKuwtII82ZaaV0BMSjohMQm4+4UybbY7Yyfbo6+Sio+2FMCyEmiyZfDIiTroMrYUKJ4sy7JuJM+hibnA1niRQJnRWDnWEmd3N6KLkilor6ZqUwe1W0WbmqnaIJC3IYmybeGU74igapdA2I4c6naV0bC3lJYj9aw5pwBrDxsv7uC9J5+e5uazbZy5tYxL97q48XgTVx7s4vaTQ9x7vpe7zzcLSK3nloDW1YfbuPX0pIBUN8/enuXZ52e4/Wwzt5+u59GbfVx9souq5YuYH5yJ1Wx5aAKLOXHxFV98+wVX790ms2Y1y7r2sP/ILo6fOc2B4xvp2l3CptPFbOhOZV13Ftsul7P9ch7bLxRx7PZ2Dt5sZ+e1Yo7eX8UJOa8zj/Zz8sEBuh9e5PqLZ1x7+ozzjx9w8OoZNp3czSK5CCnF2cwJ8sctLpig+BRyS5uoX9lJ09aVtO9dxZoTm+lS0Vb3FLPsUD7Lj2Wx/EQNGy50yW+vY/vFNtoPJFO1LZmKLdkUb8yncF2+0GslydV5lG/IomJzCksPLefc80esO7WH+u3VcmwmJZuyqNneTNeJHdRuq6V0UzH5y7LILk8nvzSboEgfZrk6sFAqpcyWJqo3LKOqvZCUwkRKGyvIykugvDSDivIsWlvqWdRYTkNlNvHyuby0KJprCyiuasTJJws73yKsvPJZEBBLXV0dyampZGUkU11dRoH0JosLMijOy6BjyWLqK+X8M+NJS4yW3rgHeVnJpCXHyfFJ+HvNI0qIPTsllsqibNITpAcrvdPMuAhZFqXEUVpUQGlxAYXyHTUlaWSnx5KblUpOdjYJKRm4LfDBzsGJ2XNmERkeRlF+FvX1VWRmpsiLUMriZauobV1K185DbNhzhCVrNpFf2URR4xoK67oISSwms6QaD/8QwuLTsZ8+i9CoNGpbVtDU0UVJfTu5FY0k5ZSSWdxARmk9WeWLaFy+Tu5xBv6x2eTVLaWgpo2Y9GIsp82SSs6G8JQCZnsH4zjfG7/oVJzd/PGJTCEoIQcXjyDGWEzD2mkexubWDBxhwnjbGVjNWMCoidbyAo6Xl9GC0WbWmiOlskyMGjsBB+e5TLCcykR5iSfZOGJpO4v45Ey6VnQSFhZDZX0LS9o7yS+qpLGtiyNnLrNq426SsssITy4kq6SW+pYO1m3ezfV793j2+jlnz19lw44DbNm1n9Pd3Zw5eYybt67z6MljXr96xuMH93jy+CHPnj+hu/s067bspLB8CfllrUQnZrGso4PlHUuYM9+NyVbT8PBaiJ+/NKAREaxsa2BRdTEdjWVsWdFEY5k8GxnxtFbl01JZwJqldRzdtYrje+TZ72pj46o21u7dRP3OZbR1NdJUX010fAJxSRnEJGUTk5qPf2Qqbv5SMUZk4RGSzkyvGKa6BjLR0VUakdna1PTeIyw16alp7RNcGGIsPX2DKQwcaUM/wyn0GmZBbz1zegyewEcDx4hM+HjgaD7qN5IPVDqZvoZ81MdQi4iuUqMMHD6BIcrBWRoyvRETMZBKUs9gopaTboDsU1LOzoOlEVZOy4Nln770VEfKuRiNVQ7G9phbzcHGfj7WdnNxcnJloqklJkajcbRzYaqAlampBXa207GzdsTWyh5TkwlMNLdluuMs5s11EziZipX5FCaMnYjtFHvGjZnAoIF6In0GScPds+dALSp6r/7DtYCialaf8q36QIBKDRWqHISf9NHjg4/6874Cq0/6aul21P/74JN+WvBPldT5Pz/ooQ0TarGvNF+sD/lf//n+u+TO7/8iTY4ubtZvlFN7z34CLIYMHzEKfX1D9IcZYGw8BrOJkwQQzbGaZI2LowuBfr4CV75ERkQKWMWTmJxEbEwMcTECWHHSyIVHEBURRqzAVmxsrABWLEkJcv8jwwmXejXMbyFRAX6kRkdQmBJPYWocZenxlKfFaeEZKtPiKRbgUr5ZKnVOmOc8fGa7MN/Rgem21tgL7JnJdTY2NmXoUEMGCegMUv4vesbakF1fLdegiRYBvecAQ7mWBvRVsKM/jkHDxjBYT6BWDRPKfR+o4ErUf9gELT+h+kw/lTpH1hUo9VIBSNUQ4NAxcpyJNnTYW8XX6jdCs2r1H6yzcKlhxL7Kv0tAq2c/Aw2ulEVL8/HSN6evwWQBqCn0GWHF4NHTGSwgoXyQeg4z56NBcp7y3PWR57L/CHNtWNFovBPjBDLMp/kyeWYY9nOjMbf1lnplhpZzcIpLEB5hRSyIqsI7rhoH12gWhBbh7JGIs3cyHlGVBKQ0EZ7fRXhOJ0lVm1i84zY7L77ltgDWi2//pgGWim/1jUj5XX33p3/ohgP/8jNUKQvWLyFLk7b+D/74Z52V63vNmvV3PpXvu/Hqz6w/+ZrKtZfIW3qUyLKtLEhaQmTFDkJLtkmbU4jFnDjGOocz1jGIERauDBTIGjjOSQDLnr7GUxmohg3VbMIp7lr+wmmusUydr5z4w7BwWojD/GDc/WPwDxeQT8iW+j6TiPgs4lNzSUzLIiU9S4Or/AJpOwsLqagqp6a2RspqymuqtPYkOyeX7Nw8TTn5haTn5hOfnkNARBwz3XywlHd51AQ1g3OyvP+2muXKxMJBYMqCQQam74YPLRgycrwmvVETtHKYwNbwsebYz5qLV0Q4AanRFHRU07RtJc07OqnbUkP5lnTKtkdQtiNSACuTKhWMdEcBLXvyWHKgkBVn2ll7TtjmzFree/n1FW6/2Mu1xyu5er+eBy87efjyEE9fn+Hxq+M8enWAB6928fjNAe692MV9gasnn1/iyRenef7VOZ59cZQ7z2X7p+c5efM8B45d4+Tl+8QUVOIeXMP+c485fescjStOcuTsfbYc3MWu48vpvnOQGy+PcunJas49LOPIzUQO3UjlyI1cjl5N5uzNVTz69BlXnh3i8M0yuu8t5cy9Ti48XM2Ju02yvo7bz6/Jud2Tc77P/TfX2X1xDfvPHOX89ats3rOduuYaUrISBGqCmO/tyQJ/fzLLhDSXL6VtzSJ2HlvCvu569l5ayv4bm9h7tZMT1zs4fqmQdYdiadyaQs3GNIpWS4O0OofcRcVkN+dSvTGH8vVxcsEFBM+2sexwK607Wqhak0teWzrNm5awYl8X5V1plKxNpGBJpDwcQubJYXh5CIS4WDJliok8ZAuoEUJeu3UxNZ0VpBVFkZYVSnlxClVlWTSUZ9MoMFOSFESC3xyK0yJZ1lZHQnoe1tMDcAyswmpuJGkpSdRVlhAd6E1LVaGm9Eh/8mJCqBPIaqksojQ9mpQQLzKjg6RiDKKmIIuyvCxpaKVCdXcm2HU6CUHe5EjPUx0X5T2HzKgAMmIFBAW4chLCSQqYR1aEJ7U50RSlRkjPNZAEf3eiw6Px8ZVKOSadtHT57bRs6hsW0doqva7KcjrapfFfvkJgsYn2jhUsX7mGspISKqub8fePJrOgkdySNtqWbyE2PomIqETyiyspKa5m284DbNyym5Vrt1Pb1Epefhkr121lceca2leuZ4mobcV6gZp2gZlVLFmxjuLaFrz8IzXwCAxXKRYi8AsMw8MnCJe5ntJrkp5TaAzTnKSRdXEjJjmXtPwK5nn4MX2WK9Oc52FtP10LhOgyx4OZM+dIA2WJwYiR9OjRR9OAAUPRG2KEyejxWFvZYTPFRqA0nLKcLGqlZ9XWuJjjB/ayfEkHuTlFLOvsYuuOrZQX5pGVkkyxVBytza1cu3ie10/u8EK0a9dO9u07yPkzx3l2/xqfP7/Hd1++5rNXj/lSnvNvRC/vXeXMsUM01DWRkVZA66LFrOpcyYm9O9iyarF2b1UwyJmOtjjZWxEVEkB9sQB7VhxrW0rZs1qgPktAvTCetYty2NFZw7rWUg5taOPmkY3yPSvZcnozTdsXsW5dPWd2r2P3+uW0t9awSIA5KyNL7lE6cYkq+F8mkQl5+IemM88rEuf5fkxWFdsYSwaPkIrLZBImk6ZhNlm2SQ9SOZ32VMlWpREcrGb36I+n18DRupliA435RBq2DwVAtMCcKgq6gIeyMPQVWOkj5VB9E2mUBayGj9WsRcP0Rsk9kkZTSxo8kiHSQPfup681nHoqeKDsVxaL4YZSmY4YKw2zsUDZJMaMt2GqAPjE8QLOJpaMk9LS0lHusS3OAvaOdtOxtbRnsoUNE6WynT/Hk5ysQny91fChNZPkWZg0UWQ+Wc5lFP37D2XgAD0GDzJggJoBp5L8SgP+o7VK54g+QABIF4T0k54q0fMgbSagGib8lcCXCkHwgQCXCkT6qw978quPdEFEf6WivasE01o8LN0Mwx+h6j/+Syflu/V+DwG43nK9+urJdTDAaNQYxowxY9y4iZiOM5NznYKNtS2engsIC/Ij0MeTYD8fggWUfHy8Zbsngb6+hAUHERkVTVhIqHTEvDUY8/NZSJDUnYlR4aTHRpMmyoyPpSgtmZL0RCpyUqjOSdWGBquzkqjJTKI6Q+eHlSt1UGKQDwFuc3F1ccLR1hbz8RMZaWiCkdFYDEeaMVjA50dH94FDjaU00RzWBypgEXBR0NRfb4yWvFdZuJTvlFpXoRx6q/AN8uz0keeop5Ksq9mGyh9LxcxSccH6qhmKKmm0ANNHArf91GzEH9PyKJ8vuU+q7Cv3QMUs6ycwpoC3z+Bx8tnx9BWA62tgTW9D3Wy54RNnazDxoZ4ZvQW+ekg5YJS1dCBsGTraHv0xdhpIjbaYJc//HIwt3XHxycU9ph732AZmB5cwO7CAhbF1eCU04Z/ShltoBTO8UvAML2KOXyazAzK0wKJJVdtJrd1Nbuthug4+4NLzP3Lr9Q9adPbPvvsbX/2gCyqqUuSoIKPfv/O7UvrhL//QQOqXsPXDX//3v8GWztolYPbfKmH0P3j7/d95/s1fufvZf9P9+E+0HXpJ1vKLxNUewSepE9foeqb65WE2Ow6TqYEMs3ATmHJDf5I7Q8xmMdh0BvoWczHQZhJ6Yuboj1diHa4RpdjNCcVlQTgLg1MIj88WZYgypR7Jks6bAqwsLbhobl6BAFa+ppLSEqprq0TV1NbVSFkj20pJTU0jOTmZjIx06cRnkC5lVIJ0FJJScPcJwGG2OxY2ThiNsWKkvO/GE6WzNMWB8VaOAlmTpDM2Rhsa1Jf3W2+UmdRNptq2/lLnDxs9EXtpFxzmL2C2jzs5dXks2irt1/ZOarbVUbk9m8od8VTsTKR6VzbVO7IEsPJp3Z1B+4FsOk82sOJ0J8uOL+O9t7+7wn0BnSdv1vLweQkv33bx9pvzvPn8Bq8+v8xLAakXX5zi7bdXpDzGk7dHefT2nMDVDZ5/eUf0lKdvX/LwzWecv/eCFy8/586jxySX5TPbN4TKtg6a1m6krKWb+w9fc6B7Dxfu7+Dem5MCad0CWZs5/TCH47cSRGmiZIGcZAGwrVx6epdrLwXc7jZz7kEH5x+t4urTlVx+UszZ+zGcvVfBhUcbufJkPxceb2H7yVZuP5LG6rNXcq5f8PTNC87eOMbqfR0klsTj7OXIjIV+eIUlEJ2dQdOKelZva2Ln2YMcu3OOXedWcORSLacuZrLzZJoAVDYNW7IpXZ9J3pJiYgqFXNfVUr2pQcApg5L1sXQeKKDzRB3lq6rJqEskuTmS2g2V1G9oJq89kbxlYRR2RJJfEUdwqCde3rOYM9ceM4tRjDYeRlRUGBXVBdKTXEBqgScZBVFU1RdQUJhKY3URdSVZZER4USRwlpsSSVZWJrazApjkFMJU71zMpntQUlJAZlIU+WkxLF9cJ5VgCNE+rtLYp1GWm86S+nJq5dwzY4MpSYtlUUURrXW1lOdnkh7tT6CrC0Huswj28SLCdz5RXjMJ95xBbnIU4X4ehPm4kRbpJ71RV4LnO0glKr3WpEhy4wKI9nMjIiScUOnZznWwJjTAh/zcHPJyS0hIyKW5fR2bdh5m6659NDY1kpaWRn1LG1kFRbh5LiSnrEkDqqKqFkrql9DSsZqM3HJWbNgsULKS1Ws3c+TUOdZu2SMwtZHmpStZs2EX67fvZ9v+Y3Ss3cbabftoX7OFttXbWLp6K6l5lZQv6qC6pZP4zGI8AiJIzCkjKiWfoOgUapd0kV+zGK/gGOZ4+OMmZWJ+JbM9ApkmL1ZIbCbufmGMlBfNZKwl0xxnMcJwHFZ2M7ARgBg70ZoxE62kcRjHyFGmDJeX0shwLAu9vEiOjyEpOoYCeeG3rJPOgMDQ/h2bOXXqOJeuXOPC+fMCVkvwlt8KDYthSeMibl6QjsrT+1y4fIl1a9dz/vwZzYJ19ugBHt+7IXD1iM9fP+Xb797y+ZsndJ88QmNNI2VlNXQu7xAYLyAyOJCUmHASQ32JFUAO95lLXIAb+XIPm8vyyIgOobUig72r61jfks+S8hQBriIObWzj8MbFbF9Zw879K+k6vZHKlWW0NuSyf20bO7ua2b9pBYd3bWZl51INnOsa2qgSiC2pbCQhowTvkDQc5wVpKS8MTeW6jLfC3Eau1fT50ot3ZOjIiVrE7Y/7juL9XiN4v48hfY0mMGj0JPrqjRe4MNXSyPToP4qPBbI+6jOM93urnHpDNcfwD3sO0kBL+dYYCWCNl56pisJtYDgBQ2NzDKWXOsbURu7RBK0BVhqiP1azhvST7+svDaqeCiQo+5XvziBpnFUwSr0hozE3s5EOzzwmTbLHwsxaoNQJ68k2uExz0oYMrSztBAqmM8dlLj6efgJlFgwfZigwNUyTAu0+fQYzQMBOQd9gLV2LMXqGZnyi+VsN1SKPq8ZcSwGjHN3VNvlvfZR/0eBR8n/1+fXH/bWwDr/5SBfp/X1ZVg7xanjrAwVqAmn/KbD1v379iebwroYE/0PFxvpND+0zv1HDksqKNswYo9Fm8j/HCtRaMNHCmimWk5lqb4ebQI6v70J5XwMIDw7Q+V75C2z5C1iFBBMi27y93PETsPL38yckMICYMAGuEOlIST2VHhdFXkoCBenJ5KcmUZCcIB0tqQuUr1VaHOWpcT9ZsQrjI8iLCyctzJ94VYd4zsN7tjPOtjZMmWiO6ZjxjDAwZpjBOIYbSQOnN06u22jt3g0YbKxZnH6cIdh3yDgGDR+PvhynLFlqZmDfQaM0MFdWpn5qSG/AGA2weg1UYDRW267S1vQaOEoDLWXd6qlATFm41HDeQOUrZyRQP0IDLzUkqCLG95LnUOWL1OBK+XbpTaDXMHP6GFrT38SR/gJY/Uba8Yn+JD5Wx6nEzkYW9FEO8UZTpMGeyvDxDow0n8kkRz/MHYIYZ+MtsCWdthkheERU4p/Yild0DQvCKqXuKcYvvp6ovNXEFm8gqmA1yRVbCEhahG9cDYVLDlO26gLrjj3l0NU3PPjizzz/+m+atemr3+ssWN+pGFd/VoD1T83H6oe/KHD6uwZP/2a50vyxdJD1p7/96510w4i64cN/aaClwjt88Yd/cu+zv7D7ytc07npAxpJugnLW45bQyvTgUsznJzFRIMt4WhAGU7wYPH4WA0yma87uKlaWoaWbZr1SDu4z/LOZFZgjbW883sGpBERmClhlEZmYQVJqDhlZBaRm5pKhwKqgkPz8QgpLyjR/q+r6Omrra6hvqqeusY4agay6hloNtkrL5JiyYgqL8ikoKCA5JZWYuATiUtLkN+KZ5xmAvaqDLKcx2tyWibYucg/mYyHv9lDpgAwyHIP+aKk/xk9hhNRZg4zGa/GzBhuZYmbrLOc+E19pH8uWVFC3aSmNO6UTv3sxdbsqtOHAuj2F1OzKp2ZnPnXb82nZncnifUksOVRE25FGFh9p4r0vf3eJT7++zKdf7eTN2xa+/m47X3x3ks++usarL87z6suzfP7tdb7+/iFf/u4Gn35zkTffPuWHvws9//EHnn72NY9evOXM+St0bdjJ8vUdNK8qpXplKu07szl4bh07jndT0HyA5ZtPc/L6Fi4/Vhav4zx+e4Zbr9bSfTdWgCqKM3fjOHU7ljO3EmV5qxD0LW68vsOlRwJVDzu4/XwD916s4dazPK498eb8gwBO3knn+J1KgaNEdp4ok3O5wUtphN588Tmv3r6V83vBNfme49eO07qlgKyWEAKz5jDNw47JjtOYIY18WrncvGVtdG5q5dj5FZzqruV4dyUr9hWwaEc61evzSZNGLKOugJqtLSza2UHLnlaqNpaS15agQVjDrlbqtwtpb0qlYXM55SuqSGsU6OkIpXh5tDREUknFBRMW6s0812lMmjIGawd7UjMyCQ2cQ3zkPLLz3CmuCiM524vc0gQaGypIjtRZIBQcxQQtkEoxiGlu8djNjWaySzDWs8PIkZ5kargvbY1VNFQUECVAlB8fTlZiNBX5OSxvrqM0PZZMeViqc5JorqmhsqSYAqkYY3xdCZjnTIS3Kz5znIhYMFOzlpWmRlEoFWXkwrkkBvsQ5etOlMBh6HxHqUxjKM+KE4BLJkd6D8oBNj0lnfBw6dnKi9Lc2k5tozTCDUtpal1Gx6pNLF+zieLiYtJSU8krqqSkppn4tCxaV28WcNogL89S2ldv4MCp03SsXMfWPftYvWY9K1dv4fj5q+w+cpJVm/cKeG1n3bYDrFi/i91Hu+lYs5WOrk0sWraG5s6N1ApUKXVt20udgFRWeSPJAk95NW0k51VRIb9T3txJVdtqsiubicksISw5n+isEgLiMnDzi9AAy9NfxVhxx3zyVIGoCRhIL0fJ2sYR43GTGD/JgXHS0BuNHMPYceZaXjVvDw/8FnpIQ+zG3JmzSEpIp23xIhbX15Mr379a/a+1W+hctZmGhnaWd21k3YZNrO3q4vKlizx5Ij3US2cFoI5y/uRBNq/p4OjebXzz9jkvH97k67cv+O8/fscXb19x4sgBtm5Yz5ZVK9i4sp289ATCFrrhI/cyauE8Da6qMmMEzn2J8vcgJzGCTe01HNrUwjoBrOxoP+ryk1hVnyffUcfmo10sOrCMtvV1dLUWs3lpLXsFsJbV5LG+vZG17c00S6XWvnQxmzdvElhWkFxJVJJAa0wOnkHJzPEMFdBaiJXjXIwFVgZJ49ljsBE91Ywtbfr9aD4WuPqw9wg+FBjoI9eut4DrxwONBDKGaxasHtLwKYuEmo6vLAvKmvWBZgUaLI2ofO7jgVqAyNEmlowZZ4Wdw3yBYg8mTZ6OsYmFBlYKpJRVREHVUFkfKKCl4lmNEhAbLmA3ymQiVtKTtbV2YMokG2ZMn8kcx5l4znXHfY4bzg6O+Lm7ESz308rSGrOxplhZWGpDW9aTbTEcLhDXbzA9e+gCePYbIIA1YDh6UjmPVNHB5bwGDxurBbTsJfCkgGGw/ngtz56WY0/+Vy9RH4EIPRNrBhioQJkjNPhSEPahigD/QW9+rfIVftJfgKu/FtX8wz5D+U3PAZq16oOesv3D3tpsROWzpWbO6amhDhX/RzoG5tIZsJD/aGVtj6WlBc7OTtKxm8cCDy883F0JEngKD48gKDiIIIGskKAADbDCQgOJiQwnPiqCTAGoDFGOwFRxVrqAVarUGakaYJVmpVGbl0NNXjblmSlUZqfK85ZMRUYCVVlJVKTHU5AQqTnBK8iK8VmA77yZLJjpjKONXFNTU83RfZiebublQLkWmu9Vv+GaherHXIS9NUvUaEzG2zJvvrdsH8WgIaO14TxdSh19bYahsnT10WYUCjwPHKMBlYIpVf6YFFrBV4/+xgJRAmKDFPCPlOfTRIP8nv2MBbTGaNaq3kMmSENrRo+h8p0jLBlo4qg5dKvhLxWWYKCo34gpmjSHdwErFfNKz8SOIcbWWlBRY3OVXFgaaecAbGZHYymgMd01Wt6RJPwiy/CNqcYrogzvyCI8wvKIyl1Jat1eEqu2kVyzm6zGI1R1XaR56w12X/yM47e+4fFXf+bz36vo7X/nze90EdwVDH0vgPW7dxYsFcX9j7+wXP37cOEvhw3/jwZYumP/9bOP1p/VcOM/tZRbn32vhgz/xK5LX9B++AWFq6+TsOgY/jlrcQqtwm5hPqbOkYy09UPfcr7m5K7gaoTAlbGdDxOdQ5g8M1zaqzicvZJFcbgFJREck0t8eiGZ+aVk5hSSlpVPVm4heflFFBQWS1lIcWkZ1XUN0i400rSogZbFzSxub2dxh7S9HctpXdJOy5I2GpqbqKhW/lmFlJWXkJWdS3J6BskZWYTGJuIyzxsLOxfMbKYz0doF21nuzPD2xNF9NmMnT8ZgjBoStGCY1CeGZlPRl7rd0NwCF2lDIwoTSa0vlPtRRElXC/Vb26ne0kL19koa9ymVUy1wVbk9j7od+TTtzqV+Rzw1O2Kp3l1C7Z4K3vv6u8t88/11vvn9QYGrLr79fh+ff3OUN18f5cmnB3n95Rm++u4m3/32Fd///iu+/OYt3/72T/zw5z9z/cFt9knD19LegXegvKjBESzbWMOxG0u4+mw1t99s5NKzXTRt2E1EzlLKGjdw4/Eabr/cxKO3J3n8uQDWy5VcuJfAuXuxnBaduRvP+fvpnH2wjUO3L3Lx6Q2BqeVcvt/EgxcbePbpNu6/qJD1uZx74Maxm5FsPRdH1wF3jl3O59aTPTx6eYNHbx7z7M1LXnz2Kc/efs7dVw85enUtG04UsGS3VBxN3rhFzcPZex4O8+fgNHsOMfGJNLaUsKy9WBr2cprXFtC0MY+lWzrIrxRaXl4sILWYZUfW0nFgDRUrmkirzxC6TRfKb6BmWydL99SydGcjea3ZRJf6kb80iqzmcGmIAijMTyMq0o8ZM2yZNsOFBf5BzJ7vgOtcZfmZTUlFBJWtEaSV+FG8qJS41BjiBYqSYwJJivTF29WRwNBopnlnMEHLvO7HtPmRUulFSi8yjprSPJIiArRhwMKUKFKiwyjPy6SqMEtbz08IojQnTaAoS6s8SzITCPeYTWyAB9GBnnjOtCNkwWwyBerqijLJjRc4TIkkLtDJmULHAAAgAElEQVSLULlOYV5zSQj1oyovg+LsdFoXtVKQV0pubhFR0RnklC6ndtFqsjLyycgsYtm6vSxbs4XlqzfR1LaC2tY2QkIjCQ1LoH7JWjo372HTvsMcPXeNfUdPsn77Xg6fucDOgyc42n1BgH0rXZv2sGXfUdERlq/bQeeGXew8dpYlq7eydtthGjvWkCI9oOySGloFXBRANQtsNXas1ixYxQ3LqBHQ6ty8WwB6DzVL15Bfv4ySRStJLq4lp7IVz+A43AOjBa6icPULxyc8kWiBrojEbNKLqpghja75FBtmSQOsP8JEGtApDB9prjXu86XSHyW9IX3pDamZSYOGGOE4bSZu89wIDY4kW3pTR/bu4cTRoyxdspwzp45Jb6uCRAG7ouqltK3YQsOiNhY1d/Do0SPefPqSy5cv8uLpA+7eOMeejat4dO0sX7y8x+dPb/PNZ4/57NldXj25o/l8qSHIK5eusLytmUjlG+PnLo2aL3HB3pRmxJATG0RtToLAcjglGbE0FqfSWJBAdWYs5RlRtLUV0XlsLeWbGlm6opIT2zsFwjo4vWcNp3etZktnHasXVwhMp9BaW06XdETal7aSlVMgPcV8eUaLCY7OJCAqWwOtqbM8GT56Ev0FbJRPwygzW0aaWjNYoEc3M0vlahvJB8oBfJA0pgbGfDJwhJak+JN+hgIdAmG99d9FQ9fXZt190muoNivM2NiMsWMsGT/BFtMJdgK4UprZa8N7VlZOsqy22TFilAUD9UZrPj0KalSSYJUgWMHWIIEdYzm/8eMtmWxupfklmU+cIgBlje1ke6bbT8fBbhquM2fj7+bKfGdnplnbYG46EbNxpppju73VVCaMMWW08TgmT7LS/J1MBShNTW1wcXZn8mQnLcL7SKOJ9FdhAgSahsnyEAVd2hCXvhYvS/3HDz4ZpIUhUIlpjeTz+qMmMXS4qfyHifQdZKD9jwHqf0hpMEal+DDRfLZ0CZ511i41W3HAsNFyzCgMx03Weuu2zq6a5dXKyprpTs64u3uwcKEv811dcXebz0IvbwGtBbLdDTdZ9/H2IFzgKi46gpiIUAGscFITYsmWzltuarJ01uJJj40hPzVFlExxmkBUVobAVZp03lLkWRMIU1astHiKUuQ45YMVE0Z2nIBadKiWizDEcwGes2cw20XFEbPCdIyZXLuxGjApQFQO6T8metYAq+9QKYdp12m8tTVzAr3p0ctQyzs4VIB1oPa50VraHAVQ2qy/oeM1Kf+rPu+G+foNmyDwpKxWAlmDpBSg+kRg6xPlOzVMlgcJeMlyn+ET6aVvrvkG9jGYTC8DgahRUxk8zoUhoo/0LeljaCPbbOlnOJlBAlb9pRxgYMlQWR4sy0NHCmwZTRbQnaxFeB8lkDXB3pOprrE4LRDIkNJhRhBzfBIJTFlEeKZ0VGo2ULT4EAVth8lq2Evh0pM0brxO+867bOt+zak7X3L/87/y5rd/0xI7K4f2L37/Ny0P4W9VOIY//UOLe6WGCX/7E2D9OCT4f34CqB/+8k5//de/QdWPflo/ApemP/9LC2D65nd/49GXf+Xs4x/oPPKa9LYLhBRvxT15CXbehYydHoGJYwhjpocwynYhRtYLNN8rY7uFmDsHYymANdUtlhk+KcwLzMI1OF3nhyp1b2HVIrIKS0nLziM7L18Dq/yCIoqKSykrK6e4SMCmpIhyAafq6gqamhqkY1cvaqKpZRFNzYsEtJaweKl06Otrqamroq6hgYrKas1fK7esCr/QWBxnzGf85GmYyns7xWEmTh7uBKQGEZjph4OPM+Pt7bSchkNGTmSUHGfu4oJbtC+RRYkkVOeTWFNKdns9hWtbKN7QJHWldNS35lO+LYvSrdmUbMkT6CqmdkcBxetjyF0dRMbaNLLX5/He99/f5LffX5EbdUIAapss7+Wzb3fy/IsDPH17k0+/esJXv30tQPUnuZF/4dO3X3Dl9h2OndtNx+oqMsrzmb7AD/s5PrSuaOfxZ1d48dVR7rxYzz2BoaO3tpBSu5UlXRe4c/cJLwXaHr/dzdMvTvPk7QluPFtC970UTt2N5owAVrfo0qM0zj/ZyK6rJzlz/yJXH7Vz6W49dx+v4/GLLgGnVgGpUM7cmcGJO9GsPupP12Fvuu/kce1hJ7efn+bG04vceXaHJ28e8fyz19x7dZ2Tt9Zx6PJyjl7fyJ5zq9l0YiOLNi8mszkL9yg3rJxtsJg2hbkLPDRgDE+KIK+hnLzKGhJzElm+t5U1p9axfP9aAS9puDe2smjPYpp3lVG1IZXSjULZ+zayZM8S0hsSCc7xJqEynNzWFBKzoomPj2DePGep8KQ36eYlDbS1VIKTcXKejLOUJdXx1K7KpXhpOWXL6onKiMA30A3PBY74LpyBr/cMQuPSmTw7lgnTgnDyzcUjKJECaTgrS4vIS44mOmABCSHeJIf5UpSVTHZiBDlJkWTGBJMaspCMxGQyUpJJiQ0j3N+DJDWkJIAVKQ1zfJgPnrOmkR0dQn5StMDUQvlcEAFzHTW4CvaYIwAXTHZ8NFXFRWQmRBDtOxe/BTPwWuBORHQOzZ17aFy6jpz8Clrb19G5djvLBbKKKxfJvvWsEshpXLyCNdv2snrzPnYcPMWh7sucu3GXPUdPs+PAcXYdOSvLZ2lZ2klZbRsbdx2mU4Bq2ZrtrBIoW7P9AG1rtrFq62Ea2tcSk5yDh18Y6QVqRkkZ6XkVFFQ3U9e+mozCGhqWrGLfifO0dm0hr7adisXrya5aQknrarJrlxKWnEdYSiEJeZWkl9ezQBs6DJJrnUlJ3RKa2wSE5EWOjUnCUeXAsrJjmMEoevYZgqODgLKbu9a7njHfUxrIcYwwNMHMbLIAsZc0RqrHn8IKAaH66np2bN3G2ZMn2bdrD+0rNlFWs5SCkiZWdm3g4b37mkP7F19+xpdfvOZ3v33Lkf07uXDsMK+f3uXTp3f46tOHPLx5nktnT1CQnU1UeDTlpdVs2bhR1gX0i9Koy4slL0HBcTjV2dFUyHOkhpiL02OoyU2iuSiZjcsq2Xqgk3Z5nrM6CljeUcbB9W0c3tzB3rWLOS6gdffCPu5cPMj6ZbWs62hg6+rFtNQVERMZRlxcolaJVVbXyXWv0CYeRKWWSmclgEn2c+Rdcsd2hifmNtKrHaPizUzUIm33GmjMr/sM5UOBjB79hwuIGTFghDE9FXCoBL5DTTSpNCm9+4/Syk9662mANd1pDtOmzpJrPg/LKU5MFLCyEDk5zsV5+mxmz3Jj/jxPJk1yYKQAsMFIC4xNbTULiZGRGSZyHgpuevbVY5j+KKYKSDlNc2aypY18xlpzvJ5qO5Vp9lLJmlloM+5mOTrjINumWk9lhvy+y/RZ8lszmTtjFp7uPhpIz54xlzlzvfDyDMNtvh8WFlO13zI2NqevgIIa0lJJhocbClAYTtSivA8QsOgr/1NBpOb/M9RYG+ocaz4NfeOJTJ46m9ETbOT8bRhvNV2uoYWAwmgGGoyjt1yLD/ro8Rs1K1Hl6xsi16i/Hn2GGAjcCoTKszfeXADSygZHOX9XeT7nuwpICVC5ui7A22uhQJUbrvMFrHx88ff3ZaGnO75eCwj29yE82P8nyIoKCyImLJiEiBCtw5YUKbAUJeAk8FWQlEiOGjZMiCEvUTpwyk0hIUpzbk+Xjl6afCZZPhsj3x/hpzqI85kzw1nquqlYTZHrPUEaNGVxU1Pkhyq/KOXoLtCkhgoH6eC4T199PvpwkDTWdrhIPdWn3ygG65sKhI5HT66lmsgwxFAAR6Sm5KsYVkOMLDVH8/6GFvTVnyDQrqxbpvRWQ3pqOFql3lH5DQWyPlKTKpQf4HAzPpZ9n+iZa5YpFalcCz8w1omeBtb0ErBSs+X6GFjRUyDsk8FjtUjyfQTQ+qmYWSpelpR6ch4jTGwxGC8Nur07dvNisBWospwVymRHbxxdvJku74bzTC98gjKISG0gpWwVFW0HWbz+Ist33GPN4Wds7X7Bydtfc+3Z73ny5V949e1f+fL3ujhW3//5XxpIffuHf/KdFu/q7++iuOtmEv7xv//Bn37yt/o/P/te/fl/86e/CEz95J8lUPVvPlnvQOwX1q/fyW99/oe/8+Srv7H/xrc07rhPXMMRFqS0M9WvgIlz4gSuQjG08WGkrbdmuRrnFMZ4pxAmOAUzZV4Ujl5JzPBNZZZoQVgmyYW1ZJfVkVdeo80IzMrOISMjjby8bAqVU3tFuaiSiuoqamqraGxRYFVLvUBUc3MDLa2LWNzWypIlbbS2NtPa0iLbWmhc1KANJ9bW11Ml9VJ5bQMF5VWkZxfg4RsqdZILU2fPZm7QQoIyAklriSKpOZTAfF+cfd0Yb2uHoflkxtk7YyfP6oIoX4JyYwkvSSeuqYSU5dWkd9WQs6aawg3FZK9LI0tAKmt9FoUqVta2fHJWxhDb4kn44gDilqfy3u/+cI3f/f4s3/9wRtQtN+0yL7+6yrd//I4//uMfAld/FMhSeY/e8kxg68HT45w4vYFnz6/y9PVZUsvysJzhi1dICueud/P2uxe8+fYKj96s5+nn+zgkMBOcsZYrd7/nkTQOD15d5LPvL/H8q24efnqAy48aOH0/h9P3MgWuMrnwIIZrT7K5+KRLAGs/x24d48LtRZy51iCQtZPbT5YJNNXx9LNSrj9NELqPZMUhd7acTRAYq+PWs53cfXWFm09Pcf3RGe48v8LdZ2e5eG8bp25t5PDldZy/f5rzd09z8eF1AbRTbJJGpnJ1MRFFHnjG2BGU5IxH8FymOs4gKasYDx9vkrKlkdy5gua1TXTs6GDr2W3svb6Xw7eOcODWHlq2K3rNo3xjO1Xrmkiuiyc015eANA9KFueRKY1aXHw4YVJhzZ47lwnjTQSupAJ0ssXG3hxrazNSlWVhXR1FnTWUriwjvjycuNwQQkLn4zTTHHcPZ3zCEpjgEIitdz4O8oC7uC4kLjKQbOlNpkcHEeE9h0ifeRRJb7KiIJP4YG+iBaSUj1WUv5c0yJGkJ8WREB6sSdsvD1dyeCA5UjlGynJunFSuQd6kSoWaFhNOqABUkPsMIgN9SYyIoLKkjLz0NK3STY6JJyIskpSMYrKUs7o0tK3LN7GoTa6VaGnXZkqrm6htWUZZ0zI27z/JodOXBXgusOvwKQ2w9p+4yMHTlzhw8hx7D59hy94TAuRbaV7SSUp2GTsPd7NkmXJo30TXFgVlJ9m49xgrthwQqN/Esg07yRHISMosxj9MwDYiiciETCISM5jttpDi+mYBgApSCqsElCtIyJEeUmM7AVFpJObX0LZxP8VNK8ivWyrrVSwMT8QzNAEXNz9cF4aSlllE56o1tCxuExBazYougZLsfLmXkdLgO0pjPEUaLG/SkhPxll66i/MsZjrPICwghCrpicWGRpOXlcnenVtpaazB39uX6Ogkdu3Yx+ZN2ygsKKZMgPTw/sO8ePaQ5y+f8PXbZ7x6dINDAljXLp7mG1n/5vOnfPfVc27K+pF9O1mxuJac+GASI4Noa6igpSKPZXXFrF1cRm1uPFU5Caxrq+Twlnb2r21ld1cTdQXJbFrdzOGre6ndv5SqNQJWuzq5cWIXZ6VzcHBLJ+cObuTR5SM8vnaUnWvb2dzZwNGtHexcv5w9m/8vY+8dXdV19WtnjK++73WKS9wAU0QVCCRUUO+9994l1CXUJYQK6r33XhCqdBAdTDHGmF4MxgaDccHdiZ04yZfkPt/cW9jJfe+4Y9w/1tjn7NP22XvtNZ8511y/2UtXSzXlpYVUVpSRLx5obqkMluWtJOXVEBCXg0dgPFYugWgbObFwpXj0K/VZtMZAFfV75Q0lmXSVQMZSgZ0lLBBgWLRqvRin1WI4NVkkRvP1pTrqKjAl/0YRfnz+ZQ0VSExsPVki0KSja4uuUltsgxlrdczUKNZ6ac6OHvj7BmNt5YaRgQySpo6YCoytWi3GVlHtVpKbX1vBb55/XU1AV/SXFL2rVSvWobNOFwtza/w8fAkTALE2M0NrzRrWrVrH+rXr8ZJ+FOYfiZebN14ePgLVvvLYF3sBbg+BOmsrV8wEirQ3GLL4jTVoChhpbzTnBYFJJQLz+oqNLNDQYYmcCxUgX1TELxVIX8TzryxVj2+BxnrWaJuxYIkWa3Qs5L9ZCchvYK2+FZobLQS8dDAwd1IhbLE8XrBkHS8JjDz34iL+byUp/v/9tSpU+tyvf8fvXniR1xe9wWpNLQyNTDCzsMDc3FL+oy12tg64Clx5KsAlWzeBL09PceS8BLgEtJQp7gBf2fp44Cf7Ar3cCPPzJDrYV/qykuMXJONAOJmx0WTK+JCdEKVGqZSizso2Ny6CbNlmxUcTHxpEkBIls7cXWLXAxsIMK3M5HqUeoa6enPeNrFqpqQKvUkD7dWXKcNHqeQFQVeV9Gb/7zSLMZQyy8HLheTlvr6rRyTWqHtbrilyDANVCjX/BlQJcL7+hzQsCV88rUa1FSi6VloCVJr99bQ2/eUWRgBCwenkVvxHYel7ASNWxWijvX6rP7zUMeVFDEQ014deLDPiPBToCV3o8t2gjz722TpVleFG+/1X5PSUH63cL5TeUuojy22+sMmL5eisx1LYs1XFgpa6LOl2oZSwOvHUIDp6JuPqlEpq4naySXso79tMxdYWOiXdp3XGencfe58iVzzlz5xuuP/6BR1/9jU+UeoN//P+kzSezf6fmSv1Dzbf68sd5jasflNWDf1KiWf/kjwJSf1LA6ad/qjlX823++c+A9ee//oM/KflYP/1XuPq7qvr+w7OVh4r6u6Kx9fF3f+Pax39l19tfUDpyg/CSPQTljeEYW4epXx66LkmsswpnnYCVnnOiAFYkG+2jMfNMxj4gHbewXHxiC0gpEPCp66ayQexkTQMlivRCQSE5OVnk5mUJYG0VuJLxq6aOppZW2jra6ezpobu3hx7Z9vUN0N3dK3DVRUtruwCWwJUAVmNzA63tzfL+FvlcCzW1DdQ1NqvTjBV1DeLI1pOalUdIXDx+m8MJyRT7VxlNdvtmCoazSG/NJqkqneDseFwiQnCPCiVoSwwxxalEKq08h80tRSR0FJHUVUJK71aSe8UGCkSlDmaQOZpP/o6tZPcnElbjjl+VA9Ftcfzq++/f5vs/nEcBra/+8Fjg52vuffolH332DXc/esTN99/n+oeXOXtzlLcFYK7f6+HzLy/y058+5OLtwziGJaBt7UeqkOi9J+KBf3lPOsVVPvxsL59+c56L90+SXjtD146b3FYiSp9d5ePvr/DgyzPc/Lifs+/l8eadrZy8mc/JGwW8dSuFK3cLeff+GPuvzHLgknj8V9o4cqGN4+9O8e69Gm59VMy9j+sE2MTjflcA62Awc1eKOX6zkXfuz3DtwXnuPHqTq3d38s7tHbx1u4O5S42cunqAI5dGuHD7OFc/vCggdkW2pzh5bTd7zu1i/PgAIwcrGd2fTcf0FjIqkgmJFSNqZUVEvBjttCjquhOZOV7LoQsTAoOHBdKOcOmDSxy5doiqySLKJ6vY1pFDQnkEkXn++CY7kFggF7IknbSMFDbHxWBra8omQ/GQpekarMdgkza2TtZsba1g+7AA1kAlNTsrBbK2UNyVSnJWCFYO63AUyLFxD8PYIwNTnzw1DLvRSA97Z1PiU2OJDHEU4+BAuK8LW9MSKMxMZHtWEpkCXjECV2ny24kxkWzNySA8wFuAyY/kCH8ZGEPYuiVRjVply+AYF+hLhJ+8HuhDXEggW5LTyErPJC4qmqTkfLIFOPIzs8nPLWZLej4pKRkUbW9mc1IuCclZFG+vp7lrB209I3T2j6sRpKKyGnXF39jsHPsEpPYeO8uRM5fYd+ycGq1StoPjuxgd38vwxD5aescZnpmjtW+U3h3T7Dl6jpHZg9S2DjA7d5opAbH6zmEae0Zp6p9k58EzNA/OqgnuUckZRAhgBUUlEh6bJOBaSrZ4TEpUK09aRnEV0am5pCqRrppOqrtGSRcwzChtorRzJ/m1feRUthEkAKYArYViRL39yczNF8+pi9nd+xkfn6S7q4fZqTE2h4dhZ+1AVlqmmoNlZWuHm7u3eOqOeAoAb4lPoq+6hJ76anUF4EhfLy7OnlhZuZCWkiUDxwDnzx3h7JmTvPvOBT5+/IDPP3nEn777gscf3uHuzUs8vndT4OoBTx7e4valN7l95QLvnj9BX30B8SEeAscx5MVHUrc1mZm+Onqq8tg93Mrdd09w69xeLh7ZwZVTs1x86yCz7xwkc6iMhqES3rs4x6WjM1x/6zD3r53hyGQfJ2aH+ODqGe5fFifk8BRXTx/gnaOTzE31sU8ga6ijji0pSfgIzPj4RxAdn05Ocb2c4xZiM0rFS92CmWvwszpj8j9dgjBz8MHNxQtnGxc0VhuweIUYJCU3arEiCLhWXcGjscoAjbWGqj6NUr5k6WpjNNaYsHyNKRv07OU+9FanXZavNmWl7NNYsYnlqwxZK3C1RsuEFQJxWutN2CDgtUxDPr9Ui7VrjTA2sUZP34wN2ias09rEGk0DASBDVq/SQ0NAxcTcgaSEVLknTTDQMxIIsMFQ35RAAWF3RzdC/MLYlltOdGAMkUGRxEcn4mLnhodcQ0WU1NTISsDFgeUamix4fRkbdU3le6xYumyDwJAFS1bLsekKGBl7sWSthcCTlUDVChX41DqCShL/C2+oyu+vClwoqx8V8FKmExcsWctGU3H27Pywk3Pq4hOOg2sghsYO6BnasFxTTy0sPb8i8Tf8x3/7Lf+vou7+36Q9p0g3vCBQ8jKr1mrJOTCS47TBRvHkBSANDQ0xNTXBQqDH0dEWRyfpty6OuDkr0Tln+f+eavP1dCVIwCvEz4PoEF8VsBRFd0UPS4lmpcfJ+JawmZzkePJSk8hLThDwjyddmW6U8SNMnA4/Fyd8nB3xke93srXFwtQYY31dAaz1ArAb5jW7lqxGY9lqFi1UVoSu4nUB1UXLtPj9Sxo4hgqg2NuqiwVeUV9bJ/1nrSrZoEwXLlqmK+dOW61LqESW1JI3Szfy+8XaqsDk84u0VMhSpgifU8ruPIte/YcCXAJhCmi9oADTMgOeX6zPb6U9t1CH/3h1Lf/52lp+vUBpAlZLlMiYouyu1Cs0UDWylCnC11cYslDTghVGnmy0iWCDwNTqTa7omnqjb+aDpUs0dh4peIUXk7B1iIK2o4wd+5C95z9i75sPOXjhCScFrN68/gVXHv6B2x//yP3PfuSpksT+rK7glz/MyzHM1xf8uxqt+vbZcwWEFDV3pSahClNKIvuzSNUf/6K8rjxXwOtnwPr58c/tn/8GWfMJ8P+CrPnf/eT7v3HzyV/oP/6YvIFLRJTvwSWpDV23FNbZRLLOMpxVSnkc22h07DezyTVZoHgLTqE5hKfXEJ1dR8q2BrZVd6gOd2VtI6Wl5QJVRWrkqqiokO3bS6ioLKequobamlqamhpoE8e2o6OD9s4OOmXMbe8UuBLA6ujuFqBqpaOrQwCridr6GoGsFto7Ouff19FFc0ubOOqd1Da3UlRVLY5gBYm56USITU0oDyW7LYrisS3kDxSQ0bGVgqEqCgfrKOypJbetlKTqrUSVJBNalEBkdRrRLZnEtxcQ25orLVWgK4nELoGsgRxS+9PZ3BaKf7kzvhUehDclKFOE78vJe8qDTz/lyZOv+fzpN1y4eZPO0Z20Dynio7u49Wia9x93CXTV89Gn/Xz9zQk++OwkueI169qFE7MlnlOXJnj07V0Bpxs8FAB7+od35GKLN/7p+/TvuUhtzzlu3n7MZ9/c4rGA10df7ebG4wpOv5fOydupqkzD8Ws5nLu+RaCokmsfzHLqzkH2XpoUuJuQ10Y4/M4El+4Xc+XBVu48buXaR1WMHvdl5mwGp2+Xc/RaJadudHD1g/2892CfAN0ol++2ceZaIUevVPD2eyd488Y4526Pc+PRce59dk1A7DSX35vj7VsXOXv1gvzWHO8ImJ272cXhK3tIL9lGYFQM/orHVp9C62goUwdS2X2okb2nhjnw1jinb5zm3L236DtST+HOAraPbCd+exAhWZ74pzoSkOpExJZgUjMFsrYkExbuL0bYRLzwDeJ9rxGjsJb4/Hyado9TPFhL9XQ77fs6aJ4tIac+liABp2A/K7wCBa7ck7EJ3c5KowC5eS0wMl7OJnMDgYkAHFy0cHbXkfd7krklgfyMBHIEvNLjwomVQTHAz5fEuM3ERQQS4OlCRIAn27bEsT0nRQArjqQwgYGYCAJd7YkJ9lGnDZVk6c1hEWRkbBWYyiFIjkFZ3p2REE2whyuZAl7Vjb1UNvaxvbqbgvIOalpGBJCmVCDqGtpBc99OKuWGauzoF1jaxa7DpwWq3lRXASorAEdnDqngVdPcx/juOXl+kL4duwWghmT/QSb2zrH7yDlpb9I5NMGo7Nux9yjD03M0KpGtkd0CWTMU1gsstfVSVNtGkRxTQUULjf072VbTTk3PJCX1HSpcZZXWUtE2SGlTtwBUIsHxmUSnyQ22vY7i5kF5TxMd44doEGArru/joBzrvgMCe3Kj5hVWkb21nMLtZerNe/zQXg7u3UVrazOB4vH7e7qjt1EpDrwRC0sX3BwD8HMPICN5C2nxiXS0d3Bw/wEGxRNTkol19E148fcrpY9ZMbqniu7WYe7cuMpXT5/w3Vef8smje7x79ihXzh7jq08/4LOP7nDtrePs29mvJsLfv/EWJ2a6qS/YQlVeOm1lOYzJwLCrv5bTewe5eGyCayenufP2ft66fJSu4xPENmQJ/CpwdUSAqpcjUwPcuiggdvEYeweb5XM7ufPOSa6dO8g7x2Y5NDnIeHc9ZbmpZCXGUF2cR0FuJrGxm0kVmE1OySQpo5DolELxDnPxjs7FKyYTl5BEPEPi8fCLYJWAhq27Cc3dNvzu9eViBJX6cBosXrpWBZLlq4rvm2EAACAASURBVDawUGMtywWwlKK7K7XM0TNxQ9fYlfX6jmw0dFK1q1asMxcIMxVA0xegMmHNOguWLtdh0RIxskvXs27tJoEeC6ws7DERsDI1dcDRxo1ggcEA7wAsrRwx3GQrTo0tqwSyVsn7dXSN0F6vz8IFy1m9Yj1GemL8Nxrg5eQi8BxLRuIWosJjBKg8MDOwwFBXQGyjKZqKkOGipXKttWSrIZ9fyssvLWDlKh28/ROwdgjBzCaA1doCQhts2WDixSp5/MoSnfmaea+v4rcvLVaV3p8XcFi0YqOq2bNKQFApu/PCK0sFzvQwMHOSc2CBtbMvDu5BKmC5+0Tg6hUs3+/K6g1GvPjqEv7br1/iueeeV5sCWc/97iX+49fPy/7n1TI6z7/wCiuWrxHo3MD69dpslH5qYmIqDp8tDg522NpYY2dnjZurAx4CQooYqZuL0hzwcnfCz8MFHzdnosQBiwsNZnNokABUkApaGQJY+WkpAlgpqpSD0pT3qKrv0iL9fQmUe8NL4M1FQMnR2hoHC3PMjPQFtDbKOd+ItpYWq1asZMmS5WpEa6Gcg0VvrOX1BWtwjvNmrZExv39dAHTRmnnAWqzF64vXyXXXkj6gy2uL1vPys1WHL6nTgmvUxHVlivB5Jcn9VYGpl1fzu9c0+Y3s/7Vcg+cUGYg3tNWVrL+TzysQ9Zy8/zkBt98JpD2n6rPJdVKiYG/o8aKA14sCYq9oGLBglTELlDqFK01ZIMC/UNryDfas0nNF08iLdZvc0DH2RNdCxnuPJJwDcwnPaKG44widM9eZPPEhp659xYW734pd+wM3H/8gdvGvasRKAaunf/ybClbf/lxX8M9/VzWrfgYqVbldff5PNaKlFnR+Jjb6owDUj79A1nykSnmsQNXPTYGseej657N9//zltR9/gSxpz2QcvpTvfvTN3zh1949UTd8gsmIPMVUH8MsZxNx/KwbKykL7ONZZR6FtF4uBSxJGAl/2wdkqYMXmCLg09FPfvYOaVrEZtU0CVJUUFhYLXBULbJVRUrKdwqJtlJaVUiEwVF5eRk1tlQpXXb29AlNdMnb1irM+QPfgEF09far0z8DQCB0CXgpgtbQ1y/va6ezuks910j3QT4c4tc3dndR1NlPZVkd2dTYZTXHkdQpgDcZRMppLTm8WGZ05FI1W0rJngLrpVrYNVZBUl0lIYSzBRVGE124mqjmZ8EaBrvrNhNaEEFUfIbCVIHAVS3idN55FlgRUhhBam86vHnysrLb7hks332fu1FvsOzZC/2weHSNbOX+5iY+etvLoyyY++aqdx5/X8fBJI/c/6qJurIZN7nF4hoVz5vyYXNQ7Qrh3+eibq/L+t/hOnv/5b48FxK5R1nKUk29/zq33HvDx0ws8+eYYj77q49bjEt66l8XJW0kcubaFC3cqeedmEZfvdXH9wTTvPDjC/st7OXPrAG/eGeegwNY790u59EGFfHaAY1c3M3g4gAv36nhLPnvyegHHLmVx6Y58/p5A4aMj3PhQSZCvl+/u4NK945y4Vi9eQgY3HnZw/+kJ3leS7T++xq0Hd7j8/h2OvXuKw29Pc/rqLPvOHSarvFY1wHHFzSSJwc6skAve1UhBXRM5tR3ktYg30jlF3c4jNO8aZOtgMltHykksjiAs0x6fZBvcNpviGWtNXKbQ7pZ0AoP8sbWzRN9ABhUdLYzMrakZH6Z4tEEIupbOgxPsPD1C54EK4nOCcHWyICkqEJfALHSdUtB1jGapnjVZBeH09JeTX5JAdJI73mE6hCaYEZcSSLgMSKEx7kRu9iUlPQw3b3tsrG3x9fWWwc1MIMmPdPE0c1LiqCjIJDUqiDAfR6ID3IkNErAK81fzuUK9ZF+QD9GhYSpYREYnkZKYJANqFJmpqdQ29NHSPUFd0yAFJQIoVW3Ut49SJ61laJb6jiFq2ofpmTjIkIDRwKSSuzcl0HSE7uEpKgVy6rt2CBj1k5C+jY6haXl9mqauMXpGdsn79zMiANYhADUqELbn6FmqBMTaBibkvbNUC5C0DM2QUdJA+9huJgXCBveeILeyldyyZnLKmojPKhOvqUs8l2KyyupJL6omLCETL/9wQjZvUT+bLuCUlFMi17Wb/KoOKpr7GZyZk++eom94nGq53h3d/Zw6e466unrCBDoz8/JoaGlnemqKnTsGqCzfztasLOLk+tpZmGBtaUeof5icu80kp2aTmpbBtq15bC+u5NDePeyeFYCXc2ps4Y6lhz7VA3Jj+oSzf2YnD+9e44uP3+fbrx/z6IOb3BSoenDnEk8f3eT6W0c4s18cjolOJtormemoZKqvhbmJLo5PCzBN9/HuiV0cnWxXZRkunpnl2PWjlEy3EVYcKTCYy/mDo1w/e5CTu4e4euYQty+d5PR+cWBO7OPq2cOcP7KHY7t3MNpZT0vlNlXuo6Ikn4SYcILEWCYnSZ+LjiU+LpmYuHTpa1lEJm4lMD4f/7gCgatkHAIj8YyJRdvchvWGlmhoGTBycBPRGeb8H/+5SFXSVpKaX1m4Roy9KRZmVioA6Rs5omPgiJ6RCwam7gIX9qxeb8myNcYCVyZqBGiDni1r1luxXtcGXV1zlq4Q2BHAelXJt1quTWJUgjgL0lejk8lOyiQ9PomIkBC8vf2xtHSS+86cBWK8FU0kjeXrcLCyxUbuQ1MDI1xsbHER6PBy8yI+KpbNQWHERkVgZWqNjtZG1q/VY/VqXRXIVq0S4750haqN9tpri1ivtQlLGx9MLD1YsUoXAwNrub5eaBqK0dW2FTDcpEZZnlcELV9cyvOvrhTgWs9qfYEoc1+1EK6+hY8ApQPrdG0xdwwSsArC3nszQfF5RMSLkd6cib+Aa4g4ByGxaWq5Ec+gCLwDQlitqS3QqMtyLR219Mcri5YLaP2e3734isCKQNwby9DQWCXnWx8zMws5F1ZqNMvEWPqrlTVOTg44CwTZCwRZK7mijgJETvZ4ejjj7+upCpRGC1jFR4apuljpz3SxFMBStLEyE+JIlf3x4SHEKjIPYcFqNNzN3k7OqR0ONlbq9KCZobGqmm9mbCiPDTAx0MPEcBN62hvn6xRqaKKhSDjINVqwcCVuCe7q0vrfv7xClcFQonvK6tCFimDksvXzOVlKkWal4PPPxaDl+UtKREuRe3iW6D6fj7V2Psldnr+0VEfO/0Z5zwYBrA0CW3oqSP1eqTe4eKM8VqJfOvxuiVy35Sa8sFSP11abs1jTltdWKCVz9FXYekWu62vLDdAQkN5kH4ttUCG2/rnomPnLdfVDzyKAwMRqKhTJhUN3mbv4CWduf6OC1Z0nf+LR1z+ppWvUaUBFNPQHJafqWftZof2ZOrsCU8o0oDL19/2P8+2PP/1LwX1exf3fI1b/+B/A6n+3/fhv04bKd3774z8F+v7Onc//wtjZz0hrOU10xSzBhZPYRdVjJpCl7RDHRvvNGLkmqc3cMw2PqG3E5TaytbpH7II43L2T1Lb0UFFVT3lZNdtLKtSpwsJtReTm5JOfX0BxSZEKV8q2UBy6iqrtanJ7Y2MTbQJSnQJbvf2D9PYOqGDV1tkmsNXBwGAffQO9dPd2Mzg0yMiOHYwp4/PMLCM7J+kfH6d3YpCm0U5Ke0sp6E1nW1+KgFQ6ecMpZPXGktmTQNmOKsqlFY0Wkt2bQWx9NOHlYi8qQgmsCiKoNgL/qlC8iz0JKvclsiaYyFp/Qmpc8Cgyx6vYh4CKFH61d+4kcwf2cPD4Dvaf6uL0uzm8eSWSizeqePxZG599VcGnXxXw2ddlPPq8lPuPqjjydjM+KbmYuW+mqSOXTz89JB3hvpz8D3n4jQDUt+/IxX7IT397KrD1NpFyckdnHvP0q8c8+PygvL5T9rfx4GkD1x/WqbDz9vs1XLpbwdV7jVz/sI+bj0a49mg/x24d4tx7c5y/O8bkmX7O3mrn8gf9XP6oh7Gjfhy/pESzerj0XrWAUw7H3knhwo1Ort89yO0Hh+S1WQGoEa4+HOPCe8c5cqmAI+9EcvJyLVPHuqjtbSa/vpeyrmkKO2aIyGkVo5CDfUAKRc0jRKVnY+mdhJV4H4ZOUehZBWDsFKlG7kw8M3CLqcU6MEdIPR4zrxhCsv3I7csjvVE8+wI7QjIs8IwzxyPaWN5rh4G9PW9oKaqypmwwMEFDc4N4+/F0zI1Q1FfB9vEOho/vZ+LoCH376wmMcsTWSp+AoFCsgrahL3C1xsQXSxcf7OzXsSUnhsbuEjanueAVsEEAyhBfL1PsrDXxCtxETLorwVuc8E1yxczSUvbbiBGzUgUFswX2sjPS2Jq5RQbFcJLC/Qh2tydVWVodH0OojxMBXi6qGnhCXCIpydkUlrZQXj9IRW23AIeAVX2XeBtN5G6tJL+ohqyienrH99E5PE1L7w4116m8eZDazp0M7jqsglFjzxgdA9PUNA+wvbqDXPlc7rYKElLFixD4UZoSKSoWSGru2aFKMSig1ju2i8HJA3QMTst/HmV7nXgsw7sorGsTQKqkZ/IQ03Nn6R7fQ3FTL00juwVqC8WgF1HaNki2wFVc5jZC4rcQKf23sKGXkpZhChr7KGrqZ1ttO1u2lRMWm0RqZh7tw8pvT5CRq1R1b6SptYdseVxaUUf+1mJi4pMpr25h/4EjjI4OMyatu7me6sKt1BWXUF9VQZUiiieQ4eXhjY2DN1VldZTmF9Hf1c/MzH5aBeRaBBJ95XqMnQyQ85tNSYE4Geff5E8/fs33332htg9vX+L+jYvcvXyG/SMdjLcWs7OtmMmuGt6e28EH7+zn9GwfRyZ6uH3hMDfP7ufM3n5OHB/jwLUjpPeXEFkQwvRIDW8dmeKdk3s4sKODQ+OdXDg0xVEZdN46spd3zwq8ze3iwOQIM6O9HJgd4eDsKGP9bfR2NMj/KWBbniLJEUZYaCh5ubnkyv9JTC0QwMpnc0YpKQXNhKaV4RGxRYxMFAaOzmyyc2S1AENMliGnrrgJaOiwZMV6logRXShGdMlKPTQ3WGBsai9G2BUbK1csLFwwMnFQVwau1jJl5VpT3hAj9sZKQ5asMmLVOgsBLRtMzZzQ22TNWi0j1qw1ZLmAzQoxuhs0DTDQn5djMDMyRXu9ITo6prLPCL2NRmgJ8C1brkydmeLq6EpCdAxJ0jJTkogKj8bB1hmTTaa4ObniYu+AxuKVrFypySsvL+HXz72k1iFcsXy+pp6S22RkaI6+vrkch6kKYBpi/FepietWvLZYRzX+L76slGVRChOvmK+jt3gDK3UcWLDKhP/87SJeeEmDjaauuIbkYOuVgoNPHH6biwlOKsfFPx6/0GRyCmvJLKgkLa+UhC3bSE4vpEj6YV3HiFrtoLiunQTp52Y2TixYoiEAspLFGgKeKzTluLTYsEEcOwEZPT09Fa4UCQclimVnZ6c2GxsbtTk5ibHw8MTLW4xFQKAqNhoVEUmoAlkCWPExynSpjBvRETJmRJEWG01ihMCovB4lEB4d5CtjiBu+AmzudjbYW5hjbSogZ2GKuYkJ5kbmAlfmmBtbqPCqPFfOt/7GTSrIrlq5Ho1l2ixduQ7vlADe0NBS89ZeXTQ/NbhQ0caS66xEsN5YKnAlMPWqknP1irLycq2c3/Wq2vuLSpRKKeQsrytJ6UpCu7Ji8OWlAlYCWEryuwpisu/FJfq8vEyRzjCUx3pq5YGXNUxUqYbXNW1YsNZWLWb86kpLVaJBKfb8svRJZerwdXn+ilKtQADtlUVKsrsRmrp2bLT0VcvfbKmapGnnJQ5fesrF97/n5sM/cv/Tn+FqPlql5lcpYqF/mgeqP/z0L6mFf9/Or/b72y+RLGUa72fJhV+0rv7yj18iWD/+W3Tqv0ax/jVd+Pdftj8++8wvKvA//WN+paLA3JNv/87c9W9JqD2GV0o3vundWIWWYeCWqk4LWvpm4RiSj41fJvb+mQKWpRQ3D9PQtZP2/gna+pVV5T2qpt727RWUllZQUVkldqSCyqoa2d9Ag4BUU1OTml+l5Fk1NgpcNTUITLXR09dNb18f3T199PT00qnIN7QpkasWurrEfo4NMTYxyfjOacanppnctYu9+w6w/9BBpsSxHZwZo2/XEK3ikJb0l7F9oIj8nmyyBKzyRv3JHnEkd1jG4h1iG0c3k9kfREyzGxE1PtLCCa4Kxq/CH//KIHy2++Jf5kt4VSCR1b4EldnhUWiMS75AVpEPv5reXcPldzq483BUgKeK09eCOX1lCw8+7RIgauTLr7dJS+DzL3P5+LMibnxUTd1INZYBmfjEJnDqTDFffHuAz7+/IIB1m8++v8U3P9yRC/SZdJCP+Oavt6gYHCA8dSc37n/Gk6+O8/irTh5+3sHjL/t5/MU0Hz3dy4W77QJWDQJbrdz8qFfAqI/bH09w7v4hTt2c490PDrDnwgBvXh3kgyfHmLtSwOiRGBXGrt5v49q9Oq6+X8L5WwKIN1pl/0HuPp6T493F7OlWyntqSd1eJa2A7JpKQtK3YuAUxpIN9izSskBDx4bFMsAv0TJj8WpDVmm7Udc1gUegD0vX6bJsvQFLNPXVhFylUvdrYiA0NliyVk8p5mnAQg3Zv0yLjdamxFdFkiUXLaHYS8jdjIAkI7xiTQSwjHAMNWO5nnhC4vX8dokWL4vnk1FTRfuhOhWwGvdO0Hdwio5RAY/taTi7G+DuJgbAfzO6DlFsULxhsxAcfXyxtduEk481Ja0F2JpvwsZ4NW4OG/GV5u9gQLCHsXiS1kRluOGf7YmRmbY6mDrYO4pH6kVSYiqp6TmEhQSKx69IOGSKxx4m0JVJXloScUGehAWHEhWdRKC/vxjUSKoauklKy6ewYpBWgdKGxh7xOraRJHCUnldOfnk79d1TDM0eo1SgZXtTH019OykTiK1pG6ZIQEWJ5oRGJBObVkR0Sj5+gbHEJ2aJV74Zv7B4IpPm1X2jE7KITc4lU6BHyZ/KLaklo7CatsFZukd3CQBN0zY6S1ZxvfzmGNsbe2kW+CprH6a6Z5K63imS88ulVRAtRigmfRsp8riqe4dcl1KyK9rYJse1vXWE7W0CuM19FNR1CCQUsHnLVkobOmnqHGTn9B6mdh1gcMcM3YM75CYf5O1Ll5jdtV88plGBpBY2R0WQI97XkQO7OTU3S3ZiIi3VjczNzlIlsOXo5IaOrgmBAbEyYHTQUNtKZ3Mnk+My4MjxKjIWHfuD6Z8R45mVS3l+Pu/fvsOTxx/w/R+/4eknHwpkvcOVN+eY6WlmtKVCtjWc2zfMu8enOSD9pS4vnrbt2Qw3lrCjq5Lj5/fQfXKc+JZ0UorD2TfexonpQe5cOsmlU3vkeQ+n9u/k9N5x9o50Mzc1zGFpZ4/s5qL8zsU3xUG5/CbH942za6yLHb2NDHXJwNdQhp+vB3a29mpEKCwyjtCoJNz9onEPTCAgNg+/uK14R2XjHiqQ5R2JnVeotEAsXe04fctJ+ooLmuJoaOuZqgnha+S+Wy334VptCwyNHLGx9sbJ0Q8zc3EMzJ0wEdCysvMmLCIJf4E2Wxs3bGw9BazsWLZSH42VuqpMgpZA1kZdM3R1Nqm5VErU1kgMt6JfZWpsxXotfdas2CDQZa5qYNlbORIbES5wFatOA4b5CzCIwxPkE4i5oQkmAmMmAmCrVq1Vp9YWLVrOwoXLVJkHH59QuY+C8PMJlmN1FxhYJccgQKW5SWBGW+BKFx09W159fSXPv7hQlR54QRHJfGUFywUO9Uz9WLfJhWWa5vLchA369hjb+uEUuEWt26Zj4oa9RxQ+AqruATEyFoTIvbKZbLkHalr7qe+doW/iMA3tgypcdY/so7l3nKaeEelP/WrFBwdPX/SMzARSNFm3QQ89XcP5XLNNxhgbK/lXllgqjped7S9wZSUOmKOTE56eXri7e8r/9FNXGwYHhxAaEirjgKKZFUJ4qACXjB0x0iICfIlVBEv9vASqXAn0dCbAQ2mOeDs54OvmjI+7M67KFKStDY4WZlgLZNmYm2NpYiqgJeCrra/KZhhvMpPj3MSG9TosX7oeLV19PJOC1Hy05Yow5EptNVKpRK+WLNdGQ4B6iYYAjlKjcPF6XlsgEPyGlqrm/oKc6wXLN8pzbVW+QZkafF6A63mllI5SO3C5Pq9rKPIK+ipwPb90vrzT75fp8pqGIj6p5FZZsXCdvVoe57UVFryywkyaqXxWKfZsKq/ZCnxZiB2xYoGAmBLJUhwBfXHG7b3T8I2rorD9FD0H7nH48hdc+fAH3vtEwOrLv/DpN39VBUOVyNVXP86Xrfnjn/+rQOi/ktD/XTz0Z92qn9s8gP3zWZuPav0MVz88i0j9r+Dqf4pe/fRv04TPZB3mpSD+wZdynDef/ETjvveILN9D8NYhwvP7sA8uwMI3A9foYpxCt+IQsg23qCLC0irJq+qWfrmT/vFd0k+nqKpvoaS0TICqlqrqWlVaQZFnqFGS25tbBaiaaW1tVeGpr7ePgYF+hoYHGd4xzKBsBwYG6e7tpau3h04FtOR5//Aw/UODDI6NMDo5yc6Z3dJ2Mbl7N7N79zJ35CBHTh5lRsborsk+mifaaRhvpHyokm29heR2p5E9FETumC1bdziwbWcg+WOupPWZs7nFlrAqewLL3QmoDCSoVuCqXCCrIlQAK4jA0gDCKnwJEMBy32aEW4ERngVW/Oqzpzv4+ukQT74c5sydEo6828Yn37zDB5+8yb0HJ/ns67t8+d1uvvm+j+/+0M75O82kVDdjH5ojJy2B9z+q4qPPmnjy9QxffH+SL/5wR+j7MX/808dyQe7yxY83aJicErDZx+ELj7j9kSJW2i+da1pAa4Kvvp3j/ie7eOu9bh58PihA1KC2u5/0c+/TCS4+2MPRG/uE+E9y4uYsV+6N897DfgYO+YsnUCVg2Mf1e/KZD8sEDouZOl3J2NEepk/vYeDATlJKSzFyCWWNoSurDZxYpm3D62sMxfsQaJLBfJODDNRiJJyDIwnenERIXBSeylLkMqHnoUn8YmJIKUkntzxRjHw0xU1ppGwNEwjQIylvE0UNkUSkh2Bkb8oaPbn5dbRwjrElZyBXCD8Zj0hDXEI24B6ph2u4Du5RJjgF2/PqGm3+T/FmV+ras30oh7QeN/KHa2k+MM7o0V3UtVXj4mGOt98mgsN9sfKO4XXxiLStgtF1iiMoIQivSFccgxwp7yvEy8MST6dNhAXZERnooD52tzcgLtqelEr5T6luWNjqY2dvJYZGDxcXZwIDQ9TacgFBSn0xHwqztxAREqwq6xblZZGRnEiIDKoezs74uroSGRFPcUUXWQVNYiAbqGgYpqlriobOScpqBoiOz6G0cYDC2l7xpJvIq2glJm0bidnbKanrJjZlG2Gbt+Ahg76xuQy+YanYO3qyycgWEwsHzMVoGls44+YvXnJsKiExqYTHpZOYUUhiViFBkUkkZRapieqVrUN0j++lpmOUqvYxqtoGiUvPJyo1j/jsUhJzBcpqeijtGKZtxy6qusaIFAj0k/8QEp8p13oLyQKE25sG6Jqao6ixj4ySZjLKWuSzFUSlC2TJd6VkbaN3ZJK2rj7qmts58eZZTpw8zZ49B9i3/xA1ci80NTSpg0Fbewenjh7i5uXznD52kP2K9zQyzPTYThprmuV8R6hSApkZGWRsyWKsv49De/dz6+ZVdo7P0jEbwd7zeVTW9NLaVMfeiXGuXTzLt9895Yc/fsGnH9/l4a0LTHXX0laco6ryV+QLJEv/cLc0IcjNkRhvR8oK4pk6Pk7dwU4iyiNo7t7K3csCVcf3cOXsHB/Id9y7fp4HAmwXTuwRyJpg90gPhwSu5iaHODIzyjunDrJnvJ/W6mKaqwvZ2d/CSFcd2wsy8fIUONLUZPESDTHO9oSExhIRlYJfcAIOHpFi1KOw94pWnQK/iBR1VaGNawh2HgFs2ORAabsR+887sXitLnoW9hgIPK03sMHAwg0PnwgiwiPZnpdDamI2vgKkgaEC42GJAt35ZBZWEBudiI93MFY2XgJjzphauqhyDYo8wypxdjTXG6OjY4Kr3Nve7h6EBoYREx4tBt5blVhwkT4XEhiOg40TFiaW+PsGYWFqwwZNXQy1jTHSNWbhq4tZ/sYKNN7QYMEri1i0cDEaGmvZZGAlsGdLWkq2tHw5jgjcXPxwc/XBUvqwnjhcGjK26Jm6sdHYWQUnRSZCUWRfsdGGdTIGLV6+CUMrP1Zr26Jt5oeOuQ8mDsFYiMOnqW/Hqg1Wav1EZSWho0cY/oozIo6G4pA09O2mQZyHRnEemgb3UljVSt/4PnbsOsaOmUNiwASqFeHdtl7qWjpp6BggKnkLlnZOrNMxVIVHTeU/mynTsZa22No6CFg5yNYOR0cnGR/scVCWsru44uzsqupneXh4zMs6uLupJXW8vDzw81OiWkqpnQAigvwJ8vUkyMtNmosKV74ujvjJGKMkt3s72st4ZI+TrRXOAljONla4WFvhZmeDl+z3sJ+fkrWztFavh6mhGToCWxs3GrBmpQ5GNqY4hLnx2uur1UUJGgJZimr/0uUKUGmqgrILF6/jFQGrechSNMc2qAsllCjWq0q0SlmVqoiIKoKkiuir7H9JrSIwr5OlSC0o21dW6PPqSoGqNUZorFemAs0FmsxYpGnJknV24mBb8OoKuaarTPm9Uldz5bwmlpK/peRmLVproRY0NnWNxy26lOiCIbZ1nKJp6gZjxx+w7/wjLtz+Umzbn3j4xU9ia+ejV1+qoqH/UJPJ1byqZxGpn4s2/wue/v5v4qD/plv1b9Gr+QjW/PvUaJT6eD6q9b8DV/++X50m/Os/nwHWP/n6z/9dVYxXpBveefgXGnbfIavzDMnVuwlObcA9Il9NanePLCAoqZKo7AZSCtvF2R5UZXaGZMxu6x6mtr5ZTWSvqq6jorKWku0VFG8vVyNY1QJcShqGEr1Syqz19fUJXA3Rr0CUFzxFHgAAIABJREFUgNbw2DgjO8YZGtsh37eT4fFJxiZnGZuWJkC1Q7YTsp3atY/ZffvZM3eI/YePsHv/XmYPzgpgzdIy2kZ2SzbbB4opGyqlqF8Aq0cc0a4gUnqsyBqxpWDcWpolmSNmJHVbElFviV+JDd7bxXbWCExVB+FbpgBWOGHl0fgVyTiQb4ZzngGuWw3x3GrGrz55OsJ79+Z4/Pld3vv4HkcuXGd6/1sMTR+jrFlu5P791LX3UdnUzKFjO5mZG8MzvoTg5GQOnanjg6ft3HmUyv2PS/jsmxm++sNVvv/zA7754RZf/uEa3/10k+G5IWK3Chzd/Zr3Hl3nky+mefrNMYG3Q3zylbIysI97T2b56GkP1x/Wc++THh4K+N3/dITLD0Y4dXucgxdHOHfrMO9/PMGpa4mMHE3i2ofDXL5Rx8kLjVT3bcU/JQlTGdjNveMwcY1mnbkvr2tZs2CdOSvFk1wr3pqm+Xo2WGjiGWHFtsZYho7WMP7mKMeuneLqwztcfnSNkXO7GD3/Jm37j1I5tY/Jt4+x5/IhDl2e4dj1/Zy8NsGJd7M5cz2Rd95v5djNcTp3ZZNeE0xEgR9B2S4k1UeSN1aKb6ozdn7rsfJci523pnjz63APsxRgsuWVVeLl2FuzpdeS1M5wqmaEqg8Osev8Phk4EwQ6NPHyM8Ir2IdNNkEYuiaia59AYOwWcivicIkRIHExJr8hE09/G/EOBbBC3IjbHIC/l+IpbiItz4eUtjgco2wFZkxxtDXDUQaskOBgNfoQl5xHWm4JqakZbEmKFc80ioyMXLYkJ5FXsF1VxU2Mi8fXK5A0AY7MvBpKG4bwC0ogI7OA6soGCkub2Vou4C3wUyyeSkP/FL7BUdg4SofzjcTMVgxaXCZO3mFifENwcPbExjkQXSMbVqzSYp0YtdVa+qzVNkJzgxHG1m5YO/ni7BOKd3AsHt6h+ATHEBCeQERiJiGb08gvbRSY66ayfYhq8d4zi6qJz9hKiICZp3wmLCGDBAGtqs4R6vsnBLDGpT8PkSHHmlXeKs5BG4kCWMEJecTKNrGgitzqTjX/yic0Xs3NKmvoZGxqP6PSB7oHhmgRY9U7PM2BuWPMTIt3tHOciYlJevuH6ejo5czZc+yenmRisJ/bF85ycs8Uxw7tZfe4QNZwH2MDwxQVFpEgEJ+Xnc1IbydvnzzGxXPnOHP8LXadEqh625+6xnZGR0bUZPiH927w4e2LfHjnMg/fv8IXT97n0ukDlKVvJsrXnQgfAfPEMIJdrNBbrUFKegTjZyaoOFDP5qoAutrzuf7mHDcvHOfCsT0CVm/x8L3LXD1/jJsXT6lRqkNTIxzfM8Hc7nF2DXcxPdTJ8b0TDHU20tdWx86hdlqqislLi8feSgYQOyvsbSxU41pVWUGSGPCAwM0ERaTiE5KMV1AK7v7SZ4KT5BpG4h4QT21zj+yLxNY9HNcwJ97+0BHPEHu0jR3QN7dHS8BFAQsza29CwuMp2ppLaFCMGHdxfMK3SL+Ow1fgy9bWC2dHMfruITja+2Bs4qjus7PzwsjUgY0CKJpaZuqKwrVaJur0n7ebF77eAbi6eGJn64q1tROGBiasXqnNmjU6LNXQVvOwNukrIqKmLF+m5FS9xG+V+n7/8RteFcDSXL0eg43ioFjbC2AEsjkqDjd7V/k+Z/l9dwE6c/kuPdbqWGJpH8yqdUb87sVF/F//z2947vkFvPjqKvRtgllv6I6mthXrNtqq00frDD0w84hTI1ZrDVwFNB3VqSWlKLW9W7AqK5ImDk1EajlRW2qJz20kv1Lp9zOkFjaRua2aps6dNHeO0jUwycjMAfYeOcPknjkmd+0XQzRNz9A42ytq8Q6KwFjAau16XfT1jQUWTTA0VJpApbEpunoGGBmZYmYuTpiZuZoAb2VlI6DlokKWl5cn/v4CU+KQ+fr64uvnp5baCQ1UahX6yTUKUEHL39MNf3cX/Fyd8BK4chOgchW4clHgSpqXwJeSLK9EtTzldUdLcxyszLGxMMdYjkepm6iva8TadRtZtmQdVl522Aa6sHKZtirgquTYrViuo6r5aygzCSu0WSb7Fi1ZzxtLdVi4XE/VXVukoc8ri5WVhRueiY+uU0vi/FbR13pWTPr3AlvKlPPCFQYqYC1dY8IbSvK6skJVS4ksmqozGkvWGPPaUiWqpcvr8t6FK41YuMpQjYAp+V0vL9nAQk1T1pkFYOmXgUtEGaGZ/QRl9JJcNiPO03VmTn/Ixbvfin37s9i6n/j0m7/x9Lu/8vn3f50HrB/+/kyZfb5kzc81AtX8q3+DrX9FtP7xrynBP//jl+jVzzD1x18iWf+Kbv0v863+SxL8n//yr8jXz7+pHMs3zwRNP/3+b2opnYNXv6Fk8F1iiidJLBkmPKMZ9+gSvKKLCBbAis1tEae1U81lHZzYx+DYbjp6Bmlu7RDIalRbncBWdU2DmueqbCsqqwWyaqivr6OltZn2jlZ6B/oYHtnB4PCofMe4jMuzjAtEjU5MMbJzioHRcfpk/6A4tQpkTe4SmDpwiD2HlHaQmUP7mDqwi7E9OxndO8bA7iHy2/JJrI8hozOO/N5McvpSSemIYHOLFUm9+uTs0GfbhDG54zakD1oT22lGeKM1QbWO+Fd64F8l40qZDz4lIYQKYHnn++KYYYpN+gYcsnXw2mbCr258cIK3b3zCl9/+IMB0hWMXrjEwfY7pucNkFBaSlFNMfFYWSWKsSusGyC+vJim3mubBTu48HuPuJ03cfVLN7cdZ3HpUy50n0zz66jyffXuJz799VyDrooDLHBG5rYzvvMajJ4948OQ83//hMl9/d16+o4ljl0v45MtpPvikjZsPBnj09CCPvtgn393Bxfe7uXBvWsi/jst3j8tvTdM0GUdxSymtI2VkV6ZgHxjFOssQVhq4sUzLgqUbzdDQlRtw4zrWy03rFOpDXNFm6sYSGD/tw57zcVy4W8DFD4s5crOCI9c6uPXRWZ58cZdHX17i0LvdDB6fpqCxgxIBy7fvHGXu3WFOXJvh5NV9HHhbLvCpDgaOtci2i4m3Jhh5s4PGPduon80nryuYkG1O5A3mkd6ZhVusHg4hq3EMWo2tlyaWHvI4REAn0B/3VPGGBxwpGKiiUS58x4EhJk+Pk17sja75c9i5bMRbDL5jdA3mfpnyv9xpaqkUDzVHAMtHvN+1pGyLIzTeAwtDLSLCvElMiiQi3As/D3sSUgNIrt+Mjb8ZPh5WRPo5EeJpT7CvB7Exm0lKK1CBqap1kIz0dDbHJhETG0eBwFVkUDCRwf5kpiWpRX4VCMvJr6KmZZDtShJ5QQUpySnq1OHm5AKyi2sJ3ZxNddcIzh4B6jJ1pcSFu08Ybn7huPhGECOeuJO7H87e4bz62hJeeOl1Vq7TZ/majSxetpY3lJwYM0c2mTlh7eqHrYsf5tauWNh74OgVLAY7TIWumKRMIgW2ErKKBK6UVYHDbBVo2rKtUo1WpZdUE5WaI/23CO8IgcHSBlXgLix5K6UtI2wTjyour5LQ5G0ExueRuLWGzLIWthQLuLWO0DVxiIGpg+yY2cPBI6eZVFYuTuymtqmDzt5B9uyd4/iJU+zbu5f9h44KdB1lfHSUE4cPcOHsad493c+5w2NM7xgmNzWZ/sYGhtsFPsvLKCkoITQ8jpjQMBpKt3NwagdHp3YzNdPD7NuOdHfX01LdwMz4Du7evManD27y8Yc3+e6rJ2q5HCW6tKO9jNr8RFLCfYn18yDQ3YaiygyGzk2Q0ptBXKEnJblRjHc2sVug6eyhGVUR/v7Nt7l16TRvn9jHzXdO8+j9a5zYN8m+nQPsmxrmwOQge6WdmtvFEYGs4/tn2D89qpZhaigvUrXQ7EyMxUi6ynUPZ0t6BpvjUojenI5fSAJegfEERW4hMimf+C35+Mi9OTA7Q21XN/auobgFRKJv6cnoUQf6przl2ltiYGaPvokDhsb2qjr7QjFav3lZk9fe0Bb4tmCDvrWAizJ9KIOXhQN+ngJLTv7YCog7OnjgZO+FpaWLWi5ng64t62QMWLxUDPFKPZYs1WTR4hUsX6GFt6sHqbGxONk6YGk2LzKqrb0JTU1ddLUNcLZ1xMrYDBMjEwGqdTz/uxdZrrFShaigYEV0MxI3Zy98vIJwc/XCy80HazNb9HRN0NEWMDAU7zYwhTUCSCtXrBOjr8PiJZqsXWuIibkH2gbOasmcJav02GDkhL6RC+biCJrYhsjrnuhZuKNt6Iyxrfw/3wQ8gtNIK+kiOr1anKw0bFxC5HzGC1Q1UN44Ql3HJB1DYrR2HlQFeDuHZsTY7GPXgRPsnD3AroNHOfHmeU6ePMehI8fYL626sRlbe2e0Nxqo04U6G+S/6+phbKREtszV6JYS2VIAy9jERPYbq3IO1jbW2DvYqaDl6+v3C2j5+ctjP1+C/LwFuP0FtuSxr7cq76BoaPk8W3no6eSgJrq7OyvSJc74CIT5eLiqU4bu9jYCWnZ4uTri5mCLjZkJFsYWqlSG1rpNOEe4C2TZs0LRCVurx3otI3W16KpVympdfQFbfVVYVsl3U8RlFy7V5g0NZSpRV50+fkNg6WWBrNeVPCnpF68v3aCuQl2gsVGAylD6oAUa68zQ0rNH19gZLX17Vq63RGOtGZoqCNuyVNOEZQJQi1cZsWCpHr9fILCm1i3U5NVlAukbxHk38BBQDsfEPQWXkCK8YmrE7ozQMPYWe89+xNkbX3Ltg2+5/9mfePLtX/lM4EpJbP/qh2eJ7UqESIGYH+ZXCs4rqiv5WH97lnf1PwPWPEwpqwT/+y/yDP+D9tVf//lLvtYP/55b9dPPOVf//B8A62fI+vOzVYXz3/33Zwnv81ORSt3DL3/4h7qi8NrHf2bmwueUj1wis2EfiYU9+MUVEZBYIuNrk/TfboqbRmgdnmFs+hA7pg8K8I/R3tOvSt40NLaq0azSihpKyiopE75QNKx+1sDq6Oqc18DqVZLXh8TBHaZvaIhBcUBHJ6bZMTnLiEDWwI6dDI5PCGDJ452T6vOhKWXF+U6Gp4dpHWunrLeC8r4K6oYE3kYF5IaqSaiOJrzKk4yuRLL7UsjoiSKpzY3kbh1yd64mf4cZGSP2pA/YkNZvTnKPKQmdtkQ2ORFY6YxfhRsBlcEElIXhu80b9xwbHLL0cczVxyXPgF89+uwbbr7/JR8//Y4PP/uOyYPTpG8rpr6lHDN7c15buYKV2nromJrjLkDgFxpKTFwqIzIY33ncwL3HhXz4aJAHn/Vz8+McLj8s49pHHbz/yRyffH1OLoQYoutCttva2d54Rn7rc86+e4U/fn+VP/9wjmv3qzh3o4DPv+zjzqMWbj8c49Hnp3nwdE5gqod3Hwxx8SMZHN5uZub4EMWdrdiIZ6tn5YNLlKsAx0Z12a1SrFFfblT/pGDKO5OYmMtnz+laGqeyaJrNpWNvLocvFnPxfg5v3U3j+sMIgUFvrj5Il8dN0umn+fTbk+JZ7OPiB7P0zo3iL/+zY2iSL364w6lbw1y+P85HH+/koyd9AntFHLsay5ErWew4003dvg4Kx+soniihZiKWnFYP4qoCKRqvILrSHe80TQLStfFNWo9TyBrMfVfJ1o4kuVCZg/4UjjTTfHCQpqkmMT4CPB2ZbLL5TxlYjHAJK8MyZDvLNnkISDrQOVrM8GApHok+6JqsIzE3kZAEL7Q0l+HibEVUlIBRZADBgV6kFSUQUxWLpZcpcTGB5KcLnAhkRQd4khAVTnBAELnb22kaPkh15yTRsWlER8VTUt5EUXE52wq3ixHNEvCKJzlNWV26n4GZw3IM+xjYdYSSuh6ikpTaUtspqO5gW02vANY4jh5+4m1qsWa9Eal5RQJZIQRGppEtAOThH4S1iy+mdm7omtqyfpMFryzU4IUXF8r7jdExtFPL0WiLwdTeKAZ2ozkGxnZYOHphZOEk0CXG1dWXiOQc0vJLCY7eQlx2GXFZJRTUdsv1HxWvv5Sq9n6SCmsITy0gPruS9NJmguOz2ZxVRoiAVviWIhIKakjeVkdGRSfbO8YpaR4kt7KD/LpeylqHVKHU42++xUkxVNPTs5w7f4bxiQmBLAHh2X0c3H+I/Xv3cfXKZVX8c2JklFs39/HOpQSmp/o5tH8fhw/s4eyp45w5eZhzR/Zx+9Lb7NpzkOjoOKrKSjk8O87x2Wm1KPTgMQfmTrfQXt9Ka1UVe8Q7u3rxHA/uXOOTB+/x4XtXODG3hyP7dnFSgPzQWDM7OivZdWycjhMjhJQFS3/w5cSuHvrqi5ib6OPG2UNcPLGfd08d4rK0K+ePcfXCcR7dvcqHty9zU8Dr0f0bfPHkPm8JeM3JgHRgYoCOmhK2pSdTW1zIcHcrY/0djA/2sDUzTYyoLy5OHgL0kVRXCDQWlZOUkk1KZglJWcXEpElLzaOsupSRk9PYCHAHRKTh4BXKxk1uxOXacv6urVxPGyys3VWg9pI+YufgKa87slrbXAyfCas3mAuQbGKxIlaqociaGKGrZy5G3wprU3tcBLz9/cKwsfYQwLIWMNqkltNRkt1XrDZQC0Ivlc8pYqMOti4CiMFEBAaTHB1DTHAw4QEhhAksBHj6EuAVQFhA2P9f2HmGV3Vlabp+z7Sf6ZqucqW2XbYB22QRBMo555xzRCiBJEBIQkI5oJxzQhFlCeUACBFENphsG4NzqCm72t3t6qp5Z50jcLmrn37mx37O1U2695x993q/tff+lrynHdYW9oQGR5OTXUhWWh6eHkGYm9kInNjg7x1IUKCIHksJ/PrmAnu26OgYsXuvBVukv27ctEstSK1rZIerCAl7By+BL0tpFhibubBxq8CYliWGJq7oWXijb+6Nkb0/Fu6RWDqGYmwdIL+PABFWCRhZCdR5RRGTmE1MUpb06XbK6ntIzSwhRURDUYUo+84BUfdd9A9M0i1CoFEJZj1DjE3OM7MowX10iqnZBQGsOSZmz4ogmJBxwoYtW3ayXUOTHTv2oLVXDz1dY3QEbBTIMjY2VacODQwVsLLCUr6j4givTBna2NhgZ2enHhXgcnFxwVmxYHBQmq1qV+Kt1OR0scfTzRFvL3fVgNfFSeDMxUltjg52OMlr7AW2nOwkWMnfLtYWOAloKVOKpvo6ArtaaO/SxClSBJaMa2+v3y5ArMmePUqWzYzduw3UKdlt23TYIDCt7NrcoBT+luu/XUOX7TsFnKQ/vCIwtW6TsqFIR/VWW7dJV52CVeD+zU368rce6wWytkq/27jThM0CWpt2mKn3b9QwUTNZrwk0v7ZhrwjAPfz6VQ1+9eo21ThXXcP1th5v73Vgm4FSGzYSU48knEKzCD/aSG7LOdVIdHD+Iefe/YK7z/7EB198vwZXf/yBz6QpkKVkrtQdgQJZazYMin/Vn9XpvX95YbXwI1T9bS2WAlJrGa4Xj//1vzRlN+G3z6ccXzi8/21n4d9bNfzdFKECYt+vTTOq/+97JYv1VxUGP5XP/uiLf+fS+3+ide5DMpoW2J9eJzGnisjkEiKOlhKXUcPhvDpKGgR2esbpENHa0NpJeU09pRW1FAhg5RaWkC2CMiuviPzCYgrk77WF7icoLi2mUiBLsVyorlHEbZ0ca6gS+KqsraWysZFKAa/ypmYqW1pp7umlrf8Urb09NHQLiPU10TpYT9nJfNLq4wnOcyO0wJugHPkN5wQRku2HX5YtUeU+Alj7ia/1IbbWiQNNu0hqe53oph2EVlkQWmHGvjpDDjQbkNCmT3StAYEFpjgfN8crxxH/ggBc06Vfp1jjcMQUqyRdbI/q8LNz1z7iD999z3uPvuLeRx8I+TUTn3wA9wAvrFxF6UhHN3c2x9DCgM07t6Gxe6N07h0cOHSA2/cyePYsmfsP6rn9YJD7n9bxvmLl8EUdT74a4fGnfTz9Op3ivnASCovwipFA3rjK6h1R4l8qZqXTXLydz70HOfI+xdz9oIWHz0Z59vUK7z0bZ/JCK3VDdaRVF+MaFsQeM3s26diwTsOQLfoGGHmLktHaiJWHCUeKLBm+ECRE3cH9T07x8JNBlt5roWw0ihN9URS3RbB8/ShXHyRy9WEC956FcfuZBzc/TOT2kypufJDJnWelvP/5EJffH6O0v4aA6DTqe0Z5+OVlVh7OcOl+Fe/eP8K9D45z42ERF27tY+XmdpbvhNC9nEtmbxbHOo6T0ZFIbm8w+8scOViXwOG2FPxSduOXvB0faS7RWzB0W4dN8B5iG8yJrHUgresElacbaByupGOqntSSUPTsX8M26CBmnuls1HXl57/fjqWvFSXNMfR2p+C8z4Y333qdgLhoPCJcZGB5CyNTYwlUDgSF+uLt7UpcYRLuiW5YOBoSExlGRno6ibHhJMaFsz8kgABfHyJiM8goaKGoYZTixiF1EXvC0RxOVHdQWnuSppNyPmo7ScuuoEjxtxpekA58muH5ZQHyBZLSiolKyqG4ZZDmU/Py+Bx+EXFYKA7XFk6UN5/kWG4pEQeOcDAtm/i0HOJSC7D1CsPGTRSfqR1vrN/Ka+u2YuHsxz+9rBS9fYWXf7NOBsidAlcWMugZoKFtiraxDPSeoVh7hJCQXU5wbLJcp6NEpxSxPzlfftxFhCakkSBgpewMDEs4TkC8BHsBrOCEDEKTMrBwC8Ra/rfPvsO4Bx/EMzIJj5B4ga8EacrtaHwErpVae9nF9ZTXNqoOwm0CT4ODI8zOzUnQGhNV1Sr3dTAzOcq5pRnu37slYLXM4sVgppaCWVxcYvnMHLOTI1w4u8TVSytcPDfP+ekJ3r28IsDSRFf7Sd67dkH1nprs66V6yJeFq2ksT85wuqedqoJCzi/M897V89y/vsLjW5fkvWaZnzrN2ZkZlpcmmFodJaM/H79UNzJzIlkabefmmVHGTlYzKYA12d9CW2WRQFOrOhXY31DJxfkxrghoLY72c/38HFdWljg3O64CVk9TpTpNqLSelhrqS0/Q295Ce6MMchWlFBbmERIciKWFDVYWdvj6RxC2LxGvQGUK9zAJafkkyrUI2p9Ky1QH+9KPYm7ni6ePXG8HPzw9IwgIi2TxPUvScuywNHZDW1tgyc4T/4BIgS5H9Exd2K4EPAlwW3cLhO8w4fdvaEgf2a5mubS0jFW4sZAxQd/AGg0Jpsoi6F/97m12amixZbMGb63fxrrXN6vH7ds0Wb9hExpbt2FpZIa3uyeJUVGkHYwX0PLB39MPC2MLATWBIFNrPL3DVY+vqJD9mBtaoqtlgJuDMwdjDhK7Px43Zw+MjSwwNLQW2DNmswiJ37+5Xd3V9uobSlFwU2zsvQRkPNHRt2GXiAZrgSgrBx/0TR1FJPhg6xqAua2bCI5wAiKP4BJwEEe/eCzsZfCPTBZBkoC9WwSx0rdTc2rILGwgPadaBE8KBw6mUlPfSUtHH83NnfT2j9DbN0lldROdfacFomYF/ocZGx2U+wfpPzXI9OwiI2PSX+TYKar/REU9Hl7e6OoayDk0VgFrrRlhYiLnQrFVkGtsaWmLmbml2iwU2LKwVBfCKzYOimmpkZGhnDcDAVBTrJUpQSszrMyNBcBNcXG0wc1VKSPkgLMA1hpU2eAozcnWFmf7tUyWo+K9ZWmKo4Xp2rSiiGVLQz1M9LXxO+wmgs2SXXJdFfgzMjSXa2SJrZ1AvrWbfA5r1e9MV9dKde/fI31DqU+5V0cBXkPe2qLH5h3GvPGOFhu2GKgea29t1kdDUyBNR3H7t5XvbyfXyZZdWlYCV6YS68x4a6uh3Bbg2m2uThH++vcaakke5fiKMq2oTCVu0OatnXYYOMVi5nUEt7BCnEPzZMypJLlkjLL+6/TOP+DMjU9476PvePLlGlyp04J/XMtefaFksL7783Nfq7+oOwjXoGltwfu3L2wXVHf2vzyHrb/+F8D6cWrwX/+2Fmtt9+D/XXv+8wzVCxj7qdGoAlj/3bqstazXc7sGZYrwu7+odRA/+6OShfuBu5/9OxNXviav7QKJhb0czG4kPrOG/Wml6nrcouq2tZqyA9O0do3KeNpEYWkFBUVl5Atg5RTKmFJSyYnSKoGtYoGsItWSobBwzWi0srJSNRotq1DMRNdqEZZUVFJcWU1xdQ0nausorhOIU3yy2tqo7zpJy2A3jadaKO0soaK3WK0PXNh9nPjqYAIKHAkp8sX3uDceqY64pVjhlWHOvnJnYqpdiao2kri8kej6jQJWu/Ev1sGnwBj/ExZE1RtxqFNahxEH6rQJLjIgqMgZzxwn3I5LXz8uQiLFFssEbQEsPX5249HXfPLVN1y4/owbD+6TWZCMlpkZG3ZpsX6XCZt0XQiPz2JgeIKRyTMSaOrIyk+WABzPhZVivvyykLuP2vnw2TR3nnbxwWeVPP2qmy++vcLH35xj5X44sSWenLvSLNCQjLbTMSq7bnL93mNuPh5g9Fwcnz4tkFbEs4+HBXDOMHfzNMnlhdj4x2PkEs5bokx/s07ZQrtelMRGUXjWEiy9ya7bR1VHMDNXk1l9EsSNJwHceVLP48/Oc+ZOCyVDweT1+HK42o6G/mj5fvHcfBjLyt04afu59n6MQFW2tHbufdzFQwHCR18oYNZExYgARUkXx+UCXnhwmkdf3uXWh02cveHJ9QdR8j45rNw+wuKVbVy8pc3clRiaJlNpm86nevw4CfVRhBV7EZrvxdHOfKLLPQlO245/2g7cDm3E0Hc9TjE6RNZZElblQl5/ObXDTdTIsWNOOmeynUCYNYauh9EVNfu2trNApQUhaT4kFfnQ2X8Qt3BT/sdLP8czej9Bh0J54/XX0TezxNLOEWc3ZwlYNiRWpGMVZom9ozlx+8JIPZbOsawCklNTidkXQVRcAkmZpTT3zpBb3ERuRZdcnzmKG3qobu6hqqmLrpE5Js9eYXDmnOqi3tg9Ts/oPAuXbrJw4TqtAqGp2bWUtwxR2jpIy6lZqjvwHN4wAAATu0lEQVSGpeN3qItw+yYX6RiZpkaUtuJVVdk+Sn5DL24hcRKQEzGxdsXQygVb9xA09Mx46X//mn/4+cv88nfrZCDTYMN2XXabOmAswUkJvHrmjuwxsSMo7igRSYpXWI681wFiUouIPpyJZ2gs8SkFBB44jqdAU/iRHJyDotllYIWRnQcmNu7YSwB1D0/EMSAaW+9QjG082alrhrGdGx6hMQRFJ6hr0wIjYqW/F9HYKD9i+XG3NrUzPTXL1WtXeffWTSYnxxgZGeT88gLzM7Msnqtm+aYmozPHmZyYYnFmgtXzC1w6O8fFszOsnlvg/q3LvP/gNv0dLfR1tnP90hJTvW0Mt7bR0HuYiWvhzJ2eZKi7jU75vU0NnuKzD2/z2ZN7fPP5h3z+8SMuLi+yMD3K6dUp9lUfICLDg9GBBmYHOwWq6lULhq6aPGZ6G9UF7KNdTUwPdFJflsdgax0TPS30NFZQdvwITWUFjHSfZHnutMBVFeV5xxnubqelqkI+Q6dA3Cw3b1zmxvXLXLx4nvGxMZpENR48kISziycu7kG4yfl08gzGLSBG4PoQ7iIMDhVk0zDZSnRcKsczBMrCY/ELjiFVzmt8XBaDZ0OZuazsGHTCxHAtOHp5BkjQkyCnTPVJ26ppwV4JfkpGa+O2tUymUpJGXymDo2MmgdtDtXPQkQC7S9NIDa6aSoZrjx52SoZJR4BhrwHbNu8U0NrENmX9kcYeNHfrqKVufAW03J1cBdRsVR8sDQEzLYEpJ1sXedxRIE7J6hgJRJgLVHkSGbofX09fAQOBBkd3HB082bPXlE2bdsv/NEJLYGuPpoH89rxxcA7C2ydUIMQJU3MX9uraqLse3ZRNHH4RBIcdIDwqiZgDGaRkVBArqj8kTsTH4TwRM5XsS8xWN5A0d53mRHkzBSeq6e4ZYmZG+tr8EgsLy9LHZhkcGGZwbI765l7qW7tp6+hmfPw0I8NDjAwOqv2zv7+byXH5u1f6x4TA+bnLnLt0i46OVtX82MnFXeDJTs3QmZhYYi5gpWSvlFqGJiZm6mJ4Q/lbyWzZ2NhhrgCXxAlz87WyOza2Sj1GK2xtrLE0M5ZmhLWFiTQzATJp5qLqLcyxtrJUTU1tlcXtyvOV++T5ZkZ68hpDnO0s8RQYc7O3xVXAS9lQ4Z/mgaO7A2bSR8xMrNRz7+rqI6AehK9PCF4eir+ZhzzXS93VaWXpIp/XEQOlfJG+NZp7zQVwrVRPtZ06tugYOWNkJs8xc5TPotRndJP385XXe2NkbM8uEfE7tGzZIpD1zjYjATJDNYOlQNZrm3R5ZaMer7wtR7mt7D5XfK52mvqjbSGi2Ho/Fq6JBB+sJqd+XvW7uv74Wx5/8m989Pm/S0z8Nz5Vdg5+84MKWC+mBpV1VwpgqZD1fHrwBUB9+yNYrWWevvtPuwVfTAv+5+nBH0vgPL9fXaj+fFrw2+/XahCulcr58/9/R+GLdVjPLRuUEj3PBBI/EcBSzFAfyveav/Utpb23yKidlrF9kFIR21nlHarvlVJztnd4lr6hORHrIxSW14kQLOJ4dgHpWfkcTc8kLTOXzLwiMrJyyc4VcV8skCWgVVggQFVURHl5BTW1tRSXlguIlYk4ECCrqKakpo6KplYBq06qRexWNbdK7KqjvLOJhgEBuY5MjjXGkdYYRUZbLKmt0cTWBBFZFUpERTR+2f64HbXH45gFPrnaBJUYESZQtb/mHcLL9xKQb4xfng7+hXr4F1kTIhAW32TN4ZPGHGk35HCzqYCWp0CWA5GlARLvg/BJ98HhiAX2Kab87Pb9r3n21VcsX3/KRx8/xSfSi1+8uYl/3qjsptjGz19dx6/Wb+a3G2VQMg6QH/g1rty5w7mV8ywtr/Lg8U0evX+LDz6+zO0njTx4msWDj3N4/OkYT7+eE3V9jIB0xVerkPFLGZgHphKZPsXkpS8YXrlE98xRpucy6OyVk9hYQlhiDJoWDqxTUrTSwf95qz6/37aHTTo6rNfQIDUzm3sf3uTC3V4uP2pg+U6eAMl+xq6EMnfDhWuPyrj4sJfigRBSmh1IrrflqFDpqfmDXBe4ung/lskr/kxcdpfX7hewapPvf56PvjgjcDfG+1+MMnq1jLaFLjrGZ0nML+X83Rk+/dNj3n3azcglF1EjnqzeS2bh6gHmL+lx9fYO+X7WDJxNpvdcPaMrtdSMphNXHUlgvhtx9YmkdOUSnqVHoECWd+o2bCLW45liyL56uWiVTvJ562jukcF0sF1d15VdkomBY6Scc0/50QYLYIli9rQjUjpESIo9NV2xJB515h9eeomAQ6LCU/bxu9/9VgKRJmYuAQJaMpCYGhBdegiHCA+8vN2JCg8kRLFhOJpDTmkDJ5o6qOwfEnV8gvrOcYbnLwtMVFPTNkb/1CVmLtygd3ye8cVLAlZnmDq7KjD5kPkL15g9v8ro3Arj8/K85Wv0jJ1hYHaF2pPKay/QM3meplMz1JwcEqAaoFDUdqcEgaKmPjIr2skobeFQVgUJ6aV4SaAJjTuCia07v31zM6+s38r//MeX+ceXX+F367fxv367jlff2clOCaw7FYUqitNEgMjCJRiPsAQsZGC08wjBWWDJyi2QgLg0guIVV/EEEkTxH8itxCU0Dl0ZeDdoyCD51nYJ3MboWwn0HjyGf1wypo4yQJrYo2kogUXeW9lIsF9gLTW3jNKaJk719zLQ3ymBqpfp6QnOnVnklkCHmiHo7ZJgN8/80gRLV10Ftk0YOd3LxOg4k0qx5sXTPL5/nfdurHDj8llur57j3vUVAa8zDPb2c3V5nncvLXDv4lkWl/poWbKlp7+KloaTzE1PMtnXx80rZ3hw+zrv373F00d3+frzp4wvDBGSFUT40QDOTo9w7cKiQFQHy5N9nB8/yXxvPSeri2gqKWCsu5mu5moqBHpOtTfQUl5A+fEUsg7F0VpVwmX5LJPDAwx1tTI73Mt4TxsdDdWM9HRySmCrq7WZtvpa6qsrSU9NI9A/mNCQCIICw/D0CiEo/CCh0UeIjMsgLOYoviHRFJ7M5WB+Oi6eAiUCuDYufmgJbBhbuBIRlER+6RGuPbHk1EQjxUq5okOpuHiE4uUbiamFG3qGDqphp6mlh0CWPes2afPGBi22bNdht+barkHtvYYY6FlgoG+lZi0MBNAtzGzQl8BqLPdZmVphrUz5WTtibGiOtpY+Ghp7MTIwQWPbbt588x0cbOzxcvIUOLDDzsZGtW/Yu0sHnR2a2AgMWFlY46TUmoyOk+8bjLHAlqmx9ENNPd58YyPr121TCz6HyflISs4kPj5NDfSB+w6TdCSfw4nHiAhRduQGCxQEEyHQfiD+EMnHTlBQ2kpOcSvp2XUSZCo4ntdASW0faVnVZEm/be0eo6SqQ9R7M8Pji9y894QzZ84L5M+wtHCWOYH6udkZpqbn6evpp0OCzED/AP19/fR093JKyVxNjTMxNszIqZPMjA4xJDB/ZvEsl1bvsrR0hs7OVpKPpmJgomR/9NQdhnu1lEXvu9izZ68Ap85aVut5hs/MzEoFLFM1w2Wl+mVZWFhgaWkp8GWLtY2Ak6VAlKW5gJq5ag2jr6uF7l5N1Vh0r+ZOdKQZ6mhhIPfraWuis3e3nFN97G0scLa1kush18TZEVdPewLTvfD0dcfD1Q17Oye8AkT074skIjyOqKhY1V7DydENZycPXF281GYv8Oxg7yafS/qPuZMAlZv0KU/MrL3UPqWlZyNA6I6tCC5bASwXF2+CgyJFMPir8KUlkKWx04i3NyulmnTUQtKvbtjDqxu1+cUr23ltgw6bNK1EEDpLc2Wvmb+ML8E4h2QQm9XN8bpFqvqvMb7yEVcefS3x8Hs++lKgRIGrP/zA5394sfbqr6o9g2os+u1PsljPM1nKwvIXdgvffv8iM/UfP8KU4oO1dv9ff+KT9be1WT96YSnP//5F/cG//Dh1+GNdwp/4YP13uwl/zGL963+oa8WUhe5K+1RA64Ov/8LA+Wdk1E1T3DIpsDMq8VyAv3NI4toIfSLSewdnqVI8sMpqyM0vVkvlZOYWiuDPlf6fR1ZOrmrZkJOfS17hWnHnvNxcOeaTn59PQUkxRWUVFAlcldQ1UNEqQNXRK2L+FPU9w9R2nqKus1tgq4XSpjpqRVw2jNRSMZBP2aBAXFsMCbV+RJa5EFkTQlTNQQILIwWu3CQW2who6eObp09Q6XYiKzYTXmZAeLGTQJMDIQJQYSVuRJYHE10VSFKrF8ldNhLXHTnc5izNn6OtKcRVJuOftx/3dF/sDtvws4mFx3zy+fdygf+FJ589Y+RMGTmdtuw/oc0u+628/Pab/Hr9FoEcbbQt/ST49pBWEIuDlz1WzrHUtSwxOXeBjr4lbj24ws0H3dx72setDwa5+TiPtpkw9uVEcvHdTs4/KJLb8Vj6ZVHRdZUztz6gUQZ1u8BEdK39eVvThN9u2KFWhH9t4zu8sfUdtG32klUbTG6nDE6RRoxMnxIIus/c9QoBnTyu3a9g6XYAY5fDWbiZyNKdbMpGw0ltc+JQox0xFaZktfozs3qElfdiOXsrVMAqhtkbfgxdcOfivRPS+ad48sUcd5928O6HLfRfKGFstYNPvr1N30wX7YMdXL1/loXr7fSdTZSOFMD89VimL0YxuazL6rtbuHhnFwPL0UysdglUttM7X0jT6XSONkcQXxtLWncJcXJR/dQs1na8ErcRWmRJZJ2NAJYLBT2FQuNl0iEaqTldRlJeFnvMvNG3DWSXWQDvaOrgd9BDAMuHoCQb0mtDqGyJExWmybGGXPwPhfLLX/6GrRIY9igeQm4y6IT745Pqi5GrNR6+QaKcXQkK8mX/gWQahhepH5yiXIJ4Xdsp6bgdzK3eY2R+hdbeceZXbrBy/S6rdx5z4eZdCeZKQeaLXBDAun73fZav3BLIusz0uVXOrL7L4iWl3WZUYKx38izNClyJ8q7tmSC/ul36TDUnGnvIKGkmtVAUTFkruTVd5NZ2ky2PR6dkYSIKVAGoV9/ZwUv/9Bte+vmv+IXA1fote3hr2141o7Vbgqmlkz+G1p5ombtg6RKEsaMo2KA4Aaok3EITCDuci2NADK4CWKklHfL+vQJaNURnlOEanoCNTzjbtUwl2Dti6uqPY3As9n5RaBnboWvuyLY9xrwjIGZm50lAWCz7ohMpKa5gaOAUY2MjEtQmWZiZlnaaxfk5ga4+ahta6Z9OYfHmDukzQTS1NzF7dkiC4CwDHS3cWL3A/XdXpV3hxsoij+5cF+i6yaVzC/LYRT68d1VdcH5rdZWmGV+mF3I4fWqMKfkfHc09TA71M9nfw7Ury8xePE3XVB+5DWnUtuSzODYobYjhrhZmB7pYGhdIK88nPS6cmAAPPOxtCPPyoDg7nZyUI/QKaDUWZ1OVd4zpwW4uX1hi/vQITeUlzE2MsDw3wa3LS6ycmaH/ZAsd9RLoa8opL8wmJz2ZuP0RuDg54+GuTPf5YWnlgINArquAlrvvfuxdQwmKi6J6uJzgfUcIicnA0UfOr5Gzal+gqWuLsbU3Vg6B9MzYMrkSQ06RfPbZRQalT57s7OdYSoaakbC388bIyIldOrbslqCnqWUlwc+S3crC960CW9I0dxupi91NRFRo6ZiyY6chLq5+2Fk6EODuQ4BXgECBHVaWdugIQJiZ2uBo76zCk62ZGdEHQjiacRBzU0P5f3bo6xhiom0oj1vj4+qOr5sXB+MTOXQgDiPF2kAAY7vA2Ruvb1AXihsbWhAeHktySg4hYfG4ugZy9HAWpeVN5IlKLyvIoSgnk8yM46LKT9DU2ERzcxfd/ZN0iLpv75unrbWf1vY+yqrayMwspEZ+l6PD04wJVLV3DtM7MMnqjUfMTst4K31wdGSc8fEZOY4xMSJ9UoBrZKiPWYGpM0tLLM3NMiXXckbEwMTIAK3VJfS3NTA12s/0SLf6nOXzF0QYnGFifIy29k78g0LZvHm7nL+9bN2+Uy0BpHhRKa7vu3btUafn9PWMVUjV0zNUdxgq67QUXz1rK2vVxkHJZllZWamwpTYBMAWwjI305dzpYWJkgKkcjfS01aOZsaHAqQlWZkbSDLEyMcDCSA9HK1NcBdTcfB0IzwxYM7b188Lfzw+PYFv8ohyICI0mKjKayBARsgJZgf6hcl+UClz+PkF4uHnj5OCOk5M7zgJgSl91FZCys3FeK/nlHSjQ5iPNQ6076SwQbWUugChNV1vxTzNj0zadNcjaqMdr72jzurStOg4YOURi4hKNsXMC5u6HcI/MwTe2mISCXlLLJzlcNEJ+4xwTKx9w7f0/qIClWDJ8qpTB+ebPKmB98WJ6ULFn+HGK8EX5mzV4emG38O3zzNPfFrqvZabUGoR/+htUvXByfzFd+N3ztVbq2q3vn9/+SQbs713efwpVL27/1Ih0zRdrDfw+V6YK//hnnnzzAw+//IGzd/4P1QPXOF7eQ25xA2XVLTS09VPf3q9aiHT2TVBa1URRSYXa8k6UkV9STnahAltFqm3DsfTjasvKzSEjO5tjmVlkZmWRo1g6lJRQWFXLifoWytsFpvqnaBkVgSCCvnPqPK3DCyLiF+iZWqCup0fG/QJylbq+7ZmU9OVQMVLKiYE8jp9MIa3zGAfqDhNRGo3XMRkjj9rhnWaLf46ZgNQewku1iKl24kBDCLFVYUSVhqhtX1koB2uSSGpIIrl9H2m9EdJCyejbLzFesVs6rNYrDCgUMZYXx/8Dg80u2cj9zrQAAAAASUVORK5CYII="
        ],
        "tags": [
            {
                "id": 100,
                "name": "reptile"
            },
            {
                "id": 101,
                "name": "dinosaur"
            }
        ],
        "status": "available"
    },
    {
        "id": 9223372036854623902,
        "category": {
            "id": 0,
            "name": "string"
        },
        "name": "doggie",
        "photoUrls": [
            "string"
        ],
        "tags": [
            {
                "id": 0,
                "name": "string"
            }
        ],
        "status": "available"
    },
    {
        "id": 9223372036854623903,
        "category": {
            "id": 0,
            "name": "string"
        },
        "name": "fish",
        "photoUrls": [
            "string"
        ],
        "tags": [
            {
                "id": 0,
                "name": "string"
            }
        ],
        "status": "available"
    },
    {
        "id": 9223372036854623904,
        "category": {
            "id": 0,
            "name": "string"
        },
        "name": "fish",
        "photoUrls": [
            "string"
        ],
        "tags": [
            {
                "id": 0,
                "name": "string"
            }
        ],
        "status": "available"
    },
    {
        "id": 9223372036854623905,
        "category": {
            "id": 0,
            "name": "string"
        },
        "name": "doggie",
        "photoUrls": [
            "string"
        ],
        "tags": [
            {
                "id": 0,
                "name": "string"
            }
        ],
        "status": "available"
    },
    {
        "id": 9223372036854623906,
        "category": {
            "id": 0,
            "name": "string"
        },
        "name": "Puff",
        "photoUrls": [
            "string"
        ],
        "tags": [
            {
                "id": 0,
                "name": "string"
            }
        ],
        "status": "available"
    },
    {
        "id": 9223372036854623909,
        "category": {
            "id": 0,
            "name": "string"
        },
        "name": "doggie",
        "photoUrls": [
            "string"
        ],
        "tags": [
            {
                "id": 0,
                "name": "string"
            }
        ],
        "status": "available"
    },
    {
        "id": 9223372036854623910,
        "category": {
            "id": 0,
            "name": "string"
        },
        "name": "doggie",
        "photoUrls": [
            "string"
        ],
        "tags": [
            {
                "id": 0,
                "name": "string"
            }
        ],
        "status": "available"
    },
    {
        "id": 9223372036854623923,
        "category": {
            "id": 0,
            "name": "string"
        },
        "name": "doggie",
        "photoUrls": [
            "string"
        ],
        "tags": [
            {
                "id": 0,
                "name": "string"
            }
        ],
        "status": "available"
    },
    {
        "id": 9223372036854598610,
        "category": {
            "id": 123,
            "name": "string"
        },
        "name": "doggie",
        "photoUrls": [
            "string"
        ],
        "tags": [
            {
                "id": 123,
                "name": "string"
            }
        ],
        "status": "sold"
    },
    {
        "id": 9223372036854623924,
        "category": {
            "id": 0,
            "name": "string"
        },
        "name": "fish",
        "photoUrls": [
            "string"
        ],
        "tags": [
            {
                "id": 0,
                "name": "string"
            }
        ],
        "status": "available"
    },
    {
        "id": 9223372036854623927,
        "category": {
            "id": 0,
            "name": "string"
        },
        "name": "fish",
        "photoUrls": [
            "string"
        ],
        "tags": [
            {
                "id": 0,
                "name": "string"
            }
        ],
        "status": "available"
    },
    {
        "id": 9223372036854623928,
        "category": {
            "id": 0,
            "name": "string"
        },
        "name": "fish",
        "photoUrls": [
            "string"
        ],
        "tags": [
            {
                "id": 0,
                "name": "string"
            }
        ],
        "status": "available"
    },
    {
        "id": 9223372036854623929,
        "category": {
            "id": 0,
            "name": "string"
        },
        "name": "fish",
        "photoUrls": [
            "string"
        ],
        "tags": [
            {
                "id": 0,
                "name": "string"
            }
        ],
        "status": "available"
    },
    {
        "id": 111,
        "category": {
            "id": 0,
            "name": "string"
        },
        "name": "doggie",
        "photoUrls": [
            "string"
        ],
        "tags": [
            {
                "id": 0,
                "name": "string"
            }
        ],
        "status": "available"
    },
    {
        "id": 9223372036854623950,
        "category": {
            "id": 0,
            "name": "string"
        },
        "name": "doggie",
        "photoUrls": [
            "string"
        ],
        "tags": [
            {
                "id": 0,
                "name": "string"
            }
        ],
        "status": "available"
    },
    {
        "id": 3000,
        "category": {
            "id": 0,
            "name": "string"
        },
        "name": "doggie",
        "photoUrls": [
            "string"
        ],
        "tags": [
            {
                "id": 0,
                "name": "string"
            }
        ],
        "status": "available"
    },
    {
        "id": 9223372036854623963,
        "category": {
            "id": 2,
            "name": "dogs"
        },
        "name": "Sharik",
        "photoUrls": [
            "string"
        ],
        "tags": [
            {
                "id": 1,
                "name": "cute"
            }
        ],
        "status": "pending"
    },
    {
        "id": 9223372036854623964,
        "category": {
            "id": 0,
            "name": "string"
        },
        "name": "fish",
        "photoUrls": [
            "string"
        ],
        "tags": [
            {
                "id": 0,
                "name": "string"
            }
        ],
        "status": "available"
    },
    {
        "id": 9223372036854623966,
        "category": {
            "id": 2,
            "name": "dogs"
        },
        "name": "Sharik",
        "photoUrls": [
            "stepik.org"
        ],
        "tags": [
            {
                "id": 1,
                "name": "cute"
            }
        ],
        "status": "pending"
    },
    {
        "id": 9223372036854623967,
        "category": {
            "id": 0,
            "name": "string"
        },
        "name": "fish",
        "photoUrls": [
            "string"
        ],
        "tags": [
            {
                "id": 0,
                "name": "string"
            }
        ],
        "status": "available"
    },
    {
        "id": 9223372036854623968,
        "category": {
            "id": 0,
            "name": "string"
        },
        "name": "Puff",
        "photoUrls": [
            "string"
        ],
        "tags": [
            {
                "id": 0,
                "name": "string"
            }
        ],
        "status": "available"
    },
    {
        "id": 9223372036854623970,
        "category": {
            "id": 0,
            "name": "string"
        },
        "name": "doggie",
        "photoUrls": [
            "string"
        ],
        "tags": [
            {
                "id": 0,
                "name": "string"
            }
        ],
        "status": "available"
    },
    {
        "id": 9223372036854623974,
        "category": {
            "id": 0,
            "name": "string"
        },
        "name": "doggie",
        "photoUrls": [
            "string"
        ],
        "tags": [
            {
                "id": 0,
                "name": "string"
            }
        ],
        "status": "available"
    },
    {
        "id": 9223372036854623975,
        "category": {
            "id": 0,
            "name": "string"
        },
        "name": "doggie",
        "photoUrls": [
            "string"
        ],
        "tags": [
            {
                "id": 0,
                "name": "string"
            }
        ],
        "status": "available"
    },
    {
        "id": 99996,
        "name": "doggie_by_ms",
        "photoUrls": [
            "string"
        ],
        "tags": [
            {
                "id": 0,
                "name": "string"
            }
        ],
        "status": "available"
    },
    {
        "id": 9223372036854623981,
        "category": {
            "id": 0,
            "name": "string"
        },
        "name": "fish",
        "photoUrls": [
            "string"
        ],
        "tags": [
            {
                "id": 0,
                "name": "string"
            }
        ],
        "status": "available"
    },
    {
        "id": 84,
        "name": "MiPet84",
        "photoUrls": [
            "https://i.pinimg.com/736x/32/7e/db/327edb9a15b304efc264668ada03f725.jpg"
        ],
        "tags": [
            
        ],
        "status": "available"
    },
    {
        "id": 9223372036854623986,
        "category": {
            "id": 0,
            "name": "string"
        },
        "name": "fish",
        "photoUrls": [
            "string"
        ],
        "tags": [
            {
                "id": 0,
                "name": "string"
            }
        ],
        "status": "available"
    },
    {
        "id": 9223372036854623987,
        "name": "Kitty",
        "photoUrls": [
            
        ],
        "tags": [
            
        ],
        "status": "available"
    },
    {
        "id": 9223372036854623999,
        "category": {
            "id": 0,
            "name": "string"
        },
        "name": "morce",
        "photoUrls": [
            "string"
        ],
        "tags": [
            {
                "id": 0,
                "name": "string"
            }
        ],
        "status": "available"
    },
    {
        "id": 9223372036854624002,
        "category": {
            "id": 0,
            "name": "string"
        },
        "name": "doggie",
        "photoUrls": [
            "string"
        ],
        "tags": [
            {
                "id": 0,
                "name": "string"
            }
        ],
        "status": "available"
    },
    {
        "id": 9223372036854624003,
        "category": {
            "id": 0,
            "name": "string"
        },
        "name": "Mozilla/5.0 (Windows; U; Windows NT 6.0) AppleWebKit/537.2.2 (KHTML, like Gecko) Chrome/37.0.885.0 Safari/537.2.2",
        "photoUrls": [
            "string"
        ],
        "tags": [
            {
                "id": 0,
                "name": "string"
            }
        ],
        "status": "available"
    },
    {
        "id": 9223372036854624004,
        "category": {
            "id": 0,
            "name": "string"
        },
        "name": "doggie",
        "photoUrls": [
            "string"
        ],
        "tags": [
            {
                "id": 0,
                "name": "string"
            }
        ],
        "status": "available"
    },
    {
        "id": 9223372036854624009,
        "category": {
            "id": 0,
            "name": "string"
        },
        "name": "Mozilla/5.0 (Windows NT 6.1; Trident/7.0; rv:11.0) like Gecko",
        "photoUrls": [
            "string"
        ],
        "tags": [
            {
                "id": 0,
                "name": "string"
            }
        ],
        "status": "available"
    },
    {
        "id": 9223372036854624010,
        "category": {
            "id": 0,
            "name": "string"
        },
        "name": "fish",
        "photoUrls": [
            "string"
        ],
        "tags": [
            {
                "id": 0,
                "name": "string"
            }
        ],
        "status": "available"
    },
    {
        "id": 9223372036854624014,
        "category": {
            "id": 0,
            "name": "string"
        },
        "name": "Opera/9.46 (Windows NT 6.3; U; SR Presto/2.9.171 Version/10.00)",
        "photoUrls": [
            "string"
        ],
        "tags": [
            {
                "id": 0,
                "name": "string"
            }
        ],
        "status": "available"
    },
    {
        "id": 9223372036854624024,
        "category": {
            "id": 0,
            "name": "string"
        },
        "name": "fish",
        "photoUrls": [
            "string"
        ],
        "tags": [
            {
                "id": 0,
                "name": "string"
            }
        ],
        "status": "available"
    },
    {
        "id": 9223372036854624027,
        "category": {
            "id": 0,
            "name": "string"
        },
        "name": "Puff",
        "photoUrls": [
            "string"
        ],
        "tags": [
            {
                "id": 0,
                "name": "string"
            }
        ],
        "status": "available"
    },
    {
        "id": 9223372036854624028,
        "category": {
            "id": 0,
            "name": "string"
        },
        "name": "fish",
        "photoUrls": [
            "string"
        ],
        "tags": [
            {
                "id": 0,
                "name": "string"
            }
        ],
        "status": "available"
    },
    {
        "id": 9223372036854624031,
        "category": {
            "id": 0,
            "name": "string"
        },
        "name": "doggie",
        "photoUrls": [
            "string"
        ],
        "tags": [
            {
                "id": 0,
                "name": "string"
            }
        ],
        "status": "available"
    },
    {
        "id": 9223372036854624032,
        "category": {
            "id": 0,
            "name": "string"
        },
        "name": "doggie",
        "photoUrls": [
            "string"
        ],
        "tags": [
            {
                "id": 0,
                "name": "string"
            }
        ],
        "status": "available"
    },
    {
        "id": 123456,
        "category": {
            "id": 123456,
            "name": "dog"
        },
        "name": "Kyzya",
        "photoUrls": [
            "string"
        ],
        "tags": [
            {
                "id": 0,
                "name": "sherherd"
            }
        ],
        "status": "available"
    },
    {
        "id": 9223372036854624047,
        "category": {
            "id": 0,
            "name": "Nemo"
        },
        "name": "Fish",
        "photoUrls": [
            "https://avatars.mds.yandex.net/i?id=1987d977026b87b0889f11fa19ed76ffd75699d0-10876270-images-thumbs&n=13"
        ],
        "tags": [
            {
                "id": 0,
                "name": "string"
            }
        ],
        "status": "available"
    },
    {
        "id": 9223372016900017280,
        "category": {
            "id": 0,
            "name": "FISH NEMO"
        },
        "name": "NEMO FISH",
        "photoUrls": [
            "string"
        ],
        "tags": [
            {
                "id": 0,
                "name": "string"
            }
        ],
        "status": "available"
    },
    {
        "id": 19705858,
        "name": "PhRL6AGrtkRnj4hsUJOz_Modificada",
        "photoUrls": [
            "string"
        ],
        "tags": [
            
        ],
        "status": "available"
    },
    {
        "id": 84862428,
        "name": "7EYDQbyOUY3w1DD9biBf_Modificada",
        "photoUrls": [
            "string"
        ],
        "tags": [
            
        ],
        "status": "available"
    },
    {
        "id": 42181115,
        "category": {
            "id": 8557341,
            "name": "ut nisi"
        },
        "name": "doggie",
        "photoUrls": [
            "fugiat cillum",
            "cillum"
        ],
        "tags": [
            {
                "id": 67927893,
                "name": "et Excepteur ad"
            },
            {
                "id": -13431872,
                "name": "sint ut"
            }
        ],
        "status": "available"
    },
    {
        "id": 20083319,
        "category": {
            "id": 62517053,
            "name": "non anim quis"
        },
        "name": "doggie",
        "photoUrls": [
            "enim Ut",
            "ad "
        ],
        "tags": [
            {
                "id": -59403361,
                "name": "nulla ad"
            },
            {
                "id": -56161569,
                "name": "ullamco ex"
            }
        ],
        "status": "available"
    },
    {
        "id": 9223372036854624051,
        "category": {
            "id": 0,
            "name": "string"
        },
        "name": "fish",
        "photoUrls": [
            "string"
        ],
        "tags": [
            {
                "id": 0,
                "name": "string"
            }
        ],
        "status": "available"
    },
    {
        "id": 9223372036854624052,
        "category": {
            "id": 0,
            "name": "string"
        },
        "name": "fish",
        "photoUrls": [
            "string"
        ],
        "tags": [
            {
                "id": 0,
                "name": "string"
            }
        ],
        "status": "available"
    },
    {
        "id": 9223372036854624053,
        "category": {
            "id": 0,
            "name": "string"
        },
        "name": "fish",
        "photoUrls": [
            "string"
        ],
        "tags": [
            {
                "id": 0,
                "name": "string"
            }
        ],
        "status": "available"
    },
    {
        "id": 9223372036854624054,
        "category": {
            "id": 0,
            "name": "string"
        },
        "name": "doggie",
        "photoUrls": [
            "string"
        ],
        "tags": [
            {
                "id": 0,
                "name": "string"
            }
        ],
        "status": "available"
    },
    {
        "id": 9223372036854624057,
        "category": {
            "id": 0,
            "name": "string"
        },
        "name": "fish",
        "photoUrls": [
            "string"
        ],
        "tags": [
            {
                "id": 0,
                "name": "string"
            }
        ],
        "status": "available"
    },
    {
        "id": 9223372036854624066,
        "category": {
            "id": 0,
            "name": "string"
        },
        "name": "doggie",
        "photoUrls": [
            "string"
        ],
        "tags": [
            {
                "id": 0,
                "name": "string"
            }
        ],
        "status": "available"
    },
    {
        "id": 1234321,
        "category": {
            "id": 0,
            "name": "Cat"
        },
        "name": "Pamuk",
        "photoUrls": [
            "string"
        ],
        "tags": [
            {
                "id": 0,
                "name": "My cute cat"
            }
        ],
        "status": "available"
    },
    {
        "id": 9223372036854624093,
        "category": {
            "id": 0,
            "name": "Cat"
        },
        "name": "cotton",
        "photoUrls": [
            "string"
        ],
        "tags": [
            {
                "id": 0,
                "name": "my lovely cat"
            }
        ],
        "status": "available"
    },
    {
        "id": 9223372036854624095,
        "category": {
            "id": -36054349,
            "name": "deserunt in ad voluptate"
        },
        "name": "doggie",
        "photoUrls": [
            "aliquip in enim",
            "ea labore minim"
        ],
        "tags": [
            {
                "id": -77106092,
                "name": "est consectetur voluptate ut"
            },
            {
                "id": -87717453,
                "name": "officia ex"
            }
        ],
        "status": "sold"
    },
    {
        "id": 9223372036854624096,
        "category": {
            "id": 38556718,
            "name": "dolor minim ipsum irure ex"
        },
        "name": "doggie",
        "photoUrls": [
            "velit sunt enim",
            "ipsum culpa nulla"
        ],
        "tags": [
            {
                "id": -56521978,
                "name": "do laborum dolore"
            },
            {
                "id": -77010435,
                "name": "nisi tempor consectetur"
            }
        ],
        "status": "available"
    },
    {
        "id": 420,
        "category": {
            "id": 42,
            "name": "Chihuahua"
        },
        "name": "PasBre",
        "photoUrls": [
            "string"
        ],
        "tags": [
            {
                "id": 0,
                "name": "string"
            }
        ],
        "status": "available"
    },
    {
        "id": 9223372036854624101,
        "category": {
            "id": 0,
            "name": "string"
        },
        "name": "fish",
        "photoUrls": [
            "string"
        ],
        "tags": [
            {
                "id": 0,
                "name": "string"
            }
        ],
        "status": "available"
    },
    {
        "id": 9223372036854624102,
        "category": {
            "id": 0,
            "name": "string"
        },
        "name": "fish",
        "photoUrls": [
            "string"
        ],
        "tags": [
            {
                "id": 0,
                "name": "string"
            }
        ],
        "status": "available"
    },
    {
        "id": 9223372036854624105,
        "category": {
            "id": 0,
            "name": "string"
        },
        "name": "Puff",
        "photoUrls": [
            "string"
        ],
        "tags": [
            {
                "id": 0,
                "name": "string"
            }
        ],
        "status": "available"
    },
    {
        "id": 56421365,
        "category": {
            "id": 33214254,
            "name": "Fish"
        },
        "name": "Nemo",
        "photoUrls": [
            "<string>",
            "data:image/jpeg;base64,/9j/4AAQSkZJRgABAQAAAQABAAD/2wCEAAoHCBYWFRgWFhYYGRgYHBwaHRwcGh4cHBwaHBwcHBgcIRwcIS4lHB4rIRoaJjgmKy8xNTU1GiQ7QDs0Py40NTEBDAwMEA8QHxISHjQrJSs0NDY0NDQ0Nj02NDQ0NDQ0NDQ9NDQ0NDQ0NDQ0NDQ0NDQ0NDQ0NDQ0NDQ0NDQ0NDQ0NP/AABEIAOkA2QMBIgACEQEDEQH/xAAcAAACAwEBAQEAAAAAAAAAAAAEBQIDBgEABwj/xAA9EAACAQIEAwUFBgUFAAMBAAABAhEAAwQSITEFQVEGImFxkRMygaGxFEJSwdHwYnKCsuEVIzM08SVzogf/xAAaAQACAwEBAAAAAAAAAAAAAAABAgADBAUG/8QALBEAAgIBBAEDAwQCAwAAAAAAAAECEQMEEiExQRNRYQUygSJxkaHB8RQjQ//aAAwDAQACEQMRAD8AY3LrsQXOYgASd4Gwryt1Fcg1IVahDsV0j9/GuRXoAChVywIPeLZjzbXaelQhWZrrMw22MSORg6fOKnlnehFwhAYByZM97XbYeVBhSsIV+kfpULjLI+ldQtI7qALG0mY6zsKhibwUajTzAg+ZqX7kYK3tWbREQfiY5j8BtSLilt2fKHe6w3gQq+Gmk06w10MxJbMeQAmPMiR61ncfii7tDPknafy0pkuQEVzrqzIAOR/QUVw7EW5OcjN4k5SPAASTSotTvDJlQF8ilxrr33kk7ch5UJQXbJ5Cbt4OYRgYHIHMJ/hkfOhMShiGOvidvTT0qVm8rkoiKAoJzDQkjYajrQeKdwFErMScpBAnlp+tVyhfCD+4LiVOURyJnTw8aEe3IkQD1j9xTS1fm2wZSYIMjXn8hQjrMgE/WI8tprFljLHKwJUXdnMKntZuHQab6EnrzrXYXiNoylkK2XfKQij+o1hQd9CYI0iRHOadpxBEChROUvIEhSrDr4bDyo+u2rkNFmwsYInVjHgDPzNSvY+xY95hJ5bsfgNazWA4g11O/iUtIPurBcjkC3L0pgGSypayiMSJ9o7zI666k+FWqcUr/wBjhf2/E3jFm1kX8dyR6INaNwvDo1d87c4OnjpSoY5WSXu5yveMHIonZcq79NTUE7Q2UBEwR92AvnAB1oerGyUyvttbbJbZApW24Zxz6L/5QHBJCXGMQWOWYk/i/L0oztbjUuYVGQgguhkLMHcgwe6fOhMA6C1pm111Yc+QA2+dWNpqyJDPgjAuWIPdEddW1NPXto4OgINIeB3lRHcgqCx1J3gaR6Vd/rKHcRPj+m1TekSrKuK4UIhKHTpNZX2x6064vicyNB0+dZD2o606yWOon00CvZoquaGxFx+hjquvrVjZnDprwoPCvnBBDL4mfzou2kCJmomFo6wrwFeLACTXUM6ioAiBQuLw6NDOBK7E8vXSjKExAVwUYT56D1ojCTivEVC5EYGdDH6iBSnD4G44lUYjrsPU06fgWUh0ZXjUDSB0BnypfxHH3H7jQoU6gHQ+fWmT9uRSk4RVPeZGI+4O9r4kaD1qq88sS2+kARAHIVG+7NEkQNgAAPQVSqnwqEGfD8QQhRVBLsCxy5nKj7q7gelMGNuWz2nRwpK5xoRoAAI35k0p4aQrgsCR0D5J/qGwp9e4TdcvcPdVUJTvh1B5CWJPxoSIIruOdVClwc091SDGsCRyHhQ+Axio/fVW13eSoH8o3ND5yFCnYeW/WuNhCNW0n9/AVVJxXYzCbuPzO5UCCTlyrA8hPuijMRw8gqHYKWgxO0ifWgbSKp2aN+7+tEXcQ7EFFMgAA7nSY3rBlnF/b2C0N+BcL7pZQpZWEMSIInVYoh+EnO0r3XLlFJjbY6cjrp4Uu7O8Ru2iyshYN3o5zzIO3rTj7U5lsneklVbQDOPd1M7ayKNppX2GNUU2uzzuWzqqDKMuVgQW5eNLhwpirW3dAwJ/QrMb/SuNfuoXygADWMzMuundjeuE3irJcdlRiCSEzElhAB6DTahafSJwF47BJYwLqHzNcZNZkAk6baAeNU27S5FUXJ0jf6VZieHMnD3YsxBKPDAaZW1O07UDwSyHu21BnUE1qje1DI1WJwSPZRZKgDSdPkaSf6blGjrJ+P0rUcSwxdCASOfKsu6OoIVjJ3GXl5/nSTQeCGPwZW1MgnnBFZCD+4rV4kPkIbWsvmNSD4LodH1LICIPOpWbQWdzNSFSNbaMZHLXstSFeoBKmWvKkDQVNq7NQhEVXfiDpU51qvFtCE+FAjMri8W2YqD3em1DXMPliQNRO8/SoXdWJqGtEhtey/Z201sPdtq5cyJnQcqp7ZcKs2UDW7KLqJidqK4Tx0JYtqFzNGokDpH1+RqjtVjvapky7kQ0iD1iNYkGllliuLJSMccQq6hFnxq1OJ3HBQDQ/dBgfKqkwZZu8QqjWeoHTxrq3Ae6gypzPM1VPLFK0FImcKn3gA3QTA8z1qZQCJGY6adByNVPuAOVRxN3LG+umhrApSzTp9E7D8HhWd4tozGNFPu5jodenOtVguDObKq6Ijymo1IRDmk/xHau9isQGsQAAVJBrQqa2QwRiuQJFFjh1tfuAmTqR1M118BbL5yilogEjaiQa8RV1IcHt8PQMSFEFQuWBGhon7Mn4F9Bv1qaiotcUbsB5kVEkgqLfQv7Q2AcLeUAD/bfkOlfPewKzcH8tfRuK3VazcUMpJRxAInY1867CIyv3lKwmsgj60G00HZJdo+jIg6CpDDr+FfSvJVoooUQdpcOvsmgARJ0r5Tkr7FxxZtMPA18q+zeHzqqXZfj6PpQqU14Gu1qMhw14Gu6VGaBDtRBr1eagE9QPFWi2aOik3aG4QnnQsjM0wPWuc6nn5darkzFGyD/AIZwkXrTXC5TIrb7Zgyga8hBnxoS5ZbTKDl1CsTAIn3oJ0+HWmfZ+yhV8zSqKXKcmYjQt1HhQOMuSSetc7V5VCqXZs0ml9Zu3SQvfC3GBDAHplYH9KrTDlACyx1MGPjRinSpK55H0/MdKxLVSqmuDpP6VGS/TJr9xaluO9JE70PiVckmDE+dOXtI8Fl26HL/AI+VX2+DhpIdlU8iJMeB/wAVow54xdr8mSf0vPHpJr4COw2KyM6NOsGB5Vqr3FlXZZ+NZuxZS0CtseZ3J8zzqD3Z+tTNr31E36f6RH7sjv4HV7jb/dyr8z6mgLvEbjHW4x8mIH/5ApczdP8ANUu/Tz1016A1jepnJ8s6uPR4cfUV/AU+ObbOfIs350Lexh8PhrQd94ccpivXLc6jlyo+pwW7IrpBS4mGAJEHn8JP0rj8Ulzb0L5cxXWcsSROxbLrlpcFJBHMGRUyha/7YoobLlzAn3oKliOsHemU2rt+P7KMym62LyaTh/FXUCGlRsDqIp/ieIMERhAzKD5TWPwtv3V/elafG2v9pNdlFW4s8trV9Iz6rT4d8W0rb5E/E8czKZJOnU1jPaeFaXGKcprL5TTQyOXJn1GNRlUej6dVoHdrE4bit1CSpzZoJD6gHw6U84Vxdrj5CoMxtpAjvHxrpRzRk6XZ5tR8jWK9FWFKgRV1kaOCvGuV7lQAcJpD2oRigjkafGguJ28yGgwo+fpc11prhSoUM596YHlQ9/DgNqN6EvYdg4UA6nSlfQUjTcMeEutrD5V9DJ/SqLhqz3UVBsojxJ5n1qgt1j4iuFqcvqZG10uEeh0OBwgr7Z30+nzrq2i3WrrViilUCs+5I68MflncNhQNTrRLvA0NVAzv0qsnUcjQc3Q+23ycZp1qN25oNJjppXWM78udVPr5kUi5HSIMd51APxqISTEgj3gCPUVPLPmR68qkq6eQkGdQNoproIr4khDAqZG48PCiMJeBiP8AyjMVhw65fvDvK3KOYPQzQFi0p1AE8xzB5xG9W7lKJXG1JlmOtga13DEfemORH0PSpph1aBMcoLH01om3hcgHvSdI6nlSOSrb5EyZdvKC+HWCzhQN/kOZrU4u3KQOW3lVHC8F7NNdXPvH8vIUbNdfS6XZB7u338HmtXrpZMqcel18mL4gpAbSslHnX0Xj+FGQso5a18/9mazvC4NqzQtT6iUhjieHZHRQSQUDTz8hVPfRuamRqNPWtwtlTBIEjQHmJoXEcIt5WbIWYK25Mkx9a3zwPtM48XwA8M4nB7xVEOkEyZA96mlnFI+qnnGuh9KyOJsZREFdpBHIzGvPajOHOgdMqs9wADLOhJEsxO0ADbl50cM5XtYJqjUGvNtXFMgSIPMTPzqTVpKyLCqnWQasmoVBjKY+13xRFwAQYEgb86I4ggDT0oEGevpXK1uo/wDOP5Op9P0rm98vwdbX/wAq21Z51y1ajWr4rlN0emx4lFWyRPwrwFeGkTvXC3w560jZaW7CoZd/CuhtwN9PKvEiZHPcEUopwz5gioK2kjUA61Jn08Ryqu0wzHlI+nSmSsDkkWLbkkTuJA8asW3qpmD7vgeVVLdEqzDny9KsuPAYe9GvlO9BiOYQmHiZIUg9NINZ+7bL3igIAEkt0HM+VPWvd1xmkFV33mdI+FAWsMIZhpnhZO4A1b8qtwNJttFDlJ+S61hkKCROk/8Avyonh1vLesr+MO48kgA/Ek+lXcH4cbneIi2nvGYzRrA5x1qT30a6t0ASuikaHJ08jvFadPGKlvn+F/kw5t+aLhDtdmmWvO4GpIFL8Xje6sBlzANO2nSlGKxnMtXSyalR4XJz8H02U1um6Q1xuIVlYDXSsTlHQU9tXww7pmaS/Zz4+v8AmszyubsvyYI43th0bFWipC7VANdBrsnCBeL22ZMyAFgROgnLz30rN4a4Uug6B1MawQA/daSPWtXiLQdWU7MIrJYvhgRwqSzBlJ9ZOnlVGRbZJ17BbbRrbDAkgMx56gj4jTarzUEOgqyrQFbLXAldaq5oDIR45sznw0qoWsu4pjeREJYwSdhyFBXHjU6k8685n4k7dtvwev0MNsE2qVEVHpU8wA8Koa7GpOvI1Frm/Ly51n2tm5yLXffn4dKkhJmdo3oUmTp6Valzn6j9KLjwIpBCkafX6VRcucuY2NeZ9CBt0O9Ul94oRiCU6LM2hzb8jUc4kE89JFVlpI8aiG7um4NOkZ3PkIAhW11BqwvvGhZZ/M0I90EkRE9Ndalh8zFVUF2OgUCSRU2NiPJ5LrrHUnpWh4TwU3QpY5UVVDRozEjMQOg11NDtwVbVsPcIZz90e6u5/qPKa0vBnAUpPe94j+Y/lpV+PHVp90Y9RqP+u4Pt0A9qj7PClUUBCVQgErCnkPMgA+dZXhLS6pGbkIOk+Jrd8Swov2WQnusV18mB9a+c8GYjH5J7qM6qOgA+tbv+NvavpGDFq/RjJLtm34jbZk0GaBsN4iJArGYtpkGNNIOk+lfQEoPHcLS4DKgN+L9auy6ZSdx7Ew62UU4y5TEHZ9Ac2gCougGwn/yqMopzwvhz2/aKQIIEHkRrSv7P5Vm2NfcHJlTf6RpNdr3Ou12TmHqTY5QMTaHIyTJ58qa3LiqJYhR4/kOdJr/EV9rnAzZVyqDA1J1Y6SPKqMuSMat+S/Fp8mX7VY8ruakTcWc/hUeAk+poPE32bVnJrNPXRXEU2dDH9JyS+5pGhfFID7w+Gv0oa/i5ByUit4gTBmPCpteLeAj41izarNNbekdTB9Ow4Wpdv5L710TvNDFpMD515UB328K8zAaDQbTWLakbnJ+SOSNTv0qM+nzrjXBHkd6GfEgH48qaMWyuWRIKnb615DoZoNrx8vpXVvHX7vzptjK/UDrjz4+O1ccQQD0n1FcwijR30VQfHMeQ8qGuXzqzeZPKTvTenS+Sqeb3LgdF896gfWTUsFlcMVacsAxtJ151Z7Kkktrp9i45LJynwDlSTWo7NXFRGaBmZoJjWI0E/OkK2/3+/GtDYtKuHyZe+4DFuY1JUeG8+dRTrleBdXtWOvdjLFQ8a6A0w4RYhLlw659B4ATPqT8qz6OwQM3xPKef60w/1r/atIgbMGGbSAVVpjr3udaKjK2+HRypTlSj4Q2t3AFC9KxWC4HfTHNea2QhdjmzLsRppM1orznMx11YkctJ0qtsQZit2KcnwujJNc2NFau5qqQaVU81ok2lwIi27fAB/wAVm/bCmd8Eg0jyNWKc53yXRSobu4UEkwKVYniTGQggfiO/pyqdn2joC6ENJkHYdIHOhMS0ciPPQVo1GWadLhGnSYcTW6TTfsBXyTqza+NCvdjarHJc939B61S9uPE/KsDmrOvFpLgrLmuZz1/f5VxjXvpUcx1IqckGZom1eJHw+FVH9/vmaiNNOVJKpFsWHZ4XehnvQCZjr0rgJO5/fWs1j8eXeF90HQdY5+NPp9O8j+DJq9UsMflj9SznTRevI+XWr1sAUPgMYHADAq+kgiAfLrTFF1pc8XB1VIpwZ1NW3bIpgySAN9KNucPVFXQuzE+QjpU8MYBPMn5UZj8IxwwuAnN3j/TP+KfSJTl7tch1mTZiteXQmxbjL33E7BR1nn0pXi8SHAUaKPn0ml+JuGZ61dgbDXXS2pUM7BRmMLmJgSeWunxrqRxJPczhTySk+WOuyrA+1TwVh8DBpo9rWjuzHZm5YW7fxC5DlNtUkFmJYd4wdBpp13p5heAZjmYwPwxr5eFczV6eWTL+hHT0moWLH+roz+AwRdxp3Rqf0+NPHtUecOBoogDkKiLNX4tGoRpu2ZtRq3llfSXRzCWhGux0NE27SrOUaH6VUHgaCpC4ela444pp+xkcmyb2QwpPetSylWnI8NlggxoVbodQYpvnPSvnxusvE3AYgO4zAGA3dG4G9Rwju3Lgm51TPoC1C+YG1et1OabsUHSzoSd6V5KetsaA9kKT00NuYGTFVXbat7wmsja7cITD2yB1UzWsR8wBGxE+tapRtciKTT4K/sFvbLpQWK4OG1Vo86aA0k45x5bQyqQX6bx51mnhxNcoujnyR5TYoxFnIxXeDFVTUbOKe4mZwJk69fMcjXJrk5I7ZNHb0+XfFSJE1Bda8xqVlKXwbkyniuLFu3H3rgZAP4I7x+cVnMPfUMIHKKs41iM90xqF7ix4bx5mailgoe8sN06f5rsabFtgl5PN6zN6mRvx0gtsWYA2MR1j/NO+D4sugDGXG/iOR/Ks7EamiuFO3tMw+5r+g8p+lPnwRyRaKMOVwkmjaMoVdTAUanx51snsB8MqjYoB8q+VYvFu57xECYA0FfS+yGJN3DIDuvdPw0qrS6VYbfll2p1Ly0vCPleMtQSOhIrWf/zXs4L7/abg/wBu0wCA6B7g1nxVdPjA5GlPafC5MS6gTJ0HUnYetfYeEYFcPZt2VjuKFPi27H4tNXvhGbtgdm6CxR/uMcs8j+4q038rH5ikN3GE4h2X3CZHw0nyMU5Qh113HPnXMwZJN7b5T4+UbssNj56a/g9ciZGxrgqCgiVPLapCuhF7lZjkqZKK6KjXRTCnZr55iz/8of50/tr6FXzziOnFP60/tpWE3oqdQFTNRAZ1VnShvYmirLgGTVX+o2+tWKqAfnptJ1r61hcWq2UdmCjKNSdPdFfOONcG9hkKuLiXJKsPCJ896DuYh3CoWJRdgTp50XLjglcmp4v2nZ9LJKKJkncjl5VnGuljOsnck6n40NmnyFW4ZQXCkMZ5Lqx8BVX7g5Y74S0o2v3vyoo1zD4JraEuESTARTLAROZvE1zeubqVWQ7GjlUKOrqascOVIRSXbRR4nn4ACooOVabh+HCIDpmOpP5VMGPfP4Ro1Oo9PG67fCFPA+zSWQHeHuddwvl4+NJO0FsLeJ6itbxXiluyJdteSjUn4Vi+L8RS6+bKQOhP6V1ro4FNi12k0zt2ygAAMnVtPQfChLWLCEZSskjYTAq25js2kkmef6Ci5+w8Y+S1MxO1bjsFxdLRa3cIUNqCTp5edYD7Ry09BRdi/byNnQSIIMfpU3S7ojSN/wAZwCvxLCtoVdw08jk748/dra47E5UdjvlOviRAPqawXCuJo1/DIEyqphCWzBgyNOXmCNNKf8bxpEKDAaZ+EH86ozzpD6eG7Ikd4VaD2RzIJA8p2+vrVqMU2PwqPZdw1sqeRY/A60Nh8QGa45aUDmDyygD86xxiklLya88ZPJIae0J1O9SFUBwYjYxVymteN2jFJUyddFQLQJOg61VZxqMucOMsxJ0E7VYIEGvnvGGjig8Tb/MV9CNfN+0LgcRDSIX2cnpBM0GE+hLXarRtJqm/jUQhWdQW2BNRAZc9JMtGXOJoHyEwY0nn5UFmoWiHy/G8aF+yiOkPb91lgBhEMCvI7UpnTzpta4QHW5dDBQkadZ2paqayaLmnz7i3aRHlTy3ivstkKsC/c7xY6lEOigHkx3pJnCmRvv6VRcvEksTJOs0E2xkHYPFFXzNJn3iTqZ8960KGdev0rIISTABMnYCSfhRaYl02cryif1pMuFTXyX4srgzQY/Fi0kz320Uc/P4UqwXHb6KUVzl197WCTJM70tbNqSZ+ZqvWpixrGqRMuV5HyEYjEljmknxJk+tQZRzNXWOH3GjKjtP8Jj1NdvcOvIDNtlA6/rVpUDMNZopbsbD4+FBm03Q0VYsMQNNvpRoMSTX9Zj51ZZusZ0ERr8agMMx2j1p3wDhiTnxLqloHLE952iSoG4Eak1HILQR2Y4NiXZLlsAIjq4djCEqdY5t0MCtRx/H50AXRlJkcxGnoR9KcYHi1m8hWy6kJ3co0gAd0RuF8az/aTCFWzgyG3/m6+RiseVyfDXBo07juV9mg7HTlBPMNPyj6Uv4rcNvNZAgb+JBOb/HwrSdm8MFsIRuV+hNJu1uGGlyYKyD4jffqNSPjVFNws1erFZ1ft/YNhbjm2oDspzSCsbLy7wII3q29xXE29Qi4hTGidy4v9JJDjyI8qG7NYu1fQj76H3Z+7OhpvxfFCxh3dQAVGg8Tt51pxRlFXfBgzZIym3RluP8AadboVAHtrqXDCG00y6eNJOK8ULpat2v+O2gnWCW5mPCu2+LXCrlgudxkzwAcu5n8R5A9KVvbbqseO8edPvVlNoeYHtbibKRmzhRs41Pkd6Qvi3uvcd/ec5jGgnwq3huFa/cKIVzaAZjAgatvVuItqHZFcMV0DLOV43joabdXAaQUna7EqgTOAFEAhe9HmaXPiXdi5cyepO9Mlwi3XCWUzMFkzA1jWOppbiEK5g2jAxljYii3ZKGqcVLhVuCWUQCNSTyMVd/qD/xelKsI2UhpIO9Nf9Rb8XyFVSkrJSMhdxDaqp0ME9NNqFa5lEdYJ+O1eD7+NVBcxnarYpLsridAmd/8VBRzjSimCgBV+JqeGwb3WCIsnzj1q3vkeidnGKiKEUC4JJce8Z5A7ARRXCuHPfJKIWA3M5dT/EfjTnB9ixH+5c73RAIHmTTuz2fRBlW5cC9FMDXyFLfPQaYO3ZWwyDusjRqVbNr8d9aHtJdw2j2VvIuzooziOo50yTgSAa3Lh/rNdTgyiYuXfDv7fKhz4QGW4LiNu8JtvMbrsR5rS/jq/wC23PSpN2cTcO4YDRgQD/mkuM4bfQnMParyYMQR/Tzptz8oWhIbDaH6mJpiyFtFGsag/L60MW5SE8GEfWisLg3ZgQ59aVtvkdHrWFMSUB8v8Vcq+BHLXX67UfbwNxdMwPmK89i6upSRrqKG5liYDbwksChKtyKnn9RWhwnZd3Gd3II10MnrqToOdc7PWs9zvKQVgx1rQ9p8eLVkWlIz3QZjTLbGh9dvWlm21RLVmo4UkWUH8P1JobiVoMIb/wBHSr+FXg+HtsNQyA/qPhUcU+mu3jt8elZ8caVBySuW5HzzE4T7NiFvJIUN3lG2U+98OcUV27xoKW0Gqt3/ADEafDWm3EFBJEDbzB/WvnvFrhDlGJ7ghR0BMgDw1prcU4lUqfKFd++Z1n4VFb5XXX0n5VNF70nQA8uvSqsS6zIETodd/HSmik+wKJf9oDkFQ2YQBAA/9priLbI6Z0KtkVgixGUmAYHPes0HpzgrnuEnUzudoMjyFWONIfaNLvDLkG6qOig90MwUz4czSm5eOYlpLTvM0541xf2vc0CKJHUt51l7l2pGLa5BQUb7MQZov2h6Uuw93XWmeceFK4oFmWDEgzXC23SvTGn7ip4TDm4wUQJ5kwAOZrRXsLwF8LwL33CA6bFjsBvFfR+F8Mt2kAVQTzaNSaRYi7bwtpEUAl/vbiRrM9aEPaZywUtE7RpryoNjdG3CgbCvZqEweLBRc7LmI110qf2xM2Sdf18edTglhNcmohx1oI8UtZ8mcT59dhRugMMY0NiVkEVbcuARJ328apuPrGm06mlc4ryLRnr+GBJBEjoartcJAMo7IegMr6Gm72QxMMoZd1Jgx11qnA3MzEAGF5/velckOmdW1fX76PH4hHzFGYd8T+G2fiarv4xEEkmekEGelAvirlwMQ4tookwRPlJ50LGNHwEsbrl8qkATl2C6kn5VmeLcV9tea5mUZj3Z1hBom+2n1rnD+JoiOiK5NwBSxM84bXl3SaJ+04e4hQJlZZgxoY5ExzpHKnZOmbzsjiM2Dt6yUzof6WP5EUbiH5A/vy5isB2K44LLujwtpzMgSEuDQHTWCND5Cn3aHj1i2V1D3IlFTUx1LDQLUrygPumLu0PGhZuIogyZcDfJEfA8x5Vme08Z1dYKusg/MR6169wq/d/3MjMXY5jlKid4k8wPpQLYe8VDMjlEkA5SQJMnUcpqtyi2RRfQFEiBOYnbkP18qpxlnLl0O2smTP5UbcTNqxy+AHXYaVbbwpuuqqhYuOp0A3YgbU8ZKPI6VCILTThdku2gJjfoBRF7gqW2i5fVYOqhXLAeQrZcL4BZS2TbeSyBkYDMrE6QxGqxRnkVcEtIxuPw7ASRpyO1KnXyr6Pb4YjpD5iwMED3QOZms3xTBYdXKh2gaSokUMeUSTM7g0JamsDqvzozDcHLIXssMomS8KfHx9aH+z1JZFZKMratMxgCi8KCJGWSRUMN+v0qdnnV7kxRgFGZFdFWdgxhfE67VecEmYHKV1ADe8DPu6zt41PjG9ryH1o+37i/v71UyfBEU3eGBB376kndQDp0IO1G27rhUQMrkDRolkFBcV9wfvnTvs371ryf6iqtzaIxJbw7Zpa7dgHUqSRBJ3A2o3FWxbysneLagiM0jrO29Mm9+75j6UHivcH8x+tTe5dk8gK8VJkXEcjOCCDGRm08gKPvBVYSVdSJ7zT9NAR+VaDD+/8A0r/bWSx//Of5x+dK2nKgpBF7iBTRkRyFUF2WRO+jEacjTPBYxGTO8ZyRlERPKNNSDXcN/wBZ/wCn+413hH/Knk/508qoMUexfDrRutneYIOVSVGWJJGbUgAx61n8dhmR8hRQplk1LArylt5j0oztb7482+lbDAe+n/1n+xar3uK3DmZwF6yiKVw6KSurPm5SGZSe6edA4jh7HOiI8LrIBIYR1A1Pwp7jv+L4v/c1OOHfc/mX8qryTcXx7hj5Pn+G4fdcwgG8DNIIbpEaedev4Rs6q1xEWchdnJykanQj0itNx/8A7l7zf6Cs8239Q/vq/cxfIzwnHUtzZvtcuICPcEJEd11hpBO5Bo3/AFjIWSy+dMpyz3RqD6+IpFwn3h5n86HwH/ZH8/5GlcU+SJFtu3Zd0zBmIGrK2UOx91R89ulG8Mssjgz7JSZzhSTMEEZiJjw2mh8F/wBpP5z9TUe0n/Hb+P8Acaj9hqHmP7PLcuW3F5GW73GuOp0IGmqaSZgTGvpRnD7D4YPZtZHyGTNz2ZJH8B0Zj0modnf+uv8A9bfVaccU/wCqn84/vquUmqEsQWsWzAkDLn1hpEdeVRXg6MjFnIcGAFTMrE8hO/nUeIe9++gpxh/+FfIfnRFYoxWFw1lAHLh4170AE7yBoKSe0s/j+dXcV9x/M/Ws/TxjwE//2Q=="
        ],
        "tags": [
            {
                "id": 53321425,
                "name": "<string>"
            },
            {
                "id": 33265123,
                "name": "<string>"
            }
        ],
        "status": "sold"
    },
    {
        "id": 9223372036854624108,
        "category": {
            "id": 0,
            "name": "string"
        },
        "name": "doggie",
        "photoUrls": [
            "string"
        ],
        "tags": [
            {
                "id": 0,
                "name": "string"
            }
        ],
        "status": "available"
    },
    {
        "id": 9223372036854624116,
        "category": {
            "id": 0,
            "name": "string"
        },
        "name": "doggie",
        "photoUrls": [
            "string"
        ],
        "tags": [
            {
                "id": 0,
                "name": "string"
            }
        ],
        "status": "available"
    },
    {
        "id": 9223372036854624117,
        "category": {
            "id": 0,
            "name": "string"
        },
        "name": "doggie",
        "photoUrls": [
            "string"
        ],
        "tags": [
            {
                "id": 0,
                "name": "string"
            }
        ],
        "status": "available"
    },
    {
        "id": 9223372036854624121,
        "category": {
            "id": 0,
            "name": "string"
        },
        "name": "fish",
        "photoUrls": [
            "string"
        ],
        "tags": [
            {
                "id": 0,
                "name": "string"
            }
        ],
        "status": "available"
    },
    {
        "id": 9223372036854624131,
        "category": {
            "id": 0,
            "name": "string"
        },
        "name": "fish",
        "photoUrls": [
            "string"
        ],
        "tags": [
            {
                "id": 0,
                "name": "string"
            }
        ],
        "status": "available"
    },
    {
        "id": 123,
        "category": {
            "id": 0,
            "name": "string"
        },
        "name": "Dogo",
        "photoUrls": [
            "string"
        ],
        "tags": [
            {
                "id": 0,
                "name": "string"
            }
        ],
        "status": "available"
    },
    {
        "id": 9223372036854624143,
        "category": {
            "id": 0,
            "name": "string"
        },
        "name": "doggie",
        "photoUrls": [
            "string"
        ],
        "tags": [
            {
                "id": 0,
                "name": "string"
            }
        ],
        "status": "available"
    },
    {
        "id": 9223372036854624145,
        "category": {
            "id": 0,
            "name": "string"
        },
        "name": "doggie",
        "photoUrls": [
            "string"
        ],
        "tags": [
            {
                "id": 0,
                "name": "string"
            }
        ],
        "status": "available"
    },
    {
        "id": 9223372036854624149,
        "category": {
            "id": 0,
            "name": "string"
        },
        "name": "fish",
        "photoUrls": [
            "string"
        ],
        "tags": [
            {
                "id": 0,
                "name": "string"
            }
        ],
        "status": "available"
    },
    {
        "id": 9223372036854624154,
        "category": {
            "id": 0,
            "name": "string"
        },
        "name": "fish",
        "photoUrls": [
            "string"
        ],
        "tags": [
            {
                "id": 0,
                "name": "string"
            }
        ],
        "status": "available"
    },
    {
        "id": 9223372036854624157,
        "category": {
            "id": 0,
            "name": "string"
        },
        "name": "fish",
        "photoUrls": [
            "string"
        ],
        "tags": [
            {
                "id": 0,
                "name": "string"
            }
        ],
        "status": "available"
    },
    {
        "id": 9223372036854624159,
        "category": {
            "id": 0,
            "name": "string"
        },
        "name": "Puff",
        "photoUrls": [
            "string"
        ],
        "tags": [
            {
                "id": 0,
                "name": "string"
            }
        ],
        "status": "available"
    },
    {
        "id": 9223372036854624162,
        "category": {
            "id": 0,
            "name": "string"
        },
        "name": "doggie",
        "photoUrls": [
            "string"
        ],
        "tags": [
            {
                "id": 0,
                "name": "string"
            }
        ],
        "status": "available"
    },
    {
        "id": 9223372036854624163,
        "category": {
            "id": 0,
            "name": "string"
        },
        "name": "doggie",
        "photoUrls": [
            "string"
        ],
        "tags": [
            {
                "id": 0,
                "name": "string"
            }
        ],
        "status": "available"
    },
    {
        "id": 9223372036854624167,
        "category": {
            "id": 0,
            "name": "string"
        },
        "name": "doggie",
        "photoUrls": [
            "string"
        ],
        "tags": [
            {
                "id": 0,
                "name": "string"
            }
        ],
        "status": "available"
    },
    {
        "id": 9223372036854624173,
        "category": {
            "id": 0,
            "name": "string"
        },
        "name": "fish",
        "photoUrls": [
            "string"
        ],
        "tags": [
            {
                "id": 0,
                "name": "string"
            }
        ],
        "status": "available"
    },
    {
        "id": 9223372036854624174,
        "category": {
            "id": 0,
            "name": "string"
        },
        "name": "doggie",
        "photoUrls": [
            "string"
        ],
        "tags": [
            {
                "id": 0,
                "name": "string"
            }
        ],
        "status": "available"
    },
    {
        "id": 9223372036854624175,
        "category": {
            "id": 0,
            "name": "string"
        },
        "name": "fish",
        "photoUrls": [
            "string"
        ],
        "tags": [
            {
                "id": 0,
                "name": "string"
            }
        ],
        "status": "available"
    },
    {
        "id": 9223372036854624176,
        "category": {
            "id": 0,
            "name": "string"
        },
        "name": "fish",
        "photoUrls": [
            "string"
        ],
        "tags": [
            {
                "id": 0,
                "name": "string"
            }
        ],
        "status": "available"
    },
    {
        "id": 9223372036854624183,
        "category": {
            "id": 0,
            "name": "string"
        },
        "name": "fish",
        "photoUrls": [
            "string"
        ],
        "tags": [
            {
                "id": 0,
                "name": "string"
            }
        ],
        "status": "available"
    },
    {
        "id": 105,
        "category": {
            "id": 1,
            "name": "Кошка"
        },
        "name": "Барсик",
        "photoUrls": [
            "https://gas-kvas.com/grafic/uploads/posts/2023-09/1695931383_gas-kvas-com-p-kartinki-s-kotami-9.jpg"
        ],
        "tags": [
            {
                "id": 1,
                "name": "Пушистый плюх"
            }
        ],
        "status": "available"
    },
    {
        "id": 999111,
        "category": {
            "id": 1,
            "name": "cats"
        },
        "name": "Myawkalka",
        "photoUrls": [
            "string"
        ],
        "tags": [
            {
                "id": 0,
                "name": "string"
            }
        ],
        "status": "available"
    },
    {
        "id": 77177,
        "category": {
            "id": 7,
            "name": "crot"
        },
        "name": "krit",
        "photoUrls": [
            "string"
        ],
        "tags": [
            {
                "id": 0,
                "name": "string"
            }
        ],
        "status": "available"
    },
    {
        "id": 9223372036854624216,
        "category": {
            "id": 0,
            "name": "string"
        },
        "name": "doggie",
        "photoUrls": [
            "string"
        ],
        "tags": [
            {
                "id": 0,
                "name": "string"
            }
        ],
        "status": "available"
    },
    {
        "id": 9223372036854624218,
        "category": {
            "id": 0,
            "name": "string"
        },
        "name": "fish",
        "photoUrls": [
            "string"
        ],
        "tags": [
            {
                "id": 0,
                "name": "string"
            }
        ],
        "status": "available"
    },
    {
        "id": 9223372036854624219,
        "category": {
            "id": 0,
            "name": "string"
        },
        "name": "fish",
        "photoUrls": [
            "string"
        ],
        "tags": [
            {
                "id": 0,
                "name": "string"
            }
        ],
        "status": "available"
    },
    {
        "id": 9223372036854624220,
        "category": {
            "id": 0,
            "name": "string"
        },
        "name": "doggie",
        "photoUrls": [
            "string"
        ],
        "tags": [
            {
                "id": 0,
                "name": "string"
            }
        ],
        "status": "available"
    },
    {
        "id": 9223372036854624221,
        "category": {
            "id": 0,
            "name": "string"
        },
        "name": "Puff",
        "photoUrls": [
            "string"
        ],
        "tags": [
            {
                "id": 0,
                "name": "string"
            }
        ],
        "status": "available"
    },
    {
        "id": 9223372036854624224,
        "category": {
            "id": 0,
            "name": "string"
        },
        "name": "doggie",
        "photoUrls": [
            "string"
        ],
        "tags": [
            {
                "id": 0,
                "name": "string"
            }
        ],
        "status": "available"
    },
    {
        "id": 9223372036854624227,
        "category": {
            "id": 0,
            "name": "string"
        },
        "name": "doggie",
        "photoUrls": [
            "string"
        ],
        "tags": [
            {
                "id": 0,
                "name": "string"
            }
        ],
        "status": "available"
    },
    {
        "id": 9223372036854624228,
        "category": {
            "id": 0,
            "name": "string"
        },
        "name": "doggie",
        "photoUrls": [
            "string"
        ],
        "tags": [
            {
                "id": 0,
                "name": "string"
            }
        ],
        "status": "available"
    },
    {
        "id": 9223372036854624237,
        "category": {
            "id": 0,
            "name": "string"
        },
        "name": "fish",
        "photoUrls": [
            "string"
        ],
        "tags": [
            {
                "id": 0,
                "name": "string"
            }
        ],
        "status": "available"
    }
]
]]></system-out>
  </testcase>
  <testcase name="Pet_Post" classname="apiTests.PetTests" time="1.499">
    <system-out><![CDATA[Request method:	DELETE
Request URI:	https://petstore.swagger.io/v2/pet/66000
Proxy:			<none>
Request params:	<none>
Query params:	<none>
Form params:	<none>
Path params:	<none>
Headers:		Accept=*/*
				Content-Type=application/json
Cookies:		<none>
Multiparts:		<none>
Body:			<none>
HTTP/1.1 404 Not Found
Date: Mon, 01 Apr 2024 16:22:02 GMT
Content-Length: 0
Connection: keep-alive
Access-Control-Allow-Origin: *
Access-Control-Allow-Methods: GET, POST, DELETE, PUT
Access-Control-Allow-Headers: Content-Type, api_key, Authorization
Server: Jetty(9.2.9.v20150224)
Request method:	POST
Request URI:	https://petstore.swagger.io/v2/pet
Proxy:			<none>
Request params:	<none>
Query params:	<none>
Form params:	<none>
Path params:	<none>
Headers:		Accept=*/*
				Content-Type=application/json
Cookies:		<none>
Multiparts:		<none>
Body:
{
    "category": {
        "name": "Test_Pet_Details1000",
        "id": 70446.0
    },
    "name": "Test_Pet1000",
    "id": 78474,
    "status": "available",
    "photoUrls": [
        "Test_Pet_Details1000"
    ],
    "tags": [
        {
            "name": "Test_Pet_Details1000",
            "id": 70446.0
        }
    ]
}
HTTP/1.1 200 OK
Date: Mon, 01 Apr 2024 16:22:04 GMT
Content-Type: application/json
Transfer-Encoding: chunked
Connection: keep-alive
Access-Control-Allow-Origin: *
Access-Control-Allow-Methods: GET, POST, DELETE, PUT
Access-Control-Allow-Headers: Content-Type, api_key, Authorization
Server: Jetty(9.2.9.v20150224)

{
    "id": 78474,
    "category": {
        "id": 70446,
        "name": "Test_Pet_Details1000"
    },
    "name": "Test_Pet1000",
    "photoUrls": [
        "Test_Pet_Details1000"
    ],
    "tags": [
        {
            "id": 70446,
            "name": "Test_Pet_Details1000"
        }
    ],
    "status": "available"
}
{
    "id": 78474,
    "category": {
        "id": 70446,
        "name": "Test_Pet_Details1000"
    },
    "name": "Test_Pet1000",
    "photoUrls": [
        "Test_Pet_Details1000"
    ],
    "tags": [
        {
            "id": 70446,
            "name": "Test_Pet_Details1000"
        }
    ],
    "status": "available"
}
]]></system-out>
  </testcase>
  <testcase name="Pet_Post_Error" classname="apiTests.PetTests" time="1.436">
    <system-out><![CDATA[Request method:	DELETE
Request URI:	https://petstore.swagger.io/v2/pet/66000
Proxy:			<none>
Request params:	<none>
Query params:	<none>
Form params:	<none>
Path params:	<none>
Headers:		Accept=*/*
				Content-Type=application/json
Cookies:		<none>
Multiparts:		<none>
Body:			<none>
HTTP/1.1 404 Not Found
Date: Mon, 01 Apr 2024 16:22:05 GMT
Content-Length: 0
Connection: keep-alive
Access-Control-Allow-Origin: *
Access-Control-Allow-Methods: GET, POST, DELETE, PUT
Access-Control-Allow-Headers: Content-Type, api_key, Authorization
Server: Jetty(9.2.9.v20150224)
Request method:	DELETE
Request URI:	https://petstore.swagger.io/v2/pet/78474
Proxy:			<none>
Request params:	<none>
Query params:	<none>
Form params:	<none>
Path params:	<none>
Headers:		Accept=*/*
				Content-Type=application/json
Cookies:		<none>
Multiparts:		<none>
Body:			<none>
HTTP/1.1 200 OK
Date: Mon, 01 Apr 2024 16:22:07 GMT
Content-Type: application/json
Transfer-Encoding: chunked
Connection: keep-alive
Access-Control-Allow-Origin: *
Access-Control-Allow-Methods: GET, POST, DELETE, PUT
Access-Control-Allow-Headers: Content-Type, api_key, Authorization
Server: Jetty(9.2.9.v20150224)

{
    "code": 200,
    "type": "unknown",
    "message": "78474"
}
Request method:	POST
Request URI:	https://petstore.swagger.io/v2/pet
Proxy:			<none>
Request params:	<none>
Query params:	<none>
Form params:	<none>
Path params:	<none>
Headers:		Accept=*/*
				Content-Type=application/json
Cookies:		<none>
Multiparts:		<none>
Body:
HTTP/1.1 405 Method Not Allowed
Date: Mon, 01 Apr 2024 16:22:08 GMT
Content-Type: application/json
Transfer-Encoding: chunked
Connection: keep-alive
Access-Control-Allow-Origin: *
Access-Control-Allow-Methods: GET, POST, DELETE, PUT
Access-Control-Allow-Headers: Content-Type, api_key, Authorization
Server: Jetty(9.2.9.v20150224)

{
    "code": 405,
    "type": "unknown",
    "message": "no data"
}
{
    "code": 405,
    "type": "unknown",
    "message": "no data"
}
]]></system-out>
  </testcase>
  <testcase name="Pet_Post_Image" classname="apiTests.PetTests" time="3.911">
    <system-out><![CDATA[Request method:	DELETE
Request URI:	https://petstore.swagger.io/v2/pet/66000
Proxy:			<none>
Request params:	<none>
Query params:	<none>
Form params:	<none>
Path params:	<none>
Headers:		Accept=*/*
				Content-Type=application/json
Cookies:		<none>
Multiparts:		<none>
Body:			<none>
HTTP/1.1 404 Not Found
Date: Mon, 01 Apr 2024 16:22:09 GMT
Content-Length: 0
Connection: keep-alive
Access-Control-Allow-Origin: *
Access-Control-Allow-Methods: GET, POST, DELETE, PUT
Access-Control-Allow-Headers: Content-Type, api_key, Authorization
Server: Jetty(9.2.9.v20150224)
Request method:	DELETE
Request URI:	https://petstore.swagger.io/v2/pet/78474
Proxy:			<none>
Request params:	<none>
Query params:	<none>
Form params:	<none>
Path params:	<none>
Headers:		Accept=*/*
				Content-Type=application/json
Cookies:		<none>
Multiparts:		<none>
Body:			<none>
HTTP/1.1 404 Not Found
Date: Mon, 01 Apr 2024 16:22:11 GMT
Content-Length: 0
Connection: keep-alive
Access-Control-Allow-Origin: *
Access-Control-Allow-Methods: GET, POST, DELETE, PUT
Access-Control-Allow-Headers: Content-Type, api_key, Authorization
Server: Jetty(9.2.9.v20150224)
Request method:	POST
Request URI:	https://petstore.swagger.io/v2/pet
Proxy:			<none>
Request params:	<none>
Query params:	<none>
Form params:	<none>
Path params:	<none>
Headers:		Accept=*/*
				Content-Type=application/json
Cookies:		<none>
Multiparts:		<none>
Body:
{
    "category": {
        "name": "Test_Pet_Details1000",
        "id": 81866.0
    },
    "name": "Test_Pet1000",
    "id": 84721,
    "status": "available",
    "photoUrls": [
        "Test_Pet_Details1000"
    ],
    "tags": [
        {
            "name": "Test_Pet_Details1000",
            "id": 81866.0
        }
    ]
}
HTTP/1.1 200 OK
Date: Mon, 01 Apr 2024 16:22:13 GMT
Content-Type: application/json
Transfer-Encoding: chunked
Connection: keep-alive
Access-Control-Allow-Origin: *
Access-Control-Allow-Methods: GET, POST, DELETE, PUT
Access-Control-Allow-Headers: Content-Type, api_key, Authorization
Server: Jetty(9.2.9.v20150224)

{
    "id": 84721,
    "category": {
        "id": 81866,
        "name": "Test_Pet_Details1000"
    },
    "name": "Test_Pet1000",
    "photoUrls": [
        "Test_Pet_Details1000"
    ],
    "tags": [
        {
            "id": 81866,
            "name": "Test_Pet_Details1000"
        }
    ],
    "status": "available"
}
{
    "id": 84721,
    "category": {
        "id": 81866,
        "name": "Test_Pet_Details1000"
    },
    "name": "Test_Pet1000",
    "photoUrls": [
        "Test_Pet_Details1000"
    ],
    "tags": [
        {
            "id": 81866,
            "name": "Test_Pet_Details1000"
        }
    ],
    "status": "available"
}
Request method:	POST
Request URI:	https://petstore.swagger.io/v2/pet/84721/uploadImage
Proxy:			<none>
Request params:	additionalMetadata=UploadImage
Query params:	<none>
Form params:	<none>
Path params:	<none>
Headers:		Accept=*/*
				Content-Type=multipart/form-data
Cookies:		<none>
Multiparts:		------------
				Content-Disposition: form-data; name = file; filename = Dog.jpeg
				Content-Type: application/octet-stream

				C:\Harish-Automation\cbaAPIAssesment\Images\Dog.jpeg
Body:			<none>
HTTP/1.1 200 OK
Date: Mon, 01 Apr 2024 16:22:15 GMT
Content-Type: application/json
Transfer-Encoding: chunked
Connection: keep-alive
Access-Control-Allow-Origin: *
Access-Control-Allow-Methods: GET, POST, DELETE, PUT
Access-Control-Allow-Headers: Content-Type, api_key, Authorization
Server: Jetty(9.2.9.v20150224)

{
    "code": 200,
    "type": "unknown",
    "message": "additionalMetadata: UploadImage\nFile uploaded to ./Dog.jpeg, 169260 bytes"
}
{
    "code": 200,
    "type": "unknown",
    "message": "additionalMetadata: UploadImage\nFile uploaded to ./Dog.jpeg, 169260 bytes"
}
]]></system-out>
  </testcase>
  <testcase name="Pet_Post_Update" classname="apiTests.PetTests" time="4.53">
    <system-out><![CDATA[Request method:	DELETE
Request URI:	https://petstore.swagger.io/v2/pet/66000
Proxy:			<none>
Request params:	<none>
Query params:	<none>
Form params:	<none>
Path params:	<none>
Headers:		Accept=*/*
				Content-Type=application/json
Cookies:		<none>
Multiparts:		<none>
Body:			<none>
HTTP/1.1 404 Not Found
Date: Mon, 01 Apr 2024 16:22:16 GMT
Content-Length: 0
Connection: keep-alive
Access-Control-Allow-Origin: *
Access-Control-Allow-Methods: GET, POST, DELETE, PUT
Access-Control-Allow-Headers: Content-Type, api_key, Authorization
Server: Jetty(9.2.9.v20150224)
Request method:	DELETE
Request URI:	https://petstore.swagger.io/v2/pet/78474
Proxy:			<none>
Request params:	<none>
Query params:	<none>
Form params:	<none>
Path params:	<none>
Headers:		Accept=*/*
				Content-Type=application/json
Cookies:		<none>
Multiparts:		<none>
Body:			<none>
HTTP/1.1 404 Not Found
Date: Mon, 01 Apr 2024 16:22:18 GMT
Content-Length: 0
Connection: keep-alive
Access-Control-Allow-Origin: *
Access-Control-Allow-Methods: GET, POST, DELETE, PUT
Access-Control-Allow-Headers: Content-Type, api_key, Authorization
Server: Jetty(9.2.9.v20150224)
Request method:	DELETE
Request URI:	https://petstore.swagger.io/v2/pet/84721
Proxy:			<none>
Request params:	<none>
Query params:	<none>
Form params:	<none>
Path params:	<none>
Headers:		Accept=*/*
				Content-Type=application/json
Cookies:		<none>
Multiparts:		<none>
Body:			<none>
HTTP/1.1 200 OK
Date: Mon, 01 Apr 2024 16:22:19 GMT
Content-Type: application/json
Transfer-Encoding: chunked
Connection: keep-alive
Access-Control-Allow-Origin: *
Access-Control-Allow-Methods: GET, POST, DELETE, PUT
Access-Control-Allow-Headers: Content-Type, api_key, Authorization
Server: Jetty(9.2.9.v20150224)

{
    "code": 200,
    "type": "unknown",
    "message": "84721"
}
Request method:	POST
Request URI:	https://petstore.swagger.io/v2/pet
Proxy:			<none>
Request params:	<none>
Query params:	<none>
Form params:	<none>
Path params:	<none>
Headers:		Accept=*/*
				Content-Type=application/json
Cookies:		<none>
Multiparts:		<none>
Body:
{
    "category": {
        "name": "Test_Pet_Details1000",
        "id": 90365.0
    },
    "name": "Test_Pet1000",
    "id": 63016,
    "status": "available",
    "photoUrls": [
        "Test_Pet_Details1000"
    ],
    "tags": [
        {
            "name": "Test_Pet_Details1000",
            "id": 90365.0
        }
    ]
}
HTTP/1.1 200 OK
Date: Mon, 01 Apr 2024 16:22:21 GMT
Content-Type: application/json
Transfer-Encoding: chunked
Connection: keep-alive
Access-Control-Allow-Origin: *
Access-Control-Allow-Methods: GET, POST, DELETE, PUT
Access-Control-Allow-Headers: Content-Type, api_key, Authorization
Server: Jetty(9.2.9.v20150224)

{
    "id": 63016,
    "category": {
        "id": 90365,
        "name": "Test_Pet_Details1000"
    },
    "name": "Test_Pet1000",
    "photoUrls": [
        "Test_Pet_Details1000"
    ],
    "tags": [
        {
            "id": 90365,
            "name": "Test_Pet_Details1000"
        }
    ],
    "status": "available"
}
{
    "id": 63016,
    "category": {
        "id": 90365,
        "name": "Test_Pet_Details1000"
    },
    "name": "Test_Pet1000",
    "photoUrls": [
        "Test_Pet_Details1000"
    ],
    "tags": [
        {
            "id": 90365,
            "name": "Test_Pet_Details1000"
        }
    ],
    "status": "available"
}
Request method:	POST
Request URI:	https://petstore.swagger.io/v2/pet/63016
Proxy:			<none>
Request params:	<none>
Query params:	<none>
Form params:	name=UpdatedName
				status=UpdatedStatus
Path params:	<none>
Headers:		Accept=*/*
				Content-Type=application/x-www-form-urlencoded; charset=ISO-8859-1
Cookies:		<none>
Multiparts:		<none>
Body:			<none>
HTTP/1.1 200 OK
Date: Mon, 01 Apr 2024 16:22:22 GMT
Content-Type: application/json
Transfer-Encoding: chunked
Connection: keep-alive
Access-Control-Allow-Origin: *
Access-Control-Allow-Methods: GET, POST, DELETE, PUT
Access-Control-Allow-Headers: Content-Type, api_key, Authorization
Server: Jetty(9.2.9.v20150224)

{
    "code": 200,
    "type": "unknown",
    "message": "63016"
}
{
    "code": 200,
    "type": "unknown",
    "message": "63016"
}
Request method:	GET
Request URI:	https://petstore.swagger.io/v2/pet/63016
Proxy:			<none>
Request params:	<none>
Query params:	<none>
Form params:	<none>
Path params:	<none>
Headers:		Accept=*/*
				Content-Type=application/json
Cookies:		<none>
Multiparts:		<none>
Body:			<none>
HTTP/1.1 200 OK
Date: Mon, 01 Apr 2024 16:22:24 GMT
Content-Type: application/json
Transfer-Encoding: chunked
Connection: keep-alive
Access-Control-Allow-Origin: *
Access-Control-Allow-Methods: GET, POST, DELETE, PUT
Access-Control-Allow-Headers: Content-Type, api_key, Authorization
Server: Jetty(9.2.9.v20150224)

{
    "id": 63016,
    "category": {
        "id": 90365,
        "name": "Test_Pet_Details1000"
    },
    "name": "UpdatedName",
    "photoUrls": [
        "Test_Pet_Details1000"
    ],
    "tags": [
        {
            "id": 90365,
            "name": "Test_Pet_Details1000"
        }
    ],
    "status": "UpdatedStatus"
}
{
    "id": 63016,
    "category": {
        "id": 90365,
        "name": "Test_Pet_Details1000"
    },
    "name": "UpdatedName",
    "photoUrls": [
        "Test_Pet_Details1000"
    ],
    "tags": [
        {
            "id": 90365,
            "name": "Test_Pet_Details1000"
        }
    ],
    "status": "UpdatedStatus"
}
]]></system-out>
  </testcase>
  <testcase name="Pet_Put" classname="apiTests.PetTests" time="3.078">
    <system-out><![CDATA[Request method:	DELETE
Request URI:	https://petstore.swagger.io/v2/pet/66000
Proxy:			<none>
Request params:	<none>
Query params:	<none>
Form params:	<none>
Path params:	<none>
Headers:		Accept=*/*
				Content-Type=application/json
Cookies:		<none>
Multiparts:		<none>
Body:			<none>
HTTP/1.1 404 Not Found
Date: Mon, 01 Apr 2024 16:22:25 GMT
Content-Length: 0
Connection: keep-alive
Access-Control-Allow-Origin: *
Access-Control-Allow-Methods: GET, POST, DELETE, PUT
Access-Control-Allow-Headers: Content-Type, api_key, Authorization
Server: Jetty(9.2.9.v20150224)
Request method:	DELETE
Request URI:	https://petstore.swagger.io/v2/pet/78474
Proxy:			<none>
Request params:	<none>
Query params:	<none>
Form params:	<none>
Path params:	<none>
Headers:		Accept=*/*
				Content-Type=application/json
Cookies:		<none>
Multiparts:		<none>
Body:			<none>
HTTP/1.1 404 Not Found
Date: Mon, 01 Apr 2024 16:22:26 GMT
Content-Length: 0
Connection: keep-alive
Access-Control-Allow-Origin: *
Access-Control-Allow-Methods: GET, POST, DELETE, PUT
Access-Control-Allow-Headers: Content-Type, api_key, Authorization
Server: Jetty(9.2.9.v20150224)
Request method:	DELETE
Request URI:	https://petstore.swagger.io/v2/pet/84721
Proxy:			<none>
Request params:	<none>
Query params:	<none>
Form params:	<none>
Path params:	<none>
Headers:		Accept=*/*
				Content-Type=application/json
Cookies:		<none>
Multiparts:		<none>
Body:			<none>
HTTP/1.1 404 Not Found
Date: Mon, 01 Apr 2024 16:22:28 GMT
Content-Length: 0
Connection: keep-alive
Access-Control-Allow-Origin: *
Access-Control-Allow-Methods: GET, POST, DELETE, PUT
Access-Control-Allow-Headers: Content-Type, api_key, Authorization
Server: Jetty(9.2.9.v20150224)
Request method:	POST
Request URI:	https://petstore.swagger.io/v2/pet
Proxy:			<none>
Request params:	<none>
Query params:	<none>
Form params:	<none>
Path params:	<none>
Headers:		Accept=*/*
				Content-Type=application/json
Cookies:		<none>
Multiparts:		<none>
Body:
{
    "category": {
        "name": "Test_Pet_Details1000",
        "id": 75612.0
    },
    "name": "Test_Pet1000",
    "id": 54906,
    "status": "available",
    "photoUrls": [
        "Test_Pet_Details1000"
    ],
    "tags": [
        {
            "name": "Test_Pet_Details1000",
            "id": 75612.0
        }
    ]
}
HTTP/1.1 200 OK
Date: Mon, 01 Apr 2024 16:22:30 GMT
Content-Type: application/json
Transfer-Encoding: chunked
Connection: keep-alive
Access-Control-Allow-Origin: *
Access-Control-Allow-Methods: GET, POST, DELETE, PUT
Access-Control-Allow-Headers: Content-Type, api_key, Authorization
Server: Jetty(9.2.9.v20150224)

{
    "id": 54906,
    "category": {
        "id": 75612,
        "name": "Test_Pet_Details1000"
    },
    "name": "Test_Pet1000",
    "photoUrls": [
        "Test_Pet_Details1000"
    ],
    "tags": [
        {
            "id": 75612,
            "name": "Test_Pet_Details1000"
        }
    ],
    "status": "available"
}
{
    "id": 54906,
    "category": {
        "id": 75612,
        "name": "Test_Pet_Details1000"
    },
    "name": "Test_Pet1000",
    "photoUrls": [
        "Test_Pet_Details1000"
    ],
    "tags": [
        {
            "id": 75612,
            "name": "Test_Pet_Details1000"
        }
    ],
    "status": "available"
}
Request method:	PUT
Request URI:	https://petstore.swagger.io/v2/pet
Proxy:			<none>
Request params:	<none>
Query params:	<none>
Form params:	<none>
Path params:	<none>
Headers:		Accept=*/*
				Content-Type=application/json
Cookies:		<none>
Multiparts:		<none>
Body:
{
    "category": {
        "name": "Test_Pet_Details1000",
        "id": 75612.0
    },
    "name": "ChangedName",
    "id": 54906,
    "status": "available",
    "photoUrls": [
        "Test_Pet_Details1000"
    ],
    "tags": [
        {
            "name": "Test_Pet_Details1000",
            "id": 75612.0
        }
    ]
}
HTTP/1.1 200 OK
Date: Mon, 01 Apr 2024 16:22:31 GMT
Content-Type: application/json
Transfer-Encoding: chunked
Connection: keep-alive
Access-Control-Allow-Origin: *
Access-Control-Allow-Methods: GET, POST, DELETE, PUT
Access-Control-Allow-Headers: Content-Type, api_key, Authorization
Server: Jetty(9.2.9.v20150224)

{
    "id": 54906,
    "category": {
        "id": 75612,
        "name": "Test_Pet_Details1000"
    },
    "name": "ChangedName",
    "photoUrls": [
        "Test_Pet_Details1000"
    ],
    "tags": [
        {
            "id": 75612,
            "name": "Test_Pet_Details1000"
        }
    ],
    "status": "available"
}
{
    "id": 54906,
    "category": {
        "id": 75612,
        "name": "Test_Pet_Details1000"
    },
    "name": "ChangedName",
    "photoUrls": [
        "Test_Pet_Details1000"
    ],
    "tags": [
        {
            "id": 75612,
            "name": "Test_Pet_Details1000"
        }
    ],
    "status": "available"
}
]]></system-out>
  </testcase>
</testsuite>