<?xml version="1.0" encoding="UTF-8"?>
<testsuite xmlns:xsi="http://www.w3.org/2001/XMLSchema-instance" xsi:noNamespaceSchemaLocation="https://maven.apache.org/surefire/maven-surefire-plugin/xsd/surefire-test-report-3.0.xsd" version="3.0" name="TestSuite" time="59.706" tests="10" errors="0" skipped="0" failures="0">
  <properties>
    <property name="surefire.suiteXmlFiles" value="testng_regression.xml"/>
    <property name="java.specification.version" value="16"/>
    <property name="sun.cpu.isalist" value="amd64"/>
    <property name="sun.jnu.encoding" value="Cp1252"/>
    <property name="java.class.path" value="C:\Harish-Automation\cbaAPIAssesment\target\test-classes;C:\Harish-Automation\cbaAPIAssesment\target\classes;C:\Users\varsh\.m2\repository\io\rest-assured\rest-assured\5.4.0\rest-assured-5.4.0.jar;C:\Users\varsh\.m2\repository\org\apache\groovy\groovy\4.0.16\groovy-4.0.16.jar;C:\Users\varsh\.m2\repository\org\apache\groovy\groovy-xml\4.0.16\groovy-xml-4.0.16.jar;C:\Users\varsh\.m2\repository\org\apache\httpcomponents\httpclient\4.5.13\httpclient-4.5.13.jar;C:\Users\varsh\.m2\repository\org\apache\httpcomponents\httpcore\4.4.13\httpcore-4.4.13.jar;C:\Users\varsh\.m2\repository\commons-logging\commons-logging\1.2\commons-logging-1.2.jar;C:\Users\varsh\.m2\repository\commons-codec\commons-codec\1.11\commons-codec-1.11.jar;C:\Users\varsh\.m2\repository\org\apache\httpcomponents\httpmime\4.5.13\httpmime-4.5.13.jar;C:\Users\varsh\.m2\repository\org\hamcrest\hamcrest\2.2\hamcrest-2.2.jar;C:\Users\varsh\.m2\repository\org\ccil\cowan\tagsoup\tagsoup\1.2.1\tagsoup-1.2.1.jar;C:\Users\varsh\.m2\repository\io\rest-assured\json-path\5.4.0\json-path-5.4.0.jar;C:\Users\varsh\.m2\repository\org\apache\groovy\groovy-json\4.0.16\groovy-json-4.0.16.jar;C:\Users\varsh\.m2\repository\io\rest-assured\rest-assured-common\5.4.0\rest-assured-common-5.4.0.jar;C:\Users\varsh\.m2\repository\io\rest-assured\xml-path\5.4.0\xml-path-5.4.0.jar;C:\Users\varsh\.m2\repository\org\apache\commons\commons-lang3\3.11\commons-lang3-3.11.jar;C:\Users\varsh\.m2\repository\org\testng\testng\7.9.0\testng-7.9.0.jar;C:\Users\varsh\.m2\repository\org\slf4j\slf4j-api\1.7.36\slf4j-api-1.7.36.jar;C:\Users\varsh\.m2\repository\com\beust\jcommander\1.82\jcommander-1.82.jar;C:\Users\varsh\.m2\repository\org\webjars\jquery\3.7.1\jquery-3.7.1.jar;C:\Users\varsh\.m2\repository\com\aventstack\extentreports\5.1.1\extentreports-5.1.1.jar;C:\Users\varsh\.m2\repository\io\reactivex\rxjava3\rxjava\3.1.6\rxjava-3.1.6.jar;C:\Users\varsh\.m2\repository\org\reactivestreams\reactive-streams\1.0.4\reactive-streams-1.0.4.jar;C:\Users\varsh\.m2\repository\org\freemarker\freemarker\2.3.32\freemarker-2.3.32.jar;C:\Users\varsh\.m2\repository\org\projectlombok\lombok\1.18.26\lombok-1.18.26.jar;C:\Users\varsh\.m2\repository\com\google\code\gson\gson\2.10.1\gson-2.10.1.jar;C:\Users\varsh\.m2\repository\com\fasterxml\jackson\core\jackson-databind\2.15.3\jackson-databind-2.15.3.jar;C:\Users\varsh\.m2\repository\com\fasterxml\jackson\core\jackson-annotations\2.15.3\jackson-annotations-2.15.3.jar;C:\Users\varsh\.m2\repository\com\fasterxml\jackson\core\jackson-core\2.15.3\jackson-core-2.15.3.jar;"/>
    <property name="java.vm.vendor" value="Oracle Corporation"/>
    <property name="sun.arch.data.model" value="64"/>
    <property name="user.variant" value=""/>
    <property name="java.vendor.url" value="https://java.oracle.com/"/>
    <property name="user.timezone" value="Asia/Calcutta"/>
    <property name="os.name" value="Windows 10"/>
    <property name="java.vm.specification.version" value="16"/>
    <property name="sun.java.launcher" value="SUN_STANDARD"/>
    <property name="user.country" value="IN"/>
    <property name="sun.boot.library.path" value="C:\Program Files\Java\jdk-16.0.1\bin"/>
    <property name="sun.java.command" value="C:\Users\varsh\AppData\Local\Temp\surefire588230665122410405\surefirebooter-20240401185645150_3.jar C:\Users\varsh\AppData\Local\Temp\surefire588230665122410405 2024-04-01T18-56-44_973-jvmRun1 surefire-20240401185645150_1tmp surefire_0-20240401185645150_2tmp"/>
    <property name="jdk.debug" value="release"/>
    <property name="surefire.test.class.path" value="C:\Harish-Automation\cbaAPIAssesment\target\test-classes;C:\Harish-Automation\cbaAPIAssesment\target\classes;C:\Users\varsh\.m2\repository\io\rest-assured\rest-assured\5.4.0\rest-assured-5.4.0.jar;C:\Users\varsh\.m2\repository\org\apache\groovy\groovy\4.0.16\groovy-4.0.16.jar;C:\Users\varsh\.m2\repository\org\apache\groovy\groovy-xml\4.0.16\groovy-xml-4.0.16.jar;C:\Users\varsh\.m2\repository\org\apache\httpcomponents\httpclient\4.5.13\httpclient-4.5.13.jar;C:\Users\varsh\.m2\repository\org\apache\httpcomponents\httpcore\4.4.13\httpcore-4.4.13.jar;C:\Users\varsh\.m2\repository\commons-logging\commons-logging\1.2\commons-logging-1.2.jar;C:\Users\varsh\.m2\repository\commons-codec\commons-codec\1.11\commons-codec-1.11.jar;C:\Users\varsh\.m2\repository\org\apache\httpcomponents\httpmime\4.5.13\httpmime-4.5.13.jar;C:\Users\varsh\.m2\repository\org\hamcrest\hamcrest\2.2\hamcrest-2.2.jar;C:\Users\varsh\.m2\repository\org\ccil\cowan\tagsoup\tagsoup\1.2.1\tagsoup-1.2.1.jar;C:\Users\varsh\.m2\repository\io\rest-assured\json-path\5.4.0\json-path-5.4.0.jar;C:\Users\varsh\.m2\repository\org\apache\groovy\groovy-json\4.0.16\groovy-json-4.0.16.jar;C:\Users\varsh\.m2\repository\io\rest-assured\rest-assured-common\5.4.0\rest-assured-common-5.4.0.jar;C:\Users\varsh\.m2\repository\io\rest-assured\xml-path\5.4.0\xml-path-5.4.0.jar;C:\Users\varsh\.m2\repository\org\apache\commons\commons-lang3\3.11\commons-lang3-3.11.jar;C:\Users\varsh\.m2\repository\org\testng\testng\7.9.0\testng-7.9.0.jar;C:\Users\varsh\.m2\repository\org\slf4j\slf4j-api\1.7.36\slf4j-api-1.7.36.jar;C:\Users\varsh\.m2\repository\com\beust\jcommander\1.82\jcommander-1.82.jar;C:\Users\varsh\.m2\repository\org\webjars\jquery\3.7.1\jquery-3.7.1.jar;C:\Users\varsh\.m2\repository\com\aventstack\extentreports\5.1.1\extentreports-5.1.1.jar;C:\Users\varsh\.m2\repository\io\reactivex\rxjava3\rxjava\3.1.6\rxjava-3.1.6.jar;C:\Users\varsh\.m2\repository\org\reactivestreams\reactive-streams\1.0.4\reactive-streams-1.0.4.jar;C:\Users\varsh\.m2\repository\org\freemarker\freemarker\2.3.32\freemarker-2.3.32.jar;C:\Users\varsh\.m2\repository\org\projectlombok\lombok\1.18.26\lombok-1.18.26.jar;C:\Users\varsh\.m2\repository\com\google\code\gson\gson\2.10.1\gson-2.10.1.jar;C:\Users\varsh\.m2\repository\com\fasterxml\jackson\core\jackson-databind\2.15.3\jackson-databind-2.15.3.jar;C:\Users\varsh\.m2\repository\com\fasterxml\jackson\core\jackson-annotations\2.15.3\jackson-annotations-2.15.3.jar;C:\Users\varsh\.m2\repository\com\fasterxml\jackson\core\jackson-core\2.15.3\jackson-core-2.15.3.jar;"/>
    <property name="sun.cpu.endian" value="little"/>
    <property name="user.home" value="C:\Users\varsh"/>
    <property name="user.language" value="en"/>
    <property name="java.specification.vendor" value="Oracle Corporation"/>
    <property name="java.version.date" value="2021-04-20"/>
    <property name="java.home" value="C:\Program Files\Java\jdk-16.0.1"/>
    <property name="file.separator" value="\"/>
    <property name="basedir" value="C:\Harish-Automation\cbaAPIAssesment"/>
    <property name="java.vm.compressedOopsMode" value="32-bit"/>
    <property name="line.separator" value="&#10;"/>
    <property name="java.vm.specification.vendor" value="Oracle Corporation"/>
    <property name="java.specification.name" value="Java Platform API Specification"/>
    <property name="surefire.real.class.path" value="C:\Users\varsh\AppData\Local\Temp\surefire588230665122410405\surefirebooter-20240401185645150_3.jar"/>
    <property name="user.script" value=""/>
    <property name="sun.management.compiler" value="HotSpot 64-Bit Tiered Compilers"/>
    <property name="java.runtime.version" value="16.0.1+9-24"/>
    <property name="user.name" value="varsh"/>
    <property name="path.separator" value=";"/>
    <property name="os.version" value="10.0"/>
    <property name="java.runtime.name" value="Java(TM) SE Runtime Environment"/>
    <property name="file.encoding" value="Cp1252"/>
    <property name="java.vm.name" value="Java HotSpot(TM) 64-Bit Server VM"/>
    <property name="localRepository" value="C:\Users\varsh\.m2\repository"/>
    <property name="java.vendor.url.bug" value="https://bugreport.java.com/bugreport/"/>
    <property name="java.io.tmpdir" value="C:\Users\varsh\AppData\Local\Temp\"/>
    <property name="java.version" value="16.0.1"/>
    <property name="user.dir" value="C:\Harish-Automation\cbaAPIAssesment"/>
    <property name="os.arch" value="amd64"/>
    <property name="java.vm.specification.name" value="Java Virtual Machine Specification"/>
    <property name="sun.os.patch.level" value=""/>
    <property name="java.library.path" value="C:\Program Files\Java\jdk-16.0.1\bin;C:\WINDOWS\Sun\Java\bin;C:\WINDOWS\system32;C:\WINDOWS;C:\Program Files (x86)\Microsoft SDKs\Azure\CLI2\wbin;C:\Program Files\Java\jdk-16.0.1\bin;C:\Program Files\Amazon Corretto\jdk11.0.11_9\bin;C:\WINDOWS\system32;C:\WINDOWS;C:\WINDOWS\System32\Wbem;C:\WINDOWS\System32\WindowsPowerShell\v1.0\;C:\WINDOWS\System32\OpenSSH\;C:\Program Files (x86)\dotnet\;C:\Users\varsh\Desktop\My Documents\Harish_Automation_Installation Files\Maven\apache-maven-3.8.4\bin;C:\Program Files\Git\cmd;C:\Program Files\nodejs\;C:\Users\varsh\AppData\Local\Android\Sdk\platform-tools;C:\Users\varsh\AppData\Local\Android\Sdk\tools;C:\Users\varsh\AppData\Local\Android\Sdk\tools\bin;C:\Program Files\dotnet\;C:\Program Files\PowerShell\7\;C:\Program Files\dotnet\sdk\8.0.101\;C:\Users\varsh\AppData\Local\Programs\Python\Python39\Scripts\;C:\Users\varsh\AppData\Local\Programs\Python\Python39\;C:\Users\varsh\AppData\Local\Microsoft\WindowsApps;;C:\Users\varsh\AppData\Local\Programs\Microsoft VS Code\bin;C:\Users\varsh\AppData\Roaming\npm;C:\Program Files\JetBrains\IntelliJ IDEA Community Edition 2022.1.1\bin;;C:\Users\varsh\.dotnet\tools;."/>
    <property name="java.vm.info" value="mixed mode, sharing"/>
    <property name="java.vendor" value="Oracle Corporation"/>
    <property name="java.vm.version" value="16.0.1+9-24"/>
    <property name="sun.io.unicode.encoding" value="UnicodeLittle"/>
    <property name="java.class.version" value="60.0"/>
  </properties>
  <testcase name="Pet_Delete" classname="apiTests.PetTests" time="5.548">
    <system-out><![CDATA[Request method:	POST
Request URI:	https://petstore.swagger.io/v2/pet
Proxy:			<none>
Request params:	<none>
Query params:	<none>
Form params:	<none>
Path params:	<none>
Headers:		Accept=*/*
				Content-Type=application/json
Cookies:		<none>
Multiparts:		<none>
Body:
{
    "category": {
        "name": "Test_Pet_Details1000",
        "id": 78944.0
    },
    "name": "Test_Pet1000",
    "id": 86065,
    "status": "available",
    "tags": [
        {
            "name": "Test_Pet_Details1000",
            "id": 78944.0
        }
    ],
    "photoUrls": [
        "Test_Pet_Details1000"
    ]
}
HTTP/1.1 200 OK
Date: Mon, 01 Apr 2024 13:26:48 GMT
Content-Type: application/json
Transfer-Encoding: chunked
Connection: keep-alive
Access-Control-Allow-Origin: *
Access-Control-Allow-Methods: GET, POST, DELETE, PUT
Access-Control-Allow-Headers: Content-Type, api_key, Authorization
Server: Jetty(9.2.9.v20150224)

{
    "id": 86065,
    "category": {
        "id": 78944,
        "name": "Test_Pet_Details1000"
    },
    "name": "Test_Pet1000",
    "photoUrls": [
        "Test_Pet_Details1000"
    ],
    "tags": [
        {
            "id": 78944,
            "name": "Test_Pet_Details1000"
        }
    ],
    "status": "available"
}
{
    "id": 86065,
    "category": {
        "id": 78944,
        "name": "Test_Pet_Details1000"
    },
    "name": "Test_Pet1000",
    "photoUrls": [
        "Test_Pet_Details1000"
    ],
    "tags": [
        {
            "id": 78944,
            "name": "Test_Pet_Details1000"
        }
    ],
    "status": "available"
}
Request method:	DELETE
Request URI:	https://petstore.swagger.io/v2/pet/86065
Proxy:			<none>
Request params:	<none>
Query params:	<none>
Form params:	<none>
Path params:	<none>
Headers:		Accept=*/*
				Content-Type=application/json
Cookies:		<none>
Multiparts:		<none>
Body:			<none>
HTTP/1.1 200 OK
Date: Mon, 01 Apr 2024 13:26:50 GMT
Content-Type: application/json
Transfer-Encoding: chunked
Connection: keep-alive
Access-Control-Allow-Origin: *
Access-Control-Allow-Methods: GET, POST, DELETE, PUT
Access-Control-Allow-Headers: Content-Type, api_key, Authorization
Server: Jetty(9.2.9.v20150224)

{
    "code": 200,
    "type": "unknown",
    "message": "86065"
}
{
    "code": 200,
    "type": "unknown",
    "message": "86065"
}
]]></system-out>
    <system-err><![CDATA[SLF4J: Failed to load class "org.slf4j.impl.StaticLoggerBinder".
SLF4J: Defaulting to no-operation (NOP) logger implementation
SLF4J: See http://www.slf4j.org/codes.html#StaticLoggerBinder for further details.
]]></system-err>
  </testcase>
  <testcase name="Pet_Delete_Error" classname="apiTests.PetTests" time="1.604">
    <system-out><![CDATA[Request method:	DELETE
Request URI:	https://petstore.swagger.io/v2/pet/0
Proxy:			<none>
Request params:	<none>
Query params:	<none>
Form params:	<none>
Path params:	<none>
Headers:		Accept=*/*
				Content-Type=application/json
Cookies:		<none>
Multiparts:		<none>
Body:			<none>
HTTP/1.1 404 Not Found
Date: Mon, 01 Apr 2024 13:26:51 GMT
Content-Length: 0
Connection: keep-alive
Access-Control-Allow-Origin: *
Access-Control-Allow-Methods: GET, POST, DELETE, PUT
Access-Control-Allow-Headers: Content-Type, api_key, Authorization
Server: Jetty(9.2.9.v20150224)

]]></system-out>
  </testcase>
  <testcase name="Pet_Get" classname="apiTests.PetTests" time="3.19">
    <system-out><![CDATA[Request method:	POST
Request URI:	https://petstore.swagger.io/v2/pet
Proxy:			<none>
Request params:	<none>
Query params:	<none>
Form params:	<none>
Path params:	<none>
Headers:		Accept=*/*
				Content-Type=application/json
Cookies:		<none>
Multiparts:		<none>
Body:
{
    "category": {
        "name": "Test_Pet_Details1000",
        "id": 59515.0
    },
    "name": "Test_Pet1000",
    "id": 89296,
    "status": "available",
    "tags": [
        {
            "name": "Test_Pet_Details1000",
            "id": 59515.0
        }
    ],
    "photoUrls": [
        "Test_Pet_Details1000"
    ]
}
HTTP/1.1 200 OK
Date: Mon, 01 Apr 2024 13:26:53 GMT
Content-Type: application/json
Transfer-Encoding: chunked
Connection: keep-alive
Access-Control-Allow-Origin: *
Access-Control-Allow-Methods: GET, POST, DELETE, PUT
Access-Control-Allow-Headers: Content-Type, api_key, Authorization
Server: Jetty(9.2.9.v20150224)

{
    "id": 89296,
    "category": {
        "id": 59515,
        "name": "Test_Pet_Details1000"
    },
    "name": "Test_Pet1000",
    "photoUrls": [
        "Test_Pet_Details1000"
    ],
    "tags": [
        {
            "id": 59515,
            "name": "Test_Pet_Details1000"
        }
    ],
    "status": "available"
}
{
    "id": 89296,
    "category": {
        "id": 59515,
        "name": "Test_Pet_Details1000"
    },
    "name": "Test_Pet1000",
    "photoUrls": [
        "Test_Pet_Details1000"
    ],
    "tags": [
        {
            "id": 59515,
            "name": "Test_Pet_Details1000"
        }
    ],
    "status": "available"
}
Request method:	GET
Request URI:	https://petstore.swagger.io/v2/pet/89296
Proxy:			<none>
Request params:	<none>
Query params:	<none>
Form params:	<none>
Path params:	<none>
Headers:		Accept=*/*
				Content-Type=application/json
Cookies:		<none>
Multiparts:		<none>
Body:			<none>
HTTP/1.1 200 OK
Date: Mon, 01 Apr 2024 13:26:54 GMT
Content-Type: application/json
Transfer-Encoding: chunked
Connection: keep-alive
Access-Control-Allow-Origin: *
Access-Control-Allow-Methods: GET, POST, DELETE, PUT
Access-Control-Allow-Headers: Content-Type, api_key, Authorization
Server: Jetty(9.2.9.v20150224)

{
    "id": 89296,
    "category": {
        "id": 59515,
        "name": "Test_Pet_Details1000"
    },
    "name": "Test_Pet1000",
    "photoUrls": [
        "Test_Pet_Details1000"
    ],
    "tags": [
        {
            "id": 59515,
            "name": "Test_Pet_Details1000"
        }
    ],
    "status": "available"
}
{
    "id": 89296,
    "category": {
        "id": 59515,
        "name": "Test_Pet_Details1000"
    },
    "name": "Test_Pet1000",
    "photoUrls": [
        "Test_Pet_Details1000"
    ],
    "tags": [
        {
            "id": 59515,
            "name": "Test_Pet_Details1000"
        }
    ],
    "status": "available"
}
]]></system-out>
  </testcase>
  <testcase name="Pet_Get_Error" classname="apiTests.PetTests" time="1.364">
    <system-out><![CDATA[Request method:	DELETE
Request URI:	https://petstore.swagger.io/v2/pet/89296
Proxy:			<none>
Request params:	<none>
Query params:	<none>
Form params:	<none>
Path params:	<none>
Headers:		Accept=*/*
				Content-Type=application/json
Cookies:		<none>
Multiparts:		<none>
Body:			<none>
HTTP/1.1 200 OK
Date: Mon, 01 Apr 2024 13:26:56 GMT
Content-Type: application/json
Transfer-Encoding: chunked
Connection: keep-alive
Access-Control-Allow-Origin: *
Access-Control-Allow-Methods: GET, POST, DELETE, PUT
Access-Control-Allow-Headers: Content-Type, api_key, Authorization
Server: Jetty(9.2.9.v20150224)

{
    "code": 200,
    "type": "unknown",
    "message": "89296"
}
Request method:	GET
Request URI:	https://petstore.swagger.io/v2/pet/0
Proxy:			<none>
Request params:	<none>
Query params:	<none>
Form params:	<none>
Path params:	<none>
Headers:		Accept=*/*
				Content-Type=application/json
Cookies:		<none>
Multiparts:		<none>
Body:			<none>
HTTP/1.1 404 Not Found
Date: Mon, 01 Apr 2024 13:26:57 GMT
Content-Type: application/json
Transfer-Encoding: chunked
Connection: keep-alive
Access-Control-Allow-Origin: *
Access-Control-Allow-Methods: GET, POST, DELETE, PUT
Access-Control-Allow-Headers: Content-Type, api_key, Authorization
Server: Jetty(9.2.9.v20150224)

{
    "code": 1,
    "type": "error",
    "message": "Pet not found"
}
{
    "code": 1,
    "type": "error",
    "message": "Pet not found"
}
]]></system-out>
  </testcase>
  <testcase name="Pet_Get_Status" classname="apiTests.PetTests" time="8.623">
    <system-out><![CDATA[Request method:	DELETE
Request URI:	https://petstore.swagger.io/v2/pet/89296
Proxy:			<none>
Request params:	<none>
Query params:	<none>
Form params:	<none>
Path params:	<none>
Headers:		Accept=*/*
				Content-Type=application/json
Cookies:		<none>
Multiparts:		<none>
Body:			<none>
HTTP/1.1 404 Not Found
Date: Mon, 01 Apr 2024 13:26:59 GMT
Content-Length: 0
Connection: keep-alive
Access-Control-Allow-Origin: *
Access-Control-Allow-Methods: GET, POST, DELETE, PUT
Access-Control-Allow-Headers: Content-Type, api_key, Authorization
Server: Jetty(9.2.9.v20150224)
Request method:	GET
Request URI:	https://petstore.swagger.io/v2/pet/findByStatus?status=available
Proxy:			<none>
Request params:	<none>
Query params:	status=available
Form params:	<none>
Path params:	<none>
Headers:		Accept=*/*
				Content-Type=application/json
Cookies:		<none>
Multiparts:		<none>
Body:			<none>
HTTP/1.1 200 OK
Date: Mon, 01 Apr 2024 13:27:00 GMT
Content-Type: application/json
Transfer-Encoding: chunked
Connection: keep-alive
Access-Control-Allow-Origin: *
Access-Control-Allow-Methods: GET, POST, DELETE, PUT
Access-Control-Allow-Headers: Content-Type, api_key, Authorization
Server: Jetty(9.2.9.v20150224)

[
    {
        "id": 9223372036854599413,
        "category": {
            "id": 100,
            "name": "Dinosaur"
        },
        "name": "Tyrannosaurus",
        "photoUrls": [
            "http://en.wikipedia.org/wiki/Tyrannosaurus#/media/File:Tyrannosaurus_rex_mmartyniuk.png"
        ],
        "tags": [
            {
                "id": 100,
                "name": "reptile"
            },
            {
                "id": 101,
                "name": "dinosaur"
            }
        ],
        "status": "available"
    },
    {
        "id": 9223372036854599414,
        "category": {
            "id": 100,
            "name": "Dinosaur"
        },
        "name": "Tyrannosaurus",
        "photoUrls": [
            "http://en.wikipedia.org/wiki/Tyrannosaurus#/media/File:Tyrannosaurus_rex_mmartyniuk.png"
        ],
        "tags": [
            {
                "id": 100,
                "name": "reptile"
            },
            {
                "id": 101,
                "name": "dinosaur"
            }
        ],
        "status": "available"
    },
    {
        "id": 9223372036854599415,
        "category": {
            "id": 100,
            "name": "Dinosaur"
        },
        "name": "Tyrannosaurus",
        "photoUrls": [
            "http://en.wikipedia.org/wiki/Tyrannosaurus#/media/File:Tyrannosaurus_rex_mmartyniuk.png"
        ],
        "tags": [
            {
                "id": 100,
                "name": "reptile"
            },
            {
                "id": 101,
                "name": "dinosaur"
            }
        ],
        "status": "available"
    },
    {
        "id": 9223372036854599416,
        "category": {
            "id": 100,
            "name": "Dinosaur"
        },
        "name": "Tyrannosaurus",
        "photoUrls": [
            "http://en.wikipedia.org/wiki/Tyrannosaurus#/media/File:Tyrannosaurus_rex_mmartyniuk.png"
        ],
        "tags": [
            {
                "id": 100,
                "name": "reptile"
            },
            {
                "id": 101,
                "name": "dinosaur"
            }
        ],
        "status": "available"
    },
    {
        "id": 9223372036854599417,
        "category": {
            "id": 100,
            "name": "Dinosaur"
        },
        "name": "Tyrannosaurus",
        "photoUrls": [
            "http://en.wikipedia.org/wiki/Tyrannosaurus#/media/File:Tyrannosaurus_rex_mmartyniuk.png"
        ],
        "tags": [
            {
                "id": 100,
                "name": "reptile"
            },
            {
                "id": 101,
                "name": "dinosaur"
            }
        ],
        "status": "available"
    },
    {
        "id": 9223372036854599418,
        "category": {
            "id": 0,
            "name": "string"
        },
        "name": "fish",
        "photoUrls": [
            "string"
        ],
        "tags": [
            {
                "id": 0,
                "name": "string"
            }
        ],
        "status": "available"
    },
    {
        "id": 9223372036854599419,
        "category": {
            "id": 0,
            "name": "string"
        },
        "name": "doggie",
        "photoUrls": [
            "string"
        ],
        "tags": [
            {
                "id": 0,
                "name": "string"
            }
        ],
        "status": "available"
    },
    {
        "id": 9223372036854599420,
        "category": {
            "id": 100,
            "name": "Dinosaur"
        },
        "name": "Tyrannosaurus",
        "photoUrls": [
            "http://en.wikipedia.org/wiki/Tyrannosaurus#/media/File:Tyrannosaurus_rex_mmartyniuk.png"
        ],
        "tags": [
            {
                "id": 100,
                "name": "reptile"
            },
            {
                "id": 101,
                "name": "dinosaur"
            }
        ],
        "status": "available"
    },
    {
        "id": 9223372036854599421,
        "category": {
            "id": 100,
            "name": "Dinosaur"
        },
        "name": "Tyrannosaurus",
        "photoUrls": [
            "http://en.wikipedia.org/wiki/Tyrannosaurus#/media/File:Tyrannosaurus_rex_mmartyniuk.png"
        ],
        "tags": [
            {
                "id": 100,
                "name": "reptile"
            },
            {
                "id": 101,
                "name": "dinosaur"
            }
        ],
        "status": "available"
    },
    {
        "id": 9223372036854599422,
        "category": {
            "id": 100,
            "name": "Dinosaur"
        },
        "name": "Tyrannosaurus",
        "photoUrls": [
            "http://en.wikipedia.org/wiki/Tyrannosaurus#/media/File:Tyrannosaurus_rex_mmartyniuk.png"
        ],
        "tags": [
            {
                "id": 100,
                "name": "reptile"
            },
            {
                "id": 101,
                "name": "dinosaur"
            }
        ],
        "status": "available"
    },
    {
        "id": 9223372036854599423,
        "category": {
            "id": 100,
            "name": "Dinosaur"
        },
        "name": "Tyrannosaurus",
        "photoUrls": [
            "http://en.wikipedia.org/wiki/Tyrannosaurus#/media/File:Tyrannosaurus_rex_mmartyniuk.png"
        ],
        "tags": [
            {
                "id": 100,
                "name": "reptile"
            },
            {
                "id": 101,
                "name": "dinosaur"
            }
        ],
        "status": "available"
    },
    {
        "id": 9223372036854599433,
        "category": {
            "id": 0,
            "name": "string"
        },
        "name": "doggie",
        "photoUrls": [
            "string"
        ],
        "tags": [
            {
                "id": 0,
                "name": "string"
            }
        ],
        "status": "available"
    },
    {
        "id": 9223372036854599434,
        "category": {
            "id": 100,
            "name": "Dinosaur"
        },
        "name": "Tyrannosaurus",
        "photoUrls": [
            "http://en.wikipedia.org/wiki/Tyrannosaurus#/media/File:Tyrannosaurus_rex_mmartyniuk.png"
        ],
        "tags": [
            {
                "id": 100,
                "name": "reptile"
            },
            {
                "id": 101,
                "name": "dinosaur"
            }
        ],
        "status": "available"
    },
    {
        "id": 9223372036854599435,
        "category": {
            "id": 100,
            "name": "Dinosaur"
        },
        "name": "Tyrannosaurus",
        "photoUrls": [
            "http://en.wikipedia.org/wiki/Tyrannosaurus#/media/File:Tyrannosaurus_rex_mmartyniuk.png"
        ],
        "tags": [
            {
                "id": 100,
                "name": "reptile"
            },
            {
                "id": 101,
                "name": "dinosaur"
            }
        ],
        "status": "available"
    },
    {
        "id": 9223372036854599436,
        "category": {
            "id": 100,
            "name": "Dinosaur"
        },
        "name": "Tyrannosaurus",
        "photoUrls": [
            "http://en.wikipedia.org/wiki/Tyrannosaurus#/media/File:Tyrannosaurus_rex_mmartyniuk.png"
        ],
        "tags": [
            {
                "id": 100,
                "name": "reptile"
            },
            {
                "id": 101,
                "name": "dinosaur"
            }
        ],
        "status": "available"
    },
    {
        "id": 9223372036854599439,
        "category": {
            "id": 100,
            "name": "Dinosaur"
        },
        "name": "Tyrannosaurus",
        "photoUrls": [
            "http://en.wikipedia.org/wiki/Tyrannosaurus#/media/File:Tyrannosaurus_rex_mmartyniuk.png"
        ],
        "tags": [
            {
                "id": 100,
                "name": "reptile"
            },
            {
                "id": 101,
                "name": "dinosaur"
            }
        ],
        "status": "available"
    },
    {
        "id": 9223372036854599442,
        "category": {
            "id": 100,
            "name": "Dinosaur"
        },
        "name": "Tyrannosaurus",
        "photoUrls": [
            "http://en.wikipedia.org/wiki/Tyrannosaurus#/media/File:Tyrannosaurus_rex_mmartyniuk.png"
        ],
        "tags": [
            {
                "id": 100,
                "name": "reptile"
            },
            {
                "id": 101,
                "name": "dinosaur"
            }
        ],
        "status": "available"
    },
    {
        "id": 9223372036854599443,
        "category": {
            "id": 100,
            "name": "Dinosaur"
        },
        "name": "Tyrannosaurus",
        "photoUrls": [
            "http://en.wikipedia.org/wiki/Tyrannosaurus#/media/File:Tyrannosaurus_rex_mmartyniuk.png"
        ],
        "tags": [
            {
                "id": 100,
                "name": "reptile"
            },
            {
                "id": 101,
                "name": "dinosaur"
            }
        ],
        "status": "available"
    },
    {
        "id": 9223372036854599444,
        "category": {
            "id": 0,
            "name": "string"
        },
        "name": "doggie",
        "photoUrls": [
            "string"
        ],
        "tags": [
            {
                "id": 0,
                "name": "string"
            }
        ],
        "status": "available"
    },
    {
        "id": 9223372036854599445,
        "category": {
            "id": 0,
            "name": "string"
        },
        "name": "doggie",
        "photoUrls": [
            "string"
        ],
        "tags": [
            {
                "id": 0,
                "name": "string"
            }
        ],
        "status": "available"
    },
    {
        "id": 9223372036854599446,
        "category": {
            "id": 100,
            "name": "Dinosaur"
        },
        "name": "Tyrannosaurus",
        "photoUrls": [
            "http://en.wikipedia.org/wiki/Tyrannosaurus#/media/File:Tyrannosaurus_rex_mmartyniuk.png"
        ],
        "tags": [
            {
                "id": 100,
                "name": "reptile"
            },
            {
                "id": 101,
                "name": "dinosaur"
            }
        ],
        "status": "available"
    },
    {
        "id": 9223372036854599447,
        "category": {
            "id": 100,
            "name": "Dinosaur"
        },
        "name": "Tyrannosaurus",
        "photoUrls": [
            "http://en.wikipedia.org/wiki/Tyrannosaurus#/media/File:Tyrannosaurus_rex_mmartyniuk.png"
        ],
        "tags": [
            {
                "id": 100,
                "name": "reptile"
            },
            {
                "id": 101,
                "name": "dinosaur"
            }
        ],
        "status": "available"
    },
    {
        "id": 9223372036854599448,
        "category": {
            "id": 100,
            "name": "Dinosaur"
        },
        "name": "Tyrannosaurus",
        "photoUrls": [
            "http://en.wikipedia.org/wiki/Tyrannosaurus#/media/File:Tyrannosaurus_rex_mmartyniuk.png"
        ],
        "tags": [
            {
                "id": 100,
                "name": "reptile"
            },
            {
                "id": 101,
                "name": "dinosaur"
            }
        ],
        "status": "available"
    },
    {
        "id": 9223372036854599449,
        "category": {
            "id": 0,
            "name": "string"
        },
        "name": "fish",
        "photoUrls": [
            "string"
        ],
        "tags": [
            {
                "id": 0,
                "name": "string"
            }
        ],
        "status": "available"
    },
    {
        "id": 9223372036854599450,
        "category": {
            "id": 100,
            "name": "Dinosaur"
        },
        "name": "Tyrannosaurus",
        "photoUrls": [
            "http://en.wikipedia.org/wiki/Tyrannosaurus#/media/File:Tyrannosaurus_rex_mmartyniuk.png"
        ],
        "tags": [
            {
                "id": 100,
                "name": "reptile"
            },
            {
                "id": 101,
                "name": "dinosaur"
            }
        ],
        "status": "available"
    },
    {
        "id": 9223372036854599451,
        "category": {
            "id": 0,
            "name": "string"
        },
        "name": "fish",
        "photoUrls": [
            "string"
        ],
        "tags": [
            {
                "id": 0,
                "name": "string"
            }
        ],
        "status": "available"
    },
    {
        "id": 9223372036854599452,
        "category": {
            "id": 100,
            "name": "Dinosaur"
        },
        "name": "Tyrannosaurus",
        "photoUrls": [
            "http://en.wikipedia.org/wiki/Tyrannosaurus#/media/File:Tyrannosaurus_rex_mmartyniuk.png"
        ],
        "tags": [
            {
                "id": 100,
                "name": "reptile"
            },
            {
                "id": 101,
                "name": "dinosaur"
            }
        ],
        "status": "available"
    },
    {
        "id": 9223372036854599455,
        "category": {
            "id": 0,
            "name": "string"
        },
        "name": "Puff",
        "photoUrls": [
            "string"
        ],
        "tags": [
            {
                "id": 0,
                "name": "string"
            }
        ],
        "status": "available"
    },
    {
        "id": 9223372036854599456,
        "category": {
            "id": 0,
            "name": "string"
        },
        "name": "doggie",
        "photoUrls": [
            "string"
        ],
        "tags": [
            {
                "id": 0,
                "name": "string"
            }
        ],
        "status": "available"
    },
    {
        "id": 9223372036854599457,
        "category": {
            "id": 100,
            "name": "Dinosaur"
        },
        "name": "Tyrannosaurus",
        "photoUrls": [
            "http://en.wikipedia.org/wiki/Tyrannosaurus#/media/File:Tyrannosaurus_rex_mmartyniuk.png"
        ],
        "tags": [
            {
                "id": 100,
                "name": "reptile"
            },
            {
                "id": 101,
                "name": "dinosaur"
            }
        ],
        "status": "available"
    },
    {
        "id": 9223372036854599458,
        "category": {
            "id": 100,
            "name": "Dinosaur"
        },
        "name": "Tyrannosaurus",
        "photoUrls": [
            "http://en.wikipedia.org/wiki/Tyrannosaurus#/media/File:Tyrannosaurus_rex_mmartyniuk.png"
        ],
        "tags": [
            {
                "id": 100,
                "name": "reptile"
            },
            {
                "id": 101,
                "name": "dinosaur"
            }
        ],
        "status": "available"
    },
    {
        "id": 9223372036854599459,
        "category": {
            "id": 100,
            "name": "Dinosaur"
        },
        "name": "Tyrannosaurus",
        "photoUrls": [
            "http://en.wikipedia.org/wiki/Tyrannosaurus#/media/File:Tyrannosaurus_rex_mmartyniuk.png"
        ],
        "tags": [
            {
                "id": 100,
                "name": "reptile"
            },
            {
                "id": 101,
                "name": "dinosaur"
            }
        ],
        "status": "available"
    },
    {
        "id": 9223372036854599460,
        "category": {
            "id": 100,
            "name": "Dinosaur"
        },
        "name": "Tyrannosaurus",
        "photoUrls": [
            "http://en.wikipedia.org/wiki/Tyrannosaurus#/media/File:Tyrannosaurus_rex_mmartyniuk.png"
        ],
        "tags": [
            {
                "id": 100,
                "name": "reptile"
            },
            {
                "id": 101,
                "name": "dinosaur"
            }
        ],
        "status": "available"
    },
    {
        "id": 9223372036854599461,
        "category": {
            "id": 100,
            "name": "Dinosaur"
        },
        "name": "Tyrannosaurus",
        "photoUrls": [
            "http://en.wikipedia.org/wiki/Tyrannosaurus#/media/File:Tyrannosaurus_rex_mmartyniuk.png"
        ],
        "tags": [
            {
                "id": 100,
                "name": "reptile"
            },
            {
                "id": 101,
                "name": "dinosaur"
            }
        ],
        "status": "available"
    },
    {
        "id": 9223372036854599462,
        "category": {
            "id": 100,
            "name": "Dinosaur"
        },
        "name": "Tyrannosaurus",
        "photoUrls": [
            "http://en.wikipedia.org/wiki/Tyrannosaurus#/media/File:Tyrannosaurus_rex_mmartyniuk.png"
        ],
        "tags": [
            {
                "id": 100,
                "name": "reptile"
            },
            {
                "id": 101,
                "name": "dinosaur"
            }
        ],
        "status": "available"
    },
    {
        "id": 9223372036854599463,
        "category": {
            "id": 100,
            "name": "Dinosaur"
        },
        "name": "Tyrannosaurus",
        "photoUrls": [
            "http://en.wikipedia.org/wiki/Tyrannosaurus#/media/File:Tyrannosaurus_rex_mmartyniuk.png"
        ],
        "tags": [
            {
                "id": 100,
                "name": "reptile"
            },
            {
                "id": 101,
                "name": "dinosaur"
            }
        ],
        "status": "available"
    },
    {
        "id": 9223372036854599464,
        "category": {
            "id": 100,
            "name": "Dinosaur"
        },
        "name": "Tyrannosaurus",
        "photoUrls": [
            "http://en.wikipedia.org/wiki/Tyrannosaurus#/media/File:Tyrannosaurus_rex_mmartyniuk.png"
        ],
        "tags": [
            {
                "id": 100,
                "name": "reptile"
            },
            {
                "id": 101,
                "name": "dinosaur"
            }
        ],
        "status": "available"
    },
    {
        "id": 9223372036854599465,
        "category": {
            "id": 100,
            "name": "Dinosaur"
        },
        "name": "Tyrannosaurus",
        "photoUrls": [
            "http://en.wikipedia.org/wiki/Tyrannosaurus#/media/File:Tyrannosaurus_rex_mmartyniuk.png"
        ],
        "tags": [
            {
                "id": 100,
                "name": "reptile"
            },
            {
                "id": 101,
                "name": "dinosaur"
            }
        ],
        "status": "available"
    },
    {
        "id": 9223372036854599466,
        "category": {
            "id": 100,
            "name": "Dinosaur"
        },
        "name": "Tyrannosaurus",
        "photoUrls": [
            "http://en.wikipedia.org/wiki/Tyrannosaurus#/media/File:Tyrannosaurus_rex_mmartyniuk.png"
        ],
        "tags": [
            {
                "id": 100,
                "name": "reptile"
            },
            {
                "id": 101,
                "name": "dinosaur"
            }
        ],
        "status": "available"
    },
    {
        "id": 9223372036854599468,
        "category": {
            "id": 100,
            "name": "Dinosaur"
        },
        "name": "Tyrannosaurus",
        "photoUrls": [
            "http://en.wikipedia.org/wiki/Tyrannosaurus#/media/File:Tyrannosaurus_rex_mmartyniuk.png"
        ],
        "tags": [
            {
                "id": 100,
                "name": "reptile"
            },
            {
                "id": 101,
                "name": "dinosaur"
            }
        ],
        "status": "available"
    },
    {
        "id": 9223372036854599469,
        "category": {
            "id": 100,
            "name": "Dinosaur"
        },
        "name": "Tyrannosaurus",
        "photoUrls": [
            "http://en.wikipedia.org/wiki/Tyrannosaurus#/media/File:Tyrannosaurus_rex_mmartyniuk.png"
        ],
        "tags": [
            {
                "id": 100,
                "name": "reptile"
            },
            {
                "id": 101,
                "name": "dinosaur"
            }
        ],
        "status": "available"
    },
    {
        "id": 9223372036854599470,
        "category": {
            "id": 100,
            "name": "Dinosaur"
        },
        "name": "Tyrannosaurus",
        "photoUrls": [
            "http://en.wikipedia.org/wiki/Tyrannosaurus#/media/File:Tyrannosaurus_rex_mmartyniuk.png"
        ],
        "tags": [
            {
                "id": 100,
                "name": "reptile"
            },
            {
                "id": 101,
                "name": "dinosaur"
            }
        ],
        "status": "available"
    },
    {
        "id": 9223372036854599471,
        "category": {
            "id": 100,
            "name": "Dinosaur"
        },
        "name": "Tyrannosaurus",
        "photoUrls": [
            "http://en.wikipedia.org/wiki/Tyrannosaurus#/media/File:Tyrannosaurus_rex_mmartyniuk.png"
        ],
        "tags": [
            {
                "id": 100,
                "name": "reptile"
            },
            {
                "id": 101,
                "name": "dinosaur"
            }
        ],
        "status": "available"
    },
    {
        "id": 9223372036854599472,
        "category": {
            "id": 100,
            "name": "Dinosaur"
        },
        "name": "Tyrannosaurus",
        "photoUrls": [
            "http://en.wikipedia.org/wiki/Tyrannosaurus#/media/File:Tyrannosaurus_rex_mmartyniuk.png"
        ],
        "tags": [
            {
                "id": 100,
                "name": "reptile"
            },
            {
                "id": 101,
                "name": "dinosaur"
            }
        ],
        "status": "available"
    },
    {
        "id": 9223372036854599473,
        "category": {
            "id": 100,
            "name": "Dinosaur"
        },
        "name": "Tyrannosaurus",
        "photoUrls": [
            "http://en.wikipedia.org/wiki/Tyrannosaurus#/media/File:Tyrannosaurus_rex_mmartyniuk.png"
        ],
        "tags": [
            {
                "id": 100,
                "name": "reptile"
            },
            {
                "id": 101,
                "name": "dinosaur"
            }
        ],
        "status": "available"
    },
    {
        "id": 9223372036854599474,
        "category": {
            "id": 100,
            "name": "Dinosaur"
        },
        "name": "Tyrannosaurus",
        "photoUrls": [
            "http://en.wikipedia.org/wiki/Tyrannosaurus#/media/File:Tyrannosaurus_rex_mmartyniuk.png"
        ],
        "tags": [
            {
                "id": 100,
                "name": "reptile"
            },
            {
                "id": 101,
                "name": "dinosaur"
            }
        ],
        "status": "available"
    },
    {
        "id": 9223372036854599475,
        "category": {
            "id": 100,
            "name": "Dinosaur"
        },
        "name": "Tyrannosaurus",
        "photoUrls": [
            "http://en.wikipedia.org/wiki/Tyrannosaurus#/media/File:Tyrannosaurus_rex_mmartyniuk.png"
        ],
        "tags": [
            {
                "id": 100,
                "name": "reptile"
            },
            {
                "id": 101,
                "name": "dinosaur"
            }
        ],
        "status": "available"
    },
    {
        "id": 9223372036854599476,
        "category": {
            "id": 100,
            "name": "Dinosaur"
        },
        "name": "Tyrannosaurus",
        "photoUrls": [
            "http://en.wikipedia.org/wiki/Tyrannosaurus#/media/File:Tyrannosaurus_rex_mmartyniuk.png"
        ],
        "tags": [
            {
                "id": 100,
                "name": "reptile"
            },
            {
                "id": 101,
                "name": "dinosaur"
            }
        ],
        "status": "available"
    },
    {
        "id": 9223372036854599477,
        "category": {
            "id": 100,
            "name": "Dinosaur"
        },
        "name": "Tyrannosaurus",
        "photoUrls": [
            "http://en.wikipedia.org/wiki/Tyrannosaurus#/media/File:Tyrannosaurus_rex_mmartyniuk.png"
        ],
        "tags": [
            {
                "id": 100,
                "name": "reptile"
            },
            {
                "id": 101,
                "name": "dinosaur"
            }
        ],
        "status": "available"
    },
    {
        "id": 9223372036854599478,
        "category": {
            "id": 100,
            "name": "Dinosaur"
        },
        "name": "Tyrannosaurus",
        "photoUrls": [
            "http://en.wikipedia.org/wiki/Tyrannosaurus#/media/File:Tyrannosaurus_rex_mmartyniuk.png"
        ],
        "tags": [
            {
                "id": 100,
                "name": "reptile"
            },
            {
                "id": 101,
                "name": "dinosaur"
            }
        ],
        "status": "available"
    },
    {
        "id": 9223372036854599479,
        "category": {
            "id": 100,
            "name": "Dinosaur"
        },
        "name": "Tyrannosaurus",
        "photoUrls": [
            "http://en.wikipedia.org/wiki/Tyrannosaurus#/media/File:Tyrannosaurus_rex_mmartyniuk.png"
        ],
        "tags": [
            {
                "id": 100,
                "name": "reptile"
            },
            {
                "id": 101,
                "name": "dinosaur"
            }
        ],
        "status": "available"
    },
    {
        "id": 9223372036854599480,
        "category": {
            "id": 100,
            "name": "Dinosaur"
        },
        "name": "Tyrannosaurus",
        "photoUrls": [
            "http://en.wikipedia.org/wiki/Tyrannosaurus#/media/File:Tyrannosaurus_rex_mmartyniuk.png"
        ],
        "tags": [
            {
                "id": 100,
                "name": "reptile"
            },
            {
                "id": 101,
                "name": "dinosaur"
            }
        ],
        "status": "available"
    },
    {
        "id": 9223372036854599481,
        "category": {
            "id": 100,
            "name": "Dinosaur"
        },
        "name": "Tyrannosaurus",
        "photoUrls": [
            "http://en.wikipedia.org/wiki/Tyrannosaurus#/media/File:Tyrannosaurus_rex_mmartyniuk.png"
        ],
        "tags": [
            {
                "id": 100,
                "name": "reptile"
            },
            {
                "id": 101,
                "name": "dinosaur"
            }
        ],
        "status": "available"
    },
    {
        "id": 9223372036854599482,
        "category": {
            "id": 100,
            "name": "Dinosaur"
        },
        "name": "Tyrannosaurus",
        "photoUrls": [
            "http://en.wikipedia.org/wiki/Tyrannosaurus#/media/File:Tyrannosaurus_rex_mmartyniuk.png"
        ],
        "tags": [
            {
                "id": 100,
                "name": "reptile"
            },
            {
                "id": 101,
                "name": "dinosaur"
            }
        ],
        "status": "available"
    },
    {
        "id": 9223372036854599483,
        "category": {
            "id": 0,
            "name": "string"
        },
        "name": "fish",
        "photoUrls": [
            "string"
        ],
        "tags": [
            {
                "id": 0,
                "name": "string"
            }
        ],
        "status": "available"
    },
    {
        "id": 9223372036854599488,
        "category": {
            "id": 0,
            "name": "string"
        },
        "name": "doggie",
        "photoUrls": [
            "string"
        ],
        "tags": [
            {
                "id": 0,
                "name": "string"
            }
        ],
        "status": "available"
    },
    {
        "id": 9223372036854599491,
        "category": {
            "id": 0,
            "name": "string"
        },
        "name": "fish",
        "photoUrls": [
            "string"
        ],
        "tags": [
            {
                "id": 0,
                "name": "string"
            }
        ],
        "status": "available"
    },
    {
        "id": 9223372036854599492,
        "category": {
            "id": 0,
            "name": "string"
        },
        "name": "fish",
        "photoUrls": [
            "string"
        ],
        "tags": [
            {
                "id": 0,
                "name": "string"
            }
        ],
        "status": "available"
    },
    {
        "id": 9223372036854599493,
        "category": {
            "id": 0,
            "name": "string"
        },
        "name": "fish",
        "photoUrls": [
            "string"
        ],
        "tags": [
            {
                "id": 0,
                "name": "string"
            }
        ],
        "status": "available"
    },
    {
        "id": 9223372036854599494,
        "category": {
            "id": 100,
            "name": "Dinosaur"
        },
        "name": "Tyrannosaurus",
        "photoUrls": [
            "http://en.wikipedia.org/wiki/Tyrannosaurus#/media/File:Tyrannosaurus_rex_mmartyniuk.png"
        ],
        "tags": [
            {
                "id": 100,
                "name": "reptile"
            },
            {
                "id": 101,
                "name": "dinosaur"
            }
        ],
        "status": "available"
    },
    {
        "id": 9223372036854599495,
        "category": {
            "id": 100,
            "name": "Dinosaur"
        },
        "name": "Tyrannosaurus",
        "photoUrls": [
            "http://en.wikipedia.org/wiki/Tyrannosaurus#/media/File:Tyrannosaurus_rex_mmartyniuk.png"
        ],
        "tags": [
            {
                "id": 100,
                "name": "reptile"
            },
            {
                "id": 101,
                "name": "dinosaur"
            }
        ],
        "status": "available"
    },
    {
        "id": 9223372036854599496,
        "category": {
            "id": 100,
            "name": "Dinosaur"
        },
        "name": "Tyrannosaurus",
        "photoUrls": [
            "http://en.wikipedia.org/wiki/Tyrannosaurus#/media/File:Tyrannosaurus_rex_mmartyniuk.png"
        ],
        "tags": [
            {
                "id": 100,
                "name": "reptile"
            },
            {
                "id": 101,
                "name": "dinosaur"
            }
        ],
        "status": "available"
    },
    {
        "id": 9223372036854599497,
        "category": {
            "id": 100,
            "name": "Dinosaur"
        },
        "name": "Tyrannosaurus",
        "photoUrls": [
            "http://en.wikipedia.org/wiki/Tyrannosaurus#/media/File:Tyrannosaurus_rex_mmartyniuk.png"
        ],
        "tags": [
            {
                "id": 100,
                "name": "reptile"
            },
            {
                "id": 101,
                "name": "dinosaur"
            }
        ],
        "status": "available"
    },
    {
        "id": 9223372036854599498,
        "category": {
            "id": 100,
            "name": "Dinosaur"
        },
        "name": "Tyrannosaurus",
        "photoUrls": [
            "http://en.wikipedia.org/wiki/Tyrannosaurus#/media/File:Tyrannosaurus_rex_mmartyniuk.png"
        ],
        "tags": [
            {
                "id": 100,
                "name": "reptile"
            },
            {
                "id": 101,
                "name": "dinosaur"
            }
        ],
        "status": "available"
    },
    {
        "id": 9223372036854599513,
        "category": {
            "id": 100,
            "name": "Dinosaur"
        },
        "name": "Tyrannosaurus",
        "photoUrls": [
            "http://en.wikipedia.org/wiki/Tyrannosaurus#/media/File:Tyrannosaurus_rex_mmartyniuk.png"
        ],
        "tags": [
            {
                "id": 100,
                "name": "reptile"
            },
            {
                "id": 101,
                "name": "dinosaur"
            }
        ],
        "status": "available"
    },
    {
        "id": 9223372036854599514,
        "category": {
            "id": 100,
            "name": "Dinosaur"
        },
        "name": "Tyrannosaurus",
        "photoUrls": [
            "http://en.wikipedia.org/wiki/Tyrannosaurus#/media/File:Tyrannosaurus_rex_mmartyniuk.png"
        ],
        "tags": [
            {
                "id": 100,
                "name": "reptile"
            },
            {
                "id": 101,
                "name": "dinosaur"
            }
        ],
        "status": "available"
    },
    {
        "id": 9223372036854599515,
        "category": {
            "id": 100,
            "name": "Dinosaur"
        },
        "name": "Tyrannosaurus",
        "photoUrls": [
            "http://en.wikipedia.org/wiki/Tyrannosaurus#/media/File:Tyrannosaurus_rex_mmartyniuk.png"
        ],
        "tags": [
            {
                "id": 100,
                "name": "reptile"
            },
            {
                "id": 101,
                "name": "dinosaur"
            }
        ],
        "status": "available"
    },
    {
        "id": 9223372036854599516,
        "category": {
            "id": 100,
            "name": "Dinosaur"
        },
        "name": "Tyrannosaurus",
        "photoUrls": [
            "http://en.wikipedia.org/wiki/Tyrannosaurus#/media/File:Tyrannosaurus_rex_mmartyniuk.png"
        ],
        "tags": [
            {
                "id": 100,
                "name": "reptile"
            },
            {
                "id": 101,
                "name": "dinosaur"
            }
        ],
        "status": "available"
    },
    {
        "id": 9223372036854599521,
        "category": {
            "id": 0,
            "name": "string"
        },
        "name": "doggie",
        "photoUrls": [
            "string"
        ],
        "tags": [
            {
                "id": 0,
                "name": "string"
            }
        ],
        "status": "available"
    },
    {
        "id": 9223372036854599522,
        "category": {
            "id": 100,
            "name": "Dinosaur"
        },
        "name": "Tyrannosaurus",
        "photoUrls": [
            "http://en.wikipedia.org/wiki/Tyrannosaurus#/media/File:Tyrannosaurus_rex_mmartyniuk.png"
        ],
        "tags": [
            {
                "id": 100,
                "name": "reptile"
            },
            {
                "id": 101,
                "name": "dinosaur"
            }
        ],
        "status": "available"
    },
    {
        "id": 9223372036854599523,
        "category": {
            "id": 100,
            "name": "Dinosaur"
        },
        "name": "Tyrannosaurus",
        "photoUrls": [
            "http://en.wikipedia.org/wiki/Tyrannosaurus#/media/File:Tyrannosaurus_rex_mmartyniuk.png"
        ],
        "tags": [
            {
                "id": 100,
                "name": "reptile"
            },
            {
                "id": 101,
                "name": "dinosaur"
            }
        ],
        "status": "available"
    },
    {
        "id": 9223372036854599524,
        "category": {
            "id": 100,
            "name": "Dinosaur"
        },
        "name": "Tyrannosaurus",
        "photoUrls": [
            "http://en.wikipedia.org/wiki/Tyrannosaurus#/media/File:Tyrannosaurus_rex_mmartyniuk.png"
        ],
        "tags": [
            {
                "id": 100,
                "name": "reptile"
            },
            {
                "id": 101,
                "name": "dinosaur"
            }
        ],
        "status": "available"
    },
    {
        "id": 9223372036854599525,
        "category": {
            "id": 100,
            "name": "Dinosaur"
        },
        "name": "Tyrannosaurus",
        "photoUrls": [
            "http://en.wikipedia.org/wiki/Tyrannosaurus#/media/File:Tyrannosaurus_rex_mmartyniuk.png"
        ],
        "tags": [
            {
                "id": 100,
                "name": "reptile"
            },
            {
                "id": 101,
                "name": "dinosaur"
            }
        ],
        "status": "available"
    },
    {
        "id": 9223372036854599526,
        "category": {
            "id": 100,
            "name": "Dinosaur"
        },
        "name": "Tyrannosaurus",
        "photoUrls": [
            "http://en.wikipedia.org/wiki/Tyrannosaurus#/media/File:Tyrannosaurus_rex_mmartyniuk.png"
        ],
        "tags": [
            {
                "id": 100,
                "name": "reptile"
            },
            {
                "id": 101,
                "name": "dinosaur"
            }
        ],
        "status": "available"
    },
    {
        "id": 9223372036854599527,
        "category": {
            "id": 100,
            "name": "Dinosaur"
        },
        "name": "Tyrannosaurus",
        "photoUrls": [
            "http://en.wikipedia.org/wiki/Tyrannosaurus#/media/File:Tyrannosaurus_rex_mmartyniuk.png"
        ],
        "tags": [
            {
                "id": 100,
                "name": "reptile"
            },
            {
                "id": 101,
                "name": "dinosaur"
            }
        ],
        "status": "available"
    },
    {
        "id": 9223372036854599532,
        "category": {
            "id": 100,
            "name": "Dinosaur"
        },
        "name": "Tyrannosaurus",
        "photoUrls": [
            "http://en.wikipedia.org/wiki/Tyrannosaurus#/media/File:Tyrannosaurus_rex_mmartyniuk.png"
        ],
        "tags": [
            {
                "id": 100,
                "name": "reptile"
            },
            {
                "id": 101,
                "name": "dinosaur"
            }
        ],
        "status": "available"
    },
    {
        "id": 9223372036854599533,
        "category": {
            "id": 100,
            "name": "Dinosaur"
        },
        "name": "Tyrannosaurus",
        "photoUrls": [
            "http://en.wikipedia.org/wiki/Tyrannosaurus#/media/File:Tyrannosaurus_rex_mmartyniuk.png"
        ],
        "tags": [
            {
                "id": 100,
                "name": "reptile"
            },
            {
                "id": 101,
                "name": "dinosaur"
            }
        ],
        "status": "available"
    },
    {
        "id": 9223372036854599534,
        "category": {
            "id": 100,
            "name": "Dinosaur"
        },
        "name": "Tyrannosaurus",
        "photoUrls": [
            "http://en.wikipedia.org/wiki/Tyrannosaurus#/media/File:Tyrannosaurus_rex_mmartyniuk.png"
        ],
        "tags": [
            {
                "id": 100,
                "name": "reptile"
            },
            {
                "id": 101,
                "name": "dinosaur"
            }
        ],
        "status": "available"
    },
    {
        "id": 9223372036854599535,
        "category": {
            "id": 100,
            "name": "Dinosaur"
        },
        "name": "Tyrannosaurus",
        "photoUrls": [
            "http://en.wikipedia.org/wiki/Tyrannosaurus#/media/File:Tyrannosaurus_rex_mmartyniuk.png"
        ],
        "tags": [
            {
                "id": 100,
                "name": "reptile"
            },
            {
                "id": 101,
                "name": "dinosaur"
            }
        ],
        "status": "available"
    },
    {
        "id": 9223372036854599537,
        "category": {
            "id": 100,
            "name": "Dinosaur"
        },
        "name": "Tyrannosaurus",
        "photoUrls": [
            "http://en.wikipedia.org/wiki/Tyrannosaurus#/media/File:Tyrannosaurus_rex_mmartyniuk.png"
        ],
        "tags": [
            {
                "id": 100,
                "name": "reptile"
            },
            {
                "id": 101,
                "name": "dinosaur"
            }
        ],
        "status": "available"
    },
    {
        "id": 9223372036854599543,
        "category": {
            "id": 100,
            "name": "Dinosaur"
        },
        "name": "Tyrannosaurus",
        "photoUrls": [
            "http://en.wikipedia.org/wiki/Tyrannosaurus#/media/File:Tyrannosaurus_rex_mmartyniuk.png"
        ],
        "tags": [
            {
                "id": 100,
                "name": "reptile"
            },
            {
                "id": 101,
                "name": "dinosaur"
            }
        ],
        "status": "available"
    },
    {
        "id": 9223372036854599544,
        "category": {
            "id": 100,
            "name": "Dinosaur"
        },
        "name": "Tyrannosaurus",
        "photoUrls": [
            "http://en.wikipedia.org/wiki/Tyrannosaurus#/media/File:Tyrannosaurus_rex_mmartyniuk.png"
        ],
        "tags": [
            {
                "id": 100,
                "name": "reptile"
            },
            {
                "id": 101,
                "name": "dinosaur"
            }
        ],
        "status": "available"
    },
    {
        "id": 9223372036854599545,
        "category": {
            "id": 100,
            "name": "Dinosaur"
        },
        "name": "Tyrannosaurus",
        "photoUrls": [
            "http://en.wikipedia.org/wiki/Tyrannosaurus#/media/File:Tyrannosaurus_rex_mmartyniuk.png"
        ],
        "tags": [
            {
                "id": 100,
                "name": "reptile"
            },
            {
                "id": 101,
                "name": "dinosaur"
            }
        ],
        "status": "available"
    },
    {
        "id": 9223372036854599546,
        "category": {
            "id": 100,
            "name": "Dinosaur"
        },
        "name": "Tyrannosaurus",
        "photoUrls": [
            "http://en.wikipedia.org/wiki/Tyrannosaurus#/media/File:Tyrannosaurus_rex_mmartyniuk.png"
        ],
        "tags": [
            {
                "id": 100,
                "name": "reptile"
            },
            {
                "id": 101,
                "name": "dinosaur"
            }
        ],
        "status": "available"
    },
    {
        "id": 9223372036854599550,
        "category": {
            "id": 100,
            "name": "Dinosaur"
        },
        "name": "Tyrannosaurus",
        "photoUrls": [
            "http://en.wikipedia.org/wiki/Tyrannosaurus#/media/File:Tyrannosaurus_rex_mmartyniuk.png"
        ],
        "tags": [
            {
                "id": 100,
                "name": "reptile"
            },
            {
                "id": 101,
                "name": "dinosaur"
            }
        ],
        "status": "available"
    },
    {
        "id": 9223372036854599551,
        "category": {
            "id": 100,
            "name": "Dinosaur"
        },
        "name": "Tyrannosaurus",
        "photoUrls": [
            "http://en.wikipedia.org/wiki/Tyrannosaurus#/media/File:Tyrannosaurus_rex_mmartyniuk.png"
        ],
        "tags": [
            {
                "id": 100,
                "name": "reptile"
            },
            {
                "id": 101,
                "name": "dinosaur"
            }
        ],
        "status": "available"
    },
    {
        "id": 9223372036854599553,
        "category": {
            "id": 100,
            "name": "Dinosaur"
        },
        "name": "Tyrannosaurus",
        "photoUrls": [
            "http://en.wikipedia.org/wiki/Tyrannosaurus#/media/File:Tyrannosaurus_rex_mmartyniuk.png"
        ],
        "tags": [
            {
                "id": 100,
                "name": "reptile"
            },
            {
                "id": 101,
                "name": "dinosaur"
            }
        ],
        "status": "available"
    },
    {
        "id": 9223372036854599558,
        "category": {
            "id": 100,
            "name": "Dinosaur"
        },
        "name": "Tyrannosaurus",
        "photoUrls": [
            "http://en.wikipedia.org/wiki/Tyrannosaurus#/media/File:Tyrannosaurus_rex_mmartyniuk.png"
        ],
        "tags": [
            {
                "id": 100,
                "name": "reptile"
            },
            {
                "id": 101,
                "name": "dinosaur"
            }
        ],
        "status": "available"
    },
    {
        "id": 9223372036854599559,
        "category": {
            "id": 100,
            "name": "Dinosaur"
        },
        "name": "Tyrannosaurus",
        "photoUrls": [
            "http://en.wikipedia.org/wiki/Tyrannosaurus#/media/File:Tyrannosaurus_rex_mmartyniuk.png"
        ],
        "tags": [
            {
                "id": 100,
                "name": "reptile"
            },
            {
                "id": 101,
                "name": "dinosaur"
            }
        ],
        "status": "available"
    },
    {
        "id": 9223372036854599560,
        "category": {
            "id": 100,
            "name": "Dinosaur"
        },
        "name": "Tyrannosaurus",
        "photoUrls": [
            "http://en.wikipedia.org/wiki/Tyrannosaurus#/media/File:Tyrannosaurus_rex_mmartyniuk.png"
        ],
        "tags": [
            {
                "id": 100,
                "name": "reptile"
            },
            {
                "id": 101,
                "name": "dinosaur"
            }
        ],
        "status": "available"
    },
    {
        "id": 9223372036854599563,
        "category": {
            "id": 0,
            "name": "string"
        },
        "name": "asdasdasd",
        "photoUrls": [
            "string"
        ],
        "tags": [
            {
                "id": 0,
                "name": "string"
            }
        ],
        "status": "available"
    },
    {
        "id": 9223372036854599564,
        "category": {
            "id": 100,
            "name": "Dinosaur"
        },
        "name": "Tyrannosaurus",
        "photoUrls": [
            "http://en.wikipedia.org/wiki/Tyrannosaurus#/media/File:Tyrannosaurus_rex_mmartyniuk.png"
        ],
        "tags": [
            {
                "id": 100,
                "name": "reptile"
            },
            {
                "id": 101,
                "name": "dinosaur"
            }
        ],
        "status": "available"
    },
    {
        "id": 9223372036854599565,
        "category": {
            "id": 100,
            "name": "Dinosaur"
        },
        "name": "Tyrannosaurus",
        "photoUrls": [
            "http://en.wikipedia.org/wiki/Tyrannosaurus#/media/File:Tyrannosaurus_rex_mmartyniuk.png"
        ],
        "tags": [
            {
                "id": 100,
                "name": "reptile"
            },
            {
                "id": 101,
                "name": "dinosaur"
            }
        ],
        "status": "available"
    },
    {
        "id": 9223372036854599566,
        "category": {
            "id": 100,
            "name": "Dinosaur"
        },
        "name": "Tyrannosaurus",
        "photoUrls": [
            "http://en.wikipedia.org/wiki/Tyrannosaurus#/media/File:Tyrannosaurus_rex_mmartyniuk.png"
        ],
        "tags": [
            {
                "id": 100,
                "name": "reptile"
            },
            {
                "id": 101,
                "name": "dinosaur"
            }
        ],
        "status": "available"
    },
    {
        "id": 9223372036854599567,
        "category": {
            "id": 100,
            "name": "Dinosaur"
        },
        "name": "Tyrannosaurus",
        "photoUrls": [
            "http://en.wikipedia.org/wiki/Tyrannosaurus#/media/File:Tyrannosaurus_rex_mmartyniuk.png"
        ],
        "tags": [
            {
                "id": 100,
                "name": "reptile"
            },
            {
                "id": 101,
                "name": "dinosaur"
            }
        ],
        "status": "available"
    },
    {
        "id": 9223372036854599568,
        "category": {
            "id": 100,
            "name": "Dinosaur"
        },
        "name": "Tyrannosaurus",
        "photoUrls": [
            "http://en.wikipedia.org/wiki/Tyrannosaurus#/media/File:Tyrannosaurus_rex_mmartyniuk.png"
        ],
        "tags": [
            {
                "id": 100,
                "name": "reptile"
            },
            {
                "id": 101,
                "name": "dinosaur"
            }
        ],
        "status": "available"
    },
    {
        "id": 9223372036854599572,
        "category": {
            "id": 100,
            "name": "Dinosaur"
        },
        "name": "Tyrannosaurus",
        "photoUrls": [
            "http://en.wikipedia.org/wiki/Tyrannosaurus#/media/File:Tyrannosaurus_rex_mmartyniuk.png"
        ],
        "tags": [
            {
                "id": 100,
                "name": "reptile"
            },
            {
                "id": 101,
                "name": "dinosaur"
            }
        ],
        "status": "available"
    },
    {
        "id": 9223372036854599573,
        "category": {
            "id": 100,
            "name": "Dinosaur"
        },
        "name": "Tyrannosaurus",
        "photoUrls": [
            "http://en.wikipedia.org/wiki/Tyrannosaurus#/media/File:Tyrannosaurus_rex_mmartyniuk.png"
        ],
        "tags": [
            {
                "id": 100,
                "name": "reptile"
            },
            {
                "id": 101,
                "name": "dinosaur"
            }
        ],
        "status": "available"
    },
    {
        "id": 9223372036854599577,
        "category": {
            "id": 0,
            "name": "string"
        },
        "name": "doggie",
        "photoUrls": [
            "string"
        ],
        "tags": [
            {
                "id": 0,
                "name": "string"
            }
        ],
        "status": "available"
    },
    {
        "id": 9223372036854599578,
        "category": {
            "id": 0,
            "name": "string"
        },
        "name": "doggie",
        "photoUrls": [
            "string"
        ],
        "tags": [
            {
                "id": 0,
                "name": "string"
            }
        ],
        "status": "available"
    },
    {
        "id": 9223372036854599579,
        "category": {
            "id": 0,
            "name": "string"
        },
        "name": "fish",
        "photoUrls": [
            "string"
        ],
        "tags": [
            {
                "id": 0,
                "name": "string"
            }
        ],
        "status": "available"
    },
    {
        "id": 9223372036854599582,
        "category": {
            "id": 0,
            "name": "string"
        },
        "name": "fish",
        "photoUrls": [
            "string"
        ],
        "tags": [
            {
                "id": 0,
                "name": "string"
            }
        ],
        "status": "available"
    },
    {
        "id": 9223372036854599583,
        "category": {
            "id": 0,
            "name": "string"
        },
        "name": "Puff",
        "photoUrls": [
            "string"
        ],
        "tags": [
            {
                "id": 0,
                "name": "string"
            }
        ],
        "status": "available"
    },
    {
        "id": 9223372036854599584,
        "category": {
            "id": 0,
            "name": "string"
        },
        "name": "doggie",
        "photoUrls": [
            "string"
        ],
        "tags": [
            {
                "id": 0,
                "name": "string"
            }
        ],
        "status": "available"
    },
    {
        "id": 9223372036854599587,
        "category": {
            "id": 0,
            "name": "string"
        },
        "name": "doggie",
        "photoUrls": [
            "string"
        ],
        "tags": [
            {
                "id": 0,
                "name": "string"
            }
        ],
        "status": "available"
    },
    {
        "id": 99996,
        "name": "doggie_by_ms",
        "photoUrls": [
            "string"
        ],
        "tags": [
            {
                "id": 0,
                "name": "string"
            }
        ],
        "status": "available"
    },
    {
        "id": 9223372036854599589,
        "category": {
            "id": 0,
            "name": "string"
        },
        "name": "fish",
        "photoUrls": [
            "string"
        ],
        "tags": [
            {
                "id": 0,
                "name": "string"
            }
        ],
        "status": "available"
    },
    {
        "id": 9223372036854599592,
        "category": {
            "id": 0,
            "name": "string"
        },
        "name": "fish",
        "photoUrls": [
            "string"
        ],
        "tags": [
            {
                "id": 0,
                "name": "string"
            }
        ],
        "status": "available"
    },
    {
        "id": 9223372036854599611,
        "category": {
            "id": 0,
            "name": "string"
        },
        "name": "fish",
        "photoUrls": [
            "string"
        ],
        "tags": [
            {
                "id": 0,
                "name": "string"
            }
        ],
        "status": "available"
    },
    {
        "id": 9223372036854599633,
        "name": "doggie",
        "photoUrls": [
            "string"
        ],
        "tags": [
            
        ],
        "status": "available"
    },
    {
        "id": 9223372036854599634,
        "category": {
            "id": 0,
            "name": "string"
        },
        "name": "fish",
        "photoUrls": [
            "string"
        ],
        "tags": [
            {
                "id": 0,
                "name": "string"
            }
        ],
        "status": "available"
    },
    {
        "id": 9223372036854599635,
        "category": {
            "id": 0,
            "name": "string"
        },
        "name": "fish",
        "photoUrls": [
            "string"
        ],
        "tags": [
            {
                "id": 0,
                "name": "string"
            }
        ],
        "status": "available"
    },
    {
        "id": 9223372036854599636,
        "category": {
            "id": 0,
            "name": "string"
        },
        "name": "doggie",
        "photoUrls": [
            "string"
        ],
        "tags": [
            {
                "id": 0,
                "name": "string"
            }
        ],
        "status": "available"
    },
    {
        "id": 9223372036854599637,
        "category": {
            "id": 0,
            "name": "string"
        },
        "name": "doggie",
        "photoUrls": [
            "string"
        ],
        "tags": [
            {
                "id": 0,
                "name": "string"
            }
        ],
        "status": "available"
    },
    {
        "id": 9223372036854599638,
        "category": {
            "id": 0,
            "name": "string"
        },
        "name": "doggie",
        "photoUrls": [
            "string"
        ],
        "tags": [
            {
                "id": 0,
                "name": "string"
            }
        ],
        "status": "available"
    },
    {
        "id": 9223372036854599639,
        "category": {
            "id": 0,
            "name": "string"
        },
        "name": "Puff",
        "photoUrls": [
            "string"
        ],
        "tags": [
            {
                "id": 0,
                "name": "string"
            }
        ],
        "status": "available"
    },
    {
        "id": 9223372036854599642,
        "category": {
            "id": 0,
            "name": "string"
        },
        "name": "doggie",
        "photoUrls": [
            "string"
        ],
        "tags": [
            {
                "id": 0,
                "name": "string"
            }
        ],
        "status": "available"
    },
    {
        "id": 9223372036854599645,
        "category": {
            "id": 0,
            "name": "string"
        },
        "name": "doggie",
        "photoUrls": [
            "string"
        ],
        "tags": [
            {
                "id": 0,
                "name": "string"
            }
        ],
        "status": "available"
    },
    {
        "id": 368,
        "category": {
            "id": 1010,
            "name": "string"
        },
        "name": "Jacob Nienow",
        "photoUrls": [
            "string"
        ],
        "tags": [
            {
                "id": 0,
                "name": "string"
            }
        ],
        "status": "available"
    },
    {
        "id": 299,
        "category": {
            "id": 0,
            "name": "Arlo"
        },
        "name": "doggie",
        "photoUrls": [
            "string"
        ],
        "tags": [
            {
                "id": 0,
                "name": "string"
            }
        ],
        "status": "available"
    },
    {
        "id": 333,
        "category": {
            "id": 333,
            "name": "testcategory"
        },
        "name": "ttestdoggie",
        "photoUrls": [
            "string"
        ],
        "tags": [
            {
                "id": 33,
                "name": "testtag"
            }
        ],
        "status": "available"
    },
    {
        "id": 9223372036854599647,
        "category": {
            "id": 0,
            "name": "string"
        },
        "name": "fish",
        "photoUrls": [
            "string"
        ],
        "tags": [
            {
                "id": 0,
                "name": "string"
            }
        ],
        "status": "available"
    },
    {
        "id": 1245,
        "category": {
            "id": 1245,
            "name": "xyz"
        },
        "name": "xyz",
        "photoUrls": [
            "test"
        ],
        "tags": [
            
        ],
        "status": "available"
    },
    {
        "id": 9223372036854599648,
        "category": {
            "id": 0,
            "name": "string"
        },
        "name": "fish",
        "photoUrls": [
            "string"
        ],
        "tags": [
            {
                "id": 0,
                "name": "string"
            }
        ],
        "status": "available"
    },
    {
        "id": 9223372036854599650,
        "category": {
            "id": 0,
            "name": "string"
        },
        "name": "fish",
        "photoUrls": [
            "string"
        ],
        "tags": [
            {
                "id": 0,
                "name": "string"
            }
        ],
        "status": "available"
    },
    {
        "id": 9223372036854599651,
        "category": {
            "id": 0,
            "name": "string"
        },
        "name": "fish",
        "photoUrls": [
            "string"
        ],
        "tags": [
            {
                "id": 0,
                "name": "string"
            }
        ],
        "status": "available"
    },
    {
        "id": 921,
        "category": {
            "id": 1010,
            "name": "string"
        },
        "name": "Jimmie Ledner",
        "photoUrls": [
            "string"
        ],
        "tags": [
            {
                "id": 0,
                "name": "string"
            }
        ],
        "status": "available"
    },
    {
        "id": 9223372036854599663,
        "category": {
            "id": 0,
            "name": "Dove black"
        },
        "name": "Black home",
        "photoUrls": [
            "string"
        ],
        "tags": [
            
        ],
        "status": "available"
    },
    {
        "id": 9223372036854599670,
        "category": {
            "id": 0,
            "name": "Dove black"
        },
        "name": "Black home",
        "photoUrls": [
            "string"
        ],
        "tags": [
            
        ],
        "status": "available"
    },
    {
        "id": 9223372036854599675,
        "name": "Kitty",
        "photoUrls": [
            
        ],
        "tags": [
            
        ],
        "status": "available"
    },
    {
        "id": 9223372036854599723,
        "category": {
            "id": 0,
            "name": "string"
        },
        "name": "doggie",
        "photoUrls": [
            "string"
        ],
        "tags": [
            {
                "id": 0,
                "name": "string"
            }
        ],
        "status": "available"
    },
    {
        "id": 9223372036854599726,
        "category": {
            "id": 0,
            "name": "string"
        },
        "name": "fish",
        "photoUrls": [
            "string"
        ],
        "tags": [
            {
                "id": 0,
                "name": "string"
            }
        ],
        "status": "available"
    },
    {
        "id": 9223372036854599727,
        "category": {
            "id": 0,
            "name": "string"
        },
        "name": "fish",
        "photoUrls": [
            "string"
        ],
        "tags": [
            {
                "id": 0,
                "name": "string"
            }
        ],
        "status": "available"
    },
    {
        "id": 9223372036854599728,
        "category": {
            "id": 0,
            "name": "string"
        },
        "name": "doggie",
        "photoUrls": [
            "string"
        ],
        "tags": [
            {
                "id": 0,
                "name": "string"
            }
        ],
        "status": "available"
    },
    {
        "id": 9223372036854599729,
        "category": {
            "id": 0,
            "name": "string"
        },
        "name": "doggie",
        "photoUrls": [
            "string"
        ],
        "tags": [
            {
                "id": 0,
                "name": "string"
            }
        ],
        "status": "available"
    },
    {
        "id": 9223372036854599731,
        "category": {
            "id": 0,
            "name": "string"
        },
        "name": "doggie",
        "photoUrls": [
            "string"
        ],
        "tags": [
            {
                "id": 0,
                "name": "string"
            }
        ],
        "status": "available"
    },
    {
        "id": 9223372036854599732,
        "category": {
            "id": 0,
            "name": "string"
        },
        "name": "Puff",
        "photoUrls": [
            "string"
        ],
        "tags": [
            {
                "id": 0,
                "name": "string"
            }
        ],
        "status": "available"
    },
    {
        "id": 9223372036854599733,
        "category": {
            "id": 0,
            "name": "string"
        },
        "name": "doggie",
        "photoUrls": [
            "string"
        ],
        "tags": [
            {
                "id": 0,
                "name": "string"
            }
        ],
        "status": "available"
    },
    {
        "id": 9223372036854599739,
        "category": {
            "id": 0,
            "name": "string"
        },
        "name": "doggie",
        "photoUrls": [
            "string"
        ],
        "tags": [
            {
                "id": 0,
                "name": "string"
            }
        ],
        "status": "available"
    },
    {
        "id": 9223372036854599740,
        "category": {
            "id": 0,
            "name": "string"
        },
        "name": "fish",
        "photoUrls": [
            "string"
        ],
        "tags": [
            {
                "id": 0,
                "name": "string"
            }
        ],
        "status": "available"
    },
    {
        "id": 9223372036854599741,
        "category": {
            "id": 0,
            "name": "string"
        },
        "name": "doggie",
        "photoUrls": [
            "string"
        ],
        "tags": [
            {
                "id": 0,
                "name": "string"
            }
        ],
        "status": "available"
    },
    {
        "id": 9223372036854598383,
        "category": {
            "id": 0,
            "name": "string"
        },
        "name": "Roxi",
        "photoUrls": [
            "string"
        ],
        "tags": [
            {
                "id": 0,
                "name": "string"
            }
        ],
        "status": "available"
    },
    {
        "id": 9223372036854599749,
        "category": {
            "id": 0,
            "name": "string"
        },
        "name": "fish",
        "photoUrls": [
            "string"
        ],
        "tags": [
            {
                "id": 0,
                "name": "string"
            }
        ],
        "status": "available"
    },
    {
        "id": 55,
        "category": {
            "id": 0,
            "name": "string"
        },
        "name": "VssAdministrator",
        "photoUrls": [
            "string"
        ],
        "tags": [
            {
                "id": 0,
                "name": "string"
            }
        ],
        "status": "available"
    },
    {
        "id": 9223372036854599756,
        "category": {
            "id": 0,
            "name": "string"
        },
        "name": "doggie",
        "photoUrls": [
            "string"
        ],
        "tags": [
            {
                "id": 0,
                "name": "string"
            }
        ],
        "status": "available"
    },
    {
        "id": 9223372036854599758,
        "category": {
            "id": 0,
            "name": "string"
        },
        "name": "doggie",
        "photoUrls": [
            "string"
        ],
        "tags": [
            {
                "id": 0,
                "name": "string"
            }
        ],
        "status": "available"
    },
    {
        "id": 28032024,
        "category": {
            "id": 28032024,
            "name": "BagaPet"
        },
        "name": "Zhivotnoe",
        "photoUrls": [
            "string"
        ],
        "tags": [
            {
                "id": 28032024,
                "name": "Prismikaushee"
            }
        ],
        "status": "available"
    },
    {
        "id": 9223372036854599767,
        "category": {
            "id": 0,
            "name": "string"
        },
        "name": "fish",
        "photoUrls": [
            "string"
        ],
        "tags": [
            {
                "id": 0,
                "name": "string"
            }
        ],
        "status": "available"
    },
    {
        "id": 40,
        "category": {
            "id": 40,
            "name": "dog"
        },
        "name": "Торик",
        "photoUrls": [
            "string"
        ],
        "tags": [
            {
                "id": 40,
                "name": "toypuddle"
            }
        ],
        "status": "available"
    },
    {
        "id": 9223372036854599770,
        "category": {
            "id": 0,
            "name": "string"
        },
        "name": "doggie",
        "photoUrls": [
            "string"
        ],
        "tags": [
            {
                "id": 0,
                "name": "string"
            }
        ],
        "status": "available"
    },
    {
        "id": 9223372036854599775,
        "category": {
            "id": 0,
            "name": "string"
        },
        "name": "doggie",
        "photoUrls": [
            "string"
        ],
        "tags": [
            {
                "id": 0,
                "name": "string"
            }
        ],
        "status": "available"
    },
    {
        "id": 9223372036854599778,
        "category": {
            "id": 0,
            "name": "string"
        },
        "name": "fish",
        "photoUrls": [
            "string"
        ],
        "tags": [
            {
                "id": 0,
                "name": "string"
            }
        ],
        "status": "available"
    },
    {
        "id": 9223372036854599779,
        "category": {
            "id": 0,
            "name": "string"
        },
        "name": "doggie",
        "photoUrls": [
            "string"
        ],
        "tags": [
            {
                "id": 0,
                "name": "string"
            }
        ],
        "status": "available"
    },
    {
        "id": 9223372036854599780,
        "category": {
            "id": 0,
            "name": "string"
        },
        "name": "doggie",
        "photoUrls": [
            "string"
        ],
        "tags": [
            {
                "id": 0,
                "name": "string"
            }
        ],
        "status": "available"
    },
    {
        "id": 9223372036854599781,
        "category": {
            "id": 0,
            "name": "string"
        },
        "name": "fish",
        "photoUrls": [
            "string"
        ],
        "tags": [
            {
                "id": 0,
                "name": "string"
            }
        ],
        "status": "available"
    },
    {
        "id": 9223372036854599782,
        "category": {
            "id": 0,
            "name": "string"
        },
        "name": "Puff",
        "photoUrls": [
            "string"
        ],
        "tags": [
            {
                "id": 0,
                "name": "string"
            }
        ],
        "status": "available"
    },
    {
        "id": 9223372036854599784,
        "category": {
            "id": 0,
            "name": "string"
        },
        "name": "doggie",
        "photoUrls": [
            "string"
        ],
        "tags": [
            {
                "id": 0,
                "name": "string"
            }
        ],
        "status": "available"
    },
    {
        "id": 987,
        "category": {
            "id": 1010,
            "name": "string"
        },
        "name": "Mathew Homenick",
        "photoUrls": [
            "string"
        ],
        "tags": [
            {
                "id": 0,
                "name": "string"
            }
        ],
        "status": "available"
    },
    {
        "id": 482,
        "category": {
            "id": 1010,
            "name": "string"
        },
        "name": "Lamar Huels",
        "photoUrls": [
            "string"
        ],
        "tags": [
            {
                "id": 0,
                "name": "string"
            }
        ],
        "status": "available"
    },
    {
        "id": 203,
        "category": {
            "id": 203,
            "name": "Humsters"
        },
        "name": "Petrushka",
        "photoUrls": [
            "URL"
        ],
        "tags": [
            {
                "id": 203,
                "name": "black"
            }
        ],
        "status": "available"
    },
    {
        "id": 9223372036854599789,
        "category": {
            "id": 0,
            "name": "string"
        },
        "name": "doggie",
        "photoUrls": [
            "string"
        ],
        "tags": [
            {
                "id": 0,
                "name": "string"
            }
        ],
        "status": "available"
    },
    {
        "id": 9223372036854599791,
        "category": {
            "id": 0,
            "name": "string"
        },
        "name": "fish",
        "photoUrls": [
            "string"
        ],
        "tags": [
            {
                "id": 0,
                "name": "string"
            }
        ],
        "status": "available"
    },
    {
        "id": 9223372036854599792,
        "category": {
            "id": 0,
            "name": "string"
        },
        "name": "fish",
        "photoUrls": [
            "string"
        ],
        "tags": [
            {
                "id": 0,
                "name": "string"
            }
        ],
        "status": "available"
    },
    {
        "id": 9223372036854599793,
        "category": {
            "id": 0,
            "name": "string"
        },
        "name": "fish",
        "photoUrls": [
            "string"
        ],
        "tags": [
            {
                "id": 0,
                "name": "string"
            }
        ],
        "status": "available"
    },
    {
        "id": 9223372036854599794,
        "category": {
            "id": 0,
            "name": "string"
        },
        "name": "fish",
        "photoUrls": [
            "string"
        ],
        "tags": [
            {
                "id": 0,
                "name": "string"
            }
        ],
        "status": "available"
    },
    {
        "id": 402,
        "category": {
            "id": 1010,
            "name": "string"
        },
        "name": "Geoffrey Connelly",
        "photoUrls": [
            "string"
        ],
        "tags": [
            {
                "id": 0,
                "name": "string"
            }
        ],
        "status": "available"
    },
    {
        "id": 351,
        "category": {
            "id": 1010,
            "name": "string"
        },
        "name": "Kerry Nolan",
        "photoUrls": [
            "string"
        ],
        "tags": [
            {
                "id": 0,
                "name": "string"
            }
        ],
        "status": "available"
    },
    {
        "id": 9223372036854599807,
        "category": {
            "id": 0,
            "name": "string"
        },
        "name": "doggie",
        "photoUrls": [
            "string"
        ],
        "tags": [
            {
                "id": 0,
                "name": "string"
            }
        ],
        "status": "available"
    },
    {
        "id": 9223372036854599810,
        "category": {
            "id": 0,
            "name": "string"
        },
        "name": "doggie",
        "photoUrls": [
            "string"
        ],
        "tags": [
            {
                "id": 0,
                "name": "string"
            }
        ],
        "status": "available"
    },
    {
        "id": 9223372036854599813,
        "category": {
            "id": 0,
            "name": "string"
        },
        "name": "doggie",
        "photoUrls": [
            "string"
        ],
        "tags": [
            {
                "id": 0,
                "name": "string"
            }
        ],
        "status": "available"
    },
    {
        "id": 9223372036854598642,
        "category": {
            "id": 0,
            "name": "string"
        },
        "name": "Roxi",
        "photoUrls": [
            "string"
        ],
        "tags": [
            {
                "id": 0,
                "name": "string"
            }
        ],
        "status": "available"
    },
    {
        "id": 9223372036854599829,
        "category": {
            "id": 0,
            "name": "string"
        },
        "name": "doggie",
        "photoUrls": [
            "string"
        ],
        "tags": [
            {
                "id": 0,
                "name": "string"
            }
        ],
        "status": "available"
    },
    {
        "id": 9223372036854599830,
        "category": {
            "id": 0,
            "name": "string"
        },
        "name": "doggie",
        "photoUrls": [
            "string"
        ],
        "tags": [
            {
                "id": 0,
                "name": "string"
            }
        ],
        "status": "available"
    },
    {
        "id": 9223372036854599838,
        "category": {
            "id": 0,
            "name": "string"
        },
        "name": "doggie",
        "photoUrls": [
            "string"
        ],
        "tags": [
            {
                "id": 0,
                "name": "string"
            }
        ],
        "status": "available"
    },
    {
        "id": 9223372036854599839,
        "category": {
            "id": 0,
            "name": "string"
        },
        "name": "doggie",
        "photoUrls": [
            "string"
        ],
        "tags": [
            {
                "id": 0,
                "name": "string"
            }
        ],
        "status": "available"
    },
    {
        "id": 9223372036854599842,
        "category": {
            "id": 0,
            "name": "string"
        },
        "name": "fish",
        "photoUrls": [
            "string"
        ],
        "tags": [
            {
                "id": 0,
                "name": "string"
            }
        ],
        "status": "available"
    },
    {
        "id": 9223372036854599843,
        "category": {
            "id": 0,
            "name": "string"
        },
        "name": "doggie",
        "photoUrls": [
            "string"
        ],
        "tags": [
            {
                "id": 0,
                "name": "string"
            }
        ],
        "status": "available"
    },
    {
        "id": 9223372036854599844,
        "category": {
            "id": 0,
            "name": "string"
        },
        "name": "doggie",
        "photoUrls": [
            "string"
        ],
        "tags": [
            {
                "id": 0,
                "name": "string"
            }
        ],
        "status": "available"
    },
    {
        "id": 9223372036854599850,
        "category": {
            "id": 0,
            "name": "string"
        },
        "name": "Puff",
        "photoUrls": [
            "string"
        ],
        "tags": [
            {
                "id": 0,
                "name": "string"
            }
        ],
        "status": "available"
    },
    {
        "id": 9223372036854599851,
        "category": {
            "id": 0,
            "name": "Pomeranian"
        },
        "name": "Yeontn",
        "photoUrls": [
            "https://www.google.com/url?sa=i&url=https%3A%2F%2Fwikibio.in%2Fyeontan%2F&psig=AOvVaw0UdJeOGlk-jKSOtT-nplW1&ust=1682581409377000&source=images&cd=vfe&ved=0CA4QjRxqFwoTCMCQvJiuyP4CFQAAAAAdAAAAABAI"
        ],
        "tags": [
            {
                "id": 0,
                "name": "Dog"
            }
        ],
        "status": "available"
    },
    {
        "id": 9223372036854599852,
        "name": "Goot Doggie",
        "photoUrls": [
            "https://media.karousell.com/media/photos/products/2017/09/14/doggi_door_stopper_1505372529_5cdd1eba0"
        ],
        "tags": [
            
        ],
        "status": "available"
    },
    {
        "id": 9223372036854599853,
        "category": {
            "id": 0,
            "name": "string"
        },
        "name": "doggie",
        "photoUrls": [
            "string"
        ],
        "tags": [
            {
                "id": 0,
                "name": "string"
            }
        ],
        "status": "available"
    },
    {
        "id": 12345,
        "category": {
            "id": 0,
            "name": "string"
        },
        "name": "blabla",
        "photoUrls": [
            "string"
        ],
        "tags": [
            {
                "id": 0,
                "name": "string"
            }
        ],
        "status": "available"
    },
    {
        "id": 420,
        "category": {
            "id": 42,
            "name": "Chihuahua"
        },
        "name": "PasBre",
        "photoUrls": [
            "string"
        ],
        "tags": [
            {
                "id": 0,
                "name": "string"
            }
        ],
        "status": "available"
    },
    {
        "id": 9223372036854599854,
        "name": "doggie",
        "photoUrls": [
            
        ],
        "tags": [
            
        ],
        "status": "available"
    },
    {
        "id": 9223372036854599855,
        "name": "Goot Doggie",
        "photoUrls": [
            "https://media.karousell.com/media/photos/products/2017/09/14/doggi_door_stopper_1505372529_5cdd1eba0"
        ],
        "tags": [
            
        ],
        "status": "available"
    },
    {
        "id": 9223372036854599856,
        "name": "doggie",
        "photoUrls": [
            
        ],
        "tags": [
            
        ],
        "status": "available"
    },
    {
        "id": 9223372036854599858,
        "name": "Goot Doggie",
        "photoUrls": [
            "https://media.karousell.com/media/photos/products/2017/09/14/doggi_door_stopper_1505372529_5cdd1eba0"
        ],
        "tags": [
            
        ],
        "status": "available"
    },
    {
        "id": 9223372036854599859,
        "category": {
            "id": 0,
            "name": "string"
        },
        "name": "doggie",
        "photoUrls": [
            "string"
        ],
        "tags": [
            {
                "id": 0,
                "name": "string"
            }
        ],
        "status": "available"
    },
    {
        "id": 9223372036854599860,
        "category": {
            "id": 0,
            "name": "string"
        },
        "name": "morce",
        "photoUrls": [
            "string"
        ],
        "tags": [
            {
                "id": 0,
                "name": "string"
            }
        ],
        "status": "available"
    },
    {
        "id": 9223372036854599861,
        "category": {
            "id": 0,
            "name": "string"
        },
        "name": "doggie",
        "photoUrls": [
            "string"
        ],
        "tags": [
            {
                "id": 0,
                "name": "string"
            }
        ],
        "status": "available"
    },
    {
        "id": 9223372036854599865,
        "category": {
            "id": 0,
            "name": "string"
        },
        "name": "fish",
        "photoUrls": [
            "string"
        ],
        "tags": [
            {
                "id": 0,
                "name": "string"
            }
        ],
        "status": "available"
    },
    {
        "id": 9223372036854599866,
        "category": {
            "id": 0,
            "name": "string"
        },
        "name": "doggie",
        "photoUrls": [
            "string"
        ],
        "tags": [
            {
                "id": 0,
                "name": "string"
            }
        ],
        "status": "available"
    },
    {
        "id": 9223372036854599869,
        "category": {
            "id": 123,
            "name": "string"
        },
        "name": "doggie",
        "photoUrls": [
            "string"
        ],
        "tags": [
            {
                "id": 123,
                "name": "string"
            }
        ],
        "status": "available"
    },
    {
        "id": 9223372036854599870,
        "category": {
            "id": 123,
            "name": "string"
        },
        "name": "doggie",
        "photoUrls": [
            "string"
        ],
        "tags": [
            {
                "id": 123,
                "name": "string"
            }
        ],
        "status": "available"
    },
    {
        "id": 128,
        "category": {
            "id": 0,
            "name": "Horse"
        },
        "name": "Ahal-Teke",
        "photoUrls": [
            "string"
        ],
        "tags": [
            {
                "id": 0,
                "name": "string"
            }
        ],
        "status": "available"
    },
    {
        "id": 90,
        "category": {
            "id": 10,
            "name": "Kedi"
        },
        "name": "Vahsi",
        "photoUrls": [
            "https://images.app.goo.gl/972LJXCHhchrSmgv9"
        ],
        "tags": [
            {
                "id": 5,
                "name": "Van Kedisi"
            }
        ],
        "status": "available"
    },
    {
        "id": 9223372036854599873,
        "category": {
            "id": -74696456,
            "name": "culpa fugiat veniam cupidatat sint"
        },
        "name": "doggie",
        "photoUrls": [
            "culpa commodo",
            "Lorem in veniam qui"
        ],
        "tags": [
            {
                "id": -28973829,
                "name": "cillum eu ad adipisicing do"
            },
            {
                "id": -12934735,
                "name": "est do sint Ut sunt"
            }
        ],
        "status": "available"
    },
    {
        "id": 9223372036854599000,
        "category": {
            "id": 100,
            "name": "Dino"
        },
        "name": "Tyrannosa",
        "photoUrls": [
            "http://en.wikipedia.org/wiki/Tyrannosaurus#/media/File:Tyrannosaurus_rex_mmartyniuk.png"
        ],
        "tags": [
            {
                "id": 100,
                "name": "rept"
            },
            {
                "id": 101,
                "name": "dinosaur"
            }
        ],
        "status": "available"
    },
    {
        "id": 123,
        "category": {
            "id": 123,
            "name": "popo"
        },
        "name": "pipin",
        "photoUrls": [
            "string"
        ],
        "tags": [
            {
                "id": 123,
                "name": "string"
            }
        ],
        "status": "available"
    },
    {
        "id": 9223372036854599874,
        "category": {
            "id": 0,
            "name": "string"
        },
        "name": "doggie",
        "photoUrls": [
            
        ],
        "tags": [
            
        ],
        "status": "available"
    },
    {
        "id": 9223372036854599876,
        "category": {
            "id": 0,
            "name": "string"
        },
        "name": "fish",
        "photoUrls": [
            "string"
        ],
        "tags": [
            {
                "id": 0,
                "name": "string"
            }
        ],
        "status": "available"
    },
    {
        "id": 9223372036854599888,
        "category": {
            "id": 0,
            "name": "string"
        },
        "name": "doggie",
        "photoUrls": [
            "string"
        ],
        "tags": [
            {
                "id": 0,
                "name": "string"
            }
        ],
        "status": "available"
    },
    {
        "id": 9223372036854599890,
        "category": {
            "id": 0,
            "name": "string"
        },
        "name": "doggie",
        "photoUrls": [
            "string"
        ],
        "tags": [
            {
                "id": 0,
                "name": "string"
            }
        ],
        "status": "available"
    },
    {
        "id": 9223372036854599892,
        "category": {
            "id": 0,
            "name": "string"
        },
        "name": "doggie",
        "photoUrls": [
            "string"
        ],
        "tags": [
            {
                "id": 0,
                "name": "string"
            }
        ],
        "status": "available"
    },
    {
        "id": 9223372036854599901,
        "category": {
            "id": 0,
            "name": "string"
        },
        "name": "fish",
        "photoUrls": [
            "string"
        ],
        "tags": [
            {
                "id": 0,
                "name": "string"
            }
        ],
        "status": "available"
    },
    {
        "id": 9223372036854599917,
        "category": {
            "id": 0,
            "name": "string"
        },
        "name": "doggie",
        "photoUrls": [
            "string"
        ],
        "tags": [
            {
                "id": 0,
                "name": "string"
            }
        ],
        "status": "available"
    },
    {
        "id": 9223372036854599918,
        "category": {
            "id": 0,
            "name": "string"
        },
        "name": "doggie",
        "photoUrls": [
            "string"
        ],
        "tags": [
            {
                "id": 0,
                "name": "string"
            }
        ],
        "status": "available"
    },
    {
        "id": 9223372036854599919,
        "category": {
            "id": 0,
            "name": "string"
        },
        "name": "fish",
        "photoUrls": [
            "string"
        ],
        "tags": [
            {
                "id": 0,
                "name": "string"
            }
        ],
        "status": "available"
    },
    {
        "id": 9223372036854599920,
        "category": {
            "id": 0,
            "name": "string"
        },
        "name": "fish",
        "photoUrls": [
            "string"
        ],
        "tags": [
            {
                "id": 0,
                "name": "string"
            }
        ],
        "status": "available"
    },
    {
        "id": 9223372036854599921,
        "category": {
            "id": 0,
            "name": "string"
        },
        "name": "Puff",
        "photoUrls": [
            "string"
        ],
        "tags": [
            {
                "id": 0,
                "name": "string"
            }
        ],
        "status": "available"
    },
    {
        "id": 505,
        "category": {
            "id": 0,
            "name": "string"
        },
        "name": "FF",
        "photoUrls": [
            "string"
        ],
        "tags": [
            {
                "id": 0,
                "name": "string"
            }
        ],
        "status": "available"
    },
    {
        "id": 9223372036854599923,
        "category": {
            "id": 0,
            "name": "string"
        },
        "name": "doggie",
        "photoUrls": [
            "string"
        ],
        "tags": [
            {
                "id": 0,
                "name": "string"
            }
        ],
        "status": "available"
    },
    {
        "id": 9223372036854599926,
        "name": "Goot Doggie",
        "photoUrls": [
            "https://media.karousell.com/media/photos/products/2017/09/14/doggi_door_stopper_1505372529_5cdd1eba0"
        ],
        "tags": [
            
        ],
        "status": "available"
    },
    {
        "id": 9223372036854599927,
        "name": "Goot Doggie",
        "photoUrls": [
            "https://media.karousell.com/media/photos/products/2017/09/14/doggi_door_stopper_1505372529_5cdd1eba0"
        ],
        "tags": [
            
        ],
        "status": "available"
    },
    {
        "id": 9223372036854599928,
        "name": "Goot Doggie",
        "photoUrls": [
            "https://media.karousell.com/media/photos/products/2017/09/14/doggi_door_stopper_1505372529_5cdd1eba0"
        ],
        "tags": [
            
        ],
        "status": "available"
    },
    {
        "id": 9223372036854599931,
        "category": {
            "id": 0,
            "name": "string"
        },
        "name": "fish",
        "photoUrls": [
            "string"
        ],
        "tags": [
            {
                "id": 0,
                "name": "string"
            }
        ],
        "status": "available"
    },
    {
        "id": 9223372036854599932,
        "category": {
            "id": 0,
            "name": "string"
        },
        "name": "fish",
        "photoUrls": [
            "string"
        ],
        "tags": [
            {
                "id": 0,
                "name": "string"
            }
        ],
        "status": "available"
    },
    {
        "id": 9223372036854599933,
        "category": {
            "id": 0,
            "name": "string"
        },
        "name": "fish",
        "photoUrls": [
            "string"
        ],
        "tags": [
            {
                "id": 0,
                "name": "string"
            }
        ],
        "status": "available"
    },
    {
        "id": 9223372036854599934,
        "category": {
            "id": 0,
            "name": "string"
        },
        "name": "fish",
        "photoUrls": [
            "string"
        ],
        "tags": [
            {
                "id": 0,
                "name": "string"
            }
        ],
        "status": "available"
    },
    {
        "id": 9223372036854599957,
        "name": "doggie",
        "photoUrls": [
            
        ],
        "tags": [
            
        ],
        "status": "available"
    },
    {
        "id": 9223372036854599965,
        "category": {
            "id": 0,
            "name": "string"
        },
        "name": "doggie",
        "photoUrls": [
            "string"
        ],
        "tags": [
            {
                "id": 0,
                "name": "string"
            }
        ],
        "status": "available"
    },
    {
        "id": 9223372036854599968,
        "category": {
            "id": 0,
            "name": "string"
        },
        "name": "doggies",
        "photoUrls": [
            "string"
        ],
        "tags": [
            {
                "id": 0,
                "name": "string"
            }
        ],
        "status": "available"
    },
    {
        "id": 9223372036854599972,
        "category": {
            "id": 0,
            "name": "string"
        },
        "name": "doggie",
        "photoUrls": [
            "string"
        ],
        "tags": [
            {
                "id": 0,
                "name": "string"
            }
        ],
        "status": "available"
    },
    {
        "id": 9223372036854599975,
        "name": "doggie",
        "photoUrls": [
            
        ],
        "tags": [
            
        ],
        "status": "available"
    },
    {
        "id": 9223372036854599977,
        "category": {
            "id": 0,
            "name": "string"
        },
        "name": "doggies",
        "photoUrls": [
            "string"
        ],
        "tags": [
            {
                "id": 0,
                "name": "string"
            }
        ],
        "status": "available"
    },
    {
        "id": 9223372036854599983,
        "category": {
            "id": 0,
            "name": "string"
        },
        "name": "doggie",
        "photoUrls": [
            "string"
        ],
        "tags": [
            {
                "id": 0,
                "name": "string"
            }
        ],
        "status": "available"
    },
    {
        "id": 9223372036854599993,
        "category": {
            "id": 0,
            "name": "string"
        },
        "name": "fish",
        "photoUrls": [
            "string"
        ],
        "tags": [
            {
                "id": 0,
                "name": "string"
            }
        ],
        "status": "available"
    },
    {
        "id": 9223372036854599994,
        "category": {
            "id": 0,
            "name": "string"
        },
        "name": "fish",
        "photoUrls": [
            "string"
        ],
        "tags": [
            {
                "id": 0,
                "name": "string"
            }
        ],
        "status": "available"
    },
    {
        "id": 9223372036854599995,
        "category": {
            "id": 0,
            "name": "string"
        },
        "name": "doggie",
        "photoUrls": [
            "string"
        ],
        "tags": [
            {
                "id": 0,
                "name": "string"
            }
        ],
        "status": "available"
    },
    {
        "id": 9223372036854599996,
        "category": {
            "id": 0,
            "name": "string"
        },
        "name": "doggie",
        "photoUrls": [
            "string"
        ],
        "tags": [
            {
                "id": 0,
                "name": "string"
            }
        ],
        "status": "available"
    },
    {
        "id": 9223372036854600001,
        "category": {
            "id": 0,
            "name": "string"
        },
        "name": "Puff",
        "photoUrls": [
            "string"
        ],
        "tags": [
            {
                "id": 0,
                "name": "string"
            }
        ],
        "status": "available"
    },
    {
        "id": 9223372036854600002,
        "category": {
            "id": 0,
            "name": "string"
        },
        "name": "doggie",
        "photoUrls": [
            "string"
        ],
        "tags": [
            {
                "id": 0,
                "name": "string"
            }
        ],
        "status": "available"
    },
    {
        "id": 12121,
        "category": {
            "id": 0,
            "name": "string"
        },
        "name": "TestPetName",
        "photoUrls": [
            "string"
        ],
        "tags": [
            {
                "id": 0,
                "name": "string"
            }
        ],
        "status": "available"
    },
    {
        "id": 9223372036854600004,
        "category": {
            "id": 0,
            "name": "string"
        },
        "name": "fish",
        "photoUrls": [
            "string"
        ],
        "tags": [
            {
                "id": 0,
                "name": "string"
            }
        ],
        "status": "available"
    },
    {
        "id": 9223372036854600009,
        "category": {
            "id": 0,
            "name": "string"
        },
        "name": "fish",
        "photoUrls": [
            "string"
        ],
        "tags": [
            {
                "id": 0,
                "name": "string"
            }
        ],
        "status": "available"
    },
    {
        "id": 112233,
        "category": {
            "id": 30,
            "name": "Eq-dog"
        },
        "name": "Postman",
        "photoUrls": [
            "URLLink"
        ],
        "tags": [
            {
                "id": 10,
                "name": "Doberman"
            }
        ],
        "status": "available"
    },
    {
        "id": 9223372036854600014,
        "category": {
            "id": 0,
            "name": "string"
        },
        "name": "doggie",
        "photoUrls": [
            "string"
        ],
        "tags": [
            {
                "id": 0,
                "name": "string"
            }
        ],
        "status": "available"
    },
    {
        "id": 9223372036854600025,
        "category": {
            "id": 0,
            "name": "string"
        },
        "name": "fish",
        "photoUrls": [
            "string"
        ],
        "tags": [
            {
                "id": 0,
                "name": "string"
            }
        ],
        "status": "available"
    },
    {
        "id": 9223372036854600031,
        "category": {
            "id": 0,
            "name": "string"
        },
        "name": "doggie",
        "photoUrls": [
            "string"
        ],
        "tags": [
            {
                "id": 0,
                "name": "string"
            }
        ],
        "status": "available"
    },
    {
        "id": 9223372036854600032,
        "category": {
            "id": 100,
            "name": "Dinosaur"
        },
        "name": "Tyrannosaurus",
        "photoUrls": [
            "http://en.wikipedia.org/wiki/Tyrannosaurus#/media/File:Tyrannosaurus_rex_mmartyniuk.png"
        ],
        "tags": [
            {
                "id": 100,
                "name": "reptile"
            },
            {
                "id": 101,
                "name": "dinosaur"
            }
        ],
        "status": "available"
    },
    {
        "id": 9223372036854600033,
        "category": {
            "id": 100,
            "name": "Dinosaur"
        },
        "name": "Tyrannosaurus",
        "photoUrls": [
            "http://en.wikipedia.org/wiki/Tyrannosaurus#/media/File:Tyrannosaurus_rex_mmartyniuk.png"
        ],
        "tags": [
            {
                "id": 100,
                "name": "reptile"
            },
            {
                "id": 101,
                "name": "dinosaur"
            }
        ],
        "status": "available"
    },
    {
        "id": 9223372036854600034,
        "category": {
            "id": 100,
            "name": "Dinosaur"
        },
        "name": "Tyrannosaurus",
        "photoUrls": [
            "http://en.wikipedia.org/wiki/Tyrannosaurus#/media/File:Tyrannosaurus_rex_mmartyniuk.png"
        ],
        "tags": [
            {
                "id": 100,
                "name": "reptile"
            },
            {
                "id": 101,
                "name": "dinosaur"
            }
        ],
        "status": "available"
    },
    {
        "id": 9223372036854600035,
        "category": {
            "id": 100,
            "name": "Dinosaur"
        },
        "name": "Tyrannosaurus",
        "photoUrls": [
            "http://en.wikipedia.org/wiki/Tyrannosaurus#/media/File:Tyrannosaurus_rex_mmartyniuk.png"
        ],
        "tags": [
            {
                "id": 100,
                "name": "reptile"
            },
            {
                "id": 101,
                "name": "dinosaur"
            }
        ],
        "status": "available"
    },
    {
        "id": 9223372036854600036,
        "category": {
            "id": 100,
            "name": "Dinosaur"
        },
        "name": "Tyrannosaurus",
        "photoUrls": [
            "http://en.wikipedia.org/wiki/Tyrannosaurus#/media/File:Tyrannosaurus_rex_mmartyniuk.png"
        ],
        "tags": [
            {
                "id": 100,
                "name": "reptile"
            },
            {
                "id": 101,
                "name": "dinosaur"
            }
        ],
        "status": "available"
    },
    {
        "id": 9223372036854600037,
        "category": {
            "id": 1,
            "name": "Fish"
        },
        "name": "Goldie",
        "photoUrls": [
            "http://example.com/photo1",
            "http://example.com/photo2"
        ],
        "tags": [
            {
                "id": 0,
                "name": "Tag1"
            }
        ],
        "status": "available"
    },
    {
        "id": 9223372036854600040,
        "category": {
            "id": 100,
            "name": "Dinosaur"
        },
        "name": "Tyrannosaurus",
        "photoUrls": [
            "http://en.wikipedia.org/wiki/Tyrannosaurus#/media/File:Tyrannosaurus_rex_mmartyniuk.png"
        ],
        "tags": [
            {
                "id": 100,
                "name": "reptile"
            },
            {
                "id": 101,
                "name": "dinosaur"
            }
        ],
        "status": "available"
    },
    {
        "id": 9223372036854600041,
        "category": {
            "id": 100,
            "name": "Dinosaur"
        },
        "name": "Tyrannosaurus",
        "photoUrls": [
            "http://en.wikipedia.org/wiki/Tyrannosaurus#/media/File:Tyrannosaurus_rex_mmartyniuk.png"
        ],
        "tags": [
            {
                "id": 100,
                "name": "reptile"
            },
            {
                "id": 101,
                "name": "dinosaur"
            }
        ],
        "status": "available"
    },
    {
        "id": 9223372036854600042,
        "category": {
            "id": 100,
            "name": "Dinosaur"
        },
        "name": "Tyrannosaurus",
        "photoUrls": [
            "http://en.wikipedia.org/wiki/Tyrannosaurus#/media/File:Tyrannosaurus_rex_mmartyniuk.png"
        ],
        "tags": [
            {
                "id": 100,
                "name": "reptile"
            },
            {
                "id": 101,
                "name": "dinosaur"
            }
        ],
        "status": "available"
    },
    {
        "id": 9223372036854600043,
        "category": {
            "id": 100,
            "name": "Dinosaur"
        },
        "name": "Tyrannosaurus",
        "photoUrls": [
            "http://en.wikipedia.org/wiki/Tyrannosaurus#/media/File:Tyrannosaurus_rex_mmartyniuk.png"
        ],
        "tags": [
            {
                "id": 100,
                "name": "reptile"
            },
            {
                "id": 101,
                "name": "dinosaur"
            }
        ],
        "status": "available"
    },
    {
        "id": 9223372036854600044,
        "category": {
            "id": 100,
            "name": "Dinosaur"
        },
        "name": "Tyrannosaurus",
        "photoUrls": [
            "http://en.wikipedia.org/wiki/Tyrannosaurus#/media/File:Tyrannosaurus_rex_mmartyniuk.png"
        ],
        "tags": [
            {
                "id": 100,
                "name": "reptile"
            },
            {
                "id": 101,
                "name": "dinosaur"
            }
        ],
        "status": "available"
    },
    {
        "id": 9223372036854600046,
        "category": {
            "id": 100,
            "name": "Dinosaur"
        },
        "name": "Tyrannosaurus",
        "photoUrls": [
            "http://en.wikipedia.org/wiki/Tyrannosaurus#/media/File:Tyrannosaurus_rex_mmartyniuk.png"
        ],
        "tags": [
            {
                "id": 100,
                "name": "reptile"
            },
            {
                "id": 101,
                "name": "dinosaur"
            }
        ],
        "status": "available"
    },
    {
        "id": 9223372036854600047,
        "category": {
            "id": 100,
            "name": "Dinosaur"
        },
        "name": "Tyrannosaurus",
        "photoUrls": [
            "http://en.wikipedia.org/wiki/Tyrannosaurus#/media/File:Tyrannosaurus_rex_mmartyniuk.png"
        ],
        "tags": [
            {
                "id": 100,
                "name": "reptile"
            },
            {
                "id": 101,
                "name": "dinosaur"
            }
        ],
        "status": "available"
    },
    {
        "id": 9223372036854600048,
        "category": {
            "id": 100,
            "name": "Dinosaur"
        },
        "name": "Tyrannosaurus",
        "photoUrls": [
            "http://en.wikipedia.org/wiki/Tyrannosaurus#/media/File:Tyrannosaurus_rex_mmartyniuk.png"
        ],
        "tags": [
            {
                "id": 100,
                "name": "reptile"
            },
            {
                "id": 101,
                "name": "dinosaur"
            }
        ],
        "status": "available"
    },
    {
        "id": 9223372036854600051,
        "category": {
            "id": 100,
            "name": "Dinosaur"
        },
        "name": "Tyrannosaurus",
        "photoUrls": [
            "http://en.wikipedia.org/wiki/Tyrannosaurus#/media/File:Tyrannosaurus_rex_mmartyniuk.png"
        ],
        "tags": [
            {
                "id": 100,
                "name": "reptile"
            },
            {
                "id": 101,
                "name": "dinosaur"
            }
        ],
        "status": "available"
    },
    {
        "id": 9223372036854600058,
        "category": {
            "id": 100,
            "name": "Dinosaur"
        },
        "name": "Tyrannosaurus",
        "photoUrls": [
            "http://en.wikipedia.org/wiki/Tyrannosaurus#/media/File:Tyrannosaurus_rex_mmartyniuk.png"
        ],
        "tags": [
            {
                "id": 100,
                "name": "reptile"
            },
            {
                "id": 101,
                "name": "dinosaur"
            }
        ],
        "status": "available"
    },
    {
        "id": 9223372036854600063,
        "category": {
            "id": 100,
            "name": "Dinosaur"
        },
        "name": "Tyrannosaurus",
        "photoUrls": [
            "http://en.wikipedia.org/wiki/Tyrannosaurus#/media/File:Tyrannosaurus_rex_mmartyniuk.png"
        ],
        "tags": [
            {
                "id": 100,
                "name": "reptile"
            },
            {
                "id": 101,
                "name": "dinosaur"
            }
        ],
        "status": "available"
    },
    {
        "id": 9223372036854600064,
        "category": {
            "id": 100,
            "name": "Dinosaur"
        },
        "name": "Tyrannosaurus",
        "photoUrls": [
            "http://en.wikipedia.org/wiki/Tyrannosaurus#/media/File:Tyrannosaurus_rex_mmartyniuk.png"
        ],
        "tags": [
            {
                "id": 100,
                "name": "reptile"
            },
            {
                "id": 101,
                "name": "dinosaur"
            }
        ],
        "status": "available"
    },
    {
        "id": 9223372036854600065,
        "category": {
            "id": 100,
            "name": "Dinosaur"
        },
        "name": "Tyrannosaurus",
        "photoUrls": [
            "http://en.wikipedia.org/wiki/Tyrannosaurus#/media/File:Tyrannosaurus_rex_mmartyniuk.png"
        ],
        "tags": [
            {
                "id": 100,
                "name": "reptile"
            },
            {
                "id": 101,
                "name": "dinosaur"
            }
        ],
        "status": "available"
    },
    {
        "id": 9223372036854600066,
        "category": {
            "id": 100,
            "name": "Dinosaur"
        },
        "name": "Tyrannosaurus",
        "photoUrls": [
            "http://en.wikipedia.org/wiki/Tyrannosaurus#/media/File:Tyrannosaurus_rex_mmartyniuk.png"
        ],
        "tags": [
            {
                "id": 100,
                "name": "reptile"
            },
            {
                "id": 101,
                "name": "dinosaur"
            }
        ],
        "status": "available"
    },
    {
        "id": 9223372036854600067,
        "category": {
            "id": 100,
            "name": "Dinosaur"
        },
        "name": "Tyrannosaurus",
        "photoUrls": [
            "http://en.wikipedia.org/wiki/Tyrannosaurus#/media/File:Tyrannosaurus_rex_mmartyniuk.png"
        ],
        "tags": [
            {
                "id": 100,
                "name": "reptile"
            },
            {
                "id": 101,
                "name": "dinosaur"
            }
        ],
        "status": "available"
    },
    {
        "id": 9223372036854600068,
        "category": {
            "id": 100,
            "name": "Dinosaur"
        },
        "name": "Tyrannosaurus",
        "photoUrls": [
            "http://en.wikipedia.org/wiki/Tyrannosaurus#/media/File:Tyrannosaurus_rex_mmartyniuk.png"
        ],
        "tags": [
            {
                "id": 100,
                "name": "reptile"
            },
            {
                "id": 101,
                "name": "dinosaur"
            }
        ],
        "status": "available"
    },
    {
        "id": 9223372036854600069,
        "category": {
            "id": 100,
            "name": "Dinosaur"
        },
        "name": "Tyrannosaurus",
        "photoUrls": [
            "http://en.wikipedia.org/wiki/Tyrannosaurus#/media/File:Tyrannosaurus_rex_mmartyniuk.png"
        ],
        "tags": [
            {
                "id": 100,
                "name": "reptile"
            },
            {
                "id": 101,
                "name": "dinosaur"
            }
        ],
        "status": "available"
    },
    {
        "id": 9223372036854600070,
        "category": {
            "id": 100,
            "name": "Dinosaur"
        },
        "name": "Tyrannosaurus",
        "photoUrls": [
            "http://en.wikipedia.org/wiki/Tyrannosaurus#/media/File:Tyrannosaurus_rex_mmartyniuk.png"
        ],
        "tags": [
            {
                "id": 100,
                "name": "reptile"
            },
            {
                "id": 101,
                "name": "dinosaur"
            }
        ],
        "status": "available"
    },
    {
        "id": 9223372036854600071,
        "category": {
            "id": 100,
            "name": "Dinosaur"
        },
        "name": "Tyrannosaurus",
        "photoUrls": [
            "http://en.wikipedia.org/wiki/Tyrannosaurus#/media/File:Tyrannosaurus_rex_mmartyniuk.png"
        ],
        "tags": [
            {
                "id": 100,
                "name": "reptile"
            },
            {
                "id": 101,
                "name": "dinosaur"
            }
        ],
        "status": "available"
    },
    {
        "id": 9223372036854600072,
        "category": {
            "id": 0,
            "name": "string"
        },
        "name": "doggie",
        "photoUrls": [
            "string"
        ],
        "tags": [
            {
                "id": 0,
                "name": "string"
            }
        ],
        "status": "available"
    },
    {
        "id": 9223372036854600073,
        "category": {
            "id": 0,
            "name": "string"
        },
        "name": "doggie",
        "photoUrls": [
            "string"
        ],
        "tags": [
            {
                "id": 0,
                "name": "string"
            }
        ],
        "status": "available"
    },
    {
        "id": 9223372036854600074,
        "category": {
            "id": 100,
            "name": "Dinosaur"
        },
        "name": "Tyrannosaurus",
        "photoUrls": [
            "http://en.wikipedia.org/wiki/Tyrannosaurus#/media/File:Tyrannosaurus_rex_mmartyniuk.png"
        ],
        "tags": [
            {
                "id": 100,
                "name": "reptile"
            },
            {
                "id": 101,
                "name": "dinosaur"
            }
        ],
        "status": "available"
    },
    {
        "id": 9223372036854600075,
        "category": {
            "id": 0,
            "name": "string"
        },
        "name": "fish",
        "photoUrls": [
            "string"
        ],
        "tags": [
            {
                "id": 0,
                "name": "string"
            }
        ],
        "status": "available"
    },
    {
        "id": 9223372036854600076,
        "category": {
            "id": 100,
            "name": "Dinosaur"
        },
        "name": "Tyrannosaurus",
        "photoUrls": [
            "http://en.wikipedia.org/wiki/Tyrannosaurus#/media/File:Tyrannosaurus_rex_mmartyniuk.png"
        ],
        "tags": [
            {
                "id": 100,
                "name": "reptile"
            },
            {
                "id": 101,
                "name": "dinosaur"
            }
        ],
        "status": "available"
    },
    {
        "id": 9223372036854600077,
        "category": {
            "id": 100,
            "name": "Dinosaur"
        },
        "name": "Tyrannosaurus",
        "photoUrls": [
            "http://en.wikipedia.org/wiki/Tyrannosaurus#/media/File:Tyrannosaurus_rex_mmartyniuk.png"
        ],
        "tags": [
            {
                "id": 100,
                "name": "reptile"
            },
            {
                "id": 101,
                "name": "dinosaur"
            }
        ],
        "status": "available"
    },
    {
        "id": 9223372036854600078,
        "category": {
            "id": 100,
            "name": "Dinosaur"
        },
        "name": "Tyrannosaurus",
        "photoUrls": [
            "http://en.wikipedia.org/wiki/Tyrannosaurus#/media/File:Tyrannosaurus_rex_mmartyniuk.png"
        ],
        "tags": [
            {
                "id": 100,
                "name": "reptile"
            },
            {
                "id": 101,
                "name": "dinosaur"
            }
        ],
        "status": "available"
    },
    {
        "id": 9223372036854600079,
        "category": {
            "id": 100,
            "name": "Dinosaur"
        },
        "name": "Tyrannosaurus",
        "photoUrls": [
            "http://en.wikipedia.org/wiki/Tyrannosaurus#/media/File:Tyrannosaurus_rex_mmartyniuk.png"
        ],
        "tags": [
            {
                "id": 100,
                "name": "reptile"
            },
            {
                "id": 101,
                "name": "dinosaur"
            }
        ],
        "status": "available"
    },
    {
        "id": 9223372036854600083,
        "category": {
            "id": 100,
            "name": "Dinosaur"
        },
        "name": "Tyrannosaurus",
        "photoUrls": [
            "http://en.wikipedia.org/wiki/Tyrannosaurus#/media/File:Tyrannosaurus_rex_mmartyniuk.png"
        ],
        "tags": [
            {
                "id": 100,
                "name": "reptile"
            },
            {
                "id": 101,
                "name": "dinosaur"
            }
        ],
        "status": "available"
    },
    {
        "id": 9223372036854600084,
        "category": {
            "id": 100,
            "name": "Dinosaur"
        },
        "name": "Tyrannosaurus",
        "photoUrls": [
            "http://en.wikipedia.org/wiki/Tyrannosaurus#/media/File:Tyrannosaurus_rex_mmartyniuk.png"
        ],
        "tags": [
            {
                "id": 100,
                "name": "reptile"
            },
            {
                "id": 101,
                "name": "dinosaur"
            }
        ],
        "status": "available"
    },
    {
        "id": 9223372036854600085,
        "category": {
            "id": 100,
            "name": "Dinosaur"
        },
        "name": "Tyrannosaurus",
        "photoUrls": [
            "http://en.wikipedia.org/wiki/Tyrannosaurus#/media/File:Tyrannosaurus_rex_mmartyniuk.png"
        ],
        "tags": [
            {
                "id": 100,
                "name": "reptile"
            },
            {
                "id": 101,
                "name": "dinosaur"
            }
        ],
        "status": "available"
    },
    {
        "id": 9223372036854600086,
        "category": {
            "id": 100,
            "name": "Dinosaur"
        },
        "name": "Tyrannosaurus",
        "photoUrls": [
            "http://en.wikipedia.org/wiki/Tyrannosaurus#/media/File:Tyrannosaurus_rex_mmartyniuk.png"
        ],
        "tags": [
            {
                "id": 100,
                "name": "reptile"
            },
            {
                "id": 101,
                "name": "dinosaur"
            }
        ],
        "status": "available"
    },
    {
        "id": 9223372036854600087,
        "category": {
            "id": 100,
            "name": "Dinosaur"
        },
        "name": "Tyrannosaurus",
        "photoUrls": [
            "http://en.wikipedia.org/wiki/Tyrannosaurus#/media/File:Tyrannosaurus_rex_mmartyniuk.png"
        ],
        "tags": [
            {
                "id": 100,
                "name": "reptile"
            },
            {
                "id": 101,
                "name": "dinosaur"
            }
        ],
        "status": "available"
    },
    {
        "id": 9223372036854600088,
        "category": {
            "id": 0,
            "name": "string"
        },
        "name": "Puff",
        "photoUrls": [
            "string"
        ],
        "tags": [
            {
                "id": 0,
                "name": "string"
            }
        ],
        "status": "available"
    },
    {
        "id": 9223372036854600089,
        "category": {
            "id": 100,
            "name": "Dinosaur"
        },
        "name": "Tyrannosaurus",
        "photoUrls": [
            "http://en.wikipedia.org/wiki/Tyrannosaurus#/media/File:Tyrannosaurus_rex_mmartyniuk.png"
        ],
        "tags": [
            {
                "id": 100,
                "name": "reptile"
            },
            {
                "id": 101,
                "name": "dinosaur"
            }
        ],
        "status": "available"
    },
    {
        "id": 9223372036854600090,
        "category": {
            "id": 100,
            "name": "Dinosaur"
        },
        "name": "Tyrannosaurus",
        "photoUrls": [
            "http://en.wikipedia.org/wiki/Tyrannosaurus#/media/File:Tyrannosaurus_rex_mmartyniuk.png"
        ],
        "tags": [
            {
                "id": 100,
                "name": "reptile"
            },
            {
                "id": 101,
                "name": "dinosaur"
            }
        ],
        "status": "available"
    },
    {
        "id": 9223372036854600091,
        "category": {
            "id": 100,
            "name": "Dinosaur"
        },
        "name": "Tyrannosaurus",
        "photoUrls": [
            "http://en.wikipedia.org/wiki/Tyrannosaurus#/media/File:Tyrannosaurus_rex_mmartyniuk.png"
        ],
        "tags": [
            {
                "id": 100,
                "name": "reptile"
            },
            {
                "id": 101,
                "name": "dinosaur"
            }
        ],
        "status": "available"
    },
    {
        "id": 9223372036854600092,
        "category": {
            "id": 100,
            "name": "Dinosaur"
        },
        "name": "Tyrannosaurus",
        "photoUrls": [
            "http://en.wikipedia.org/wiki/Tyrannosaurus#/media/File:Tyrannosaurus_rex_mmartyniuk.png"
        ],
        "tags": [
            {
                "id": 100,
                "name": "reptile"
            },
            {
                "id": 101,
                "name": "dinosaur"
            }
        ],
        "status": "available"
    },
    {
        "id": 9223372036854600093,
        "category": {
            "id": 100,
            "name": "Dinosaur"
        },
        "name": "Tyrannosaurus",
        "photoUrls": [
            "http://en.wikipedia.org/wiki/Tyrannosaurus#/media/File:Tyrannosaurus_rex_mmartyniuk.png"
        ],
        "tags": [
            {
                "id": 100,
                "name": "reptile"
            },
            {
                "id": 101,
                "name": "dinosaur"
            }
        ],
        "status": "available"
    },
    {
        "id": 9223372036854600094,
        "category": {
            "id": 100,
            "name": "Dinosaur"
        },
        "name": "Tyrannosaurus",
        "photoUrls": [
            "http://en.wikipedia.org/wiki/Tyrannosaurus#/media/File:Tyrannosaurus_rex_mmartyniuk.png"
        ],
        "tags": [
            {
                "id": 100,
                "name": "reptile"
            },
            {
                "id": 101,
                "name": "dinosaur"
            }
        ],
        "status": "available"
    },
    {
        "id": 9223372036854600101,
        "category": {
            "id": 100,
            "name": "Dinosaur"
        },
        "name": "Tyrannosaurus",
        "photoUrls": [
            "http://en.wikipedia.org/wiki/Tyrannosaurus#/media/File:Tyrannosaurus_rex_mmartyniuk.png"
        ],
        "tags": [
            {
                "id": 100,
                "name": "reptile"
            },
            {
                "id": 101,
                "name": "dinosaur"
            }
        ],
        "status": "available"
    },
    {
        "id": 9223372036854600102,
        "category": {
            "id": 100,
            "name": "Dinosaur"
        },
        "name": "Tyrannosaurus",
        "photoUrls": [
            "http://en.wikipedia.org/wiki/Tyrannosaurus#/media/File:Tyrannosaurus_rex_mmartyniuk.png"
        ],
        "tags": [
            {
                "id": 100,
                "name": "reptile"
            },
            {
                "id": 101,
                "name": "dinosaur"
            }
        ],
        "status": "available"
    },
    {
        "id": 9223372036854600103,
        "category": {
            "id": 100,
            "name": "Dinosaur"
        },
        "name": "Tyrannosaurus",
        "photoUrls": [
            "http://en.wikipedia.org/wiki/Tyrannosaurus#/media/File:Tyrannosaurus_rex_mmartyniuk.png"
        ],
        "tags": [
            {
                "id": 100,
                "name": "reptile"
            },
            {
                "id": 101,
                "name": "dinosaur"
            }
        ],
        "status": "available"
    },
    {
        "id": 9223372036854600104,
        "category": {
            "id": 0,
            "name": "string"
        },
        "name": "fish",
        "photoUrls": [
            "string"
        ],
        "tags": [
            {
                "id": 0,
                "name": "string"
            }
        ],
        "status": "available"
    },
    {
        "id": 9223372036854600107,
        "category": {
            "id": 100,
            "name": "Dinosaur"
        },
        "name": "Tyrannosaurus",
        "photoUrls": [
            "http://en.wikipedia.org/wiki/Tyrannosaurus#/media/File:Tyrannosaurus_rex_mmartyniuk.png"
        ],
        "tags": [
            {
                "id": 100,
                "name": "reptile"
            },
            {
                "id": 101,
                "name": "dinosaur"
            }
        ],
        "status": "available"
    },
    {
        "id": 9223372036854600121,
        "category": {
            "id": 100,
            "name": "Dinosaur"
        },
        "name": "Tyrannosaurus",
        "photoUrls": [
            "http://en.wikipedia.org/wiki/Tyrannosaurus#/media/File:Tyrannosaurus_rex_mmartyniuk.png"
        ],
        "tags": [
            {
                "id": 100,
                "name": "reptile"
            },
            {
                "id": 101,
                "name": "dinosaur"
            }
        ],
        "status": "available"
    },
    {
        "id": 9223372036854600125,
        "category": {
            "id": 0,
            "name": "string"
        },
        "name": "fish",
        "photoUrls": [
            "string"
        ],
        "tags": [
            {
                "id": 0,
                "name": "string"
            }
        ],
        "status": "available"
    },
    {
        "id": 9223372036854600127,
        "category": {
            "id": 1,
            "name": "Dogs"
        },
        "name": "Cuddles",
        "photoUrls": [
            "https://example.com/photos/cuddles"
        ],
        "tags": [
            {
                "id": 0,
                "name": "Golden Retriever"
            }
        ],
        "status": "available"
    },
    {
        "id": 9223372036854600129,
        "category": {
            "id": 0,
            "name": "string"
        },
        "name": "fish",
        "photoUrls": [
            "string"
        ],
        "tags": [
            {
                "id": 0,
                "name": "string"
            }
        ],
        "status": "available"
    },
    {
        "id": 9223372036854600132,
        "category": {
            "id": 0,
            "name": "string"
        },
        "name": "fish",
        "photoUrls": [
            "string"
        ],
        "tags": [
            {
                "id": 0,
                "name": "string"
            }
        ],
        "status": "available"
    },
    {
        "id": 9223372036854600133,
        "category": {
            "id": 0,
            "name": "string"
        },
        "name": "fish",
        "photoUrls": [
            "string"
        ],
        "tags": [
            {
                "id": 0,
                "name": "string"
            }
        ],
        "status": "available"
    },
    {
        "id": 9223372036854600137,
        "category": {
            "id": 1,
            "name": "Dogs"
        },
        "name": "Cuddles",
        "photoUrls": [
            "https://example.com/photos/cuddles"
        ],
        "tags": [
            {
                "id": 0,
                "name": "Golden Retriever"
            }
        ],
        "status": "available"
    },
    {
        "id": 9223372036854600145,
        "category": {
            "id": 100,
            "name": "Dinosaur"
        },
        "name": "Tyrannosaurus",
        "photoUrls": [
            "http://en.wikipedia.org/wiki/Tyrannosaurus#/media/File:Tyrannosaurus_rex_mmartyniuk.png"
        ],
        "tags": [
            {
                "id": 100,
                "name": "reptile"
            },
            {
                "id": 101,
                "name": "dinosaur"
            }
        ],
        "status": "available"
    },
    {
        "id": 9223372036854600146,
        "category": {
            "id": 100,
            "name": "Dinosaur"
        },
        "name": "Tyrannosaurus",
        "photoUrls": [
            "http://en.wikipedia.org/wiki/Tyrannosaurus#/media/File:Tyrannosaurus_rex_mmartyniuk.png"
        ],
        "tags": [
            {
                "id": 100,
                "name": "reptile"
            },
            {
                "id": 101,
                "name": "dinosaur"
            }
        ],
        "status": "available"
    },
    {
        "id": 9223372036854600147,
        "category": {
            "id": 100,
            "name": "Dinosaur"
        },
        "name": "Tyrannosaurus",
        "photoUrls": [
            "http://en.wikipedia.org/wiki/Tyrannosaurus#/media/File:Tyrannosaurus_rex_mmartyniuk.png"
        ],
        "tags": [
            {
                "id": 100,
                "name": "reptile"
            },
            {
                "id": 101,
                "name": "dinosaur"
            }
        ],
        "status": "available"
    },
    {
        "id": 9223372036854600148,
        "category": {
            "id": 100,
            "name": "Dinosaur"
        },
        "name": "Tyrannosaurus",
        "photoUrls": [
            "http://en.wikipedia.org/wiki/Tyrannosaurus#/media/File:Tyrannosaurus_rex_mmartyniuk.png"
        ],
        "tags": [
            {
                "id": 100,
                "name": "reptile"
            },
            {
                "id": 101,
                "name": "dinosaur"
            }
        ],
        "status": "available"
    },
    {
        "id": 9223372036854600149,
        "category": {
            "id": 100,
            "name": "Dinosaur"
        },
        "name": "Tyrannosaurus",
        "photoUrls": [
            "http://en.wikipedia.org/wiki/Tyrannosaurus#/media/File:Tyrannosaurus_rex_mmartyniuk.png"
        ],
        "tags": [
            {
                "id": 100,
                "name": "reptile"
            },
            {
                "id": 101,
                "name": "dinosaur"
            }
        ],
        "status": "available"
    },
    {
        "id": 9222968140497180179,
        "category": {
            "id": 0,
            "name": "string"
        },
        "name": "test",
        "photoUrls": [
            "string"
        ],
        "tags": [
            {
                "id": 0,
                "name": "string"
            }
        ],
        "status": "available"
    },
    {
        "id": 111,
        "category": {
            "id": 11,
            "name": "Tazman"
        },
        "name": "Cok Vahsi",
        "photoUrls": [
            "https://images.app.goo.gl/972LJXCHhchrSmgv9"
        ],
        "tags": [
            {
                "id": 5,
                "name": "Beyaz doberman"
            }
        ],
        "status": "available"
    },
    {
        "id": 9222968140491042131,
        "category": {
            "id": 0,
            "name": "string"
        },
        "name": "doggie",
        "photoUrls": [
            "string"
        ],
        "tags": [
            {
                "id": 0,
                "name": "string"
            }
        ],
        "status": "available"
    },
    {
        "id": 9223372036854600201,
        "category": {
            "id": 0,
            "name": "string"
        },
        "name": "fish",
        "photoUrls": [
            "string"
        ],
        "tags": [
            {
                "id": 0,
                "name": "string"
            }
        ],
        "status": "available"
    },
    {
        "id": 9223372036854600205,
        "category": {
            "id": 0,
            "name": "string"
        },
        "name": "doggie",
        "photoUrls": [
            "string"
        ],
        "tags": [
            {
                "id": 0,
                "name": "string"
            }
        ],
        "status": "available"
    },
    {
        "id": 9223372036854600206,
        "category": {
            "id": 0,
            "name": "string"
        },
        "name": "doggie",
        "photoUrls": [
            "string"
        ],
        "tags": [
            {
                "id": 0,
                "name": "string"
            }
        ],
        "status": "available"
    },
    {
        "id": 9223372036854600211,
        "category": {
            "id": 0,
            "name": "string"
        },
        "name": "doggie",
        "photoUrls": [
            "string"
        ],
        "tags": [
            {
                "id": 0,
                "name": "string"
            }
        ],
        "status": "available"
    },
    {
        "id": 9223372036854600213,
        "category": {
            "id": 0,
            "name": "string"
        },
        "name": "fish",
        "photoUrls": [
            "string"
        ],
        "tags": [
            {
                "id": 0,
                "name": "string"
            }
        ],
        "status": "available"
    },
    {
        "id": 9223372036854600217,
        "category": {
            "id": 0,
            "name": "string"
        },
        "name": "Puff",
        "photoUrls": [
            "string"
        ],
        "tags": [
            {
                "id": 0,
                "name": "string"
            }
        ],
        "status": "available"
    },
    {
        "id": 9223372036854600218,
        "category": {
            "id": 0,
            "name": "string"
        },
        "name": "doggie",
        "photoUrls": [
            "string"
        ],
        "tags": [
            {
                "id": 0,
                "name": "string"
            }
        ],
        "status": "available"
    },
    {
        "id": 9223372036854600227,
        "category": {
            "id": 0,
            "name": "string"
        },
        "name": "doggie",
        "photoUrls": [
            "string"
        ],
        "tags": [
            {
                "id": 0,
                "name": "string"
            }
        ],
        "status": "available"
    },
    {
        "id": 9223372036854600230,
        "category": {
            "id": 0,
            "name": "string"
        },
        "name": "fish",
        "photoUrls": [
            "string"
        ],
        "tags": [
            {
                "id": 0,
                "name": "string"
            }
        ],
        "status": "available"
    },
    {
        "id": 9223372036854600232,
        "category": {
            "id": 0,
            "name": "string"
        },
        "name": "doggie",
        "photoUrls": [
            "string"
        ],
        "tags": [
            {
                "id": 0,
                "name": "string"
            }
        ],
        "status": "available"
    },
    {
        "id": 9223372036854600235,
        "category": {
            "id": 0,
            "name": "string"
        },
        "name": "fish",
        "photoUrls": [
            "string"
        ],
        "tags": [
            {
                "id": 0,
                "name": "string"
            }
        ],
        "status": "available"
    },
    {
        "id": 9223372036854600236,
        "category": {
            "id": 100,
            "name": "Dinosaur"
        },
        "name": "Tyrannosaurus",
        "photoUrls": [
            "http://en.wikipedia.org/wiki/Tyrannosaurus#/media/File:Tyrannosaurus_rex_mmartyniuk.png"
        ],
        "tags": [
            {
                "id": 100,
                "name": "reptile"
            },
            {
                "id": 101,
                "name": "dinosaur"
            }
        ],
        "status": "available"
    },
    {
        "id": 9223372036854600237,
        "category": {
            "id": 100,
            "name": "Dinosaur"
        },
        "name": "Tyrannosaurus",
        "photoUrls": [
            "http://en.wikipedia.org/wiki/Tyrannosaurus#/media/File:Tyrannosaurus_rex_mmartyniuk.png"
        ],
        "tags": [
            {
                "id": 100,
                "name": "reptile"
            },
            {
                "id": 101,
                "name": "dinosaur"
            }
        ],
        "status": "available"
    },
    {
        "id": 9223372036854600238,
        "category": {
            "id": 100,
            "name": "Dinosaur"
        },
        "name": "Tyrannosaurus",
        "photoUrls": [
            "http://en.wikipedia.org/wiki/Tyrannosaurus#/media/File:Tyrannosaurus_rex_mmartyniuk.png"
        ],
        "tags": [
            {
                "id": 100,
                "name": "reptile"
            },
            {
                "id": 101,
                "name": "dinosaur"
            }
        ],
        "status": "available"
    },
    {
        "id": 9223372036854600239,
        "category": {
            "id": 100,
            "name": "Dinosaur"
        },
        "name": "Tyrannosaurus",
        "photoUrls": [
            "http://en.wikipedia.org/wiki/Tyrannosaurus#/media/File:Tyrannosaurus_rex_mmartyniuk.png"
        ],
        "tags": [
            {
                "id": 100,
                "name": "reptile"
            },
            {
                "id": 101,
                "name": "dinosaur"
            }
        ],
        "status": "available"
    },
    {
        "id": 9223372036854600241,
        "category": {
            "id": 100,
            "name": "Dinosaur"
        },
        "name": "Tyrannosaurus",
        "photoUrls": [
            "http://en.wikipedia.org/wiki/Tyrannosaurus#/media/File:Tyrannosaurus_rex_mmartyniuk.png"
        ],
        "tags": [
            {
                "id": 100,
                "name": "reptile"
            },
            {
                "id": 101,
                "name": "dinosaur"
            }
        ],
        "status": "available"
    },
    {
        "id": 9223372036854600243,
        "category": {
            "id": 100,
            "name": "Dinosaur"
        },
        "name": "Tyrannosaurus",
        "photoUrls": [
            "http://en.wikipedia.org/wiki/Tyrannosaurus#/media/File:Tyrannosaurus_rex_mmartyniuk.png"
        ],
        "tags": [
            {
                "id": 100,
                "name": "reptile"
            },
            {
                "id": 101,
                "name": "dinosaur"
            }
        ],
        "status": "available"
    },
    {
        "id": 9223372036854600244,
        "category": {
            "id": 100,
            "name": "Dinosaur"
        },
        "name": "Tyrannosaurus",
        "photoUrls": [
            "http://en.wikipedia.org/wiki/Tyrannosaurus#/media/File:Tyrannosaurus_rex_mmartyniuk.png"
        ],
        "tags": [
            {
                "id": 100,
                "name": "reptile"
            },
            {
                "id": 101,
                "name": "dinosaur"
            }
        ],
        "status": "available"
    },
    {
        "id": 9223372036854600245,
        "category": {
            "id": 100,
            "name": "Dinosaur"
        },
        "name": "Tyrannosaurus",
        "photoUrls": [
            "http://en.wikipedia.org/wiki/Tyrannosaurus#/media/File:Tyrannosaurus_rex_mmartyniuk.png"
        ],
        "tags": [
            {
                "id": 100,
                "name": "reptile"
            },
            {
                "id": 101,
                "name": "dinosaur"
            }
        ],
        "status": "available"
    },
    {
        "id": 9223372036854600247,
        "category": {
            "id": 100,
            "name": "Dinosaur"
        },
        "name": "Tyrannosaurus",
        "photoUrls": [
            "http://en.wikipedia.org/wiki/Tyrannosaurus#/media/File:Tyrannosaurus_rex_mmartyniuk.png"
        ],
        "tags": [
            {
                "id": 100,
                "name": "reptile"
            },
            {
                "id": 101,
                "name": "dinosaur"
            }
        ],
        "status": "available"
    },
    {
        "id": 9223372036854600248,
        "category": {
            "id": 100,
            "name": "Dinosaur"
        },
        "name": "Tyrannosaurus",
        "photoUrls": [
            "http://en.wikipedia.org/wiki/Tyrannosaurus#/media/File:Tyrannosaurus_rex_mmartyniuk.png"
        ],
        "tags": [
            {
                "id": 100,
                "name": "reptile"
            },
            {
                "id": 101,
                "name": "dinosaur"
            }
        ],
        "status": "available"
    },
    {
        "id": 9223372036854600249,
        "category": {
            "id": 100,
            "name": "Dinosaur"
        },
        "name": "Tyrannosaurus",
        "photoUrls": [
            "http://en.wikipedia.org/wiki/Tyrannosaurus#/media/File:Tyrannosaurus_rex_mmartyniuk.png"
        ],
        "tags": [
            {
                "id": 100,
                "name": "reptile"
            },
            {
                "id": 101,
                "name": "dinosaur"
            }
        ],
        "status": "available"
    },
    {
        "id": 9223372036854600250,
        "category": {
            "id": 100,
            "name": "Dinosaur"
        },
        "name": "Tyrannosaurus",
        "photoUrls": [
            "http://en.wikipedia.org/wiki/Tyrannosaurus#/media/File:Tyrannosaurus_rex_mmartyniuk.png"
        ],
        "tags": [
            {
                "id": 100,
                "name": "reptile"
            },
            {
                "id": 101,
                "name": "dinosaur"
            }
        ],
        "status": "available"
    },
    {
        "id": 9223372036854600251,
        "category": {
            "id": 100,
            "name": "Dinosaur"
        },
        "name": "Tyrannosaurus",
        "photoUrls": [
            "http://en.wikipedia.org/wiki/Tyrannosaurus#/media/File:Tyrannosaurus_rex_mmartyniuk.png"
        ],
        "tags": [
            {
                "id": 100,
                "name": "reptile"
            },
            {
                "id": 101,
                "name": "dinosaur"
            }
        ],
        "status": "available"
    },
    {
        "id": 9223372036854600252,
        "category": {
            "id": 100,
            "name": "Dinosaur"
        },
        "name": "Tyrannosaurus",
        "photoUrls": [
            "http://en.wikipedia.org/wiki/Tyrannosaurus#/media/File:Tyrannosaurus_rex_mmartyniuk.png"
        ],
        "tags": [
            {
                "id": 100,
                "name": "reptile"
            },
            {
                "id": 101,
                "name": "dinosaur"
            }
        ],
        "status": "available"
    },
    {
        "id": 9223372036854600253,
        "category": {
            "id": 100,
            "name": "Dinosaur"
        },
        "name": "Tyrannosaurus",
        "photoUrls": [
            "http://en.wikipedia.org/wiki/Tyrannosaurus#/media/File:Tyrannosaurus_rex_mmartyniuk.png"
        ],
        "tags": [
            {
                "id": 100,
                "name": "reptile"
            },
            {
                "id": 101,
                "name": "dinosaur"
            }
        ],
        "status": "available"
    },
    {
        "id": 9223372036854600255,
        "category": {
            "id": 100,
            "name": "Dinosaur"
        },
        "name": "Tyrannosaurus",
        "photoUrls": [
            "http://en.wikipedia.org/wiki/Tyrannosaurus#/media/File:Tyrannosaurus_rex_mmartyniuk.png"
        ],
        "tags": [
            {
                "id": 100,
                "name": "reptile"
            },
            {
                "id": 101,
                "name": "dinosaur"
            }
        ],
        "status": "available"
    },
    {
        "id": 9223372036854600256,
        "category": {
            "id": 100,
            "name": "Dinosaur"
        },
        "name": "Tyrannosaurus",
        "photoUrls": [
            "http://en.wikipedia.org/wiki/Tyrannosaurus#/media/File:Tyrannosaurus_rex_mmartyniuk.png"
        ],
        "tags": [
            {
                "id": 100,
                "name": "reptile"
            },
            {
                "id": 101,
                "name": "dinosaur"
            }
        ],
        "status": "available"
    },
    {
        "id": 9223372036854600257,
        "category": {
            "id": 100,
            "name": "Dinosaur"
        },
        "name": "Tyrannosaurus",
        "photoUrls": [
            "http://en.wikipedia.org/wiki/Tyrannosaurus#/media/File:Tyrannosaurus_rex_mmartyniuk.png"
        ],
        "tags": [
            {
                "id": 100,
                "name": "reptile"
            },
            {
                "id": 101,
                "name": "dinosaur"
            }
        ],
        "status": "available"
    },
    {
        "id": 9223372036854600258,
        "category": {
            "id": 100,
            "name": "Dinosaur"
        },
        "name": "Tyrannosaurus",
        "photoUrls": [
            "http://en.wikipedia.org/wiki/Tyrannosaurus#/media/File:Tyrannosaurus_rex_mmartyniuk.png"
        ],
        "tags": [
            {
                "id": 100,
                "name": "reptile"
            },
            {
                "id": 101,
                "name": "dinosaur"
            }
        ],
        "status": "available"
    },
    {
        "id": 9223372036854600259,
        "category": {
            "id": 100,
            "name": "Dinosaur"
        },
        "name": "Tyrannosaurus",
        "photoUrls": [
            "http://en.wikipedia.org/wiki/Tyrannosaurus#/media/File:Tyrannosaurus_rex_mmartyniuk.png"
        ],
        "tags": [
            {
                "id": 100,
                "name": "reptile"
            },
            {
                "id": 101,
                "name": "dinosaur"
            }
        ],
        "status": "available"
    },
    {
        "id": 9223372036854600261,
        "category": {
            "id": 100,
            "name": "Dinosaur"
        },
        "name": "Tyrannosaurus",
        "photoUrls": [
            "http://en.wikipedia.org/wiki/Tyrannosaurus#/media/File:Tyrannosaurus_rex_mmartyniuk.png"
        ],
        "tags": [
            {
                "id": 100,
                "name": "reptile"
            },
            {
                "id": 101,
                "name": "dinosaur"
            }
        ],
        "status": "available"
    },
    {
        "id": 9223372036854600262,
        "category": {
            "id": 100,
            "name": "Dinosaur"
        },
        "name": "Tyrannosaurus",
        "photoUrls": [
            "http://en.wikipedia.org/wiki/Tyrannosaurus#/media/File:Tyrannosaurus_rex_mmartyniuk.png"
        ],
        "tags": [
            {
                "id": 100,
                "name": "reptile"
            },
            {
                "id": 101,
                "name": "dinosaur"
            }
        ],
        "status": "available"
    },
    {
        "id": 9223372036854600263,
        "category": {
            "id": 100,
            "name": "Dinosaur"
        },
        "name": "Tyrannosaurus",
        "photoUrls": [
            "http://en.wikipedia.org/wiki/Tyrannosaurus#/media/File:Tyrannosaurus_rex_mmartyniuk.png"
        ],
        "tags": [
            {
                "id": 100,
                "name": "reptile"
            },
            {
                "id": 101,
                "name": "dinosaur"
            }
        ],
        "status": "available"
    },
    {
        "id": 9223372036854600265,
        "category": {
            "id": 100,
            "name": "Dinosaur"
        },
        "name": "Tyrannosaurus",
        "photoUrls": [
            "http://en.wikipedia.org/wiki/Tyrannosaurus#/media/File:Tyrannosaurus_rex_mmartyniuk.png"
        ],
        "tags": [
            {
                "id": 100,
                "name": "reptile"
            },
            {
                "id": 101,
                "name": "dinosaur"
            }
        ],
        "status": "available"
    },
    {
        "id": 9223372036854600271,
        "category": {
            "id": 100,
            "name": "Dinosaur"
        },
        "name": "Tyrannosaurus",
        "photoUrls": [
            "http://en.wikipedia.org/wiki/Tyrannosaurus#/media/File:Tyrannosaurus_rex_mmartyniuk.png"
        ],
        "tags": [
            {
                "id": 100,
                "name": "reptile"
            },
            {
                "id": 101,
                "name": "dinosaur"
            }
        ],
        "status": "available"
    },
    {
        "id": 9223372036854600273,
        "category": {
            "id": 10,
            "name": "ZAP"
        },
        "name": "ZAP",
        "photoUrls": [
            "John Doe"
        ],
        "tags": [
            {
                "id": 10,
                "name": "ZAP"
            }
        ],
        "status": "available"
    },
    {
        "id": 9223372036854600274,
        "category": {
            "id": 10,
            "name": "ZAP"
        },
        "name": "ZAP",
        "photoUrls": [
            "John Doe"
        ],
        "tags": [
            {
                "id": 10,
                "name": "ZAP"
            }
        ],
        "status": "available"
    },
    {
        "id": 9223372036854600275,
        "category": {
            "id": 10,
            "name": "ZAP"
        },
        "name": "ZAP",
        "photoUrls": [
            "John Doe"
        ],
        "tags": [
            {
                "id": 10,
                "name": "ZAP"
            }
        ],
        "status": "available"
    },
    {
        "id": 9223372036854600276,
        "category": {
            "id": 10,
            "name": "ZAP"
        },
        "name": "ZAP",
        "photoUrls": [
            "John Doe"
        ],
        "tags": [
            {
                "id": 10,
                "name": "ZAP"
            }
        ],
        "status": "available"
    },
    {
        "id": 9223372036854600277,
        "category": {
            "id": 10,
            "name": "ZAP"
        },
        "name": "ZAP",
        "photoUrls": [
            "John Doe"
        ],
        "tags": [
            {
                "id": 10,
                "name": "ZAP"
            }
        ],
        "status": "available"
    },
    {
        "id": 9223372036854600278,
        "category": {
            "id": 10,
            "name": "ZAP"
        },
        "name": "ZAP",
        "photoUrls": [
            "John Doe"
        ],
        "tags": [
            {
                "id": 10,
                "name": "ZAP"
            }
        ],
        "status": "available"
    },
    {
        "id": 9223372036854600279,
        "category": {
            "id": 0,
            "name": "string"
        },
        "name": "doggie",
        "photoUrls": [
            "string"
        ],
        "tags": [
            {
                "id": 0,
                "name": "string"
            }
        ],
        "status": "available"
    },
    {
        "id": 9223372036854600280,
        "category": {
            "id": 100,
            "name": "Dinosaur"
        },
        "name": "Tyrannosaurus",
        "photoUrls": [
            "http://en.wikipedia.org/wiki/Tyrannosaurus#/media/File:Tyrannosaurus_rex_mmartyniuk.png"
        ],
        "tags": [
            {
                "id": 100,
                "name": "reptile"
            },
            {
                "id": 101,
                "name": "dinosaur"
            }
        ],
        "status": "available"
    },
    {
        "id": 9223372036854600281,
        "category": {
            "id": 100,
            "name": "Dinosaur"
        },
        "name": "Tyrannosaurus",
        "photoUrls": [
            "http://en.wikipedia.org/wiki/Tyrannosaurus#/media/File:Tyrannosaurus_rex_mmartyniuk.png"
        ],
        "tags": [
            {
                "id": 100,
                "name": "reptile"
            },
            {
                "id": 101,
                "name": "dinosaur"
            }
        ],
        "status": "available"
    },
    {
        "id": 9223372036854600282,
        "category": {
            "id": 100,
            "name": "Dinosaur"
        },
        "name": "Tyrannosaurus",
        "photoUrls": [
            "http://en.wikipedia.org/wiki/Tyrannosaurus#/media/File:Tyrannosaurus_rex_mmartyniuk.png"
        ],
        "tags": [
            {
                "id": 100,
                "name": "reptile"
            },
            {
                "id": 101,
                "name": "dinosaur"
            }
        ],
        "status": "available"
    },
    {
        "id": 9223372036854600283,
        "category": {
            "id": 100,
            "name": "Dinosaur"
        },
        "name": "Tyrannosaurus",
        "photoUrls": [
            "http://en.wikipedia.org/wiki/Tyrannosaurus#/media/File:Tyrannosaurus_rex_mmartyniuk.png"
        ],
        "tags": [
            {
                "id": 100,
                "name": "reptile"
            },
            {
                "id": 101,
                "name": "dinosaur"
            }
        ],
        "status": "available"
    },
    {
        "id": 9223372036854600287,
        "category": {
            "id": 100,
            "name": "Dinosaur"
        },
        "name": "Tyrannosaurus",
        "photoUrls": [
            "http://en.wikipedia.org/wiki/Tyrannosaurus#/media/File:Tyrannosaurus_rex_mmartyniuk.png"
        ],
        "tags": [
            {
                "id": 100,
                "name": "reptile"
            },
            {
                "id": 101,
                "name": "dinosaur"
            }
        ],
        "status": "available"
    },
    {
        "id": 9223372036854600288,
        "category": {
            "id": 100,
            "name": "Dinosaur"
        },
        "name": "Tyrannosaurus",
        "photoUrls": [
            "http://en.wikipedia.org/wiki/Tyrannosaurus#/media/File:Tyrannosaurus_rex_mmartyniuk.png"
        ],
        "tags": [
            {
                "id": 100,
                "name": "reptile"
            },
            {
                "id": 101,
                "name": "dinosaur"
            }
        ],
        "status": "available"
    },
    {
        "id": 9223372036854600289,
        "category": {
            "id": 100,
            "name": "Dinosaur"
        },
        "name": "Tyrannosaurus",
        "photoUrls": [
            "http://en.wikipedia.org/wiki/Tyrannosaurus#/media/File:Tyrannosaurus_rex_mmartyniuk.png"
        ],
        "tags": [
            {
                "id": 100,
                "name": "reptile"
            },
            {
                "id": 101,
                "name": "dinosaur"
            }
        ],
        "status": "available"
    },
    {
        "id": 9223372036854600290,
        "category": {
            "id": 100,
            "name": "Dinosaur"
        },
        "name": "Tyrannosaurus",
        "photoUrls": [
            "http://en.wikipedia.org/wiki/Tyrannosaurus#/media/File:Tyrannosaurus_rex_mmartyniuk.png"
        ],
        "tags": [
            {
                "id": 100,
                "name": "reptile"
            },
            {
                "id": 101,
                "name": "dinosaur"
            }
        ],
        "status": "available"
    },
    {
        "id": 9223372036854600292,
        "category": {
            "id": 100,
            "name": "Dinosaur"
        },
        "name": "Tyrannosaurus",
        "photoUrls": [
            "http://en.wikipedia.org/wiki/Tyrannosaurus#/media/File:Tyrannosaurus_rex_mmartyniuk.png"
        ],
        "tags": [
            {
                "id": 100,
                "name": "reptile"
            },
            {
                "id": 101,
                "name": "dinosaur"
            }
        ],
        "status": "available"
    },
    {
        "id": 9223372036854600293,
        "category": {
            "id": 100,
            "name": "Dinosaur"
        },
        "name": "Tyrannosaurus",
        "photoUrls": [
            "http://en.wikipedia.org/wiki/Tyrannosaurus#/media/File:Tyrannosaurus_rex_mmartyniuk.png"
        ],
        "tags": [
            {
                "id": 100,
                "name": "reptile"
            },
            {
                "id": 101,
                "name": "dinosaur"
            }
        ],
        "status": "available"
    },
    {
        "id": 9223372036854600294,
        "category": {
            "id": 100,
            "name": "Dinosaur"
        },
        "name": "Tyrannosaurus",
        "photoUrls": [
            "http://en.wikipedia.org/wiki/Tyrannosaurus#/media/File:Tyrannosaurus_rex_mmartyniuk.png"
        ],
        "tags": [
            {
                "id": 100,
                "name": "reptile"
            },
            {
                "id": 101,
                "name": "dinosaur"
            }
        ],
        "status": "available"
    },
    {
        "id": 9223372036854600295,
        "category": {
            "id": 100,
            "name": "Dinosaur"
        },
        "name": "Tyrannosaurus",
        "photoUrls": [
            "http://en.wikipedia.org/wiki/Tyrannosaurus#/media/File:Tyrannosaurus_rex_mmartyniuk.png"
        ],
        "tags": [
            {
                "id": 100,
                "name": "reptile"
            },
            {
                "id": 101,
                "name": "dinosaur"
            }
        ],
        "status": "available"
    },
    {
        "id": 9223372036854600296,
        "category": {
            "id": 100,
            "name": "Dinosaur"
        },
        "name": "Tyrannosaurus",
        "photoUrls": [
            "http://en.wikipedia.org/wiki/Tyrannosaurus#/media/File:Tyrannosaurus_rex_mmartyniuk.png"
        ],
        "tags": [
            {
                "id": 100,
                "name": "reptile"
            },
            {
                "id": 101,
                "name": "dinosaur"
            }
        ],
        "status": "available"
    },
    {
        "id": 9223372036854600297,
        "category": {
            "id": 0,
            "name": "string"
        },
        "name": "fish",
        "photoUrls": [
            "string"
        ],
        "tags": [
            {
                "id": 0,
                "name": "string"
            }
        ],
        "status": "available"
    },
    {
        "id": 9223372036854600298,
        "category": {
            "id": 100,
            "name": "Dinosaur"
        },
        "name": "Tyrannosaurus",
        "photoUrls": [
            "http://en.wikipedia.org/wiki/Tyrannosaurus#/media/File:Tyrannosaurus_rex_mmartyniuk.png"
        ],
        "tags": [
            {
                "id": 100,
                "name": "reptile"
            },
            {
                "id": 101,
                "name": "dinosaur"
            }
        ],
        "status": "available"
    },
    {
        "id": 9223372036854600299,
        "category": {
            "id": 100,
            "name": "Dinosaur"
        },
        "name": "Tyrannosaurus",
        "photoUrls": [
            "http://en.wikipedia.org/wiki/Tyrannosaurus#/media/File:Tyrannosaurus_rex_mmartyniuk.png"
        ],
        "tags": [
            {
                "id": 100,
                "name": "reptile"
            },
            {
                "id": 101,
                "name": "dinosaur"
            }
        ],
        "status": "available"
    },
    {
        "id": 9223372036854600301,
        "category": {
            "id": 100,
            "name": "Dinosaur"
        },
        "name": "Tyrannosaurus",
        "photoUrls": [
            "http://en.wikipedia.org/wiki/Tyrannosaurus#/media/File:Tyrannosaurus_rex_mmartyniuk.png"
        ],
        "tags": [
            {
                "id": 100,
                "name": "reptile"
            },
            {
                "id": 101,
                "name": "dinosaur"
            }
        ],
        "status": "available"
    },
    {
        "id": 9223372036854600303,
        "category": {
            "id": 100,
            "name": "Dinosaur"
        },
        "name": "Tyrannosaurus",
        "photoUrls": [
            "http://en.wikipedia.org/wiki/Tyrannosaurus#/media/File:Tyrannosaurus_rex_mmartyniuk.png"
        ],
        "tags": [
            {
                "id": 100,
                "name": "reptile"
            },
            {
                "id": 101,
                "name": "dinosaur"
            }
        ],
        "status": "available"
    },
    {
        "id": 9223372036854600304,
        "category": {
            "id": 100,
            "name": "Dinosaur"
        },
        "name": "Tyrannosaurus",
        "photoUrls": [
            "http://en.wikipedia.org/wiki/Tyrannosaurus#/media/File:Tyrannosaurus_rex_mmartyniuk.png"
        ],
        "tags": [
            {
                "id": 100,
                "name": "reptile"
            },
            {
                "id": 101,
                "name": "dinosaur"
            }
        ],
        "status": "available"
    },
    {
        "id": 9223372036854600305,
        "category": {
            "id": 0,
            "name": "string"
        },
        "name": "doggie",
        "photoUrls": [
            "string"
        ],
        "tags": [
            {
                "id": 0,
                "name": "string"
            }
        ],
        "status": "available"
    },
    {
        "id": 9223372036854600306,
        "category": {
            "id": 100,
            "name": "Dinosaur"
        },
        "name": "Tyrannosaurus",
        "photoUrls": [
            "http://en.wikipedia.org/wiki/Tyrannosaurus#/media/File:Tyrannosaurus_rex_mmartyniuk.png"
        ],
        "tags": [
            {
                "id": 100,
                "name": "reptile"
            },
            {
                "id": 101,
                "name": "dinosaur"
            }
        ],
        "status": "available"
    },
    {
        "id": 9223372036854600307,
        "category": {
            "id": 0,
            "name": "string"
        },
        "name": "doggie",
        "photoUrls": [
            "string"
        ],
        "tags": [
            {
                "id": 0,
                "name": "string"
            }
        ],
        "status": "available"
    },
    {
        "id": 9223372036854600309,
        "category": {
            "id": 100,
            "name": "Dinosaur"
        },
        "name": "Tyrannosaurus",
        "photoUrls": [
            "http://en.wikipedia.org/wiki/Tyrannosaurus#/media/File:Tyrannosaurus_rex_mmartyniuk.png"
        ],
        "tags": [
            {
                "id": 100,
                "name": "reptile"
            },
            {
                "id": 101,
                "name": "dinosaur"
            }
        ],
        "status": "available"
    },
    {
        "id": 9223372036854600310,
        "category": {
            "id": 100,
            "name": "Dinosaur"
        },
        "name": "Tyrannosaurus",
        "photoUrls": [
            "http://en.wikipedia.org/wiki/Tyrannosaurus#/media/File:Tyrannosaurus_rex_mmartyniuk.png"
        ],
        "tags": [
            {
                "id": 100,
                "name": "reptile"
            },
            {
                "id": 101,
                "name": "dinosaur"
            }
        ],
        "status": "available"
    },
    {
        "id": 9223372036854600311,
        "category": {
            "id": 100,
            "name": "Dinosaur"
        },
        "name": "Tyrannosaurus",
        "photoUrls": [
            "http://en.wikipedia.org/wiki/Tyrannosaurus#/media/File:Tyrannosaurus_rex_mmartyniuk.png"
        ],
        "tags": [
            {
                "id": 100,
                "name": "reptile"
            },
            {
                "id": 101,
                "name": "dinosaur"
            }
        ],
        "status": "available"
    },
    {
        "id": 9223372036854600312,
        "category": {
            "id": 100,
            "name": "Dinosaur"
        },
        "name": "Tyrannosaurus",
        "photoUrls": [
            "http://en.wikipedia.org/wiki/Tyrannosaurus#/media/File:Tyrannosaurus_rex_mmartyniuk.png"
        ],
        "tags": [
            {
                "id": 100,
                "name": "reptile"
            },
            {
                "id": 101,
                "name": "dinosaur"
            }
        ],
        "status": "available"
    },
    {
        "id": 9223372036854600313,
        "category": {
            "id": 100,
            "name": "Dinosaur"
        },
        "name": "Tyrannosaurus",
        "photoUrls": [
            "http://en.wikipedia.org/wiki/Tyrannosaurus#/media/File:Tyrannosaurus_rex_mmartyniuk.png"
        ],
        "tags": [
            {
                "id": 100,
                "name": "reptile"
            },
            {
                "id": 101,
                "name": "dinosaur"
            }
        ],
        "status": "available"
    },
    {
        "id": 9223372036854600314,
        "category": {
            "id": 100,
            "name": "Dinosaur"
        },
        "name": "Tyrannosaurus",
        "photoUrls": [
            "http://en.wikipedia.org/wiki/Tyrannosaurus#/media/File:Tyrannosaurus_rex_mmartyniuk.png"
        ],
        "tags": [
            {
                "id": 100,
                "name": "reptile"
            },
            {
                "id": 101,
                "name": "dinosaur"
            }
        ],
        "status": "available"
    },
    {
        "id": 9223372036854600315,
        "category": {
            "id": 100,
            "name": "Dinosaur"
        },
        "name": "Tyrannosaurus",
        "photoUrls": [
            "http://en.wikipedia.org/wiki/Tyrannosaurus#/media/File:Tyrannosaurus_rex_mmartyniuk.png"
        ],
        "tags": [
            {
                "id": 100,
                "name": "reptile"
            },
            {
                "id": 101,
                "name": "dinosaur"
            }
        ],
        "status": "available"
    },
    {
        "id": 9223372036854600316,
        "category": {
            "id": 100,
            "name": "Dinosaur"
        },
        "name": "Tyrannosaurus",
        "photoUrls": [
            "http://en.wikipedia.org/wiki/Tyrannosaurus#/media/File:Tyrannosaurus_rex_mmartyniuk.png"
        ],
        "tags": [
            {
                "id": 100,
                "name": "reptile"
            },
            {
                "id": 101,
                "name": "dinosaur"
            }
        ],
        "status": "available"
    },
    {
        "id": 9223372036854600317,
        "category": {
            "id": 100,
            "name": "Dinosaur"
        },
        "name": "Tyrannosaurus",
        "photoUrls": [
            "http://en.wikipedia.org/wiki/Tyrannosaurus#/media/File:Tyrannosaurus_rex_mmartyniuk.png"
        ],
        "tags": [
            {
                "id": 100,
                "name": "reptile"
            },
            {
                "id": 101,
                "name": "dinosaur"
            }
        ],
        "status": "available"
    },
    {
        "id": 9223372036854600318,
        "category": {
            "id": 100,
            "name": "Dinosaur"
        },
        "name": "Tyrannosaurus",
        "photoUrls": [
            "http://en.wikipedia.org/wiki/Tyrannosaurus#/media/File:Tyrannosaurus_rex_mmartyniuk.png"
        ],
        "tags": [
            {
                "id": 100,
                "name": "reptile"
            },
            {
                "id": 101,
                "name": "dinosaur"
            }
        ],
        "status": "available"
    },
    {
        "id": 9223372036854600319,
        "category": {
            "id": 100,
            "name": "Dinosaur"
        },
        "name": "Tyrannosaurus",
        "photoUrls": [
            "http://en.wikipedia.org/wiki/Tyrannosaurus#/media/File:Tyrannosaurus_rex_mmartyniuk.png"
        ],
        "tags": [
            {
                "id": 100,
                "name": "reptile"
            },
            {
                "id": 101,
                "name": "dinosaur"
            }
        ],
        "status": "available"
    },
    {
        "id": 9223372036854600320,
        "category": {
            "id": 100,
            "name": "Dinosaur"
        },
        "name": "Tyrannosaurus",
        "photoUrls": [
            "http://en.wikipedia.org/wiki/Tyrannosaurus#/media/File:Tyrannosaurus_rex_mmartyniuk.png"
        ],
        "tags": [
            {
                "id": 100,
                "name": "reptile"
            },
            {
                "id": 101,
                "name": "dinosaur"
            }
        ],
        "status": "available"
    },
    {
        "id": 9223372036854600321,
        "category": {
            "id": 100,
            "name": "Dinosaur"
        },
        "name": "Tyrannosaurus",
        "photoUrls": [
            "http://en.wikipedia.org/wiki/Tyrannosaurus#/media/File:Tyrannosaurus_rex_mmartyniuk.png"
        ],
        "tags": [
            {
                "id": 100,
                "name": "reptile"
            },
            {
                "id": 101,
                "name": "dinosaur"
            }
        ],
        "status": "available"
    },
    {
        "id": 9223372036854600322,
        "category": {
            "id": 100,
            "name": "Dinosaur"
        },
        "name": "Tyrannosaurus",
        "photoUrls": [
            "http://en.wikipedia.org/wiki/Tyrannosaurus#/media/File:Tyrannosaurus_rex_mmartyniuk.png"
        ],
        "tags": [
            {
                "id": 100,
                "name": "reptile"
            },
            {
                "id": 101,
                "name": "dinosaur"
            }
        ],
        "status": "available"
    },
    {
        "id": 9223372036854600324,
        "category": {
            "id": 100,
            "name": "Dinosaur"
        },
        "name": "Tyrannosaurus",
        "photoUrls": [
            "http://en.wikipedia.org/wiki/Tyrannosaurus#/media/File:Tyrannosaurus_rex_mmartyniuk.png"
        ],
        "tags": [
            {
                "id": 100,
                "name": "reptile"
            },
            {
                "id": 101,
                "name": "dinosaur"
            }
        ],
        "status": "available"
    },
    {
        "id": 9223372036854600328,
        "category": {
            "id": 100,
            "name": "Dinosaur"
        },
        "name": "Tyrannosaurus",
        "photoUrls": [
            "http://en.wikipedia.org/wiki/Tyrannosaurus#/media/File:Tyrannosaurus_rex_mmartyniuk.png"
        ],
        "tags": [
            {
                "id": 100,
                "name": "reptile"
            },
            {
                "id": 101,
                "name": "dinosaur"
            }
        ],
        "status": "available"
    },
    {
        "id": 9223372036854600329,
        "category": {
            "id": 100,
            "name": "Dinosaur"
        },
        "name": "Tyrannosaurus",
        "photoUrls": [
            "http://en.wikipedia.org/wiki/Tyrannosaurus#/media/File:Tyrannosaurus_rex_mmartyniuk.png"
        ],
        "tags": [
            {
                "id": 100,
                "name": "reptile"
            },
            {
                "id": 101,
                "name": "dinosaur"
            }
        ],
        "status": "available"
    },
    {
        "id": 9223372036854600330,
        "category": {
            "id": 100,
            "name": "Dinosaur"
        },
        "name": "Tyrannosaurus",
        "photoUrls": [
            "http://en.wikipedia.org/wiki/Tyrannosaurus#/media/File:Tyrannosaurus_rex_mmartyniuk.png"
        ],
        "tags": [
            {
                "id": 100,
                "name": "reptile"
            },
            {
                "id": 101,
                "name": "dinosaur"
            }
        ],
        "status": "available"
    },
    {
        "id": 9223372036854600331,
        "category": {
            "id": 100,
            "name": "Dinosaur"
        },
        "name": "Tyrannosaurus",
        "photoUrls": [
            "http://en.wikipedia.org/wiki/Tyrannosaurus#/media/File:Tyrannosaurus_rex_mmartyniuk.png"
        ],
        "tags": [
            {
                "id": 100,
                "name": "reptile"
            },
            {
                "id": 101,
                "name": "dinosaur"
            }
        ],
        "status": "available"
    },
    {
        "id": 9223372036854600332,
        "category": {
            "id": 100,
            "name": "Dinosaur"
        },
        "name": "Tyrannosaurus",
        "photoUrls": [
            "http://en.wikipedia.org/wiki/Tyrannosaurus#/media/File:Tyrannosaurus_rex_mmartyniuk.png"
        ],
        "tags": [
            {
                "id": 100,
                "name": "reptile"
            },
            {
                "id": 101,
                "name": "dinosaur"
            }
        ],
        "status": "available"
    },
    {
        "id": 9223372036854600333,
        "category": {
            "id": 100,
            "name": "Dinosaur"
        },
        "name": "Tyrannosaurus",
        "photoUrls": [
            "http://en.wikipedia.org/wiki/Tyrannosaurus#/media/File:Tyrannosaurus_rex_mmartyniuk.png"
        ],
        "tags": [
            {
                "id": 100,
                "name": "reptile"
            },
            {
                "id": 101,
                "name": "dinosaur"
            }
        ],
        "status": "available"
    },
    {
        "id": 9223372036854600334,
        "category": {
            "id": 100,
            "name": "Dinosaur"
        },
        "name": "Tyrannosaurus",
        "photoUrls": [
            "http://en.wikipedia.org/wiki/Tyrannosaurus#/media/File:Tyrannosaurus_rex_mmartyniuk.png"
        ],
        "tags": [
            {
                "id": 100,
                "name": "reptile"
            },
            {
                "id": 101,
                "name": "dinosaur"
            }
        ],
        "status": "available"
    },
    {
        "id": 9223372036854600335,
        "category": {
            "id": 100,
            "name": "Dinosaur"
        },
        "name": "Tyrannosaurus",
        "photoUrls": [
            "http://en.wikipedia.org/wiki/Tyrannosaurus#/media/File:Tyrannosaurus_rex_mmartyniuk.png"
        ],
        "tags": [
            {
                "id": 100,
                "name": "reptile"
            },
            {
                "id": 101,
                "name": "dinosaur"
            }
        ],
        "status": "available"
    },
    {
        "id": 9223372036854600336,
        "category": {
            "id": 100,
            "name": "Dinosaur"
        },
        "name": "Tyrannosaurus",
        "photoUrls": [
            "http://en.wikipedia.org/wiki/Tyrannosaurus#/media/File:Tyrannosaurus_rex_mmartyniuk.png"
        ],
        "tags": [
            {
                "id": 100,
                "name": "reptile"
            },
            {
                "id": 101,
                "name": "dinosaur"
            }
        ],
        "status": "available"
    },
    {
        "id": 9223372036854600337,
        "category": {
            "id": 100,
            "name": "Dinosaur"
        },
        "name": "Tyrannosaurus",
        "photoUrls": [
            "http://en.wikipedia.org/wiki/Tyrannosaurus#/media/File:Tyrannosaurus_rex_mmartyniuk.png"
        ],
        "tags": [
            {
                "id": 100,
                "name": "reptile"
            },
            {
                "id": 101,
                "name": "dinosaur"
            }
        ],
        "status": "available"
    },
    {
        "id": 9223372036854600342,
        "category": {
            "id": 100,
            "name": "Dinosaur"
        },
        "name": "Tyrannosaurus",
        "photoUrls": [
            "http://en.wikipedia.org/wiki/Tyrannosaurus#/media/File:Tyrannosaurus_rex_mmartyniuk.png"
        ],
        "tags": [
            {
                "id": 100,
                "name": "reptile"
            },
            {
                "id": 101,
                "name": "dinosaur"
            }
        ],
        "status": "available"
    },
    {
        "id": 9223372036854600343,
        "category": {
            "id": 100,
            "name": "Dinosaur"
        },
        "name": "Tyrannosaurus",
        "photoUrls": [
            "http://en.wikipedia.org/wiki/Tyrannosaurus#/media/File:Tyrannosaurus_rex_mmartyniuk.png"
        ],
        "tags": [
            {
                "id": 100,
                "name": "reptile"
            },
            {
                "id": 101,
                "name": "dinosaur"
            }
        ],
        "status": "available"
    },
    {
        "id": 9223372036854600344,
        "category": {
            "id": 100,
            "name": "Dinosaur"
        },
        "name": "Tyrannosaurus",
        "photoUrls": [
            "http://en.wikipedia.org/wiki/Tyrannosaurus#/media/File:Tyrannosaurus_rex_mmartyniuk.png"
        ],
        "tags": [
            {
                "id": 100,
                "name": "reptile"
            },
            {
                "id": 101,
                "name": "dinosaur"
            }
        ],
        "status": "available"
    },
    {
        "id": 9223372036854600345,
        "category": {
            "id": 100,
            "name": "Dinosaur"
        },
        "name": "Tyrannosaurus",
        "photoUrls": [
            "http://en.wikipedia.org/wiki/Tyrannosaurus#/media/File:Tyrannosaurus_rex_mmartyniuk.png"
        ],
        "tags": [
            {
                "id": 100,
                "name": "reptile"
            },
            {
                "id": 101,
                "name": "dinosaur"
            }
        ],
        "status": "available"
    },
    {
        "id": 9223372036854600346,
        "category": {
            "id": 0,
            "name": "string"
        },
        "name": "doggie",
        "photoUrls": [
            "string"
        ],
        "tags": [
            {
                "id": 0,
                "name": "string"
            }
        ],
        "status": "available"
    },
    {
        "id": 9223372036854600347,
        "category": {
            "id": 100,
            "name": "Dinosaur"
        },
        "name": "Tyrannosaurus",
        "photoUrls": [
            "http://en.wikipedia.org/wiki/Tyrannosaurus#/media/File:Tyrannosaurus_rex_mmartyniuk.png"
        ],
        "tags": [
            {
                "id": 100,
                "name": "reptile"
            },
            {
                "id": 101,
                "name": "dinosaur"
            }
        ],
        "status": "available"
    },
    {
        "id": 9223372036854600348,
        "category": {
            "id": 0,
            "name": "string"
        },
        "name": "doggie",
        "photoUrls": [
            "string"
        ],
        "tags": [
            {
                "id": 0,
                "name": "string"
            }
        ],
        "status": "available"
    },
    {
        "id": 9223372036854600349,
        "category": {
            "id": 0,
            "name": "string"
        },
        "name": "doggie",
        "photoUrls": [
            "string"
        ],
        "tags": [
            {
                "id": 0,
                "name": "string"
            }
        ],
        "status": "available"
    },
    {
        "id": 9223372036854600350,
        "category": {
            "id": 0,
            "name": "string"
        },
        "name": "fish",
        "photoUrls": [
            "string"
        ],
        "tags": [
            {
                "id": 0,
                "name": "string"
            }
        ],
        "status": "available"
    },
    {
        "id": 9223372036854600351,
        "category": {
            "id": 0,
            "name": "string"
        },
        "name": "fish",
        "photoUrls": [
            "string"
        ],
        "tags": [
            {
                "id": 0,
                "name": "string"
            }
        ],
        "status": "available"
    },
    {
        "id": 9223372036854600352,
        "category": {
            "id": 100,
            "name": "Dinosaur"
        },
        "name": "Tyrannosaurus",
        "photoUrls": [
            "http://en.wikipedia.org/wiki/Tyrannosaurus#/media/File:Tyrannosaurus_rex_mmartyniuk.png"
        ],
        "tags": [
            {
                "id": 100,
                "name": "reptile"
            },
            {
                "id": 101,
                "name": "dinosaur"
            }
        ],
        "status": "available"
    },
    {
        "id": 9223372036854600353,
        "category": {
            "id": 100,
            "name": "Dinosaur"
        },
        "name": "Tyrannosaurus",
        "photoUrls": [
            "http://en.wikipedia.org/wiki/Tyrannosaurus#/media/File:Tyrannosaurus_rex_mmartyniuk.png"
        ],
        "tags": [
            {
                "id": 100,
                "name": "reptile"
            },
            {
                "id": 101,
                "name": "dinosaur"
            }
        ],
        "status": "available"
    },
    {
        "id": 9223372036854600354,
        "category": {
            "id": 100,
            "name": "Dinosaur"
        },
        "name": "Tyrannosaurus",
        "photoUrls": [
            "http://en.wikipedia.org/wiki/Tyrannosaurus#/media/File:Tyrannosaurus_rex_mmartyniuk.png"
        ],
        "tags": [
            {
                "id": 100,
                "name": "reptile"
            },
            {
                "id": 101,
                "name": "dinosaur"
            }
        ],
        "status": "available"
    },
    {
        "id": 9223372036854600355,
        "category": {
            "id": 100,
            "name": "Dinosaur"
        },
        "name": "Tyrannosaurus",
        "photoUrls": [
            "http://en.wikipedia.org/wiki/Tyrannosaurus#/media/File:Tyrannosaurus_rex_mmartyniuk.png"
        ],
        "tags": [
            {
                "id": 100,
                "name": "reptile"
            },
            {
                "id": 101,
                "name": "dinosaur"
            }
        ],
        "status": "available"
    },
    {
        "id": 9223372036854600356,
        "category": {
            "id": 100,
            "name": "Dinosaur"
        },
        "name": "Tyrannosaurus",
        "photoUrls": [
            "http://en.wikipedia.org/wiki/Tyrannosaurus#/media/File:Tyrannosaurus_rex_mmartyniuk.png"
        ],
        "tags": [
            {
                "id": 100,
                "name": "reptile"
            },
            {
                "id": 101,
                "name": "dinosaur"
            }
        ],
        "status": "available"
    },
    {
        "id": 9223372036854600357,
        "category": {
            "id": 0,
            "name": "string"
        },
        "name": "Puff",
        "photoUrls": [
            "string"
        ],
        "tags": [
            {
                "id": 0,
                "name": "string"
            }
        ],
        "status": "available"
    },
    {
        "id": 9223372036854600360,
        "category": {
            "id": 100,
            "name": "Dinosaur"
        },
        "name": "Tyrannosaurus",
        "photoUrls": [
            "http://en.wikipedia.org/wiki/Tyrannosaurus#/media/File:Tyrannosaurus_rex_mmartyniuk.png"
        ],
        "tags": [
            {
                "id": 100,
                "name": "reptile"
            },
            {
                "id": 101,
                "name": "dinosaur"
            }
        ],
        "status": "available"
    },
    {
        "id": 9223372036854600361,
        "category": {
            "id": 100,
            "name": "Dinosaur"
        },
        "name": "Tyrannosaurus",
        "photoUrls": [
            "http://en.wikipedia.org/wiki/Tyrannosaurus#/media/File:Tyrannosaurus_rex_mmartyniuk.png"
        ],
        "tags": [
            {
                "id": 100,
                "name": "reptile"
            },
            {
                "id": 101,
                "name": "dinosaur"
            }
        ],
        "status": "available"
    },
    {
        "id": 9223372036854600362,
        "category": {
            "id": 100,
            "name": "Dinosaur"
        },
        "name": "Tyrannosaurus",
        "photoUrls": [
            "http://en.wikipedia.org/wiki/Tyrannosaurus#/media/File:Tyrannosaurus_rex_mmartyniuk.png"
        ],
        "tags": [
            {
                "id": 100,
                "name": "reptile"
            },
            {
                "id": 101,
                "name": "dinosaur"
            }
        ],
        "status": "available"
    },
    {
        "id": 9223372036854600363,
        "category": {
            "id": 100,
            "name": "Dinosaur"
        },
        "name": "Tyrannosaurus",
        "photoUrls": [
            "http://en.wikipedia.org/wiki/Tyrannosaurus#/media/File:Tyrannosaurus_rex_mmartyniuk.png"
        ],
        "tags": [
            {
                "id": 100,
                "name": "reptile"
            },
            {
                "id": 101,
                "name": "dinosaur"
            }
        ],
        "status": "available"
    },
    {
        "id": 9223372036854600365,
        "category": {
            "id": 100,
            "name": "Dinosaur"
        },
        "name": "Tyrannosaurus",
        "photoUrls": [
            "http://en.wikipedia.org/wiki/Tyrannosaurus#/media/File:Tyrannosaurus_rex_mmartyniuk.png"
        ],
        "tags": [
            {
                "id": 100,
                "name": "reptile"
            },
            {
                "id": 101,
                "name": "dinosaur"
            }
        ],
        "status": "available"
    },
    {
        "id": 922337203685477590,
        "category": {
            "id": 2,
            "name": "dog"
        },
        "name": "doggie-yoggie",
        "photoUrls": [
            
        ],
        "tags": [
            
        ],
        "status": "available"
    },
    {
        "id": 1,
        "category": {
            "id": 1,
            "name": "string"
        },
        "name": "doggie",
        "photoUrls": [
            "string"
        ],
        "tags": [
            {
                "id": 1,
                "name": "string"
            }
        ],
        "status": "available"
    },
    {
        "id": 9223372036854600369,
        "category": {
            "id": 0,
            "name": "string"
        },
        "name": "doggie",
        "photoUrls": [
            "string"
        ],
        "tags": [
            {
                "id": 0,
                "name": "string"
            }
        ],
        "status": "available"
    },
    {
        "id": 9223372036854600370,
        "category": {
            "id": 0,
            "name": "string"
        },
        "name": "doggie",
        "photoUrls": [
            "string"
        ],
        "tags": [
            {
                "id": 0,
                "name": "string"
            }
        ],
        "status": "available"
    },
    {
        "id": 9223372036854600371,
        "name": "doggie",
        "photoUrls": [
            
        ],
        "tags": [
            
        ],
        "status": "available"
    },
    {
        "id": 9223372036854600372,
        "category": {
            "id": 0,
            "name": "string"
        },
        "name": "doggie",
        "photoUrls": [
            "string"
        ],
        "tags": [
            {
                "id": 0,
                "name": "string"
            }
        ],
        "status": "available"
    },
    {
        "id": 127,
        "category": {
            "id": 1,
            "name": "cats"
        },
        "name": "darling kitty",
        "photoUrls": [
            "https://www.google.com/url?sa=i&url=https%3A%2F%2Fwww.pinterest.com%2Fmarinaprima9963%2F%25D0%25BA%25D0%25B8%25D1%2582%25D0%25B8%2F&psig=AOvVaw3riFn44lDPNG-AqBbWdqG5&ust=1711975400886000&source=images&cd=vfe&opi=89978449&ved=0CBIQjRxqFwoTCJDqzMPDnoUDFQAAAAAdAAAAABAE"
        ],
        "tags": [
            {
                "id": 1,
                "name": "kittens"
            }
        ],
        "status": "available"
    },
    {
        "id": 9223372036854600373,
        "category": {
            "id": 0,
            "name": "string"
        },
        "name": "doggie",
        "photoUrls": [
            "string"
        ],
        "tags": [
            {
                "id": 0,
                "name": "string"
            }
        ],
        "status": "available"
    }
]
Request method:	GET
Request URI:	https://petstore.swagger.io/v2/pet/findByStatus?status=pending
Proxy:			<none>
Request params:	<none>
Query params:	status=pending
Form params:	<none>
Path params:	<none>
Headers:		Accept=*/*
				Content-Type=application/json
Cookies:		<none>
Multiparts:		<none>
Body:			<none>
HTTP/1.1 200 OK
Date: Mon, 01 Apr 2024 13:27:03 GMT
Content-Type: application/json
Transfer-Encoding: chunked
Connection: keep-alive
Access-Control-Allow-Origin: *
Access-Control-Allow-Methods: GET, POST, DELETE, PUT
Access-Control-Allow-Headers: Content-Type, api_key, Authorization
Server: Jetty(9.2.9.v20150224)

[
    {
        "id": 922337203685477599,
        "name": "chedder-89811222-j",
        "photoUrls": [
            "./dog.png"
        ],
        "tags": [
            
        ],
        "status": "pending"
    },
    {
        "id": 31662904,
        "category": {
            "id": -72976378,
            "name": "consequat commodo dolor"
        },
        "name": "doggie",
        "photoUrls": [
            "dolor",
            "aliquip"
        ],
        "tags": [
            {
                "id": -81536039,
                "name": "officia non exercitation laborum"
            },
            {
                "id": -81700539,
                "name": "sed quis"
            }
        ],
        "status": "pending"
    }
]
Request method:	GET
Request URI:	https://petstore.swagger.io/v2/pet/findByStatus?status=sold
Proxy:			<none>
Request params:	<none>
Query params:	status=sold
Form params:	<none>
Path params:	<none>
Headers:		Accept=*/*
				Content-Type=application/json
Cookies:		<none>
Multiparts:		<none>
Body:			<none>
HTTP/1.1 200 OK
Date: Mon, 01 Apr 2024 13:27:04 GMT
Content-Type: application/json
Transfer-Encoding: chunked
Connection: keep-alive
Access-Control-Allow-Origin: *
Access-Control-Allow-Methods: GET, POST, DELETE, PUT
Access-Control-Allow-Headers: Content-Type, api_key, Authorization
Server: Jetty(9.2.9.v20150224)

[
    {
        "id": 98765,
        "category": {
            "id": 0,
            "name": "string"
        },
        "name": "pom",
        "photoUrls": [
            "string"
        ],
        "tags": [
            {
                "id": 0,
                "name": "string"
            }
        ],
        "status": "sold"
    },
    {
        "id": 9223372036854598610,
        "category": {
            "id": 123,
            "name": "string"
        },
        "name": "doggie",
        "photoUrls": [
            "string"
        ],
        "tags": [
            {
                "id": 123,
                "name": "string"
            }
        ],
        "status": "sold"
    },
    {
        "id": 9223372036854600015,
        "category": {
            "id": 0,
            "name": "cats"
        },
        "name": "bax",
        "photoUrls": [
            "photoSberCat"
        ],
        "tags": [
            
        ],
        "status": "sold"
    },
    {
        "id": 10,
        "category": {
            "id": 1,
            "name": "dogs"
        },
        "name": "Hershey",
        "photoUrls": [
            "https://i.natgeofe.com/n/4f5aaece-3300-41a4-b2a8-ed2708a0a27c/domestic-dog_thumb_3x2.jpg"
        ],
        "tags": [
            {
                "id": 1,
                "name": "Friendly"
            }
        ],
        "status": "sold"
    },
    {
        "id": 1,
        "category": {
            "id": 1,
            "name": "cat"
        },
        "name": "dog",
        "photoUrls": [
            
        ],
        "tags": [
            
        ],
        "status": "sold"
    }
]
Request method:	GET
Request URI:	https://petstore.swagger.io/v2/pet/findByStatus?status=available%2Cpending%2Csold
Proxy:			<none>
Request params:	<none>
Query params:	status=available,pending,sold
Form params:	<none>
Path params:	<none>
Headers:		Accept=*/*
				Content-Type=application/json
Cookies:		<none>
Multiparts:		<none>
Body:			<none>
HTTP/1.1 200 OK
Date: Mon, 01 Apr 2024 13:27:05 GMT
Content-Type: application/json
Transfer-Encoding: chunked
Connection: keep-alive
Access-Control-Allow-Origin: *
Access-Control-Allow-Methods: GET, POST, DELETE, PUT
Access-Control-Allow-Headers: Content-Type, api_key, Authorization
Server: Jetty(9.2.9.v20150224)

[
    {
        "id": 9223372036854599413,
        "category": {
            "id": 100,
            "name": "Dinosaur"
        },
        "name": "Tyrannosaurus",
        "photoUrls": [
            "http://en.wikipedia.org/wiki/Tyrannosaurus#/media/File:Tyrannosaurus_rex_mmartyniuk.png"
        ],
        "tags": [
            {
                "id": 100,
                "name": "reptile"
            },
            {
                "id": 101,
                "name": "dinosaur"
            }
        ],
        "status": "available"
    },
    {
        "id": 9223372036854599414,
        "category": {
            "id": 100,
            "name": "Dinosaur"
        },
        "name": "Tyrannosaurus",
        "photoUrls": [
            "http://en.wikipedia.org/wiki/Tyrannosaurus#/media/File:Tyrannosaurus_rex_mmartyniuk.png"
        ],
        "tags": [
            {
                "id": 100,
                "name": "reptile"
            },
            {
                "id": 101,
                "name": "dinosaur"
            }
        ],
        "status": "available"
    },
    {
        "id": 9223372036854599415,
        "category": {
            "id": 100,
            "name": "Dinosaur"
        },
        "name": "Tyrannosaurus",
        "photoUrls": [
            "http://en.wikipedia.org/wiki/Tyrannosaurus#/media/File:Tyrannosaurus_rex_mmartyniuk.png"
        ],
        "tags": [
            {
                "id": 100,
                "name": "reptile"
            },
            {
                "id": 101,
                "name": "dinosaur"
            }
        ],
        "status": "available"
    },
    {
        "id": 9223372036854599416,
        "category": {
            "id": 100,
            "name": "Dinosaur"
        },
        "name": "Tyrannosaurus",
        "photoUrls": [
            "http://en.wikipedia.org/wiki/Tyrannosaurus#/media/File:Tyrannosaurus_rex_mmartyniuk.png"
        ],
        "tags": [
            {
                "id": 100,
                "name": "reptile"
            },
            {
                "id": 101,
                "name": "dinosaur"
            }
        ],
        "status": "available"
    },
    {
        "id": 9223372036854599417,
        "category": {
            "id": 100,
            "name": "Dinosaur"
        },
        "name": "Tyrannosaurus",
        "photoUrls": [
            "http://en.wikipedia.org/wiki/Tyrannosaurus#/media/File:Tyrannosaurus_rex_mmartyniuk.png"
        ],
        "tags": [
            {
                "id": 100,
                "name": "reptile"
            },
            {
                "id": 101,
                "name": "dinosaur"
            }
        ],
        "status": "available"
    },
    {
        "id": 9223372036854599418,
        "category": {
            "id": 0,
            "name": "string"
        },
        "name": "fish",
        "photoUrls": [
            "string"
        ],
        "tags": [
            {
                "id": 0,
                "name": "string"
            }
        ],
        "status": "available"
    },
    {
        "id": 9223372036854599419,
        "category": {
            "id": 0,
            "name": "string"
        },
        "name": "doggie",
        "photoUrls": [
            "string"
        ],
        "tags": [
            {
                "id": 0,
                "name": "string"
            }
        ],
        "status": "available"
    },
    {
        "id": 9223372036854599420,
        "category": {
            "id": 100,
            "name": "Dinosaur"
        },
        "name": "Tyrannosaurus",
        "photoUrls": [
            "http://en.wikipedia.org/wiki/Tyrannosaurus#/media/File:Tyrannosaurus_rex_mmartyniuk.png"
        ],
        "tags": [
            {
                "id": 100,
                "name": "reptile"
            },
            {
                "id": 101,
                "name": "dinosaur"
            }
        ],
        "status": "available"
    },
    {
        "id": 9223372036854599421,
        "category": {
            "id": 100,
            "name": "Dinosaur"
        },
        "name": "Tyrannosaurus",
        "photoUrls": [
            "http://en.wikipedia.org/wiki/Tyrannosaurus#/media/File:Tyrannosaurus_rex_mmartyniuk.png"
        ],
        "tags": [
            {
                "id": 100,
                "name": "reptile"
            },
            {
                "id": 101,
                "name": "dinosaur"
            }
        ],
        "status": "available"
    },
    {
        "id": 9223372036854599422,
        "category": {
            "id": 100,
            "name": "Dinosaur"
        },
        "name": "Tyrannosaurus",
        "photoUrls": [
            "http://en.wikipedia.org/wiki/Tyrannosaurus#/media/File:Tyrannosaurus_rex_mmartyniuk.png"
        ],
        "tags": [
            {
                "id": 100,
                "name": "reptile"
            },
            {
                "id": 101,
                "name": "dinosaur"
            }
        ],
        "status": "available"
    },
    {
        "id": 9223372036854599423,
        "category": {
            "id": 100,
            "name": "Dinosaur"
        },
        "name": "Tyrannosaurus",
        "photoUrls": [
            "http://en.wikipedia.org/wiki/Tyrannosaurus#/media/File:Tyrannosaurus_rex_mmartyniuk.png"
        ],
        "tags": [
            {
                "id": 100,
                "name": "reptile"
            },
            {
                "id": 101,
                "name": "dinosaur"
            }
        ],
        "status": "available"
    },
    {
        "id": 9223372036854599433,
        "category": {
            "id": 0,
            "name": "string"
        },
        "name": "doggie",
        "photoUrls": [
            "string"
        ],
        "tags": [
            {
                "id": 0,
                "name": "string"
            }
        ],
        "status": "available"
    },
    {
        "id": 9223372036854599434,
        "category": {
            "id": 100,
            "name": "Dinosaur"
        },
        "name": "Tyrannosaurus",
        "photoUrls": [
            "http://en.wikipedia.org/wiki/Tyrannosaurus#/media/File:Tyrannosaurus_rex_mmartyniuk.png"
        ],
        "tags": [
            {
                "id": 100,
                "name": "reptile"
            },
            {
                "id": 101,
                "name": "dinosaur"
            }
        ],
        "status": "available"
    },
    {
        "id": 9223372036854599435,
        "category": {
            "id": 100,
            "name": "Dinosaur"
        },
        "name": "Tyrannosaurus",
        "photoUrls": [
            "http://en.wikipedia.org/wiki/Tyrannosaurus#/media/File:Tyrannosaurus_rex_mmartyniuk.png"
        ],
        "tags": [
            {
                "id": 100,
                "name": "reptile"
            },
            {
                "id": 101,
                "name": "dinosaur"
            }
        ],
        "status": "available"
    },
    {
        "id": 9223372036854599436,
        "category": {
            "id": 100,
            "name": "Dinosaur"
        },
        "name": "Tyrannosaurus",
        "photoUrls": [
            "http://en.wikipedia.org/wiki/Tyrannosaurus#/media/File:Tyrannosaurus_rex_mmartyniuk.png"
        ],
        "tags": [
            {
                "id": 100,
                "name": "reptile"
            },
            {
                "id": 101,
                "name": "dinosaur"
            }
        ],
        "status": "available"
    },
    {
        "id": 9223372036854599439,
        "category": {
            "id": 100,
            "name": "Dinosaur"
        },
        "name": "Tyrannosaurus",
        "photoUrls": [
            "http://en.wikipedia.org/wiki/Tyrannosaurus#/media/File:Tyrannosaurus_rex_mmartyniuk.png"
        ],
        "tags": [
            {
                "id": 100,
                "name": "reptile"
            },
            {
                "id": 101,
                "name": "dinosaur"
            }
        ],
        "status": "available"
    },
    {
        "id": 9223372036854599442,
        "category": {
            "id": 100,
            "name": "Dinosaur"
        },
        "name": "Tyrannosaurus",
        "photoUrls": [
            "http://en.wikipedia.org/wiki/Tyrannosaurus#/media/File:Tyrannosaurus_rex_mmartyniuk.png"
        ],
        "tags": [
            {
                "id": 100,
                "name": "reptile"
            },
            {
                "id": 101,
                "name": "dinosaur"
            }
        ],
        "status": "available"
    },
    {
        "id": 9223372036854599443,
        "category": {
            "id": 100,
            "name": "Dinosaur"
        },
        "name": "Tyrannosaurus",
        "photoUrls": [
            "http://en.wikipedia.org/wiki/Tyrannosaurus#/media/File:Tyrannosaurus_rex_mmartyniuk.png"
        ],
        "tags": [
            {
                "id": 100,
                "name": "reptile"
            },
            {
                "id": 101,
                "name": "dinosaur"
            }
        ],
        "status": "available"
    },
    {
        "id": 9223372036854599444,
        "category": {
            "id": 0,
            "name": "string"
        },
        "name": "doggie",
        "photoUrls": [
            "string"
        ],
        "tags": [
            {
                "id": 0,
                "name": "string"
            }
        ],
        "status": "available"
    },
    {
        "id": 9223372036854599445,
        "category": {
            "id": 0,
            "name": "string"
        },
        "name": "doggie",
        "photoUrls": [
            "string"
        ],
        "tags": [
            {
                "id": 0,
                "name": "string"
            }
        ],
        "status": "available"
    },
    {
        "id": 9223372036854599446,
        "category": {
            "id": 100,
            "name": "Dinosaur"
        },
        "name": "Tyrannosaurus",
        "photoUrls": [
            "http://en.wikipedia.org/wiki/Tyrannosaurus#/media/File:Tyrannosaurus_rex_mmartyniuk.png"
        ],
        "tags": [
            {
                "id": 100,
                "name": "reptile"
            },
            {
                "id": 101,
                "name": "dinosaur"
            }
        ],
        "status": "available"
    },
    {
        "id": 9223372036854599447,
        "category": {
            "id": 100,
            "name": "Dinosaur"
        },
        "name": "Tyrannosaurus",
        "photoUrls": [
            "http://en.wikipedia.org/wiki/Tyrannosaurus#/media/File:Tyrannosaurus_rex_mmartyniuk.png"
        ],
        "tags": [
            {
                "id": 100,
                "name": "reptile"
            },
            {
                "id": 101,
                "name": "dinosaur"
            }
        ],
        "status": "available"
    },
    {
        "id": 9223372036854599448,
        "category": {
            "id": 100,
            "name": "Dinosaur"
        },
        "name": "Tyrannosaurus",
        "photoUrls": [
            "http://en.wikipedia.org/wiki/Tyrannosaurus#/media/File:Tyrannosaurus_rex_mmartyniuk.png"
        ],
        "tags": [
            {
                "id": 100,
                "name": "reptile"
            },
            {
                "id": 101,
                "name": "dinosaur"
            }
        ],
        "status": "available"
    },
    {
        "id": 9223372036854599449,
        "category": {
            "id": 0,
            "name": "string"
        },
        "name": "fish",
        "photoUrls": [
            "string"
        ],
        "tags": [
            {
                "id": 0,
                "name": "string"
            }
        ],
        "status": "available"
    },
    {
        "id": 9223372036854599450,
        "category": {
            "id": 100,
            "name": "Dinosaur"
        },
        "name": "Tyrannosaurus",
        "photoUrls": [
            "http://en.wikipedia.org/wiki/Tyrannosaurus#/media/File:Tyrannosaurus_rex_mmartyniuk.png"
        ],
        "tags": [
            {
                "id": 100,
                "name": "reptile"
            },
            {
                "id": 101,
                "name": "dinosaur"
            }
        ],
        "status": "available"
    },
    {
        "id": 9223372036854599451,
        "category": {
            "id": 0,
            "name": "string"
        },
        "name": "fish",
        "photoUrls": [
            "string"
        ],
        "tags": [
            {
                "id": 0,
                "name": "string"
            }
        ],
        "status": "available"
    },
    {
        "id": 9223372036854599452,
        "category": {
            "id": 100,
            "name": "Dinosaur"
        },
        "name": "Tyrannosaurus",
        "photoUrls": [
            "http://en.wikipedia.org/wiki/Tyrannosaurus#/media/File:Tyrannosaurus_rex_mmartyniuk.png"
        ],
        "tags": [
            {
                "id": 100,
                "name": "reptile"
            },
            {
                "id": 101,
                "name": "dinosaur"
            }
        ],
        "status": "available"
    },
    {
        "id": 9223372036854599455,
        "category": {
            "id": 0,
            "name": "string"
        },
        "name": "Puff",
        "photoUrls": [
            "string"
        ],
        "tags": [
            {
                "id": 0,
                "name": "string"
            }
        ],
        "status": "available"
    },
    {
        "id": 9223372036854599456,
        "category": {
            "id": 0,
            "name": "string"
        },
        "name": "doggie",
        "photoUrls": [
            "string"
        ],
        "tags": [
            {
                "id": 0,
                "name": "string"
            }
        ],
        "status": "available"
    },
    {
        "id": 9223372036854599457,
        "category": {
            "id": 100,
            "name": "Dinosaur"
        },
        "name": "Tyrannosaurus",
        "photoUrls": [
            "http://en.wikipedia.org/wiki/Tyrannosaurus#/media/File:Tyrannosaurus_rex_mmartyniuk.png"
        ],
        "tags": [
            {
                "id": 100,
                "name": "reptile"
            },
            {
                "id": 101,
                "name": "dinosaur"
            }
        ],
        "status": "available"
    },
    {
        "id": 9223372036854599458,
        "category": {
            "id": 100,
            "name": "Dinosaur"
        },
        "name": "Tyrannosaurus",
        "photoUrls": [
            "http://en.wikipedia.org/wiki/Tyrannosaurus#/media/File:Tyrannosaurus_rex_mmartyniuk.png"
        ],
        "tags": [
            {
                "id": 100,
                "name": "reptile"
            },
            {
                "id": 101,
                "name": "dinosaur"
            }
        ],
        "status": "available"
    },
    {
        "id": 9223372036854599459,
        "category": {
            "id": 100,
            "name": "Dinosaur"
        },
        "name": "Tyrannosaurus",
        "photoUrls": [
            "http://en.wikipedia.org/wiki/Tyrannosaurus#/media/File:Tyrannosaurus_rex_mmartyniuk.png"
        ],
        "tags": [
            {
                "id": 100,
                "name": "reptile"
            },
            {
                "id": 101,
                "name": "dinosaur"
            }
        ],
        "status": "available"
    },
    {
        "id": 9223372036854599460,
        "category": {
            "id": 100,
            "name": "Dinosaur"
        },
        "name": "Tyrannosaurus",
        "photoUrls": [
            "http://en.wikipedia.org/wiki/Tyrannosaurus#/media/File:Tyrannosaurus_rex_mmartyniuk.png"
        ],
        "tags": [
            {
                "id": 100,
                "name": "reptile"
            },
            {
                "id": 101,
                "name": "dinosaur"
            }
        ],
        "status": "available"
    },
    {
        "id": 9223372036854599461,
        "category": {
            "id": 100,
            "name": "Dinosaur"
        },
        "name": "Tyrannosaurus",
        "photoUrls": [
            "http://en.wikipedia.org/wiki/Tyrannosaurus#/media/File:Tyrannosaurus_rex_mmartyniuk.png"
        ],
        "tags": [
            {
                "id": 100,
                "name": "reptile"
            },
            {
                "id": 101,
                "name": "dinosaur"
            }
        ],
        "status": "available"
    },
    {
        "id": 9223372036854599462,
        "category": {
            "id": 100,
            "name": "Dinosaur"
        },
        "name": "Tyrannosaurus",
        "photoUrls": [
            "http://en.wikipedia.org/wiki/Tyrannosaurus#/media/File:Tyrannosaurus_rex_mmartyniuk.png"
        ],
        "tags": [
            {
                "id": 100,
                "name": "reptile"
            },
            {
                "id": 101,
                "name": "dinosaur"
            }
        ],
        "status": "available"
    },
    {
        "id": 9223372036854599463,
        "category": {
            "id": 100,
            "name": "Dinosaur"
        },
        "name": "Tyrannosaurus",
        "photoUrls": [
            "http://en.wikipedia.org/wiki/Tyrannosaurus#/media/File:Tyrannosaurus_rex_mmartyniuk.png"
        ],
        "tags": [
            {
                "id": 100,
                "name": "reptile"
            },
            {
                "id": 101,
                "name": "dinosaur"
            }
        ],
        "status": "available"
    },
    {
        "id": 9223372036854599464,
        "category": {
            "id": 100,
            "name": "Dinosaur"
        },
        "name": "Tyrannosaurus",
        "photoUrls": [
            "http://en.wikipedia.org/wiki/Tyrannosaurus#/media/File:Tyrannosaurus_rex_mmartyniuk.png"
        ],
        "tags": [
            {
                "id": 100,
                "name": "reptile"
            },
            {
                "id": 101,
                "name": "dinosaur"
            }
        ],
        "status": "available"
    },
    {
        "id": 9223372036854599465,
        "category": {
            "id": 100,
            "name": "Dinosaur"
        },
        "name": "Tyrannosaurus",
        "photoUrls": [
            "http://en.wikipedia.org/wiki/Tyrannosaurus#/media/File:Tyrannosaurus_rex_mmartyniuk.png"
        ],
        "tags": [
            {
                "id": 100,
                "name": "reptile"
            },
            {
                "id": 101,
                "name": "dinosaur"
            }
        ],
        "status": "available"
    },
    {
        "id": 9223372036854599466,
        "category": {
            "id": 100,
            "name": "Dinosaur"
        },
        "name": "Tyrannosaurus",
        "photoUrls": [
            "http://en.wikipedia.org/wiki/Tyrannosaurus#/media/File:Tyrannosaurus_rex_mmartyniuk.png"
        ],
        "tags": [
            {
                "id": 100,
                "name": "reptile"
            },
            {
                "id": 101,
                "name": "dinosaur"
            }
        ],
        "status": "available"
    },
    {
        "id": 9223372036854599468,
        "category": {
            "id": 100,
            "name": "Dinosaur"
        },
        "name": "Tyrannosaurus",
        "photoUrls": [
            "http://en.wikipedia.org/wiki/Tyrannosaurus#/media/File:Tyrannosaurus_rex_mmartyniuk.png"
        ],
        "tags": [
            {
                "id": 100,
                "name": "reptile"
            },
            {
                "id": 101,
                "name": "dinosaur"
            }
        ],
        "status": "available"
    },
    {
        "id": 9223372036854599469,
        "category": {
            "id": 100,
            "name": "Dinosaur"
        },
        "name": "Tyrannosaurus",
        "photoUrls": [
            "http://en.wikipedia.org/wiki/Tyrannosaurus#/media/File:Tyrannosaurus_rex_mmartyniuk.png"
        ],
        "tags": [
            {
                "id": 100,
                "name": "reptile"
            },
            {
                "id": 101,
                "name": "dinosaur"
            }
        ],
        "status": "available"
    },
    {
        "id": 9223372036854599470,
        "category": {
            "id": 100,
            "name": "Dinosaur"
        },
        "name": "Tyrannosaurus",
        "photoUrls": [
            "http://en.wikipedia.org/wiki/Tyrannosaurus#/media/File:Tyrannosaurus_rex_mmartyniuk.png"
        ],
        "tags": [
            {
                "id": 100,
                "name": "reptile"
            },
            {
                "id": 101,
                "name": "dinosaur"
            }
        ],
        "status": "available"
    },
    {
        "id": 9223372036854599471,
        "category": {
            "id": 100,
            "name": "Dinosaur"
        },
        "name": "Tyrannosaurus",
        "photoUrls": [
            "http://en.wikipedia.org/wiki/Tyrannosaurus#/media/File:Tyrannosaurus_rex_mmartyniuk.png"
        ],
        "tags": [
            {
                "id": 100,
                "name": "reptile"
            },
            {
                "id": 101,
                "name": "dinosaur"
            }
        ],
        "status": "available"
    },
    {
        "id": 9223372036854599472,
        "category": {
            "id": 100,
            "name": "Dinosaur"
        },
        "name": "Tyrannosaurus",
        "photoUrls": [
            "http://en.wikipedia.org/wiki/Tyrannosaurus#/media/File:Tyrannosaurus_rex_mmartyniuk.png"
        ],
        "tags": [
            {
                "id": 100,
                "name": "reptile"
            },
            {
                "id": 101,
                "name": "dinosaur"
            }
        ],
        "status": "available"
    },
    {
        "id": 9223372036854599473,
        "category": {
            "id": 100,
            "name": "Dinosaur"
        },
        "name": "Tyrannosaurus",
        "photoUrls": [
            "http://en.wikipedia.org/wiki/Tyrannosaurus#/media/File:Tyrannosaurus_rex_mmartyniuk.png"
        ],
        "tags": [
            {
                "id": 100,
                "name": "reptile"
            },
            {
                "id": 101,
                "name": "dinosaur"
            }
        ],
        "status": "available"
    },
    {
        "id": 9223372036854599474,
        "category": {
            "id": 100,
            "name": "Dinosaur"
        },
        "name": "Tyrannosaurus",
        "photoUrls": [
            "http://en.wikipedia.org/wiki/Tyrannosaurus#/media/File:Tyrannosaurus_rex_mmartyniuk.png"
        ],
        "tags": [
            {
                "id": 100,
                "name": "reptile"
            },
            {
                "id": 101,
                "name": "dinosaur"
            }
        ],
        "status": "available"
    },
    {
        "id": 9223372036854599475,
        "category": {
            "id": 100,
            "name": "Dinosaur"
        },
        "name": "Tyrannosaurus",
        "photoUrls": [
            "http://en.wikipedia.org/wiki/Tyrannosaurus#/media/File:Tyrannosaurus_rex_mmartyniuk.png"
        ],
        "tags": [
            {
                "id": 100,
                "name": "reptile"
            },
            {
                "id": 101,
                "name": "dinosaur"
            }
        ],
        "status": "available"
    },
    {
        "id": 9223372036854599476,
        "category": {
            "id": 100,
            "name": "Dinosaur"
        },
        "name": "Tyrannosaurus",
        "photoUrls": [
            "http://en.wikipedia.org/wiki/Tyrannosaurus#/media/File:Tyrannosaurus_rex_mmartyniuk.png"
        ],
        "tags": [
            {
                "id": 100,
                "name": "reptile"
            },
            {
                "id": 101,
                "name": "dinosaur"
            }
        ],
        "status": "available"
    },
    {
        "id": 9223372036854599477,
        "category": {
            "id": 100,
            "name": "Dinosaur"
        },
        "name": "Tyrannosaurus",
        "photoUrls": [
            "http://en.wikipedia.org/wiki/Tyrannosaurus#/media/File:Tyrannosaurus_rex_mmartyniuk.png"
        ],
        "tags": [
            {
                "id": 100,
                "name": "reptile"
            },
            {
                "id": 101,
                "name": "dinosaur"
            }
        ],
        "status": "available"
    },
    {
        "id": 9223372036854599478,
        "category": {
            "id": 100,
            "name": "Dinosaur"
        },
        "name": "Tyrannosaurus",
        "photoUrls": [
            "http://en.wikipedia.org/wiki/Tyrannosaurus#/media/File:Tyrannosaurus_rex_mmartyniuk.png"
        ],
        "tags": [
            {
                "id": 100,
                "name": "reptile"
            },
            {
                "id": 101,
                "name": "dinosaur"
            }
        ],
        "status": "available"
    },
    {
        "id": 9223372036854599479,
        "category": {
            "id": 100,
            "name": "Dinosaur"
        },
        "name": "Tyrannosaurus",
        "photoUrls": [
            "http://en.wikipedia.org/wiki/Tyrannosaurus#/media/File:Tyrannosaurus_rex_mmartyniuk.png"
        ],
        "tags": [
            {
                "id": 100,
                "name": "reptile"
            },
            {
                "id": 101,
                "name": "dinosaur"
            }
        ],
        "status": "available"
    },
    {
        "id": 9223372036854599480,
        "category": {
            "id": 100,
            "name": "Dinosaur"
        },
        "name": "Tyrannosaurus",
        "photoUrls": [
            "http://en.wikipedia.org/wiki/Tyrannosaurus#/media/File:Tyrannosaurus_rex_mmartyniuk.png"
        ],
        "tags": [
            {
                "id": 100,
                "name": "reptile"
            },
            {
                "id": 101,
                "name": "dinosaur"
            }
        ],
        "status": "available"
    },
    {
        "id": 9223372036854599481,
        "category": {
            "id": 100,
            "name": "Dinosaur"
        },
        "name": "Tyrannosaurus",
        "photoUrls": [
            "http://en.wikipedia.org/wiki/Tyrannosaurus#/media/File:Tyrannosaurus_rex_mmartyniuk.png"
        ],
        "tags": [
            {
                "id": 100,
                "name": "reptile"
            },
            {
                "id": 101,
                "name": "dinosaur"
            }
        ],
        "status": "available"
    },
    {
        "id": 9223372036854599482,
        "category": {
            "id": 100,
            "name": "Dinosaur"
        },
        "name": "Tyrannosaurus",
        "photoUrls": [
            "http://en.wikipedia.org/wiki/Tyrannosaurus#/media/File:Tyrannosaurus_rex_mmartyniuk.png"
        ],
        "tags": [
            {
                "id": 100,
                "name": "reptile"
            },
            {
                "id": 101,
                "name": "dinosaur"
            }
        ],
        "status": "available"
    },
    {
        "id": 9223372036854599483,
        "category": {
            "id": 0,
            "name": "string"
        },
        "name": "fish",
        "photoUrls": [
            "string"
        ],
        "tags": [
            {
                "id": 0,
                "name": "string"
            }
        ],
        "status": "available"
    },
    {
        "id": 9223372036854599488,
        "category": {
            "id": 0,
            "name": "string"
        },
        "name": "doggie",
        "photoUrls": [
            "string"
        ],
        "tags": [
            {
                "id": 0,
                "name": "string"
            }
        ],
        "status": "available"
    },
    {
        "id": 9223372036854599491,
        "category": {
            "id": 0,
            "name": "string"
        },
        "name": "fish",
        "photoUrls": [
            "string"
        ],
        "tags": [
            {
                "id": 0,
                "name": "string"
            }
        ],
        "status": "available"
    },
    {
        "id": 9223372036854599492,
        "category": {
            "id": 0,
            "name": "string"
        },
        "name": "fish",
        "photoUrls": [
            "string"
        ],
        "tags": [
            {
                "id": 0,
                "name": "string"
            }
        ],
        "status": "available"
    },
    {
        "id": 9223372036854599493,
        "category": {
            "id": 0,
            "name": "string"
        },
        "name": "fish",
        "photoUrls": [
            "string"
        ],
        "tags": [
            {
                "id": 0,
                "name": "string"
            }
        ],
        "status": "available"
    },
    {
        "id": 9223372036854599494,
        "category": {
            "id": 100,
            "name": "Dinosaur"
        },
        "name": "Tyrannosaurus",
        "photoUrls": [
            "http://en.wikipedia.org/wiki/Tyrannosaurus#/media/File:Tyrannosaurus_rex_mmartyniuk.png"
        ],
        "tags": [
            {
                "id": 100,
                "name": "reptile"
            },
            {
                "id": 101,
                "name": "dinosaur"
            }
        ],
        "status": "available"
    },
    {
        "id": 9223372036854599495,
        "category": {
            "id": 100,
            "name": "Dinosaur"
        },
        "name": "Tyrannosaurus",
        "photoUrls": [
            "http://en.wikipedia.org/wiki/Tyrannosaurus#/media/File:Tyrannosaurus_rex_mmartyniuk.png"
        ],
        "tags": [
            {
                "id": 100,
                "name": "reptile"
            },
            {
                "id": 101,
                "name": "dinosaur"
            }
        ],
        "status": "available"
    },
    {
        "id": 9223372036854599496,
        "category": {
            "id": 100,
            "name": "Dinosaur"
        },
        "name": "Tyrannosaurus",
        "photoUrls": [
            "http://en.wikipedia.org/wiki/Tyrannosaurus#/media/File:Tyrannosaurus_rex_mmartyniuk.png"
        ],
        "tags": [
            {
                "id": 100,
                "name": "reptile"
            },
            {
                "id": 101,
                "name": "dinosaur"
            }
        ],
        "status": "available"
    },
    {
        "id": 9223372036854599497,
        "category": {
            "id": 100,
            "name": "Dinosaur"
        },
        "name": "Tyrannosaurus",
        "photoUrls": [
            "http://en.wikipedia.org/wiki/Tyrannosaurus#/media/File:Tyrannosaurus_rex_mmartyniuk.png"
        ],
        "tags": [
            {
                "id": 100,
                "name": "reptile"
            },
            {
                "id": 101,
                "name": "dinosaur"
            }
        ],
        "status": "available"
    },
    {
        "id": 9223372036854599498,
        "category": {
            "id": 100,
            "name": "Dinosaur"
        },
        "name": "Tyrannosaurus",
        "photoUrls": [
            "http://en.wikipedia.org/wiki/Tyrannosaurus#/media/File:Tyrannosaurus_rex_mmartyniuk.png"
        ],
        "tags": [
            {
                "id": 100,
                "name": "reptile"
            },
            {
                "id": 101,
                "name": "dinosaur"
            }
        ],
        "status": "available"
    },
    {
        "id": 9223372036854599513,
        "category": {
            "id": 100,
            "name": "Dinosaur"
        },
        "name": "Tyrannosaurus",
        "photoUrls": [
            "http://en.wikipedia.org/wiki/Tyrannosaurus#/media/File:Tyrannosaurus_rex_mmartyniuk.png"
        ],
        "tags": [
            {
                "id": 100,
                "name": "reptile"
            },
            {
                "id": 101,
                "name": "dinosaur"
            }
        ],
        "status": "available"
    },
    {
        "id": 9223372036854599514,
        "category": {
            "id": 100,
            "name": "Dinosaur"
        },
        "name": "Tyrannosaurus",
        "photoUrls": [
            "http://en.wikipedia.org/wiki/Tyrannosaurus#/media/File:Tyrannosaurus_rex_mmartyniuk.png"
        ],
        "tags": [
            {
                "id": 100,
                "name": "reptile"
            },
            {
                "id": 101,
                "name": "dinosaur"
            }
        ],
        "status": "available"
    },
    {
        "id": 9223372036854599515,
        "category": {
            "id": 100,
            "name": "Dinosaur"
        },
        "name": "Tyrannosaurus",
        "photoUrls": [
            "http://en.wikipedia.org/wiki/Tyrannosaurus#/media/File:Tyrannosaurus_rex_mmartyniuk.png"
        ],
        "tags": [
            {
                "id": 100,
                "name": "reptile"
            },
            {
                "id": 101,
                "name": "dinosaur"
            }
        ],
        "status": "available"
    },
    {
        "id": 9223372036854599516,
        "category": {
            "id": 100,
            "name": "Dinosaur"
        },
        "name": "Tyrannosaurus",
        "photoUrls": [
            "http://en.wikipedia.org/wiki/Tyrannosaurus#/media/File:Tyrannosaurus_rex_mmartyniuk.png"
        ],
        "tags": [
            {
                "id": 100,
                "name": "reptile"
            },
            {
                "id": 101,
                "name": "dinosaur"
            }
        ],
        "status": "available"
    },
    {
        "id": 9223372036854599521,
        "category": {
            "id": 0,
            "name": "string"
        },
        "name": "doggie",
        "photoUrls": [
            "string"
        ],
        "tags": [
            {
                "id": 0,
                "name": "string"
            }
        ],
        "status": "available"
    },
    {
        "id": 9223372036854599522,
        "category": {
            "id": 100,
            "name": "Dinosaur"
        },
        "name": "Tyrannosaurus",
        "photoUrls": [
            "http://en.wikipedia.org/wiki/Tyrannosaurus#/media/File:Tyrannosaurus_rex_mmartyniuk.png"
        ],
        "tags": [
            {
                "id": 100,
                "name": "reptile"
            },
            {
                "id": 101,
                "name": "dinosaur"
            }
        ],
        "status": "available"
    },
    {
        "id": 9223372036854599523,
        "category": {
            "id": 100,
            "name": "Dinosaur"
        },
        "name": "Tyrannosaurus",
        "photoUrls": [
            "http://en.wikipedia.org/wiki/Tyrannosaurus#/media/File:Tyrannosaurus_rex_mmartyniuk.png"
        ],
        "tags": [
            {
                "id": 100,
                "name": "reptile"
            },
            {
                "id": 101,
                "name": "dinosaur"
            }
        ],
        "status": "available"
    },
    {
        "id": 9223372036854599524,
        "category": {
            "id": 100,
            "name": "Dinosaur"
        },
        "name": "Tyrannosaurus",
        "photoUrls": [
            "http://en.wikipedia.org/wiki/Tyrannosaurus#/media/File:Tyrannosaurus_rex_mmartyniuk.png"
        ],
        "tags": [
            {
                "id": 100,
                "name": "reptile"
            },
            {
                "id": 101,
                "name": "dinosaur"
            }
        ],
        "status": "available"
    },
    {
        "id": 9223372036854599525,
        "category": {
            "id": 100,
            "name": "Dinosaur"
        },
        "name": "Tyrannosaurus",
        "photoUrls": [
            "http://en.wikipedia.org/wiki/Tyrannosaurus#/media/File:Tyrannosaurus_rex_mmartyniuk.png"
        ],
        "tags": [
            {
                "id": 100,
                "name": "reptile"
            },
            {
                "id": 101,
                "name": "dinosaur"
            }
        ],
        "status": "available"
    },
    {
        "id": 9223372036854599526,
        "category": {
            "id": 100,
            "name": "Dinosaur"
        },
        "name": "Tyrannosaurus",
        "photoUrls": [
            "http://en.wikipedia.org/wiki/Tyrannosaurus#/media/File:Tyrannosaurus_rex_mmartyniuk.png"
        ],
        "tags": [
            {
                "id": 100,
                "name": "reptile"
            },
            {
                "id": 101,
                "name": "dinosaur"
            }
        ],
        "status": "available"
    },
    {
        "id": 9223372036854599527,
        "category": {
            "id": 100,
            "name": "Dinosaur"
        },
        "name": "Tyrannosaurus",
        "photoUrls": [
            "http://en.wikipedia.org/wiki/Tyrannosaurus#/media/File:Tyrannosaurus_rex_mmartyniuk.png"
        ],
        "tags": [
            {
                "id": 100,
                "name": "reptile"
            },
            {
                "id": 101,
                "name": "dinosaur"
            }
        ],
        "status": "available"
    },
    {
        "id": 9223372036854599532,
        "category": {
            "id": 100,
            "name": "Dinosaur"
        },
        "name": "Tyrannosaurus",
        "photoUrls": [
            "http://en.wikipedia.org/wiki/Tyrannosaurus#/media/File:Tyrannosaurus_rex_mmartyniuk.png"
        ],
        "tags": [
            {
                "id": 100,
                "name": "reptile"
            },
            {
                "id": 101,
                "name": "dinosaur"
            }
        ],
        "status": "available"
    },
    {
        "id": 9223372036854599533,
        "category": {
            "id": 100,
            "name": "Dinosaur"
        },
        "name": "Tyrannosaurus",
        "photoUrls": [
            "http://en.wikipedia.org/wiki/Tyrannosaurus#/media/File:Tyrannosaurus_rex_mmartyniuk.png"
        ],
        "tags": [
            {
                "id": 100,
                "name": "reptile"
            },
            {
                "id": 101,
                "name": "dinosaur"
            }
        ],
        "status": "available"
    },
    {
        "id": 9223372036854599534,
        "category": {
            "id": 100,
            "name": "Dinosaur"
        },
        "name": "Tyrannosaurus",
        "photoUrls": [
            "http://en.wikipedia.org/wiki/Tyrannosaurus#/media/File:Tyrannosaurus_rex_mmartyniuk.png"
        ],
        "tags": [
            {
                "id": 100,
                "name": "reptile"
            },
            {
                "id": 101,
                "name": "dinosaur"
            }
        ],
        "status": "available"
    },
    {
        "id": 9223372036854599535,
        "category": {
            "id": 100,
            "name": "Dinosaur"
        },
        "name": "Tyrannosaurus",
        "photoUrls": [
            "http://en.wikipedia.org/wiki/Tyrannosaurus#/media/File:Tyrannosaurus_rex_mmartyniuk.png"
        ],
        "tags": [
            {
                "id": 100,
                "name": "reptile"
            },
            {
                "id": 101,
                "name": "dinosaur"
            }
        ],
        "status": "available"
    },
    {
        "id": 9223372036854599537,
        "category": {
            "id": 100,
            "name": "Dinosaur"
        },
        "name": "Tyrannosaurus",
        "photoUrls": [
            "http://en.wikipedia.org/wiki/Tyrannosaurus#/media/File:Tyrannosaurus_rex_mmartyniuk.png"
        ],
        "tags": [
            {
                "id": 100,
                "name": "reptile"
            },
            {
                "id": 101,
                "name": "dinosaur"
            }
        ],
        "status": "available"
    },
    {
        "id": 9223372036854599543,
        "category": {
            "id": 100,
            "name": "Dinosaur"
        },
        "name": "Tyrannosaurus",
        "photoUrls": [
            "http://en.wikipedia.org/wiki/Tyrannosaurus#/media/File:Tyrannosaurus_rex_mmartyniuk.png"
        ],
        "tags": [
            {
                "id": 100,
                "name": "reptile"
            },
            {
                "id": 101,
                "name": "dinosaur"
            }
        ],
        "status": "available"
    },
    {
        "id": 9223372036854599544,
        "category": {
            "id": 100,
            "name": "Dinosaur"
        },
        "name": "Tyrannosaurus",
        "photoUrls": [
            "http://en.wikipedia.org/wiki/Tyrannosaurus#/media/File:Tyrannosaurus_rex_mmartyniuk.png"
        ],
        "tags": [
            {
                "id": 100,
                "name": "reptile"
            },
            {
                "id": 101,
                "name": "dinosaur"
            }
        ],
        "status": "available"
    },
    {
        "id": 9223372036854599545,
        "category": {
            "id": 100,
            "name": "Dinosaur"
        },
        "name": "Tyrannosaurus",
        "photoUrls": [
            "http://en.wikipedia.org/wiki/Tyrannosaurus#/media/File:Tyrannosaurus_rex_mmartyniuk.png"
        ],
        "tags": [
            {
                "id": 100,
                "name": "reptile"
            },
            {
                "id": 101,
                "name": "dinosaur"
            }
        ],
        "status": "available"
    },
    {
        "id": 9223372036854599546,
        "category": {
            "id": 100,
            "name": "Dinosaur"
        },
        "name": "Tyrannosaurus",
        "photoUrls": [
            "http://en.wikipedia.org/wiki/Tyrannosaurus#/media/File:Tyrannosaurus_rex_mmartyniuk.png"
        ],
        "tags": [
            {
                "id": 100,
                "name": "reptile"
            },
            {
                "id": 101,
                "name": "dinosaur"
            }
        ],
        "status": "available"
    },
    {
        "id": 9223372036854599550,
        "category": {
            "id": 100,
            "name": "Dinosaur"
        },
        "name": "Tyrannosaurus",
        "photoUrls": [
            "http://en.wikipedia.org/wiki/Tyrannosaurus#/media/File:Tyrannosaurus_rex_mmartyniuk.png"
        ],
        "tags": [
            {
                "id": 100,
                "name": "reptile"
            },
            {
                "id": 101,
                "name": "dinosaur"
            }
        ],
        "status": "available"
    },
    {
        "id": 9223372036854599551,
        "category": {
            "id": 100,
            "name": "Dinosaur"
        },
        "name": "Tyrannosaurus",
        "photoUrls": [
            "http://en.wikipedia.org/wiki/Tyrannosaurus#/media/File:Tyrannosaurus_rex_mmartyniuk.png"
        ],
        "tags": [
            {
                "id": 100,
                "name": "reptile"
            },
            {
                "id": 101,
                "name": "dinosaur"
            }
        ],
        "status": "available"
    },
    {
        "id": 9223372036854599553,
        "category": {
            "id": 100,
            "name": "Dinosaur"
        },
        "name": "Tyrannosaurus",
        "photoUrls": [
            "http://en.wikipedia.org/wiki/Tyrannosaurus#/media/File:Tyrannosaurus_rex_mmartyniuk.png"
        ],
        "tags": [
            {
                "id": 100,
                "name": "reptile"
            },
            {
                "id": 101,
                "name": "dinosaur"
            }
        ],
        "status": "available"
    },
    {
        "id": 9223372036854599558,
        "category": {
            "id": 100,
            "name": "Dinosaur"
        },
        "name": "Tyrannosaurus",
        "photoUrls": [
            "http://en.wikipedia.org/wiki/Tyrannosaurus#/media/File:Tyrannosaurus_rex_mmartyniuk.png"
        ],
        "tags": [
            {
                "id": 100,
                "name": "reptile"
            },
            {
                "id": 101,
                "name": "dinosaur"
            }
        ],
        "status": "available"
    },
    {
        "id": 9223372036854599559,
        "category": {
            "id": 100,
            "name": "Dinosaur"
        },
        "name": "Tyrannosaurus",
        "photoUrls": [
            "http://en.wikipedia.org/wiki/Tyrannosaurus#/media/File:Tyrannosaurus_rex_mmartyniuk.png"
        ],
        "tags": [
            {
                "id": 100,
                "name": "reptile"
            },
            {
                "id": 101,
                "name": "dinosaur"
            }
        ],
        "status": "available"
    },
    {
        "id": 9223372036854599560,
        "category": {
            "id": 100,
            "name": "Dinosaur"
        },
        "name": "Tyrannosaurus",
        "photoUrls": [
            "http://en.wikipedia.org/wiki/Tyrannosaurus#/media/File:Tyrannosaurus_rex_mmartyniuk.png"
        ],
        "tags": [
            {
                "id": 100,
                "name": "reptile"
            },
            {
                "id": 101,
                "name": "dinosaur"
            }
        ],
        "status": "available"
    },
    {
        "id": 9223372036854599563,
        "category": {
            "id": 0,
            "name": "string"
        },
        "name": "asdasdasd",
        "photoUrls": [
            "string"
        ],
        "tags": [
            {
                "id": 0,
                "name": "string"
            }
        ],
        "status": "available"
    },
    {
        "id": 9223372036854599564,
        "category": {
            "id": 100,
            "name": "Dinosaur"
        },
        "name": "Tyrannosaurus",
        "photoUrls": [
            "http://en.wikipedia.org/wiki/Tyrannosaurus#/media/File:Tyrannosaurus_rex_mmartyniuk.png"
        ],
        "tags": [
            {
                "id": 100,
                "name": "reptile"
            },
            {
                "id": 101,
                "name": "dinosaur"
            }
        ],
        "status": "available"
    },
    {
        "id": 9223372036854599565,
        "category": {
            "id": 100,
            "name": "Dinosaur"
        },
        "name": "Tyrannosaurus",
        "photoUrls": [
            "http://en.wikipedia.org/wiki/Tyrannosaurus#/media/File:Tyrannosaurus_rex_mmartyniuk.png"
        ],
        "tags": [
            {
                "id": 100,
                "name": "reptile"
            },
            {
                "id": 101,
                "name": "dinosaur"
            }
        ],
        "status": "available"
    },
    {
        "id": 9223372036854599566,
        "category": {
            "id": 100,
            "name": "Dinosaur"
        },
        "name": "Tyrannosaurus",
        "photoUrls": [
            "http://en.wikipedia.org/wiki/Tyrannosaurus#/media/File:Tyrannosaurus_rex_mmartyniuk.png"
        ],
        "tags": [
            {
                "id": 100,
                "name": "reptile"
            },
            {
                "id": 101,
                "name": "dinosaur"
            }
        ],
        "status": "available"
    },
    {
        "id": 9223372036854599567,
        "category": {
            "id": 100,
            "name": "Dinosaur"
        },
        "name": "Tyrannosaurus",
        "photoUrls": [
            "http://en.wikipedia.org/wiki/Tyrannosaurus#/media/File:Tyrannosaurus_rex_mmartyniuk.png"
        ],
        "tags": [
            {
                "id": 100,
                "name": "reptile"
            },
            {
                "id": 101,
                "name": "dinosaur"
            }
        ],
        "status": "available"
    },
    {
        "id": 9223372036854599568,
        "category": {
            "id": 100,
            "name": "Dinosaur"
        },
        "name": "Tyrannosaurus",
        "photoUrls": [
            "http://en.wikipedia.org/wiki/Tyrannosaurus#/media/File:Tyrannosaurus_rex_mmartyniuk.png"
        ],
        "tags": [
            {
                "id": 100,
                "name": "reptile"
            },
            {
                "id": 101,
                "name": "dinosaur"
            }
        ],
        "status": "available"
    },
    {
        "id": 9223372036854599572,
        "category": {
            "id": 100,
            "name": "Dinosaur"
        },
        "name": "Tyrannosaurus",
        "photoUrls": [
            "http://en.wikipedia.org/wiki/Tyrannosaurus#/media/File:Tyrannosaurus_rex_mmartyniuk.png"
        ],
        "tags": [
            {
                "id": 100,
                "name": "reptile"
            },
            {
                "id": 101,
                "name": "dinosaur"
            }
        ],
        "status": "available"
    },
    {
        "id": 9223372036854599573,
        "category": {
            "id": 100,
            "name": "Dinosaur"
        },
        "name": "Tyrannosaurus",
        "photoUrls": [
            "http://en.wikipedia.org/wiki/Tyrannosaurus#/media/File:Tyrannosaurus_rex_mmartyniuk.png"
        ],
        "tags": [
            {
                "id": 100,
                "name": "reptile"
            },
            {
                "id": 101,
                "name": "dinosaur"
            }
        ],
        "status": "available"
    },
    {
        "id": 9223372036854599577,
        "category": {
            "id": 0,
            "name": "string"
        },
        "name": "doggie",
        "photoUrls": [
            "string"
        ],
        "tags": [
            {
                "id": 0,
                "name": "string"
            }
        ],
        "status": "available"
    },
    {
        "id": 9223372036854599578,
        "category": {
            "id": 0,
            "name": "string"
        },
        "name": "doggie",
        "photoUrls": [
            "string"
        ],
        "tags": [
            {
                "id": 0,
                "name": "string"
            }
        ],
        "status": "available"
    },
    {
        "id": 9223372036854599579,
        "category": {
            "id": 0,
            "name": "string"
        },
        "name": "fish",
        "photoUrls": [
            "string"
        ],
        "tags": [
            {
                "id": 0,
                "name": "string"
            }
        ],
        "status": "available"
    },
    {
        "id": 9223372036854599582,
        "category": {
            "id": 0,
            "name": "string"
        },
        "name": "fish",
        "photoUrls": [
            "string"
        ],
        "tags": [
            {
                "id": 0,
                "name": "string"
            }
        ],
        "status": "available"
    },
    {
        "id": 9223372036854599583,
        "category": {
            "id": 0,
            "name": "string"
        },
        "name": "Puff",
        "photoUrls": [
            "string"
        ],
        "tags": [
            {
                "id": 0,
                "name": "string"
            }
        ],
        "status": "available"
    },
    {
        "id": 9223372036854599584,
        "category": {
            "id": 0,
            "name": "string"
        },
        "name": "doggie",
        "photoUrls": [
            "string"
        ],
        "tags": [
            {
                "id": 0,
                "name": "string"
            }
        ],
        "status": "available"
    },
    {
        "id": 9223372036854599587,
        "category": {
            "id": 0,
            "name": "string"
        },
        "name": "doggie",
        "photoUrls": [
            "string"
        ],
        "tags": [
            {
                "id": 0,
                "name": "string"
            }
        ],
        "status": "available"
    },
    {
        "id": 99996,
        "name": "doggie_by_ms",
        "photoUrls": [
            "string"
        ],
        "tags": [
            {
                "id": 0,
                "name": "string"
            }
        ],
        "status": "available"
    },
    {
        "id": 9223372036854599589,
        "category": {
            "id": 0,
            "name": "string"
        },
        "name": "fish",
        "photoUrls": [
            "string"
        ],
        "tags": [
            {
                "id": 0,
                "name": "string"
            }
        ],
        "status": "available"
    },
    {
        "id": 9223372036854599592,
        "category": {
            "id": 0,
            "name": "string"
        },
        "name": "fish",
        "photoUrls": [
            "string"
        ],
        "tags": [
            {
                "id": 0,
                "name": "string"
            }
        ],
        "status": "available"
    },
    {
        "id": 9223372036854599611,
        "category": {
            "id": 0,
            "name": "string"
        },
        "name": "fish",
        "photoUrls": [
            "string"
        ],
        "tags": [
            {
                "id": 0,
                "name": "string"
            }
        ],
        "status": "available"
    },
    {
        "id": 9223372036854599633,
        "name": "doggie",
        "photoUrls": [
            "string"
        ],
        "tags": [
            
        ],
        "status": "available"
    },
    {
        "id": 9223372036854599634,
        "category": {
            "id": 0,
            "name": "string"
        },
        "name": "fish",
        "photoUrls": [
            "string"
        ],
        "tags": [
            {
                "id": 0,
                "name": "string"
            }
        ],
        "status": "available"
    },
    {
        "id": 9223372036854599635,
        "category": {
            "id": 0,
            "name": "string"
        },
        "name": "fish",
        "photoUrls": [
            "string"
        ],
        "tags": [
            {
                "id": 0,
                "name": "string"
            }
        ],
        "status": "available"
    },
    {
        "id": 9223372036854599636,
        "category": {
            "id": 0,
            "name": "string"
        },
        "name": "doggie",
        "photoUrls": [
            "string"
        ],
        "tags": [
            {
                "id": 0,
                "name": "string"
            }
        ],
        "status": "available"
    },
    {
        "id": 9223372036854599637,
        "category": {
            "id": 0,
            "name": "string"
        },
        "name": "doggie",
        "photoUrls": [
            "string"
        ],
        "tags": [
            {
                "id": 0,
                "name": "string"
            }
        ],
        "status": "available"
    },
    {
        "id": 9223372036854599638,
        "category": {
            "id": 0,
            "name": "string"
        },
        "name": "doggie",
        "photoUrls": [
            "string"
        ],
        "tags": [
            {
                "id": 0,
                "name": "string"
            }
        ],
        "status": "available"
    },
    {
        "id": 9223372036854599639,
        "category": {
            "id": 0,
            "name": "string"
        },
        "name": "Puff",
        "photoUrls": [
            "string"
        ],
        "tags": [
            {
                "id": 0,
                "name": "string"
            }
        ],
        "status": "available"
    },
    {
        "id": 9223372036854599642,
        "category": {
            "id": 0,
            "name": "string"
        },
        "name": "doggie",
        "photoUrls": [
            "string"
        ],
        "tags": [
            {
                "id": 0,
                "name": "string"
            }
        ],
        "status": "available"
    },
    {
        "id": 98765,
        "category": {
            "id": 0,
            "name": "string"
        },
        "name": "pom",
        "photoUrls": [
            "string"
        ],
        "tags": [
            {
                "id": 0,
                "name": "string"
            }
        ],
        "status": "sold"
    },
    {
        "id": 9223372036854599645,
        "category": {
            "id": 0,
            "name": "string"
        },
        "name": "doggie",
        "photoUrls": [
            "string"
        ],
        "tags": [
            {
                "id": 0,
                "name": "string"
            }
        ],
        "status": "available"
    },
    {
        "id": 368,
        "category": {
            "id": 1010,
            "name": "string"
        },
        "name": "Jacob Nienow",
        "photoUrls": [
            "string"
        ],
        "tags": [
            {
                "id": 0,
                "name": "string"
            }
        ],
        "status": "available"
    },
    {
        "id": 299,
        "category": {
            "id": 0,
            "name": "Arlo"
        },
        "name": "doggie",
        "photoUrls": [
            "string"
        ],
        "tags": [
            {
                "id": 0,
                "name": "string"
            }
        ],
        "status": "available"
    },
    {
        "id": 333,
        "category": {
            "id": 333,
            "name": "testcategory"
        },
        "name": "ttestdoggie",
        "photoUrls": [
            "string"
        ],
        "tags": [
            {
                "id": 33,
                "name": "testtag"
            }
        ],
        "status": "available"
    },
    {
        "id": 9223372036854599647,
        "category": {
            "id": 0,
            "name": "string"
        },
        "name": "fish",
        "photoUrls": [
            "string"
        ],
        "tags": [
            {
                "id": 0,
                "name": "string"
            }
        ],
        "status": "available"
    },
    {
        "id": 1245,
        "category": {
            "id": 1245,
            "name": "xyz"
        },
        "name": "xyz",
        "photoUrls": [
            "test"
        ],
        "tags": [
            
        ],
        "status": "available"
    },
    {
        "id": 9223372036854599648,
        "category": {
            "id": 0,
            "name": "string"
        },
        "name": "fish",
        "photoUrls": [
            "string"
        ],
        "tags": [
            {
                "id": 0,
                "name": "string"
            }
        ],
        "status": "available"
    },
    {
        "id": 9223372036854599650,
        "category": {
            "id": 0,
            "name": "string"
        },
        "name": "fish",
        "photoUrls": [
            "string"
        ],
        "tags": [
            {
                "id": 0,
                "name": "string"
            }
        ],
        "status": "available"
    },
    {
        "id": 9223372036854599651,
        "category": {
            "id": 0,
            "name": "string"
        },
        "name": "fish",
        "photoUrls": [
            "string"
        ],
        "tags": [
            {
                "id": 0,
                "name": "string"
            }
        ],
        "status": "available"
    },
    {
        "id": 921,
        "category": {
            "id": 1010,
            "name": "string"
        },
        "name": "Jimmie Ledner",
        "photoUrls": [
            "string"
        ],
        "tags": [
            {
                "id": 0,
                "name": "string"
            }
        ],
        "status": "available"
    },
    {
        "id": 9223372036854599663,
        "category": {
            "id": 0,
            "name": "Dove black"
        },
        "name": "Black home",
        "photoUrls": [
            "string"
        ],
        "tags": [
            
        ],
        "status": "available"
    },
    {
        "id": 9223372036854599670,
        "category": {
            "id": 0,
            "name": "Dove black"
        },
        "name": "Black home",
        "photoUrls": [
            "string"
        ],
        "tags": [
            
        ],
        "status": "available"
    },
    {
        "id": 9223372036854599675,
        "name": "Kitty",
        "photoUrls": [
            
        ],
        "tags": [
            
        ],
        "status": "available"
    },
    {
        "id": 9223372036854599723,
        "category": {
            "id": 0,
            "name": "string"
        },
        "name": "doggie",
        "photoUrls": [
            "string"
        ],
        "tags": [
            {
                "id": 0,
                "name": "string"
            }
        ],
        "status": "available"
    },
    {
        "id": 9223372036854599726,
        "category": {
            "id": 0,
            "name": "string"
        },
        "name": "fish",
        "photoUrls": [
            "string"
        ],
        "tags": [
            {
                "id": 0,
                "name": "string"
            }
        ],
        "status": "available"
    },
    {
        "id": 9223372036854599727,
        "category": {
            "id": 0,
            "name": "string"
        },
        "name": "fish",
        "photoUrls": [
            "string"
        ],
        "tags": [
            {
                "id": 0,
                "name": "string"
            }
        ],
        "status": "available"
    },
    {
        "id": 9223372036854599728,
        "category": {
            "id": 0,
            "name": "string"
        },
        "name": "doggie",
        "photoUrls": [
            "string"
        ],
        "tags": [
            {
                "id": 0,
                "name": "string"
            }
        ],
        "status": "available"
    },
    {
        "id": 9223372036854599729,
        "category": {
            "id": 0,
            "name": "string"
        },
        "name": "doggie",
        "photoUrls": [
            "string"
        ],
        "tags": [
            {
                "id": 0,
                "name": "string"
            }
        ],
        "status": "available"
    },
    {
        "id": 9223372036854599731,
        "category": {
            "id": 0,
            "name": "string"
        },
        "name": "doggie",
        "photoUrls": [
            "string"
        ],
        "tags": [
            {
                "id": 0,
                "name": "string"
            }
        ],
        "status": "available"
    },
    {
        "id": 9223372036854599732,
        "category": {
            "id": 0,
            "name": "string"
        },
        "name": "Puff",
        "photoUrls": [
            "string"
        ],
        "tags": [
            {
                "id": 0,
                "name": "string"
            }
        ],
        "status": "available"
    },
    {
        "id": 9223372036854599733,
        "category": {
            "id": 0,
            "name": "string"
        },
        "name": "doggie",
        "photoUrls": [
            "string"
        ],
        "tags": [
            {
                "id": 0,
                "name": "string"
            }
        ],
        "status": "available"
    },
    {
        "id": 9223372036854599739,
        "category": {
            "id": 0,
            "name": "string"
        },
        "name": "doggie",
        "photoUrls": [
            "string"
        ],
        "tags": [
            {
                "id": 0,
                "name": "string"
            }
        ],
        "status": "available"
    },
    {
        "id": 9223372036854599740,
        "category": {
            "id": 0,
            "name": "string"
        },
        "name": "fish",
        "photoUrls": [
            "string"
        ],
        "tags": [
            {
                "id": 0,
                "name": "string"
            }
        ],
        "status": "available"
    },
    {
        "id": 9223372036854599741,
        "category": {
            "id": 0,
            "name": "string"
        },
        "name": "doggie",
        "photoUrls": [
            "string"
        ],
        "tags": [
            {
                "id": 0,
                "name": "string"
            }
        ],
        "status": "available"
    },
    {
        "id": 9223372036854598383,
        "category": {
            "id": 0,
            "name": "string"
        },
        "name": "Roxi",
        "photoUrls": [
            "string"
        ],
        "tags": [
            {
                "id": 0,
                "name": "string"
            }
        ],
        "status": "available"
    },
    {
        "id": 9223372036854599749,
        "category": {
            "id": 0,
            "name": "string"
        },
        "name": "fish",
        "photoUrls": [
            "string"
        ],
        "tags": [
            {
                "id": 0,
                "name": "string"
            }
        ],
        "status": "available"
    },
    {
        "id": 55,
        "category": {
            "id": 0,
            "name": "string"
        },
        "name": "VssAdministrator",
        "photoUrls": [
            "string"
        ],
        "tags": [
            {
                "id": 0,
                "name": "string"
            }
        ],
        "status": "available"
    },
    {
        "id": 9223372036854599756,
        "category": {
            "id": 0,
            "name": "string"
        },
        "name": "doggie",
        "photoUrls": [
            "string"
        ],
        "tags": [
            {
                "id": 0,
                "name": "string"
            }
        ],
        "status": "available"
    },
    {
        "id": 9223372036854599758,
        "category": {
            "id": 0,
            "name": "string"
        },
        "name": "doggie",
        "photoUrls": [
            "string"
        ],
        "tags": [
            {
                "id": 0,
                "name": "string"
            }
        ],
        "status": "available"
    },
    {
        "id": 28032024,
        "category": {
            "id": 28032024,
            "name": "BagaPet"
        },
        "name": "Zhivotnoe",
        "photoUrls": [
            "string"
        ],
        "tags": [
            {
                "id": 28032024,
                "name": "Prismikaushee"
            }
        ],
        "status": "available"
    },
    {
        "id": 9223372036854599767,
        "category": {
            "id": 0,
            "name": "string"
        },
        "name": "fish",
        "photoUrls": [
            "string"
        ],
        "tags": [
            {
                "id": 0,
                "name": "string"
            }
        ],
        "status": "available"
    },
    {
        "id": 40,
        "category": {
            "id": 40,
            "name": "dog"
        },
        "name": "Торик",
        "photoUrls": [
            "string"
        ],
        "tags": [
            {
                "id": 40,
                "name": "toypuddle"
            }
        ],
        "status": "available"
    },
    {
        "id": 9223372036854599770,
        "category": {
            "id": 0,
            "name": "string"
        },
        "name": "doggie",
        "photoUrls": [
            "string"
        ],
        "tags": [
            {
                "id": 0,
                "name": "string"
            }
        ],
        "status": "available"
    },
    {
        "id": 9223372036854599775,
        "category": {
            "id": 0,
            "name": "string"
        },
        "name": "doggie",
        "photoUrls": [
            "string"
        ],
        "tags": [
            {
                "id": 0,
                "name": "string"
            }
        ],
        "status": "available"
    },
    {
        "id": 9223372036854599778,
        "category": {
            "id": 0,
            "name": "string"
        },
        "name": "fish",
        "photoUrls": [
            "string"
        ],
        "tags": [
            {
                "id": 0,
                "name": "string"
            }
        ],
        "status": "available"
    },
    {
        "id": 9223372036854599779,
        "category": {
            "id": 0,
            "name": "string"
        },
        "name": "doggie",
        "photoUrls": [
            "string"
        ],
        "tags": [
            {
                "id": 0,
                "name": "string"
            }
        ],
        "status": "available"
    },
    {
        "id": 9223372036854599780,
        "category": {
            "id": 0,
            "name": "string"
        },
        "name": "doggie",
        "photoUrls": [
            "string"
        ],
        "tags": [
            {
                "id": 0,
                "name": "string"
            }
        ],
        "status": "available"
    },
    {
        "id": 9223372036854599781,
        "category": {
            "id": 0,
            "name": "string"
        },
        "name": "fish",
        "photoUrls": [
            "string"
        ],
        "tags": [
            {
                "id": 0,
                "name": "string"
            }
        ],
        "status": "available"
    },
    {
        "id": 9223372036854599782,
        "category": {
            "id": 0,
            "name": "string"
        },
        "name": "Puff",
        "photoUrls": [
            "string"
        ],
        "tags": [
            {
                "id": 0,
                "name": "string"
            }
        ],
        "status": "available"
    },
    {
        "id": 9223372036854599784,
        "category": {
            "id": 0,
            "name": "string"
        },
        "name": "doggie",
        "photoUrls": [
            "string"
        ],
        "tags": [
            {
                "id": 0,
                "name": "string"
            }
        ],
        "status": "available"
    },
    {
        "id": 987,
        "category": {
            "id": 1010,
            "name": "string"
        },
        "name": "Mathew Homenick",
        "photoUrls": [
            "string"
        ],
        "tags": [
            {
                "id": 0,
                "name": "string"
            }
        ],
        "status": "available"
    },
    {
        "id": 482,
        "category": {
            "id": 1010,
            "name": "string"
        },
        "name": "Lamar Huels",
        "photoUrls": [
            "string"
        ],
        "tags": [
            {
                "id": 0,
                "name": "string"
            }
        ],
        "status": "available"
    },
    {
        "id": 203,
        "category": {
            "id": 203,
            "name": "Humsters"
        },
        "name": "Petrushka",
        "photoUrls": [
            "URL"
        ],
        "tags": [
            {
                "id": 203,
                "name": "black"
            }
        ],
        "status": "available"
    },
    {
        "id": 9223372036854599789,
        "category": {
            "id": 0,
            "name": "string"
        },
        "name": "doggie",
        "photoUrls": [
            "string"
        ],
        "tags": [
            {
                "id": 0,
                "name": "string"
            }
        ],
        "status": "available"
    },
    {
        "id": 9223372036854599791,
        "category": {
            "id": 0,
            "name": "string"
        },
        "name": "fish",
        "photoUrls": [
            "string"
        ],
        "tags": [
            {
                "id": 0,
                "name": "string"
            }
        ],
        "status": "available"
    },
    {
        "id": 9223372036854599792,
        "category": {
            "id": 0,
            "name": "string"
        },
        "name": "fish",
        "photoUrls": [
            "string"
        ],
        "tags": [
            {
                "id": 0,
                "name": "string"
            }
        ],
        "status": "available"
    },
    {
        "id": 9223372036854599793,
        "category": {
            "id": 0,
            "name": "string"
        },
        "name": "fish",
        "photoUrls": [
            "string"
        ],
        "tags": [
            {
                "id": 0,
                "name": "string"
            }
        ],
        "status": "available"
    },
    {
        "id": 9223372036854599794,
        "category": {
            "id": 0,
            "name": "string"
        },
        "name": "fish",
        "photoUrls": [
            "string"
        ],
        "tags": [
            {
                "id": 0,
                "name": "string"
            }
        ],
        "status": "available"
    },
    {
        "id": 402,
        "category": {
            "id": 1010,
            "name": "string"
        },
        "name": "Geoffrey Connelly",
        "photoUrls": [
            "string"
        ],
        "tags": [
            {
                "id": 0,
                "name": "string"
            }
        ],
        "status": "available"
    },
    {
        "id": 351,
        "category": {
            "id": 1010,
            "name": "string"
        },
        "name": "Kerry Nolan",
        "photoUrls": [
            "string"
        ],
        "tags": [
            {
                "id": 0,
                "name": "string"
            }
        ],
        "status": "available"
    },
    {
        "id": 9223372036854599807,
        "category": {
            "id": 0,
            "name": "string"
        },
        "name": "doggie",
        "photoUrls": [
            "string"
        ],
        "tags": [
            {
                "id": 0,
                "name": "string"
            }
        ],
        "status": "available"
    },
    {
        "id": 9223372036854599810,
        "category": {
            "id": 0,
            "name": "string"
        },
        "name": "doggie",
        "photoUrls": [
            "string"
        ],
        "tags": [
            {
                "id": 0,
                "name": "string"
            }
        ],
        "status": "available"
    },
    {
        "id": 9223372036854599813,
        "category": {
            "id": 0,
            "name": "string"
        },
        "name": "doggie",
        "photoUrls": [
            "string"
        ],
        "tags": [
            {
                "id": 0,
                "name": "string"
            }
        ],
        "status": "available"
    },
    {
        "id": 9223372036854598642,
        "category": {
            "id": 0,
            "name": "string"
        },
        "name": "Roxi",
        "photoUrls": [
            "string"
        ],
        "tags": [
            {
                "id": 0,
                "name": "string"
            }
        ],
        "status": "available"
    },
    {
        "id": 9223372036854599829,
        "category": {
            "id": 0,
            "name": "string"
        },
        "name": "doggie",
        "photoUrls": [
            "string"
        ],
        "tags": [
            {
                "id": 0,
                "name": "string"
            }
        ],
        "status": "available"
    },
    {
        "id": 9223372036854599830,
        "category": {
            "id": 0,
            "name": "string"
        },
        "name": "doggie",
        "photoUrls": [
            "string"
        ],
        "tags": [
            {
                "id": 0,
                "name": "string"
            }
        ],
        "status": "available"
    },
    {
        "id": 9223372036854599838,
        "category": {
            "id": 0,
            "name": "string"
        },
        "name": "doggie",
        "photoUrls": [
            "string"
        ],
        "tags": [
            {
                "id": 0,
                "name": "string"
            }
        ],
        "status": "available"
    },
    {
        "id": 9223372036854599839,
        "category": {
            "id": 0,
            "name": "string"
        },
        "name": "doggie",
        "photoUrls": [
            "string"
        ],
        "tags": [
            {
                "id": 0,
                "name": "string"
            }
        ],
        "status": "available"
    },
    {
        "id": 9223372036854599842,
        "category": {
            "id": 0,
            "name": "string"
        },
        "name": "fish",
        "photoUrls": [
            "string"
        ],
        "tags": [
            {
                "id": 0,
                "name": "string"
            }
        ],
        "status": "available"
    },
    {
        "id": 9223372036854599843,
        "category": {
            "id": 0,
            "name": "string"
        },
        "name": "doggie",
        "photoUrls": [
            "string"
        ],
        "tags": [
            {
                "id": 0,
                "name": "string"
            }
        ],
        "status": "available"
    },
    {
        "id": 9223372036854599844,
        "category": {
            "id": 0,
            "name": "string"
        },
        "name": "doggie",
        "photoUrls": [
            "string"
        ],
        "tags": [
            {
                "id": 0,
                "name": "string"
            }
        ],
        "status": "available"
    },
    {
        "id": 922337203685477599,
        "name": "chedder-89811222-j",
        "photoUrls": [
            "./dog.png"
        ],
        "tags": [
            
        ],
        "status": "pending"
    },
    {
        "id": 9223372036854599850,
        "category": {
            "id": 0,
            "name": "string"
        },
        "name": "Puff",
        "photoUrls": [
            "string"
        ],
        "tags": [
            {
                "id": 0,
                "name": "string"
            }
        ],
        "status": "available"
    },
    {
        "id": 9223372036854599851,
        "category": {
            "id": 0,
            "name": "Pomeranian"
        },
        "name": "Yeontn",
        "photoUrls": [
            "https://www.google.com/url?sa=i&url=https%3A%2F%2Fwikibio.in%2Fyeontan%2F&psig=AOvVaw0UdJeOGlk-jKSOtT-nplW1&ust=1682581409377000&source=images&cd=vfe&ved=0CA4QjRxqFwoTCMCQvJiuyP4CFQAAAAAdAAAAABAI"
        ],
        "tags": [
            {
                "id": 0,
                "name": "Dog"
            }
        ],
        "status": "available"
    },
    {
        "id": 9223372036854599852,
        "name": "Goot Doggie",
        "photoUrls": [
            "https://media.karousell.com/media/photos/products/2017/09/14/doggi_door_stopper_1505372529_5cdd1eba0"
        ],
        "tags": [
            
        ],
        "status": "available"
    },
    {
        "id": 9223372036854599853,
        "category": {
            "id": 0,
            "name": "string"
        },
        "name": "doggie",
        "photoUrls": [
            "string"
        ],
        "tags": [
            {
                "id": 0,
                "name": "string"
            }
        ],
        "status": "available"
    },
    {
        "id": 12345,
        "category": {
            "id": 0,
            "name": "string"
        },
        "name": "blabla",
        "photoUrls": [
            "string"
        ],
        "tags": [
            {
                "id": 0,
                "name": "string"
            }
        ],
        "status": "available"
    },
    {
        "id": 420,
        "category": {
            "id": 42,
            "name": "Chihuahua"
        },
        "name": "PasBre",
        "photoUrls": [
            "string"
        ],
        "tags": [
            {
                "id": 0,
                "name": "string"
            }
        ],
        "status": "available"
    },
    {
        "id": 9223372036854599854,
        "name": "doggie",
        "photoUrls": [
            
        ],
        "tags": [
            
        ],
        "status": "available"
    },
    {
        "id": 9223372036854599855,
        "name": "Goot Doggie",
        "photoUrls": [
            "https://media.karousell.com/media/photos/products/2017/09/14/doggi_door_stopper_1505372529_5cdd1eba0"
        ],
        "tags": [
            
        ],
        "status": "available"
    },
    {
        "id": 9223372036854599856,
        "name": "doggie",
        "photoUrls": [
            
        ],
        "tags": [
            
        ],
        "status": "available"
    },
    {
        "id": 9223372036854598610,
        "category": {
            "id": 123,
            "name": "string"
        },
        "name": "doggie",
        "photoUrls": [
            "string"
        ],
        "tags": [
            {
                "id": 123,
                "name": "string"
            }
        ],
        "status": "sold"
    },
    {
        "id": 9223372036854599858,
        "name": "Goot Doggie",
        "photoUrls": [
            "https://media.karousell.com/media/photos/products/2017/09/14/doggi_door_stopper_1505372529_5cdd1eba0"
        ],
        "tags": [
            
        ],
        "status": "available"
    },
    {
        "id": 9223372036854599859,
        "category": {
            "id": 0,
            "name": "string"
        },
        "name": "doggie",
        "photoUrls": [
            "string"
        ],
        "tags": [
            {
                "id": 0,
                "name": "string"
            }
        ],
        "status": "available"
    },
    {
        "id": 9223372036854599860,
        "category": {
            "id": 0,
            "name": "string"
        },
        "name": "morce",
        "photoUrls": [
            "string"
        ],
        "tags": [
            {
                "id": 0,
                "name": "string"
            }
        ],
        "status": "available"
    },
    {
        "id": 9223372036854599861,
        "category": {
            "id": 0,
            "name": "string"
        },
        "name": "doggie",
        "photoUrls": [
            "string"
        ],
        "tags": [
            {
                "id": 0,
                "name": "string"
            }
        ],
        "status": "available"
    },
    {
        "id": 9223372036854599865,
        "category": {
            "id": 0,
            "name": "string"
        },
        "name": "fish",
        "photoUrls": [
            "string"
        ],
        "tags": [
            {
                "id": 0,
                "name": "string"
            }
        ],
        "status": "available"
    },
    {
        "id": 9223372036854599866,
        "category": {
            "id": 0,
            "name": "string"
        },
        "name": "doggie",
        "photoUrls": [
            "string"
        ],
        "tags": [
            {
                "id": 0,
                "name": "string"
            }
        ],
        "status": "available"
    },
    {
        "id": 9223372036854599869,
        "category": {
            "id": 123,
            "name": "string"
        },
        "name": "doggie",
        "photoUrls": [
            "string"
        ],
        "tags": [
            {
                "id": 123,
                "name": "string"
            }
        ],
        "status": "available"
    },
    {
        "id": 9223372036854599870,
        "category": {
            "id": 123,
            "name": "string"
        },
        "name": "doggie",
        "photoUrls": [
            "string"
        ],
        "tags": [
            {
                "id": 123,
                "name": "string"
            }
        ],
        "status": "available"
    },
    {
        "id": 128,
        "category": {
            "id": 0,
            "name": "Horse"
        },
        "name": "Ahal-Teke",
        "photoUrls": [
            "string"
        ],
        "tags": [
            {
                "id": 0,
                "name": "string"
            }
        ],
        "status": "available"
    },
    {
        "id": 90,
        "category": {
            "id": 10,
            "name": "Kedi"
        },
        "name": "Vahsi",
        "photoUrls": [
            "https://images.app.goo.gl/972LJXCHhchrSmgv9"
        ],
        "tags": [
            {
                "id": 5,
                "name": "Van Kedisi"
            }
        ],
        "status": "available"
    },
    {
        "id": 31662904,
        "category": {
            "id": -72976378,
            "name": "consequat commodo dolor"
        },
        "name": "doggie",
        "photoUrls": [
            "dolor",
            "aliquip"
        ],
        "tags": [
            {
                "id": -81536039,
                "name": "officia non exercitation laborum"
            },
            {
                "id": -81700539,
                "name": "sed quis"
            }
        ],
        "status": "pending"
    },
    {
        "id": 9223372036854599873,
        "category": {
            "id": -74696456,
            "name": "culpa fugiat veniam cupidatat sint"
        },
        "name": "doggie",
        "photoUrls": [
            "culpa commodo",
            "Lorem in veniam qui"
        ],
        "tags": [
            {
                "id": -28973829,
                "name": "cillum eu ad adipisicing do"
            },
            {
                "id": -12934735,
                "name": "est do sint Ut sunt"
            }
        ],
        "status": "available"
    },
    {
        "id": 9223372036854599000,
        "category": {
            "id": 100,
            "name": "Dino"
        },
        "name": "Tyrannosa",
        "photoUrls": [
            "http://en.wikipedia.org/wiki/Tyrannosaurus#/media/File:Tyrannosaurus_rex_mmartyniuk.png"
        ],
        "tags": [
            {
                "id": 100,
                "name": "rept"
            },
            {
                "id": 101,
                "name": "dinosaur"
            }
        ],
        "status": "available"
    },
    {
        "id": 123,
        "category": {
            "id": 123,
            "name": "popo"
        },
        "name": "pipin",
        "photoUrls": [
            "string"
        ],
        "tags": [
            {
                "id": 123,
                "name": "string"
            }
        ],
        "status": "available"
    },
    {
        "id": 9223372036854599874,
        "category": {
            "id": 0,
            "name": "string"
        },
        "name": "doggie",
        "photoUrls": [
            
        ],
        "tags": [
            
        ],
        "status": "available"
    },
    {
        "id": 9223372036854599876,
        "category": {
            "id": 0,
            "name": "string"
        },
        "name": "fish",
        "photoUrls": [
            "string"
        ],
        "tags": [
            {
                "id": 0,
                "name": "string"
            }
        ],
        "status": "available"
    },
    {
        "id": 9223372036854599888,
        "category": {
            "id": 0,
            "name": "string"
        },
        "name": "doggie",
        "photoUrls": [
            "string"
        ],
        "tags": [
            {
                "id": 0,
                "name": "string"
            }
        ],
        "status": "available"
    },
    {
        "id": 9223372036854599890,
        "category": {
            "id": 0,
            "name": "string"
        },
        "name": "doggie",
        "photoUrls": [
            "string"
        ],
        "tags": [
            {
                "id": 0,
                "name": "string"
            }
        ],
        "status": "available"
    },
    {
        "id": 9223372036854599892,
        "category": {
            "id": 0,
            "name": "string"
        },
        "name": "doggie",
        "photoUrls": [
            "string"
        ],
        "tags": [
            {
                "id": 0,
                "name": "string"
            }
        ],
        "status": "available"
    },
    {
        "id": 9223372036854599901,
        "category": {
            "id": 0,
            "name": "string"
        },
        "name": "fish",
        "photoUrls": [
            "string"
        ],
        "tags": [
            {
                "id": 0,
                "name": "string"
            }
        ],
        "status": "available"
    },
    {
        "id": 9223372036854599917,
        "category": {
            "id": 0,
            "name": "string"
        },
        "name": "doggie",
        "photoUrls": [
            "string"
        ],
        "tags": [
            {
                "id": 0,
                "name": "string"
            }
        ],
        "status": "available"
    },
    {
        "id": 9223372036854599918,
        "category": {
            "id": 0,
            "name": "string"
        },
        "name": "doggie",
        "photoUrls": [
            "string"
        ],
        "tags": [
            {
                "id": 0,
                "name": "string"
            }
        ],
        "status": "available"
    },
    {
        "id": 9223372036854599919,
        "category": {
            "id": 0,
            "name": "string"
        },
        "name": "fish",
        "photoUrls": [
            "string"
        ],
        "tags": [
            {
                "id": 0,
                "name": "string"
            }
        ],
        "status": "available"
    },
    {
        "id": 9223372036854599920,
        "category": {
            "id": 0,
            "name": "string"
        },
        "name": "fish",
        "photoUrls": [
            "string"
        ],
        "tags": [
            {
                "id": 0,
                "name": "string"
            }
        ],
        "status": "available"
    },
    {
        "id": 9223372036854599921,
        "category": {
            "id": 0,
            "name": "string"
        },
        "name": "Puff",
        "photoUrls": [
            "string"
        ],
        "tags": [
            {
                "id": 0,
                "name": "string"
            }
        ],
        "status": "available"
    },
    {
        "id": 505,
        "category": {
            "id": 0,
            "name": "string"
        },
        "name": "FF",
        "photoUrls": [
            "string"
        ],
        "tags": [
            {
                "id": 0,
                "name": "string"
            }
        ],
        "status": "available"
    },
    {
        "id": 9223372036854599923,
        "category": {
            "id": 0,
            "name": "string"
        },
        "name": "doggie",
        "photoUrls": [
            "string"
        ],
        "tags": [
            {
                "id": 0,
                "name": "string"
            }
        ],
        "status": "available"
    },
    {
        "id": 9223372036854599926,
        "name": "Goot Doggie",
        "photoUrls": [
            "https://media.karousell.com/media/photos/products/2017/09/14/doggi_door_stopper_1505372529_5cdd1eba0"
        ],
        "tags": [
            
        ],
        "status": "available"
    },
    {
        "id": 9223372036854599927,
        "name": "Goot Doggie",
        "photoUrls": [
            "https://media.karousell.com/media/photos/products/2017/09/14/doggi_door_stopper_1505372529_5cdd1eba0"
        ],
        "tags": [
            
        ],
        "status": "available"
    },
    {
        "id": 9223372036854599928,
        "name": "Goot Doggie",
        "photoUrls": [
            "https://media.karousell.com/media/photos/products/2017/09/14/doggi_door_stopper_1505372529_5cdd1eba0"
        ],
        "tags": [
            
        ],
        "status": "available"
    },
    {
        "id": 9223372036854599931,
        "category": {
            "id": 0,
            "name": "string"
        },
        "name": "fish",
        "photoUrls": [
            "string"
        ],
        "tags": [
            {
                "id": 0,
                "name": "string"
            }
        ],
        "status": "available"
    },
    {
        "id": 9223372036854599932,
        "category": {
            "id": 0,
            "name": "string"
        },
        "name": "fish",
        "photoUrls": [
            "string"
        ],
        "tags": [
            {
                "id": 0,
                "name": "string"
            }
        ],
        "status": "available"
    },
    {
        "id": 9223372036854599933,
        "category": {
            "id": 0,
            "name": "string"
        },
        "name": "fish",
        "photoUrls": [
            "string"
        ],
        "tags": [
            {
                "id": 0,
                "name": "string"
            }
        ],
        "status": "available"
    },
    {
        "id": 9223372036854599934,
        "category": {
            "id": 0,
            "name": "string"
        },
        "name": "fish",
        "photoUrls": [
            "string"
        ],
        "tags": [
            {
                "id": 0,
                "name": "string"
            }
        ],
        "status": "available"
    },
    {
        "id": 9223372036854599957,
        "name": "doggie",
        "photoUrls": [
            
        ],
        "tags": [
            
        ],
        "status": "available"
    },
    {
        "id": 9223372036854599965,
        "category": {
            "id": 0,
            "name": "string"
        },
        "name": "doggie",
        "photoUrls": [
            "string"
        ],
        "tags": [
            {
                "id": 0,
                "name": "string"
            }
        ],
        "status": "available"
    },
    {
        "id": 9223372036854599968,
        "category": {
            "id": 0,
            "name": "string"
        },
        "name": "doggies",
        "photoUrls": [
            "string"
        ],
        "tags": [
            {
                "id": 0,
                "name": "string"
            }
        ],
        "status": "available"
    },
    {
        "id": 9223372036854599972,
        "category": {
            "id": 0,
            "name": "string"
        },
        "name": "doggie",
        "photoUrls": [
            "string"
        ],
        "tags": [
            {
                "id": 0,
                "name": "string"
            }
        ],
        "status": "available"
    },
    {
        "id": 9223372036854599975,
        "name": "doggie",
        "photoUrls": [
            
        ],
        "tags": [
            
        ],
        "status": "available"
    },
    {
        "id": 9223372036854599977,
        "category": {
            "id": 0,
            "name": "string"
        },
        "name": "doggies",
        "photoUrls": [
            "string"
        ],
        "tags": [
            {
                "id": 0,
                "name": "string"
            }
        ],
        "status": "available"
    },
    {
        "id": 9223372036854599983,
        "category": {
            "id": 0,
            "name": "string"
        },
        "name": "doggie",
        "photoUrls": [
            "string"
        ],
        "tags": [
            {
                "id": 0,
                "name": "string"
            }
        ],
        "status": "available"
    },
    {
        "id": 9223372036854599993,
        "category": {
            "id": 0,
            "name": "string"
        },
        "name": "fish",
        "photoUrls": [
            "string"
        ],
        "tags": [
            {
                "id": 0,
                "name": "string"
            }
        ],
        "status": "available"
    },
    {
        "id": 9223372036854599994,
        "category": {
            "id": 0,
            "name": "string"
        },
        "name": "fish",
        "photoUrls": [
            "string"
        ],
        "tags": [
            {
                "id": 0,
                "name": "string"
            }
        ],
        "status": "available"
    },
    {
        "id": 9223372036854599995,
        "category": {
            "id": 0,
            "name": "string"
        },
        "name": "doggie",
        "photoUrls": [
            "string"
        ],
        "tags": [
            {
                "id": 0,
                "name": "string"
            }
        ],
        "status": "available"
    },
    {
        "id": 9223372036854599996,
        "category": {
            "id": 0,
            "name": "string"
        },
        "name": "doggie",
        "photoUrls": [
            "string"
        ],
        "tags": [
            {
                "id": 0,
                "name": "string"
            }
        ],
        "status": "available"
    },
    {
        "id": 9223372036854600001,
        "category": {
            "id": 0,
            "name": "string"
        },
        "name": "Puff",
        "photoUrls": [
            "string"
        ],
        "tags": [
            {
                "id": 0,
                "name": "string"
            }
        ],
        "status": "available"
    },
    {
        "id": 9223372036854600002,
        "category": {
            "id": 0,
            "name": "string"
        },
        "name": "doggie",
        "photoUrls": [
            "string"
        ],
        "tags": [
            {
                "id": 0,
                "name": "string"
            }
        ],
        "status": "available"
    },
    {
        "id": 12121,
        "category": {
            "id": 0,
            "name": "string"
        },
        "name": "TestPetName",
        "photoUrls": [
            "string"
        ],
        "tags": [
            {
                "id": 0,
                "name": "string"
            }
        ],
        "status": "available"
    },
    {
        "id": 9223372036854600004,
        "category": {
            "id": 0,
            "name": "string"
        },
        "name": "fish",
        "photoUrls": [
            "string"
        ],
        "tags": [
            {
                "id": 0,
                "name": "string"
            }
        ],
        "status": "available"
    },
    {
        "id": 9223372036854600009,
        "category": {
            "id": 0,
            "name": "string"
        },
        "name": "fish",
        "photoUrls": [
            "string"
        ],
        "tags": [
            {
                "id": 0,
                "name": "string"
            }
        ],
        "status": "available"
    },
    {
        "id": 112233,
        "category": {
            "id": 30,
            "name": "Eq-dog"
        },
        "name": "Postman",
        "photoUrls": [
            "URLLink"
        ],
        "tags": [
            {
                "id": 10,
                "name": "Doberman"
            }
        ],
        "status": "available"
    },
    {
        "id": 9223372036854600014,
        "category": {
            "id": 0,
            "name": "string"
        },
        "name": "doggie",
        "photoUrls": [
            "string"
        ],
        "tags": [
            {
                "id": 0,
                "name": "string"
            }
        ],
        "status": "available"
    },
    {
        "id": 9223372036854600015,
        "category": {
            "id": 0,
            "name": "cats"
        },
        "name": "bax",
        "photoUrls": [
            "photoSberCat"
        ],
        "tags": [
            
        ],
        "status": "sold"
    },
    {
        "id": 9223372036854600025,
        "category": {
            "id": 0,
            "name": "string"
        },
        "name": "fish",
        "photoUrls": [
            "string"
        ],
        "tags": [
            {
                "id": 0,
                "name": "string"
            }
        ],
        "status": "available"
    },
    {
        "id": 9223372036854600031,
        "category": {
            "id": 0,
            "name": "string"
        },
        "name": "doggie",
        "photoUrls": [
            "string"
        ],
        "tags": [
            {
                "id": 0,
                "name": "string"
            }
        ],
        "status": "available"
    },
    {
        "id": 9223372036854600032,
        "category": {
            "id": 100,
            "name": "Dinosaur"
        },
        "name": "Tyrannosaurus",
        "photoUrls": [
            "http://en.wikipedia.org/wiki/Tyrannosaurus#/media/File:Tyrannosaurus_rex_mmartyniuk.png"
        ],
        "tags": [
            {
                "id": 100,
                "name": "reptile"
            },
            {
                "id": 101,
                "name": "dinosaur"
            }
        ],
        "status": "available"
    },
    {
        "id": 9223372036854600033,
        "category": {
            "id": 100,
            "name": "Dinosaur"
        },
        "name": "Tyrannosaurus",
        "photoUrls": [
            "http://en.wikipedia.org/wiki/Tyrannosaurus#/media/File:Tyrannosaurus_rex_mmartyniuk.png"
        ],
        "tags": [
            {
                "id": 100,
                "name": "reptile"
            },
            {
                "id": 101,
                "name": "dinosaur"
            }
        ],
        "status": "available"
    },
    {
        "id": 9223372036854600034,
        "category": {
            "id": 100,
            "name": "Dinosaur"
        },
        "name": "Tyrannosaurus",
        "photoUrls": [
            "http://en.wikipedia.org/wiki/Tyrannosaurus#/media/File:Tyrannosaurus_rex_mmartyniuk.png"
        ],
        "tags": [
            {
                "id": 100,
                "name": "reptile"
            },
            {
                "id": 101,
                "name": "dinosaur"
            }
        ],
        "status": "available"
    },
    {
        "id": 9223372036854600035,
        "category": {
            "id": 100,
            "name": "Dinosaur"
        },
        "name": "Tyrannosaurus",
        "photoUrls": [
            "http://en.wikipedia.org/wiki/Tyrannosaurus#/media/File:Tyrannosaurus_rex_mmartyniuk.png"
        ],
        "tags": [
            {
                "id": 100,
                "name": "reptile"
            },
            {
                "id": 101,
                "name": "dinosaur"
            }
        ],
        "status": "available"
    },
    {
        "id": 9223372036854600036,
        "category": {
            "id": 100,
            "name": "Dinosaur"
        },
        "name": "Tyrannosaurus",
        "photoUrls": [
            "http://en.wikipedia.org/wiki/Tyrannosaurus#/media/File:Tyrannosaurus_rex_mmartyniuk.png"
        ],
        "tags": [
            {
                "id": 100,
                "name": "reptile"
            },
            {
                "id": 101,
                "name": "dinosaur"
            }
        ],
        "status": "available"
    },
    {
        "id": 9223372036854600037,
        "category": {
            "id": 1,
            "name": "Fish"
        },
        "name": "Goldie",
        "photoUrls": [
            "http://example.com/photo1",
            "http://example.com/photo2"
        ],
        "tags": [
            {
                "id": 0,
                "name": "Tag1"
            }
        ],
        "status": "available"
    },
    {
        "id": 9223372036854600040,
        "category": {
            "id": 100,
            "name": "Dinosaur"
        },
        "name": "Tyrannosaurus",
        "photoUrls": [
            "http://en.wikipedia.org/wiki/Tyrannosaurus#/media/File:Tyrannosaurus_rex_mmartyniuk.png"
        ],
        "tags": [
            {
                "id": 100,
                "name": "reptile"
            },
            {
                "id": 101,
                "name": "dinosaur"
            }
        ],
        "status": "available"
    },
    {
        "id": 9223372036854600041,
        "category": {
            "id": 100,
            "name": "Dinosaur"
        },
        "name": "Tyrannosaurus",
        "photoUrls": [
            "http://en.wikipedia.org/wiki/Tyrannosaurus#/media/File:Tyrannosaurus_rex_mmartyniuk.png"
        ],
        "tags": [
            {
                "id": 100,
                "name": "reptile"
            },
            {
                "id": 101,
                "name": "dinosaur"
            }
        ],
        "status": "available"
    },
    {
        "id": 9223372036854600042,
        "category": {
            "id": 100,
            "name": "Dinosaur"
        },
        "name": "Tyrannosaurus",
        "photoUrls": [
            "http://en.wikipedia.org/wiki/Tyrannosaurus#/media/File:Tyrannosaurus_rex_mmartyniuk.png"
        ],
        "tags": [
            {
                "id": 100,
                "name": "reptile"
            },
            {
                "id": 101,
                "name": "dinosaur"
            }
        ],
        "status": "available"
    },
    {
        "id": 9223372036854600043,
        "category": {
            "id": 100,
            "name": "Dinosaur"
        },
        "name": "Tyrannosaurus",
        "photoUrls": [
            "http://en.wikipedia.org/wiki/Tyrannosaurus#/media/File:Tyrannosaurus_rex_mmartyniuk.png"
        ],
        "tags": [
            {
                "id": 100,
                "name": "reptile"
            },
            {
                "id": 101,
                "name": "dinosaur"
            }
        ],
        "status": "available"
    },
    {
        "id": 9223372036854600044,
        "category": {
            "id": 100,
            "name": "Dinosaur"
        },
        "name": "Tyrannosaurus",
        "photoUrls": [
            "http://en.wikipedia.org/wiki/Tyrannosaurus#/media/File:Tyrannosaurus_rex_mmartyniuk.png"
        ],
        "tags": [
            {
                "id": 100,
                "name": "reptile"
            },
            {
                "id": 101,
                "name": "dinosaur"
            }
        ],
        "status": "available"
    },
    {
        "id": 9223372036854600046,
        "category": {
            "id": 100,
            "name": "Dinosaur"
        },
        "name": "Tyrannosaurus",
        "photoUrls": [
            "http://en.wikipedia.org/wiki/Tyrannosaurus#/media/File:Tyrannosaurus_rex_mmartyniuk.png"
        ],
        "tags": [
            {
                "id": 100,
                "name": "reptile"
            },
            {
                "id": 101,
                "name": "dinosaur"
            }
        ],
        "status": "available"
    },
    {
        "id": 9223372036854600047,
        "category": {
            "id": 100,
            "name": "Dinosaur"
        },
        "name": "Tyrannosaurus",
        "photoUrls": [
            "http://en.wikipedia.org/wiki/Tyrannosaurus#/media/File:Tyrannosaurus_rex_mmartyniuk.png"
        ],
        "tags": [
            {
                "id": 100,
                "name": "reptile"
            },
            {
                "id": 101,
                "name": "dinosaur"
            }
        ],
        "status": "available"
    },
    {
        "id": 9223372036854600048,
        "category": {
            "id": 100,
            "name": "Dinosaur"
        },
        "name": "Tyrannosaurus",
        "photoUrls": [
            "http://en.wikipedia.org/wiki/Tyrannosaurus#/media/File:Tyrannosaurus_rex_mmartyniuk.png"
        ],
        "tags": [
            {
                "id": 100,
                "name": "reptile"
            },
            {
                "id": 101,
                "name": "dinosaur"
            }
        ],
        "status": "available"
    },
    {
        "id": 9223372036854600051,
        "category": {
            "id": 100,
            "name": "Dinosaur"
        },
        "name": "Tyrannosaurus",
        "photoUrls": [
            "http://en.wikipedia.org/wiki/Tyrannosaurus#/media/File:Tyrannosaurus_rex_mmartyniuk.png"
        ],
        "tags": [
            {
                "id": 100,
                "name": "reptile"
            },
            {
                "id": 101,
                "name": "dinosaur"
            }
        ],
        "status": "available"
    },
    {
        "id": 9223372036854600058,
        "category": {
            "id": 100,
            "name": "Dinosaur"
        },
        "name": "Tyrannosaurus",
        "photoUrls": [
            "http://en.wikipedia.org/wiki/Tyrannosaurus#/media/File:Tyrannosaurus_rex_mmartyniuk.png"
        ],
        "tags": [
            {
                "id": 100,
                "name": "reptile"
            },
            {
                "id": 101,
                "name": "dinosaur"
            }
        ],
        "status": "available"
    },
    {
        "id": 9223372036854600063,
        "category": {
            "id": 100,
            "name": "Dinosaur"
        },
        "name": "Tyrannosaurus",
        "photoUrls": [
            "http://en.wikipedia.org/wiki/Tyrannosaurus#/media/File:Tyrannosaurus_rex_mmartyniuk.png"
        ],
        "tags": [
            {
                "id": 100,
                "name": "reptile"
            },
            {
                "id": 101,
                "name": "dinosaur"
            }
        ],
        "status": "available"
    },
    {
        "id": 9223372036854600064,
        "category": {
            "id": 100,
            "name": "Dinosaur"
        },
        "name": "Tyrannosaurus",
        "photoUrls": [
            "http://en.wikipedia.org/wiki/Tyrannosaurus#/media/File:Tyrannosaurus_rex_mmartyniuk.png"
        ],
        "tags": [
            {
                "id": 100,
                "name": "reptile"
            },
            {
                "id": 101,
                "name": "dinosaur"
            }
        ],
        "status": "available"
    },
    {
        "id": 9223372036854600065,
        "category": {
            "id": 100,
            "name": "Dinosaur"
        },
        "name": "Tyrannosaurus",
        "photoUrls": [
            "http://en.wikipedia.org/wiki/Tyrannosaurus#/media/File:Tyrannosaurus_rex_mmartyniuk.png"
        ],
        "tags": [
            {
                "id": 100,
                "name": "reptile"
            },
            {
                "id": 101,
                "name": "dinosaur"
            }
        ],
        "status": "available"
    },
    {
        "id": 9223372036854600066,
        "category": {
            "id": 100,
            "name": "Dinosaur"
        },
        "name": "Tyrannosaurus",
        "photoUrls": [
            "http://en.wikipedia.org/wiki/Tyrannosaurus#/media/File:Tyrannosaurus_rex_mmartyniuk.png"
        ],
        "tags": [
            {
                "id": 100,
                "name": "reptile"
            },
            {
                "id": 101,
                "name": "dinosaur"
            }
        ],
        "status": "available"
    },
    {
        "id": 9223372036854600067,
        "category": {
            "id": 100,
            "name": "Dinosaur"
        },
        "name": "Tyrannosaurus",
        "photoUrls": [
            "http://en.wikipedia.org/wiki/Tyrannosaurus#/media/File:Tyrannosaurus_rex_mmartyniuk.png"
        ],
        "tags": [
            {
                "id": 100,
                "name": "reptile"
            },
            {
                "id": 101,
                "name": "dinosaur"
            }
        ],
        "status": "available"
    },
    {
        "id": 9223372036854600068,
        "category": {
            "id": 100,
            "name": "Dinosaur"
        },
        "name": "Tyrannosaurus",
        "photoUrls": [
            "http://en.wikipedia.org/wiki/Tyrannosaurus#/media/File:Tyrannosaurus_rex_mmartyniuk.png"
        ],
        "tags": [
            {
                "id": 100,
                "name": "reptile"
            },
            {
                "id": 101,
                "name": "dinosaur"
            }
        ],
        "status": "available"
    },
    {
        "id": 9223372036854600069,
        "category": {
            "id": 100,
            "name": "Dinosaur"
        },
        "name": "Tyrannosaurus",
        "photoUrls": [
            "http://en.wikipedia.org/wiki/Tyrannosaurus#/media/File:Tyrannosaurus_rex_mmartyniuk.png"
        ],
        "tags": [
            {
                "id": 100,
                "name": "reptile"
            },
            {
                "id": 101,
                "name": "dinosaur"
            }
        ],
        "status": "available"
    },
    {
        "id": 9223372036854600070,
        "category": {
            "id": 100,
            "name": "Dinosaur"
        },
        "name": "Tyrannosaurus",
        "photoUrls": [
            "http://en.wikipedia.org/wiki/Tyrannosaurus#/media/File:Tyrannosaurus_rex_mmartyniuk.png"
        ],
        "tags": [
            {
                "id": 100,
                "name": "reptile"
            },
            {
                "id": 101,
                "name": "dinosaur"
            }
        ],
        "status": "available"
    },
    {
        "id": 9223372036854600071,
        "category": {
            "id": 100,
            "name": "Dinosaur"
        },
        "name": "Tyrannosaurus",
        "photoUrls": [
            "http://en.wikipedia.org/wiki/Tyrannosaurus#/media/File:Tyrannosaurus_rex_mmartyniuk.png"
        ],
        "tags": [
            {
                "id": 100,
                "name": "reptile"
            },
            {
                "id": 101,
                "name": "dinosaur"
            }
        ],
        "status": "available"
    },
    {
        "id": 9223372036854600072,
        "category": {
            "id": 0,
            "name": "string"
        },
        "name": "doggie",
        "photoUrls": [
            "string"
        ],
        "tags": [
            {
                "id": 0,
                "name": "string"
            }
        ],
        "status": "available"
    },
    {
        "id": 9223372036854600073,
        "category": {
            "id": 0,
            "name": "string"
        },
        "name": "doggie",
        "photoUrls": [
            "string"
        ],
        "tags": [
            {
                "id": 0,
                "name": "string"
            }
        ],
        "status": "available"
    },
    {
        "id": 9223372036854600074,
        "category": {
            "id": 100,
            "name": "Dinosaur"
        },
        "name": "Tyrannosaurus",
        "photoUrls": [
            "http://en.wikipedia.org/wiki/Tyrannosaurus#/media/File:Tyrannosaurus_rex_mmartyniuk.png"
        ],
        "tags": [
            {
                "id": 100,
                "name": "reptile"
            },
            {
                "id": 101,
                "name": "dinosaur"
            }
        ],
        "status": "available"
    },
    {
        "id": 9223372036854600075,
        "category": {
            "id": 0,
            "name": "string"
        },
        "name": "fish",
        "photoUrls": [
            "string"
        ],
        "tags": [
            {
                "id": 0,
                "name": "string"
            }
        ],
        "status": "available"
    },
    {
        "id": 9223372036854600076,
        "category": {
            "id": 100,
            "name": "Dinosaur"
        },
        "name": "Tyrannosaurus",
        "photoUrls": [
            "http://en.wikipedia.org/wiki/Tyrannosaurus#/media/File:Tyrannosaurus_rex_mmartyniuk.png"
        ],
        "tags": [
            {
                "id": 100,
                "name": "reptile"
            },
            {
                "id": 101,
                "name": "dinosaur"
            }
        ],
        "status": "available"
    },
    {
        "id": 9223372036854600077,
        "category": {
            "id": 100,
            "name": "Dinosaur"
        },
        "name": "Tyrannosaurus",
        "photoUrls": [
            "http://en.wikipedia.org/wiki/Tyrannosaurus#/media/File:Tyrannosaurus_rex_mmartyniuk.png"
        ],
        "tags": [
            {
                "id": 100,
                "name": "reptile"
            },
            {
                "id": 101,
                "name": "dinosaur"
            }
        ],
        "status": "available"
    },
    {
        "id": 9223372036854600078,
        "category": {
            "id": 100,
            "name": "Dinosaur"
        },
        "name": "Tyrannosaurus",
        "photoUrls": [
            "http://en.wikipedia.org/wiki/Tyrannosaurus#/media/File:Tyrannosaurus_rex_mmartyniuk.png"
        ],
        "tags": [
            {
                "id": 100,
                "name": "reptile"
            },
            {
                "id": 101,
                "name": "dinosaur"
            }
        ],
        "status": "available"
    },
    {
        "id": 9223372036854600079,
        "category": {
            "id": 100,
            "name": "Dinosaur"
        },
        "name": "Tyrannosaurus",
        "photoUrls": [
            "http://en.wikipedia.org/wiki/Tyrannosaurus#/media/File:Tyrannosaurus_rex_mmartyniuk.png"
        ],
        "tags": [
            {
                "id": 100,
                "name": "reptile"
            },
            {
                "id": 101,
                "name": "dinosaur"
            }
        ],
        "status": "available"
    },
    {
        "id": 9223372036854600083,
        "category": {
            "id": 100,
            "name": "Dinosaur"
        },
        "name": "Tyrannosaurus",
        "photoUrls": [
            "http://en.wikipedia.org/wiki/Tyrannosaurus#/media/File:Tyrannosaurus_rex_mmartyniuk.png"
        ],
        "tags": [
            {
                "id": 100,
                "name": "reptile"
            },
            {
                "id": 101,
                "name": "dinosaur"
            }
        ],
        "status": "available"
    },
    {
        "id": 9223372036854600084,
        "category": {
            "id": 100,
            "name": "Dinosaur"
        },
        "name": "Tyrannosaurus",
        "photoUrls": [
            "http://en.wikipedia.org/wiki/Tyrannosaurus#/media/File:Tyrannosaurus_rex_mmartyniuk.png"
        ],
        "tags": [
            {
                "id": 100,
                "name": "reptile"
            },
            {
                "id": 101,
                "name": "dinosaur"
            }
        ],
        "status": "available"
    },
    {
        "id": 9223372036854600085,
        "category": {
            "id": 100,
            "name": "Dinosaur"
        },
        "name": "Tyrannosaurus",
        "photoUrls": [
            "http://en.wikipedia.org/wiki/Tyrannosaurus#/media/File:Tyrannosaurus_rex_mmartyniuk.png"
        ],
        "tags": [
            {
                "id": 100,
                "name": "reptile"
            },
            {
                "id": 101,
                "name": "dinosaur"
            }
        ],
        "status": "available"
    },
    {
        "id": 9223372036854600086,
        "category": {
            "id": 100,
            "name": "Dinosaur"
        },
        "name": "Tyrannosaurus",
        "photoUrls": [
            "http://en.wikipedia.org/wiki/Tyrannosaurus#/media/File:Tyrannosaurus_rex_mmartyniuk.png"
        ],
        "tags": [
            {
                "id": 100,
                "name": "reptile"
            },
            {
                "id": 101,
                "name": "dinosaur"
            }
        ],
        "status": "available"
    },
    {
        "id": 9223372036854600087,
        "category": {
            "id": 100,
            "name": "Dinosaur"
        },
        "name": "Tyrannosaurus",
        "photoUrls": [
            "http://en.wikipedia.org/wiki/Tyrannosaurus#/media/File:Tyrannosaurus_rex_mmartyniuk.png"
        ],
        "tags": [
            {
                "id": 100,
                "name": "reptile"
            },
            {
                "id": 101,
                "name": "dinosaur"
            }
        ],
        "status": "available"
    },
    {
        "id": 9223372036854600088,
        "category": {
            "id": 0,
            "name": "string"
        },
        "name": "Puff",
        "photoUrls": [
            "string"
        ],
        "tags": [
            {
                "id": 0,
                "name": "string"
            }
        ],
        "status": "available"
    },
    {
        "id": 9223372036854600089,
        "category": {
            "id": 100,
            "name": "Dinosaur"
        },
        "name": "Tyrannosaurus",
        "photoUrls": [
            "http://en.wikipedia.org/wiki/Tyrannosaurus#/media/File:Tyrannosaurus_rex_mmartyniuk.png"
        ],
        "tags": [
            {
                "id": 100,
                "name": "reptile"
            },
            {
                "id": 101,
                "name": "dinosaur"
            }
        ],
        "status": "available"
    },
    {
        "id": 9223372036854600090,
        "category": {
            "id": 100,
            "name": "Dinosaur"
        },
        "name": "Tyrannosaurus",
        "photoUrls": [
            "http://en.wikipedia.org/wiki/Tyrannosaurus#/media/File:Tyrannosaurus_rex_mmartyniuk.png"
        ],
        "tags": [
            {
                "id": 100,
                "name": "reptile"
            },
            {
                "id": 101,
                "name": "dinosaur"
            }
        ],
        "status": "available"
    },
    {
        "id": 9223372036854600091,
        "category": {
            "id": 100,
            "name": "Dinosaur"
        },
        "name": "Tyrannosaurus",
        "photoUrls": [
            "http://en.wikipedia.org/wiki/Tyrannosaurus#/media/File:Tyrannosaurus_rex_mmartyniuk.png"
        ],
        "tags": [
            {
                "id": 100,
                "name": "reptile"
            },
            {
                "id": 101,
                "name": "dinosaur"
            }
        ],
        "status": "available"
    },
    {
        "id": 9223372036854600092,
        "category": {
            "id": 100,
            "name": "Dinosaur"
        },
        "name": "Tyrannosaurus",
        "photoUrls": [
            "http://en.wikipedia.org/wiki/Tyrannosaurus#/media/File:Tyrannosaurus_rex_mmartyniuk.png"
        ],
        "tags": [
            {
                "id": 100,
                "name": "reptile"
            },
            {
                "id": 101,
                "name": "dinosaur"
            }
        ],
        "status": "available"
    },
    {
        "id": 9223372036854600093,
        "category": {
            "id": 100,
            "name": "Dinosaur"
        },
        "name": "Tyrannosaurus",
        "photoUrls": [
            "http://en.wikipedia.org/wiki/Tyrannosaurus#/media/File:Tyrannosaurus_rex_mmartyniuk.png"
        ],
        "tags": [
            {
                "id": 100,
                "name": "reptile"
            },
            {
                "id": 101,
                "name": "dinosaur"
            }
        ],
        "status": "available"
    },
    {
        "id": 9223372036854600094,
        "category": {
            "id": 100,
            "name": "Dinosaur"
        },
        "name": "Tyrannosaurus",
        "photoUrls": [
            "http://en.wikipedia.org/wiki/Tyrannosaurus#/media/File:Tyrannosaurus_rex_mmartyniuk.png"
        ],
        "tags": [
            {
                "id": 100,
                "name": "reptile"
            },
            {
                "id": 101,
                "name": "dinosaur"
            }
        ],
        "status": "available"
    },
    {
        "id": 9223372036854600101,
        "category": {
            "id": 100,
            "name": "Dinosaur"
        },
        "name": "Tyrannosaurus",
        "photoUrls": [
            "http://en.wikipedia.org/wiki/Tyrannosaurus#/media/File:Tyrannosaurus_rex_mmartyniuk.png"
        ],
        "tags": [
            {
                "id": 100,
                "name": "reptile"
            },
            {
                "id": 101,
                "name": "dinosaur"
            }
        ],
        "status": "available"
    },
    {
        "id": 9223372036854600102,
        "category": {
            "id": 100,
            "name": "Dinosaur"
        },
        "name": "Tyrannosaurus",
        "photoUrls": [
            "http://en.wikipedia.org/wiki/Tyrannosaurus#/media/File:Tyrannosaurus_rex_mmartyniuk.png"
        ],
        "tags": [
            {
                "id": 100,
                "name": "reptile"
            },
            {
                "id": 101,
                "name": "dinosaur"
            }
        ],
        "status": "available"
    },
    {
        "id": 9223372036854600103,
        "category": {
            "id": 100,
            "name": "Dinosaur"
        },
        "name": "Tyrannosaurus",
        "photoUrls": [
            "http://en.wikipedia.org/wiki/Tyrannosaurus#/media/File:Tyrannosaurus_rex_mmartyniuk.png"
        ],
        "tags": [
            {
                "id": 100,
                "name": "reptile"
            },
            {
                "id": 101,
                "name": "dinosaur"
            }
        ],
        "status": "available"
    },
    {
        "id": 9223372036854600104,
        "category": {
            "id": 0,
            "name": "string"
        },
        "name": "fish",
        "photoUrls": [
            "string"
        ],
        "tags": [
            {
                "id": 0,
                "name": "string"
            }
        ],
        "status": "available"
    },
    {
        "id": 9223372036854600107,
        "category": {
            "id": 100,
            "name": "Dinosaur"
        },
        "name": "Tyrannosaurus",
        "photoUrls": [
            "http://en.wikipedia.org/wiki/Tyrannosaurus#/media/File:Tyrannosaurus_rex_mmartyniuk.png"
        ],
        "tags": [
            {
                "id": 100,
                "name": "reptile"
            },
            {
                "id": 101,
                "name": "dinosaur"
            }
        ],
        "status": "available"
    },
    {
        "id": 9223372036854600121,
        "category": {
            "id": 100,
            "name": "Dinosaur"
        },
        "name": "Tyrannosaurus",
        "photoUrls": [
            "http://en.wikipedia.org/wiki/Tyrannosaurus#/media/File:Tyrannosaurus_rex_mmartyniuk.png"
        ],
        "tags": [
            {
                "id": 100,
                "name": "reptile"
            },
            {
                "id": 101,
                "name": "dinosaur"
            }
        ],
        "status": "available"
    },
    {
        "id": 9223372036854600125,
        "category": {
            "id": 0,
            "name": "string"
        },
        "name": "fish",
        "photoUrls": [
            "string"
        ],
        "tags": [
            {
                "id": 0,
                "name": "string"
            }
        ],
        "status": "available"
    },
    {
        "id": 9223372036854600127,
        "category": {
            "id": 1,
            "name": "Dogs"
        },
        "name": "Cuddles",
        "photoUrls": [
            "https://example.com/photos/cuddles"
        ],
        "tags": [
            {
                "id": 0,
                "name": "Golden Retriever"
            }
        ],
        "status": "available"
    },
    {
        "id": 9223372036854600129,
        "category": {
            "id": 0,
            "name": "string"
        },
        "name": "fish",
        "photoUrls": [
            "string"
        ],
        "tags": [
            {
                "id": 0,
                "name": "string"
            }
        ],
        "status": "available"
    },
    {
        "id": 9223372036854600132,
        "category": {
            "id": 0,
            "name": "string"
        },
        "name": "fish",
        "photoUrls": [
            "string"
        ],
        "tags": [
            {
                "id": 0,
                "name": "string"
            }
        ],
        "status": "available"
    },
    {
        "id": 9223372036854600133,
        "category": {
            "id": 0,
            "name": "string"
        },
        "name": "fish",
        "photoUrls": [
            "string"
        ],
        "tags": [
            {
                "id": 0,
                "name": "string"
            }
        ],
        "status": "available"
    },
    {
        "id": 9223372036854600137,
        "category": {
            "id": 1,
            "name": "Dogs"
        },
        "name": "Cuddles",
        "photoUrls": [
            "https://example.com/photos/cuddles"
        ],
        "tags": [
            {
                "id": 0,
                "name": "Golden Retriever"
            }
        ],
        "status": "available"
    },
    {
        "id": 9223372036854600145,
        "category": {
            "id": 100,
            "name": "Dinosaur"
        },
        "name": "Tyrannosaurus",
        "photoUrls": [
            "http://en.wikipedia.org/wiki/Tyrannosaurus#/media/File:Tyrannosaurus_rex_mmartyniuk.png"
        ],
        "tags": [
            {
                "id": 100,
                "name": "reptile"
            },
            {
                "id": 101,
                "name": "dinosaur"
            }
        ],
        "status": "available"
    },
    {
        "id": 9223372036854600146,
        "category": {
            "id": 100,
            "name": "Dinosaur"
        },
        "name": "Tyrannosaurus",
        "photoUrls": [
            "http://en.wikipedia.org/wiki/Tyrannosaurus#/media/File:Tyrannosaurus_rex_mmartyniuk.png"
        ],
        "tags": [
            {
                "id": 100,
                "name": "reptile"
            },
            {
                "id": 101,
                "name": "dinosaur"
            }
        ],
        "status": "available"
    },
    {
        "id": 9223372036854600147,
        "category": {
            "id": 100,
            "name": "Dinosaur"
        },
        "name": "Tyrannosaurus",
        "photoUrls": [
            "http://en.wikipedia.org/wiki/Tyrannosaurus#/media/File:Tyrannosaurus_rex_mmartyniuk.png"
        ],
        "tags": [
            {
                "id": 100,
                "name": "reptile"
            },
            {
                "id": 101,
                "name": "dinosaur"
            }
        ],
        "status": "available"
    },
    {
        "id": 9223372036854600148,
        "category": {
            "id": 100,
            "name": "Dinosaur"
        },
        "name": "Tyrannosaurus",
        "photoUrls": [
            "http://en.wikipedia.org/wiki/Tyrannosaurus#/media/File:Tyrannosaurus_rex_mmartyniuk.png"
        ],
        "tags": [
            {
                "id": 100,
                "name": "reptile"
            },
            {
                "id": 101,
                "name": "dinosaur"
            }
        ],
        "status": "available"
    },
    {
        "id": 9223372036854600149,
        "category": {
            "id": 100,
            "name": "Dinosaur"
        },
        "name": "Tyrannosaurus",
        "photoUrls": [
            "http://en.wikipedia.org/wiki/Tyrannosaurus#/media/File:Tyrannosaurus_rex_mmartyniuk.png"
        ],
        "tags": [
            {
                "id": 100,
                "name": "reptile"
            },
            {
                "id": 101,
                "name": "dinosaur"
            }
        ],
        "status": "available"
    },
    {
        "id": 9222968140497180179,
        "category": {
            "id": 0,
            "name": "string"
        },
        "name": "test",
        "photoUrls": [
            "string"
        ],
        "tags": [
            {
                "id": 0,
                "name": "string"
            }
        ],
        "status": "available"
    },
    {
        "id": 111,
        "category": {
            "id": 11,
            "name": "Tazman"
        },
        "name": "Cok Vahsi",
        "photoUrls": [
            "https://images.app.goo.gl/972LJXCHhchrSmgv9"
        ],
        "tags": [
            {
                "id": 5,
                "name": "Beyaz doberman"
            }
        ],
        "status": "available"
    },
    {
        "id": 9222968140491042131,
        "category": {
            "id": 0,
            "name": "string"
        },
        "name": "doggie",
        "photoUrls": [
            "string"
        ],
        "tags": [
            {
                "id": 0,
                "name": "string"
            }
        ],
        "status": "available"
    },
    {
        "id": 9223372036854600201,
        "category": {
            "id": 0,
            "name": "string"
        },
        "name": "fish",
        "photoUrls": [
            "string"
        ],
        "tags": [
            {
                "id": 0,
                "name": "string"
            }
        ],
        "status": "available"
    },
    {
        "id": 9223372036854600205,
        "category": {
            "id": 0,
            "name": "string"
        },
        "name": "doggie",
        "photoUrls": [
            "string"
        ],
        "tags": [
            {
                "id": 0,
                "name": "string"
            }
        ],
        "status": "available"
    },
    {
        "id": 9223372036854600206,
        "category": {
            "id": 0,
            "name": "string"
        },
        "name": "doggie",
        "photoUrls": [
            "string"
        ],
        "tags": [
            {
                "id": 0,
                "name": "string"
            }
        ],
        "status": "available"
    },
    {
        "id": 9223372036854600211,
        "category": {
            "id": 0,
            "name": "string"
        },
        "name": "doggie",
        "photoUrls": [
            "string"
        ],
        "tags": [
            {
                "id": 0,
                "name": "string"
            }
        ],
        "status": "available"
    },
    {
        "id": 9223372036854600213,
        "category": {
            "id": 0,
            "name": "string"
        },
        "name": "fish",
        "photoUrls": [
            "string"
        ],
        "tags": [
            {
                "id": 0,
                "name": "string"
            }
        ],
        "status": "available"
    },
    {
        "id": 9223372036854600217,
        "category": {
            "id": 0,
            "name": "string"
        },
        "name": "Puff",
        "photoUrls": [
            "string"
        ],
        "tags": [
            {
                "id": 0,
                "name": "string"
            }
        ],
        "status": "available"
    },
    {
        "id": 9223372036854600218,
        "category": {
            "id": 0,
            "name": "string"
        },
        "name": "doggie",
        "photoUrls": [
            "string"
        ],
        "tags": [
            {
                "id": 0,
                "name": "string"
            }
        ],
        "status": "available"
    },
    {
        "id": 9223372036854600227,
        "category": {
            "id": 0,
            "name": "string"
        },
        "name": "doggie",
        "photoUrls": [
            "string"
        ],
        "tags": [
            {
                "id": 0,
                "name": "string"
            }
        ],
        "status": "available"
    },
    {
        "id": 9223372036854600230,
        "category": {
            "id": 0,
            "name": "string"
        },
        "name": "fish",
        "photoUrls": [
            "string"
        ],
        "tags": [
            {
                "id": 0,
                "name": "string"
            }
        ],
        "status": "available"
    },
    {
        "id": 9223372036854600232,
        "category": {
            "id": 0,
            "name": "string"
        },
        "name": "doggie",
        "photoUrls": [
            "string"
        ],
        "tags": [
            {
                "id": 0,
                "name": "string"
            }
        ],
        "status": "available"
    },
    {
        "id": 10,
        "category": {
            "id": 1,
            "name": "dogs"
        },
        "name": "Hershey",
        "photoUrls": [
            "https://i.natgeofe.com/n/4f5aaece-3300-41a4-b2a8-ed2708a0a27c/domestic-dog_thumb_3x2.jpg"
        ],
        "tags": [
            {
                "id": 1,
                "name": "Friendly"
            }
        ],
        "status": "sold"
    },
    {
        "id": 9223372036854600235,
        "category": {
            "id": 0,
            "name": "string"
        },
        "name": "fish",
        "photoUrls": [
            "string"
        ],
        "tags": [
            {
                "id": 0,
                "name": "string"
            }
        ],
        "status": "available"
    },
    {
        "id": 9223372036854600236,
        "category": {
            "id": 100,
            "name": "Dinosaur"
        },
        "name": "Tyrannosaurus",
        "photoUrls": [
            "http://en.wikipedia.org/wiki/Tyrannosaurus#/media/File:Tyrannosaurus_rex_mmartyniuk.png"
        ],
        "tags": [
            {
                "id": 100,
                "name": "reptile"
            },
            {
                "id": 101,
                "name": "dinosaur"
            }
        ],
        "status": "available"
    },
    {
        "id": 9223372036854600237,
        "category": {
            "id": 100,
            "name": "Dinosaur"
        },
        "name": "Tyrannosaurus",
        "photoUrls": [
            "http://en.wikipedia.org/wiki/Tyrannosaurus#/media/File:Tyrannosaurus_rex_mmartyniuk.png"
        ],
        "tags": [
            {
                "id": 100,
                "name": "reptile"
            },
            {
                "id": 101,
                "name": "dinosaur"
            }
        ],
        "status": "available"
    },
    {
        "id": 9223372036854600238,
        "category": {
            "id": 100,
            "name": "Dinosaur"
        },
        "name": "Tyrannosaurus",
        "photoUrls": [
            "http://en.wikipedia.org/wiki/Tyrannosaurus#/media/File:Tyrannosaurus_rex_mmartyniuk.png"
        ],
        "tags": [
            {
                "id": 100,
                "name": "reptile"
            },
            {
                "id": 101,
                "name": "dinosaur"
            }
        ],
        "status": "available"
    },
    {
        "id": 9223372036854600239,
        "category": {
            "id": 100,
            "name": "Dinosaur"
        },
        "name": "Tyrannosaurus",
        "photoUrls": [
            "http://en.wikipedia.org/wiki/Tyrannosaurus#/media/File:Tyrannosaurus_rex_mmartyniuk.png"
        ],
        "tags": [
            {
                "id": 100,
                "name": "reptile"
            },
            {
                "id": 101,
                "name": "dinosaur"
            }
        ],
        "status": "available"
    },
    {
        "id": 9223372036854600241,
        "category": {
            "id": 100,
            "name": "Dinosaur"
        },
        "name": "Tyrannosaurus",
        "photoUrls": [
            "http://en.wikipedia.org/wiki/Tyrannosaurus#/media/File:Tyrannosaurus_rex_mmartyniuk.png"
        ],
        "tags": [
            {
                "id": 100,
                "name": "reptile"
            },
            {
                "id": 101,
                "name": "dinosaur"
            }
        ],
        "status": "available"
    },
    {
        "id": 9223372036854600243,
        "category": {
            "id": 100,
            "name": "Dinosaur"
        },
        "name": "Tyrannosaurus",
        "photoUrls": [
            "http://en.wikipedia.org/wiki/Tyrannosaurus#/media/File:Tyrannosaurus_rex_mmartyniuk.png"
        ],
        "tags": [
            {
                "id": 100,
                "name": "reptile"
            },
            {
                "id": 101,
                "name": "dinosaur"
            }
        ],
        "status": "available"
    },
    {
        "id": 9223372036854600244,
        "category": {
            "id": 100,
            "name": "Dinosaur"
        },
        "name": "Tyrannosaurus",
        "photoUrls": [
            "http://en.wikipedia.org/wiki/Tyrannosaurus#/media/File:Tyrannosaurus_rex_mmartyniuk.png"
        ],
        "tags": [
            {
                "id": 100,
                "name": "reptile"
            },
            {
                "id": 101,
                "name": "dinosaur"
            }
        ],
        "status": "available"
    },
    {
        "id": 9223372036854600245,
        "category": {
            "id": 100,
            "name": "Dinosaur"
        },
        "name": "Tyrannosaurus",
        "photoUrls": [
            "http://en.wikipedia.org/wiki/Tyrannosaurus#/media/File:Tyrannosaurus_rex_mmartyniuk.png"
        ],
        "tags": [
            {
                "id": 100,
                "name": "reptile"
            },
            {
                "id": 101,
                "name": "dinosaur"
            }
        ],
        "status": "available"
    },
    {
        "id": 9223372036854600247,
        "category": {
            "id": 100,
            "name": "Dinosaur"
        },
        "name": "Tyrannosaurus",
        "photoUrls": [
            "http://en.wikipedia.org/wiki/Tyrannosaurus#/media/File:Tyrannosaurus_rex_mmartyniuk.png"
        ],
        "tags": [
            {
                "id": 100,
                "name": "reptile"
            },
            {
                "id": 101,
                "name": "dinosaur"
            }
        ],
        "status": "available"
    },
    {
        "id": 9223372036854600248,
        "category": {
            "id": 100,
            "name": "Dinosaur"
        },
        "name": "Tyrannosaurus",
        "photoUrls": [
            "http://en.wikipedia.org/wiki/Tyrannosaurus#/media/File:Tyrannosaurus_rex_mmartyniuk.png"
        ],
        "tags": [
            {
                "id": 100,
                "name": "reptile"
            },
            {
                "id": 101,
                "name": "dinosaur"
            }
        ],
        "status": "available"
    },
    {
        "id": 9223372036854600249,
        "category": {
            "id": 100,
            "name": "Dinosaur"
        },
        "name": "Tyrannosaurus",
        "photoUrls": [
            "http://en.wikipedia.org/wiki/Tyrannosaurus#/media/File:Tyrannosaurus_rex_mmartyniuk.png"
        ],
        "tags": [
            {
                "id": 100,
                "name": "reptile"
            },
            {
                "id": 101,
                "name": "dinosaur"
            }
        ],
        "status": "available"
    },
    {
        "id": 9223372036854600250,
        "category": {
            "id": 100,
            "name": "Dinosaur"
        },
        "name": "Tyrannosaurus",
        "photoUrls": [
            "http://en.wikipedia.org/wiki/Tyrannosaurus#/media/File:Tyrannosaurus_rex_mmartyniuk.png"
        ],
        "tags": [
            {
                "id": 100,
                "name": "reptile"
            },
            {
                "id": 101,
                "name": "dinosaur"
            }
        ],
        "status": "available"
    },
    {
        "id": 9223372036854600251,
        "category": {
            "id": 100,
            "name": "Dinosaur"
        },
        "name": "Tyrannosaurus",
        "photoUrls": [
            "http://en.wikipedia.org/wiki/Tyrannosaurus#/media/File:Tyrannosaurus_rex_mmartyniuk.png"
        ],
        "tags": [
            {
                "id": 100,
                "name": "reptile"
            },
            {
                "id": 101,
                "name": "dinosaur"
            }
        ],
        "status": "available"
    },
    {
        "id": 9223372036854600252,
        "category": {
            "id": 100,
            "name": "Dinosaur"
        },
        "name": "Tyrannosaurus",
        "photoUrls": [
            "http://en.wikipedia.org/wiki/Tyrannosaurus#/media/File:Tyrannosaurus_rex_mmartyniuk.png"
        ],
        "tags": [
            {
                "id": 100,
                "name": "reptile"
            },
            {
                "id": 101,
                "name": "dinosaur"
            }
        ],
        "status": "available"
    },
    {
        "id": 9223372036854600253,
        "category": {
            "id": 100,
            "name": "Dinosaur"
        },
        "name": "Tyrannosaurus",
        "photoUrls": [
            "http://en.wikipedia.org/wiki/Tyrannosaurus#/media/File:Tyrannosaurus_rex_mmartyniuk.png"
        ],
        "tags": [
            {
                "id": 100,
                "name": "reptile"
            },
            {
                "id": 101,
                "name": "dinosaur"
            }
        ],
        "status": "available"
    },
    {
        "id": 9223372036854600255,
        "category": {
            "id": 100,
            "name": "Dinosaur"
        },
        "name": "Tyrannosaurus",
        "photoUrls": [
            "http://en.wikipedia.org/wiki/Tyrannosaurus#/media/File:Tyrannosaurus_rex_mmartyniuk.png"
        ],
        "tags": [
            {
                "id": 100,
                "name": "reptile"
            },
            {
                "id": 101,
                "name": "dinosaur"
            }
        ],
        "status": "available"
    },
    {
        "id": 9223372036854600256,
        "category": {
            "id": 100,
            "name": "Dinosaur"
        },
        "name": "Tyrannosaurus",
        "photoUrls": [
            "http://en.wikipedia.org/wiki/Tyrannosaurus#/media/File:Tyrannosaurus_rex_mmartyniuk.png"
        ],
        "tags": [
            {
                "id": 100,
                "name": "reptile"
            },
            {
                "id": 101,
                "name": "dinosaur"
            }
        ],
        "status": "available"
    },
    {
        "id": 9223372036854600257,
        "category": {
            "id": 100,
            "name": "Dinosaur"
        },
        "name": "Tyrannosaurus",
        "photoUrls": [
            "http://en.wikipedia.org/wiki/Tyrannosaurus#/media/File:Tyrannosaurus_rex_mmartyniuk.png"
        ],
        "tags": [
            {
                "id": 100,
                "name": "reptile"
            },
            {
                "id": 101,
                "name": "dinosaur"
            }
        ],
        "status": "available"
    },
    {
        "id": 9223372036854600258,
        "category": {
            "id": 100,
            "name": "Dinosaur"
        },
        "name": "Tyrannosaurus",
        "photoUrls": [
            "http://en.wikipedia.org/wiki/Tyrannosaurus#/media/File:Tyrannosaurus_rex_mmartyniuk.png"
        ],
        "tags": [
            {
                "id": 100,
                "name": "reptile"
            },
            {
                "id": 101,
                "name": "dinosaur"
            }
        ],
        "status": "available"
    },
    {
        "id": 9223372036854600259,
        "category": {
            "id": 100,
            "name": "Dinosaur"
        },
        "name": "Tyrannosaurus",
        "photoUrls": [
            "http://en.wikipedia.org/wiki/Tyrannosaurus#/media/File:Tyrannosaurus_rex_mmartyniuk.png"
        ],
        "tags": [
            {
                "id": 100,
                "name": "reptile"
            },
            {
                "id": 101,
                "name": "dinosaur"
            }
        ],
        "status": "available"
    },
    {
        "id": 9223372036854600261,
        "category": {
            "id": 100,
            "name": "Dinosaur"
        },
        "name": "Tyrannosaurus",
        "photoUrls": [
            "http://en.wikipedia.org/wiki/Tyrannosaurus#/media/File:Tyrannosaurus_rex_mmartyniuk.png"
        ],
        "tags": [
            {
                "id": 100,
                "name": "reptile"
            },
            {
                "id": 101,
                "name": "dinosaur"
            }
        ],
        "status": "available"
    },
    {
        "id": 9223372036854600262,
        "category": {
            "id": 100,
            "name": "Dinosaur"
        },
        "name": "Tyrannosaurus",
        "photoUrls": [
            "http://en.wikipedia.org/wiki/Tyrannosaurus#/media/File:Tyrannosaurus_rex_mmartyniuk.png"
        ],
        "tags": [
            {
                "id": 100,
                "name": "reptile"
            },
            {
                "id": 101,
                "name": "dinosaur"
            }
        ],
        "status": "available"
    },
    {
        "id": 9223372036854600263,
        "category": {
            "id": 100,
            "name": "Dinosaur"
        },
        "name": "Tyrannosaurus",
        "photoUrls": [
            "http://en.wikipedia.org/wiki/Tyrannosaurus#/media/File:Tyrannosaurus_rex_mmartyniuk.png"
        ],
        "tags": [
            {
                "id": 100,
                "name": "reptile"
            },
            {
                "id": 101,
                "name": "dinosaur"
            }
        ],
        "status": "available"
    },
    {
        "id": 9223372036854600265,
        "category": {
            "id": 100,
            "name": "Dinosaur"
        },
        "name": "Tyrannosaurus",
        "photoUrls": [
            "http://en.wikipedia.org/wiki/Tyrannosaurus#/media/File:Tyrannosaurus_rex_mmartyniuk.png"
        ],
        "tags": [
            {
                "id": 100,
                "name": "reptile"
            },
            {
                "id": 101,
                "name": "dinosaur"
            }
        ],
        "status": "available"
    },
    {
        "id": 9223372036854600271,
        "category": {
            "id": 100,
            "name": "Dinosaur"
        },
        "name": "Tyrannosaurus",
        "photoUrls": [
            "http://en.wikipedia.org/wiki/Tyrannosaurus#/media/File:Tyrannosaurus_rex_mmartyniuk.png"
        ],
        "tags": [
            {
                "id": 100,
                "name": "reptile"
            },
            {
                "id": 101,
                "name": "dinosaur"
            }
        ],
        "status": "available"
    },
    {
        "id": 9223372036854600273,
        "category": {
            "id": 10,
            "name": "ZAP"
        },
        "name": "ZAP",
        "photoUrls": [
            "John Doe"
        ],
        "tags": [
            {
                "id": 10,
                "name": "ZAP"
            }
        ],
        "status": "available"
    },
    {
        "id": 9223372036854600274,
        "category": {
            "id": 10,
            "name": "ZAP"
        },
        "name": "ZAP",
        "photoUrls": [
            "John Doe"
        ],
        "tags": [
            {
                "id": 10,
                "name": "ZAP"
            }
        ],
        "status": "available"
    },
    {
        "id": 9223372036854600275,
        "category": {
            "id": 10,
            "name": "ZAP"
        },
        "name": "ZAP",
        "photoUrls": [
            "John Doe"
        ],
        "tags": [
            {
                "id": 10,
                "name": "ZAP"
            }
        ],
        "status": "available"
    },
    {
        "id": 9223372036854600276,
        "category": {
            "id": 10,
            "name": "ZAP"
        },
        "name": "ZAP",
        "photoUrls": [
            "John Doe"
        ],
        "tags": [
            {
                "id": 10,
                "name": "ZAP"
            }
        ],
        "status": "available"
    },
    {
        "id": 9223372036854600277,
        "category": {
            "id": 10,
            "name": "ZAP"
        },
        "name": "ZAP",
        "photoUrls": [
            "John Doe"
        ],
        "tags": [
            {
                "id": 10,
                "name": "ZAP"
            }
        ],
        "status": "available"
    },
    {
        "id": 9223372036854600278,
        "category": {
            "id": 10,
            "name": "ZAP"
        },
        "name": "ZAP",
        "photoUrls": [
            "John Doe"
        ],
        "tags": [
            {
                "id": 10,
                "name": "ZAP"
            }
        ],
        "status": "available"
    },
    {
        "id": 9223372036854600279,
        "category": {
            "id": 0,
            "name": "string"
        },
        "name": "doggie",
        "photoUrls": [
            "string"
        ],
        "tags": [
            {
                "id": 0,
                "name": "string"
            }
        ],
        "status": "available"
    },
    {
        "id": 9223372036854600280,
        "category": {
            "id": 100,
            "name": "Dinosaur"
        },
        "name": "Tyrannosaurus",
        "photoUrls": [
            "http://en.wikipedia.org/wiki/Tyrannosaurus#/media/File:Tyrannosaurus_rex_mmartyniuk.png"
        ],
        "tags": [
            {
                "id": 100,
                "name": "reptile"
            },
            {
                "id": 101,
                "name": "dinosaur"
            }
        ],
        "status": "available"
    },
    {
        "id": 9223372036854600281,
        "category": {
            "id": 100,
            "name": "Dinosaur"
        },
        "name": "Tyrannosaurus",
        "photoUrls": [
            "http://en.wikipedia.org/wiki/Tyrannosaurus#/media/File:Tyrannosaurus_rex_mmartyniuk.png"
        ],
        "tags": [
            {
                "id": 100,
                "name": "reptile"
            },
            {
                "id": 101,
                "name": "dinosaur"
            }
        ],
        "status": "available"
    },
    {
        "id": 9223372036854600282,
        "category": {
            "id": 100,
            "name": "Dinosaur"
        },
        "name": "Tyrannosaurus",
        "photoUrls": [
            "http://en.wikipedia.org/wiki/Tyrannosaurus#/media/File:Tyrannosaurus_rex_mmartyniuk.png"
        ],
        "tags": [
            {
                "id": 100,
                "name": "reptile"
            },
            {
                "id": 101,
                "name": "dinosaur"
            }
        ],
        "status": "available"
    },
    {
        "id": 9223372036854600283,
        "category": {
            "id": 100,
            "name": "Dinosaur"
        },
        "name": "Tyrannosaurus",
        "photoUrls": [
            "http://en.wikipedia.org/wiki/Tyrannosaurus#/media/File:Tyrannosaurus_rex_mmartyniuk.png"
        ],
        "tags": [
            {
                "id": 100,
                "name": "reptile"
            },
            {
                "id": 101,
                "name": "dinosaur"
            }
        ],
        "status": "available"
    },
    {
        "id": 9223372036854600287,
        "category": {
            "id": 100,
            "name": "Dinosaur"
        },
        "name": "Tyrannosaurus",
        "photoUrls": [
            "http://en.wikipedia.org/wiki/Tyrannosaurus#/media/File:Tyrannosaurus_rex_mmartyniuk.png"
        ],
        "tags": [
            {
                "id": 100,
                "name": "reptile"
            },
            {
                "id": 101,
                "name": "dinosaur"
            }
        ],
        "status": "available"
    },
    {
        "id": 9223372036854600288,
        "category": {
            "id": 100,
            "name": "Dinosaur"
        },
        "name": "Tyrannosaurus",
        "photoUrls": [
            "http://en.wikipedia.org/wiki/Tyrannosaurus#/media/File:Tyrannosaurus_rex_mmartyniuk.png"
        ],
        "tags": [
            {
                "id": 100,
                "name": "reptile"
            },
            {
                "id": 101,
                "name": "dinosaur"
            }
        ],
        "status": "available"
    },
    {
        "id": 9223372036854600289,
        "category": {
            "id": 100,
            "name": "Dinosaur"
        },
        "name": "Tyrannosaurus",
        "photoUrls": [
            "http://en.wikipedia.org/wiki/Tyrannosaurus#/media/File:Tyrannosaurus_rex_mmartyniuk.png"
        ],
        "tags": [
            {
                "id": 100,
                "name": "reptile"
            },
            {
                "id": 101,
                "name": "dinosaur"
            }
        ],
        "status": "available"
    },
    {
        "id": 9223372036854600290,
        "category": {
            "id": 100,
            "name": "Dinosaur"
        },
        "name": "Tyrannosaurus",
        "photoUrls": [
            "http://en.wikipedia.org/wiki/Tyrannosaurus#/media/File:Tyrannosaurus_rex_mmartyniuk.png"
        ],
        "tags": [
            {
                "id": 100,
                "name": "reptile"
            },
            {
                "id": 101,
                "name": "dinosaur"
            }
        ],
        "status": "available"
    },
    {
        "id": 9223372036854600292,
        "category": {
            "id": 100,
            "name": "Dinosaur"
        },
        "name": "Tyrannosaurus",
        "photoUrls": [
            "http://en.wikipedia.org/wiki/Tyrannosaurus#/media/File:Tyrannosaurus_rex_mmartyniuk.png"
        ],
        "tags": [
            {
                "id": 100,
                "name": "reptile"
            },
            {
                "id": 101,
                "name": "dinosaur"
            }
        ],
        "status": "available"
    },
    {
        "id": 9223372036854600293,
        "category": {
            "id": 100,
            "name": "Dinosaur"
        },
        "name": "Tyrannosaurus",
        "photoUrls": [
            "http://en.wikipedia.org/wiki/Tyrannosaurus#/media/File:Tyrannosaurus_rex_mmartyniuk.png"
        ],
        "tags": [
            {
                "id": 100,
                "name": "reptile"
            },
            {
                "id": 101,
                "name": "dinosaur"
            }
        ],
        "status": "available"
    },
    {
        "id": 9223372036854600294,
        "category": {
            "id": 100,
            "name": "Dinosaur"
        },
        "name": "Tyrannosaurus",
        "photoUrls": [
            "http://en.wikipedia.org/wiki/Tyrannosaurus#/media/File:Tyrannosaurus_rex_mmartyniuk.png"
        ],
        "tags": [
            {
                "id": 100,
                "name": "reptile"
            },
            {
                "id": 101,
                "name": "dinosaur"
            }
        ],
        "status": "available"
    },
    {
        "id": 9223372036854600295,
        "category": {
            "id": 100,
            "name": "Dinosaur"
        },
        "name": "Tyrannosaurus",
        "photoUrls": [
            "http://en.wikipedia.org/wiki/Tyrannosaurus#/media/File:Tyrannosaurus_rex_mmartyniuk.png"
        ],
        "tags": [
            {
                "id": 100,
                "name": "reptile"
            },
            {
                "id": 101,
                "name": "dinosaur"
            }
        ],
        "status": "available"
    },
    {
        "id": 9223372036854600296,
        "category": {
            "id": 100,
            "name": "Dinosaur"
        },
        "name": "Tyrannosaurus",
        "photoUrls": [
            "http://en.wikipedia.org/wiki/Tyrannosaurus#/media/File:Tyrannosaurus_rex_mmartyniuk.png"
        ],
        "tags": [
            {
                "id": 100,
                "name": "reptile"
            },
            {
                "id": 101,
                "name": "dinosaur"
            }
        ],
        "status": "available"
    },
    {
        "id": 9223372036854600297,
        "category": {
            "id": 0,
            "name": "string"
        },
        "name": "fish",
        "photoUrls": [
            "string"
        ],
        "tags": [
            {
                "id": 0,
                "name": "string"
            }
        ],
        "status": "available"
    },
    {
        "id": 9223372036854600298,
        "category": {
            "id": 100,
            "name": "Dinosaur"
        },
        "name": "Tyrannosaurus",
        "photoUrls": [
            "http://en.wikipedia.org/wiki/Tyrannosaurus#/media/File:Tyrannosaurus_rex_mmartyniuk.png"
        ],
        "tags": [
            {
                "id": 100,
                "name": "reptile"
            },
            {
                "id": 101,
                "name": "dinosaur"
            }
        ],
        "status": "available"
    },
    {
        "id": 9223372036854600299,
        "category": {
            "id": 100,
            "name": "Dinosaur"
        },
        "name": "Tyrannosaurus",
        "photoUrls": [
            "http://en.wikipedia.org/wiki/Tyrannosaurus#/media/File:Tyrannosaurus_rex_mmartyniuk.png"
        ],
        "tags": [
            {
                "id": 100,
                "name": "reptile"
            },
            {
                "id": 101,
                "name": "dinosaur"
            }
        ],
        "status": "available"
    },
    {
        "id": 9223372036854600301,
        "category": {
            "id": 100,
            "name": "Dinosaur"
        },
        "name": "Tyrannosaurus",
        "photoUrls": [
            "http://en.wikipedia.org/wiki/Tyrannosaurus#/media/File:Tyrannosaurus_rex_mmartyniuk.png"
        ],
        "tags": [
            {
                "id": 100,
                "name": "reptile"
            },
            {
                "id": 101,
                "name": "dinosaur"
            }
        ],
        "status": "available"
    },
    {
        "id": 9223372036854600303,
        "category": {
            "id": 100,
            "name": "Dinosaur"
        },
        "name": "Tyrannosaurus",
        "photoUrls": [
            "http://en.wikipedia.org/wiki/Tyrannosaurus#/media/File:Tyrannosaurus_rex_mmartyniuk.png"
        ],
        "tags": [
            {
                "id": 100,
                "name": "reptile"
            },
            {
                "id": 101,
                "name": "dinosaur"
            }
        ],
        "status": "available"
    },
    {
        "id": 9223372036854600304,
        "category": {
            "id": 100,
            "name": "Dinosaur"
        },
        "name": "Tyrannosaurus",
        "photoUrls": [
            "http://en.wikipedia.org/wiki/Tyrannosaurus#/media/File:Tyrannosaurus_rex_mmartyniuk.png"
        ],
        "tags": [
            {
                "id": 100,
                "name": "reptile"
            },
            {
                "id": 101,
                "name": "dinosaur"
            }
        ],
        "status": "available"
    },
    {
        "id": 9223372036854600305,
        "category": {
            "id": 0,
            "name": "string"
        },
        "name": "doggie",
        "photoUrls": [
            "string"
        ],
        "tags": [
            {
                "id": 0,
                "name": "string"
            }
        ],
        "status": "available"
    },
    {
        "id": 9223372036854600306,
        "category": {
            "id": 100,
            "name": "Dinosaur"
        },
        "name": "Tyrannosaurus",
        "photoUrls": [
            "http://en.wikipedia.org/wiki/Tyrannosaurus#/media/File:Tyrannosaurus_rex_mmartyniuk.png"
        ],
        "tags": [
            {
                "id": 100,
                "name": "reptile"
            },
            {
                "id": 101,
                "name": "dinosaur"
            }
        ],
        "status": "available"
    },
    {
        "id": 9223372036854600307,
        "category": {
            "id": 0,
            "name": "string"
        },
        "name": "doggie",
        "photoUrls": [
            "string"
        ],
        "tags": [
            {
                "id": 0,
                "name": "string"
            }
        ],
        "status": "available"
    },
    {
        "id": 9223372036854600309,
        "category": {
            "id": 100,
            "name": "Dinosaur"
        },
        "name": "Tyrannosaurus",
        "photoUrls": [
            "http://en.wikipedia.org/wiki/Tyrannosaurus#/media/File:Tyrannosaurus_rex_mmartyniuk.png"
        ],
        "tags": [
            {
                "id": 100,
                "name": "reptile"
            },
            {
                "id": 101,
                "name": "dinosaur"
            }
        ],
        "status": "available"
    },
    {
        "id": 9223372036854600310,
        "category": {
            "id": 100,
            "name": "Dinosaur"
        },
        "name": "Tyrannosaurus",
        "photoUrls": [
            "http://en.wikipedia.org/wiki/Tyrannosaurus#/media/File:Tyrannosaurus_rex_mmartyniuk.png"
        ],
        "tags": [
            {
                "id": 100,
                "name": "reptile"
            },
            {
                "id": 101,
                "name": "dinosaur"
            }
        ],
        "status": "available"
    },
    {
        "id": 9223372036854600311,
        "category": {
            "id": 100,
            "name": "Dinosaur"
        },
        "name": "Tyrannosaurus",
        "photoUrls": [
            "http://en.wikipedia.org/wiki/Tyrannosaurus#/media/File:Tyrannosaurus_rex_mmartyniuk.png"
        ],
        "tags": [
            {
                "id": 100,
                "name": "reptile"
            },
            {
                "id": 101,
                "name": "dinosaur"
            }
        ],
        "status": "available"
    },
    {
        "id": 9223372036854600312,
        "category": {
            "id": 100,
            "name": "Dinosaur"
        },
        "name": "Tyrannosaurus",
        "photoUrls": [
            "http://en.wikipedia.org/wiki/Tyrannosaurus#/media/File:Tyrannosaurus_rex_mmartyniuk.png"
        ],
        "tags": [
            {
                "id": 100,
                "name": "reptile"
            },
            {
                "id": 101,
                "name": "dinosaur"
            }
        ],
        "status": "available"
    },
    {
        "id": 9223372036854600313,
        "category": {
            "id": 100,
            "name": "Dinosaur"
        },
        "name": "Tyrannosaurus",
        "photoUrls": [
            "http://en.wikipedia.org/wiki/Tyrannosaurus#/media/File:Tyrannosaurus_rex_mmartyniuk.png"
        ],
        "tags": [
            {
                "id": 100,
                "name": "reptile"
            },
            {
                "id": 101,
                "name": "dinosaur"
            }
        ],
        "status": "available"
    },
    {
        "id": 9223372036854600314,
        "category": {
            "id": 100,
            "name": "Dinosaur"
        },
        "name": "Tyrannosaurus",
        "photoUrls": [
            "http://en.wikipedia.org/wiki/Tyrannosaurus#/media/File:Tyrannosaurus_rex_mmartyniuk.png"
        ],
        "tags": [
            {
                "id": 100,
                "name": "reptile"
            },
            {
                "id": 101,
                "name": "dinosaur"
            }
        ],
        "status": "available"
    },
    {
        "id": 9223372036854600315,
        "category": {
            "id": 100,
            "name": "Dinosaur"
        },
        "name": "Tyrannosaurus",
        "photoUrls": [
            "http://en.wikipedia.org/wiki/Tyrannosaurus#/media/File:Tyrannosaurus_rex_mmartyniuk.png"
        ],
        "tags": [
            {
                "id": 100,
                "name": "reptile"
            },
            {
                "id": 101,
                "name": "dinosaur"
            }
        ],
        "status": "available"
    },
    {
        "id": 9223372036854600316,
        "category": {
            "id": 100,
            "name": "Dinosaur"
        },
        "name": "Tyrannosaurus",
        "photoUrls": [
            "http://en.wikipedia.org/wiki/Tyrannosaurus#/media/File:Tyrannosaurus_rex_mmartyniuk.png"
        ],
        "tags": [
            {
                "id": 100,
                "name": "reptile"
            },
            {
                "id": 101,
                "name": "dinosaur"
            }
        ],
        "status": "available"
    },
    {
        "id": 9223372036854600317,
        "category": {
            "id": 100,
            "name": "Dinosaur"
        },
        "name": "Tyrannosaurus",
        "photoUrls": [
            "http://en.wikipedia.org/wiki/Tyrannosaurus#/media/File:Tyrannosaurus_rex_mmartyniuk.png"
        ],
        "tags": [
            {
                "id": 100,
                "name": "reptile"
            },
            {
                "id": 101,
                "name": "dinosaur"
            }
        ],
        "status": "available"
    },
    {
        "id": 9223372036854600318,
        "category": {
            "id": 100,
            "name": "Dinosaur"
        },
        "name": "Tyrannosaurus",
        "photoUrls": [
            "http://en.wikipedia.org/wiki/Tyrannosaurus#/media/File:Tyrannosaurus_rex_mmartyniuk.png"
        ],
        "tags": [
            {
                "id": 100,
                "name": "reptile"
            },
            {
                "id": 101,
                "name": "dinosaur"
            }
        ],
        "status": "available"
    },
    {
        "id": 9223372036854600319,
        "category": {
            "id": 100,
            "name": "Dinosaur"
        },
        "name": "Tyrannosaurus",
        "photoUrls": [
            "http://en.wikipedia.org/wiki/Tyrannosaurus#/media/File:Tyrannosaurus_rex_mmartyniuk.png"
        ],
        "tags": [
            {
                "id": 100,
                "name": "reptile"
            },
            {
                "id": 101,
                "name": "dinosaur"
            }
        ],
        "status": "available"
    },
    {
        "id": 9223372036854600320,
        "category": {
            "id": 100,
            "name": "Dinosaur"
        },
        "name": "Tyrannosaurus",
        "photoUrls": [
            "http://en.wikipedia.org/wiki/Tyrannosaurus#/media/File:Tyrannosaurus_rex_mmartyniuk.png"
        ],
        "tags": [
            {
                "id": 100,
                "name": "reptile"
            },
            {
                "id": 101,
                "name": "dinosaur"
            }
        ],
        "status": "available"
    },
    {
        "id": 9223372036854600321,
        "category": {
            "id": 100,
            "name": "Dinosaur"
        },
        "name": "Tyrannosaurus",
        "photoUrls": [
            "http://en.wikipedia.org/wiki/Tyrannosaurus#/media/File:Tyrannosaurus_rex_mmartyniuk.png"
        ],
        "tags": [
            {
                "id": 100,
                "name": "reptile"
            },
            {
                "id": 101,
                "name": "dinosaur"
            }
        ],
        "status": "available"
    },
    {
        "id": 9223372036854600322,
        "category": {
            "id": 100,
            "name": "Dinosaur"
        },
        "name": "Tyrannosaurus",
        "photoUrls": [
            "http://en.wikipedia.org/wiki/Tyrannosaurus#/media/File:Tyrannosaurus_rex_mmartyniuk.png"
        ],
        "tags": [
            {
                "id": 100,
                "name": "reptile"
            },
            {
                "id": 101,
                "name": "dinosaur"
            }
        ],
        "status": "available"
    },
    {
        "id": 9223372036854600324,
        "category": {
            "id": 100,
            "name": "Dinosaur"
        },
        "name": "Tyrannosaurus",
        "photoUrls": [
            "http://en.wikipedia.org/wiki/Tyrannosaurus#/media/File:Tyrannosaurus_rex_mmartyniuk.png"
        ],
        "tags": [
            {
                "id": 100,
                "name": "reptile"
            },
            {
                "id": 101,
                "name": "dinosaur"
            }
        ],
        "status": "available"
    },
    {
        "id": 9223372036854600328,
        "category": {
            "id": 100,
            "name": "Dinosaur"
        },
        "name": "Tyrannosaurus",
        "photoUrls": [
            "http://en.wikipedia.org/wiki/Tyrannosaurus#/media/File:Tyrannosaurus_rex_mmartyniuk.png"
        ],
        "tags": [
            {
                "id": 100,
                "name": "reptile"
            },
            {
                "id": 101,
                "name": "dinosaur"
            }
        ],
        "status": "available"
    },
    {
        "id": 9223372036854600329,
        "category": {
            "id": 100,
            "name": "Dinosaur"
        },
        "name": "Tyrannosaurus",
        "photoUrls": [
            "http://en.wikipedia.org/wiki/Tyrannosaurus#/media/File:Tyrannosaurus_rex_mmartyniuk.png"
        ],
        "tags": [
            {
                "id": 100,
                "name": "reptile"
            },
            {
                "id": 101,
                "name": "dinosaur"
            }
        ],
        "status": "available"
    },
    {
        "id": 9223372036854600330,
        "category": {
            "id": 100,
            "name": "Dinosaur"
        },
        "name": "Tyrannosaurus",
        "photoUrls": [
            "http://en.wikipedia.org/wiki/Tyrannosaurus#/media/File:Tyrannosaurus_rex_mmartyniuk.png"
        ],
        "tags": [
            {
                "id": 100,
                "name": "reptile"
            },
            {
                "id": 101,
                "name": "dinosaur"
            }
        ],
        "status": "available"
    },
    {
        "id": 9223372036854600331,
        "category": {
            "id": 100,
            "name": "Dinosaur"
        },
        "name": "Tyrannosaurus",
        "photoUrls": [
            "http://en.wikipedia.org/wiki/Tyrannosaurus#/media/File:Tyrannosaurus_rex_mmartyniuk.png"
        ],
        "tags": [
            {
                "id": 100,
                "name": "reptile"
            },
            {
                "id": 101,
                "name": "dinosaur"
            }
        ],
        "status": "available"
    },
    {
        "id": 9223372036854600332,
        "category": {
            "id": 100,
            "name": "Dinosaur"
        },
        "name": "Tyrannosaurus",
        "photoUrls": [
            "http://en.wikipedia.org/wiki/Tyrannosaurus#/media/File:Tyrannosaurus_rex_mmartyniuk.png"
        ],
        "tags": [
            {
                "id": 100,
                "name": "reptile"
            },
            {
                "id": 101,
                "name": "dinosaur"
            }
        ],
        "status": "available"
    },
    {
        "id": 9223372036854600333,
        "category": {
            "id": 100,
            "name": "Dinosaur"
        },
        "name": "Tyrannosaurus",
        "photoUrls": [
            "http://en.wikipedia.org/wiki/Tyrannosaurus#/media/File:Tyrannosaurus_rex_mmartyniuk.png"
        ],
        "tags": [
            {
                "id": 100,
                "name": "reptile"
            },
            {
                "id": 101,
                "name": "dinosaur"
            }
        ],
        "status": "available"
    },
    {
        "id": 9223372036854600334,
        "category": {
            "id": 100,
            "name": "Dinosaur"
        },
        "name": "Tyrannosaurus",
        "photoUrls": [
            "http://en.wikipedia.org/wiki/Tyrannosaurus#/media/File:Tyrannosaurus_rex_mmartyniuk.png"
        ],
        "tags": [
            {
                "id": 100,
                "name": "reptile"
            },
            {
                "id": 101,
                "name": "dinosaur"
            }
        ],
        "status": "available"
    },
    {
        "id": 9223372036854600335,
        "category": {
            "id": 100,
            "name": "Dinosaur"
        },
        "name": "Tyrannosaurus",
        "photoUrls": [
            "http://en.wikipedia.org/wiki/Tyrannosaurus#/media/File:Tyrannosaurus_rex_mmartyniuk.png"
        ],
        "tags": [
            {
                "id": 100,
                "name": "reptile"
            },
            {
                "id": 101,
                "name": "dinosaur"
            }
        ],
        "status": "available"
    },
    {
        "id": 9223372036854600336,
        "category": {
            "id": 100,
            "name": "Dinosaur"
        },
        "name": "Tyrannosaurus",
        "photoUrls": [
            "http://en.wikipedia.org/wiki/Tyrannosaurus#/media/File:Tyrannosaurus_rex_mmartyniuk.png"
        ],
        "tags": [
            {
                "id": 100,
                "name": "reptile"
            },
            {
                "id": 101,
                "name": "dinosaur"
            }
        ],
        "status": "available"
    },
    {
        "id": 9223372036854600337,
        "category": {
            "id": 100,
            "name": "Dinosaur"
        },
        "name": "Tyrannosaurus",
        "photoUrls": [
            "http://en.wikipedia.org/wiki/Tyrannosaurus#/media/File:Tyrannosaurus_rex_mmartyniuk.png"
        ],
        "tags": [
            {
                "id": 100,
                "name": "reptile"
            },
            {
                "id": 101,
                "name": "dinosaur"
            }
        ],
        "status": "available"
    },
    {
        "id": 9223372036854600342,
        "category": {
            "id": 100,
            "name": "Dinosaur"
        },
        "name": "Tyrannosaurus",
        "photoUrls": [
            "http://en.wikipedia.org/wiki/Tyrannosaurus#/media/File:Tyrannosaurus_rex_mmartyniuk.png"
        ],
        "tags": [
            {
                "id": 100,
                "name": "reptile"
            },
            {
                "id": 101,
                "name": "dinosaur"
            }
        ],
        "status": "available"
    },
    {
        "id": 9223372036854600343,
        "category": {
            "id": 100,
            "name": "Dinosaur"
        },
        "name": "Tyrannosaurus",
        "photoUrls": [
            "http://en.wikipedia.org/wiki/Tyrannosaurus#/media/File:Tyrannosaurus_rex_mmartyniuk.png"
        ],
        "tags": [
            {
                "id": 100,
                "name": "reptile"
            },
            {
                "id": 101,
                "name": "dinosaur"
            }
        ],
        "status": "available"
    },
    {
        "id": 9223372036854600344,
        "category": {
            "id": 100,
            "name": "Dinosaur"
        },
        "name": "Tyrannosaurus",
        "photoUrls": [
            "http://en.wikipedia.org/wiki/Tyrannosaurus#/media/File:Tyrannosaurus_rex_mmartyniuk.png"
        ],
        "tags": [
            {
                "id": 100,
                "name": "reptile"
            },
            {
                "id": 101,
                "name": "dinosaur"
            }
        ],
        "status": "available"
    },
    {
        "id": 9223372036854600345,
        "category": {
            "id": 100,
            "name": "Dinosaur"
        },
        "name": "Tyrannosaurus",
        "photoUrls": [
            "http://en.wikipedia.org/wiki/Tyrannosaurus#/media/File:Tyrannosaurus_rex_mmartyniuk.png"
        ],
        "tags": [
            {
                "id": 100,
                "name": "reptile"
            },
            {
                "id": 101,
                "name": "dinosaur"
            }
        ],
        "status": "available"
    },
    {
        "id": 9223372036854600346,
        "category": {
            "id": 0,
            "name": "string"
        },
        "name": "doggie",
        "photoUrls": [
            "string"
        ],
        "tags": [
            {
                "id": 0,
                "name": "string"
            }
        ],
        "status": "available"
    },
    {
        "id": 9223372036854600347,
        "category": {
            "id": 100,
            "name": "Dinosaur"
        },
        "name": "Tyrannosaurus",
        "photoUrls": [
            "http://en.wikipedia.org/wiki/Tyrannosaurus#/media/File:Tyrannosaurus_rex_mmartyniuk.png"
        ],
        "tags": [
            {
                "id": 100,
                "name": "reptile"
            },
            {
                "id": 101,
                "name": "dinosaur"
            }
        ],
        "status": "available"
    },
    {
        "id": 9223372036854600348,
        "category": {
            "id": 0,
            "name": "string"
        },
        "name": "doggie",
        "photoUrls": [
            "string"
        ],
        "tags": [
            {
                "id": 0,
                "name": "string"
            }
        ],
        "status": "available"
    },
    {
        "id": 9223372036854600349,
        "category": {
            "id": 0,
            "name": "string"
        },
        "name": "doggie",
        "photoUrls": [
            "string"
        ],
        "tags": [
            {
                "id": 0,
                "name": "string"
            }
        ],
        "status": "available"
    },
    {
        "id": 9223372036854600350,
        "category": {
            "id": 0,
            "name": "string"
        },
        "name": "fish",
        "photoUrls": [
            "string"
        ],
        "tags": [
            {
                "id": 0,
                "name": "string"
            }
        ],
        "status": "available"
    },
    {
        "id": 9223372036854600351,
        "category": {
            "id": 0,
            "name": "string"
        },
        "name": "fish",
        "photoUrls": [
            "string"
        ],
        "tags": [
            {
                "id": 0,
                "name": "string"
            }
        ],
        "status": "available"
    },
    {
        "id": 9223372036854600352,
        "category": {
            "id": 100,
            "name": "Dinosaur"
        },
        "name": "Tyrannosaurus",
        "photoUrls": [
            "http://en.wikipedia.org/wiki/Tyrannosaurus#/media/File:Tyrannosaurus_rex_mmartyniuk.png"
        ],
        "tags": [
            {
                "id": 100,
                "name": "reptile"
            },
            {
                "id": 101,
                "name": "dinosaur"
            }
        ],
        "status": "available"
    },
    {
        "id": 9223372036854600353,
        "category": {
            "id": 100,
            "name": "Dinosaur"
        },
        "name": "Tyrannosaurus",
        "photoUrls": [
            "http://en.wikipedia.org/wiki/Tyrannosaurus#/media/File:Tyrannosaurus_rex_mmartyniuk.png"
        ],
        "tags": [
            {
                "id": 100,
                "name": "reptile"
            },
            {
                "id": 101,
                "name": "dinosaur"
            }
        ],
        "status": "available"
    },
    {
        "id": 9223372036854600354,
        "category": {
            "id": 100,
            "name": "Dinosaur"
        },
        "name": "Tyrannosaurus",
        "photoUrls": [
            "http://en.wikipedia.org/wiki/Tyrannosaurus#/media/File:Tyrannosaurus_rex_mmartyniuk.png"
        ],
        "tags": [
            {
                "id": 100,
                "name": "reptile"
            },
            {
                "id": 101,
                "name": "dinosaur"
            }
        ],
        "status": "available"
    },
    {
        "id": 9223372036854600355,
        "category": {
            "id": 100,
            "name": "Dinosaur"
        },
        "name": "Tyrannosaurus",
        "photoUrls": [
            "http://en.wikipedia.org/wiki/Tyrannosaurus#/media/File:Tyrannosaurus_rex_mmartyniuk.png"
        ],
        "tags": [
            {
                "id": 100,
                "name": "reptile"
            },
            {
                "id": 101,
                "name": "dinosaur"
            }
        ],
        "status": "available"
    },
    {
        "id": 9223372036854600356,
        "category": {
            "id": 100,
            "name": "Dinosaur"
        },
        "name": "Tyrannosaurus",
        "photoUrls": [
            "http://en.wikipedia.org/wiki/Tyrannosaurus#/media/File:Tyrannosaurus_rex_mmartyniuk.png"
        ],
        "tags": [
            {
                "id": 100,
                "name": "reptile"
            },
            {
                "id": 101,
                "name": "dinosaur"
            }
        ],
        "status": "available"
    },
    {
        "id": 9223372036854600357,
        "category": {
            "id": 0,
            "name": "string"
        },
        "name": "Puff",
        "photoUrls": [
            "string"
        ],
        "tags": [
            {
                "id": 0,
                "name": "string"
            }
        ],
        "status": "available"
    },
    {
        "id": 9223372036854600360,
        "category": {
            "id": 100,
            "name": "Dinosaur"
        },
        "name": "Tyrannosaurus",
        "photoUrls": [
            "http://en.wikipedia.org/wiki/Tyrannosaurus#/media/File:Tyrannosaurus_rex_mmartyniuk.png"
        ],
        "tags": [
            {
                "id": 100,
                "name": "reptile"
            },
            {
                "id": 101,
                "name": "dinosaur"
            }
        ],
        "status": "available"
    },
    {
        "id": 9223372036854600361,
        "category": {
            "id": 100,
            "name": "Dinosaur"
        },
        "name": "Tyrannosaurus",
        "photoUrls": [
            "http://en.wikipedia.org/wiki/Tyrannosaurus#/media/File:Tyrannosaurus_rex_mmartyniuk.png"
        ],
        "tags": [
            {
                "id": 100,
                "name": "reptile"
            },
            {
                "id": 101,
                "name": "dinosaur"
            }
        ],
        "status": "available"
    },
    {
        "id": 9223372036854600362,
        "category": {
            "id": 100,
            "name": "Dinosaur"
        },
        "name": "Tyrannosaurus",
        "photoUrls": [
            "http://en.wikipedia.org/wiki/Tyrannosaurus#/media/File:Tyrannosaurus_rex_mmartyniuk.png"
        ],
        "tags": [
            {
                "id": 100,
                "name": "reptile"
            },
            {
                "id": 101,
                "name": "dinosaur"
            }
        ],
        "status": "available"
    },
    {
        "id": 9223372036854600363,
        "category": {
            "id": 100,
            "name": "Dinosaur"
        },
        "name": "Tyrannosaurus",
        "photoUrls": [
            "http://en.wikipedia.org/wiki/Tyrannosaurus#/media/File:Tyrannosaurus_rex_mmartyniuk.png"
        ],
        "tags": [
            {
                "id": 100,
                "name": "reptile"
            },
            {
                "id": 101,
                "name": "dinosaur"
            }
        ],
        "status": "available"
    },
    {
        "id": 9223372036854600365,
        "category": {
            "id": 100,
            "name": "Dinosaur"
        },
        "name": "Tyrannosaurus",
        "photoUrls": [
            "http://en.wikipedia.org/wiki/Tyrannosaurus#/media/File:Tyrannosaurus_rex_mmartyniuk.png"
        ],
        "tags": [
            {
                "id": 100,
                "name": "reptile"
            },
            {
                "id": 101,
                "name": "dinosaur"
            }
        ],
        "status": "available"
    },
    {
        "id": 922337203685477590,
        "category": {
            "id": 2,
            "name": "dog"
        },
        "name": "doggie-yoggie",
        "photoUrls": [
            
        ],
        "tags": [
            
        ],
        "status": "available"
    },
    {
        "id": 1,
        "category": {
            "id": 1,
            "name": "cat"
        },
        "name": "dog",
        "photoUrls": [
            
        ],
        "tags": [
            
        ],
        "status": "sold"
    },
    {
        "id": 9223372036854600369,
        "category": {
            "id": 0,
            "name": "string"
        },
        "name": "doggie",
        "photoUrls": [
            "string"
        ],
        "tags": [
            {
                "id": 0,
                "name": "string"
            }
        ],
        "status": "available"
    },
    {
        "id": 9223372036854600370,
        "category": {
            "id": 0,
            "name": "string"
        },
        "name": "doggie",
        "photoUrls": [
            "string"
        ],
        "tags": [
            {
                "id": 0,
                "name": "string"
            }
        ],
        "status": "available"
    },
    {
        "id": 9223372036854600371,
        "name": "doggie",
        "photoUrls": [
            
        ],
        "tags": [
            
        ],
        "status": "available"
    },
    {
        "id": 9223372036854600372,
        "category": {
            "id": 0,
            "name": "string"
        },
        "name": "doggie",
        "photoUrls": [
            "string"
        ],
        "tags": [
            {
                "id": 0,
                "name": "string"
            }
        ],
        "status": "available"
    },
    {
        "id": 127,
        "category": {
            "id": 1,
            "name": "cats"
        },
        "name": "darling kitty",
        "photoUrls": [
            "https://www.google.com/url?sa=i&url=https%3A%2F%2Fwww.pinterest.com%2Fmarinaprima9963%2F%25D0%25BA%25D0%25B8%25D1%2582%25D0%25B8%2F&psig=AOvVaw3riFn44lDPNG-AqBbWdqG5&ust=1711975400886000&source=images&cd=vfe&opi=89978449&ved=0CBIQjRxqFwoTCJDqzMPDnoUDFQAAAAAdAAAAABAE"
        ],
        "tags": [
            {
                "id": 1,
                "name": "kittens"
            }
        ],
        "status": "available"
    },
    {
        "id": 9223372036854600373,
        "category": {
            "id": 0,
            "name": "string"
        },
        "name": "doggie",
        "photoUrls": [
            "string"
        ],
        "tags": [
            {
                "id": 0,
                "name": "string"
            }
        ],
        "status": "available"
    }
]
]]></system-out>
  </testcase>
  <testcase name="Pet_Post" classname="apiTests.PetTests" time="1.538">
    <system-out><![CDATA[Request method:	DELETE
Request URI:	https://petstore.swagger.io/v2/pet/89296
Proxy:			<none>
Request params:	<none>
Query params:	<none>
Form params:	<none>
Path params:	<none>
Headers:		Accept=*/*
				Content-Type=application/json
Cookies:		<none>
Multiparts:		<none>
Body:			<none>
HTTP/1.1 404 Not Found
Date: Mon, 01 Apr 2024 13:27:09 GMT
Content-Length: 0
Connection: keep-alive
Access-Control-Allow-Origin: *
Access-Control-Allow-Methods: GET, POST, DELETE, PUT
Access-Control-Allow-Headers: Content-Type, api_key, Authorization
Server: Jetty(9.2.9.v20150224)
Request method:	POST
Request URI:	https://petstore.swagger.io/v2/pet
Proxy:			<none>
Request params:	<none>
Query params:	<none>
Form params:	<none>
Path params:	<none>
Headers:		Accept=*/*
				Content-Type=application/json
Cookies:		<none>
Multiparts:		<none>
Body:
{
    "category": {
        "name": "Test_Pet_Details1000",
        "id": 87886.0
    },
    "name": "Test_Pet1000",
    "id": 63931,
    "status": "available",
    "tags": [
        {
            "name": "Test_Pet_Details1000",
            "id": 87886.0
        }
    ],
    "photoUrls": [
        "Test_Pet_Details1000"
    ]
}
HTTP/1.1 200 OK
Date: Mon, 01 Apr 2024 13:27:10 GMT
Content-Type: application/json
Transfer-Encoding: chunked
Connection: keep-alive
Access-Control-Allow-Origin: *
Access-Control-Allow-Methods: GET, POST, DELETE, PUT
Access-Control-Allow-Headers: Content-Type, api_key, Authorization
Server: Jetty(9.2.9.v20150224)

{
    "id": 63931,
    "category": {
        "id": 87886,
        "name": "Test_Pet_Details1000"
    },
    "name": "Test_Pet1000",
    "photoUrls": [
        "Test_Pet_Details1000"
    ],
    "tags": [
        {
            "id": 87886,
            "name": "Test_Pet_Details1000"
        }
    ],
    "status": "available"
}
{
    "id": 63931,
    "category": {
        "id": 87886,
        "name": "Test_Pet_Details1000"
    },
    "name": "Test_Pet1000",
    "photoUrls": [
        "Test_Pet_Details1000"
    ],
    "tags": [
        {
            "id": 87886,
            "name": "Test_Pet_Details1000"
        }
    ],
    "status": "available"
}
]]></system-out>
  </testcase>
  <testcase name="Pet_Post_Error" classname="apiTests.PetTests" time="1.432">
    <system-out><![CDATA[Request method:	DELETE
Request URI:	https://petstore.swagger.io/v2/pet/89296
Proxy:			<none>
Request params:	<none>
Query params:	<none>
Form params:	<none>
Path params:	<none>
Headers:		Accept=*/*
				Content-Type=application/json
Cookies:		<none>
Multiparts:		<none>
Body:			<none>
HTTP/1.1 404 Not Found
Date: Mon, 01 Apr 2024 13:27:12 GMT
Content-Length: 0
Connection: keep-alive
Access-Control-Allow-Origin: *
Access-Control-Allow-Methods: GET, POST, DELETE, PUT
Access-Control-Allow-Headers: Content-Type, api_key, Authorization
Server: Jetty(9.2.9.v20150224)
Request method:	DELETE
Request URI:	https://petstore.swagger.io/v2/pet/63931
Proxy:			<none>
Request params:	<none>
Query params:	<none>
Form params:	<none>
Path params:	<none>
Headers:		Accept=*/*
				Content-Type=application/json
Cookies:		<none>
Multiparts:		<none>
Body:			<none>
HTTP/1.1 200 OK
Date: Mon, 01 Apr 2024 13:27:13 GMT
Content-Type: application/json
Transfer-Encoding: chunked
Connection: keep-alive
Access-Control-Allow-Origin: *
Access-Control-Allow-Methods: GET, POST, DELETE, PUT
Access-Control-Allow-Headers: Content-Type, api_key, Authorization
Server: Jetty(9.2.9.v20150224)

{
    "code": 200,
    "type": "unknown",
    "message": "63931"
}
Request method:	POST
Request URI:	https://petstore.swagger.io/v2/pet
Proxy:			<none>
Request params:	<none>
Query params:	<none>
Form params:	<none>
Path params:	<none>
Headers:		Accept=*/*
				Content-Type=application/json
Cookies:		<none>
Multiparts:		<none>
Body:
HTTP/1.1 405 Method Not Allowed
Date: Mon, 01 Apr 2024 13:27:15 GMT
Content-Type: application/json
Transfer-Encoding: chunked
Connection: keep-alive
Access-Control-Allow-Origin: *
Access-Control-Allow-Methods: GET, POST, DELETE, PUT
Access-Control-Allow-Headers: Content-Type, api_key, Authorization
Server: Jetty(9.2.9.v20150224)

{
    "code": 405,
    "type": "unknown",
    "message": "no data"
}
{
    "code": 405,
    "type": "unknown",
    "message": "no data"
}
]]></system-out>
  </testcase>
  <testcase name="Pet_Post_Image" classname="apiTests.PetTests" time="4.386">
    <system-out><![CDATA[Request method:	DELETE
Request URI:	https://petstore.swagger.io/v2/pet/89296
Proxy:			<none>
Request params:	<none>
Query params:	<none>
Form params:	<none>
Path params:	<none>
Headers:		Accept=*/*
				Content-Type=application/json
Cookies:		<none>
Multiparts:		<none>
Body:			<none>
HTTP/1.1 404 Not Found
Date: Mon, 01 Apr 2024 13:27:16 GMT
Content-Length: 0
Connection: keep-alive
Access-Control-Allow-Origin: *
Access-Control-Allow-Methods: GET, POST, DELETE, PUT
Access-Control-Allow-Headers: Content-Type, api_key, Authorization
Server: Jetty(9.2.9.v20150224)
Request method:	DELETE
Request URI:	https://petstore.swagger.io/v2/pet/63931
Proxy:			<none>
Request params:	<none>
Query params:	<none>
Form params:	<none>
Path params:	<none>
Headers:		Accept=*/*
				Content-Type=application/json
Cookies:		<none>
Multiparts:		<none>
Body:			<none>
HTTP/1.1 404 Not Found
Date: Mon, 01 Apr 2024 13:27:18 GMT
Content-Length: 0
Connection: keep-alive
Access-Control-Allow-Origin: *
Access-Control-Allow-Methods: GET, POST, DELETE, PUT
Access-Control-Allow-Headers: Content-Type, api_key, Authorization
Server: Jetty(9.2.9.v20150224)
Request method:	POST
Request URI:	https://petstore.swagger.io/v2/pet
Proxy:			<none>
Request params:	<none>
Query params:	<none>
Form params:	<none>
Path params:	<none>
Headers:		Accept=*/*
				Content-Type=application/json
Cookies:		<none>
Multiparts:		<none>
Body:
{
    "category": {
        "name": "Test_Pet_Details1000",
        "id": 75115.0
    },
    "name": "Test_Pet1000",
    "id": 60111,
    "status": "available",
    "tags": [
        {
            "name": "Test_Pet_Details1000",
            "id": 75115.0
        }
    ],
    "photoUrls": [
        "Test_Pet_Details1000"
    ]
}
HTTP/1.1 200 OK
Date: Mon, 01 Apr 2024 13:27:19 GMT
Content-Type: application/json
Transfer-Encoding: chunked
Connection: keep-alive
Access-Control-Allow-Origin: *
Access-Control-Allow-Methods: GET, POST, DELETE, PUT
Access-Control-Allow-Headers: Content-Type, api_key, Authorization
Server: Jetty(9.2.9.v20150224)

{
    "id": 60111,
    "category": {
        "id": 75115,
        "name": "Test_Pet_Details1000"
    },
    "name": "Test_Pet1000",
    "photoUrls": [
        "Test_Pet_Details1000"
    ],
    "tags": [
        {
            "id": 75115,
            "name": "Test_Pet_Details1000"
        }
    ],
    "status": "available"
}
{
    "id": 60111,
    "category": {
        "id": 75115,
        "name": "Test_Pet_Details1000"
    },
    "name": "Test_Pet1000",
    "photoUrls": [
        "Test_Pet_Details1000"
    ],
    "tags": [
        {
            "id": 75115,
            "name": "Test_Pet_Details1000"
        }
    ],
    "status": "available"
}
Request method:	POST
Request URI:	https://petstore.swagger.io/v2/pet/60111/uploadImage
Proxy:			<none>
Request params:	additionalMetadata=UploadImage
Query params:	<none>
Form params:	<none>
Path params:	<none>
Headers:		Accept=*/*
				Content-Type=multipart/form-data
Cookies:		<none>
Multiparts:		------------
				Content-Disposition: form-data; name = file; filename = Dog.jpeg
				Content-Type: application/octet-stream

				C:\Harish-Automation\cbaAPIAssesment\Images\Dog.jpeg
Body:			<none>
HTTP/1.1 200 OK
Date: Mon, 01 Apr 2024 13:27:22 GMT
Content-Type: application/json
Transfer-Encoding: chunked
Connection: keep-alive
Access-Control-Allow-Origin: *
Access-Control-Allow-Methods: GET, POST, DELETE, PUT
Access-Control-Allow-Headers: Content-Type, api_key, Authorization
Server: Jetty(9.2.9.v20150224)

{
    "code": 200,
    "type": "unknown",
    "message": "additionalMetadata: UploadImage\nFile uploaded to ./Dog.jpeg, 169260 bytes"
}
{
    "code": 200,
    "type": "unknown",
    "message": "additionalMetadata: UploadImage\nFile uploaded to ./Dog.jpeg, 169260 bytes"
}
]]></system-out>
  </testcase>
  <testcase name="Pet_Post_Update" classname="apiTests.PetTests" time="4.2">
    <system-out><![CDATA[Request method:	DELETE
Request URI:	https://petstore.swagger.io/v2/pet/89296
Proxy:			<none>
Request params:	<none>
Query params:	<none>
Form params:	<none>
Path params:	<none>
Headers:		Accept=*/*
				Content-Type=application/json
Cookies:		<none>
Multiparts:		<none>
Body:			<none>
HTTP/1.1 404 Not Found
Date: Mon, 01 Apr 2024 13:27:23 GMT
Content-Length: 0
Connection: keep-alive
Access-Control-Allow-Origin: *
Access-Control-Allow-Methods: GET, POST, DELETE, PUT
Access-Control-Allow-Headers: Content-Type, api_key, Authorization
Server: Jetty(9.2.9.v20150224)
Request method:	DELETE
Request URI:	https://petstore.swagger.io/v2/pet/63931
Proxy:			<none>
Request params:	<none>
Query params:	<none>
Form params:	<none>
Path params:	<none>
Headers:		Accept=*/*
				Content-Type=application/json
Cookies:		<none>
Multiparts:		<none>
Body:			<none>
HTTP/1.1 404 Not Found
Date: Mon, 01 Apr 2024 13:27:25 GMT
Content-Length: 0
Connection: keep-alive
Access-Control-Allow-Origin: *
Access-Control-Allow-Methods: GET, POST, DELETE, PUT
Access-Control-Allow-Headers: Content-Type, api_key, Authorization
Server: Jetty(9.2.9.v20150224)
Request method:	DELETE
Request URI:	https://petstore.swagger.io/v2/pet/60111
Proxy:			<none>
Request params:	<none>
Query params:	<none>
Form params:	<none>
Path params:	<none>
Headers:		Accept=*/*
				Content-Type=application/json
Cookies:		<none>
Multiparts:		<none>
Body:			<none>
HTTP/1.1 200 OK
Date: Mon, 01 Apr 2024 13:27:26 GMT
Content-Type: application/json
Transfer-Encoding: chunked
Connection: keep-alive
Access-Control-Allow-Origin: *
Access-Control-Allow-Methods: GET, POST, DELETE, PUT
Access-Control-Allow-Headers: Content-Type, api_key, Authorization
Server: Jetty(9.2.9.v20150224)

{
    "code": 200,
    "type": "unknown",
    "message": "60111"
}
Request method:	POST
Request URI:	https://petstore.swagger.io/v2/pet
Proxy:			<none>
Request params:	<none>
Query params:	<none>
Form params:	<none>
Path params:	<none>
Headers:		Accept=*/*
				Content-Type=application/json
Cookies:		<none>
Multiparts:		<none>
Body:
{
    "category": {
        "name": "Test_Pet_Details1000",
        "id": 79144.0
    },
    "name": "Test_Pet1000",
    "id": 51183,
    "status": "available",
    "tags": [
        {
            "name": "Test_Pet_Details1000",
            "id": 79144.0
        }
    ],
    "photoUrls": [
        "Test_Pet_Details1000"
    ]
}
HTTP/1.1 200 OK
Date: Mon, 01 Apr 2024 13:27:27 GMT
Content-Type: application/json
Transfer-Encoding: chunked
Connection: keep-alive
Access-Control-Allow-Origin: *
Access-Control-Allow-Methods: GET, POST, DELETE, PUT
Access-Control-Allow-Headers: Content-Type, api_key, Authorization
Server: Jetty(9.2.9.v20150224)

{
    "id": 51183,
    "category": {
        "id": 79144,
        "name": "Test_Pet_Details1000"
    },
    "name": "Test_Pet1000",
    "photoUrls": [
        "Test_Pet_Details1000"
    ],
    "tags": [
        {
            "id": 79144,
            "name": "Test_Pet_Details1000"
        }
    ],
    "status": "available"
}
{
    "id": 51183,
    "category": {
        "id": 79144,
        "name": "Test_Pet_Details1000"
    },
    "name": "Test_Pet1000",
    "photoUrls": [
        "Test_Pet_Details1000"
    ],
    "tags": [
        {
            "id": 79144,
            "name": "Test_Pet_Details1000"
        }
    ],
    "status": "available"
}
Request method:	POST
Request URI:	https://petstore.swagger.io/v2/pet/51183
Proxy:			<none>
Request params:	<none>
Query params:	<none>
Form params:	name=UpdatedName
				status=UpdatedStatus
Path params:	<none>
Headers:		Accept=*/*
				Content-Type=application/x-www-form-urlencoded; charset=ISO-8859-1
Cookies:		<none>
Multiparts:		<none>
Body:			<none>
HTTP/1.1 200 OK
Date: Mon, 01 Apr 2024 13:27:29 GMT
Content-Type: application/json
Transfer-Encoding: chunked
Connection: keep-alive
Access-Control-Allow-Origin: *
Access-Control-Allow-Methods: GET, POST, DELETE, PUT
Access-Control-Allow-Headers: Content-Type, api_key, Authorization
Server: Jetty(9.2.9.v20150224)

{
    "code": 200,
    "type": "unknown",
    "message": "51183"
}
{
    "code": 200,
    "type": "unknown",
    "message": "51183"
}
Request method:	GET
Request URI:	https://petstore.swagger.io/v2/pet/51183
Proxy:			<none>
Request params:	<none>
Query params:	<none>
Form params:	<none>
Path params:	<none>
Headers:		Accept=*/*
				Content-Type=application/json
Cookies:		<none>
Multiparts:		<none>
Body:			<none>
HTTP/1.1 200 OK
Date: Mon, 01 Apr 2024 13:27:30 GMT
Content-Type: application/json
Transfer-Encoding: chunked
Connection: keep-alive
Access-Control-Allow-Origin: *
Access-Control-Allow-Methods: GET, POST, DELETE, PUT
Access-Control-Allow-Headers: Content-Type, api_key, Authorization
Server: Jetty(9.2.9.v20150224)

{
    "id": 51183,
    "category": {
        "id": 79144,
        "name": "Test_Pet_Details1000"
    },
    "name": "UpdatedName",
    "photoUrls": [
        "Test_Pet_Details1000"
    ],
    "tags": [
        {
            "id": 79144,
            "name": "Test_Pet_Details1000"
        }
    ],
    "status": "UpdatedStatus"
}
{
    "id": 51183,
    "category": {
        "id": 79144,
        "name": "Test_Pet_Details1000"
    },
    "name": "UpdatedName",
    "photoUrls": [
        "Test_Pet_Details1000"
    ],
    "tags": [
        {
            "id": 79144,
            "name": "Test_Pet_Details1000"
        }
    ],
    "status": "UpdatedStatus"
}
]]></system-out>
  </testcase>
  <testcase name="Pet_Put" classname="apiTests.PetTests" time="3.044">
    <system-out><![CDATA[Request method:	DELETE
Request URI:	https://petstore.swagger.io/v2/pet/89296
Proxy:			<none>
Request params:	<none>
Query params:	<none>
Form params:	<none>
Path params:	<none>
Headers:		Accept=*/*
				Content-Type=application/json
Cookies:		<none>
Multiparts:		<none>
Body:			<none>
HTTP/1.1 404 Not Found
Date: Mon, 01 Apr 2024 13:27:32 GMT
Content-Length: 0
Connection: keep-alive
Access-Control-Allow-Origin: *
Access-Control-Allow-Methods: GET, POST, DELETE, PUT
Access-Control-Allow-Headers: Content-Type, api_key, Authorization
Server: Jetty(9.2.9.v20150224)
Request method:	DELETE
Request URI:	https://petstore.swagger.io/v2/pet/63931
Proxy:			<none>
Request params:	<none>
Query params:	<none>
Form params:	<none>
Path params:	<none>
Headers:		Accept=*/*
				Content-Type=application/json
Cookies:		<none>
Multiparts:		<none>
Body:			<none>
HTTP/1.1 404 Not Found
Date: Mon, 01 Apr 2024 13:27:33 GMT
Content-Length: 0
Connection: keep-alive
Access-Control-Allow-Origin: *
Access-Control-Allow-Methods: GET, POST, DELETE, PUT
Access-Control-Allow-Headers: Content-Type, api_key, Authorization
Server: Jetty(9.2.9.v20150224)
Request method:	DELETE
Request URI:	https://petstore.swagger.io/v2/pet/60111
Proxy:			<none>
Request params:	<none>
Query params:	<none>
Form params:	<none>
Path params:	<none>
Headers:		Accept=*/*
				Content-Type=application/json
Cookies:		<none>
Multiparts:		<none>
Body:			<none>
HTTP/1.1 404 Not Found
Date: Mon, 01 Apr 2024 13:27:35 GMT
Content-Length: 0
Connection: keep-alive
Access-Control-Allow-Origin: *
Access-Control-Allow-Methods: GET, POST, DELETE, PUT
Access-Control-Allow-Headers: Content-Type, api_key, Authorization
Server: Jetty(9.2.9.v20150224)
Request method:	POST
Request URI:	https://petstore.swagger.io/v2/pet
Proxy:			<none>
Request params:	<none>
Query params:	<none>
Form params:	<none>
Path params:	<none>
Headers:		Accept=*/*
				Content-Type=application/json
Cookies:		<none>
Multiparts:		<none>
Body:
{
    "category": {
        "name": "Test_Pet_Details1000",
        "id": 54280.0
    },
    "name": "Test_Pet1000",
    "id": 84731,
    "status": "available",
    "tags": [
        {
            "name": "Test_Pet_Details1000",
            "id": 54280.0
        }
    ],
    "photoUrls": [
        "Test_Pet_Details1000"
    ]
}
HTTP/1.1 200 OK
Date: Mon, 01 Apr 2024 13:27:36 GMT
Content-Type: application/json
Transfer-Encoding: chunked
Connection: keep-alive
Access-Control-Allow-Origin: *
Access-Control-Allow-Methods: GET, POST, DELETE, PUT
Access-Control-Allow-Headers: Content-Type, api_key, Authorization
Server: Jetty(9.2.9.v20150224)

{
    "id": 84731,
    "category": {
        "id": 54280,
        "name": "Test_Pet_Details1000"
    },
    "name": "Test_Pet1000",
    "photoUrls": [
        "Test_Pet_Details1000"
    ],
    "tags": [
        {
            "id": 54280,
            "name": "Test_Pet_Details1000"
        }
    ],
    "status": "available"
}
{
    "id": 84731,
    "category": {
        "id": 54280,
        "name": "Test_Pet_Details1000"
    },
    "name": "Test_Pet1000",
    "photoUrls": [
        "Test_Pet_Details1000"
    ],
    "tags": [
        {
            "id": 54280,
            "name": "Test_Pet_Details1000"
        }
    ],
    "status": "available"
}
Request method:	PUT
Request URI:	https://petstore.swagger.io/v2/pet
Proxy:			<none>
Request params:	<none>
Query params:	<none>
Form params:	<none>
Path params:	<none>
Headers:		Accept=*/*
				Content-Type=application/json
Cookies:		<none>
Multiparts:		<none>
Body:
{
    "category": {
        "name": "Test_Pet_Details1000",
        "id": 54280.0
    },
    "name": "ChangedName",
    "id": 84731,
    "status": "available",
    "tags": [
        {
            "name": "Test_Pet_Details1000",
            "id": 54280.0
        }
    ],
    "photoUrls": [
        "Test_Pet_Details1000"
    ]
}
HTTP/1.1 200 OK
Date: Mon, 01 Apr 2024 13:27:38 GMT
Content-Type: application/json
Transfer-Encoding: chunked
Connection: keep-alive
Access-Control-Allow-Origin: *
Access-Control-Allow-Methods: GET, POST, DELETE, PUT
Access-Control-Allow-Headers: Content-Type, api_key, Authorization
Server: Jetty(9.2.9.v20150224)

{
    "id": 84731,
    "category": {
        "id": 54280,
        "name": "Test_Pet_Details1000"
    },
    "name": "ChangedName",
    "photoUrls": [
        "Test_Pet_Details1000"
    ],
    "tags": [
        {
            "id": 54280,
            "name": "Test_Pet_Details1000"
        }
    ],
    "status": "available"
}
{
    "id": 84731,
    "category": {
        "id": 54280,
        "name": "Test_Pet_Details1000"
    },
    "name": "ChangedName",
    "photoUrls": [
        "Test_Pet_Details1000"
    ],
    "tags": [
        {
            "id": 54280,
            "name": "Test_Pet_Details1000"
        }
    ],
    "status": "available"
}
]]></system-out>
  </testcase>
</testsuite>