<?xml version="1.0" encoding="UTF-8"?>
<!-- Generated by org.testng.reporters.JUnitReportReporter -->
<testsuite hostname="LAPTOP-PBC84H5H" failures="0" tests="1" name="apiModels.test" time="0.008" errors="0" timestamp="2024-03-30T12:21:13 IST" skipped="0">
  <testcase classname="apiModels.test" name="check" time="0.008"/>
  <system-out/>
</testsuite> <!-- apiModels.test -->
