<?xml version="1.0" encoding="UTF-8"?>
<!-- Generated by org.testng.reporters.JUnitReportReporter -->
<testsuite hostname="LAPTOP-PBC84H5H" failures="0" tests="1" name="apiTests.PetTests" time="6.872" errors="0" timestamp="2024-04-08T12:54:45 IST" skipped="0">
  <testcase classname="apiTests.PetTests" name="Pet_Post_Image" time="6.872"/>
  <system-out/>
</testsuite> <!-- apiTests.PetTests -->
