<?xml version="1.0" encoding="UTF-8"?>
<!-- Generated by org.testng.reporters.JUnitReportReporter -->
<testsuite hostname="LAPTOP-PBC84H5H" failures="0" tests="10" name="apiTests.PetTests" time="44.270" errors="0" timestamp="2024-04-01T14:55:25 IST" skipped="0">
  <testcase classname="apiTests.PetTests" name="Pet_Delete" time="4.340"/>
  <system-out/>
  <testcase classname="apiTests.PetTests" name="Pet_Post_Image" time="4.383"/>
  <system-out/>
  <testcase classname="apiTests.PetTests" name="Pet_Post_Error" time="2.345"/>
  <system-out/>
  <testcase classname="apiTests.PetTests" name="Pet_Delete_Error" time="3.440"/>
  <system-out/>
  <testcase classname="apiTests.PetTests" name="Pet_Get" time="2.292"/>
  <system-out/>
  <testcase classname="apiTests.PetTests" name="Pet_Post_Update" time="6.942"/>
  <system-out/>
  <testcase classname="apiTests.PetTests" name="Pet_Get_Error" time="2.336"/>
  <system-out/>
  <testcase classname="apiTests.PetTests" name="Pet_Post" time="4.604"/>
  <system-out/>
  <testcase classname="apiTests.PetTests" name="Pet_Put" time="4.614"/>
  <system-out/>
  <testcase classname="apiTests.PetTests" name="Pet_Get_Status" time="8.974"/>
  <system-out/>
</testsuite> <!-- apiTests.PetTests -->
