<?xml version="1.0" encoding="UTF-8"?>
<!-- Generated by org.testng.reporters.JUnitReportReporter -->
<testsuite hostname="LAPTOP-PBC84H5H" failures="0" tests="4" name="apiTests.PetTests" time="20.967" errors="0" timestamp="2024-04-01T15:22:00 IST" skipped="0">
  <testcase classname="apiTests.PetTests" name="Pet_Get" time="6.495"/>
  <testcase classname="apiTests.PetTests" name="Pet_Post" time="4.608"/>
  <testcase classname="apiTests.PetTests" name="Pet_Put" time="3.446"/>
  <testcase classname="apiTests.PetTests" name="Pet_Post_Image" time="6.418"/>
</testsuite> <!-- apiTests.PetTests -->
