<?xml version="1.0" encoding="UTF-8"?>
<!-- Generated by org.testng.reporters.JUnitReportReporter -->
<testsuite hostname="LAPTOP-PBC84H5H" failures="0" tests="10" name="apiTests.PetTests" time="57.923" errors="0" timestamp="2024-04-01T18:57:45 IST" skipped="0">
  <testcase classname="apiTests.PetTests" name="Pet_Delete" time="7.003"/>
  <testcase classname="apiTests.PetTests" name="Pet_Get" time="7.583"/>
  <testcase classname="apiTests.PetTests" name="Pet_Post_Image" time="8.714"/>
  <testcase classname="apiTests.PetTests" name="Pet_Post_Update" time="4.203"/>
  <testcase classname="apiTests.PetTests" name="Pet_Get_Error" time="1.360"/>
  <testcase classname="apiTests.PetTests" name="Pet_Delete_Error" time="4.579"/>
  <testcase classname="apiTests.PetTests" name="Pet_Post" time="4.312"/>
  <testcase classname="apiTests.PetTests" name="Pet_Get_Status" time="9.922"/>
  <testcase classname="apiTests.PetTests" name="Pet_Put" time="7.239"/>
  <testcase classname="apiTests.PetTests" name="Pet_Post_Error" time="3.008"/>
</testsuite> <!-- apiTests.PetTests -->
