<?xml version="1.0" encoding="UTF-8"?>
<!-- Generated by org.testng.reporters.JUnitReportReporter -->
<testsuite hostname="LAPTOP-PBC84H5H" failures="0" tests="10" name="apiTests.PetTests" time="64.361" errors="0" timestamp="2024-04-01T21:52:37 IST" skipped="0">
  <testcase classname="apiTests.PetTests" name="Pet_Get" time="4.429"/>
  <testcase classname="apiTests.PetTests" name="Pet_Post_Image" time="8.288"/>
  <testcase classname="apiTests.PetTests" name="Pet_Post_Update" time="4.530"/>
  <testcase classname="apiTests.PetTests" name="Pet_Get_Error" time="5.807"/>
  <testcase classname="apiTests.PetTests" name="Pet_Post" time="4.626"/>
  <testcase classname="apiTests.PetTests" name="Pet_Get_Status" time="15.708"/>
  <testcase classname="apiTests.PetTests" name="Pet_Delete" time="9.109"/>
  <testcase classname="apiTests.PetTests" name="Pet_Delete_Error" time="5.797"/>
  <testcase classname="apiTests.PetTests" name="Pet_Put" time="3.080"/>
  <testcase classname="apiTests.PetTests" name="Pet_Post_Error" time="2.987"/>
</testsuite> <!-- apiTests.PetTests -->
