<?xml version="1.0" encoding="UTF-8"?>
<!-- Generated by org.testng.reporters.JUnitReportReporter -->
<testsuite hostname="LAPTOP-PBC84H5H" failures="0" tests="10" name="apiTests.PetTests" time="59.161" errors="0" timestamp="2024-04-02T08:06:15 IST" skipped="0">
  <testcase classname="apiTests.PetTests" name="Pet_Put" time="7.079"/>
  <testcase classname="apiTests.PetTests" name="Pet_Delete" time="9.135"/>
  <testcase classname="apiTests.PetTests" name="Pet_Get" time="6.145"/>
  <testcase classname="apiTests.PetTests" name="Pet_Get_Error" time="2.995"/>
  <testcase classname="apiTests.PetTests" name="Pet_Delete_Error" time="1.510"/>
  <testcase classname="apiTests.PetTests" name="Pet_Get_Status" time="7.043"/>
  <testcase classname="apiTests.PetTests" name="Pet_Post_Error" time="4.249"/>
  <testcase classname="apiTests.PetTests" name="Pet_Post_Image" time="8.347"/>
  <testcase classname="apiTests.PetTests" name="Pet_Post" time="3.065"/>
  <testcase classname="apiTests.PetTests" name="Pet_Post_Update" time="9.593"/>
</testsuite> <!-- apiTests.PetTests -->
